[2025-08-20T20:18:34.955+0000] {processor.py:186} INFO - Started process (PID=107) to work on /home/airflow/.local/lib/python3.12/site-packages/airflow/example_dags/example_short_circuit_decorator.py
[2025-08-20T20:18:34.956+0000] {processor.py:914} INFO - Processing file /home/airflow/.local/lib/python3.12/site-packages/airflow/example_dags/example_short_circuit_decorator.py for tasks to queue
[2025-08-20T20:18:34.963+0000] {logging_mixin.py:190} INFO - [2025-08-20T20:18:34.962+0000] {dagbag.py:587} INFO - Filling up the DagBag from /home/airflow/.local/lib/python3.12/site-packages/airflow/example_dags/example_short_circuit_decorator.py
[2025-08-20T20:18:35.036+0000] {processor.py:925} INFO - DAG(s) 'example_short_circuit_decorator' retrieved from /home/airflow/.local/lib/python3.12/site-packages/airflow/example_dags/example_short_circuit_decorator.py
[2025-08-20T20:18:35.491+0000] {logging_mixin.py:190} INFO - [2025-08-20T20:18:35.480+0000] {override.py:1900} INFO - Created Permission View: can read on DAG:example_short_circuit_decorator
[2025-08-20T20:18:35.578+0000] {logging_mixin.py:190} INFO - [2025-08-20T20:18:35.577+0000] {override.py:1900} INFO - Created Permission View: can delete on DAG:example_short_circuit_decorator
[2025-08-20T20:18:35.607+0000] {logging_mixin.py:190} INFO - [2025-08-20T20:18:35.607+0000] {override.py:1900} INFO - Created Permission View: can edit on DAG:example_short_circuit_decorator
[2025-08-20T20:18:35.622+0000] {logging_mixin.py:190} INFO - [2025-08-20T20:18:35.622+0000] {override.py:1900} INFO - Created Permission View: can read on DAG Run:example_short_circuit_decorator
[2025-08-20T20:18:35.651+0000] {logging_mixin.py:190} INFO - [2025-08-20T20:18:35.650+0000] {override.py:1900} INFO - Created Permission View: menu access on DAG Run:example_short_circuit_decorator
[2025-08-20T20:18:35.667+0000] {logging_mixin.py:190} INFO - [2025-08-20T20:18:35.666+0000] {override.py:1900} INFO - Created Permission View: can delete on DAG Run:example_short_circuit_decorator
[2025-08-20T20:18:35.676+0000] {logging_mixin.py:190} INFO - [2025-08-20T20:18:35.675+0000] {override.py:1900} INFO - Created Permission View: can create on DAG Run:example_short_circuit_decorator
[2025-08-20T20:18:35.676+0000] {logging_mixin.py:190} INFO - [2025-08-20T20:18:35.676+0000] {dag.py:3229} INFO - Sync 1 DAGs
[2025-08-20T20:18:35.712+0000] {logging_mixin.py:190} INFO - [2025-08-20T20:18:35.712+0000] {dag.py:3252} INFO - Creating ORM DAG for example_short_circuit_decorator
[2025-08-20T20:18:35.720+0000] {logging_mixin.py:190} INFO - [2025-08-20T20:18:35.719+0000] {dag.py:4156} INFO - Setting next_dagrun for example_short_circuit_decorator to None, run_after=None
[2025-08-20T20:18:35.796+0000] {processor.py:208} INFO - Processing /home/airflow/.local/lib/python3.12/site-packages/airflow/example_dags/example_short_circuit_decorator.py took 0.860 seconds
[2025-08-20T20:19:06.003+0000] {processor.py:186} INFO - Started process (PID=169) to work on /home/airflow/.local/lib/python3.12/site-packages/airflow/example_dags/example_short_circuit_decorator.py
[2025-08-20T20:19:06.005+0000] {processor.py:914} INFO - Processing file /home/airflow/.local/lib/python3.12/site-packages/airflow/example_dags/example_short_circuit_decorator.py for tasks to queue
[2025-08-20T20:19:06.008+0000] {logging_mixin.py:190} INFO - [2025-08-20T20:19:06.008+0000] {dagbag.py:587} INFO - Filling up the DagBag from /home/airflow/.local/lib/python3.12/site-packages/airflow/example_dags/example_short_circuit_decorator.py
[2025-08-20T20:19:06.043+0000] {processor.py:925} INFO - DAG(s) 'example_short_circuit_decorator' retrieved from /home/airflow/.local/lib/python3.12/site-packages/airflow/example_dags/example_short_circuit_decorator.py
[2025-08-20T20:19:06.119+0000] {logging_mixin.py:190} INFO - [2025-08-20T20:19:06.119+0000] {dag.py:3229} INFO - Sync 1 DAGs
[2025-08-20T20:19:06.159+0000] {logging_mixin.py:190} INFO - [2025-08-20T20:19:06.159+0000] {dag.py:4156} INFO - Setting next_dagrun for example_short_circuit_decorator to None, run_after=None
[2025-08-20T20:19:06.219+0000] {processor.py:208} INFO - Processing /home/airflow/.local/lib/python3.12/site-packages/airflow/example_dags/example_short_circuit_decorator.py took 0.226 seconds
[2025-08-20T20:19:36.613+0000] {processor.py:186} INFO - Started process (PID=231) to work on /home/airflow/.local/lib/python3.12/site-packages/airflow/example_dags/example_short_circuit_decorator.py
[2025-08-20T20:19:36.615+0000] {processor.py:914} INFO - Processing file /home/airflow/.local/lib/python3.12/site-packages/airflow/example_dags/example_short_circuit_decorator.py for tasks to queue
[2025-08-20T20:19:36.617+0000] {logging_mixin.py:190} INFO - [2025-08-20T20:19:36.616+0000] {dagbag.py:587} INFO - Filling up the DagBag from /home/airflow/.local/lib/python3.12/site-packages/airflow/example_dags/example_short_circuit_decorator.py
[2025-08-20T20:19:36.627+0000] {processor.py:925} INFO - DAG(s) 'example_short_circuit_decorator' retrieved from /home/airflow/.local/lib/python3.12/site-packages/airflow/example_dags/example_short_circuit_decorator.py
[2025-08-20T20:19:36.657+0000] {logging_mixin.py:190} INFO - [2025-08-20T20:19:36.657+0000] {dag.py:3229} INFO - Sync 1 DAGs
[2025-08-20T20:19:36.667+0000] {logging_mixin.py:190} INFO - [2025-08-20T20:19:36.667+0000] {dag.py:4156} INFO - Setting next_dagrun for example_short_circuit_decorator to None, run_after=None
[2025-08-20T20:19:36.682+0000] {processor.py:208} INFO - Processing /home/airflow/.local/lib/python3.12/site-packages/airflow/example_dags/example_short_circuit_decorator.py took 0.075 seconds
[2025-08-20T20:20:08.830+0000] {processor.py:186} INFO - Started process (PID=293) to work on /home/airflow/.local/lib/python3.12/site-packages/airflow/example_dags/example_short_circuit_decorator.py
[2025-08-20T20:20:08.832+0000] {processor.py:914} INFO - Processing file /home/airflow/.local/lib/python3.12/site-packages/airflow/example_dags/example_short_circuit_decorator.py for tasks to queue
[2025-08-20T20:20:08.835+0000] {logging_mixin.py:190} INFO - [2025-08-20T20:20:08.835+0000] {dagbag.py:587} INFO - Filling up the DagBag from /home/airflow/.local/lib/python3.12/site-packages/airflow/example_dags/example_short_circuit_decorator.py
[2025-08-20T20:20:08.845+0000] {processor.py:925} INFO - DAG(s) 'example_short_circuit_decorator' retrieved from /home/airflow/.local/lib/python3.12/site-packages/airflow/example_dags/example_short_circuit_decorator.py
[2025-08-20T20:20:08.880+0000] {logging_mixin.py:190} INFO - [2025-08-20T20:20:08.880+0000] {dag.py:3229} INFO - Sync 1 DAGs
[2025-08-20T20:20:08.894+0000] {logging_mixin.py:190} INFO - [2025-08-20T20:20:08.894+0000] {dag.py:4156} INFO - Setting next_dagrun for example_short_circuit_decorator to None, run_after=None
[2025-08-20T20:20:08.909+0000] {processor.py:208} INFO - Processing /home/airflow/.local/lib/python3.12/site-packages/airflow/example_dags/example_short_circuit_decorator.py took 0.092 seconds
[2025-08-20T20:20:42.175+0000] {processor.py:186} INFO - Started process (PID=355) to work on /home/airflow/.local/lib/python3.12/site-packages/airflow/example_dags/example_short_circuit_decorator.py
[2025-08-20T20:20:42.177+0000] {processor.py:914} INFO - Processing file /home/airflow/.local/lib/python3.12/site-packages/airflow/example_dags/example_short_circuit_decorator.py for tasks to queue
[2025-08-20T20:20:42.179+0000] {logging_mixin.py:190} INFO - [2025-08-20T20:20:42.179+0000] {dagbag.py:587} INFO - Filling up the DagBag from /home/airflow/.local/lib/python3.12/site-packages/airflow/example_dags/example_short_circuit_decorator.py
[2025-08-20T20:20:42.189+0000] {processor.py:925} INFO - DAG(s) 'example_short_circuit_decorator' retrieved from /home/airflow/.local/lib/python3.12/site-packages/airflow/example_dags/example_short_circuit_decorator.py
[2025-08-20T20:20:42.217+0000] {logging_mixin.py:190} INFO - [2025-08-20T20:20:42.216+0000] {dag.py:3229} INFO - Sync 1 DAGs
[2025-08-20T20:20:42.240+0000] {logging_mixin.py:190} INFO - [2025-08-20T20:20:42.240+0000] {dag.py:4156} INFO - Setting next_dagrun for example_short_circuit_decorator to None, run_after=None
[2025-08-20T20:20:42.263+0000] {processor.py:208} INFO - Processing /home/airflow/.local/lib/python3.12/site-packages/airflow/example_dags/example_short_circuit_decorator.py took 0.092 seconds
[2025-08-20T20:21:16.401+0000] {processor.py:186} INFO - Started process (PID=417) to work on /home/airflow/.local/lib/python3.12/site-packages/airflow/example_dags/example_short_circuit_decorator.py
[2025-08-20T20:21:16.404+0000] {processor.py:914} INFO - Processing file /home/airflow/.local/lib/python3.12/site-packages/airflow/example_dags/example_short_circuit_decorator.py for tasks to queue
[2025-08-20T20:21:16.406+0000] {logging_mixin.py:190} INFO - [2025-08-20T20:21:16.405+0000] {dagbag.py:587} INFO - Filling up the DagBag from /home/airflow/.local/lib/python3.12/site-packages/airflow/example_dags/example_short_circuit_decorator.py
[2025-08-20T20:21:16.419+0000] {processor.py:925} INFO - DAG(s) 'example_short_circuit_decorator' retrieved from /home/airflow/.local/lib/python3.12/site-packages/airflow/example_dags/example_short_circuit_decorator.py
[2025-08-20T20:21:16.444+0000] {logging_mixin.py:190} INFO - [2025-08-20T20:21:16.444+0000] {dag.py:3229} INFO - Sync 1 DAGs
[2025-08-20T20:21:16.452+0000] {logging_mixin.py:190} INFO - [2025-08-20T20:21:16.452+0000] {dag.py:4156} INFO - Setting next_dagrun for example_short_circuit_decorator to None, run_after=None
[2025-08-20T20:21:16.483+0000] {processor.py:208} INFO - Processing /home/airflow/.local/lib/python3.12/site-packages/airflow/example_dags/example_short_circuit_decorator.py took 0.090 seconds
[2025-08-20T20:21:50.007+0000] {processor.py:186} INFO - Started process (PID=479) to work on /home/airflow/.local/lib/python3.12/site-packages/airflow/example_dags/example_short_circuit_decorator.py
[2025-08-20T20:21:50.011+0000] {processor.py:914} INFO - Processing file /home/airflow/.local/lib/python3.12/site-packages/airflow/example_dags/example_short_circuit_decorator.py for tasks to queue
[2025-08-20T20:21:50.041+0000] {logging_mixin.py:190} INFO - [2025-08-20T20:21:50.040+0000] {dagbag.py:587} INFO - Filling up the DagBag from /home/airflow/.local/lib/python3.12/site-packages/airflow/example_dags/example_short_circuit_decorator.py
[2025-08-20T20:21:50.063+0000] {processor.py:925} INFO - DAG(s) 'example_short_circuit_decorator' retrieved from /home/airflow/.local/lib/python3.12/site-packages/airflow/example_dags/example_short_circuit_decorator.py
[2025-08-20T20:21:50.123+0000] {logging_mixin.py:190} INFO - [2025-08-20T20:21:50.123+0000] {dag.py:3229} INFO - Sync 1 DAGs
[2025-08-20T20:21:50.186+0000] {logging_mixin.py:190} INFO - [2025-08-20T20:21:50.186+0000] {dag.py:4156} INFO - Setting next_dagrun for example_short_circuit_decorator to None, run_after=None
[2025-08-20T20:21:50.246+0000] {processor.py:208} INFO - Processing /home/airflow/.local/lib/python3.12/site-packages/airflow/example_dags/example_short_circuit_decorator.py took 0.271 seconds
[2025-08-20T20:22:22.130+0000] {processor.py:186} INFO - Started process (PID=541) to work on /home/airflow/.local/lib/python3.12/site-packages/airflow/example_dags/example_short_circuit_decorator.py
[2025-08-20T20:22:22.132+0000] {processor.py:914} INFO - Processing file /home/airflow/.local/lib/python3.12/site-packages/airflow/example_dags/example_short_circuit_decorator.py for tasks to queue
[2025-08-20T20:22:22.135+0000] {logging_mixin.py:190} INFO - [2025-08-20T20:22:22.135+0000] {dagbag.py:587} INFO - Filling up the DagBag from /home/airflow/.local/lib/python3.12/site-packages/airflow/example_dags/example_short_circuit_decorator.py
[2025-08-20T20:22:22.148+0000] {processor.py:925} INFO - DAG(s) 'example_short_circuit_decorator' retrieved from /home/airflow/.local/lib/python3.12/site-packages/airflow/example_dags/example_short_circuit_decorator.py
[2025-08-20T20:22:22.205+0000] {logging_mixin.py:190} INFO - [2025-08-20T20:22:22.204+0000] {dag.py:3229} INFO - Sync 1 DAGs
[2025-08-20T20:22:22.249+0000] {logging_mixin.py:190} INFO - [2025-08-20T20:22:22.248+0000] {dag.py:4156} INFO - Setting next_dagrun for example_short_circuit_decorator to None, run_after=None
[2025-08-20T20:22:22.287+0000] {processor.py:208} INFO - Processing /home/airflow/.local/lib/python3.12/site-packages/airflow/example_dags/example_short_circuit_decorator.py took 0.170 seconds
[2025-08-20T20:22:53.604+0000] {processor.py:186} INFO - Started process (PID=603) to work on /home/airflow/.local/lib/python3.12/site-packages/airflow/example_dags/example_short_circuit_decorator.py
[2025-08-20T20:22:53.605+0000] {processor.py:914} INFO - Processing file /home/airflow/.local/lib/python3.12/site-packages/airflow/example_dags/example_short_circuit_decorator.py for tasks to queue
[2025-08-20T20:22:53.610+0000] {logging_mixin.py:190} INFO - [2025-08-20T20:22:53.610+0000] {dagbag.py:587} INFO - Filling up the DagBag from /home/airflow/.local/lib/python3.12/site-packages/airflow/example_dags/example_short_circuit_decorator.py
[2025-08-20T20:22:53.617+0000] {processor.py:925} INFO - DAG(s) 'example_short_circuit_decorator' retrieved from /home/airflow/.local/lib/python3.12/site-packages/airflow/example_dags/example_short_circuit_decorator.py
[2025-08-20T20:22:53.670+0000] {logging_mixin.py:190} INFO - [2025-08-20T20:22:53.670+0000] {dag.py:3229} INFO - Sync 1 DAGs
[2025-08-20T20:22:53.694+0000] {logging_mixin.py:190} INFO - [2025-08-20T20:22:53.694+0000] {dag.py:4156} INFO - Setting next_dagrun for example_short_circuit_decorator to None, run_after=None
[2025-08-20T20:22:53.729+0000] {processor.py:208} INFO - Processing /home/airflow/.local/lib/python3.12/site-packages/airflow/example_dags/example_short_circuit_decorator.py took 0.129 seconds
[2025-08-20T20:23:27.767+0000] {processor.py:186} INFO - Started process (PID=664) to work on /home/airflow/.local/lib/python3.12/site-packages/airflow/example_dags/example_short_circuit_decorator.py
[2025-08-20T20:23:27.774+0000] {processor.py:914} INFO - Processing file /home/airflow/.local/lib/python3.12/site-packages/airflow/example_dags/example_short_circuit_decorator.py for tasks to queue
[2025-08-20T20:23:27.785+0000] {logging_mixin.py:190} INFO - [2025-08-20T20:23:27.783+0000] {dagbag.py:587} INFO - Filling up the DagBag from /home/airflow/.local/lib/python3.12/site-packages/airflow/example_dags/example_short_circuit_decorator.py
[2025-08-20T20:23:27.806+0000] {processor.py:925} INFO - DAG(s) 'example_short_circuit_decorator' retrieved from /home/airflow/.local/lib/python3.12/site-packages/airflow/example_dags/example_short_circuit_decorator.py
[2025-08-20T20:23:28.152+0000] {logging_mixin.py:190} INFO - [2025-08-20T20:23:28.150+0000] {dag.py:3229} INFO - Sync 1 DAGs
[2025-08-20T20:23:28.271+0000] {logging_mixin.py:190} INFO - [2025-08-20T20:23:28.271+0000] {dag.py:4156} INFO - Setting next_dagrun for example_short_circuit_decorator to None, run_after=None
[2025-08-20T20:23:28.358+0000] {processor.py:208} INFO - Processing /home/airflow/.local/lib/python3.12/site-packages/airflow/example_dags/example_short_circuit_decorator.py took 0.601 seconds
[2025-08-20T20:23:59.769+0000] {processor.py:186} INFO - Started process (PID=731) to work on /home/airflow/.local/lib/python3.12/site-packages/airflow/example_dags/example_short_circuit_decorator.py
[2025-08-20T20:23:59.770+0000] {processor.py:914} INFO - Processing file /home/airflow/.local/lib/python3.12/site-packages/airflow/example_dags/example_short_circuit_decorator.py for tasks to queue
[2025-08-20T20:23:59.771+0000] {logging_mixin.py:190} INFO - [2025-08-20T20:23:59.771+0000] {dagbag.py:587} INFO - Filling up the DagBag from /home/airflow/.local/lib/python3.12/site-packages/airflow/example_dags/example_short_circuit_decorator.py
[2025-08-20T20:23:59.777+0000] {processor.py:925} INFO - DAG(s) 'example_short_circuit_decorator' retrieved from /home/airflow/.local/lib/python3.12/site-packages/airflow/example_dags/example_short_circuit_decorator.py
[2025-08-20T20:23:59.791+0000] {logging_mixin.py:190} INFO - [2025-08-20T20:23:59.791+0000] {dag.py:3229} INFO - Sync 1 DAGs
[2025-08-20T20:23:59.798+0000] {logging_mixin.py:190} INFO - [2025-08-20T20:23:59.798+0000] {dag.py:4156} INFO - Setting next_dagrun for example_short_circuit_decorator to None, run_after=None
[2025-08-20T20:23:59.808+0000] {processor.py:208} INFO - Processing /home/airflow/.local/lib/python3.12/site-packages/airflow/example_dags/example_short_circuit_decorator.py took 0.041 seconds
[2025-08-20T20:24:30.062+0000] {processor.py:186} INFO - Started process (PID=793) to work on /home/airflow/.local/lib/python3.12/site-packages/airflow/example_dags/example_short_circuit_decorator.py
[2025-08-20T20:24:30.063+0000] {processor.py:914} INFO - Processing file /home/airflow/.local/lib/python3.12/site-packages/airflow/example_dags/example_short_circuit_decorator.py for tasks to queue
[2025-08-20T20:24:30.065+0000] {logging_mixin.py:190} INFO - [2025-08-20T20:24:30.065+0000] {dagbag.py:587} INFO - Filling up the DagBag from /home/airflow/.local/lib/python3.12/site-packages/airflow/example_dags/example_short_circuit_decorator.py
[2025-08-20T20:24:30.074+0000] {processor.py:925} INFO - DAG(s) 'example_short_circuit_decorator' retrieved from /home/airflow/.local/lib/python3.12/site-packages/airflow/example_dags/example_short_circuit_decorator.py
[2025-08-20T20:24:30.096+0000] {logging_mixin.py:190} INFO - [2025-08-20T20:24:30.095+0000] {dag.py:3229} INFO - Sync 1 DAGs
[2025-08-20T20:24:30.108+0000] {logging_mixin.py:190} INFO - [2025-08-20T20:24:30.108+0000] {dag.py:4156} INFO - Setting next_dagrun for example_short_circuit_decorator to None, run_after=None
[2025-08-20T20:24:30.126+0000] {processor.py:208} INFO - Processing /home/airflow/.local/lib/python3.12/site-packages/airflow/example_dags/example_short_circuit_decorator.py took 0.070 seconds
[2025-08-20T20:25:01.242+0000] {processor.py:186} INFO - Started process (PID=854) to work on /home/airflow/.local/lib/python3.12/site-packages/airflow/example_dags/example_short_circuit_decorator.py
[2025-08-20T20:25:01.244+0000] {processor.py:914} INFO - Processing file /home/airflow/.local/lib/python3.12/site-packages/airflow/example_dags/example_short_circuit_decorator.py for tasks to queue
[2025-08-20T20:25:01.249+0000] {logging_mixin.py:190} INFO - [2025-08-20T20:25:01.248+0000] {dagbag.py:587} INFO - Filling up the DagBag from /home/airflow/.local/lib/python3.12/site-packages/airflow/example_dags/example_short_circuit_decorator.py
[2025-08-20T20:25:01.267+0000] {processor.py:925} INFO - DAG(s) 'example_short_circuit_decorator' retrieved from /home/airflow/.local/lib/python3.12/site-packages/airflow/example_dags/example_short_circuit_decorator.py
[2025-08-20T20:25:01.307+0000] {logging_mixin.py:190} INFO - [2025-08-20T20:25:01.307+0000] {dag.py:3229} INFO - Sync 1 DAGs
[2025-08-20T20:25:01.330+0000] {logging_mixin.py:190} INFO - [2025-08-20T20:25:01.329+0000] {dag.py:4156} INFO - Setting next_dagrun for example_short_circuit_decorator to None, run_after=None
[2025-08-20T20:25:01.390+0000] {processor.py:208} INFO - Processing /home/airflow/.local/lib/python3.12/site-packages/airflow/example_dags/example_short_circuit_decorator.py took 0.160 seconds
[2025-08-20T20:25:32.000+0000] {processor.py:186} INFO - Started process (PID=916) to work on /home/airflow/.local/lib/python3.12/site-packages/airflow/example_dags/example_short_circuit_decorator.py
[2025-08-20T20:25:32.004+0000] {processor.py:914} INFO - Processing file /home/airflow/.local/lib/python3.12/site-packages/airflow/example_dags/example_short_circuit_decorator.py for tasks to queue
[2025-08-20T20:25:32.012+0000] {logging_mixin.py:190} INFO - [2025-08-20T20:25:32.011+0000] {dagbag.py:587} INFO - Filling up the DagBag from /home/airflow/.local/lib/python3.12/site-packages/airflow/example_dags/example_short_circuit_decorator.py
[2025-08-20T20:25:32.028+0000] {processor.py:925} INFO - DAG(s) 'example_short_circuit_decorator' retrieved from /home/airflow/.local/lib/python3.12/site-packages/airflow/example_dags/example_short_circuit_decorator.py
[2025-08-20T20:25:32.073+0000] {logging_mixin.py:190} INFO - [2025-08-20T20:25:32.073+0000] {dag.py:3229} INFO - Sync 1 DAGs
[2025-08-20T20:25:32.092+0000] {logging_mixin.py:190} INFO - [2025-08-20T20:25:32.092+0000] {dag.py:4156} INFO - Setting next_dagrun for example_short_circuit_decorator to None, run_after=None
[2025-08-20T20:25:32.124+0000] {processor.py:208} INFO - Processing /home/airflow/.local/lib/python3.12/site-packages/airflow/example_dags/example_short_circuit_decorator.py took 0.133 seconds
[2025-08-20T20:26:03.052+0000] {processor.py:186} INFO - Started process (PID=978) to work on /home/airflow/.local/lib/python3.12/site-packages/airflow/example_dags/example_short_circuit_decorator.py
[2025-08-20T20:26:03.054+0000] {processor.py:914} INFO - Processing file /home/airflow/.local/lib/python3.12/site-packages/airflow/example_dags/example_short_circuit_decorator.py for tasks to queue
[2025-08-20T20:26:03.057+0000] {logging_mixin.py:190} INFO - [2025-08-20T20:26:03.056+0000] {dagbag.py:587} INFO - Filling up the DagBag from /home/airflow/.local/lib/python3.12/site-packages/airflow/example_dags/example_short_circuit_decorator.py
[2025-08-20T20:26:03.066+0000] {processor.py:925} INFO - DAG(s) 'example_short_circuit_decorator' retrieved from /home/airflow/.local/lib/python3.12/site-packages/airflow/example_dags/example_short_circuit_decorator.py
[2025-08-20T20:26:03.092+0000] {logging_mixin.py:190} INFO - [2025-08-20T20:26:03.091+0000] {dag.py:3229} INFO - Sync 1 DAGs
[2025-08-20T20:26:03.102+0000] {logging_mixin.py:190} INFO - [2025-08-20T20:26:03.102+0000] {dag.py:4156} INFO - Setting next_dagrun for example_short_circuit_decorator to None, run_after=None
[2025-08-20T20:26:03.120+0000] {processor.py:208} INFO - Processing /home/airflow/.local/lib/python3.12/site-packages/airflow/example_dags/example_short_circuit_decorator.py took 0.082 seconds
[2025-08-20T20:26:33.910+0000] {processor.py:186} INFO - Started process (PID=1040) to work on /home/airflow/.local/lib/python3.12/site-packages/airflow/example_dags/example_short_circuit_decorator.py
[2025-08-20T20:26:33.911+0000] {processor.py:914} INFO - Processing file /home/airflow/.local/lib/python3.12/site-packages/airflow/example_dags/example_short_circuit_decorator.py for tasks to queue
[2025-08-20T20:26:33.913+0000] {logging_mixin.py:190} INFO - [2025-08-20T20:26:33.913+0000] {dagbag.py:587} INFO - Filling up the DagBag from /home/airflow/.local/lib/python3.12/site-packages/airflow/example_dags/example_short_circuit_decorator.py
[2025-08-20T20:26:33.920+0000] {processor.py:925} INFO - DAG(s) 'example_short_circuit_decorator' retrieved from /home/airflow/.local/lib/python3.12/site-packages/airflow/example_dags/example_short_circuit_decorator.py
[2025-08-20T20:26:33.946+0000] {logging_mixin.py:190} INFO - [2025-08-20T20:26:33.946+0000] {dag.py:3229} INFO - Sync 1 DAGs
[2025-08-20T20:26:33.960+0000] {logging_mixin.py:190} INFO - [2025-08-20T20:26:33.960+0000] {dag.py:4156} INFO - Setting next_dagrun for example_short_circuit_decorator to None, run_after=None
[2025-08-20T20:26:33.975+0000] {processor.py:208} INFO - Processing /home/airflow/.local/lib/python3.12/site-packages/airflow/example_dags/example_short_circuit_decorator.py took 0.069 seconds
