[2025-08-20T20:18:21.849+0000] {processor.py:186} INFO - Started process (PID=83) to work on /home/airflow/.local/lib/python3.12/site-packages/airflow/example_dags/example_inlet_event_extra.py
[2025-08-20T20:18:21.851+0000] {processor.py:914} INFO - Processing file /home/airflow/.local/lib/python3.12/site-packages/airflow/example_dags/example_inlet_event_extra.py for tasks to queue
[2025-08-20T20:18:21.858+0000] {logging_mixin.py:190} INFO - [2025-08-20T20:18:21.858+0000] {dagbag.py:587} INFO - Filling up the DagBag from /home/airflow/.local/lib/python3.12/site-packages/airflow/example_dags/example_inlet_event_extra.py
[2025-08-20T20:18:22.274+0000] {processor.py:925} INFO - DAG(s) 'read_dataset_event_from_classic', 'read_dataset_event' retrieved from /home/airflow/.local/lib/python3.12/site-packages/airflow/example_dags/example_inlet_event_extra.py
[2025-08-20T20:18:22.638+0000] {logging_mixin.py:190} INFO - [2025-08-20T20:18:22.632+0000] {override.py:1900} INFO - Created Permission View: can read on DAG:read_dataset_event_from_classic
[2025-08-20T20:18:22.654+0000] {logging_mixin.py:190} INFO - [2025-08-20T20:18:22.654+0000] {override.py:1900} INFO - Created Permission View: can delete on DAG:read_dataset_event_from_classic
[2025-08-20T20:18:22.665+0000] {logging_mixin.py:190} INFO - [2025-08-20T20:18:22.664+0000] {override.py:1900} INFO - Created Permission View: can edit on DAG:read_dataset_event_from_classic
[2025-08-20T20:18:22.675+0000] {logging_mixin.py:190} INFO - [2025-08-20T20:18:22.674+0000] {override.py:1900} INFO - Created Permission View: can read on DAG Run:read_dataset_event_from_classic
[2025-08-20T20:18:22.680+0000] {logging_mixin.py:190} INFO - [2025-08-20T20:18:22.680+0000] {override.py:1900} INFO - Created Permission View: menu access on DAG Run:read_dataset_event_from_classic
[2025-08-20T20:18:22.687+0000] {logging_mixin.py:190} INFO - [2025-08-20T20:18:22.686+0000] {override.py:1900} INFO - Created Permission View: can delete on DAG Run:read_dataset_event_from_classic
[2025-08-20T20:18:22.691+0000] {logging_mixin.py:190} INFO - [2025-08-20T20:18:22.691+0000] {override.py:1900} INFO - Created Permission View: can create on DAG Run:read_dataset_event_from_classic
[2025-08-20T20:18:22.713+0000] {logging_mixin.py:190} INFO - [2025-08-20T20:18:22.713+0000] {override.py:1900} INFO - Created Permission View: can read on DAG:read_dataset_event
[2025-08-20T20:18:22.722+0000] {logging_mixin.py:190} INFO - [2025-08-20T20:18:22.721+0000] {override.py:1900} INFO - Created Permission View: can delete on DAG:read_dataset_event
[2025-08-20T20:18:22.728+0000] {logging_mixin.py:190} INFO - [2025-08-20T20:18:22.728+0000] {override.py:1900} INFO - Created Permission View: can edit on DAG:read_dataset_event
[2025-08-20T20:18:22.739+0000] {logging_mixin.py:190} INFO - [2025-08-20T20:18:22.738+0000] {override.py:1900} INFO - Created Permission View: can read on DAG Run:read_dataset_event
[2025-08-20T20:18:22.752+0000] {logging_mixin.py:190} INFO - [2025-08-20T20:18:22.751+0000] {override.py:1900} INFO - Created Permission View: menu access on DAG Run:read_dataset_event
[2025-08-20T20:18:22.758+0000] {logging_mixin.py:190} INFO - [2025-08-20T20:18:22.757+0000] {override.py:1900} INFO - Created Permission View: can delete on DAG Run:read_dataset_event
[2025-08-20T20:18:22.764+0000] {logging_mixin.py:190} INFO - [2025-08-20T20:18:22.763+0000] {override.py:1900} INFO - Created Permission View: can create on DAG Run:read_dataset_event
[2025-08-20T20:18:22.765+0000] {logging_mixin.py:190} INFO - [2025-08-20T20:18:22.765+0000] {dag.py:3229} INFO - Sync 2 DAGs
[2025-08-20T20:18:22.818+0000] {logging_mixin.py:190} INFO - [2025-08-20T20:18:22.818+0000] {dag.py:3252} INFO - Creating ORM DAG for read_dataset_event
[2025-08-20T20:18:22.819+0000] {logging_mixin.py:190} INFO - [2025-08-20T20:18:22.819+0000] {dag.py:3252} INFO - Creating ORM DAG for read_dataset_event_from_classic
[2025-08-20T20:18:22.864+0000] {logging_mixin.py:190} INFO - [2025-08-20T20:18:22.861+0000] {dag.py:4156} INFO - Setting next_dagrun for read_dataset_event to 2025-08-19 00:00:00+00:00, run_after=2025-08-20 00:00:00+00:00
[2025-08-20T20:18:22.868+0000] {logging_mixin.py:190} INFO - [2025-08-20T20:18:22.868+0000] {dag.py:4156} INFO - Setting next_dagrun for read_dataset_event_from_classic to 2025-08-19 00:00:00+00:00, run_after=2025-08-20 00:00:00+00:00
[2025-08-20T20:18:22.918+0000] {processor.py:208} INFO - Processing /home/airflow/.local/lib/python3.12/site-packages/airflow/example_dags/example_inlet_event_extra.py took 1.080 seconds
[2025-08-20T20:18:53.960+0000] {processor.py:186} INFO - Started process (PID=145) to work on /home/airflow/.local/lib/python3.12/site-packages/airflow/example_dags/example_inlet_event_extra.py
[2025-08-20T20:18:53.972+0000] {processor.py:914} INFO - Processing file /home/airflow/.local/lib/python3.12/site-packages/airflow/example_dags/example_inlet_event_extra.py for tasks to queue
[2025-08-20T20:18:53.999+0000] {logging_mixin.py:190} INFO - [2025-08-20T20:18:53.998+0000] {dagbag.py:587} INFO - Filling up the DagBag from /home/airflow/.local/lib/python3.12/site-packages/airflow/example_dags/example_inlet_event_extra.py
[2025-08-20T20:18:54.681+0000] {processor.py:925} INFO - DAG(s) 'read_dataset_event_from_classic', 'read_dataset_event' retrieved from /home/airflow/.local/lib/python3.12/site-packages/airflow/example_dags/example_inlet_event_extra.py
[2025-08-20T20:18:54.745+0000] {logging_mixin.py:190} INFO - [2025-08-20T20:18:54.745+0000] {dag.py:3229} INFO - Sync 2 DAGs
[2025-08-20T20:18:54.783+0000] {logging_mixin.py:190} INFO - [2025-08-20T20:18:54.782+0000] {dag.py:4156} INFO - Setting next_dagrun for read_dataset_event to 2025-08-19 00:00:00+00:00, run_after=2025-08-20 00:00:00+00:00
[2025-08-20T20:18:54.792+0000] {logging_mixin.py:190} INFO - [2025-08-20T20:18:54.792+0000] {dag.py:4156} INFO - Setting next_dagrun for read_dataset_event_from_classic to 2025-08-19 00:00:00+00:00, run_after=2025-08-20 00:00:00+00:00
[2025-08-20T20:18:54.808+0000] {processor.py:208} INFO - Processing /home/airflow/.local/lib/python3.12/site-packages/airflow/example_dags/example_inlet_event_extra.py took 0.895 seconds
[2025-08-20T20:19:25.120+0000] {processor.py:186} INFO - Started process (PID=207) to work on /home/airflow/.local/lib/python3.12/site-packages/airflow/example_dags/example_inlet_event_extra.py
[2025-08-20T20:19:25.122+0000] {processor.py:914} INFO - Processing file /home/airflow/.local/lib/python3.12/site-packages/airflow/example_dags/example_inlet_event_extra.py for tasks to queue
[2025-08-20T20:19:25.125+0000] {logging_mixin.py:190} INFO - [2025-08-20T20:19:25.125+0000] {dagbag.py:587} INFO - Filling up the DagBag from /home/airflow/.local/lib/python3.12/site-packages/airflow/example_dags/example_inlet_event_extra.py
[2025-08-20T20:19:25.422+0000] {processor.py:925} INFO - DAG(s) 'read_dataset_event', 'read_dataset_event_from_classic' retrieved from /home/airflow/.local/lib/python3.12/site-packages/airflow/example_dags/example_inlet_event_extra.py
[2025-08-20T20:19:25.711+0000] {logging_mixin.py:190} INFO - [2025-08-20T20:19:25.710+0000] {dag.py:3229} INFO - Sync 2 DAGs
[2025-08-20T20:19:26.048+0000] {logging_mixin.py:190} INFO - [2025-08-20T20:19:26.046+0000] {dag.py:4156} INFO - Setting next_dagrun for read_dataset_event to 2025-08-19 00:00:00+00:00, run_after=2025-08-20 00:00:00+00:00
[2025-08-20T20:19:26.072+0000] {logging_mixin.py:190} INFO - [2025-08-20T20:19:26.072+0000] {dag.py:4156} INFO - Setting next_dagrun for read_dataset_event_from_classic to 2025-08-19 00:00:00+00:00, run_after=2025-08-20 00:00:00+00:00
[2025-08-20T20:19:26.204+0000] {processor.py:208} INFO - Processing /home/airflow/.local/lib/python3.12/site-packages/airflow/example_dags/example_inlet_event_extra.py took 1.089 seconds
[2025-08-20T20:19:57.750+0000] {processor.py:186} INFO - Started process (PID=269) to work on /home/airflow/.local/lib/python3.12/site-packages/airflow/example_dags/example_inlet_event_extra.py
[2025-08-20T20:19:57.758+0000] {processor.py:914} INFO - Processing file /home/airflow/.local/lib/python3.12/site-packages/airflow/example_dags/example_inlet_event_extra.py for tasks to queue
[2025-08-20T20:19:57.763+0000] {logging_mixin.py:190} INFO - [2025-08-20T20:19:57.762+0000] {dagbag.py:587} INFO - Filling up the DagBag from /home/airflow/.local/lib/python3.12/site-packages/airflow/example_dags/example_inlet_event_extra.py
[2025-08-20T20:19:59.026+0000] {processor.py:925} INFO - DAG(s) 'read_dataset_event_from_classic', 'read_dataset_event' retrieved from /home/airflow/.local/lib/python3.12/site-packages/airflow/example_dags/example_inlet_event_extra.py
[2025-08-20T20:19:59.083+0000] {logging_mixin.py:190} INFO - [2025-08-20T20:19:59.083+0000] {dag.py:3229} INFO - Sync 2 DAGs
[2025-08-20T20:19:59.125+0000] {logging_mixin.py:190} INFO - [2025-08-20T20:19:59.124+0000] {dag.py:4156} INFO - Setting next_dagrun for read_dataset_event to 2025-08-19 00:00:00+00:00, run_after=2025-08-20 00:00:00+00:00
[2025-08-20T20:19:59.133+0000] {logging_mixin.py:190} INFO - [2025-08-20T20:19:59.133+0000] {dag.py:4156} INFO - Setting next_dagrun for read_dataset_event_from_classic to 2025-08-19 00:00:00+00:00, run_after=2025-08-20 00:00:00+00:00
[2025-08-20T20:19:59.157+0000] {processor.py:208} INFO - Processing /home/airflow/.local/lib/python3.12/site-packages/airflow/example_dags/example_inlet_event_extra.py took 1.417 seconds
[2025-08-20T20:20:30.099+0000] {processor.py:186} INFO - Started process (PID=331) to work on /home/airflow/.local/lib/python3.12/site-packages/airflow/example_dags/example_inlet_event_extra.py
[2025-08-20T20:20:30.104+0000] {processor.py:914} INFO - Processing file /home/airflow/.local/lib/python3.12/site-packages/airflow/example_dags/example_inlet_event_extra.py for tasks to queue
[2025-08-20T20:20:30.127+0000] {logging_mixin.py:190} INFO - [2025-08-20T20:20:30.120+0000] {dagbag.py:587} INFO - Filling up the DagBag from /home/airflow/.local/lib/python3.12/site-packages/airflow/example_dags/example_inlet_event_extra.py
[2025-08-20T20:20:32.175+0000] {processor.py:925} INFO - DAG(s) 'read_dataset_event', 'read_dataset_event_from_classic' retrieved from /home/airflow/.local/lib/python3.12/site-packages/airflow/example_dags/example_inlet_event_extra.py
[2025-08-20T20:20:33.810+0000] {logging_mixin.py:190} INFO - [2025-08-20T20:20:33.804+0000] {dag.py:3229} INFO - Sync 2 DAGs
[2025-08-20T20:20:34.264+0000] {logging_mixin.py:190} INFO - [2025-08-20T20:20:34.264+0000] {dag.py:4156} INFO - Setting next_dagrun for read_dataset_event to 2025-08-19 00:00:00+00:00, run_after=2025-08-20 00:00:00+00:00
[2025-08-20T20:20:34.277+0000] {logging_mixin.py:190} INFO - [2025-08-20T20:20:34.277+0000] {dag.py:4156} INFO - Setting next_dagrun for read_dataset_event_from_classic to 2025-08-19 00:00:00+00:00, run_after=2025-08-20 00:00:00+00:00
[2025-08-20T20:20:34.464+0000] {processor.py:208} INFO - Processing /home/airflow/.local/lib/python3.12/site-packages/airflow/example_dags/example_inlet_event_extra.py took 4.411 seconds
[2025-08-20T20:21:05.801+0000] {processor.py:186} INFO - Started process (PID=399) to work on /home/airflow/.local/lib/python3.12/site-packages/airflow/example_dags/example_inlet_event_extra.py
[2025-08-20T20:21:05.839+0000] {processor.py:914} INFO - Processing file /home/airflow/.local/lib/python3.12/site-packages/airflow/example_dags/example_inlet_event_extra.py for tasks to queue
[2025-08-20T20:21:05.916+0000] {logging_mixin.py:190} INFO - [2025-08-20T20:21:05.909+0000] {dagbag.py:587} INFO - Filling up the DagBag from /home/airflow/.local/lib/python3.12/site-packages/airflow/example_dags/example_inlet_event_extra.py
[2025-08-20T20:21:06.598+0000] {processor.py:925} INFO - DAG(s) 'read_dataset_event', 'read_dataset_event_from_classic' retrieved from /home/airflow/.local/lib/python3.12/site-packages/airflow/example_dags/example_inlet_event_extra.py
[2025-08-20T20:21:06.709+0000] {logging_mixin.py:190} INFO - [2025-08-20T20:21:06.709+0000] {dag.py:3229} INFO - Sync 2 DAGs
[2025-08-20T20:21:06.765+0000] {logging_mixin.py:190} INFO - [2025-08-20T20:21:06.764+0000] {dag.py:4156} INFO - Setting next_dagrun for read_dataset_event to 2025-08-19 00:00:00+00:00, run_after=2025-08-20 00:00:00+00:00
[2025-08-20T20:21:06.777+0000] {logging_mixin.py:190} INFO - [2025-08-20T20:21:06.777+0000] {dag.py:4156} INFO - Setting next_dagrun for read_dataset_event_from_classic to 2025-08-19 00:00:00+00:00, run_after=2025-08-20 00:00:00+00:00
[2025-08-20T20:21:06.832+0000] {processor.py:208} INFO - Processing /home/airflow/.local/lib/python3.12/site-packages/airflow/example_dags/example_inlet_event_extra.py took 1.216 seconds
[2025-08-20T20:21:37.192+0000] {processor.py:186} INFO - Started process (PID=461) to work on /home/airflow/.local/lib/python3.12/site-packages/airflow/example_dags/example_inlet_event_extra.py
[2025-08-20T20:21:37.202+0000] {processor.py:914} INFO - Processing file /home/airflow/.local/lib/python3.12/site-packages/airflow/example_dags/example_inlet_event_extra.py for tasks to queue
[2025-08-20T20:21:37.214+0000] {logging_mixin.py:190} INFO - [2025-08-20T20:21:37.213+0000] {dagbag.py:587} INFO - Filling up the DagBag from /home/airflow/.local/lib/python3.12/site-packages/airflow/example_dags/example_inlet_event_extra.py
[2025-08-20T20:21:38.544+0000] {processor.py:925} INFO - DAG(s) 'read_dataset_event', 'read_dataset_event_from_classic' retrieved from /home/airflow/.local/lib/python3.12/site-packages/airflow/example_dags/example_inlet_event_extra.py
[2025-08-20T20:21:38.858+0000] {logging_mixin.py:190} INFO - [2025-08-20T20:21:38.853+0000] {dag.py:3229} INFO - Sync 2 DAGs
[2025-08-20T20:21:39.090+0000] {logging_mixin.py:190} INFO - [2025-08-20T20:21:39.090+0000] {dag.py:4156} INFO - Setting next_dagrun for read_dataset_event to 2025-08-19 00:00:00+00:00, run_after=2025-08-20 00:00:00+00:00
[2025-08-20T20:21:39.100+0000] {logging_mixin.py:190} INFO - [2025-08-20T20:21:39.100+0000] {dag.py:4156} INFO - Setting next_dagrun for read_dataset_event_from_classic to 2025-08-19 00:00:00+00:00, run_after=2025-08-20 00:00:00+00:00
[2025-08-20T20:21:39.145+0000] {processor.py:208} INFO - Processing /home/airflow/.local/lib/python3.12/site-packages/airflow/example_dags/example_inlet_event_extra.py took 1.968 seconds
[2025-08-20T20:22:09.903+0000] {processor.py:186} INFO - Started process (PID=523) to work on /home/airflow/.local/lib/python3.12/site-packages/airflow/example_dags/example_inlet_event_extra.py
[2025-08-20T20:22:09.914+0000] {processor.py:914} INFO - Processing file /home/airflow/.local/lib/python3.12/site-packages/airflow/example_dags/example_inlet_event_extra.py for tasks to queue
[2025-08-20T20:22:09.924+0000] {logging_mixin.py:190} INFO - [2025-08-20T20:22:09.924+0000] {dagbag.py:587} INFO - Filling up the DagBag from /home/airflow/.local/lib/python3.12/site-packages/airflow/example_dags/example_inlet_event_extra.py
[2025-08-20T20:22:11.753+0000] {processor.py:925} INFO - DAG(s) 'read_dataset_event', 'read_dataset_event_from_classic' retrieved from /home/airflow/.local/lib/python3.12/site-packages/airflow/example_dags/example_inlet_event_extra.py
[2025-08-20T20:22:12.078+0000] {logging_mixin.py:190} INFO - [2025-08-20T20:22:12.074+0000] {dag.py:3229} INFO - Sync 2 DAGs
[2025-08-20T20:22:12.232+0000] {logging_mixin.py:190} INFO - [2025-08-20T20:22:12.232+0000] {dag.py:4156} INFO - Setting next_dagrun for read_dataset_event to 2025-08-19 00:00:00+00:00, run_after=2025-08-20 00:00:00+00:00
[2025-08-20T20:22:12.241+0000] {logging_mixin.py:190} INFO - [2025-08-20T20:22:12.241+0000] {dag.py:4156} INFO - Setting next_dagrun for read_dataset_event_from_classic to 2025-08-19 00:00:00+00:00, run_after=2025-08-20 00:00:00+00:00
[2025-08-20T20:22:12.304+0000] {processor.py:208} INFO - Processing /home/airflow/.local/lib/python3.12/site-packages/airflow/example_dags/example_inlet_event_extra.py took 2.450 seconds
[2025-08-20T20:22:44.115+0000] {processor.py:186} INFO - Started process (PID=585) to work on /home/airflow/.local/lib/python3.12/site-packages/airflow/example_dags/example_inlet_event_extra.py
[2025-08-20T20:22:44.169+0000] {processor.py:914} INFO - Processing file /home/airflow/.local/lib/python3.12/site-packages/airflow/example_dags/example_inlet_event_extra.py for tasks to queue
[2025-08-20T20:22:44.313+0000] {logging_mixin.py:190} INFO - [2025-08-20T20:22:44.293+0000] {dagbag.py:587} INFO - Filling up the DagBag from /home/airflow/.local/lib/python3.12/site-packages/airflow/example_dags/example_inlet_event_extra.py
[2025-08-20T20:22:45.962+0000] {processor.py:925} INFO - DAG(s) 'read_dataset_event_from_classic', 'read_dataset_event' retrieved from /home/airflow/.local/lib/python3.12/site-packages/airflow/example_dags/example_inlet_event_extra.py
[2025-08-20T20:22:46.306+0000] {logging_mixin.py:190} INFO - [2025-08-20T20:22:46.302+0000] {dag.py:3229} INFO - Sync 2 DAGs
[2025-08-20T20:22:46.430+0000] {logging_mixin.py:190} INFO - [2025-08-20T20:22:46.430+0000] {dag.py:4156} INFO - Setting next_dagrun for read_dataset_event to 2025-08-19 00:00:00+00:00, run_after=2025-08-20 00:00:00+00:00
[2025-08-20T20:22:46.437+0000] {logging_mixin.py:190} INFO - [2025-08-20T20:22:46.437+0000] {dag.py:4156} INFO - Setting next_dagrun for read_dataset_event_from_classic to 2025-08-19 00:00:00+00:00, run_after=2025-08-20 00:00:00+00:00
[2025-08-20T20:22:46.480+0000] {processor.py:208} INFO - Processing /home/airflow/.local/lib/python3.12/site-packages/airflow/example_dags/example_inlet_event_extra.py took 2.715 seconds
[2025-08-20T20:23:17.290+0000] {processor.py:186} INFO - Started process (PID=647) to work on /home/airflow/.local/lib/python3.12/site-packages/airflow/example_dags/example_inlet_event_extra.py
[2025-08-20T20:23:17.293+0000] {processor.py:914} INFO - Processing file /home/airflow/.local/lib/python3.12/site-packages/airflow/example_dags/example_inlet_event_extra.py for tasks to queue
[2025-08-20T20:23:17.314+0000] {logging_mixin.py:190} INFO - [2025-08-20T20:23:17.312+0000] {dagbag.py:587} INFO - Filling up the DagBag from /home/airflow/.local/lib/python3.12/site-packages/airflow/example_dags/example_inlet_event_extra.py
[2025-08-20T20:23:18.158+0000] {processor.py:925} INFO - DAG(s) 'read_dataset_event_from_classic', 'read_dataset_event' retrieved from /home/airflow/.local/lib/python3.12/site-packages/airflow/example_dags/example_inlet_event_extra.py
[2025-08-20T20:23:18.484+0000] {logging_mixin.py:190} INFO - [2025-08-20T20:23:18.477+0000] {dag.py:3229} INFO - Sync 2 DAGs
[2025-08-20T20:23:18.760+0000] {logging_mixin.py:190} INFO - [2025-08-20T20:23:18.759+0000] {dag.py:4156} INFO - Setting next_dagrun for read_dataset_event to 2025-08-19 00:00:00+00:00, run_after=2025-08-20 00:00:00+00:00
[2025-08-20T20:23:18.772+0000] {logging_mixin.py:190} INFO - [2025-08-20T20:23:18.771+0000] {dag.py:4156} INFO - Setting next_dagrun for read_dataset_event_from_classic to 2025-08-19 00:00:00+00:00, run_after=2025-08-20 00:00:00+00:00
[2025-08-20T20:23:18.841+0000] {processor.py:208} INFO - Processing /home/airflow/.local/lib/python3.12/site-packages/airflow/example_dags/example_inlet_event_extra.py took 1.631 seconds
[2025-08-20T20:23:49.157+0000] {processor.py:186} INFO - Started process (PID=708) to work on /home/airflow/.local/lib/python3.12/site-packages/airflow/example_dags/example_inlet_event_extra.py
[2025-08-20T20:23:49.167+0000] {processor.py:914} INFO - Processing file /home/airflow/.local/lib/python3.12/site-packages/airflow/example_dags/example_inlet_event_extra.py for tasks to queue
[2025-08-20T20:23:49.212+0000] {logging_mixin.py:190} INFO - [2025-08-20T20:23:49.206+0000] {dagbag.py:587} INFO - Filling up the DagBag from /home/airflow/.local/lib/python3.12/site-packages/airflow/example_dags/example_inlet_event_extra.py
[2025-08-20T20:23:50.110+0000] {processor.py:925} INFO - DAG(s) 'read_dataset_event_from_classic', 'read_dataset_event' retrieved from /home/airflow/.local/lib/python3.12/site-packages/airflow/example_dags/example_inlet_event_extra.py
[2025-08-20T20:23:50.397+0000] {logging_mixin.py:190} INFO - [2025-08-20T20:23:50.397+0000] {dag.py:3229} INFO - Sync 2 DAGs
[2025-08-20T20:23:50.588+0000] {logging_mixin.py:190} INFO - [2025-08-20T20:23:50.587+0000] {dag.py:4156} INFO - Setting next_dagrun for read_dataset_event to 2025-08-19 00:00:00+00:00, run_after=2025-08-20 00:00:00+00:00
[2025-08-20T20:23:50.609+0000] {logging_mixin.py:190} INFO - [2025-08-20T20:23:50.609+0000] {dag.py:4156} INFO - Setting next_dagrun for read_dataset_event_from_classic to 2025-08-19 00:00:00+00:00, run_after=2025-08-20 00:00:00+00:00
[2025-08-20T20:23:50.689+0000] {processor.py:208} INFO - Processing /home/airflow/.local/lib/python3.12/site-packages/airflow/example_dags/example_inlet_event_extra.py took 1.635 seconds
[2025-08-20T20:24:21.027+0000] {processor.py:186} INFO - Started process (PID=770) to work on /home/airflow/.local/lib/python3.12/site-packages/airflow/example_dags/example_inlet_event_extra.py
[2025-08-20T20:24:21.039+0000] {processor.py:914} INFO - Processing file /home/airflow/.local/lib/python3.12/site-packages/airflow/example_dags/example_inlet_event_extra.py for tasks to queue
[2025-08-20T20:24:21.063+0000] {logging_mixin.py:190} INFO - [2025-08-20T20:24:21.059+0000] {dagbag.py:587} INFO - Filling up the DagBag from /home/airflow/.local/lib/python3.12/site-packages/airflow/example_dags/example_inlet_event_extra.py
[2025-08-20T20:24:22.744+0000] {processor.py:925} INFO - DAG(s) 'read_dataset_event_from_classic', 'read_dataset_event' retrieved from /home/airflow/.local/lib/python3.12/site-packages/airflow/example_dags/example_inlet_event_extra.py
[2025-08-20T20:24:22.953+0000] {logging_mixin.py:190} INFO - [2025-08-20T20:24:22.951+0000] {dag.py:3229} INFO - Sync 2 DAGs
[2025-08-20T20:24:23.079+0000] {logging_mixin.py:190} INFO - [2025-08-20T20:24:23.079+0000] {dag.py:4156} INFO - Setting next_dagrun for read_dataset_event to 2025-08-19 00:00:00+00:00, run_after=2025-08-20 00:00:00+00:00
[2025-08-20T20:24:23.088+0000] {logging_mixin.py:190} INFO - [2025-08-20T20:24:23.088+0000] {dag.py:4156} INFO - Setting next_dagrun for read_dataset_event_from_classic to 2025-08-19 00:00:00+00:00, run_after=2025-08-20 00:00:00+00:00
[2025-08-20T20:24:23.129+0000] {processor.py:208} INFO - Processing /home/airflow/.local/lib/python3.12/site-packages/airflow/example_dags/example_inlet_event_extra.py took 2.162 seconds
[2025-08-20T20:24:53.558+0000] {processor.py:186} INFO - Started process (PID=832) to work on /home/airflow/.local/lib/python3.12/site-packages/airflow/example_dags/example_inlet_event_extra.py
[2025-08-20T20:24:53.562+0000] {processor.py:914} INFO - Processing file /home/airflow/.local/lib/python3.12/site-packages/airflow/example_dags/example_inlet_event_extra.py for tasks to queue
[2025-08-20T20:24:53.570+0000] {logging_mixin.py:190} INFO - [2025-08-20T20:24:53.570+0000] {dagbag.py:587} INFO - Filling up the DagBag from /home/airflow/.local/lib/python3.12/site-packages/airflow/example_dags/example_inlet_event_extra.py
[2025-08-20T20:24:53.819+0000] {processor.py:925} INFO - DAG(s) 'read_dataset_event_from_classic', 'read_dataset_event' retrieved from /home/airflow/.local/lib/python3.12/site-packages/airflow/example_dags/example_inlet_event_extra.py
[2025-08-20T20:24:53.864+0000] {logging_mixin.py:190} INFO - [2025-08-20T20:24:53.864+0000] {dag.py:3229} INFO - Sync 2 DAGs
[2025-08-20T20:24:53.899+0000] {logging_mixin.py:190} INFO - [2025-08-20T20:24:53.899+0000] {dag.py:4156} INFO - Setting next_dagrun for read_dataset_event to 2025-08-19 00:00:00+00:00, run_after=2025-08-20 00:00:00+00:00
[2025-08-20T20:24:53.902+0000] {logging_mixin.py:190} INFO - [2025-08-20T20:24:53.902+0000] {dag.py:4156} INFO - Setting next_dagrun for read_dataset_event_from_classic to 2025-08-19 00:00:00+00:00, run_after=2025-08-20 00:00:00+00:00
[2025-08-20T20:24:53.917+0000] {processor.py:208} INFO - Processing /home/airflow/.local/lib/python3.12/site-packages/airflow/example_dags/example_inlet_event_extra.py took 0.376 seconds
[2025-08-20T20:25:24.143+0000] {processor.py:186} INFO - Started process (PID=894) to work on /home/airflow/.local/lib/python3.12/site-packages/airflow/example_dags/example_inlet_event_extra.py
[2025-08-20T20:25:24.152+0000] {processor.py:914} INFO - Processing file /home/airflow/.local/lib/python3.12/site-packages/airflow/example_dags/example_inlet_event_extra.py for tasks to queue
[2025-08-20T20:25:24.169+0000] {logging_mixin.py:190} INFO - [2025-08-20T20:25:24.167+0000] {dagbag.py:587} INFO - Filling up the DagBag from /home/airflow/.local/lib/python3.12/site-packages/airflow/example_dags/example_inlet_event_extra.py
[2025-08-20T20:25:24.454+0000] {processor.py:925} INFO - DAG(s) 'read_dataset_event', 'read_dataset_event_from_classic' retrieved from /home/airflow/.local/lib/python3.12/site-packages/airflow/example_dags/example_inlet_event_extra.py
[2025-08-20T20:25:24.496+0000] {logging_mixin.py:190} INFO - [2025-08-20T20:25:24.496+0000] {dag.py:3229} INFO - Sync 2 DAGs
[2025-08-20T20:25:24.528+0000] {logging_mixin.py:190} INFO - [2025-08-20T20:25:24.527+0000] {dag.py:4156} INFO - Setting next_dagrun for read_dataset_event to 2025-08-19 00:00:00+00:00, run_after=2025-08-20 00:00:00+00:00
[2025-08-20T20:25:24.533+0000] {logging_mixin.py:190} INFO - [2025-08-20T20:25:24.533+0000] {dag.py:4156} INFO - Setting next_dagrun for read_dataset_event_from_classic to 2025-08-19 00:00:00+00:00, run_after=2025-08-20 00:00:00+00:00
[2025-08-20T20:25:24.555+0000] {processor.py:208} INFO - Processing /home/airflow/.local/lib/python3.12/site-packages/airflow/example_dags/example_inlet_event_extra.py took 0.422 seconds
[2025-08-20T20:25:54.802+0000] {processor.py:186} INFO - Started process (PID=956) to work on /home/airflow/.local/lib/python3.12/site-packages/airflow/example_dags/example_inlet_event_extra.py
[2025-08-20T20:25:54.804+0000] {processor.py:914} INFO - Processing file /home/airflow/.local/lib/python3.12/site-packages/airflow/example_dags/example_inlet_event_extra.py for tasks to queue
[2025-08-20T20:25:54.808+0000] {logging_mixin.py:190} INFO - [2025-08-20T20:25:54.808+0000] {dagbag.py:587} INFO - Filling up the DagBag from /home/airflow/.local/lib/python3.12/site-packages/airflow/example_dags/example_inlet_event_extra.py
[2025-08-20T20:25:55.005+0000] {processor.py:925} INFO - DAG(s) 'read_dataset_event_from_classic', 'read_dataset_event' retrieved from /home/airflow/.local/lib/python3.12/site-packages/airflow/example_dags/example_inlet_event_extra.py
[2025-08-20T20:25:55.045+0000] {logging_mixin.py:190} INFO - [2025-08-20T20:25:55.044+0000] {dag.py:3229} INFO - Sync 2 DAGs
[2025-08-20T20:25:55.084+0000] {logging_mixin.py:190} INFO - [2025-08-20T20:25:55.084+0000] {dag.py:4156} INFO - Setting next_dagrun for read_dataset_event to 2025-08-19 00:00:00+00:00, run_after=2025-08-20 00:00:00+00:00
[2025-08-20T20:25:55.090+0000] {logging_mixin.py:190} INFO - [2025-08-20T20:25:55.090+0000] {dag.py:4156} INFO - Setting next_dagrun for read_dataset_event_from_classic to 2025-08-19 00:00:00+00:00, run_after=2025-08-20 00:00:00+00:00
[2025-08-20T20:25:55.110+0000] {processor.py:208} INFO - Processing /home/airflow/.local/lib/python3.12/site-packages/airflow/example_dags/example_inlet_event_extra.py took 0.330 seconds
[2025-08-20T20:26:25.580+0000] {processor.py:186} INFO - Started process (PID=1018) to work on /home/airflow/.local/lib/python3.12/site-packages/airflow/example_dags/example_inlet_event_extra.py
[2025-08-20T20:26:25.583+0000] {processor.py:914} INFO - Processing file /home/airflow/.local/lib/python3.12/site-packages/airflow/example_dags/example_inlet_event_extra.py for tasks to queue
[2025-08-20T20:26:25.589+0000] {logging_mixin.py:190} INFO - [2025-08-20T20:26:25.588+0000] {dagbag.py:587} INFO - Filling up the DagBag from /home/airflow/.local/lib/python3.12/site-packages/airflow/example_dags/example_inlet_event_extra.py
[2025-08-20T20:26:25.770+0000] {processor.py:925} INFO - DAG(s) 'read_dataset_event', 'read_dataset_event_from_classic' retrieved from /home/airflow/.local/lib/python3.12/site-packages/airflow/example_dags/example_inlet_event_extra.py
[2025-08-20T20:26:25.801+0000] {logging_mixin.py:190} INFO - [2025-08-20T20:26:25.801+0000] {dag.py:3229} INFO - Sync 2 DAGs
[2025-08-20T20:26:25.826+0000] {logging_mixin.py:190} INFO - [2025-08-20T20:26:25.826+0000] {dag.py:4156} INFO - Setting next_dagrun for read_dataset_event to 2025-08-19 00:00:00+00:00, run_after=2025-08-20 00:00:00+00:00
[2025-08-20T20:26:25.830+0000] {logging_mixin.py:190} INFO - [2025-08-20T20:26:25.830+0000] {dag.py:4156} INFO - Setting next_dagrun for read_dataset_event_from_classic to 2025-08-19 00:00:00+00:00, run_after=2025-08-20 00:00:00+00:00
[2025-08-20T20:26:25.847+0000] {processor.py:208} INFO - Processing /home/airflow/.local/lib/python3.12/site-packages/airflow/example_dags/example_inlet_event_extra.py took 0.274 seconds
[2025-08-20T20:26:56.127+0000] {processor.py:186} INFO - Started process (PID=1080) to work on /home/airflow/.local/lib/python3.12/site-packages/airflow/example_dags/example_inlet_event_extra.py
[2025-08-20T20:26:56.136+0000] {processor.py:914} INFO - Processing file /home/airflow/.local/lib/python3.12/site-packages/airflow/example_dags/example_inlet_event_extra.py for tasks to queue
[2025-08-20T20:26:56.156+0000] {logging_mixin.py:190} INFO - [2025-08-20T20:26:56.153+0000] {dagbag.py:587} INFO - Filling up the DagBag from /home/airflow/.local/lib/python3.12/site-packages/airflow/example_dags/example_inlet_event_extra.py
[2025-08-20T20:26:56.792+0000] {processor.py:925} INFO - DAG(s) 'read_dataset_event_from_classic', 'read_dataset_event' retrieved from /home/airflow/.local/lib/python3.12/site-packages/airflow/example_dags/example_inlet_event_extra.py
[2025-08-20T20:26:56.888+0000] {logging_mixin.py:190} INFO - [2025-08-20T20:26:56.888+0000] {dag.py:3229} INFO - Sync 2 DAGs
[2025-08-20T20:26:56.941+0000] {logging_mixin.py:190} INFO - [2025-08-20T20:26:56.941+0000] {dag.py:4156} INFO - Setting next_dagrun for read_dataset_event to 2025-08-19 00:00:00+00:00, run_after=2025-08-20 00:00:00+00:00
[2025-08-20T20:26:56.945+0000] {logging_mixin.py:190} INFO - [2025-08-20T20:26:56.945+0000] {dag.py:4156} INFO - Setting next_dagrun for read_dataset_event_from_classic to 2025-08-19 00:00:00+00:00, run_after=2025-08-20 00:00:00+00:00
[2025-08-20T20:26:56.965+0000] {processor.py:208} INFO - Processing /home/airflow/.local/lib/python3.12/site-packages/airflow/example_dags/example_inlet_event_extra.py took 0.878 seconds
