[2025-08-20T20:18:33.672+0000] {processor.py:186} INFO - Started process (PID=105) to work on /home/airflow/.local/lib/python3.12/site-packages/airflow/example_dags/example_branch_python_dop_operator_3.py
[2025-08-20T20:18:33.686+0000] {processor.py:914} INFO - Processing file /home/airflow/.local/lib/python3.12/site-packages/airflow/example_dags/example_branch_python_dop_operator_3.py for tasks to queue
[2025-08-20T20:18:33.798+0000] {logging_mixin.py:190} INFO - [2025-08-20T20:18:33.796+0000] {dagbag.py:587} INFO - Filling up the DagBag from /home/airflow/.local/lib/python3.12/site-packages/airflow/example_dags/example_branch_python_dop_operator_3.py
[2025-08-20T20:18:33.946+0000] {processor.py:925} INFO - DAG(s) 'example_branch_dop_operator_v3' retrieved from /home/airflow/.local/lib/python3.12/site-packages/airflow/example_dags/example_branch_python_dop_operator_3.py
[2025-08-20T20:18:34.701+0000] {logging_mixin.py:190} INFO - [2025-08-20T20:18:34.694+0000] {override.py:1900} INFO - Created Permission View: can read on DAG:example_branch_dop_operator_v3
[2025-08-20T20:18:34.714+0000] {logging_mixin.py:190} INFO - [2025-08-20T20:18:34.714+0000] {override.py:1900} INFO - Created Permission View: can delete on DAG:example_branch_dop_operator_v3
[2025-08-20T20:18:34.720+0000] {logging_mixin.py:190} INFO - [2025-08-20T20:18:34.720+0000] {override.py:1900} INFO - Created Permission View: can edit on DAG:example_branch_dop_operator_v3
[2025-08-20T20:18:34.731+0000] {logging_mixin.py:190} INFO - [2025-08-20T20:18:34.730+0000] {override.py:1900} INFO - Created Permission View: can read on DAG Run:example_branch_dop_operator_v3
[2025-08-20T20:18:34.735+0000] {logging_mixin.py:190} INFO - [2025-08-20T20:18:34.735+0000] {override.py:1900} INFO - Created Permission View: menu access on DAG Run:example_branch_dop_operator_v3
[2025-08-20T20:18:34.744+0000] {logging_mixin.py:190} INFO - [2025-08-20T20:18:34.742+0000] {override.py:1900} INFO - Created Permission View: can delete on DAG Run:example_branch_dop_operator_v3
[2025-08-20T20:18:34.756+0000] {logging_mixin.py:190} INFO - [2025-08-20T20:18:34.756+0000] {override.py:1900} INFO - Created Permission View: can create on DAG Run:example_branch_dop_operator_v3
[2025-08-20T20:18:34.758+0000] {logging_mixin.py:190} INFO - [2025-08-20T20:18:34.757+0000] {dag.py:3229} INFO - Sync 1 DAGs
[2025-08-20T20:18:34.798+0000] {logging_mixin.py:190} INFO - [2025-08-20T20:18:34.798+0000] {dag.py:3252} INFO - Creating ORM DAG for example_branch_dop_operator_v3
[2025-08-20T20:18:34.849+0000] {logging_mixin.py:190} INFO - [2025-08-20T20:18:34.848+0000] {dag.py:4156} INFO - Setting next_dagrun for example_branch_dop_operator_v3 to 2025-08-20 20:17:00+00:00, run_after=2025-08-20 20:18:00+00:00
[2025-08-20T20:18:34.894+0000] {processor.py:208} INFO - Processing /home/airflow/.local/lib/python3.12/site-packages/airflow/example_dags/example_branch_python_dop_operator_3.py took 1.305 seconds
[2025-08-20T20:19:05.034+0000] {processor.py:186} INFO - Started process (PID=167) to work on /home/airflow/.local/lib/python3.12/site-packages/airflow/example_dags/example_branch_python_dop_operator_3.py
[2025-08-20T20:19:05.036+0000] {processor.py:914} INFO - Processing file /home/airflow/.local/lib/python3.12/site-packages/airflow/example_dags/example_branch_python_dop_operator_3.py for tasks to queue
[2025-08-20T20:19:05.039+0000] {logging_mixin.py:190} INFO - [2025-08-20T20:19:05.038+0000] {dagbag.py:587} INFO - Filling up the DagBag from /home/airflow/.local/lib/python3.12/site-packages/airflow/example_dags/example_branch_python_dop_operator_3.py
[2025-08-20T20:19:05.091+0000] {processor.py:925} INFO - DAG(s) 'example_branch_dop_operator_v3' retrieved from /home/airflow/.local/lib/python3.12/site-packages/airflow/example_dags/example_branch_python_dop_operator_3.py
[2025-08-20T20:19:05.123+0000] {logging_mixin.py:190} INFO - [2025-08-20T20:19:05.122+0000] {dag.py:3229} INFO - Sync 1 DAGs
[2025-08-20T20:19:05.154+0000] {logging_mixin.py:190} INFO - [2025-08-20T20:19:05.154+0000] {dag.py:4156} INFO - Setting next_dagrun for example_branch_dop_operator_v3 to 2025-08-20 20:18:00+00:00, run_after=2025-08-20 20:19:00+00:00
[2025-08-20T20:19:05.176+0000] {processor.py:208} INFO - Processing /home/airflow/.local/lib/python3.12/site-packages/airflow/example_dags/example_branch_python_dop_operator_3.py took 0.152 seconds
[2025-08-20T20:19:36.454+0000] {processor.py:186} INFO - Started process (PID=229) to work on /home/airflow/.local/lib/python3.12/site-packages/airflow/example_dags/example_branch_python_dop_operator_3.py
[2025-08-20T20:19:36.460+0000] {processor.py:914} INFO - Processing file /home/airflow/.local/lib/python3.12/site-packages/airflow/example_dags/example_branch_python_dop_operator_3.py for tasks to queue
[2025-08-20T20:19:36.467+0000] {logging_mixin.py:190} INFO - [2025-08-20T20:19:36.467+0000] {dagbag.py:587} INFO - Filling up the DagBag from /home/airflow/.local/lib/python3.12/site-packages/airflow/example_dags/example_branch_python_dop_operator_3.py
[2025-08-20T20:19:36.502+0000] {processor.py:925} INFO - DAG(s) 'example_branch_dop_operator_v3' retrieved from /home/airflow/.local/lib/python3.12/site-packages/airflow/example_dags/example_branch_python_dop_operator_3.py
[2025-08-20T20:19:36.533+0000] {logging_mixin.py:190} INFO - [2025-08-20T20:19:36.532+0000] {dag.py:3229} INFO - Sync 1 DAGs
[2025-08-20T20:19:36.555+0000] {logging_mixin.py:190} INFO - [2025-08-20T20:19:36.555+0000] {dag.py:4156} INFO - Setting next_dagrun for example_branch_dop_operator_v3 to 2025-08-20 20:18:00+00:00, run_after=2025-08-20 20:19:00+00:00
[2025-08-20T20:19:36.573+0000] {processor.py:208} INFO - Processing /home/airflow/.local/lib/python3.12/site-packages/airflow/example_dags/example_branch_python_dop_operator_3.py took 0.141 seconds
[2025-08-20T20:20:08.677+0000] {processor.py:186} INFO - Started process (PID=291) to work on /home/airflow/.local/lib/python3.12/site-packages/airflow/example_dags/example_branch_python_dop_operator_3.py
[2025-08-20T20:20:08.681+0000] {processor.py:914} INFO - Processing file /home/airflow/.local/lib/python3.12/site-packages/airflow/example_dags/example_branch_python_dop_operator_3.py for tasks to queue
[2025-08-20T20:20:08.697+0000] {logging_mixin.py:190} INFO - [2025-08-20T20:20:08.695+0000] {dagbag.py:587} INFO - Filling up the DagBag from /home/airflow/.local/lib/python3.12/site-packages/airflow/example_dags/example_branch_python_dop_operator_3.py
[2025-08-20T20:20:08.734+0000] {processor.py:925} INFO - DAG(s) 'example_branch_dop_operator_v3' retrieved from /home/airflow/.local/lib/python3.12/site-packages/airflow/example_dags/example_branch_python_dop_operator_3.py
[2025-08-20T20:20:08.756+0000] {logging_mixin.py:190} INFO - [2025-08-20T20:20:08.756+0000] {dag.py:3229} INFO - Sync 1 DAGs
[2025-08-20T20:20:08.776+0000] {logging_mixin.py:190} INFO - [2025-08-20T20:20:08.776+0000] {dag.py:4156} INFO - Setting next_dagrun for example_branch_dop_operator_v3 to 2025-08-20 20:19:00+00:00, run_after=2025-08-20 20:20:00+00:00
[2025-08-20T20:20:08.788+0000] {processor.py:208} INFO - Processing /home/airflow/.local/lib/python3.12/site-packages/airflow/example_dags/example_branch_python_dop_operator_3.py took 0.116 seconds
[2025-08-20T20:20:41.691+0000] {processor.py:186} INFO - Started process (PID=353) to work on /home/airflow/.local/lib/python3.12/site-packages/airflow/example_dags/example_branch_python_dop_operator_3.py
[2025-08-20T20:20:41.705+0000] {processor.py:914} INFO - Processing file /home/airflow/.local/lib/python3.12/site-packages/airflow/example_dags/example_branch_python_dop_operator_3.py for tasks to queue
[2025-08-20T20:20:41.768+0000] {logging_mixin.py:190} INFO - [2025-08-20T20:20:41.767+0000] {dagbag.py:587} INFO - Filling up the DagBag from /home/airflow/.local/lib/python3.12/site-packages/airflow/example_dags/example_branch_python_dop_operator_3.py
[2025-08-20T20:20:41.792+0000] {processor.py:925} INFO - DAG(s) 'example_branch_dop_operator_v3' retrieved from /home/airflow/.local/lib/python3.12/site-packages/airflow/example_dags/example_branch_python_dop_operator_3.py
[2025-08-20T20:20:41.826+0000] {logging_mixin.py:190} INFO - [2025-08-20T20:20:41.826+0000] {dag.py:3229} INFO - Sync 1 DAGs
[2025-08-20T20:20:41.861+0000] {logging_mixin.py:190} INFO - [2025-08-20T20:20:41.860+0000] {dag.py:4156} INFO - Setting next_dagrun for example_branch_dop_operator_v3 to 2025-08-20 20:19:00+00:00, run_after=2025-08-20 20:20:00+00:00
[2025-08-20T20:20:41.881+0000] {processor.py:208} INFO - Processing /home/airflow/.local/lib/python3.12/site-packages/airflow/example_dags/example_branch_python_dop_operator_3.py took 0.197 seconds
[2025-08-20T20:21:16.287+0000] {processor.py:186} INFO - Started process (PID=415) to work on /home/airflow/.local/lib/python3.12/site-packages/airflow/example_dags/example_branch_python_dop_operator_3.py
[2025-08-20T20:21:16.291+0000] {processor.py:914} INFO - Processing file /home/airflow/.local/lib/python3.12/site-packages/airflow/example_dags/example_branch_python_dop_operator_3.py for tasks to queue
[2025-08-20T20:21:16.293+0000] {logging_mixin.py:190} INFO - [2025-08-20T20:21:16.293+0000] {dagbag.py:587} INFO - Filling up the DagBag from /home/airflow/.local/lib/python3.12/site-packages/airflow/example_dags/example_branch_python_dop_operator_3.py
[2025-08-20T20:21:16.303+0000] {processor.py:925} INFO - DAG(s) 'example_branch_dop_operator_v3' retrieved from /home/airflow/.local/lib/python3.12/site-packages/airflow/example_dags/example_branch_python_dop_operator_3.py
[2025-08-20T20:21:16.336+0000] {logging_mixin.py:190} INFO - [2025-08-20T20:21:16.336+0000] {dag.py:3229} INFO - Sync 1 DAGs
[2025-08-20T20:21:16.354+0000] {logging_mixin.py:190} INFO - [2025-08-20T20:21:16.354+0000] {dag.py:4156} INFO - Setting next_dagrun for example_branch_dop_operator_v3 to 2025-08-20 20:20:00+00:00, run_after=2025-08-20 20:21:00+00:00
[2025-08-20T20:21:16.374+0000] {processor.py:208} INFO - Processing /home/airflow/.local/lib/python3.12/site-packages/airflow/example_dags/example_branch_python_dop_operator_3.py took 0.092 seconds
[2025-08-20T20:21:49.821+0000] {processor.py:186} INFO - Started process (PID=477) to work on /home/airflow/.local/lib/python3.12/site-packages/airflow/example_dags/example_branch_python_dop_operator_3.py
[2025-08-20T20:21:49.823+0000] {processor.py:914} INFO - Processing file /home/airflow/.local/lib/python3.12/site-packages/airflow/example_dags/example_branch_python_dop_operator_3.py for tasks to queue
[2025-08-20T20:21:49.825+0000] {logging_mixin.py:190} INFO - [2025-08-20T20:21:49.825+0000] {dagbag.py:587} INFO - Filling up the DagBag from /home/airflow/.local/lib/python3.12/site-packages/airflow/example_dags/example_branch_python_dop_operator_3.py
[2025-08-20T20:21:49.833+0000] {processor.py:925} INFO - DAG(s) 'example_branch_dop_operator_v3' retrieved from /home/airflow/.local/lib/python3.12/site-packages/airflow/example_dags/example_branch_python_dop_operator_3.py
[2025-08-20T20:21:49.863+0000] {logging_mixin.py:190} INFO - [2025-08-20T20:21:49.863+0000] {dag.py:3229} INFO - Sync 1 DAGs
[2025-08-20T20:21:49.896+0000] {logging_mixin.py:190} INFO - [2025-08-20T20:21:49.896+0000] {dag.py:4156} INFO - Setting next_dagrun for example_branch_dop_operator_v3 to 2025-08-20 20:20:00+00:00, run_after=2025-08-20 20:21:00+00:00
[2025-08-20T20:21:49.920+0000] {processor.py:208} INFO - Processing /home/airflow/.local/lib/python3.12/site-packages/airflow/example_dags/example_branch_python_dop_operator_3.py took 0.110 seconds
[2025-08-20T20:22:21.979+0000] {processor.py:186} INFO - Started process (PID=539) to work on /home/airflow/.local/lib/python3.12/site-packages/airflow/example_dags/example_branch_python_dop_operator_3.py
[2025-08-20T20:22:21.983+0000] {processor.py:914} INFO - Processing file /home/airflow/.local/lib/python3.12/site-packages/airflow/example_dags/example_branch_python_dop_operator_3.py for tasks to queue
[2025-08-20T20:22:21.987+0000] {logging_mixin.py:190} INFO - [2025-08-20T20:22:21.987+0000] {dagbag.py:587} INFO - Filling up the DagBag from /home/airflow/.local/lib/python3.12/site-packages/airflow/example_dags/example_branch_python_dop_operator_3.py
[2025-08-20T20:22:21.996+0000] {processor.py:925} INFO - DAG(s) 'example_branch_dop_operator_v3' retrieved from /home/airflow/.local/lib/python3.12/site-packages/airflow/example_dags/example_branch_python_dop_operator_3.py
[2025-08-20T20:22:22.013+0000] {logging_mixin.py:190} INFO - [2025-08-20T20:22:22.013+0000] {dag.py:3229} INFO - Sync 1 DAGs
[2025-08-20T20:22:22.035+0000] {logging_mixin.py:190} INFO - [2025-08-20T20:22:22.035+0000] {dag.py:4156} INFO - Setting next_dagrun for example_branch_dop_operator_v3 to 2025-08-20 20:21:00+00:00, run_after=2025-08-20 20:22:00+00:00
[2025-08-20T20:22:22.056+0000] {processor.py:208} INFO - Processing /home/airflow/.local/lib/python3.12/site-packages/airflow/example_dags/example_branch_python_dop_operator_3.py took 0.081 seconds
[2025-08-20T20:22:53.509+0000] {processor.py:186} INFO - Started process (PID=601) to work on /home/airflow/.local/lib/python3.12/site-packages/airflow/example_dags/example_branch_python_dop_operator_3.py
[2025-08-20T20:22:53.511+0000] {processor.py:914} INFO - Processing file /home/airflow/.local/lib/python3.12/site-packages/airflow/example_dags/example_branch_python_dop_operator_3.py for tasks to queue
[2025-08-20T20:22:53.514+0000] {logging_mixin.py:190} INFO - [2025-08-20T20:22:53.513+0000] {dagbag.py:587} INFO - Filling up the DagBag from /home/airflow/.local/lib/python3.12/site-packages/airflow/example_dags/example_branch_python_dop_operator_3.py
[2025-08-20T20:22:53.521+0000] {processor.py:925} INFO - DAG(s) 'example_branch_dop_operator_v3' retrieved from /home/airflow/.local/lib/python3.12/site-packages/airflow/example_dags/example_branch_python_dop_operator_3.py
[2025-08-20T20:22:53.532+0000] {logging_mixin.py:190} INFO - [2025-08-20T20:22:53.532+0000] {dag.py:3229} INFO - Sync 1 DAGs
[2025-08-20T20:22:53.564+0000] {logging_mixin.py:190} INFO - [2025-08-20T20:22:53.564+0000] {dag.py:4156} INFO - Setting next_dagrun for example_branch_dop_operator_v3 to 2025-08-20 20:21:00+00:00, run_after=2025-08-20 20:22:00+00:00
[2025-08-20T20:22:53.578+0000] {processor.py:208} INFO - Processing /home/airflow/.local/lib/python3.12/site-packages/airflow/example_dags/example_branch_python_dop_operator_3.py took 0.079 seconds
[2025-08-20T20:23:27.710+0000] {processor.py:186} INFO - Started process (PID=663) to work on /home/airflow/.local/lib/python3.12/site-packages/airflow/example_dags/example_branch_python_dop_operator_3.py
[2025-08-20T20:23:27.714+0000] {processor.py:914} INFO - Processing file /home/airflow/.local/lib/python3.12/site-packages/airflow/example_dags/example_branch_python_dop_operator_3.py for tasks to queue
[2025-08-20T20:23:27.724+0000] {logging_mixin.py:190} INFO - [2025-08-20T20:23:27.720+0000] {dagbag.py:587} INFO - Filling up the DagBag from /home/airflow/.local/lib/python3.12/site-packages/airflow/example_dags/example_branch_python_dop_operator_3.py
[2025-08-20T20:23:27.795+0000] {processor.py:925} INFO - DAG(s) 'example_branch_dop_operator_v3' retrieved from /home/airflow/.local/lib/python3.12/site-packages/airflow/example_dags/example_branch_python_dop_operator_3.py
[2025-08-20T20:23:28.293+0000] {logging_mixin.py:190} INFO - [2025-08-20T20:23:28.288+0000] {dag.py:3229} INFO - Sync 1 DAGs
[2025-08-20T20:23:28.443+0000] {logging_mixin.py:190} INFO - [2025-08-20T20:23:28.443+0000] {dag.py:4156} INFO - Setting next_dagrun for example_branch_dop_operator_v3 to 2025-08-20 20:22:00+00:00, run_after=2025-08-20 20:23:00+00:00
[2025-08-20T20:23:28.496+0000] {processor.py:208} INFO - Processing /home/airflow/.local/lib/python3.12/site-packages/airflow/example_dags/example_branch_python_dop_operator_3.py took 0.798 seconds
[2025-08-20T20:23:59.704+0000] {processor.py:186} INFO - Started process (PID=730) to work on /home/airflow/.local/lib/python3.12/site-packages/airflow/example_dags/example_branch_python_dop_operator_3.py
[2025-08-20T20:23:59.705+0000] {processor.py:914} INFO - Processing file /home/airflow/.local/lib/python3.12/site-packages/airflow/example_dags/example_branch_python_dop_operator_3.py for tasks to queue
[2025-08-20T20:23:59.706+0000] {logging_mixin.py:190} INFO - [2025-08-20T20:23:59.706+0000] {dagbag.py:587} INFO - Filling up the DagBag from /home/airflow/.local/lib/python3.12/site-packages/airflow/example_dags/example_branch_python_dop_operator_3.py
[2025-08-20T20:23:59.714+0000] {processor.py:925} INFO - DAG(s) 'example_branch_dop_operator_v3' retrieved from /home/airflow/.local/lib/python3.12/site-packages/airflow/example_dags/example_branch_python_dop_operator_3.py
[2025-08-20T20:23:59.728+0000] {logging_mixin.py:190} INFO - [2025-08-20T20:23:59.727+0000] {dag.py:3229} INFO - Sync 1 DAGs
[2025-08-20T20:23:59.747+0000] {logging_mixin.py:190} INFO - [2025-08-20T20:23:59.747+0000] {dag.py:4156} INFO - Setting next_dagrun for example_branch_dop_operator_v3 to 2025-08-20 20:22:00+00:00, run_after=2025-08-20 20:23:00+00:00
[2025-08-20T20:23:59.755+0000] {processor.py:208} INFO - Processing /home/airflow/.local/lib/python3.12/site-packages/airflow/example_dags/example_branch_python_dop_operator_3.py took 0.056 seconds
[2025-08-20T20:24:30.047+0000] {processor.py:186} INFO - Started process (PID=792) to work on /home/airflow/.local/lib/python3.12/site-packages/airflow/example_dags/example_branch_python_dop_operator_3.py
[2025-08-20T20:24:30.048+0000] {processor.py:914} INFO - Processing file /home/airflow/.local/lib/python3.12/site-packages/airflow/example_dags/example_branch_python_dop_operator_3.py for tasks to queue
[2025-08-20T20:24:30.051+0000] {logging_mixin.py:190} INFO - [2025-08-20T20:24:30.050+0000] {dagbag.py:587} INFO - Filling up the DagBag from /home/airflow/.local/lib/python3.12/site-packages/airflow/example_dags/example_branch_python_dop_operator_3.py
[2025-08-20T20:24:30.062+0000] {processor.py:925} INFO - DAG(s) 'example_branch_dop_operator_v3' retrieved from /home/airflow/.local/lib/python3.12/site-packages/airflow/example_dags/example_branch_python_dop_operator_3.py
[2025-08-20T20:24:30.077+0000] {logging_mixin.py:190} INFO - [2025-08-20T20:24:30.077+0000] {dag.py:3229} INFO - Sync 1 DAGs
[2025-08-20T20:24:30.105+0000] {logging_mixin.py:190} INFO - [2025-08-20T20:24:30.105+0000] {dag.py:4156} INFO - Setting next_dagrun for example_branch_dop_operator_v3 to 2025-08-20 20:23:00+00:00, run_after=2025-08-20 20:24:00+00:00
[2025-08-20T20:24:30.118+0000] {processor.py:208} INFO - Processing /home/airflow/.local/lib/python3.12/site-packages/airflow/example_dags/example_branch_python_dop_operator_3.py took 0.080 seconds
[2025-08-20T20:25:00.928+0000] {processor.py:186} INFO - Started process (PID=853) to work on /home/airflow/.local/lib/python3.12/site-packages/airflow/example_dags/example_branch_python_dop_operator_3.py
[2025-08-20T20:25:00.932+0000] {processor.py:914} INFO - Processing file /home/airflow/.local/lib/python3.12/site-packages/airflow/example_dags/example_branch_python_dop_operator_3.py for tasks to queue
[2025-08-20T20:25:00.938+0000] {logging_mixin.py:190} INFO - [2025-08-20T20:25:00.937+0000] {dagbag.py:587} INFO - Filling up the DagBag from /home/airflow/.local/lib/python3.12/site-packages/airflow/example_dags/example_branch_python_dop_operator_3.py
[2025-08-20T20:25:00.992+0000] {processor.py:925} INFO - DAG(s) 'example_branch_dop_operator_v3' retrieved from /home/airflow/.local/lib/python3.12/site-packages/airflow/example_dags/example_branch_python_dop_operator_3.py
[2025-08-20T20:25:01.070+0000] {logging_mixin.py:190} INFO - [2025-08-20T20:25:01.069+0000] {dag.py:3229} INFO - Sync 1 DAGs
[2025-08-20T20:25:01.141+0000] {logging_mixin.py:190} INFO - [2025-08-20T20:25:01.140+0000] {dag.py:4156} INFO - Setting next_dagrun for example_branch_dop_operator_v3 to 2025-08-20 20:24:00+00:00, run_after=2025-08-20 20:25:00+00:00
[2025-08-20T20:25:01.173+0000] {processor.py:208} INFO - Processing /home/airflow/.local/lib/python3.12/site-packages/airflow/example_dags/example_branch_python_dop_operator_3.py took 0.267 seconds
[2025-08-20T20:25:31.987+0000] {processor.py:186} INFO - Started process (PID=915) to work on /home/airflow/.local/lib/python3.12/site-packages/airflow/example_dags/example_branch_python_dop_operator_3.py
[2025-08-20T20:25:31.990+0000] {processor.py:914} INFO - Processing file /home/airflow/.local/lib/python3.12/site-packages/airflow/example_dags/example_branch_python_dop_operator_3.py for tasks to queue
[2025-08-20T20:25:31.996+0000] {logging_mixin.py:190} INFO - [2025-08-20T20:25:31.995+0000] {dagbag.py:587} INFO - Filling up the DagBag from /home/airflow/.local/lib/python3.12/site-packages/airflow/example_dags/example_branch_python_dop_operator_3.py
[2025-08-20T20:25:32.015+0000] {processor.py:925} INFO - DAG(s) 'example_branch_dop_operator_v3' retrieved from /home/airflow/.local/lib/python3.12/site-packages/airflow/example_dags/example_branch_python_dop_operator_3.py
[2025-08-20T20:25:32.059+0000] {logging_mixin.py:190} INFO - [2025-08-20T20:25:32.058+0000] {dag.py:3229} INFO - Sync 1 DAGs
[2025-08-20T20:25:32.111+0000] {logging_mixin.py:190} INFO - [2025-08-20T20:25:32.111+0000] {dag.py:4156} INFO - Setting next_dagrun for example_branch_dop_operator_v3 to 2025-08-20 20:24:00+00:00, run_after=2025-08-20 20:25:00+00:00
[2025-08-20T20:25:32.140+0000] {processor.py:208} INFO - Processing /home/airflow/.local/lib/python3.12/site-packages/airflow/example_dags/example_branch_python_dop_operator_3.py took 0.170 seconds
[2025-08-20T20:26:03.019+0000] {processor.py:186} INFO - Started process (PID=977) to work on /home/airflow/.local/lib/python3.12/site-packages/airflow/example_dags/example_branch_python_dop_operator_3.py
[2025-08-20T20:26:03.022+0000] {processor.py:914} INFO - Processing file /home/airflow/.local/lib/python3.12/site-packages/airflow/example_dags/example_branch_python_dop_operator_3.py for tasks to queue
[2025-08-20T20:26:03.024+0000] {logging_mixin.py:190} INFO - [2025-08-20T20:26:03.023+0000] {dagbag.py:587} INFO - Filling up the DagBag from /home/airflow/.local/lib/python3.12/site-packages/airflow/example_dags/example_branch_python_dop_operator_3.py
[2025-08-20T20:26:03.035+0000] {processor.py:925} INFO - DAG(s) 'example_branch_dop_operator_v3' retrieved from /home/airflow/.local/lib/python3.12/site-packages/airflow/example_dags/example_branch_python_dop_operator_3.py
[2025-08-20T20:26:03.053+0000] {logging_mixin.py:190} INFO - [2025-08-20T20:26:03.053+0000] {dag.py:3229} INFO - Sync 1 DAGs
[2025-08-20T20:26:03.085+0000] {logging_mixin.py:190} INFO - [2025-08-20T20:26:03.084+0000] {dag.py:4156} INFO - Setting next_dagrun for example_branch_dop_operator_v3 to 2025-08-20 20:25:00+00:00, run_after=2025-08-20 20:26:00+00:00
[2025-08-20T20:26:03.100+0000] {processor.py:208} INFO - Processing /home/airflow/.local/lib/python3.12/site-packages/airflow/example_dags/example_branch_python_dop_operator_3.py took 0.089 seconds
[2025-08-20T20:26:33.824+0000] {processor.py:186} INFO - Started process (PID=1039) to work on /home/airflow/.local/lib/python3.12/site-packages/airflow/example_dags/example_branch_python_dop_operator_3.py
[2025-08-20T20:26:33.825+0000] {processor.py:914} INFO - Processing file /home/airflow/.local/lib/python3.12/site-packages/airflow/example_dags/example_branch_python_dop_operator_3.py for tasks to queue
[2025-08-20T20:26:33.827+0000] {logging_mixin.py:190} INFO - [2025-08-20T20:26:33.827+0000] {dagbag.py:587} INFO - Filling up the DagBag from /home/airflow/.local/lib/python3.12/site-packages/airflow/example_dags/example_branch_python_dop_operator_3.py
[2025-08-20T20:26:33.836+0000] {processor.py:925} INFO - DAG(s) 'example_branch_dop_operator_v3' retrieved from /home/airflow/.local/lib/python3.12/site-packages/airflow/example_dags/example_branch_python_dop_operator_3.py
[2025-08-20T20:26:33.851+0000] {logging_mixin.py:190} INFO - [2025-08-20T20:26:33.851+0000] {dag.py:3229} INFO - Sync 1 DAGs
[2025-08-20T20:26:33.877+0000] {logging_mixin.py:190} INFO - [2025-08-20T20:26:33.877+0000] {dag.py:4156} INFO - Setting next_dagrun for example_branch_dop_operator_v3 to 2025-08-20 20:25:00+00:00, run_after=2025-08-20 20:26:00+00:00
[2025-08-20T20:26:33.892+0000] {processor.py:208} INFO - Processing /home/airflow/.local/lib/python3.12/site-packages/airflow/example_dags/example_branch_python_dop_operator_3.py took 0.073 seconds
