[2025-08-20T20:18:37.345+0000] {processor.py:186} INFO - Started process (PID=112) to work on /home/airflow/.local/lib/python3.12/site-packages/airflow/example_dags/example_branch_labels.py
[2025-08-20T20:18:37.349+0000] {processor.py:914} INFO - Processing file /home/airflow/.local/lib/python3.12/site-packages/airflow/example_dags/example_branch_labels.py for tasks to queue
[2025-08-20T20:18:37.354+0000] {logging_mixin.py:190} INFO - [2025-08-20T20:18:37.354+0000] {dagbag.py:587} INFO - Filling up the DagBag from /home/airflow/.local/lib/python3.12/site-packages/airflow/example_dags/example_branch_labels.py
[2025-08-20T20:18:37.433+0000] {processor.py:925} INFO - DAG(s) 'example_branch_labels' retrieved from /home/airflow/.local/lib/python3.12/site-packages/airflow/example_dags/example_branch_labels.py
[2025-08-20T20:18:38.069+0000] {logging_mixin.py:190} INFO - [2025-08-20T20:18:38.065+0000] {override.py:1900} INFO - Created Permission View: can read on DAG:example_branch_labels
[2025-08-20T20:18:38.081+0000] {logging_mixin.py:190} INFO - [2025-08-20T20:18:38.080+0000] {override.py:1900} INFO - Created Permission View: can delete on DAG:example_branch_labels
[2025-08-20T20:18:38.087+0000] {logging_mixin.py:190} INFO - [2025-08-20T20:18:38.087+0000] {override.py:1900} INFO - Created Permission View: can edit on DAG:example_branch_labels
[2025-08-20T20:18:38.092+0000] {logging_mixin.py:190} INFO - [2025-08-20T20:18:38.092+0000] {override.py:1900} INFO - Created Permission View: can read on DAG Run:example_branch_labels
[2025-08-20T20:18:38.098+0000] {logging_mixin.py:190} INFO - [2025-08-20T20:18:38.097+0000] {override.py:1900} INFO - Created Permission View: menu access on DAG Run:example_branch_labels
[2025-08-20T20:18:38.102+0000] {logging_mixin.py:190} INFO - [2025-08-20T20:18:38.102+0000] {override.py:1900} INFO - Created Permission View: can delete on DAG Run:example_branch_labels
[2025-08-20T20:18:38.106+0000] {logging_mixin.py:190} INFO - [2025-08-20T20:18:38.106+0000] {override.py:1900} INFO - Created Permission View: can create on DAG Run:example_branch_labels
[2025-08-20T20:18:38.107+0000] {logging_mixin.py:190} INFO - [2025-08-20T20:18:38.107+0000] {dag.py:3229} INFO - Sync 1 DAGs
[2025-08-20T20:18:38.132+0000] {logging_mixin.py:190} INFO - [2025-08-20T20:18:38.131+0000] {dag.py:3252} INFO - Creating ORM DAG for example_branch_labels
[2025-08-20T20:18:38.162+0000] {logging_mixin.py:190} INFO - [2025-08-20T20:18:38.162+0000] {dag.py:4156} INFO - Setting next_dagrun for example_branch_labels to 2025-08-19 00:00:00+00:00, run_after=2025-08-20 00:00:00+00:00
[2025-08-20T20:18:38.235+0000] {processor.py:208} INFO - Processing /home/airflow/.local/lib/python3.12/site-packages/airflow/example_dags/example_branch_labels.py took 0.903 seconds
[2025-08-20T20:19:08.553+0000] {processor.py:186} INFO - Started process (PID=174) to work on /home/airflow/.local/lib/python3.12/site-packages/airflow/example_dags/example_branch_labels.py
[2025-08-20T20:19:08.559+0000] {processor.py:914} INFO - Processing file /home/airflow/.local/lib/python3.12/site-packages/airflow/example_dags/example_branch_labels.py for tasks to queue
[2025-08-20T20:19:08.566+0000] {logging_mixin.py:190} INFO - [2025-08-20T20:19:08.564+0000] {dagbag.py:587} INFO - Filling up the DagBag from /home/airflow/.local/lib/python3.12/site-packages/airflow/example_dags/example_branch_labels.py
[2025-08-20T20:19:08.626+0000] {processor.py:925} INFO - DAG(s) 'example_branch_labels' retrieved from /home/airflow/.local/lib/python3.12/site-packages/airflow/example_dags/example_branch_labels.py
[2025-08-20T20:19:08.676+0000] {logging_mixin.py:190} INFO - [2025-08-20T20:19:08.674+0000] {dag.py:3229} INFO - Sync 1 DAGs
[2025-08-20T20:19:08.719+0000] {logging_mixin.py:190} INFO - [2025-08-20T20:19:08.719+0000] {dag.py:4156} INFO - Setting next_dagrun for example_branch_labels to 2025-08-19 00:00:00+00:00, run_after=2025-08-20 00:00:00+00:00
[2025-08-20T20:19:08.743+0000] {processor.py:208} INFO - Processing /home/airflow/.local/lib/python3.12/site-packages/airflow/example_dags/example_branch_labels.py took 0.207 seconds
[2025-08-20T20:19:39.329+0000] {processor.py:186} INFO - Started process (PID=236) to work on /home/airflow/.local/lib/python3.12/site-packages/airflow/example_dags/example_branch_labels.py
[2025-08-20T20:19:39.342+0000] {processor.py:914} INFO - Processing file /home/airflow/.local/lib/python3.12/site-packages/airflow/example_dags/example_branch_labels.py for tasks to queue
[2025-08-20T20:19:39.369+0000] {logging_mixin.py:190} INFO - [2025-08-20T20:19:39.365+0000] {dagbag.py:587} INFO - Filling up the DagBag from /home/airflow/.local/lib/python3.12/site-packages/airflow/example_dags/example_branch_labels.py
[2025-08-20T20:19:39.519+0000] {processor.py:925} INFO - DAG(s) 'example_branch_labels' retrieved from /home/airflow/.local/lib/python3.12/site-packages/airflow/example_dags/example_branch_labels.py
[2025-08-20T20:19:39.672+0000] {logging_mixin.py:190} INFO - [2025-08-20T20:19:39.672+0000] {dag.py:3229} INFO - Sync 1 DAGs
[2025-08-20T20:19:39.737+0000] {logging_mixin.py:190} INFO - [2025-08-20T20:19:39.737+0000] {dag.py:4156} INFO - Setting next_dagrun for example_branch_labels to 2025-08-19 00:00:00+00:00, run_after=2025-08-20 00:00:00+00:00
[2025-08-20T20:19:39.803+0000] {processor.py:208} INFO - Processing /home/airflow/.local/lib/python3.12/site-packages/airflow/example_dags/example_branch_labels.py took 0.581 seconds
[2025-08-20T20:20:10.235+0000] {processor.py:186} INFO - Started process (PID=298) to work on /home/airflow/.local/lib/python3.12/site-packages/airflow/example_dags/example_branch_labels.py
[2025-08-20T20:20:10.241+0000] {processor.py:914} INFO - Processing file /home/airflow/.local/lib/python3.12/site-packages/airflow/example_dags/example_branch_labels.py for tasks to queue
[2025-08-20T20:20:10.258+0000] {logging_mixin.py:190} INFO - [2025-08-20T20:20:10.256+0000] {dagbag.py:587} INFO - Filling up the DagBag from /home/airflow/.local/lib/python3.12/site-packages/airflow/example_dags/example_branch_labels.py
[2025-08-20T20:20:10.328+0000] {processor.py:925} INFO - DAG(s) 'example_branch_labels' retrieved from /home/airflow/.local/lib/python3.12/site-packages/airflow/example_dags/example_branch_labels.py
[2025-08-20T20:20:10.418+0000] {logging_mixin.py:190} INFO - [2025-08-20T20:20:10.416+0000] {dag.py:3229} INFO - Sync 1 DAGs
[2025-08-20T20:20:10.473+0000] {logging_mixin.py:190} INFO - [2025-08-20T20:20:10.473+0000] {dag.py:4156} INFO - Setting next_dagrun for example_branch_labels to 2025-08-19 00:00:00+00:00, run_after=2025-08-20 00:00:00+00:00
[2025-08-20T20:20:10.495+0000] {processor.py:208} INFO - Processing /home/airflow/.local/lib/python3.12/site-packages/airflow/example_dags/example_branch_labels.py took 0.283 seconds
[2025-08-20T20:20:42.570+0000] {processor.py:186} INFO - Started process (PID=360) to work on /home/airflow/.local/lib/python3.12/site-packages/airflow/example_dags/example_branch_labels.py
[2025-08-20T20:20:42.573+0000] {processor.py:914} INFO - Processing file /home/airflow/.local/lib/python3.12/site-packages/airflow/example_dags/example_branch_labels.py for tasks to queue
[2025-08-20T20:20:42.575+0000] {logging_mixin.py:190} INFO - [2025-08-20T20:20:42.574+0000] {dagbag.py:587} INFO - Filling up the DagBag from /home/airflow/.local/lib/python3.12/site-packages/airflow/example_dags/example_branch_labels.py
[2025-08-20T20:20:42.585+0000] {processor.py:925} INFO - DAG(s) 'example_branch_labels' retrieved from /home/airflow/.local/lib/python3.12/site-packages/airflow/example_dags/example_branch_labels.py
[2025-08-20T20:20:42.604+0000] {logging_mixin.py:190} INFO - [2025-08-20T20:20:42.603+0000] {dag.py:3229} INFO - Sync 1 DAGs
[2025-08-20T20:20:42.623+0000] {logging_mixin.py:190} INFO - [2025-08-20T20:20:42.623+0000] {dag.py:4156} INFO - Setting next_dagrun for example_branch_labels to 2025-08-19 00:00:00+00:00, run_after=2025-08-20 00:00:00+00:00
[2025-08-20T20:20:42.635+0000] {processor.py:208} INFO - Processing /home/airflow/.local/lib/python3.12/site-packages/airflow/example_dags/example_branch_labels.py took 0.069 seconds
[2025-08-20T20:21:17.496+0000] {processor.py:186} INFO - Started process (PID=422) to work on /home/airflow/.local/lib/python3.12/site-packages/airflow/example_dags/example_branch_labels.py
[2025-08-20T20:21:17.501+0000] {processor.py:914} INFO - Processing file /home/airflow/.local/lib/python3.12/site-packages/airflow/example_dags/example_branch_labels.py for tasks to queue
[2025-08-20T20:21:17.505+0000] {logging_mixin.py:190} INFO - [2025-08-20T20:21:17.504+0000] {dagbag.py:587} INFO - Filling up the DagBag from /home/airflow/.local/lib/python3.12/site-packages/airflow/example_dags/example_branch_labels.py
[2025-08-20T20:21:17.534+0000] {processor.py:925} INFO - DAG(s) 'example_branch_labels' retrieved from /home/airflow/.local/lib/python3.12/site-packages/airflow/example_dags/example_branch_labels.py
[2025-08-20T20:21:17.604+0000] {logging_mixin.py:190} INFO - [2025-08-20T20:21:17.603+0000] {dag.py:3229} INFO - Sync 1 DAGs
[2025-08-20T20:21:17.662+0000] {logging_mixin.py:190} INFO - [2025-08-20T20:21:17.661+0000] {dag.py:4156} INFO - Setting next_dagrun for example_branch_labels to 2025-08-19 00:00:00+00:00, run_after=2025-08-20 00:00:00+00:00
[2025-08-20T20:21:17.677+0000] {processor.py:208} INFO - Processing /home/airflow/.local/lib/python3.12/site-packages/airflow/example_dags/example_branch_labels.py took 0.197 seconds
[2025-08-20T20:21:50.719+0000] {processor.py:186} INFO - Started process (PID=484) to work on /home/airflow/.local/lib/python3.12/site-packages/airflow/example_dags/example_branch_labels.py
[2025-08-20T20:21:50.730+0000] {processor.py:914} INFO - Processing file /home/airflow/.local/lib/python3.12/site-packages/airflow/example_dags/example_branch_labels.py for tasks to queue
[2025-08-20T20:21:50.742+0000] {logging_mixin.py:190} INFO - [2025-08-20T20:21:50.741+0000] {dagbag.py:587} INFO - Filling up the DagBag from /home/airflow/.local/lib/python3.12/site-packages/airflow/example_dags/example_branch_labels.py
[2025-08-20T20:21:50.756+0000] {processor.py:925} INFO - DAG(s) 'example_branch_labels' retrieved from /home/airflow/.local/lib/python3.12/site-packages/airflow/example_dags/example_branch_labels.py
[2025-08-20T20:21:50.785+0000] {logging_mixin.py:190} INFO - [2025-08-20T20:21:50.784+0000] {dag.py:3229} INFO - Sync 1 DAGs
[2025-08-20T20:21:50.806+0000] {logging_mixin.py:190} INFO - [2025-08-20T20:21:50.806+0000] {dag.py:4156} INFO - Setting next_dagrun for example_branch_labels to 2025-08-19 00:00:00+00:00, run_after=2025-08-20 00:00:00+00:00
[2025-08-20T20:21:50.819+0000] {processor.py:208} INFO - Processing /home/airflow/.local/lib/python3.12/site-packages/airflow/example_dags/example_branch_labels.py took 0.116 seconds
[2025-08-20T20:22:22.777+0000] {processor.py:186} INFO - Started process (PID=546) to work on /home/airflow/.local/lib/python3.12/site-packages/airflow/example_dags/example_branch_labels.py
[2025-08-20T20:22:22.779+0000] {processor.py:914} INFO - Processing file /home/airflow/.local/lib/python3.12/site-packages/airflow/example_dags/example_branch_labels.py for tasks to queue
[2025-08-20T20:22:22.782+0000] {logging_mixin.py:190} INFO - [2025-08-20T20:22:22.782+0000] {dagbag.py:587} INFO - Filling up the DagBag from /home/airflow/.local/lib/python3.12/site-packages/airflow/example_dags/example_branch_labels.py
[2025-08-20T20:22:22.810+0000] {processor.py:925} INFO - DAG(s) 'example_branch_labels' retrieved from /home/airflow/.local/lib/python3.12/site-packages/airflow/example_dags/example_branch_labels.py
[2025-08-20T20:22:22.874+0000] {logging_mixin.py:190} INFO - [2025-08-20T20:22:22.874+0000] {dag.py:3229} INFO - Sync 1 DAGs
[2025-08-20T20:22:22.954+0000] {logging_mixin.py:190} INFO - [2025-08-20T20:22:22.954+0000] {dag.py:4156} INFO - Setting next_dagrun for example_branch_labels to 2025-08-19 00:00:00+00:00, run_after=2025-08-20 00:00:00+00:00
[2025-08-20T20:22:22.987+0000] {processor.py:208} INFO - Processing /home/airflow/.local/lib/python3.12/site-packages/airflow/example_dags/example_branch_labels.py took 0.223 seconds
[2025-08-20T20:22:54.387+0000] {processor.py:186} INFO - Started process (PID=608) to work on /home/airflow/.local/lib/python3.12/site-packages/airflow/example_dags/example_branch_labels.py
[2025-08-20T20:22:54.394+0000] {processor.py:914} INFO - Processing file /home/airflow/.local/lib/python3.12/site-packages/airflow/example_dags/example_branch_labels.py for tasks to queue
[2025-08-20T20:22:54.396+0000] {logging_mixin.py:190} INFO - [2025-08-20T20:22:54.396+0000] {dagbag.py:587} INFO - Filling up the DagBag from /home/airflow/.local/lib/python3.12/site-packages/airflow/example_dags/example_branch_labels.py
[2025-08-20T20:22:54.440+0000] {processor.py:925} INFO - DAG(s) 'example_branch_labels' retrieved from /home/airflow/.local/lib/python3.12/site-packages/airflow/example_dags/example_branch_labels.py
[2025-08-20T20:22:54.485+0000] {logging_mixin.py:190} INFO - [2025-08-20T20:22:54.484+0000] {dag.py:3229} INFO - Sync 1 DAGs
[2025-08-20T20:22:54.517+0000] {logging_mixin.py:190} INFO - [2025-08-20T20:22:54.516+0000] {dag.py:4156} INFO - Setting next_dagrun for example_branch_labels to 2025-08-19 00:00:00+00:00, run_after=2025-08-20 00:00:00+00:00
[2025-08-20T20:22:54.532+0000] {processor.py:208} INFO - Processing /home/airflow/.local/lib/python3.12/site-packages/airflow/example_dags/example_branch_labels.py took 0.153 seconds
[2025-08-20T20:23:29.650+0000] {processor.py:186} INFO - Started process (PID=675) to work on /home/airflow/.local/lib/python3.12/site-packages/airflow/example_dags/example_branch_labels.py
[2025-08-20T20:23:29.652+0000] {processor.py:914} INFO - Processing file /home/airflow/.local/lib/python3.12/site-packages/airflow/example_dags/example_branch_labels.py for tasks to queue
[2025-08-20T20:23:29.653+0000] {logging_mixin.py:190} INFO - [2025-08-20T20:23:29.653+0000] {dagbag.py:587} INFO - Filling up the DagBag from /home/airflow/.local/lib/python3.12/site-packages/airflow/example_dags/example_branch_labels.py
[2025-08-20T20:23:29.663+0000] {processor.py:925} INFO - DAG(s) 'example_branch_labels' retrieved from /home/airflow/.local/lib/python3.12/site-packages/airflow/example_dags/example_branch_labels.py
[2025-08-20T20:23:29.697+0000] {logging_mixin.py:190} INFO - [2025-08-20T20:23:29.697+0000] {dag.py:3229} INFO - Sync 1 DAGs
[2025-08-20T20:23:29.717+0000] {logging_mixin.py:190} INFO - [2025-08-20T20:23:29.716+0000] {dag.py:4156} INFO - Setting next_dagrun for example_branch_labels to 2025-08-19 00:00:00+00:00, run_after=2025-08-20 00:00:00+00:00
[2025-08-20T20:23:29.734+0000] {processor.py:208} INFO - Processing /home/airflow/.local/lib/python3.12/site-packages/airflow/example_dags/example_branch_labels.py took 0.090 seconds
[2025-08-20T20:24:00.183+0000] {processor.py:186} INFO - Started process (PID=737) to work on /home/airflow/.local/lib/python3.12/site-packages/airflow/example_dags/example_branch_labels.py
[2025-08-20T20:24:00.185+0000] {processor.py:914} INFO - Processing file /home/airflow/.local/lib/python3.12/site-packages/airflow/example_dags/example_branch_labels.py for tasks to queue
[2025-08-20T20:24:00.187+0000] {logging_mixin.py:190} INFO - [2025-08-20T20:24:00.187+0000] {dagbag.py:587} INFO - Filling up the DagBag from /home/airflow/.local/lib/python3.12/site-packages/airflow/example_dags/example_branch_labels.py
[2025-08-20T20:24:00.198+0000] {processor.py:925} INFO - DAG(s) 'example_branch_labels' retrieved from /home/airflow/.local/lib/python3.12/site-packages/airflow/example_dags/example_branch_labels.py
[2025-08-20T20:24:00.228+0000] {logging_mixin.py:190} INFO - [2025-08-20T20:24:00.228+0000] {dag.py:3229} INFO - Sync 1 DAGs
[2025-08-20T20:24:00.264+0000] {logging_mixin.py:190} INFO - [2025-08-20T20:24:00.264+0000] {dag.py:4156} INFO - Setting next_dagrun for example_branch_labels to 2025-08-19 00:00:00+00:00, run_after=2025-08-20 00:00:00+00:00
[2025-08-20T20:24:00.280+0000] {processor.py:208} INFO - Processing /home/airflow/.local/lib/python3.12/site-packages/airflow/example_dags/example_branch_labels.py took 0.111 seconds
[2025-08-20T20:24:30.484+0000] {processor.py:186} INFO - Started process (PID=799) to work on /home/airflow/.local/lib/python3.12/site-packages/airflow/example_dags/example_branch_labels.py
[2025-08-20T20:24:30.486+0000] {processor.py:914} INFO - Processing file /home/airflow/.local/lib/python3.12/site-packages/airflow/example_dags/example_branch_labels.py for tasks to queue
[2025-08-20T20:24:30.489+0000] {logging_mixin.py:190} INFO - [2025-08-20T20:24:30.489+0000] {dagbag.py:587} INFO - Filling up the DagBag from /home/airflow/.local/lib/python3.12/site-packages/airflow/example_dags/example_branch_labels.py
[2025-08-20T20:24:30.502+0000] {processor.py:925} INFO - DAG(s) 'example_branch_labels' retrieved from /home/airflow/.local/lib/python3.12/site-packages/airflow/example_dags/example_branch_labels.py
[2025-08-20T20:24:30.517+0000] {logging_mixin.py:190} INFO - [2025-08-20T20:24:30.517+0000] {dag.py:3229} INFO - Sync 1 DAGs
[2025-08-20T20:24:30.528+0000] {logging_mixin.py:190} INFO - [2025-08-20T20:24:30.528+0000] {dag.py:4156} INFO - Setting next_dagrun for example_branch_labels to 2025-08-19 00:00:00+00:00, run_after=2025-08-20 00:00:00+00:00
[2025-08-20T20:24:30.536+0000] {processor.py:208} INFO - Processing /home/airflow/.local/lib/python3.12/site-packages/airflow/example_dags/example_branch_labels.py took 0.056 seconds
[2025-08-20T20:25:02.655+0000] {processor.py:186} INFO - Started process (PID=860) to work on /home/airflow/.local/lib/python3.12/site-packages/airflow/example_dags/example_branch_labels.py
[2025-08-20T20:25:02.658+0000] {processor.py:914} INFO - Processing file /home/airflow/.local/lib/python3.12/site-packages/airflow/example_dags/example_branch_labels.py for tasks to queue
[2025-08-20T20:25:02.662+0000] {logging_mixin.py:190} INFO - [2025-08-20T20:25:02.662+0000] {dagbag.py:587} INFO - Filling up the DagBag from /home/airflow/.local/lib/python3.12/site-packages/airflow/example_dags/example_branch_labels.py
[2025-08-20T20:25:02.715+0000] {processor.py:925} INFO - DAG(s) 'example_branch_labels' retrieved from /home/airflow/.local/lib/python3.12/site-packages/airflow/example_dags/example_branch_labels.py
[2025-08-20T20:25:02.757+0000] {logging_mixin.py:190} INFO - [2025-08-20T20:25:02.756+0000] {dag.py:3229} INFO - Sync 1 DAGs
[2025-08-20T20:25:02.820+0000] {logging_mixin.py:190} INFO - [2025-08-20T20:25:02.820+0000] {dag.py:4156} INFO - Setting next_dagrun for example_branch_labels to 2025-08-19 00:00:00+00:00, run_after=2025-08-20 00:00:00+00:00
[2025-08-20T20:25:02.874+0000] {processor.py:208} INFO - Processing /home/airflow/.local/lib/python3.12/site-packages/airflow/example_dags/example_branch_labels.py took 0.237 seconds
[2025-08-20T20:25:33.676+0000] {processor.py:186} INFO - Started process (PID=923) to work on /home/airflow/.local/lib/python3.12/site-packages/airflow/example_dags/example_branch_labels.py
[2025-08-20T20:25:33.677+0000] {processor.py:914} INFO - Processing file /home/airflow/.local/lib/python3.12/site-packages/airflow/example_dags/example_branch_labels.py for tasks to queue
[2025-08-20T20:25:33.678+0000] {logging_mixin.py:190} INFO - [2025-08-20T20:25:33.678+0000] {dagbag.py:587} INFO - Filling up the DagBag from /home/airflow/.local/lib/python3.12/site-packages/airflow/example_dags/example_branch_labels.py
[2025-08-20T20:25:33.686+0000] {processor.py:925} INFO - DAG(s) 'example_branch_labels' retrieved from /home/airflow/.local/lib/python3.12/site-packages/airflow/example_dags/example_branch_labels.py
[2025-08-20T20:25:33.700+0000] {logging_mixin.py:190} INFO - [2025-08-20T20:25:33.700+0000] {dag.py:3229} INFO - Sync 1 DAGs
[2025-08-20T20:25:33.720+0000] {logging_mixin.py:190} INFO - [2025-08-20T20:25:33.720+0000] {dag.py:4156} INFO - Setting next_dagrun for example_branch_labels to 2025-08-19 00:00:00+00:00, run_after=2025-08-20 00:00:00+00:00
[2025-08-20T20:25:33.736+0000] {processor.py:208} INFO - Processing /home/airflow/.local/lib/python3.12/site-packages/airflow/example_dags/example_branch_labels.py took 0.065 seconds
[2025-08-20T20:26:04.713+0000] {processor.py:186} INFO - Started process (PID=990) to work on /home/airflow/.local/lib/python3.12/site-packages/airflow/example_dags/example_branch_labels.py
[2025-08-20T20:26:04.715+0000] {processor.py:914} INFO - Processing file /home/airflow/.local/lib/python3.12/site-packages/airflow/example_dags/example_branch_labels.py for tasks to queue
[2025-08-20T20:26:04.718+0000] {logging_mixin.py:190} INFO - [2025-08-20T20:26:04.717+0000] {dagbag.py:587} INFO - Filling up the DagBag from /home/airflow/.local/lib/python3.12/site-packages/airflow/example_dags/example_branch_labels.py
[2025-08-20T20:26:04.728+0000] {processor.py:925} INFO - DAG(s) 'example_branch_labels' retrieved from /home/airflow/.local/lib/python3.12/site-packages/airflow/example_dags/example_branch_labels.py
[2025-08-20T20:26:04.748+0000] {logging_mixin.py:190} INFO - [2025-08-20T20:26:04.748+0000] {dag.py:3229} INFO - Sync 1 DAGs
[2025-08-20T20:26:04.772+0000] {logging_mixin.py:190} INFO - [2025-08-20T20:26:04.772+0000] {dag.py:4156} INFO - Setting next_dagrun for example_branch_labels to 2025-08-19 00:00:00+00:00, run_after=2025-08-20 00:00:00+00:00
[2025-08-20T20:26:04.785+0000] {processor.py:208} INFO - Processing /home/airflow/.local/lib/python3.12/site-packages/airflow/example_dags/example_branch_labels.py took 0.078 seconds
[2025-08-20T20:26:36.170+0000] {processor.py:186} INFO - Started process (PID=1053) to work on /home/airflow/.local/lib/python3.12/site-packages/airflow/example_dags/example_branch_labels.py
[2025-08-20T20:26:36.173+0000] {processor.py:914} INFO - Processing file /home/airflow/.local/lib/python3.12/site-packages/airflow/example_dags/example_branch_labels.py for tasks to queue
[2025-08-20T20:26:36.177+0000] {logging_mixin.py:190} INFO - [2025-08-20T20:26:36.176+0000] {dagbag.py:587} INFO - Filling up the DagBag from /home/airflow/.local/lib/python3.12/site-packages/airflow/example_dags/example_branch_labels.py
[2025-08-20T20:26:36.187+0000] {processor.py:925} INFO - DAG(s) 'example_branch_labels' retrieved from /home/airflow/.local/lib/python3.12/site-packages/airflow/example_dags/example_branch_labels.py
[2025-08-20T20:26:36.223+0000] {logging_mixin.py:190} INFO - [2025-08-20T20:26:36.222+0000] {dag.py:3229} INFO - Sync 1 DAGs
[2025-08-20T20:26:36.261+0000] {logging_mixin.py:190} INFO - [2025-08-20T20:26:36.261+0000] {dag.py:4156} INFO - Setting next_dagrun for example_branch_labels to 2025-08-19 00:00:00+00:00, run_after=2025-08-20 00:00:00+00:00
[2025-08-20T20:26:36.275+0000] {processor.py:208} INFO - Processing /home/airflow/.local/lib/python3.12/site-packages/airflow/example_dags/example_branch_labels.py took 0.112 seconds
