[2025-08-20T20:18:17.098+0000] {processor.py:186} INFO - Started process (PID=74) to work on /home/airflow/.local/lib/python3.12/site-packages/airflow/example_dags/example_branch_day_of_week_operator.py
[2025-08-20T20:18:17.101+0000] {processor.py:914} INFO - Processing file /home/airflow/.local/lib/python3.12/site-packages/airflow/example_dags/example_branch_day_of_week_operator.py for tasks to queue
[2025-08-20T20:18:17.116+0000] {logging_mixin.py:190} INFO - [2025-08-20T20:18:17.115+0000] {dagbag.py:587} INFO - Filling up the DagBag from /home/airflow/.local/lib/python3.12/site-packages/airflow/example_dags/example_branch_day_of_week_operator.py
[2025-08-20T20:18:17.160+0000] {processor.py:925} INFO - DAG(s) 'example_weekday_branch_operator' retrieved from /home/airflow/.local/lib/python3.12/site-packages/airflow/example_dags/example_branch_day_of_week_operator.py
[2025-08-20T20:18:17.434+0000] {logging_mixin.py:190} INFO - [2025-08-20T20:18:17.430+0000] {override.py:1900} INFO - Created Permission View: can read on DAG:example_weekday_branch_operator
[2025-08-20T20:18:17.460+0000] {logging_mixin.py:190} INFO - [2025-08-20T20:18:17.459+0000] {override.py:1900} INFO - Created Permission View: can delete on DAG:example_weekday_branch_operator
[2025-08-20T20:18:17.494+0000] {logging_mixin.py:190} INFO - [2025-08-20T20:18:17.493+0000] {override.py:1900} INFO - Created Permission View: can edit on DAG:example_weekday_branch_operator
[2025-08-20T20:18:17.543+0000] {logging_mixin.py:190} INFO - [2025-08-20T20:18:17.542+0000] {override.py:1900} INFO - Created Permission View: can read on DAG Run:example_weekday_branch_operator
[2025-08-20T20:18:17.557+0000] {logging_mixin.py:190} INFO - [2025-08-20T20:18:17.557+0000] {override.py:1900} INFO - Created Permission View: menu access on DAG Run:example_weekday_branch_operator
[2025-08-20T20:18:17.567+0000] {logging_mixin.py:190} INFO - [2025-08-20T20:18:17.566+0000] {override.py:1900} INFO - Created Permission View: can delete on DAG Run:example_weekday_branch_operator
[2025-08-20T20:18:17.577+0000] {logging_mixin.py:190} INFO - [2025-08-20T20:18:17.577+0000] {override.py:1900} INFO - Created Permission View: can create on DAG Run:example_weekday_branch_operator
[2025-08-20T20:18:17.578+0000] {logging_mixin.py:190} INFO - [2025-08-20T20:18:17.578+0000] {dag.py:3229} INFO - Sync 1 DAGs
[2025-08-20T20:18:17.602+0000] {logging_mixin.py:190} INFO - [2025-08-20T20:18:17.601+0000] {dag.py:3252} INFO - Creating ORM DAG for example_weekday_branch_operator
[2025-08-20T20:18:17.635+0000] {logging_mixin.py:190} INFO - [2025-08-20T20:18:17.635+0000] {dag.py:4156} INFO - Setting next_dagrun for example_weekday_branch_operator to 2025-08-19 00:00:00+00:00, run_after=2025-08-20 00:00:00+00:00
[2025-08-20T20:18:17.670+0000] {processor.py:208} INFO - Processing /home/airflow/.local/lib/python3.12/site-packages/airflow/example_dags/example_branch_day_of_week_operator.py took 0.636 seconds
[2025-08-20T20:18:48.337+0000] {processor.py:186} INFO - Started process (PID=136) to work on /home/airflow/.local/lib/python3.12/site-packages/airflow/example_dags/example_branch_day_of_week_operator.py
[2025-08-20T20:18:48.342+0000] {processor.py:914} INFO - Processing file /home/airflow/.local/lib/python3.12/site-packages/airflow/example_dags/example_branch_day_of_week_operator.py for tasks to queue
[2025-08-20T20:18:48.351+0000] {logging_mixin.py:190} INFO - [2025-08-20T20:18:48.350+0000] {dagbag.py:587} INFO - Filling up the DagBag from /home/airflow/.local/lib/python3.12/site-packages/airflow/example_dags/example_branch_day_of_week_operator.py
[2025-08-20T20:18:48.384+0000] {processor.py:925} INFO - DAG(s) 'example_weekday_branch_operator' retrieved from /home/airflow/.local/lib/python3.12/site-packages/airflow/example_dags/example_branch_day_of_week_operator.py
[2025-08-20T20:18:48.434+0000] {logging_mixin.py:190} INFO - [2025-08-20T20:18:48.433+0000] {dag.py:3229} INFO - Sync 1 DAGs
[2025-08-20T20:18:48.470+0000] {logging_mixin.py:190} INFO - [2025-08-20T20:18:48.469+0000] {dag.py:4156} INFO - Setting next_dagrun for example_weekday_branch_operator to 2025-08-19 00:00:00+00:00, run_after=2025-08-20 00:00:00+00:00
[2025-08-20T20:18:48.507+0000] {processor.py:208} INFO - Processing /home/airflow/.local/lib/python3.12/site-packages/airflow/example_dags/example_branch_day_of_week_operator.py took 0.183 seconds
[2025-08-20T20:19:19.146+0000] {processor.py:186} INFO - Started process (PID=198) to work on /home/airflow/.local/lib/python3.12/site-packages/airflow/example_dags/example_branch_day_of_week_operator.py
[2025-08-20T20:19:19.153+0000] {processor.py:914} INFO - Processing file /home/airflow/.local/lib/python3.12/site-packages/airflow/example_dags/example_branch_day_of_week_operator.py for tasks to queue
[2025-08-20T20:19:19.165+0000] {logging_mixin.py:190} INFO - [2025-08-20T20:19:19.165+0000] {dagbag.py:587} INFO - Filling up the DagBag from /home/airflow/.local/lib/python3.12/site-packages/airflow/example_dags/example_branch_day_of_week_operator.py
[2025-08-20T20:19:19.190+0000] {processor.py:925} INFO - DAG(s) 'example_weekday_branch_operator' retrieved from /home/airflow/.local/lib/python3.12/site-packages/airflow/example_dags/example_branch_day_of_week_operator.py
[2025-08-20T20:19:19.257+0000] {logging_mixin.py:190} INFO - [2025-08-20T20:19:19.256+0000] {dag.py:3229} INFO - Sync 1 DAGs
[2025-08-20T20:19:19.348+0000] {logging_mixin.py:190} INFO - [2025-08-20T20:19:19.347+0000] {dag.py:4156} INFO - Setting next_dagrun for example_weekday_branch_operator to 2025-08-19 00:00:00+00:00, run_after=2025-08-20 00:00:00+00:00
[2025-08-20T20:19:19.359+0000] {processor.py:208} INFO - Processing /home/airflow/.local/lib/python3.12/site-packages/airflow/example_dags/example_branch_day_of_week_operator.py took 0.233 seconds
[2025-08-20T20:19:51.641+0000] {processor.py:186} INFO - Started process (PID=260) to work on /home/airflow/.local/lib/python3.12/site-packages/airflow/example_dags/example_branch_day_of_week_operator.py
[2025-08-20T20:19:51.652+0000] {processor.py:914} INFO - Processing file /home/airflow/.local/lib/python3.12/site-packages/airflow/example_dags/example_branch_day_of_week_operator.py for tasks to queue
[2025-08-20T20:19:51.666+0000] {logging_mixin.py:190} INFO - [2025-08-20T20:19:51.664+0000] {dagbag.py:587} INFO - Filling up the DagBag from /home/airflow/.local/lib/python3.12/site-packages/airflow/example_dags/example_branch_day_of_week_operator.py
[2025-08-20T20:19:51.750+0000] {processor.py:925} INFO - DAG(s) 'example_weekday_branch_operator' retrieved from /home/airflow/.local/lib/python3.12/site-packages/airflow/example_dags/example_branch_day_of_week_operator.py
[2025-08-20T20:19:51.782+0000] {logging_mixin.py:190} INFO - [2025-08-20T20:19:51.782+0000] {dag.py:3229} INFO - Sync 1 DAGs
[2025-08-20T20:19:51.849+0000] {logging_mixin.py:190} INFO - [2025-08-20T20:19:51.848+0000] {dag.py:4156} INFO - Setting next_dagrun for example_weekday_branch_operator to 2025-08-19 00:00:00+00:00, run_after=2025-08-20 00:00:00+00:00
[2025-08-20T20:19:51.887+0000] {processor.py:208} INFO - Processing /home/airflow/.local/lib/python3.12/site-packages/airflow/example_dags/example_branch_day_of_week_operator.py took 0.279 seconds
[2025-08-20T20:20:22.934+0000] {processor.py:186} INFO - Started process (PID=315) to work on /home/airflow/.local/lib/python3.12/site-packages/airflow/example_dags/example_branch_day_of_week_operator.py
[2025-08-20T20:20:22.943+0000] {processor.py:914} INFO - Processing file /home/airflow/.local/lib/python3.12/site-packages/airflow/example_dags/example_branch_day_of_week_operator.py for tasks to queue
[2025-08-20T20:20:22.960+0000] {logging_mixin.py:190} INFO - [2025-08-20T20:20:22.958+0000] {dagbag.py:587} INFO - Filling up the DagBag from /home/airflow/.local/lib/python3.12/site-packages/airflow/example_dags/example_branch_day_of_week_operator.py
[2025-08-20T20:20:23.019+0000] {processor.py:925} INFO - DAG(s) 'example_weekday_branch_operator' retrieved from /home/airflow/.local/lib/python3.12/site-packages/airflow/example_dags/example_branch_day_of_week_operator.py
[2025-08-20T20:20:23.124+0000] {logging_mixin.py:190} INFO - [2025-08-20T20:20:23.123+0000] {dag.py:3229} INFO - Sync 1 DAGs
[2025-08-20T20:20:23.185+0000] {logging_mixin.py:190} INFO - [2025-08-20T20:20:23.185+0000] {dag.py:4156} INFO - Setting next_dagrun for example_weekday_branch_operator to 2025-08-19 00:00:00+00:00, run_after=2025-08-20 00:00:00+00:00
[2025-08-20T20:20:23.220+0000] {processor.py:208} INFO - Processing /home/airflow/.local/lib/python3.12/site-packages/airflow/example_dags/example_branch_day_of_week_operator.py took 0.308 seconds
[2025-08-20T20:20:56.380+0000] {processor.py:186} INFO - Started process (PID=377) to work on /home/airflow/.local/lib/python3.12/site-packages/airflow/example_dags/example_branch_day_of_week_operator.py
[2025-08-20T20:20:56.384+0000] {processor.py:914} INFO - Processing file /home/airflow/.local/lib/python3.12/site-packages/airflow/example_dags/example_branch_day_of_week_operator.py for tasks to queue
[2025-08-20T20:20:56.389+0000] {logging_mixin.py:190} INFO - [2025-08-20T20:20:56.388+0000] {dagbag.py:587} INFO - Filling up the DagBag from /home/airflow/.local/lib/python3.12/site-packages/airflow/example_dags/example_branch_day_of_week_operator.py
[2025-08-20T20:20:56.402+0000] {processor.py:925} INFO - DAG(s) 'example_weekday_branch_operator' retrieved from /home/airflow/.local/lib/python3.12/site-packages/airflow/example_dags/example_branch_day_of_week_operator.py
[2025-08-20T20:20:56.422+0000] {logging_mixin.py:190} INFO - [2025-08-20T20:20:56.421+0000] {dag.py:3229} INFO - Sync 1 DAGs
[2025-08-20T20:20:56.438+0000] {logging_mixin.py:190} INFO - [2025-08-20T20:20:56.438+0000] {dag.py:4156} INFO - Setting next_dagrun for example_weekday_branch_operator to 2025-08-19 00:00:00+00:00, run_after=2025-08-20 00:00:00+00:00
[2025-08-20T20:20:56.453+0000] {processor.py:208} INFO - Processing /home/airflow/.local/lib/python3.12/site-packages/airflow/example_dags/example_branch_day_of_week_operator.py took 0.088 seconds
[2025-08-20T20:21:26.976+0000] {processor.py:186} INFO - Started process (PID=439) to work on /home/airflow/.local/lib/python3.12/site-packages/airflow/example_dags/example_branch_day_of_week_operator.py
[2025-08-20T20:21:26.978+0000] {processor.py:914} INFO - Processing file /home/airflow/.local/lib/python3.12/site-packages/airflow/example_dags/example_branch_day_of_week_operator.py for tasks to queue
[2025-08-20T20:21:26.980+0000] {logging_mixin.py:190} INFO - [2025-08-20T20:21:26.979+0000] {dagbag.py:587} INFO - Filling up the DagBag from /home/airflow/.local/lib/python3.12/site-packages/airflow/example_dags/example_branch_day_of_week_operator.py
[2025-08-20T20:21:27.061+0000] {processor.py:925} INFO - DAG(s) 'example_weekday_branch_operator' retrieved from /home/airflow/.local/lib/python3.12/site-packages/airflow/example_dags/example_branch_day_of_week_operator.py
[2025-08-20T20:21:27.104+0000] {logging_mixin.py:190} INFO - [2025-08-20T20:21:27.104+0000] {dag.py:3229} INFO - Sync 1 DAGs
[2025-08-20T20:21:27.129+0000] {logging_mixin.py:190} INFO - [2025-08-20T20:21:27.129+0000] {dag.py:4156} INFO - Setting next_dagrun for example_weekday_branch_operator to 2025-08-19 00:00:00+00:00, run_after=2025-08-20 00:00:00+00:00
[2025-08-20T20:21:27.143+0000] {processor.py:208} INFO - Processing /home/airflow/.local/lib/python3.12/site-packages/airflow/example_dags/example_branch_day_of_week_operator.py took 0.173 seconds
[2025-08-20T20:21:57.306+0000] {processor.py:186} INFO - Started process (PID=501) to work on /home/airflow/.local/lib/python3.12/site-packages/airflow/example_dags/example_branch_day_of_week_operator.py
[2025-08-20T20:21:57.309+0000] {processor.py:914} INFO - Processing file /home/airflow/.local/lib/python3.12/site-packages/airflow/example_dags/example_branch_day_of_week_operator.py for tasks to queue
[2025-08-20T20:21:57.312+0000] {logging_mixin.py:190} INFO - [2025-08-20T20:21:57.312+0000] {dagbag.py:587} INFO - Filling up the DagBag from /home/airflow/.local/lib/python3.12/site-packages/airflow/example_dags/example_branch_day_of_week_operator.py
[2025-08-20T20:21:57.332+0000] {processor.py:925} INFO - DAG(s) 'example_weekday_branch_operator' retrieved from /home/airflow/.local/lib/python3.12/site-packages/airflow/example_dags/example_branch_day_of_week_operator.py
[2025-08-20T20:21:57.369+0000] {logging_mixin.py:190} INFO - [2025-08-20T20:21:57.368+0000] {dag.py:3229} INFO - Sync 1 DAGs
[2025-08-20T20:21:57.453+0000] {logging_mixin.py:190} INFO - [2025-08-20T20:21:57.452+0000] {dag.py:4156} INFO - Setting next_dagrun for example_weekday_branch_operator to 2025-08-19 00:00:00+00:00, run_after=2025-08-20 00:00:00+00:00
[2025-08-20T20:21:57.479+0000] {processor.py:208} INFO - Processing /home/airflow/.local/lib/python3.12/site-packages/airflow/example_dags/example_branch_day_of_week_operator.py took 0.184 seconds
[2025-08-20T20:22:28.439+0000] {processor.py:186} INFO - Started process (PID=563) to work on /home/airflow/.local/lib/python3.12/site-packages/airflow/example_dags/example_branch_day_of_week_operator.py
[2025-08-20T20:22:28.441+0000] {processor.py:914} INFO - Processing file /home/airflow/.local/lib/python3.12/site-packages/airflow/example_dags/example_branch_day_of_week_operator.py for tasks to queue
[2025-08-20T20:22:28.445+0000] {logging_mixin.py:190} INFO - [2025-08-20T20:22:28.445+0000] {dagbag.py:587} INFO - Filling up the DagBag from /home/airflow/.local/lib/python3.12/site-packages/airflow/example_dags/example_branch_day_of_week_operator.py
[2025-08-20T20:22:28.468+0000] {processor.py:925} INFO - DAG(s) 'example_weekday_branch_operator' retrieved from /home/airflow/.local/lib/python3.12/site-packages/airflow/example_dags/example_branch_day_of_week_operator.py
[2025-08-20T20:22:28.542+0000] {logging_mixin.py:190} INFO - [2025-08-20T20:22:28.541+0000] {dag.py:3229} INFO - Sync 1 DAGs
[2025-08-20T20:22:28.602+0000] {logging_mixin.py:190} INFO - [2025-08-20T20:22:28.602+0000] {dag.py:4156} INFO - Setting next_dagrun for example_weekday_branch_operator to 2025-08-19 00:00:00+00:00, run_after=2025-08-20 00:00:00+00:00
[2025-08-20T20:22:28.635+0000] {processor.py:208} INFO - Processing /home/airflow/.local/lib/python3.12/site-packages/airflow/example_dags/example_branch_day_of_week_operator.py took 0.207 seconds
[2025-08-20T20:22:59.055+0000] {processor.py:186} INFO - Started process (PID=625) to work on /home/airflow/.local/lib/python3.12/site-packages/airflow/example_dags/example_branch_day_of_week_operator.py
[2025-08-20T20:22:59.059+0000] {processor.py:914} INFO - Processing file /home/airflow/.local/lib/python3.12/site-packages/airflow/example_dags/example_branch_day_of_week_operator.py for tasks to queue
[2025-08-20T20:22:59.088+0000] {logging_mixin.py:190} INFO - [2025-08-20T20:22:59.080+0000] {dagbag.py:587} INFO - Filling up the DagBag from /home/airflow/.local/lib/python3.12/site-packages/airflow/example_dags/example_branch_day_of_week_operator.py
[2025-08-20T20:22:59.113+0000] {processor.py:925} INFO - DAG(s) 'example_weekday_branch_operator' retrieved from /home/airflow/.local/lib/python3.12/site-packages/airflow/example_dags/example_branch_day_of_week_operator.py
[2025-08-20T20:22:59.139+0000] {logging_mixin.py:190} INFO - [2025-08-20T20:22:59.139+0000] {dag.py:3229} INFO - Sync 1 DAGs
[2025-08-20T20:22:59.167+0000] {logging_mixin.py:190} INFO - [2025-08-20T20:22:59.167+0000] {dag.py:4156} INFO - Setting next_dagrun for example_weekday_branch_operator to 2025-08-19 00:00:00+00:00, run_after=2025-08-20 00:00:00+00:00
[2025-08-20T20:22:59.180+0000] {processor.py:208} INFO - Processing /home/airflow/.local/lib/python3.12/site-packages/airflow/example_dags/example_branch_day_of_week_operator.py took 0.146 seconds
[2025-08-20T20:23:30.211+0000] {processor.py:186} INFO - Started process (PID=684) to work on /home/airflow/.local/lib/python3.12/site-packages/airflow/example_dags/example_branch_day_of_week_operator.py
[2025-08-20T20:23:30.214+0000] {processor.py:914} INFO - Processing file /home/airflow/.local/lib/python3.12/site-packages/airflow/example_dags/example_branch_day_of_week_operator.py for tasks to queue
[2025-08-20T20:23:30.217+0000] {logging_mixin.py:190} INFO - [2025-08-20T20:23:30.216+0000] {dagbag.py:587} INFO - Filling up the DagBag from /home/airflow/.local/lib/python3.12/site-packages/airflow/example_dags/example_branch_day_of_week_operator.py
[2025-08-20T20:23:30.309+0000] {processor.py:925} INFO - DAG(s) 'example_weekday_branch_operator' retrieved from /home/airflow/.local/lib/python3.12/site-packages/airflow/example_dags/example_branch_day_of_week_operator.py
[2025-08-20T20:23:30.331+0000] {logging_mixin.py:190} INFO - [2025-08-20T20:23:30.331+0000] {dag.py:3229} INFO - Sync 1 DAGs
[2025-08-20T20:23:30.349+0000] {logging_mixin.py:190} INFO - [2025-08-20T20:23:30.348+0000] {dag.py:4156} INFO - Setting next_dagrun for example_weekday_branch_operator to 2025-08-19 00:00:00+00:00, run_after=2025-08-20 00:00:00+00:00
[2025-08-20T20:23:30.371+0000] {processor.py:208} INFO - Processing /home/airflow/.local/lib/python3.12/site-packages/airflow/example_dags/example_branch_day_of_week_operator.py took 0.169 seconds
[2025-08-20T20:24:01.075+0000] {processor.py:186} INFO - Started process (PID=746) to work on /home/airflow/.local/lib/python3.12/site-packages/airflow/example_dags/example_branch_day_of_week_operator.py
[2025-08-20T20:24:01.078+0000] {processor.py:914} INFO - Processing file /home/airflow/.local/lib/python3.12/site-packages/airflow/example_dags/example_branch_day_of_week_operator.py for tasks to queue
[2025-08-20T20:24:01.080+0000] {logging_mixin.py:190} INFO - [2025-08-20T20:24:01.080+0000] {dagbag.py:587} INFO - Filling up the DagBag from /home/airflow/.local/lib/python3.12/site-packages/airflow/example_dags/example_branch_day_of_week_operator.py
[2025-08-20T20:24:01.096+0000] {processor.py:925} INFO - DAG(s) 'example_weekday_branch_operator' retrieved from /home/airflow/.local/lib/python3.12/site-packages/airflow/example_dags/example_branch_day_of_week_operator.py
[2025-08-20T20:24:01.153+0000] {logging_mixin.py:190} INFO - [2025-08-20T20:24:01.153+0000] {dag.py:3229} INFO - Sync 1 DAGs
[2025-08-20T20:24:01.182+0000] {logging_mixin.py:190} INFO - [2025-08-20T20:24:01.181+0000] {dag.py:4156} INFO - Setting next_dagrun for example_weekday_branch_operator to 2025-08-19 00:00:00+00:00, run_after=2025-08-20 00:00:00+00:00
[2025-08-20T20:24:01.211+0000] {processor.py:208} INFO - Processing /home/airflow/.local/lib/python3.12/site-packages/airflow/example_dags/example_branch_day_of_week_operator.py took 0.144 seconds
[2025-08-20T20:24:31.635+0000] {processor.py:186} INFO - Started process (PID=801) to work on /home/airflow/.local/lib/python3.12/site-packages/airflow/example_dags/example_branch_day_of_week_operator.py
[2025-08-20T20:24:31.641+0000] {processor.py:914} INFO - Processing file /home/airflow/.local/lib/python3.12/site-packages/airflow/example_dags/example_branch_day_of_week_operator.py for tasks to queue
[2025-08-20T20:24:31.651+0000] {logging_mixin.py:190} INFO - [2025-08-20T20:24:31.650+0000] {dagbag.py:587} INFO - Filling up the DagBag from /home/airflow/.local/lib/python3.12/site-packages/airflow/example_dags/example_branch_day_of_week_operator.py
[2025-08-20T20:24:31.671+0000] {processor.py:925} INFO - DAG(s) 'example_weekday_branch_operator' retrieved from /home/airflow/.local/lib/python3.12/site-packages/airflow/example_dags/example_branch_day_of_week_operator.py
[2025-08-20T20:24:31.738+0000] {logging_mixin.py:190} INFO - [2025-08-20T20:24:31.738+0000] {dag.py:3229} INFO - Sync 1 DAGs
[2025-08-20T20:24:31.766+0000] {logging_mixin.py:190} INFO - [2025-08-20T20:24:31.766+0000] {dag.py:4156} INFO - Setting next_dagrun for example_weekday_branch_operator to 2025-08-19 00:00:00+00:00, run_after=2025-08-20 00:00:00+00:00
[2025-08-20T20:24:31.789+0000] {processor.py:208} INFO - Processing /home/airflow/.local/lib/python3.12/site-packages/airflow/example_dags/example_branch_day_of_week_operator.py took 0.176 seconds
[2025-08-20T20:25:02.964+0000] {processor.py:186} INFO - Started process (PID=862) to work on /home/airflow/.local/lib/python3.12/site-packages/airflow/example_dags/example_branch_day_of_week_operator.py
[2025-08-20T20:25:02.968+0000] {processor.py:914} INFO - Processing file /home/airflow/.local/lib/python3.12/site-packages/airflow/example_dags/example_branch_day_of_week_operator.py for tasks to queue
[2025-08-20T20:25:02.972+0000] {logging_mixin.py:190} INFO - [2025-08-20T20:25:02.971+0000] {dagbag.py:587} INFO - Filling up the DagBag from /home/airflow/.local/lib/python3.12/site-packages/airflow/example_dags/example_branch_day_of_week_operator.py
[2025-08-20T20:25:02.993+0000] {processor.py:925} INFO - DAG(s) 'example_weekday_branch_operator' retrieved from /home/airflow/.local/lib/python3.12/site-packages/airflow/example_dags/example_branch_day_of_week_operator.py
[2025-08-20T20:25:03.056+0000] {logging_mixin.py:190} INFO - [2025-08-20T20:25:03.055+0000] {dag.py:3229} INFO - Sync 1 DAGs
[2025-08-20T20:25:03.104+0000] {logging_mixin.py:190} INFO - [2025-08-20T20:25:03.104+0000] {dag.py:4156} INFO - Setting next_dagrun for example_weekday_branch_operator to 2025-08-19 00:00:00+00:00, run_after=2025-08-20 00:00:00+00:00
[2025-08-20T20:25:03.173+0000] {processor.py:208} INFO - Processing /home/airflow/.local/lib/python3.12/site-packages/airflow/example_dags/example_branch_day_of_week_operator.py took 0.227 seconds
[2025-08-20T20:25:33.692+0000] {processor.py:186} INFO - Started process (PID=924) to work on /home/airflow/.local/lib/python3.12/site-packages/airflow/example_dags/example_branch_day_of_week_operator.py
[2025-08-20T20:25:33.693+0000] {processor.py:914} INFO - Processing file /home/airflow/.local/lib/python3.12/site-packages/airflow/example_dags/example_branch_day_of_week_operator.py for tasks to queue
[2025-08-20T20:25:33.695+0000] {logging_mixin.py:190} INFO - [2025-08-20T20:25:33.695+0000] {dagbag.py:587} INFO - Filling up the DagBag from /home/airflow/.local/lib/python3.12/site-packages/airflow/example_dags/example_branch_day_of_week_operator.py
[2025-08-20T20:25:33.704+0000] {processor.py:925} INFO - DAG(s) 'example_weekday_branch_operator' retrieved from /home/airflow/.local/lib/python3.12/site-packages/airflow/example_dags/example_branch_day_of_week_operator.py
[2025-08-20T20:25:33.731+0000] {logging_mixin.py:190} INFO - [2025-08-20T20:25:33.731+0000] {dag.py:3229} INFO - Sync 1 DAGs
[2025-08-20T20:25:33.757+0000] {logging_mixin.py:190} INFO - [2025-08-20T20:25:33.756+0000] {dag.py:4156} INFO - Setting next_dagrun for example_weekday_branch_operator to 2025-08-19 00:00:00+00:00, run_after=2025-08-20 00:00:00+00:00
[2025-08-20T20:25:33.779+0000] {processor.py:208} INFO - Processing /home/airflow/.local/lib/python3.12/site-packages/airflow/example_dags/example_branch_day_of_week_operator.py took 0.091 seconds
[2025-08-20T20:26:04.183+0000] {processor.py:186} INFO - Started process (PID=981) to work on /home/airflow/.local/lib/python3.12/site-packages/airflow/example_dags/example_branch_day_of_week_operator.py
[2025-08-20T20:26:04.185+0000] {processor.py:914} INFO - Processing file /home/airflow/.local/lib/python3.12/site-packages/airflow/example_dags/example_branch_day_of_week_operator.py for tasks to queue
[2025-08-20T20:26:04.190+0000] {logging_mixin.py:190} INFO - [2025-08-20T20:26:04.190+0000] {dagbag.py:587} INFO - Filling up the DagBag from /home/airflow/.local/lib/python3.12/site-packages/airflow/example_dags/example_branch_day_of_week_operator.py
[2025-08-20T20:26:04.208+0000] {processor.py:925} INFO - DAG(s) 'example_weekday_branch_operator' retrieved from /home/airflow/.local/lib/python3.12/site-packages/airflow/example_dags/example_branch_day_of_week_operator.py
[2025-08-20T20:26:04.228+0000] {logging_mixin.py:190} INFO - [2025-08-20T20:26:04.228+0000] {dag.py:3229} INFO - Sync 1 DAGs
[2025-08-20T20:26:04.248+0000] {logging_mixin.py:190} INFO - [2025-08-20T20:26:04.248+0000] {dag.py:4156} INFO - Setting next_dagrun for example_weekday_branch_operator to 2025-08-19 00:00:00+00:00, run_after=2025-08-20 00:00:00+00:00
[2025-08-20T20:26:04.265+0000] {processor.py:208} INFO - Processing /home/airflow/.local/lib/python3.12/site-packages/airflow/example_dags/example_branch_day_of_week_operator.py took 0.088 seconds
[2025-08-20T20:26:35.024+0000] {processor.py:186} INFO - Started process (PID=1043) to work on /home/airflow/.local/lib/python3.12/site-packages/airflow/example_dags/example_branch_day_of_week_operator.py
[2025-08-20T20:26:35.028+0000] {processor.py:914} INFO - Processing file /home/airflow/.local/lib/python3.12/site-packages/airflow/example_dags/example_branch_day_of_week_operator.py for tasks to queue
[2025-08-20T20:26:35.035+0000] {logging_mixin.py:190} INFO - [2025-08-20T20:26:35.035+0000] {dagbag.py:587} INFO - Filling up the DagBag from /home/airflow/.local/lib/python3.12/site-packages/airflow/example_dags/example_branch_day_of_week_operator.py
[2025-08-20T20:26:35.077+0000] {processor.py:925} INFO - DAG(s) 'example_weekday_branch_operator' retrieved from /home/airflow/.local/lib/python3.12/site-packages/airflow/example_dags/example_branch_day_of_week_operator.py
[2025-08-20T20:26:35.167+0000] {logging_mixin.py:190} INFO - [2025-08-20T20:26:35.166+0000] {dag.py:3229} INFO - Sync 1 DAGs
[2025-08-20T20:26:35.228+0000] {logging_mixin.py:190} INFO - [2025-08-20T20:26:35.228+0000] {dag.py:4156} INFO - Setting next_dagrun for example_weekday_branch_operator to 2025-08-19 00:00:00+00:00, run_after=2025-08-20 00:00:00+00:00
[2025-08-20T20:26:35.260+0000] {processor.py:208} INFO - Processing /home/airflow/.local/lib/python3.12/site-packages/airflow/example_dags/example_branch_day_of_week_operator.py took 0.252 seconds
