[2025-08-20T20:18:23.173+0000] {processor.py:186} INFO - Started process (PID=87) to work on /home/airflow/.local/lib/python3.12/site-packages/airflow/example_dags/example_python_operator.py
[2025-08-20T20:18:23.174+0000] {processor.py:914} INFO - Processing file /home/airflow/.local/lib/python3.12/site-packages/airflow/example_dags/example_python_operator.py for tasks to queue
[2025-08-20T20:18:23.177+0000] {logging_mixin.py:190} INFO - [2025-08-20T20:18:23.177+0000] {dagbag.py:587} INFO - Filling up the DagBag from /home/airflow/.local/lib/python3.12/site-packages/airflow/example_dags/example_python_operator.py
[2025-08-20T20:18:23.245+0000] {processor.py:925} INFO - DAG(s) 'example_python_operator' retrieved from /home/airflow/.local/lib/python3.12/site-packages/airflow/example_dags/example_python_operator.py
[2025-08-20T20:18:23.493+0000] {logging_mixin.py:190} INFO - [2025-08-20T20:18:23.490+0000] {override.py:1900} INFO - Created Permission View: can read on DAG:example_python_operator
[2025-08-20T20:18:23.511+0000] {logging_mixin.py:190} INFO - [2025-08-20T20:18:23.510+0000] {override.py:1900} INFO - Created Permission View: can delete on DAG:example_python_operator
[2025-08-20T20:18:23.520+0000] {logging_mixin.py:190} INFO - [2025-08-20T20:18:23.519+0000] {override.py:1900} INFO - Created Permission View: can edit on DAG:example_python_operator
[2025-08-20T20:18:23.526+0000] {logging_mixin.py:190} INFO - [2025-08-20T20:18:23.526+0000] {override.py:1900} INFO - Created Permission View: can read on DAG Run:example_python_operator
[2025-08-20T20:18:23.532+0000] {logging_mixin.py:190} INFO - [2025-08-20T20:18:23.532+0000] {override.py:1900} INFO - Created Permission View: menu access on DAG Run:example_python_operator
[2025-08-20T20:18:23.549+0000] {logging_mixin.py:190} INFO - [2025-08-20T20:18:23.549+0000] {override.py:1900} INFO - Created Permission View: can delete on DAG Run:example_python_operator
[2025-08-20T20:18:23.583+0000] {logging_mixin.py:190} INFO - [2025-08-20T20:18:23.583+0000] {override.py:1900} INFO - Created Permission View: can create on DAG Run:example_python_operator
[2025-08-20T20:18:23.587+0000] {logging_mixin.py:190} INFO - [2025-08-20T20:18:23.586+0000] {dag.py:3229} INFO - Sync 1 DAGs
[2025-08-20T20:18:23.646+0000] {logging_mixin.py:190} INFO - [2025-08-20T20:18:23.645+0000] {dag.py:3252} INFO - Creating ORM DAG for example_python_operator
[2025-08-20T20:18:23.651+0000] {logging_mixin.py:190} INFO - [2025-08-20T20:18:23.651+0000] {dag.py:4156} INFO - Setting next_dagrun for example_python_operator to None, run_after=None
[2025-08-20T20:18:23.697+0000] {processor.py:208} INFO - Processing /home/airflow/.local/lib/python3.12/site-packages/airflow/example_dags/example_python_operator.py took 0.530 seconds
[2025-08-20T20:18:54.901+0000] {processor.py:186} INFO - Started process (PID=149) to work on /home/airflow/.local/lib/python3.12/site-packages/airflow/example_dags/example_python_operator.py
[2025-08-20T20:18:54.910+0000] {processor.py:914} INFO - Processing file /home/airflow/.local/lib/python3.12/site-packages/airflow/example_dags/example_python_operator.py for tasks to queue
[2025-08-20T20:18:54.912+0000] {logging_mixin.py:190} INFO - [2025-08-20T20:18:54.911+0000] {dagbag.py:587} INFO - Filling up the DagBag from /home/airflow/.local/lib/python3.12/site-packages/airflow/example_dags/example_python_operator.py
[2025-08-20T20:18:54.922+0000] {processor.py:925} INFO - DAG(s) 'example_python_operator' retrieved from /home/airflow/.local/lib/python3.12/site-packages/airflow/example_dags/example_python_operator.py
[2025-08-20T20:18:54.943+0000] {logging_mixin.py:190} INFO - [2025-08-20T20:18:54.943+0000] {dag.py:3229} INFO - Sync 1 DAGs
[2025-08-20T20:18:54.952+0000] {logging_mixin.py:190} INFO - [2025-08-20T20:18:54.952+0000] {dag.py:4156} INFO - Setting next_dagrun for example_python_operator to None, run_after=None
[2025-08-20T20:18:54.964+0000] {processor.py:208} INFO - Processing /home/airflow/.local/lib/python3.12/site-packages/airflow/example_dags/example_python_operator.py took 0.083 seconds
[2025-08-20T20:19:27.210+0000] {processor.py:186} INFO - Started process (PID=211) to work on /home/airflow/.local/lib/python3.12/site-packages/airflow/example_dags/example_python_operator.py
[2025-08-20T20:19:27.218+0000] {processor.py:914} INFO - Processing file /home/airflow/.local/lib/python3.12/site-packages/airflow/example_dags/example_python_operator.py for tasks to queue
[2025-08-20T20:19:27.227+0000] {logging_mixin.py:190} INFO - [2025-08-20T20:19:27.226+0000] {dagbag.py:587} INFO - Filling up the DagBag from /home/airflow/.local/lib/python3.12/site-packages/airflow/example_dags/example_python_operator.py
[2025-08-20T20:19:27.306+0000] {processor.py:925} INFO - DAG(s) 'example_python_operator' retrieved from /home/airflow/.local/lib/python3.12/site-packages/airflow/example_dags/example_python_operator.py
[2025-08-20T20:19:27.413+0000] {logging_mixin.py:190} INFO - [2025-08-20T20:19:27.412+0000] {dag.py:3229} INFO - Sync 1 DAGs
[2025-08-20T20:19:27.467+0000] {logging_mixin.py:190} INFO - [2025-08-20T20:19:27.466+0000] {dag.py:4156} INFO - Setting next_dagrun for example_python_operator to None, run_after=None
[2025-08-20T20:19:27.544+0000] {processor.py:208} INFO - Processing /home/airflow/.local/lib/python3.12/site-packages/airflow/example_dags/example_python_operator.py took 0.408 seconds
[2025-08-20T20:19:59.543+0000] {processor.py:186} INFO - Started process (PID=273) to work on /home/airflow/.local/lib/python3.12/site-packages/airflow/example_dags/example_python_operator.py
[2025-08-20T20:19:59.547+0000] {processor.py:914} INFO - Processing file /home/airflow/.local/lib/python3.12/site-packages/airflow/example_dags/example_python_operator.py for tasks to queue
[2025-08-20T20:19:59.551+0000] {logging_mixin.py:190} INFO - [2025-08-20T20:19:59.550+0000] {dagbag.py:587} INFO - Filling up the DagBag from /home/airflow/.local/lib/python3.12/site-packages/airflow/example_dags/example_python_operator.py
[2025-08-20T20:19:59.564+0000] {processor.py:925} INFO - DAG(s) 'example_python_operator' retrieved from /home/airflow/.local/lib/python3.12/site-packages/airflow/example_dags/example_python_operator.py
[2025-08-20T20:19:59.588+0000] {logging_mixin.py:190} INFO - [2025-08-20T20:19:59.587+0000] {dag.py:3229} INFO - Sync 1 DAGs
[2025-08-20T20:19:59.605+0000] {logging_mixin.py:190} INFO - [2025-08-20T20:19:59.605+0000] {dag.py:4156} INFO - Setting next_dagrun for example_python_operator to None, run_after=None
[2025-08-20T20:19:59.630+0000] {processor.py:208} INFO - Processing /home/airflow/.local/lib/python3.12/site-packages/airflow/example_dags/example_python_operator.py took 0.092 seconds
[2025-08-20T20:20:37.218+0000] {processor.py:186} INFO - Started process (PID=341) to work on /home/airflow/.local/lib/python3.12/site-packages/airflow/example_dags/example_python_operator.py
[2025-08-20T20:20:37.223+0000] {processor.py:914} INFO - Processing file /home/airflow/.local/lib/python3.12/site-packages/airflow/example_dags/example_python_operator.py for tasks to queue
[2025-08-20T20:20:37.228+0000] {logging_mixin.py:190} INFO - [2025-08-20T20:20:37.227+0000] {dagbag.py:587} INFO - Filling up the DagBag from /home/airflow/.local/lib/python3.12/site-packages/airflow/example_dags/example_python_operator.py
[2025-08-20T20:20:37.260+0000] {processor.py:925} INFO - DAG(s) 'example_python_operator' retrieved from /home/airflow/.local/lib/python3.12/site-packages/airflow/example_dags/example_python_operator.py
[2025-08-20T20:20:37.278+0000] {logging_mixin.py:190} INFO - [2025-08-20T20:20:37.278+0000] {dag.py:3229} INFO - Sync 1 DAGs
[2025-08-20T20:20:37.300+0000] {logging_mixin.py:190} INFO - [2025-08-20T20:20:37.300+0000] {dag.py:4156} INFO - Setting next_dagrun for example_python_operator to None, run_after=None
[2025-08-20T20:20:37.339+0000] {processor.py:208} INFO - Processing /home/airflow/.local/lib/python3.12/site-packages/airflow/example_dags/example_python_operator.py took 0.140 seconds
[2025-08-20T20:21:08.779+0000] {processor.py:186} INFO - Started process (PID=403) to work on /home/airflow/.local/lib/python3.12/site-packages/airflow/example_dags/example_python_operator.py
[2025-08-20T20:21:08.798+0000] {processor.py:914} INFO - Processing file /home/airflow/.local/lib/python3.12/site-packages/airflow/example_dags/example_python_operator.py for tasks to queue
[2025-08-20T20:21:08.836+0000] {logging_mixin.py:190} INFO - [2025-08-20T20:21:08.835+0000] {dagbag.py:587} INFO - Filling up the DagBag from /home/airflow/.local/lib/python3.12/site-packages/airflow/example_dags/example_python_operator.py
[2025-08-20T20:21:08.882+0000] {processor.py:925} INFO - DAG(s) 'example_python_operator' retrieved from /home/airflow/.local/lib/python3.12/site-packages/airflow/example_dags/example_python_operator.py
[2025-08-20T20:21:08.937+0000] {logging_mixin.py:190} INFO - [2025-08-20T20:21:08.936+0000] {dag.py:3229} INFO - Sync 1 DAGs
[2025-08-20T20:21:08.976+0000] {logging_mixin.py:190} INFO - [2025-08-20T20:21:08.975+0000] {dag.py:4156} INFO - Setting next_dagrun for example_python_operator to None, run_after=None
[2025-08-20T20:21:09.017+0000] {processor.py:208} INFO - Processing /home/airflow/.local/lib/python3.12/site-packages/airflow/example_dags/example_python_operator.py took 0.307 seconds
[2025-08-20T20:21:39.816+0000] {processor.py:186} INFO - Started process (PID=465) to work on /home/airflow/.local/lib/python3.12/site-packages/airflow/example_dags/example_python_operator.py
[2025-08-20T20:21:39.822+0000] {processor.py:914} INFO - Processing file /home/airflow/.local/lib/python3.12/site-packages/airflow/example_dags/example_python_operator.py for tasks to queue
[2025-08-20T20:21:39.825+0000] {logging_mixin.py:190} INFO - [2025-08-20T20:21:39.825+0000] {dagbag.py:587} INFO - Filling up the DagBag from /home/airflow/.local/lib/python3.12/site-packages/airflow/example_dags/example_python_operator.py
[2025-08-20T20:21:39.933+0000] {processor.py:925} INFO - DAG(s) 'example_python_operator' retrieved from /home/airflow/.local/lib/python3.12/site-packages/airflow/example_dags/example_python_operator.py
[2025-08-20T20:21:39.962+0000] {logging_mixin.py:190} INFO - [2025-08-20T20:21:39.961+0000] {dag.py:3229} INFO - Sync 1 DAGs
[2025-08-20T20:21:39.972+0000] {logging_mixin.py:190} INFO - [2025-08-20T20:21:39.972+0000] {dag.py:4156} INFO - Setting next_dagrun for example_python_operator to None, run_after=None
[2025-08-20T20:21:39.991+0000] {processor.py:208} INFO - Processing /home/airflow/.local/lib/python3.12/site-packages/airflow/example_dags/example_python_operator.py took 0.192 seconds
[2025-08-20T20:22:12.888+0000] {processor.py:186} INFO - Started process (PID=527) to work on /home/airflow/.local/lib/python3.12/site-packages/airflow/example_dags/example_python_operator.py
[2025-08-20T20:22:12.893+0000] {processor.py:914} INFO - Processing file /home/airflow/.local/lib/python3.12/site-packages/airflow/example_dags/example_python_operator.py for tasks to queue
[2025-08-20T20:22:12.912+0000] {logging_mixin.py:190} INFO - [2025-08-20T20:22:12.910+0000] {dagbag.py:587} INFO - Filling up the DagBag from /home/airflow/.local/lib/python3.12/site-packages/airflow/example_dags/example_python_operator.py
[2025-08-20T20:22:12.997+0000] {processor.py:925} INFO - DAG(s) 'example_python_operator' retrieved from /home/airflow/.local/lib/python3.12/site-packages/airflow/example_dags/example_python_operator.py
[2025-08-20T20:22:13.088+0000] {logging_mixin.py:190} INFO - [2025-08-20T20:22:13.088+0000] {dag.py:3229} INFO - Sync 1 DAGs
[2025-08-20T20:22:13.107+0000] {logging_mixin.py:190} INFO - [2025-08-20T20:22:13.107+0000] {dag.py:4156} INFO - Setting next_dagrun for example_python_operator to None, run_after=None
[2025-08-20T20:22:13.120+0000] {processor.py:208} INFO - Processing /home/airflow/.local/lib/python3.12/site-packages/airflow/example_dags/example_python_operator.py took 0.249 seconds
[2025-08-20T20:22:46.837+0000] {processor.py:186} INFO - Started process (PID=589) to work on /home/airflow/.local/lib/python3.12/site-packages/airflow/example_dags/example_python_operator.py
[2025-08-20T20:22:46.841+0000] {processor.py:914} INFO - Processing file /home/airflow/.local/lib/python3.12/site-packages/airflow/example_dags/example_python_operator.py for tasks to queue
[2025-08-20T20:22:46.844+0000] {logging_mixin.py:190} INFO - [2025-08-20T20:22:46.844+0000] {dagbag.py:587} INFO - Filling up the DagBag from /home/airflow/.local/lib/python3.12/site-packages/airflow/example_dags/example_python_operator.py
[2025-08-20T20:22:46.865+0000] {processor.py:925} INFO - DAG(s) 'example_python_operator' retrieved from /home/airflow/.local/lib/python3.12/site-packages/airflow/example_dags/example_python_operator.py
[2025-08-20T20:22:46.886+0000] {logging_mixin.py:190} INFO - [2025-08-20T20:22:46.886+0000] {dag.py:3229} INFO - Sync 1 DAGs
[2025-08-20T20:22:46.900+0000] {logging_mixin.py:190} INFO - [2025-08-20T20:22:46.899+0000] {dag.py:4156} INFO - Setting next_dagrun for example_python_operator to None, run_after=None
[2025-08-20T20:22:46.914+0000] {processor.py:208} INFO - Processing /home/airflow/.local/lib/python3.12/site-packages/airflow/example_dags/example_python_operator.py took 0.083 seconds
[2025-08-20T20:23:19.385+0000] {processor.py:186} INFO - Started process (PID=651) to work on /home/airflow/.local/lib/python3.12/site-packages/airflow/example_dags/example_python_operator.py
[2025-08-20T20:23:19.387+0000] {processor.py:914} INFO - Processing file /home/airflow/.local/lib/python3.12/site-packages/airflow/example_dags/example_python_operator.py for tasks to queue
[2025-08-20T20:23:19.390+0000] {logging_mixin.py:190} INFO - [2025-08-20T20:23:19.389+0000] {dagbag.py:587} INFO - Filling up the DagBag from /home/airflow/.local/lib/python3.12/site-packages/airflow/example_dags/example_python_operator.py
[2025-08-20T20:23:19.411+0000] {processor.py:925} INFO - DAG(s) 'example_python_operator' retrieved from /home/airflow/.local/lib/python3.12/site-packages/airflow/example_dags/example_python_operator.py
[2025-08-20T20:23:19.444+0000] {logging_mixin.py:190} INFO - [2025-08-20T20:23:19.444+0000] {dag.py:3229} INFO - Sync 1 DAGs
[2025-08-20T20:23:19.456+0000] {logging_mixin.py:190} INFO - [2025-08-20T20:23:19.456+0000] {dag.py:4156} INFO - Setting next_dagrun for example_python_operator to None, run_after=None
[2025-08-20T20:23:19.490+0000] {processor.py:208} INFO - Processing /home/airflow/.local/lib/python3.12/site-packages/airflow/example_dags/example_python_operator.py took 0.115 seconds
[2025-08-20T20:23:51.230+0000] {processor.py:186} INFO - Started process (PID=713) to work on /home/airflow/.local/lib/python3.12/site-packages/airflow/example_dags/example_python_operator.py
[2025-08-20T20:23:51.236+0000] {processor.py:914} INFO - Processing file /home/airflow/.local/lib/python3.12/site-packages/airflow/example_dags/example_python_operator.py for tasks to queue
[2025-08-20T20:23:51.242+0000] {logging_mixin.py:190} INFO - [2025-08-20T20:23:51.241+0000] {dagbag.py:587} INFO - Filling up the DagBag from /home/airflow/.local/lib/python3.12/site-packages/airflow/example_dags/example_python_operator.py
[2025-08-20T20:23:51.293+0000] {processor.py:925} INFO - DAG(s) 'example_python_operator' retrieved from /home/airflow/.local/lib/python3.12/site-packages/airflow/example_dags/example_python_operator.py
[2025-08-20T20:23:51.331+0000] {logging_mixin.py:190} INFO - [2025-08-20T20:23:51.331+0000] {dag.py:3229} INFO - Sync 1 DAGs
[2025-08-20T20:23:51.351+0000] {logging_mixin.py:190} INFO - [2025-08-20T20:23:51.350+0000] {dag.py:4156} INFO - Setting next_dagrun for example_python_operator to None, run_after=None
[2025-08-20T20:23:51.383+0000] {processor.py:208} INFO - Processing /home/airflow/.local/lib/python3.12/site-packages/airflow/example_dags/example_python_operator.py took 0.171 seconds
[2025-08-20T20:24:23.394+0000] {processor.py:186} INFO - Started process (PID=775) to work on /home/airflow/.local/lib/python3.12/site-packages/airflow/example_dags/example_python_operator.py
[2025-08-20T20:24:23.400+0000] {processor.py:914} INFO - Processing file /home/airflow/.local/lib/python3.12/site-packages/airflow/example_dags/example_python_operator.py for tasks to queue
[2025-08-20T20:24:23.404+0000] {logging_mixin.py:190} INFO - [2025-08-20T20:24:23.403+0000] {dagbag.py:587} INFO - Filling up the DagBag from /home/airflow/.local/lib/python3.12/site-packages/airflow/example_dags/example_python_operator.py
[2025-08-20T20:24:23.445+0000] {processor.py:925} INFO - DAG(s) 'example_python_operator' retrieved from /home/airflow/.local/lib/python3.12/site-packages/airflow/example_dags/example_python_operator.py
[2025-08-20T20:24:23.497+0000] {logging_mixin.py:190} INFO - [2025-08-20T20:24:23.497+0000] {dag.py:3229} INFO - Sync 1 DAGs
[2025-08-20T20:24:23.532+0000] {logging_mixin.py:190} INFO - [2025-08-20T20:24:23.532+0000] {dag.py:4156} INFO - Setting next_dagrun for example_python_operator to None, run_after=None
[2025-08-20T20:24:23.551+0000] {processor.py:208} INFO - Processing /home/airflow/.local/lib/python3.12/site-packages/airflow/example_dags/example_python_operator.py took 0.162 seconds
[2025-08-20T20:24:54.086+0000] {processor.py:186} INFO - Started process (PID=836) to work on /home/airflow/.local/lib/python3.12/site-packages/airflow/example_dags/example_python_operator.py
[2025-08-20T20:24:54.087+0000] {processor.py:914} INFO - Processing file /home/airflow/.local/lib/python3.12/site-packages/airflow/example_dags/example_python_operator.py for tasks to queue
[2025-08-20T20:24:54.089+0000] {logging_mixin.py:190} INFO - [2025-08-20T20:24:54.089+0000] {dagbag.py:587} INFO - Filling up the DagBag from /home/airflow/.local/lib/python3.12/site-packages/airflow/example_dags/example_python_operator.py
[2025-08-20T20:24:54.099+0000] {processor.py:925} INFO - DAG(s) 'example_python_operator' retrieved from /home/airflow/.local/lib/python3.12/site-packages/airflow/example_dags/example_python_operator.py
[2025-08-20T20:24:54.114+0000] {logging_mixin.py:190} INFO - [2025-08-20T20:24:54.114+0000] {dag.py:3229} INFO - Sync 1 DAGs
[2025-08-20T20:24:54.123+0000] {logging_mixin.py:190} INFO - [2025-08-20T20:24:54.123+0000] {dag.py:4156} INFO - Setting next_dagrun for example_python_operator to None, run_after=None
[2025-08-20T20:24:54.151+0000] {processor.py:208} INFO - Processing /home/airflow/.local/lib/python3.12/site-packages/airflow/example_dags/example_python_operator.py took 0.069 seconds
[2025-08-20T20:25:24.729+0000] {processor.py:186} INFO - Started process (PID=898) to work on /home/airflow/.local/lib/python3.12/site-packages/airflow/example_dags/example_python_operator.py
[2025-08-20T20:25:24.731+0000] {processor.py:914} INFO - Processing file /home/airflow/.local/lib/python3.12/site-packages/airflow/example_dags/example_python_operator.py for tasks to queue
[2025-08-20T20:25:24.733+0000] {logging_mixin.py:190} INFO - [2025-08-20T20:25:24.733+0000] {dagbag.py:587} INFO - Filling up the DagBag from /home/airflow/.local/lib/python3.12/site-packages/airflow/example_dags/example_python_operator.py
[2025-08-20T20:25:24.749+0000] {processor.py:925} INFO - DAG(s) 'example_python_operator' retrieved from /home/airflow/.local/lib/python3.12/site-packages/airflow/example_dags/example_python_operator.py
[2025-08-20T20:25:24.769+0000] {logging_mixin.py:190} INFO - [2025-08-20T20:25:24.769+0000] {dag.py:3229} INFO - Sync 1 DAGs
[2025-08-20T20:25:24.786+0000] {logging_mixin.py:190} INFO - [2025-08-20T20:25:24.785+0000] {dag.py:4156} INFO - Setting next_dagrun for example_python_operator to None, run_after=None
[2025-08-20T20:25:24.799+0000] {processor.py:208} INFO - Processing /home/airflow/.local/lib/python3.12/site-packages/airflow/example_dags/example_python_operator.py took 0.073 seconds
[2025-08-20T20:25:55.267+0000] {processor.py:186} INFO - Started process (PID=960) to work on /home/airflow/.local/lib/python3.12/site-packages/airflow/example_dags/example_python_operator.py
[2025-08-20T20:25:55.269+0000] {processor.py:914} INFO - Processing file /home/airflow/.local/lib/python3.12/site-packages/airflow/example_dags/example_python_operator.py for tasks to queue
[2025-08-20T20:25:55.272+0000] {logging_mixin.py:190} INFO - [2025-08-20T20:25:55.272+0000] {dagbag.py:587} INFO - Filling up the DagBag from /home/airflow/.local/lib/python3.12/site-packages/airflow/example_dags/example_python_operator.py
[2025-08-20T20:25:55.282+0000] {processor.py:925} INFO - DAG(s) 'example_python_operator' retrieved from /home/airflow/.local/lib/python3.12/site-packages/airflow/example_dags/example_python_operator.py
[2025-08-20T20:25:55.305+0000] {logging_mixin.py:190} INFO - [2025-08-20T20:25:55.304+0000] {dag.py:3229} INFO - Sync 1 DAGs
[2025-08-20T20:25:55.312+0000] {logging_mixin.py:190} INFO - [2025-08-20T20:25:55.312+0000] {dag.py:4156} INFO - Setting next_dagrun for example_python_operator to None, run_after=None
[2025-08-20T20:25:55.325+0000] {processor.py:208} INFO - Processing /home/airflow/.local/lib/python3.12/site-packages/airflow/example_dags/example_python_operator.py took 0.061 seconds
[2025-08-20T20:26:25.969+0000] {processor.py:186} INFO - Started process (PID=1022) to work on /home/airflow/.local/lib/python3.12/site-packages/airflow/example_dags/example_python_operator.py
[2025-08-20T20:26:25.970+0000] {processor.py:914} INFO - Processing file /home/airflow/.local/lib/python3.12/site-packages/airflow/example_dags/example_python_operator.py for tasks to queue
[2025-08-20T20:26:25.971+0000] {logging_mixin.py:190} INFO - [2025-08-20T20:26:25.971+0000] {dagbag.py:587} INFO - Filling up the DagBag from /home/airflow/.local/lib/python3.12/site-packages/airflow/example_dags/example_python_operator.py
[2025-08-20T20:26:25.978+0000] {processor.py:925} INFO - DAG(s) 'example_python_operator' retrieved from /home/airflow/.local/lib/python3.12/site-packages/airflow/example_dags/example_python_operator.py
[2025-08-20T20:26:25.991+0000] {logging_mixin.py:190} INFO - [2025-08-20T20:26:25.991+0000] {dag.py:3229} INFO - Sync 1 DAGs
[2025-08-20T20:26:25.999+0000] {logging_mixin.py:190} INFO - [2025-08-20T20:26:25.999+0000] {dag.py:4156} INFO - Setting next_dagrun for example_python_operator to None, run_after=None
[2025-08-20T20:26:26.012+0000] {processor.py:208} INFO - Processing /home/airflow/.local/lib/python3.12/site-packages/airflow/example_dags/example_python_operator.py took 0.046 seconds
[2025-08-20T20:26:57.169+0000] {processor.py:186} INFO - Started process (PID=1084) to work on /home/airflow/.local/lib/python3.12/site-packages/airflow/example_dags/example_python_operator.py
[2025-08-20T20:26:57.170+0000] {processor.py:914} INFO - Processing file /home/airflow/.local/lib/python3.12/site-packages/airflow/example_dags/example_python_operator.py for tasks to queue
[2025-08-20T20:26:57.172+0000] {logging_mixin.py:190} INFO - [2025-08-20T20:26:57.172+0000] {dagbag.py:587} INFO - Filling up the DagBag from /home/airflow/.local/lib/python3.12/site-packages/airflow/example_dags/example_python_operator.py
[2025-08-20T20:26:57.190+0000] {processor.py:925} INFO - DAG(s) 'example_python_operator' retrieved from /home/airflow/.local/lib/python3.12/site-packages/airflow/example_dags/example_python_operator.py
[2025-08-20T20:26:57.210+0000] {logging_mixin.py:190} INFO - [2025-08-20T20:26:57.210+0000] {dag.py:3229} INFO - Sync 1 DAGs
[2025-08-20T20:26:57.228+0000] {logging_mixin.py:190} INFO - [2025-08-20T20:26:57.228+0000] {dag.py:4156} INFO - Setting next_dagrun for example_python_operator to None, run_after=None
[2025-08-20T20:26:57.245+0000] {processor.py:208} INFO - Processing /home/airflow/.local/lib/python3.12/site-packages/airflow/example_dags/example_python_operator.py took 0.081 seconds
