[2025-08-20T20:18:42.751+0000] {processor.py:186} INFO - Started process (PID=120) to work on /home/airflow/.local/lib/python3.12/site-packages/airflow/example_dags/example_bash_operator.py
[2025-08-20T20:18:42.753+0000] {processor.py:914} INFO - Processing file /home/airflow/.local/lib/python3.12/site-packages/airflow/example_dags/example_bash_operator.py for tasks to queue
[2025-08-20T20:18:42.758+0000] {logging_mixin.py:190} INFO - [2025-08-20T20:18:42.758+0000] {dagbag.py:587} INFO - Filling up the DagBag from /home/airflow/.local/lib/python3.12/site-packages/airflow/example_dags/example_bash_operator.py
[2025-08-20T20:18:42.782+0000] {processor.py:925} INFO - DAG(s) 'example_bash_operator' retrieved from /home/airflow/.local/lib/python3.12/site-packages/airflow/example_dags/example_bash_operator.py
[2025-08-20T20:18:42.925+0000] {logging_mixin.py:190} INFO - [2025-08-20T20:18:42.924+0000] {override.py:1900} INFO - Created Permission View: can read on DAG:example_bash_operator
[2025-08-20T20:18:42.932+0000] {logging_mixin.py:190} INFO - [2025-08-20T20:18:42.932+0000] {override.py:1900} INFO - Created Permission View: can delete on DAG:example_bash_operator
[2025-08-20T20:18:42.936+0000] {logging_mixin.py:190} INFO - [2025-08-20T20:18:42.935+0000] {override.py:1900} INFO - Created Permission View: can edit on DAG:example_bash_operator
[2025-08-20T20:18:42.939+0000] {logging_mixin.py:190} INFO - [2025-08-20T20:18:42.939+0000] {override.py:1900} INFO - Created Permission View: can read on DAG Run:example_bash_operator
[2025-08-20T20:18:42.944+0000] {logging_mixin.py:190} INFO - [2025-08-20T20:18:42.944+0000] {override.py:1900} INFO - Created Permission View: menu access on DAG Run:example_bash_operator
[2025-08-20T20:18:42.948+0000] {logging_mixin.py:190} INFO - [2025-08-20T20:18:42.948+0000] {override.py:1900} INFO - Created Permission View: can delete on DAG Run:example_bash_operator
[2025-08-20T20:18:42.952+0000] {logging_mixin.py:190} INFO - [2025-08-20T20:18:42.952+0000] {override.py:1900} INFO - Created Permission View: can create on DAG Run:example_bash_operator
[2025-08-20T20:18:42.952+0000] {logging_mixin.py:190} INFO - [2025-08-20T20:18:42.952+0000] {dag.py:3229} INFO - Sync 1 DAGs
[2025-08-20T20:18:42.969+0000] {logging_mixin.py:190} INFO - [2025-08-20T20:18:42.969+0000] {dag.py:3252} INFO - Creating ORM DAG for example_bash_operator
[2025-08-20T20:18:42.991+0000] {logging_mixin.py:190} INFO - [2025-08-20T20:18:42.991+0000] {dag.py:4156} INFO - Setting next_dagrun for example_bash_operator to 2025-08-19 00:00:00+00:00, run_after=2025-08-20 00:00:00+00:00
[2025-08-20T20:18:43.015+0000] {processor.py:208} INFO - Processing /home/airflow/.local/lib/python3.12/site-packages/airflow/example_dags/example_bash_operator.py took 0.271 seconds
[2025-08-20T20:19:14.471+0000] {processor.py:186} INFO - Started process (PID=182) to work on /home/airflow/.local/lib/python3.12/site-packages/airflow/example_dags/example_bash_operator.py
[2025-08-20T20:19:14.488+0000] {processor.py:914} INFO - Processing file /home/airflow/.local/lib/python3.12/site-packages/airflow/example_dags/example_bash_operator.py for tasks to queue
[2025-08-20T20:19:14.513+0000] {logging_mixin.py:190} INFO - [2025-08-20T20:19:14.510+0000] {dagbag.py:587} INFO - Filling up the DagBag from /home/airflow/.local/lib/python3.12/site-packages/airflow/example_dags/example_bash_operator.py
[2025-08-20T20:19:14.586+0000] {processor.py:925} INFO - DAG(s) 'example_bash_operator' retrieved from /home/airflow/.local/lib/python3.12/site-packages/airflow/example_dags/example_bash_operator.py
[2025-08-20T20:19:14.716+0000] {logging_mixin.py:190} INFO - [2025-08-20T20:19:14.715+0000] {dag.py:3229} INFO - Sync 1 DAGs
[2025-08-20T20:19:14.805+0000] {logging_mixin.py:190} INFO - [2025-08-20T20:19:14.804+0000] {dag.py:4156} INFO - Setting next_dagrun for example_bash_operator to 2025-08-19 00:00:00+00:00, run_after=2025-08-20 00:00:00+00:00
[2025-08-20T20:19:15.650+0000] {processor.py:208} INFO - Processing /home/airflow/.local/lib/python3.12/site-packages/airflow/example_dags/example_bash_operator.py took 1.209 seconds
[2025-08-20T20:19:48.673+0000] {processor.py:186} INFO - Started process (PID=244) to work on /home/airflow/.local/lib/python3.12/site-packages/airflow/example_dags/example_bash_operator.py
[2025-08-20T20:19:48.689+0000] {processor.py:914} INFO - Processing file /home/airflow/.local/lib/python3.12/site-packages/airflow/example_dags/example_bash_operator.py for tasks to queue
[2025-08-20T20:19:48.713+0000] {logging_mixin.py:190} INFO - [2025-08-20T20:19:48.709+0000] {dagbag.py:587} INFO - Filling up the DagBag from /home/airflow/.local/lib/python3.12/site-packages/airflow/example_dags/example_bash_operator.py
[2025-08-20T20:19:48.847+0000] {processor.py:925} INFO - DAG(s) 'example_bash_operator' retrieved from /home/airflow/.local/lib/python3.12/site-packages/airflow/example_dags/example_bash_operator.py
[2025-08-20T20:19:48.978+0000] {logging_mixin.py:190} INFO - [2025-08-20T20:19:48.977+0000] {dag.py:3229} INFO - Sync 1 DAGs
[2025-08-20T20:19:49.108+0000] {logging_mixin.py:190} INFO - [2025-08-20T20:19:49.108+0000] {dag.py:4156} INFO - Setting next_dagrun for example_bash_operator to 2025-08-19 00:00:00+00:00, run_after=2025-08-20 00:00:00+00:00
[2025-08-20T20:19:49.157+0000] {processor.py:208} INFO - Processing /home/airflow/.local/lib/python3.12/site-packages/airflow/example_dags/example_bash_operator.py took 0.501 seconds
[2025-08-20T20:20:19.874+0000] {processor.py:186} INFO - Started process (PID=305) to work on /home/airflow/.local/lib/python3.12/site-packages/airflow/example_dags/example_bash_operator.py
[2025-08-20T20:20:19.896+0000] {processor.py:914} INFO - Processing file /home/airflow/.local/lib/python3.12/site-packages/airflow/example_dags/example_bash_operator.py for tasks to queue
[2025-08-20T20:20:19.970+0000] {logging_mixin.py:190} INFO - [2025-08-20T20:20:19.968+0000] {dagbag.py:587} INFO - Filling up the DagBag from /home/airflow/.local/lib/python3.12/site-packages/airflow/example_dags/example_bash_operator.py
[2025-08-20T20:20:20.308+0000] {processor.py:925} INFO - DAG(s) 'example_bash_operator' retrieved from /home/airflow/.local/lib/python3.12/site-packages/airflow/example_dags/example_bash_operator.py
[2025-08-20T20:20:20.643+0000] {logging_mixin.py:190} INFO - [2025-08-20T20:20:20.634+0000] {dag.py:3229} INFO - Sync 1 DAGs
[2025-08-20T20:20:20.784+0000] {logging_mixin.py:190} INFO - [2025-08-20T20:20:20.784+0000] {dag.py:4156} INFO - Setting next_dagrun for example_bash_operator to 2025-08-19 00:00:00+00:00, run_after=2025-08-20 00:00:00+00:00
[2025-08-20T20:20:20.864+0000] {processor.py:208} INFO - Processing /home/airflow/.local/lib/python3.12/site-packages/airflow/example_dags/example_bash_operator.py took 1.104 seconds
[2025-08-20T20:20:51.888+0000] {processor.py:186} INFO - Started process (PID=366) to work on /home/airflow/.local/lib/python3.12/site-packages/airflow/example_dags/example_bash_operator.py
[2025-08-20T20:20:51.905+0000] {processor.py:914} INFO - Processing file /home/airflow/.local/lib/python3.12/site-packages/airflow/example_dags/example_bash_operator.py for tasks to queue
[2025-08-20T20:20:51.980+0000] {logging_mixin.py:190} INFO - [2025-08-20T20:20:51.970+0000] {dagbag.py:587} INFO - Filling up the DagBag from /home/airflow/.local/lib/python3.12/site-packages/airflow/example_dags/example_bash_operator.py
[2025-08-20T20:20:52.219+0000] {processor.py:925} INFO - DAG(s) 'example_bash_operator' retrieved from /home/airflow/.local/lib/python3.12/site-packages/airflow/example_dags/example_bash_operator.py
[2025-08-20T20:20:52.400+0000] {logging_mixin.py:190} INFO - [2025-08-20T20:20:52.399+0000] {dag.py:3229} INFO - Sync 1 DAGs
[2025-08-20T20:20:52.571+0000] {logging_mixin.py:190} INFO - [2025-08-20T20:20:52.570+0000] {dag.py:4156} INFO - Setting next_dagrun for example_bash_operator to 2025-08-19 00:00:00+00:00, run_after=2025-08-20 00:00:00+00:00
[2025-08-20T20:20:52.629+0000] {processor.py:208} INFO - Processing /home/airflow/.local/lib/python3.12/site-packages/airflow/example_dags/example_bash_operator.py took 0.807 seconds
[2025-08-20T20:21:23.916+0000] {processor.py:186} INFO - Started process (PID=429) to work on /home/airflow/.local/lib/python3.12/site-packages/airflow/example_dags/example_bash_operator.py
[2025-08-20T20:21:23.923+0000] {processor.py:914} INFO - Processing file /home/airflow/.local/lib/python3.12/site-packages/airflow/example_dags/example_bash_operator.py for tasks to queue
[2025-08-20T20:21:23.938+0000] {logging_mixin.py:190} INFO - [2025-08-20T20:21:23.936+0000] {dagbag.py:587} INFO - Filling up the DagBag from /home/airflow/.local/lib/python3.12/site-packages/airflow/example_dags/example_bash_operator.py
[2025-08-20T20:21:24.038+0000] {processor.py:925} INFO - DAG(s) 'example_bash_operator' retrieved from /home/airflow/.local/lib/python3.12/site-packages/airflow/example_dags/example_bash_operator.py
[2025-08-20T20:21:24.095+0000] {logging_mixin.py:190} INFO - [2025-08-20T20:21:24.094+0000] {dag.py:3229} INFO - Sync 1 DAGs
[2025-08-20T20:21:24.154+0000] {logging_mixin.py:190} INFO - [2025-08-20T20:21:24.154+0000] {dag.py:4156} INFO - Setting next_dagrun for example_bash_operator to 2025-08-19 00:00:00+00:00, run_after=2025-08-20 00:00:00+00:00
[2025-08-20T20:21:24.191+0000] {processor.py:208} INFO - Processing /home/airflow/.local/lib/python3.12/site-packages/airflow/example_dags/example_bash_operator.py took 0.294 seconds
[2025-08-20T20:21:54.547+0000] {processor.py:186} INFO - Started process (PID=491) to work on /home/airflow/.local/lib/python3.12/site-packages/airflow/example_dags/example_bash_operator.py
[2025-08-20T20:21:54.567+0000] {processor.py:914} INFO - Processing file /home/airflow/.local/lib/python3.12/site-packages/airflow/example_dags/example_bash_operator.py for tasks to queue
[2025-08-20T20:21:54.603+0000] {logging_mixin.py:190} INFO - [2025-08-20T20:21:54.601+0000] {dagbag.py:587} INFO - Filling up the DagBag from /home/airflow/.local/lib/python3.12/site-packages/airflow/example_dags/example_bash_operator.py
[2025-08-20T20:21:54.749+0000] {processor.py:925} INFO - DAG(s) 'example_bash_operator' retrieved from /home/airflow/.local/lib/python3.12/site-packages/airflow/example_dags/example_bash_operator.py
[2025-08-20T20:21:54.920+0000] {logging_mixin.py:190} INFO - [2025-08-20T20:21:54.920+0000] {dag.py:3229} INFO - Sync 1 DAGs
[2025-08-20T20:21:55.087+0000] {logging_mixin.py:190} INFO - [2025-08-20T20:21:55.086+0000] {dag.py:4156} INFO - Setting next_dagrun for example_bash_operator to 2025-08-19 00:00:00+00:00, run_after=2025-08-20 00:00:00+00:00
[2025-08-20T20:21:55.165+0000] {processor.py:208} INFO - Processing /home/airflow/.local/lib/python3.12/site-packages/airflow/example_dags/example_bash_operator.py took 0.689 seconds
[2025-08-20T20:22:25.331+0000] {processor.py:186} INFO - Started process (PID=553) to work on /home/airflow/.local/lib/python3.12/site-packages/airflow/example_dags/example_bash_operator.py
[2025-08-20T20:22:25.335+0000] {processor.py:914} INFO - Processing file /home/airflow/.local/lib/python3.12/site-packages/airflow/example_dags/example_bash_operator.py for tasks to queue
[2025-08-20T20:22:25.337+0000] {logging_mixin.py:190} INFO - [2025-08-20T20:22:25.337+0000] {dagbag.py:587} INFO - Filling up the DagBag from /home/airflow/.local/lib/python3.12/site-packages/airflow/example_dags/example_bash_operator.py
[2025-08-20T20:22:25.369+0000] {processor.py:925} INFO - DAG(s) 'example_bash_operator' retrieved from /home/airflow/.local/lib/python3.12/site-packages/airflow/example_dags/example_bash_operator.py
[2025-08-20T20:22:25.425+0000] {logging_mixin.py:190} INFO - [2025-08-20T20:22:25.425+0000] {dag.py:3229} INFO - Sync 1 DAGs
[2025-08-20T20:22:25.474+0000] {logging_mixin.py:190} INFO - [2025-08-20T20:22:25.474+0000] {dag.py:4156} INFO - Setting next_dagrun for example_bash_operator to 2025-08-19 00:00:00+00:00, run_after=2025-08-20 00:00:00+00:00
[2025-08-20T20:22:25.497+0000] {processor.py:208} INFO - Processing /home/airflow/.local/lib/python3.12/site-packages/airflow/example_dags/example_bash_operator.py took 0.180 seconds
[2025-08-20T20:22:56.637+0000] {processor.py:186} INFO - Started process (PID=616) to work on /home/airflow/.local/lib/python3.12/site-packages/airflow/example_dags/example_bash_operator.py
[2025-08-20T20:22:56.639+0000] {processor.py:914} INFO - Processing file /home/airflow/.local/lib/python3.12/site-packages/airflow/example_dags/example_bash_operator.py for tasks to queue
[2025-08-20T20:22:56.641+0000] {logging_mixin.py:190} INFO - [2025-08-20T20:22:56.640+0000] {dagbag.py:587} INFO - Filling up the DagBag from /home/airflow/.local/lib/python3.12/site-packages/airflow/example_dags/example_bash_operator.py
[2025-08-20T20:22:56.660+0000] {processor.py:925} INFO - DAG(s) 'example_bash_operator' retrieved from /home/airflow/.local/lib/python3.12/site-packages/airflow/example_dags/example_bash_operator.py
[2025-08-20T20:22:56.684+0000] {logging_mixin.py:190} INFO - [2025-08-20T20:22:56.684+0000] {dag.py:3229} INFO - Sync 1 DAGs
[2025-08-20T20:22:56.700+0000] {logging_mixin.py:190} INFO - [2025-08-20T20:22:56.700+0000] {dag.py:4156} INFO - Setting next_dagrun for example_bash_operator to 2025-08-19 00:00:00+00:00, run_after=2025-08-20 00:00:00+00:00
[2025-08-20T20:22:56.714+0000] {processor.py:208} INFO - Processing /home/airflow/.local/lib/python3.12/site-packages/airflow/example_dags/example_bash_operator.py took 0.081 seconds
[2025-08-20T20:23:30.028+0000] {processor.py:186} INFO - Started process (PID=681) to work on /home/airflow/.local/lib/python3.12/site-packages/airflow/example_dags/example_bash_operator.py
[2025-08-20T20:23:30.029+0000] {processor.py:914} INFO - Processing file /home/airflow/.local/lib/python3.12/site-packages/airflow/example_dags/example_bash_operator.py for tasks to queue
[2025-08-20T20:23:30.030+0000] {logging_mixin.py:190} INFO - [2025-08-20T20:23:30.030+0000] {dagbag.py:587} INFO - Filling up the DagBag from /home/airflow/.local/lib/python3.12/site-packages/airflow/example_dags/example_bash_operator.py
[2025-08-20T20:23:30.041+0000] {processor.py:925} INFO - DAG(s) 'example_bash_operator' retrieved from /home/airflow/.local/lib/python3.12/site-packages/airflow/example_dags/example_bash_operator.py
[2025-08-20T20:23:30.068+0000] {logging_mixin.py:190} INFO - [2025-08-20T20:23:30.067+0000] {dag.py:3229} INFO - Sync 1 DAGs
[2025-08-20T20:23:30.085+0000] {logging_mixin.py:190} INFO - [2025-08-20T20:23:30.085+0000] {dag.py:4156} INFO - Setting next_dagrun for example_bash_operator to 2025-08-19 00:00:00+00:00, run_after=2025-08-20 00:00:00+00:00
[2025-08-20T20:23:30.095+0000] {processor.py:208} INFO - Processing /home/airflow/.local/lib/python3.12/site-packages/airflow/example_dags/example_bash_operator.py took 0.070 seconds
[2025-08-20T20:24:00.885+0000] {processor.py:186} INFO - Started process (PID=743) to work on /home/airflow/.local/lib/python3.12/site-packages/airflow/example_dags/example_bash_operator.py
[2025-08-20T20:24:00.889+0000] {processor.py:914} INFO - Processing file /home/airflow/.local/lib/python3.12/site-packages/airflow/example_dags/example_bash_operator.py for tasks to queue
[2025-08-20T20:24:00.891+0000] {logging_mixin.py:190} INFO - [2025-08-20T20:24:00.891+0000] {dagbag.py:587} INFO - Filling up the DagBag from /home/airflow/.local/lib/python3.12/site-packages/airflow/example_dags/example_bash_operator.py
[2025-08-20T20:24:00.912+0000] {processor.py:925} INFO - DAG(s) 'example_bash_operator' retrieved from /home/airflow/.local/lib/python3.12/site-packages/airflow/example_dags/example_bash_operator.py
[2025-08-20T20:24:00.940+0000] {logging_mixin.py:190} INFO - [2025-08-20T20:24:00.940+0000] {dag.py:3229} INFO - Sync 1 DAGs
[2025-08-20T20:24:00.970+0000] {logging_mixin.py:190} INFO - [2025-08-20T20:24:00.970+0000] {dag.py:4156} INFO - Setting next_dagrun for example_bash_operator to 2025-08-19 00:00:00+00:00, run_after=2025-08-20 00:00:00+00:00
[2025-08-20T20:24:00.995+0000] {processor.py:208} INFO - Processing /home/airflow/.local/lib/python3.12/site-packages/airflow/example_dags/example_bash_operator.py took 0.123 seconds
[2025-08-20T20:24:32.187+0000] {processor.py:186} INFO - Started process (PID=809) to work on /home/airflow/.local/lib/python3.12/site-packages/airflow/example_dags/example_bash_operator.py
[2025-08-20T20:24:32.192+0000] {processor.py:914} INFO - Processing file /home/airflow/.local/lib/python3.12/site-packages/airflow/example_dags/example_bash_operator.py for tasks to queue
[2025-08-20T20:24:32.194+0000] {logging_mixin.py:190} INFO - [2025-08-20T20:24:32.194+0000] {dagbag.py:587} INFO - Filling up the DagBag from /home/airflow/.local/lib/python3.12/site-packages/airflow/example_dags/example_bash_operator.py
[2025-08-20T20:24:32.205+0000] {processor.py:925} INFO - DAG(s) 'example_bash_operator' retrieved from /home/airflow/.local/lib/python3.12/site-packages/airflow/example_dags/example_bash_operator.py
[2025-08-20T20:24:32.238+0000] {logging_mixin.py:190} INFO - [2025-08-20T20:24:32.237+0000] {dag.py:3229} INFO - Sync 1 DAGs
[2025-08-20T20:24:32.265+0000] {logging_mixin.py:190} INFO - [2025-08-20T20:24:32.265+0000] {dag.py:4156} INFO - Setting next_dagrun for example_bash_operator to 2025-08-19 00:00:00+00:00, run_after=2025-08-20 00:00:00+00:00
[2025-08-20T20:24:32.277+0000] {processor.py:208} INFO - Processing /home/airflow/.local/lib/python3.12/site-packages/airflow/example_dags/example_bash_operator.py took 0.094 seconds
[2025-08-20T20:25:04.889+0000] {processor.py:186} INFO - Started process (PID=874) to work on /home/airflow/.local/lib/python3.12/site-packages/airflow/example_dags/example_bash_operator.py
[2025-08-20T20:25:04.891+0000] {processor.py:914} INFO - Processing file /home/airflow/.local/lib/python3.12/site-packages/airflow/example_dags/example_bash_operator.py for tasks to queue
[2025-08-20T20:25:04.894+0000] {logging_mixin.py:190} INFO - [2025-08-20T20:25:04.894+0000] {dagbag.py:587} INFO - Filling up the DagBag from /home/airflow/.local/lib/python3.12/site-packages/airflow/example_dags/example_bash_operator.py
[2025-08-20T20:25:04.922+0000] {processor.py:925} INFO - DAG(s) 'example_bash_operator' retrieved from /home/airflow/.local/lib/python3.12/site-packages/airflow/example_dags/example_bash_operator.py
[2025-08-20T20:25:04.965+0000] {logging_mixin.py:190} INFO - [2025-08-20T20:25:04.965+0000] {dag.py:3229} INFO - Sync 1 DAGs
[2025-08-20T20:25:05.027+0000] {logging_mixin.py:190} INFO - [2025-08-20T20:25:05.026+0000] {dag.py:4156} INFO - Setting next_dagrun for example_bash_operator to 2025-08-19 00:00:00+00:00, run_after=2025-08-20 00:00:00+00:00
[2025-08-20T20:25:05.067+0000] {processor.py:208} INFO - Processing /home/airflow/.local/lib/python3.12/site-packages/airflow/example_dags/example_bash_operator.py took 0.183 seconds
[2025-08-20T20:25:36.132+0000] {processor.py:186} INFO - Started process (PID=936) to work on /home/airflow/.local/lib/python3.12/site-packages/airflow/example_dags/example_bash_operator.py
[2025-08-20T20:25:36.139+0000] {processor.py:914} INFO - Processing file /home/airflow/.local/lib/python3.12/site-packages/airflow/example_dags/example_bash_operator.py for tasks to queue
[2025-08-20T20:25:36.150+0000] {logging_mixin.py:190} INFO - [2025-08-20T20:25:36.149+0000] {dagbag.py:587} INFO - Filling up the DagBag from /home/airflow/.local/lib/python3.12/site-packages/airflow/example_dags/example_bash_operator.py
[2025-08-20T20:25:36.177+0000] {processor.py:925} INFO - DAG(s) 'example_bash_operator' retrieved from /home/airflow/.local/lib/python3.12/site-packages/airflow/example_dags/example_bash_operator.py
[2025-08-20T20:25:36.303+0000] {logging_mixin.py:190} INFO - [2025-08-20T20:25:36.303+0000] {dag.py:3229} INFO - Sync 1 DAGs
[2025-08-20T20:25:36.345+0000] {logging_mixin.py:190} INFO - [2025-08-20T20:25:36.345+0000] {dag.py:4156} INFO - Setting next_dagrun for example_bash_operator to 2025-08-19 00:00:00+00:00, run_after=2025-08-20 00:00:00+00:00
[2025-08-20T20:25:36.378+0000] {processor.py:208} INFO - Processing /home/airflow/.local/lib/python3.12/site-packages/airflow/example_dags/example_bash_operator.py took 0.264 seconds
[2025-08-20T20:26:06.464+0000] {processor.py:186} INFO - Started process (PID=998) to work on /home/airflow/.local/lib/python3.12/site-packages/airflow/example_dags/example_bash_operator.py
[2025-08-20T20:26:06.465+0000] {processor.py:914} INFO - Processing file /home/airflow/.local/lib/python3.12/site-packages/airflow/example_dags/example_bash_operator.py for tasks to queue
[2025-08-20T20:26:06.468+0000] {logging_mixin.py:190} INFO - [2025-08-20T20:26:06.467+0000] {dagbag.py:587} INFO - Filling up the DagBag from /home/airflow/.local/lib/python3.12/site-packages/airflow/example_dags/example_bash_operator.py
[2025-08-20T20:26:06.478+0000] {processor.py:925} INFO - DAG(s) 'example_bash_operator' retrieved from /home/airflow/.local/lib/python3.12/site-packages/airflow/example_dags/example_bash_operator.py
[2025-08-20T20:26:06.493+0000] {logging_mixin.py:190} INFO - [2025-08-20T20:26:06.493+0000] {dag.py:3229} INFO - Sync 1 DAGs
[2025-08-20T20:26:06.514+0000] {logging_mixin.py:190} INFO - [2025-08-20T20:26:06.513+0000] {dag.py:4156} INFO - Setting next_dagrun for example_bash_operator to 2025-08-19 00:00:00+00:00, run_after=2025-08-20 00:00:00+00:00
[2025-08-20T20:26:06.544+0000] {processor.py:208} INFO - Processing /home/airflow/.local/lib/python3.12/site-packages/airflow/example_dags/example_bash_operator.py took 0.084 seconds
[2025-08-20T20:26:36.676+0000] {processor.py:186} INFO - Started process (PID=1060) to work on /home/airflow/.local/lib/python3.12/site-packages/airflow/example_dags/example_bash_operator.py
[2025-08-20T20:26:36.677+0000] {processor.py:914} INFO - Processing file /home/airflow/.local/lib/python3.12/site-packages/airflow/example_dags/example_bash_operator.py for tasks to queue
[2025-08-20T20:26:36.681+0000] {logging_mixin.py:190} INFO - [2025-08-20T20:26:36.681+0000] {dagbag.py:587} INFO - Filling up the DagBag from /home/airflow/.local/lib/python3.12/site-packages/airflow/example_dags/example_bash_operator.py
[2025-08-20T20:26:36.692+0000] {processor.py:925} INFO - DAG(s) 'example_bash_operator' retrieved from /home/airflow/.local/lib/python3.12/site-packages/airflow/example_dags/example_bash_operator.py
[2025-08-20T20:26:36.711+0000] {logging_mixin.py:190} INFO - [2025-08-20T20:26:36.711+0000] {dag.py:3229} INFO - Sync 1 DAGs
[2025-08-20T20:26:36.729+0000] {logging_mixin.py:190} INFO - [2025-08-20T20:26:36.729+0000] {dag.py:4156} INFO - Setting next_dagrun for example_bash_operator to 2025-08-19 00:00:00+00:00, run_after=2025-08-20 00:00:00+00:00
[2025-08-20T20:26:36.740+0000] {processor.py:208} INFO - Processing /home/airflow/.local/lib/python3.12/site-packages/airflow/example_dags/example_bash_operator.py took 0.068 seconds
