[2025-08-20T20:18:35.005+0000] {processor.py:186} INFO - Started process (PID=108) to work on /home/airflow/.local/lib/python3.12/site-packages/airflow/example_dags/example_skip_dag.py
[2025-08-20T20:18:35.005+0000] {processor.py:914} INFO - Processing file /home/airflow/.local/lib/python3.12/site-packages/airflow/example_dags/example_skip_dag.py for tasks to queue
[2025-08-20T20:18:35.007+0000] {logging_mixin.py:190} INFO - [2025-08-20T20:18:35.007+0000] {dagbag.py:587} INFO - Filling up the DagBag from /home/airflow/.local/lib/python3.12/site-packages/airflow/example_dags/example_skip_dag.py
[2025-08-20T20:18:35.036+0000] {processor.py:925} INFO - DAG(s) 'example_skip_dag' retrieved from /home/airflow/.local/lib/python3.12/site-packages/airflow/example_dags/example_skip_dag.py
[2025-08-20T20:18:35.506+0000] {logging_mixin.py:190} INFO - [2025-08-20T20:18:35.501+0000] {override.py:1900} INFO - Created Permission View: can read on DAG:example_skip_dag
[2025-08-20T20:18:35.580+0000] {logging_mixin.py:190} INFO - [2025-08-20T20:18:35.579+0000] {override.py:1900} INFO - Created Permission View: can delete on DAG:example_skip_dag
[2025-08-20T20:18:35.593+0000] {logging_mixin.py:190} INFO - [2025-08-20T20:18:35.592+0000] {override.py:1900} INFO - Created Permission View: can edit on DAG:example_skip_dag
[2025-08-20T20:18:35.611+0000] {logging_mixin.py:190} INFO - [2025-08-20T20:18:35.610+0000] {override.py:1900} INFO - Created Permission View: can read on DAG Run:example_skip_dag
[2025-08-20T20:18:35.623+0000] {logging_mixin.py:190} INFO - [2025-08-20T20:18:35.622+0000] {override.py:1900} INFO - Created Permission View: menu access on DAG Run:example_skip_dag
[2025-08-20T20:18:35.636+0000] {logging_mixin.py:190} INFO - [2025-08-20T20:18:35.636+0000] {override.py:1900} INFO - Created Permission View: can delete on DAG Run:example_skip_dag
[2025-08-20T20:18:35.652+0000] {logging_mixin.py:190} INFO - [2025-08-20T20:18:35.651+0000] {override.py:1900} INFO - Created Permission View: can create on DAG Run:example_skip_dag
[2025-08-20T20:18:35.654+0000] {logging_mixin.py:190} INFO - [2025-08-20T20:18:35.654+0000] {dag.py:3229} INFO - Sync 1 DAGs
[2025-08-20T20:18:35.684+0000] {logging_mixin.py:190} INFO - [2025-08-20T20:18:35.683+0000] {dag.py:3252} INFO - Creating ORM DAG for example_skip_dag
[2025-08-20T20:18:35.727+0000] {logging_mixin.py:190} INFO - [2025-08-20T20:18:35.727+0000] {dag.py:4156} INFO - Setting next_dagrun for example_skip_dag to 2025-08-19 00:00:00+00:00, run_after=2025-08-20 00:00:00+00:00
[2025-08-20T20:18:35.761+0000] {processor.py:208} INFO - Processing /home/airflow/.local/lib/python3.12/site-packages/airflow/example_dags/example_skip_dag.py took 0.775 seconds
[2025-08-20T20:19:05.996+0000] {processor.py:186} INFO - Started process (PID=170) to work on /home/airflow/.local/lib/python3.12/site-packages/airflow/example_dags/example_skip_dag.py
[2025-08-20T20:19:05.998+0000] {processor.py:914} INFO - Processing file /home/airflow/.local/lib/python3.12/site-packages/airflow/example_dags/example_skip_dag.py for tasks to queue
[2025-08-20T20:19:06.003+0000] {logging_mixin.py:190} INFO - [2025-08-20T20:19:06.003+0000] {dagbag.py:587} INFO - Filling up the DagBag from /home/airflow/.local/lib/python3.12/site-packages/airflow/example_dags/example_skip_dag.py
[2025-08-20T20:19:06.012+0000] {processor.py:925} INFO - DAG(s) 'example_skip_dag' retrieved from /home/airflow/.local/lib/python3.12/site-packages/airflow/example_dags/example_skip_dag.py
[2025-08-20T20:19:06.096+0000] {logging_mixin.py:190} INFO - [2025-08-20T20:19:06.096+0000] {dag.py:3229} INFO - Sync 1 DAGs
[2025-08-20T20:19:06.162+0000] {logging_mixin.py:190} INFO - [2025-08-20T20:19:06.161+0000] {dag.py:4156} INFO - Setting next_dagrun for example_skip_dag to 2025-08-19 00:00:00+00:00, run_after=2025-08-20 00:00:00+00:00
[2025-08-20T20:19:06.219+0000] {processor.py:208} INFO - Processing /home/airflow/.local/lib/python3.12/site-packages/airflow/example_dags/example_skip_dag.py took 0.233 seconds
[2025-08-20T20:19:36.750+0000] {processor.py:186} INFO - Started process (PID=232) to work on /home/airflow/.local/lib/python3.12/site-packages/airflow/example_dags/example_skip_dag.py
[2025-08-20T20:19:36.752+0000] {processor.py:914} INFO - Processing file /home/airflow/.local/lib/python3.12/site-packages/airflow/example_dags/example_skip_dag.py for tasks to queue
[2025-08-20T20:19:36.754+0000] {logging_mixin.py:190} INFO - [2025-08-20T20:19:36.754+0000] {dagbag.py:587} INFO - Filling up the DagBag from /home/airflow/.local/lib/python3.12/site-packages/airflow/example_dags/example_skip_dag.py
[2025-08-20T20:19:36.769+0000] {processor.py:925} INFO - DAG(s) 'example_skip_dag' retrieved from /home/airflow/.local/lib/python3.12/site-packages/airflow/example_dags/example_skip_dag.py
[2025-08-20T20:19:36.807+0000] {logging_mixin.py:190} INFO - [2025-08-20T20:19:36.807+0000] {dag.py:3229} INFO - Sync 1 DAGs
[2025-08-20T20:19:36.849+0000] {logging_mixin.py:190} INFO - [2025-08-20T20:19:36.848+0000] {dag.py:4156} INFO - Setting next_dagrun for example_skip_dag to 2025-08-19 00:00:00+00:00, run_after=2025-08-20 00:00:00+00:00
[2025-08-20T20:19:36.860+0000] {processor.py:208} INFO - Processing /home/airflow/.local/lib/python3.12/site-packages/airflow/example_dags/example_skip_dag.py took 0.131 seconds
[2025-08-20T20:20:08.943+0000] {processor.py:186} INFO - Started process (PID=294) to work on /home/airflow/.local/lib/python3.12/site-packages/airflow/example_dags/example_skip_dag.py
[2025-08-20T20:20:08.945+0000] {processor.py:914} INFO - Processing file /home/airflow/.local/lib/python3.12/site-packages/airflow/example_dags/example_skip_dag.py for tasks to queue
[2025-08-20T20:20:08.946+0000] {logging_mixin.py:190} INFO - [2025-08-20T20:20:08.946+0000] {dagbag.py:587} INFO - Filling up the DagBag from /home/airflow/.local/lib/python3.12/site-packages/airflow/example_dags/example_skip_dag.py
[2025-08-20T20:20:08.956+0000] {processor.py:925} INFO - DAG(s) 'example_skip_dag' retrieved from /home/airflow/.local/lib/python3.12/site-packages/airflow/example_dags/example_skip_dag.py
[2025-08-20T20:20:09.030+0000] {logging_mixin.py:190} INFO - [2025-08-20T20:20:09.029+0000] {dag.py:3229} INFO - Sync 1 DAGs
[2025-08-20T20:20:09.051+0000] {logging_mixin.py:190} INFO - [2025-08-20T20:20:09.051+0000] {dag.py:4156} INFO - Setting next_dagrun for example_skip_dag to 2025-08-19 00:00:00+00:00, run_after=2025-08-20 00:00:00+00:00
[2025-08-20T20:20:09.060+0000] {processor.py:208} INFO - Processing /home/airflow/.local/lib/python3.12/site-packages/airflow/example_dags/example_skip_dag.py took 0.120 seconds
[2025-08-20T20:20:42.321+0000] {processor.py:186} INFO - Started process (PID=356) to work on /home/airflow/.local/lib/python3.12/site-packages/airflow/example_dags/example_skip_dag.py
[2025-08-20T20:20:42.324+0000] {processor.py:914} INFO - Processing file /home/airflow/.local/lib/python3.12/site-packages/airflow/example_dags/example_skip_dag.py for tasks to queue
[2025-08-20T20:20:42.326+0000] {logging_mixin.py:190} INFO - [2025-08-20T20:20:42.326+0000] {dagbag.py:587} INFO - Filling up the DagBag from /home/airflow/.local/lib/python3.12/site-packages/airflow/example_dags/example_skip_dag.py
[2025-08-20T20:20:42.338+0000] {processor.py:925} INFO - DAG(s) 'example_skip_dag' retrieved from /home/airflow/.local/lib/python3.12/site-packages/airflow/example_dags/example_skip_dag.py
[2025-08-20T20:20:42.361+0000] {logging_mixin.py:190} INFO - [2025-08-20T20:20:42.361+0000] {dag.py:3229} INFO - Sync 1 DAGs
[2025-08-20T20:20:42.388+0000] {logging_mixin.py:190} INFO - [2025-08-20T20:20:42.388+0000] {dag.py:4156} INFO - Setting next_dagrun for example_skip_dag to 2025-08-19 00:00:00+00:00, run_after=2025-08-20 00:00:00+00:00
[2025-08-20T20:20:42.410+0000] {processor.py:208} INFO - Processing /home/airflow/.local/lib/python3.12/site-packages/airflow/example_dags/example_skip_dag.py took 0.094 seconds
[2025-08-20T20:21:16.568+0000] {processor.py:186} INFO - Started process (PID=418) to work on /home/airflow/.local/lib/python3.12/site-packages/airflow/example_dags/example_skip_dag.py
[2025-08-20T20:21:16.570+0000] {processor.py:914} INFO - Processing file /home/airflow/.local/lib/python3.12/site-packages/airflow/example_dags/example_skip_dag.py for tasks to queue
[2025-08-20T20:21:16.573+0000] {logging_mixin.py:190} INFO - [2025-08-20T20:21:16.573+0000] {dagbag.py:587} INFO - Filling up the DagBag from /home/airflow/.local/lib/python3.12/site-packages/airflow/example_dags/example_skip_dag.py
[2025-08-20T20:21:16.591+0000] {processor.py:925} INFO - DAG(s) 'example_skip_dag' retrieved from /home/airflow/.local/lib/python3.12/site-packages/airflow/example_dags/example_skip_dag.py
[2025-08-20T20:21:16.639+0000] {logging_mixin.py:190} INFO - [2025-08-20T20:21:16.638+0000] {dag.py:3229} INFO - Sync 1 DAGs
[2025-08-20T20:21:16.666+0000] {logging_mixin.py:190} INFO - [2025-08-20T20:21:16.665+0000] {dag.py:4156} INFO - Setting next_dagrun for example_skip_dag to 2025-08-19 00:00:00+00:00, run_after=2025-08-20 00:00:00+00:00
[2025-08-20T20:21:16.714+0000] {processor.py:208} INFO - Processing /home/airflow/.local/lib/python3.12/site-packages/airflow/example_dags/example_skip_dag.py took 0.154 seconds
[2025-08-20T20:21:50.281+0000] {processor.py:186} INFO - Started process (PID=480) to work on /home/airflow/.local/lib/python3.12/site-packages/airflow/example_dags/example_skip_dag.py
[2025-08-20T20:21:50.284+0000] {processor.py:914} INFO - Processing file /home/airflow/.local/lib/python3.12/site-packages/airflow/example_dags/example_skip_dag.py for tasks to queue
[2025-08-20T20:21:50.287+0000] {logging_mixin.py:190} INFO - [2025-08-20T20:21:50.286+0000] {dagbag.py:587} INFO - Filling up the DagBag from /home/airflow/.local/lib/python3.12/site-packages/airflow/example_dags/example_skip_dag.py
[2025-08-20T20:21:50.309+0000] {processor.py:925} INFO - DAG(s) 'example_skip_dag' retrieved from /home/airflow/.local/lib/python3.12/site-packages/airflow/example_dags/example_skip_dag.py
[2025-08-20T20:21:50.386+0000] {logging_mixin.py:190} INFO - [2025-08-20T20:21:50.385+0000] {dag.py:3229} INFO - Sync 1 DAGs
[2025-08-20T20:21:50.432+0000] {logging_mixin.py:190} INFO - [2025-08-20T20:21:50.432+0000] {dag.py:4156} INFO - Setting next_dagrun for example_skip_dag to 2025-08-19 00:00:00+00:00, run_after=2025-08-20 00:00:00+00:00
[2025-08-20T20:21:50.472+0000] {processor.py:208} INFO - Processing /home/airflow/.local/lib/python3.12/site-packages/airflow/example_dags/example_skip_dag.py took 0.196 seconds
[2025-08-20T20:22:22.326+0000] {processor.py:186} INFO - Started process (PID=542) to work on /home/airflow/.local/lib/python3.12/site-packages/airflow/example_dags/example_skip_dag.py
[2025-08-20T20:22:22.329+0000] {processor.py:914} INFO - Processing file /home/airflow/.local/lib/python3.12/site-packages/airflow/example_dags/example_skip_dag.py for tasks to queue
[2025-08-20T20:22:22.333+0000] {logging_mixin.py:190} INFO - [2025-08-20T20:22:22.332+0000] {dagbag.py:587} INFO - Filling up the DagBag from /home/airflow/.local/lib/python3.12/site-packages/airflow/example_dags/example_skip_dag.py
[2025-08-20T20:22:22.352+0000] {processor.py:925} INFO - DAG(s) 'example_skip_dag' retrieved from /home/airflow/.local/lib/python3.12/site-packages/airflow/example_dags/example_skip_dag.py
[2025-08-20T20:22:22.404+0000] {logging_mixin.py:190} INFO - [2025-08-20T20:22:22.404+0000] {dag.py:3229} INFO - Sync 1 DAGs
[2025-08-20T20:22:22.454+0000] {logging_mixin.py:190} INFO - [2025-08-20T20:22:22.454+0000] {dag.py:4156} INFO - Setting next_dagrun for example_skip_dag to 2025-08-19 00:00:00+00:00, run_after=2025-08-20 00:00:00+00:00
[2025-08-20T20:22:22.475+0000] {processor.py:208} INFO - Processing /home/airflow/.local/lib/python3.12/site-packages/airflow/example_dags/example_skip_dag.py took 0.156 seconds
[2025-08-20T20:22:53.765+0000] {processor.py:186} INFO - Started process (PID=604) to work on /home/airflow/.local/lib/python3.12/site-packages/airflow/example_dags/example_skip_dag.py
[2025-08-20T20:22:53.766+0000] {processor.py:914} INFO - Processing file /home/airflow/.local/lib/python3.12/site-packages/airflow/example_dags/example_skip_dag.py for tasks to queue
[2025-08-20T20:22:53.768+0000] {logging_mixin.py:190} INFO - [2025-08-20T20:22:53.768+0000] {dagbag.py:587} INFO - Filling up the DagBag from /home/airflow/.local/lib/python3.12/site-packages/airflow/example_dags/example_skip_dag.py
[2025-08-20T20:22:53.775+0000] {processor.py:925} INFO - DAG(s) 'example_skip_dag' retrieved from /home/airflow/.local/lib/python3.12/site-packages/airflow/example_dags/example_skip_dag.py
[2025-08-20T20:22:53.790+0000] {logging_mixin.py:190} INFO - [2025-08-20T20:22:53.790+0000] {dag.py:3229} INFO - Sync 1 DAGs
[2025-08-20T20:22:53.840+0000] {logging_mixin.py:190} INFO - [2025-08-20T20:22:53.840+0000] {dag.py:4156} INFO - Setting next_dagrun for example_skip_dag to 2025-08-19 00:00:00+00:00, run_after=2025-08-20 00:00:00+00:00
[2025-08-20T20:22:53.875+0000] {processor.py:208} INFO - Processing /home/airflow/.local/lib/python3.12/site-packages/airflow/example_dags/example_skip_dag.py took 0.117 seconds
[2025-08-20T20:23:29.125+0000] {processor.py:186} INFO - Started process (PID=671) to work on /home/airflow/.local/lib/python3.12/site-packages/airflow/example_dags/example_skip_dag.py
[2025-08-20T20:23:29.127+0000] {processor.py:914} INFO - Processing file /home/airflow/.local/lib/python3.12/site-packages/airflow/example_dags/example_skip_dag.py for tasks to queue
[2025-08-20T20:23:29.129+0000] {logging_mixin.py:190} INFO - [2025-08-20T20:23:29.129+0000] {dagbag.py:587} INFO - Filling up the DagBag from /home/airflow/.local/lib/python3.12/site-packages/airflow/example_dags/example_skip_dag.py
[2025-08-20T20:23:29.138+0000] {processor.py:925} INFO - DAG(s) 'example_skip_dag' retrieved from /home/airflow/.local/lib/python3.12/site-packages/airflow/example_dags/example_skip_dag.py
[2025-08-20T20:23:29.191+0000] {logging_mixin.py:190} INFO - [2025-08-20T20:23:29.191+0000] {dag.py:3229} INFO - Sync 1 DAGs
[2025-08-20T20:23:29.266+0000] {logging_mixin.py:190} INFO - [2025-08-20T20:23:29.266+0000] {dag.py:4156} INFO - Setting next_dagrun for example_skip_dag to 2025-08-19 00:00:00+00:00, run_after=2025-08-20 00:00:00+00:00
[2025-08-20T20:23:29.288+0000] {processor.py:208} INFO - Processing /home/airflow/.local/lib/python3.12/site-packages/airflow/example_dags/example_skip_dag.py took 0.167 seconds
[2025-08-20T20:23:59.826+0000] {processor.py:186} INFO - Started process (PID=733) to work on /home/airflow/.local/lib/python3.12/site-packages/airflow/example_dags/example_skip_dag.py
[2025-08-20T20:23:59.826+0000] {processor.py:914} INFO - Processing file /home/airflow/.local/lib/python3.12/site-packages/airflow/example_dags/example_skip_dag.py for tasks to queue
[2025-08-20T20:23:59.828+0000] {logging_mixin.py:190} INFO - [2025-08-20T20:23:59.828+0000] {dagbag.py:587} INFO - Filling up the DagBag from /home/airflow/.local/lib/python3.12/site-packages/airflow/example_dags/example_skip_dag.py
[2025-08-20T20:23:59.836+0000] {processor.py:925} INFO - DAG(s) 'example_skip_dag' retrieved from /home/airflow/.local/lib/python3.12/site-packages/airflow/example_dags/example_skip_dag.py
[2025-08-20T20:23:59.862+0000] {logging_mixin.py:190} INFO - [2025-08-20T20:23:59.862+0000] {dag.py:3229} INFO - Sync 1 DAGs
[2025-08-20T20:23:59.884+0000] {logging_mixin.py:190} INFO - [2025-08-20T20:23:59.884+0000] {dag.py:4156} INFO - Setting next_dagrun for example_skip_dag to 2025-08-19 00:00:00+00:00, run_after=2025-08-20 00:00:00+00:00
[2025-08-20T20:23:59.894+0000] {processor.py:208} INFO - Processing /home/airflow/.local/lib/python3.12/site-packages/airflow/example_dags/example_skip_dag.py took 0.071 seconds
[2025-08-20T20:24:30.138+0000] {processor.py:186} INFO - Started process (PID=794) to work on /home/airflow/.local/lib/python3.12/site-packages/airflow/example_dags/example_skip_dag.py
[2025-08-20T20:24:30.139+0000] {processor.py:914} INFO - Processing file /home/airflow/.local/lib/python3.12/site-packages/airflow/example_dags/example_skip_dag.py for tasks to queue
[2025-08-20T20:24:30.141+0000] {logging_mixin.py:190} INFO - [2025-08-20T20:24:30.140+0000] {dagbag.py:587} INFO - Filling up the DagBag from /home/airflow/.local/lib/python3.12/site-packages/airflow/example_dags/example_skip_dag.py
[2025-08-20T20:24:30.147+0000] {processor.py:925} INFO - DAG(s) 'example_skip_dag' retrieved from /home/airflow/.local/lib/python3.12/site-packages/airflow/example_dags/example_skip_dag.py
[2025-08-20T20:24:30.161+0000] {logging_mixin.py:190} INFO - [2025-08-20T20:24:30.161+0000] {dag.py:3229} INFO - Sync 1 DAGs
[2025-08-20T20:24:30.192+0000] {logging_mixin.py:190} INFO - [2025-08-20T20:24:30.191+0000] {dag.py:4156} INFO - Setting next_dagrun for example_skip_dag to 2025-08-19 00:00:00+00:00, run_after=2025-08-20 00:00:00+00:00
[2025-08-20T20:24:30.208+0000] {processor.py:208} INFO - Processing /home/airflow/.local/lib/python3.12/site-packages/airflow/example_dags/example_skip_dag.py took 0.075 seconds
[2025-08-20T20:25:01.540+0000] {processor.py:186} INFO - Started process (PID=856) to work on /home/airflow/.local/lib/python3.12/site-packages/airflow/example_dags/example_skip_dag.py
[2025-08-20T20:25:01.545+0000] {processor.py:914} INFO - Processing file /home/airflow/.local/lib/python3.12/site-packages/airflow/example_dags/example_skip_dag.py for tasks to queue
[2025-08-20T20:25:01.554+0000] {logging_mixin.py:190} INFO - [2025-08-20T20:25:01.553+0000] {dagbag.py:587} INFO - Filling up the DagBag from /home/airflow/.local/lib/python3.12/site-packages/airflow/example_dags/example_skip_dag.py
[2025-08-20T20:25:01.596+0000] {processor.py:925} INFO - DAG(s) 'example_skip_dag' retrieved from /home/airflow/.local/lib/python3.12/site-packages/airflow/example_dags/example_skip_dag.py
[2025-08-20T20:25:01.744+0000] {logging_mixin.py:190} INFO - [2025-08-20T20:25:01.742+0000] {dag.py:3229} INFO - Sync 1 DAGs
[2025-08-20T20:25:01.851+0000] {logging_mixin.py:190} INFO - [2025-08-20T20:25:01.850+0000] {dag.py:4156} INFO - Setting next_dagrun for example_skip_dag to 2025-08-19 00:00:00+00:00, run_after=2025-08-20 00:00:00+00:00
[2025-08-20T20:25:01.909+0000] {processor.py:208} INFO - Processing /home/airflow/.local/lib/python3.12/site-packages/airflow/example_dags/example_skip_dag.py took 0.378 seconds
[2025-08-20T20:25:32.153+0000] {processor.py:186} INFO - Started process (PID=917) to work on /home/airflow/.local/lib/python3.12/site-packages/airflow/example_dags/example_skip_dag.py
[2025-08-20T20:25:32.154+0000] {processor.py:914} INFO - Processing file /home/airflow/.local/lib/python3.12/site-packages/airflow/example_dags/example_skip_dag.py for tasks to queue
[2025-08-20T20:25:32.155+0000] {logging_mixin.py:190} INFO - [2025-08-20T20:25:32.155+0000] {dagbag.py:587} INFO - Filling up the DagBag from /home/airflow/.local/lib/python3.12/site-packages/airflow/example_dags/example_skip_dag.py
[2025-08-20T20:25:32.163+0000] {processor.py:925} INFO - DAG(s) 'example_skip_dag' retrieved from /home/airflow/.local/lib/python3.12/site-packages/airflow/example_dags/example_skip_dag.py
[2025-08-20T20:25:32.205+0000] {logging_mixin.py:190} INFO - [2025-08-20T20:25:32.203+0000] {dag.py:3229} INFO - Sync 1 DAGs
[2025-08-20T20:25:32.219+0000] {logging_mixin.py:190} INFO - [2025-08-20T20:25:32.219+0000] {dag.py:4156} INFO - Setting next_dagrun for example_skip_dag to 2025-08-19 00:00:00+00:00, run_after=2025-08-20 00:00:00+00:00
[2025-08-20T20:25:32.229+0000] {processor.py:208} INFO - Processing /home/airflow/.local/lib/python3.12/site-packages/airflow/example_dags/example_skip_dag.py took 0.080 seconds
[2025-08-20T20:26:03.127+0000] {processor.py:186} INFO - Started process (PID=979) to work on /home/airflow/.local/lib/python3.12/site-packages/airflow/example_dags/example_skip_dag.py
[2025-08-20T20:26:03.128+0000] {processor.py:914} INFO - Processing file /home/airflow/.local/lib/python3.12/site-packages/airflow/example_dags/example_skip_dag.py for tasks to queue
[2025-08-20T20:26:03.130+0000] {logging_mixin.py:190} INFO - [2025-08-20T20:26:03.129+0000] {dagbag.py:587} INFO - Filling up the DagBag from /home/airflow/.local/lib/python3.12/site-packages/airflow/example_dags/example_skip_dag.py
[2025-08-20T20:26:03.136+0000] {processor.py:925} INFO - DAG(s) 'example_skip_dag' retrieved from /home/airflow/.local/lib/python3.12/site-packages/airflow/example_dags/example_skip_dag.py
[2025-08-20T20:26:03.149+0000] {logging_mixin.py:190} INFO - [2025-08-20T20:26:03.148+0000] {dag.py:3229} INFO - Sync 1 DAGs
[2025-08-20T20:26:03.163+0000] {logging_mixin.py:190} INFO - [2025-08-20T20:26:03.163+0000] {dag.py:4156} INFO - Setting next_dagrun for example_skip_dag to 2025-08-19 00:00:00+00:00, run_after=2025-08-20 00:00:00+00:00
[2025-08-20T20:26:03.172+0000] {processor.py:208} INFO - Processing /home/airflow/.local/lib/python3.12/site-packages/airflow/example_dags/example_skip_dag.py took 0.051 seconds
[2025-08-20T20:26:33.914+0000] {processor.py:186} INFO - Started process (PID=1041) to work on /home/airflow/.local/lib/python3.12/site-packages/airflow/example_dags/example_skip_dag.py
[2025-08-20T20:26:33.915+0000] {processor.py:914} INFO - Processing file /home/airflow/.local/lib/python3.12/site-packages/airflow/example_dags/example_skip_dag.py for tasks to queue
[2025-08-20T20:26:33.917+0000] {logging_mixin.py:190} INFO - [2025-08-20T20:26:33.917+0000] {dagbag.py:587} INFO - Filling up the DagBag from /home/airflow/.local/lib/python3.12/site-packages/airflow/example_dags/example_skip_dag.py
[2025-08-20T20:26:33.923+0000] {processor.py:925} INFO - DAG(s) 'example_skip_dag' retrieved from /home/airflow/.local/lib/python3.12/site-packages/airflow/example_dags/example_skip_dag.py
[2025-08-20T20:26:33.944+0000] {logging_mixin.py:190} INFO - [2025-08-20T20:26:33.944+0000] {dag.py:3229} INFO - Sync 1 DAGs
[2025-08-20T20:26:33.959+0000] {logging_mixin.py:190} INFO - [2025-08-20T20:26:33.959+0000] {dag.py:4156} INFO - Setting next_dagrun for example_skip_dag to 2025-08-19 00:00:00+00:00, run_after=2025-08-20 00:00:00+00:00
[2025-08-20T20:26:33.972+0000] {processor.py:208} INFO - Processing /home/airflow/.local/lib/python3.12/site-packages/airflow/example_dags/example_skip_dag.py took 0.062 seconds
