[2025-08-20T20:18:39.193+0000] {processor.py:186} INFO - Started process (PID=115) to work on /home/airflow/.local/lib/python3.12/site-packages/airflow/example_dags/example_bash_decorator.py
[2025-08-20T20:18:39.198+0000] {processor.py:914} INFO - Processing file /home/airflow/.local/lib/python3.12/site-packages/airflow/example_dags/example_bash_decorator.py for tasks to queue
[2025-08-20T20:18:39.213+0000] {logging_mixin.py:190} INFO - [2025-08-20T20:18:39.207+0000] {dagbag.py:587} INFO - Filling up the DagBag from /home/airflow/.local/lib/python3.12/site-packages/airflow/example_dags/example_bash_decorator.py
[2025-08-20T20:18:39.345+0000] {processor.py:925} INFO - DAG(s) 'example_bash_decorator' retrieved from /home/airflow/.local/lib/python3.12/site-packages/airflow/example_dags/example_bash_decorator.py
[2025-08-20T20:18:39.913+0000] {logging_mixin.py:190} INFO - [2025-08-20T20:18:39.893+0000] {override.py:1900} INFO - Created Permission View: can read on DAG:example_bash_decorator
[2025-08-20T20:18:39.993+0000] {logging_mixin.py:190} INFO - [2025-08-20T20:18:39.993+0000] {override.py:1900} INFO - Created Permission View: can delete on DAG:example_bash_decorator
[2025-08-20T20:18:40.009+0000] {logging_mixin.py:190} INFO - [2025-08-20T20:18:40.009+0000] {override.py:1900} INFO - Created Permission View: can edit on DAG:example_bash_decorator
[2025-08-20T20:18:40.026+0000] {logging_mixin.py:190} INFO - [2025-08-20T20:18:40.023+0000] {override.py:1900} INFO - Created Permission View: can read on DAG Run:example_bash_decorator
[2025-08-20T20:18:40.076+0000] {logging_mixin.py:190} INFO - [2025-08-20T20:18:40.075+0000] {override.py:1900} INFO - Created Permission View: menu access on DAG Run:example_bash_decorator
[2025-08-20T20:18:40.100+0000] {logging_mixin.py:190} INFO - [2025-08-20T20:18:40.099+0000] {override.py:1900} INFO - Created Permission View: can delete on DAG Run:example_bash_decorator
[2025-08-20T20:18:40.106+0000] {logging_mixin.py:190} INFO - [2025-08-20T20:18:40.106+0000] {override.py:1900} INFO - Created Permission View: can create on DAG Run:example_bash_decorator
[2025-08-20T20:18:40.106+0000] {logging_mixin.py:190} INFO - [2025-08-20T20:18:40.106+0000] {dag.py:3229} INFO - Sync 1 DAGs
[2025-08-20T20:18:40.221+0000] {logging_mixin.py:190} INFO - [2025-08-20T20:18:40.220+0000] {dag.py:3252} INFO - Creating ORM DAG for example_bash_decorator
[2025-08-20T20:18:40.222+0000] {logging_mixin.py:190} INFO - [2025-08-20T20:18:40.222+0000] {dag.py:4156} INFO - Setting next_dagrun for example_bash_decorator to None, run_after=None
[2025-08-20T20:18:40.266+0000] {processor.py:208} INFO - Processing /home/airflow/.local/lib/python3.12/site-packages/airflow/example_dags/example_bash_decorator.py took 1.115 seconds
[2025-08-20T20:19:10.895+0000] {processor.py:186} INFO - Started process (PID=177) to work on /home/airflow/.local/lib/python3.12/site-packages/airflow/example_dags/example_bash_decorator.py
[2025-08-20T20:19:10.899+0000] {processor.py:914} INFO - Processing file /home/airflow/.local/lib/python3.12/site-packages/airflow/example_dags/example_bash_decorator.py for tasks to queue
[2025-08-20T20:19:10.907+0000] {logging_mixin.py:190} INFO - [2025-08-20T20:19:10.907+0000] {dagbag.py:587} INFO - Filling up the DagBag from /home/airflow/.local/lib/python3.12/site-packages/airflow/example_dags/example_bash_decorator.py
[2025-08-20T20:19:10.945+0000] {processor.py:925} INFO - DAG(s) 'example_bash_decorator' retrieved from /home/airflow/.local/lib/python3.12/site-packages/airflow/example_dags/example_bash_decorator.py
[2025-08-20T20:19:10.994+0000] {logging_mixin.py:190} INFO - [2025-08-20T20:19:10.994+0000] {dag.py:3229} INFO - Sync 1 DAGs
[2025-08-20T20:19:11.015+0000] {logging_mixin.py:190} INFO - [2025-08-20T20:19:11.015+0000] {dag.py:4156} INFO - Setting next_dagrun for example_bash_decorator to None, run_after=None
[2025-08-20T20:19:11.035+0000] {processor.py:208} INFO - Processing /home/airflow/.local/lib/python3.12/site-packages/airflow/example_dags/example_bash_decorator.py took 0.148 seconds
[2025-08-20T20:19:41.894+0000] {processor.py:186} INFO - Started process (PID=239) to work on /home/airflow/.local/lib/python3.12/site-packages/airflow/example_dags/example_bash_decorator.py
[2025-08-20T20:19:41.899+0000] {processor.py:914} INFO - Processing file /home/airflow/.local/lib/python3.12/site-packages/airflow/example_dags/example_bash_decorator.py for tasks to queue
[2025-08-20T20:19:41.907+0000] {logging_mixin.py:190} INFO - [2025-08-20T20:19:41.906+0000] {dagbag.py:587} INFO - Filling up the DagBag from /home/airflow/.local/lib/python3.12/site-packages/airflow/example_dags/example_bash_decorator.py
[2025-08-20T20:19:41.967+0000] {processor.py:925} INFO - DAG(s) 'example_bash_decorator' retrieved from /home/airflow/.local/lib/python3.12/site-packages/airflow/example_dags/example_bash_decorator.py
[2025-08-20T20:19:42.100+0000] {logging_mixin.py:190} INFO - [2025-08-20T20:19:42.096+0000] {dag.py:3229} INFO - Sync 1 DAGs
[2025-08-20T20:19:42.161+0000] {logging_mixin.py:190} INFO - [2025-08-20T20:19:42.160+0000] {dag.py:4156} INFO - Setting next_dagrun for example_bash_decorator to None, run_after=None
[2025-08-20T20:19:42.220+0000] {processor.py:208} INFO - Processing /home/airflow/.local/lib/python3.12/site-packages/airflow/example_dags/example_bash_decorator.py took 0.334 seconds
[2025-08-20T20:20:13.213+0000] {processor.py:186} INFO - Started process (PID=301) to work on /home/airflow/.local/lib/python3.12/site-packages/airflow/example_dags/example_bash_decorator.py
[2025-08-20T20:20:13.218+0000] {processor.py:914} INFO - Processing file /home/airflow/.local/lib/python3.12/site-packages/airflow/example_dags/example_bash_decorator.py for tasks to queue
[2025-08-20T20:20:13.222+0000] {logging_mixin.py:190} INFO - [2025-08-20T20:20:13.220+0000] {dagbag.py:587} INFO - Filling up the DagBag from /home/airflow/.local/lib/python3.12/site-packages/airflow/example_dags/example_bash_decorator.py
[2025-08-20T20:20:13.256+0000] {processor.py:925} INFO - DAG(s) 'example_bash_decorator' retrieved from /home/airflow/.local/lib/python3.12/site-packages/airflow/example_dags/example_bash_decorator.py
[2025-08-20T20:20:13.326+0000] {logging_mixin.py:190} INFO - [2025-08-20T20:20:13.326+0000] {dag.py:3229} INFO - Sync 1 DAGs
[2025-08-20T20:20:13.351+0000] {logging_mixin.py:190} INFO - [2025-08-20T20:20:13.351+0000] {dag.py:4156} INFO - Setting next_dagrun for example_bash_decorator to None, run_after=None
[2025-08-20T20:20:13.374+0000] {processor.py:208} INFO - Processing /home/airflow/.local/lib/python3.12/site-packages/airflow/example_dags/example_bash_decorator.py took 0.201 seconds
[2025-08-20T20:20:45.454+0000] {processor.py:186} INFO - Started process (PID=363) to work on /home/airflow/.local/lib/python3.12/site-packages/airflow/example_dags/example_bash_decorator.py
[2025-08-20T20:20:45.460+0000] {processor.py:914} INFO - Processing file /home/airflow/.local/lib/python3.12/site-packages/airflow/example_dags/example_bash_decorator.py for tasks to queue
[2025-08-20T20:20:45.482+0000] {logging_mixin.py:190} INFO - [2025-08-20T20:20:45.477+0000] {dagbag.py:587} INFO - Filling up the DagBag from /home/airflow/.local/lib/python3.12/site-packages/airflow/example_dags/example_bash_decorator.py
[2025-08-20T20:20:45.583+0000] {processor.py:925} INFO - DAG(s) 'example_bash_decorator' retrieved from /home/airflow/.local/lib/python3.12/site-packages/airflow/example_dags/example_bash_decorator.py
[2025-08-20T20:20:45.686+0000] {logging_mixin.py:190} INFO - [2025-08-20T20:20:45.684+0000] {dag.py:3229} INFO - Sync 1 DAGs
[2025-08-20T20:20:45.765+0000] {logging_mixin.py:190} INFO - [2025-08-20T20:20:45.765+0000] {dag.py:4156} INFO - Setting next_dagrun for example_bash_decorator to None, run_after=None
[2025-08-20T20:20:45.825+0000] {processor.py:208} INFO - Processing /home/airflow/.local/lib/python3.12/site-packages/airflow/example_dags/example_bash_decorator.py took 0.395 seconds
[2025-08-20T20:21:17.942+0000] {processor.py:186} INFO - Started process (PID=425) to work on /home/airflow/.local/lib/python3.12/site-packages/airflow/example_dags/example_bash_decorator.py
[2025-08-20T20:21:17.949+0000] {processor.py:914} INFO - Processing file /home/airflow/.local/lib/python3.12/site-packages/airflow/example_dags/example_bash_decorator.py for tasks to queue
[2025-08-20T20:21:17.951+0000] {logging_mixin.py:190} INFO - [2025-08-20T20:21:17.950+0000] {dagbag.py:587} INFO - Filling up the DagBag from /home/airflow/.local/lib/python3.12/site-packages/airflow/example_dags/example_bash_decorator.py
[2025-08-20T20:21:17.973+0000] {processor.py:925} INFO - DAG(s) 'example_bash_decorator' retrieved from /home/airflow/.local/lib/python3.12/site-packages/airflow/example_dags/example_bash_decorator.py
[2025-08-20T20:21:18.032+0000] {logging_mixin.py:190} INFO - [2025-08-20T20:21:18.031+0000] {dag.py:3229} INFO - Sync 1 DAGs
[2025-08-20T20:21:18.050+0000] {logging_mixin.py:190} INFO - [2025-08-20T20:21:18.050+0000] {dag.py:4156} INFO - Setting next_dagrun for example_bash_decorator to None, run_after=None
[2025-08-20T20:21:18.065+0000] {processor.py:208} INFO - Processing /home/airflow/.local/lib/python3.12/site-packages/airflow/example_dags/example_bash_decorator.py took 0.135 seconds
[2025-08-20T20:21:50.917+0000] {processor.py:186} INFO - Started process (PID=487) to work on /home/airflow/.local/lib/python3.12/site-packages/airflow/example_dags/example_bash_decorator.py
[2025-08-20T20:21:50.919+0000] {processor.py:914} INFO - Processing file /home/airflow/.local/lib/python3.12/site-packages/airflow/example_dags/example_bash_decorator.py for tasks to queue
[2025-08-20T20:21:50.924+0000] {logging_mixin.py:190} INFO - [2025-08-20T20:21:50.923+0000] {dagbag.py:587} INFO - Filling up the DagBag from /home/airflow/.local/lib/python3.12/site-packages/airflow/example_dags/example_bash_decorator.py
[2025-08-20T20:21:50.937+0000] {processor.py:925} INFO - DAG(s) 'example_bash_decorator' retrieved from /home/airflow/.local/lib/python3.12/site-packages/airflow/example_dags/example_bash_decorator.py
[2025-08-20T20:21:50.965+0000] {logging_mixin.py:190} INFO - [2025-08-20T20:21:50.965+0000] {dag.py:3229} INFO - Sync 1 DAGs
[2025-08-20T20:21:50.981+0000] {logging_mixin.py:190} INFO - [2025-08-20T20:21:50.981+0000] {dag.py:4156} INFO - Setting next_dagrun for example_bash_decorator to None, run_after=None
[2025-08-20T20:21:51.001+0000] {processor.py:208} INFO - Processing /home/airflow/.local/lib/python3.12/site-packages/airflow/example_dags/example_bash_decorator.py took 0.091 seconds
[2025-08-20T20:22:23.089+0000] {processor.py:186} INFO - Started process (PID=549) to work on /home/airflow/.local/lib/python3.12/site-packages/airflow/example_dags/example_bash_decorator.py
[2025-08-20T20:22:23.091+0000] {processor.py:914} INFO - Processing file /home/airflow/.local/lib/python3.12/site-packages/airflow/example_dags/example_bash_decorator.py for tasks to queue
[2025-08-20T20:22:23.092+0000] {logging_mixin.py:190} INFO - [2025-08-20T20:22:23.092+0000] {dagbag.py:587} INFO - Filling up the DagBag from /home/airflow/.local/lib/python3.12/site-packages/airflow/example_dags/example_bash_decorator.py
[2025-08-20T20:22:23.103+0000] {processor.py:925} INFO - DAG(s) 'example_bash_decorator' retrieved from /home/airflow/.local/lib/python3.12/site-packages/airflow/example_dags/example_bash_decorator.py
[2025-08-20T20:22:23.116+0000] {logging_mixin.py:190} INFO - [2025-08-20T20:22:23.116+0000] {dag.py:3229} INFO - Sync 1 DAGs
[2025-08-20T20:22:23.124+0000] {logging_mixin.py:190} INFO - [2025-08-20T20:22:23.123+0000] {dag.py:4156} INFO - Setting next_dagrun for example_bash_decorator to None, run_after=None
[2025-08-20T20:22:23.132+0000] {processor.py:208} INFO - Processing /home/airflow/.local/lib/python3.12/site-packages/airflow/example_dags/example_bash_decorator.py took 0.046 seconds
[2025-08-20T20:22:54.684+0000] {processor.py:186} INFO - Started process (PID=611) to work on /home/airflow/.local/lib/python3.12/site-packages/airflow/example_dags/example_bash_decorator.py
[2025-08-20T20:22:54.686+0000] {processor.py:914} INFO - Processing file /home/airflow/.local/lib/python3.12/site-packages/airflow/example_dags/example_bash_decorator.py for tasks to queue
[2025-08-20T20:22:54.690+0000] {logging_mixin.py:190} INFO - [2025-08-20T20:22:54.689+0000] {dagbag.py:587} INFO - Filling up the DagBag from /home/airflow/.local/lib/python3.12/site-packages/airflow/example_dags/example_bash_decorator.py
[2025-08-20T20:22:54.717+0000] {processor.py:925} INFO - DAG(s) 'example_bash_decorator' retrieved from /home/airflow/.local/lib/python3.12/site-packages/airflow/example_dags/example_bash_decorator.py
[2025-08-20T20:22:54.754+0000] {logging_mixin.py:190} INFO - [2025-08-20T20:22:54.754+0000] {dag.py:3229} INFO - Sync 1 DAGs
[2025-08-20T20:22:54.789+0000] {logging_mixin.py:190} INFO - [2025-08-20T20:22:54.788+0000] {dag.py:4156} INFO - Setting next_dagrun for example_bash_decorator to None, run_after=None
[2025-08-20T20:22:54.835+0000] {processor.py:208} INFO - Processing /home/airflow/.local/lib/python3.12/site-packages/airflow/example_dags/example_bash_decorator.py took 0.161 seconds
[2025-08-20T20:23:29.819+0000] {processor.py:186} INFO - Started process (PID=678) to work on /home/airflow/.local/lib/python3.12/site-packages/airflow/example_dags/example_bash_decorator.py
[2025-08-20T20:23:29.820+0000] {processor.py:914} INFO - Processing file /home/airflow/.local/lib/python3.12/site-packages/airflow/example_dags/example_bash_decorator.py for tasks to queue
[2025-08-20T20:23:29.832+0000] {logging_mixin.py:190} INFO - [2025-08-20T20:23:29.832+0000] {dagbag.py:587} INFO - Filling up the DagBag from /home/airflow/.local/lib/python3.12/site-packages/airflow/example_dags/example_bash_decorator.py
[2025-08-20T20:23:29.846+0000] {processor.py:925} INFO - DAG(s) 'example_bash_decorator' retrieved from /home/airflow/.local/lib/python3.12/site-packages/airflow/example_dags/example_bash_decorator.py
[2025-08-20T20:23:29.879+0000] {logging_mixin.py:190} INFO - [2025-08-20T20:23:29.879+0000] {dag.py:3229} INFO - Sync 1 DAGs
[2025-08-20T20:23:29.892+0000] {logging_mixin.py:190} INFO - [2025-08-20T20:23:29.891+0000] {dag.py:4156} INFO - Setting next_dagrun for example_bash_decorator to None, run_after=None
[2025-08-20T20:23:29.906+0000] {processor.py:208} INFO - Processing /home/airflow/.local/lib/python3.12/site-packages/airflow/example_dags/example_bash_decorator.py took 0.091 seconds
[2025-08-20T20:24:00.584+0000] {processor.py:186} INFO - Started process (PID=740) to work on /home/airflow/.local/lib/python3.12/site-packages/airflow/example_dags/example_bash_decorator.py
[2025-08-20T20:24:00.587+0000] {processor.py:914} INFO - Processing file /home/airflow/.local/lib/python3.12/site-packages/airflow/example_dags/example_bash_decorator.py for tasks to queue
[2025-08-20T20:24:00.592+0000] {logging_mixin.py:190} INFO - [2025-08-20T20:24:00.591+0000] {dagbag.py:587} INFO - Filling up the DagBag from /home/airflow/.local/lib/python3.12/site-packages/airflow/example_dags/example_bash_decorator.py
[2025-08-20T20:24:00.617+0000] {processor.py:925} INFO - DAG(s) 'example_bash_decorator' retrieved from /home/airflow/.local/lib/python3.12/site-packages/airflow/example_dags/example_bash_decorator.py
[2025-08-20T20:24:00.668+0000] {logging_mixin.py:190} INFO - [2025-08-20T20:24:00.667+0000] {dag.py:3229} INFO - Sync 1 DAGs
[2025-08-20T20:24:00.696+0000] {logging_mixin.py:190} INFO - [2025-08-20T20:24:00.695+0000] {dag.py:4156} INFO - Setting next_dagrun for example_bash_decorator to None, run_after=None
[2025-08-20T20:24:00.736+0000] {processor.py:208} INFO - Processing /home/airflow/.local/lib/python3.12/site-packages/airflow/example_dags/example_bash_decorator.py took 0.158 seconds
[2025-08-20T20:24:31.998+0000] {processor.py:186} INFO - Started process (PID=806) to work on /home/airflow/.local/lib/python3.12/site-packages/airflow/example_dags/example_bash_decorator.py
[2025-08-20T20:24:32.001+0000] {processor.py:914} INFO - Processing file /home/airflow/.local/lib/python3.12/site-packages/airflow/example_dags/example_bash_decorator.py for tasks to queue
[2025-08-20T20:24:32.002+0000] {logging_mixin.py:190} INFO - [2025-08-20T20:24:32.002+0000] {dagbag.py:587} INFO - Filling up the DagBag from /home/airflow/.local/lib/python3.12/site-packages/airflow/example_dags/example_bash_decorator.py
[2025-08-20T20:24:32.016+0000] {processor.py:925} INFO - DAG(s) 'example_bash_decorator' retrieved from /home/airflow/.local/lib/python3.12/site-packages/airflow/example_dags/example_bash_decorator.py
[2025-08-20T20:24:32.065+0000] {logging_mixin.py:190} INFO - [2025-08-20T20:24:32.064+0000] {dag.py:3229} INFO - Sync 1 DAGs
[2025-08-20T20:24:32.080+0000] {logging_mixin.py:190} INFO - [2025-08-20T20:24:32.080+0000] {dag.py:4156} INFO - Setting next_dagrun for example_bash_decorator to None, run_after=None
[2025-08-20T20:24:32.102+0000] {processor.py:208} INFO - Processing /home/airflow/.local/lib/python3.12/site-packages/airflow/example_dags/example_bash_decorator.py took 0.108 seconds
[2025-08-20T20:25:03.673+0000] {processor.py:186} INFO - Started process (PID=870) to work on /home/airflow/.local/lib/python3.12/site-packages/airflow/example_dags/example_bash_decorator.py
[2025-08-20T20:25:03.676+0000] {processor.py:914} INFO - Processing file /home/airflow/.local/lib/python3.12/site-packages/airflow/example_dags/example_bash_decorator.py for tasks to queue
[2025-08-20T20:25:03.678+0000] {logging_mixin.py:190} INFO - [2025-08-20T20:25:03.678+0000] {dagbag.py:587} INFO - Filling up the DagBag from /home/airflow/.local/lib/python3.12/site-packages/airflow/example_dags/example_bash_decorator.py
[2025-08-20T20:25:03.715+0000] {processor.py:925} INFO - DAG(s) 'example_bash_decorator' retrieved from /home/airflow/.local/lib/python3.12/site-packages/airflow/example_dags/example_bash_decorator.py
[2025-08-20T20:25:03.758+0000] {logging_mixin.py:190} INFO - [2025-08-20T20:25:03.757+0000] {dag.py:3229} INFO - Sync 1 DAGs
[2025-08-20T20:25:03.790+0000] {logging_mixin.py:190} INFO - [2025-08-20T20:25:03.789+0000] {dag.py:4156} INFO - Setting next_dagrun for example_bash_decorator to None, run_after=None
[2025-08-20T20:25:03.821+0000] {processor.py:208} INFO - Processing /home/airflow/.local/lib/python3.12/site-packages/airflow/example_dags/example_bash_decorator.py took 0.160 seconds
[2025-08-20T20:25:34.247+0000] {processor.py:186} INFO - Started process (PID=932) to work on /home/airflow/.local/lib/python3.12/site-packages/airflow/example_dags/example_bash_decorator.py
[2025-08-20T20:25:34.249+0000] {processor.py:914} INFO - Processing file /home/airflow/.local/lib/python3.12/site-packages/airflow/example_dags/example_bash_decorator.py for tasks to queue
[2025-08-20T20:25:34.256+0000] {logging_mixin.py:190} INFO - [2025-08-20T20:25:34.255+0000] {dagbag.py:587} INFO - Filling up the DagBag from /home/airflow/.local/lib/python3.12/site-packages/airflow/example_dags/example_bash_decorator.py
[2025-08-20T20:25:34.283+0000] {processor.py:925} INFO - DAG(s) 'example_bash_decorator' retrieved from /home/airflow/.local/lib/python3.12/site-packages/airflow/example_dags/example_bash_decorator.py
[2025-08-20T20:25:34.321+0000] {logging_mixin.py:190} INFO - [2025-08-20T20:25:34.321+0000] {dag.py:3229} INFO - Sync 1 DAGs
[2025-08-20T20:25:34.333+0000] {logging_mixin.py:190} INFO - [2025-08-20T20:25:34.333+0000] {dag.py:4156} INFO - Setting next_dagrun for example_bash_decorator to None, run_after=None
[2025-08-20T20:25:34.350+0000] {processor.py:208} INFO - Processing /home/airflow/.local/lib/python3.12/site-packages/airflow/example_dags/example_bash_decorator.py took 0.113 seconds
[2025-08-20T20:26:04.893+0000] {processor.py:186} INFO - Started process (PID=994) to work on /home/airflow/.local/lib/python3.12/site-packages/airflow/example_dags/example_bash_decorator.py
[2025-08-20T20:26:04.893+0000] {processor.py:914} INFO - Processing file /home/airflow/.local/lib/python3.12/site-packages/airflow/example_dags/example_bash_decorator.py for tasks to queue
[2025-08-20T20:26:04.896+0000] {logging_mixin.py:190} INFO - [2025-08-20T20:26:04.896+0000] {dagbag.py:587} INFO - Filling up the DagBag from /home/airflow/.local/lib/python3.12/site-packages/airflow/example_dags/example_bash_decorator.py
[2025-08-20T20:26:04.911+0000] {processor.py:925} INFO - DAG(s) 'example_bash_decorator' retrieved from /home/airflow/.local/lib/python3.12/site-packages/airflow/example_dags/example_bash_decorator.py
[2025-08-20T20:26:04.936+0000] {logging_mixin.py:190} INFO - [2025-08-20T20:26:04.935+0000] {dag.py:3229} INFO - Sync 1 DAGs
[2025-08-20T20:26:04.943+0000] {logging_mixin.py:190} INFO - [2025-08-20T20:26:04.943+0000] {dag.py:4156} INFO - Setting next_dagrun for example_bash_decorator to None, run_after=None
[2025-08-20T20:26:04.951+0000] {processor.py:208} INFO - Processing /home/airflow/.local/lib/python3.12/site-packages/airflow/example_dags/example_bash_decorator.py took 0.064 seconds
[2025-08-20T20:26:36.393+0000] {processor.py:186} INFO - Started process (PID=1056) to work on /home/airflow/.local/lib/python3.12/site-packages/airflow/example_dags/example_bash_decorator.py
[2025-08-20T20:26:36.394+0000] {processor.py:914} INFO - Processing file /home/airflow/.local/lib/python3.12/site-packages/airflow/example_dags/example_bash_decorator.py for tasks to queue
[2025-08-20T20:26:36.396+0000] {logging_mixin.py:190} INFO - [2025-08-20T20:26:36.396+0000] {dagbag.py:587} INFO - Filling up the DagBag from /home/airflow/.local/lib/python3.12/site-packages/airflow/example_dags/example_bash_decorator.py
[2025-08-20T20:26:36.407+0000] {processor.py:925} INFO - DAG(s) 'example_bash_decorator' retrieved from /home/airflow/.local/lib/python3.12/site-packages/airflow/example_dags/example_bash_decorator.py
[2025-08-20T20:26:36.424+0000] {logging_mixin.py:190} INFO - [2025-08-20T20:26:36.423+0000] {dag.py:3229} INFO - Sync 1 DAGs
[2025-08-20T20:26:36.433+0000] {logging_mixin.py:190} INFO - [2025-08-20T20:26:36.433+0000] {dag.py:4156} INFO - Setting next_dagrun for example_bash_decorator to None, run_after=None
[2025-08-20T20:26:36.444+0000] {processor.py:208} INFO - Processing /home/airflow/.local/lib/python3.12/site-packages/airflow/example_dags/example_bash_decorator.py took 0.055 seconds
