[2025-08-20T20:18:36.070+0000] {processor.py:186} INFO - Started process (PID=109) to work on /home/airflow/.local/lib/python3.12/site-packages/airflow/example_dags/example_kubernetes_executor.py
[2025-08-20T20:18:36.076+0000] {processor.py:914} INFO - Processing file /home/airflow/.local/lib/python3.12/site-packages/airflow/example_dags/example_kubernetes_executor.py for tasks to queue
[2025-08-20T20:18:36.113+0000] {logging_mixin.py:190} INFO - [2025-08-20T20:18:36.112+0000] {dagbag.py:587} INFO - Filling up the DagBag from /home/airflow/.local/lib/python3.12/site-packages/airflow/example_dags/example_kubernetes_executor.py
[2025-08-20T20:18:36.340+0000] {processor.py:925} INFO - DAG(s) 'example_kubernetes_executor' retrieved from /home/airflow/.local/lib/python3.12/site-packages/airflow/example_dags/example_kubernetes_executor.py
[2025-08-20T20:18:37.056+0000] {logging_mixin.py:190} INFO - [2025-08-20T20:18:37.054+0000] {override.py:1900} INFO - Created Permission View: can read on DAG:example_kubernetes_executor
[2025-08-20T20:18:37.071+0000] {logging_mixin.py:190} INFO - [2025-08-20T20:18:37.071+0000] {override.py:1900} INFO - Created Permission View: can delete on DAG:example_kubernetes_executor
[2025-08-20T20:18:37.086+0000] {logging_mixin.py:190} INFO - [2025-08-20T20:18:37.085+0000] {override.py:1900} INFO - Created Permission View: can edit on DAG:example_kubernetes_executor
[2025-08-20T20:18:37.118+0000] {logging_mixin.py:190} INFO - [2025-08-20T20:18:37.117+0000] {override.py:1900} INFO - Created Permission View: can read on DAG Run:example_kubernetes_executor
[2025-08-20T20:18:37.135+0000] {logging_mixin.py:190} INFO - [2025-08-20T20:18:37.133+0000] {override.py:1900} INFO - Created Permission View: menu access on DAG Run:example_kubernetes_executor
[2025-08-20T20:18:37.149+0000] {logging_mixin.py:190} INFO - [2025-08-20T20:18:37.149+0000] {override.py:1900} INFO - Created Permission View: can delete on DAG Run:example_kubernetes_executor
[2025-08-20T20:18:37.164+0000] {logging_mixin.py:190} INFO - [2025-08-20T20:18:37.163+0000] {override.py:1900} INFO - Created Permission View: can create on DAG Run:example_kubernetes_executor
[2025-08-20T20:18:37.165+0000] {logging_mixin.py:190} INFO - [2025-08-20T20:18:37.165+0000] {dag.py:3229} INFO - Sync 1 DAGs
[2025-08-20T20:18:37.196+0000] {logging_mixin.py:190} INFO - [2025-08-20T20:18:37.195+0000] {dag.py:3252} INFO - Creating ORM DAG for example_kubernetes_executor
[2025-08-20T20:18:37.200+0000] {logging_mixin.py:190} INFO - [2025-08-20T20:18:37.200+0000] {dag.py:4156} INFO - Setting next_dagrun for example_kubernetes_executor to None, run_after=None
[2025-08-20T20:18:37.238+0000] {processor.py:208} INFO - Processing /home/airflow/.local/lib/python3.12/site-packages/airflow/example_dags/example_kubernetes_executor.py took 1.224 seconds
[2025-08-20T20:19:07.443+0000] {processor.py:186} INFO - Started process (PID=172) to work on /home/airflow/.local/lib/python3.12/site-packages/airflow/example_dags/example_kubernetes_executor.py
[2025-08-20T20:19:07.447+0000] {processor.py:914} INFO - Processing file /home/airflow/.local/lib/python3.12/site-packages/airflow/example_dags/example_kubernetes_executor.py for tasks to queue
[2025-08-20T20:19:07.456+0000] {logging_mixin.py:190} INFO - [2025-08-20T20:19:07.455+0000] {dagbag.py:587} INFO - Filling up the DagBag from /home/airflow/.local/lib/python3.12/site-packages/airflow/example_dags/example_kubernetes_executor.py
[2025-08-20T20:19:07.538+0000] {processor.py:925} INFO - DAG(s) 'example_kubernetes_executor' retrieved from /home/airflow/.local/lib/python3.12/site-packages/airflow/example_dags/example_kubernetes_executor.py
[2025-08-20T20:19:07.825+0000] {logging_mixin.py:190} INFO - [2025-08-20T20:19:07.823+0000] {dag.py:3229} INFO - Sync 1 DAGs
[2025-08-20T20:19:07.972+0000] {logging_mixin.py:190} INFO - [2025-08-20T20:19:07.971+0000] {dag.py:4156} INFO - Setting next_dagrun for example_kubernetes_executor to None, run_after=None
[2025-08-20T20:19:08.028+0000] {processor.py:208} INFO - Processing /home/airflow/.local/lib/python3.12/site-packages/airflow/example_dags/example_kubernetes_executor.py took 0.600 seconds
[2025-08-20T20:19:38.400+0000] {processor.py:186} INFO - Started process (PID=233) to work on /home/airflow/.local/lib/python3.12/site-packages/airflow/example_dags/example_kubernetes_executor.py
[2025-08-20T20:19:38.408+0000] {processor.py:914} INFO - Processing file /home/airflow/.local/lib/python3.12/site-packages/airflow/example_dags/example_kubernetes_executor.py for tasks to queue
[2025-08-20T20:19:38.431+0000] {logging_mixin.py:190} INFO - [2025-08-20T20:19:38.431+0000] {dagbag.py:587} INFO - Filling up the DagBag from /home/airflow/.local/lib/python3.12/site-packages/airflow/example_dags/example_kubernetes_executor.py
[2025-08-20T20:19:38.549+0000] {processor.py:925} INFO - DAG(s) 'example_kubernetes_executor' retrieved from /home/airflow/.local/lib/python3.12/site-packages/airflow/example_dags/example_kubernetes_executor.py
[2025-08-20T20:19:38.704+0000] {logging_mixin.py:190} INFO - [2025-08-20T20:19:38.701+0000] {dag.py:3229} INFO - Sync 1 DAGs
[2025-08-20T20:19:38.781+0000] {logging_mixin.py:190} INFO - [2025-08-20T20:19:38.778+0000] {dag.py:4156} INFO - Setting next_dagrun for example_kubernetes_executor to None, run_after=None
[2025-08-20T20:19:38.938+0000] {processor.py:208} INFO - Processing /home/airflow/.local/lib/python3.12/site-packages/airflow/example_dags/example_kubernetes_executor.py took 0.599 seconds
[2025-08-20T20:20:09.089+0000] {processor.py:186} INFO - Started process (PID=295) to work on /home/airflow/.local/lib/python3.12/site-packages/airflow/example_dags/example_kubernetes_executor.py
[2025-08-20T20:20:09.089+0000] {processor.py:914} INFO - Processing file /home/airflow/.local/lib/python3.12/site-packages/airflow/example_dags/example_kubernetes_executor.py for tasks to queue
[2025-08-20T20:20:09.091+0000] {logging_mixin.py:190} INFO - [2025-08-20T20:20:09.091+0000] {dagbag.py:587} INFO - Filling up the DagBag from /home/airflow/.local/lib/python3.12/site-packages/airflow/example_dags/example_kubernetes_executor.py
[2025-08-20T20:20:09.111+0000] {processor.py:925} INFO - DAG(s) 'example_kubernetes_executor' retrieved from /home/airflow/.local/lib/python3.12/site-packages/airflow/example_dags/example_kubernetes_executor.py
[2025-08-20T20:20:09.136+0000] {logging_mixin.py:190} INFO - [2025-08-20T20:20:09.136+0000] {dag.py:3229} INFO - Sync 1 DAGs
[2025-08-20T20:20:09.145+0000] {logging_mixin.py:190} INFO - [2025-08-20T20:20:09.144+0000] {dag.py:4156} INFO - Setting next_dagrun for example_kubernetes_executor to None, run_after=None
[2025-08-20T20:20:09.159+0000] {processor.py:208} INFO - Processing /home/airflow/.local/lib/python3.12/site-packages/airflow/example_dags/example_kubernetes_executor.py took 0.075 seconds
[2025-08-20T20:20:42.355+0000] {processor.py:186} INFO - Started process (PID=357) to work on /home/airflow/.local/lib/python3.12/site-packages/airflow/example_dags/example_kubernetes_executor.py
[2025-08-20T20:20:42.359+0000] {processor.py:914} INFO - Processing file /home/airflow/.local/lib/python3.12/site-packages/airflow/example_dags/example_kubernetes_executor.py for tasks to queue
[2025-08-20T20:20:42.361+0000] {logging_mixin.py:190} INFO - [2025-08-20T20:20:42.360+0000] {dagbag.py:587} INFO - Filling up the DagBag from /home/airflow/.local/lib/python3.12/site-packages/airflow/example_dags/example_kubernetes_executor.py
[2025-08-20T20:20:42.394+0000] {processor.py:925} INFO - DAG(s) 'example_kubernetes_executor' retrieved from /home/airflow/.local/lib/python3.12/site-packages/airflow/example_dags/example_kubernetes_executor.py
[2025-08-20T20:20:42.439+0000] {logging_mixin.py:190} INFO - [2025-08-20T20:20:42.439+0000] {dag.py:3229} INFO - Sync 1 DAGs
[2025-08-20T20:20:42.448+0000] {logging_mixin.py:190} INFO - [2025-08-20T20:20:42.448+0000] {dag.py:4156} INFO - Setting next_dagrun for example_kubernetes_executor to None, run_after=None
[2025-08-20T20:20:42.458+0000] {processor.py:208} INFO - Processing /home/airflow/.local/lib/python3.12/site-packages/airflow/example_dags/example_kubernetes_executor.py took 0.109 seconds
[2025-08-20T20:21:16.824+0000] {processor.py:186} INFO - Started process (PID=419) to work on /home/airflow/.local/lib/python3.12/site-packages/airflow/example_dags/example_kubernetes_executor.py
[2025-08-20T20:21:16.837+0000] {processor.py:914} INFO - Processing file /home/airflow/.local/lib/python3.12/site-packages/airflow/example_dags/example_kubernetes_executor.py for tasks to queue
[2025-08-20T20:21:16.841+0000] {logging_mixin.py:190} INFO - [2025-08-20T20:21:16.841+0000] {dagbag.py:587} INFO - Filling up the DagBag from /home/airflow/.local/lib/python3.12/site-packages/airflow/example_dags/example_kubernetes_executor.py
[2025-08-20T20:21:16.941+0000] {processor.py:925} INFO - DAG(s) 'example_kubernetes_executor' retrieved from /home/airflow/.local/lib/python3.12/site-packages/airflow/example_dags/example_kubernetes_executor.py
[2025-08-20T20:21:17.043+0000] {logging_mixin.py:190} INFO - [2025-08-20T20:21:17.042+0000] {dag.py:3229} INFO - Sync 1 DAGs
[2025-08-20T20:21:17.062+0000] {logging_mixin.py:190} INFO - [2025-08-20T20:21:17.062+0000] {dag.py:4156} INFO - Setting next_dagrun for example_kubernetes_executor to None, run_after=None
[2025-08-20T20:21:17.091+0000] {processor.py:208} INFO - Processing /home/airflow/.local/lib/python3.12/site-packages/airflow/example_dags/example_kubernetes_executor.py took 0.296 seconds
[2025-08-20T20:21:50.416+0000] {processor.py:186} INFO - Started process (PID=481) to work on /home/airflow/.local/lib/python3.12/site-packages/airflow/example_dags/example_kubernetes_executor.py
[2025-08-20T20:21:50.418+0000] {processor.py:914} INFO - Processing file /home/airflow/.local/lib/python3.12/site-packages/airflow/example_dags/example_kubernetes_executor.py for tasks to queue
[2025-08-20T20:21:50.420+0000] {logging_mixin.py:190} INFO - [2025-08-20T20:21:50.419+0000] {dagbag.py:587} INFO - Filling up the DagBag from /home/airflow/.local/lib/python3.12/site-packages/airflow/example_dags/example_kubernetes_executor.py
[2025-08-20T20:21:50.449+0000] {processor.py:925} INFO - DAG(s) 'example_kubernetes_executor' retrieved from /home/airflow/.local/lib/python3.12/site-packages/airflow/example_dags/example_kubernetes_executor.py
[2025-08-20T20:21:50.504+0000] {logging_mixin.py:190} INFO - [2025-08-20T20:21:50.503+0000] {dag.py:3229} INFO - Sync 1 DAGs
[2025-08-20T20:21:50.533+0000] {logging_mixin.py:190} INFO - [2025-08-20T20:21:50.533+0000] {dag.py:4156} INFO - Setting next_dagrun for example_kubernetes_executor to None, run_after=None
[2025-08-20T20:21:50.598+0000] {processor.py:208} INFO - Processing /home/airflow/.local/lib/python3.12/site-packages/airflow/example_dags/example_kubernetes_executor.py took 0.194 seconds
[2025-08-20T20:22:22.524+0000] {processor.py:186} INFO - Started process (PID=543) to work on /home/airflow/.local/lib/python3.12/site-packages/airflow/example_dags/example_kubernetes_executor.py
[2025-08-20T20:22:22.527+0000] {processor.py:914} INFO - Processing file /home/airflow/.local/lib/python3.12/site-packages/airflow/example_dags/example_kubernetes_executor.py for tasks to queue
[2025-08-20T20:22:22.530+0000] {logging_mixin.py:190} INFO - [2025-08-20T20:22:22.529+0000] {dagbag.py:587} INFO - Filling up the DagBag from /home/airflow/.local/lib/python3.12/site-packages/airflow/example_dags/example_kubernetes_executor.py
[2025-08-20T20:22:22.555+0000] {processor.py:925} INFO - DAG(s) 'example_kubernetes_executor' retrieved from /home/airflow/.local/lib/python3.12/site-packages/airflow/example_dags/example_kubernetes_executor.py
[2025-08-20T20:22:22.591+0000] {logging_mixin.py:190} INFO - [2025-08-20T20:22:22.590+0000] {dag.py:3229} INFO - Sync 1 DAGs
[2025-08-20T20:22:22.599+0000] {logging_mixin.py:190} INFO - [2025-08-20T20:22:22.599+0000] {dag.py:4156} INFO - Setting next_dagrun for example_kubernetes_executor to None, run_after=None
[2025-08-20T20:22:22.610+0000] {processor.py:208} INFO - Processing /home/airflow/.local/lib/python3.12/site-packages/airflow/example_dags/example_kubernetes_executor.py took 0.099 seconds
[2025-08-20T20:22:53.920+0000] {processor.py:186} INFO - Started process (PID=605) to work on /home/airflow/.local/lib/python3.12/site-packages/airflow/example_dags/example_kubernetes_executor.py
[2025-08-20T20:22:53.926+0000] {processor.py:914} INFO - Processing file /home/airflow/.local/lib/python3.12/site-packages/airflow/example_dags/example_kubernetes_executor.py for tasks to queue
[2025-08-20T20:22:53.930+0000] {logging_mixin.py:190} INFO - [2025-08-20T20:22:53.929+0000] {dagbag.py:587} INFO - Filling up the DagBag from /home/airflow/.local/lib/python3.12/site-packages/airflow/example_dags/example_kubernetes_executor.py
[2025-08-20T20:22:53.996+0000] {processor.py:925} INFO - DAG(s) 'example_kubernetes_executor' retrieved from /home/airflow/.local/lib/python3.12/site-packages/airflow/example_dags/example_kubernetes_executor.py
[2025-08-20T20:22:54.155+0000] {logging_mixin.py:190} INFO - [2025-08-20T20:22:54.154+0000] {dag.py:3229} INFO - Sync 1 DAGs
[2025-08-20T20:22:54.224+0000] {logging_mixin.py:190} INFO - [2025-08-20T20:22:54.223+0000] {dag.py:4156} INFO - Setting next_dagrun for example_kubernetes_executor to None, run_after=None
[2025-08-20T20:22:54.267+0000] {processor.py:208} INFO - Processing /home/airflow/.local/lib/python3.12/site-packages/airflow/example_dags/example_kubernetes_executor.py took 0.357 seconds
[2025-08-20T20:23:29.324+0000] {processor.py:186} INFO - Started process (PID=672) to work on /home/airflow/.local/lib/python3.12/site-packages/airflow/example_dags/example_kubernetes_executor.py
[2025-08-20T20:23:29.325+0000] {processor.py:914} INFO - Processing file /home/airflow/.local/lib/python3.12/site-packages/airflow/example_dags/example_kubernetes_executor.py for tasks to queue
[2025-08-20T20:23:29.329+0000] {logging_mixin.py:190} INFO - [2025-08-20T20:23:29.328+0000] {dagbag.py:587} INFO - Filling up the DagBag from /home/airflow/.local/lib/python3.12/site-packages/airflow/example_dags/example_kubernetes_executor.py
[2025-08-20T20:23:29.372+0000] {processor.py:925} INFO - DAG(s) 'example_kubernetes_executor' retrieved from /home/airflow/.local/lib/python3.12/site-packages/airflow/example_dags/example_kubernetes_executor.py
[2025-08-20T20:23:29.417+0000] {logging_mixin.py:190} INFO - [2025-08-20T20:23:29.417+0000] {dag.py:3229} INFO - Sync 1 DAGs
[2025-08-20T20:23:29.436+0000] {logging_mixin.py:190} INFO - [2025-08-20T20:23:29.436+0000] {dag.py:4156} INFO - Setting next_dagrun for example_kubernetes_executor to None, run_after=None
[2025-08-20T20:23:29.488+0000] {processor.py:208} INFO - Processing /home/airflow/.local/lib/python3.12/site-packages/airflow/example_dags/example_kubernetes_executor.py took 0.166 seconds
[2025-08-20T20:23:59.916+0000] {processor.py:186} INFO - Started process (PID=734) to work on /home/airflow/.local/lib/python3.12/site-packages/airflow/example_dags/example_kubernetes_executor.py
[2025-08-20T20:23:59.917+0000] {processor.py:914} INFO - Processing file /home/airflow/.local/lib/python3.12/site-packages/airflow/example_dags/example_kubernetes_executor.py for tasks to queue
[2025-08-20T20:23:59.918+0000] {logging_mixin.py:190} INFO - [2025-08-20T20:23:59.918+0000] {dagbag.py:587} INFO - Filling up the DagBag from /home/airflow/.local/lib/python3.12/site-packages/airflow/example_dags/example_kubernetes_executor.py
[2025-08-20T20:23:59.937+0000] {processor.py:925} INFO - DAG(s) 'example_kubernetes_executor' retrieved from /home/airflow/.local/lib/python3.12/site-packages/airflow/example_dags/example_kubernetes_executor.py
[2025-08-20T20:23:59.968+0000] {logging_mixin.py:190} INFO - [2025-08-20T20:23:59.968+0000] {dag.py:3229} INFO - Sync 1 DAGs
[2025-08-20T20:23:59.989+0000] {logging_mixin.py:190} INFO - [2025-08-20T20:23:59.989+0000] {dag.py:4156} INFO - Setting next_dagrun for example_kubernetes_executor to None, run_after=None
[2025-08-20T20:24:00.017+0000] {processor.py:208} INFO - Processing /home/airflow/.local/lib/python3.12/site-packages/airflow/example_dags/example_kubernetes_executor.py took 0.104 seconds
[2025-08-20T20:24:30.238+0000] {processor.py:186} INFO - Started process (PID=796) to work on /home/airflow/.local/lib/python3.12/site-packages/airflow/example_dags/example_kubernetes_executor.py
[2025-08-20T20:24:30.240+0000] {processor.py:914} INFO - Processing file /home/airflow/.local/lib/python3.12/site-packages/airflow/example_dags/example_kubernetes_executor.py for tasks to queue
[2025-08-20T20:24:30.242+0000] {logging_mixin.py:190} INFO - [2025-08-20T20:24:30.242+0000] {dagbag.py:587} INFO - Filling up the DagBag from /home/airflow/.local/lib/python3.12/site-packages/airflow/example_dags/example_kubernetes_executor.py
[2025-08-20T20:24:30.256+0000] {processor.py:925} INFO - DAG(s) 'example_kubernetes_executor' retrieved from /home/airflow/.local/lib/python3.12/site-packages/airflow/example_dags/example_kubernetes_executor.py
[2025-08-20T20:24:30.301+0000] {logging_mixin.py:190} INFO - [2025-08-20T20:24:30.301+0000] {dag.py:3229} INFO - Sync 1 DAGs
[2025-08-20T20:24:30.321+0000] {logging_mixin.py:190} INFO - [2025-08-20T20:24:30.321+0000] {dag.py:4156} INFO - Setting next_dagrun for example_kubernetes_executor to None, run_after=None
[2025-08-20T20:24:30.346+0000] {processor.py:208} INFO - Processing /home/airflow/.local/lib/python3.12/site-packages/airflow/example_dags/example_kubernetes_executor.py took 0.112 seconds
[2025-08-20T20:25:02.092+0000] {processor.py:186} INFO - Started process (PID=857) to work on /home/airflow/.local/lib/python3.12/site-packages/airflow/example_dags/example_kubernetes_executor.py
[2025-08-20T20:25:02.098+0000] {processor.py:914} INFO - Processing file /home/airflow/.local/lib/python3.12/site-packages/airflow/example_dags/example_kubernetes_executor.py for tasks to queue
[2025-08-20T20:25:02.104+0000] {logging_mixin.py:190} INFO - [2025-08-20T20:25:02.103+0000] {dagbag.py:587} INFO - Filling up the DagBag from /home/airflow/.local/lib/python3.12/site-packages/airflow/example_dags/example_kubernetes_executor.py
[2025-08-20T20:25:02.190+0000] {processor.py:925} INFO - DAG(s) 'example_kubernetes_executor' retrieved from /home/airflow/.local/lib/python3.12/site-packages/airflow/example_dags/example_kubernetes_executor.py
[2025-08-20T20:25:02.369+0000] {logging_mixin.py:190} INFO - [2025-08-20T20:25:02.368+0000] {dag.py:3229} INFO - Sync 1 DAGs
[2025-08-20T20:25:02.414+0000] {logging_mixin.py:190} INFO - [2025-08-20T20:25:02.414+0000] {dag.py:4156} INFO - Setting next_dagrun for example_kubernetes_executor to None, run_after=None
[2025-08-20T20:25:02.450+0000] {processor.py:208} INFO - Processing /home/airflow/.local/lib/python3.12/site-packages/airflow/example_dags/example_kubernetes_executor.py took 0.378 seconds
[2025-08-20T20:25:33.412+0000] {processor.py:186} INFO - Started process (PID=920) to work on /home/airflow/.local/lib/python3.12/site-packages/airflow/example_dags/example_kubernetes_executor.py
[2025-08-20T20:25:33.413+0000] {processor.py:914} INFO - Processing file /home/airflow/.local/lib/python3.12/site-packages/airflow/example_dags/example_kubernetes_executor.py for tasks to queue
[2025-08-20T20:25:33.415+0000] {logging_mixin.py:190} INFO - [2025-08-20T20:25:33.415+0000] {dagbag.py:587} INFO - Filling up the DagBag from /home/airflow/.local/lib/python3.12/site-packages/airflow/example_dags/example_kubernetes_executor.py
[2025-08-20T20:25:33.438+0000] {processor.py:925} INFO - DAG(s) 'example_kubernetes_executor' retrieved from /home/airflow/.local/lib/python3.12/site-packages/airflow/example_dags/example_kubernetes_executor.py
[2025-08-20T20:25:33.512+0000] {logging_mixin.py:190} INFO - [2025-08-20T20:25:33.511+0000] {dag.py:3229} INFO - Sync 1 DAGs
[2025-08-20T20:25:33.536+0000] {logging_mixin.py:190} INFO - [2025-08-20T20:25:33.536+0000] {dag.py:4156} INFO - Setting next_dagrun for example_kubernetes_executor to None, run_after=None
[2025-08-20T20:25:33.555+0000] {processor.py:208} INFO - Processing /home/airflow/.local/lib/python3.12/site-packages/airflow/example_dags/example_kubernetes_executor.py took 0.152 seconds
[2025-08-20T20:26:04.621+0000] {processor.py:186} INFO - Started process (PID=987) to work on /home/airflow/.local/lib/python3.12/site-packages/airflow/example_dags/example_kubernetes_executor.py
[2025-08-20T20:26:04.621+0000] {processor.py:914} INFO - Processing file /home/airflow/.local/lib/python3.12/site-packages/airflow/example_dags/example_kubernetes_executor.py for tasks to queue
[2025-08-20T20:26:04.623+0000] {logging_mixin.py:190} INFO - [2025-08-20T20:26:04.622+0000] {dagbag.py:587} INFO - Filling up the DagBag from /home/airflow/.local/lib/python3.12/site-packages/airflow/example_dags/example_kubernetes_executor.py
[2025-08-20T20:26:04.633+0000] {processor.py:925} INFO - DAG(s) 'example_kubernetes_executor' retrieved from /home/airflow/.local/lib/python3.12/site-packages/airflow/example_dags/example_kubernetes_executor.py
[2025-08-20T20:26:04.660+0000] {logging_mixin.py:190} INFO - [2025-08-20T20:26:04.660+0000] {dag.py:3229} INFO - Sync 1 DAGs
[2025-08-20T20:26:04.669+0000] {logging_mixin.py:190} INFO - [2025-08-20T20:26:04.669+0000] {dag.py:4156} INFO - Setting next_dagrun for example_kubernetes_executor to None, run_after=None
[2025-08-20T20:26:04.685+0000] {processor.py:208} INFO - Processing /home/airflow/.local/lib/python3.12/site-packages/airflow/example_dags/example_kubernetes_executor.py took 0.069 seconds
[2025-08-20T20:26:36.014+0000] {processor.py:186} INFO - Started process (PID=1050) to work on /home/airflow/.local/lib/python3.12/site-packages/airflow/example_dags/example_kubernetes_executor.py
[2025-08-20T20:26:36.016+0000] {processor.py:914} INFO - Processing file /home/airflow/.local/lib/python3.12/site-packages/airflow/example_dags/example_kubernetes_executor.py for tasks to queue
[2025-08-20T20:26:36.019+0000] {logging_mixin.py:190} INFO - [2025-08-20T20:26:36.018+0000] {dagbag.py:587} INFO - Filling up the DagBag from /home/airflow/.local/lib/python3.12/site-packages/airflow/example_dags/example_kubernetes_executor.py
[2025-08-20T20:26:36.033+0000] {processor.py:925} INFO - DAG(s) 'example_kubernetes_executor' retrieved from /home/airflow/.local/lib/python3.12/site-packages/airflow/example_dags/example_kubernetes_executor.py
[2025-08-20T20:26:36.080+0000] {logging_mixin.py:190} INFO - [2025-08-20T20:26:36.080+0000] {dag.py:3229} INFO - Sync 1 DAGs
[2025-08-20T20:26:36.099+0000] {logging_mixin.py:190} INFO - [2025-08-20T20:26:36.099+0000] {dag.py:4156} INFO - Setting next_dagrun for example_kubernetes_executor to None, run_after=None
[2025-08-20T20:26:36.124+0000] {processor.py:208} INFO - Processing /home/airflow/.local/lib/python3.12/site-packages/airflow/example_dags/example_kubernetes_executor.py took 0.117 seconds
