[2025-08-20T20:18:19.023+0000] {processor.py:186} INFO - Started process (PID=79) to work on /home/airflow/.local/lib/python3.12/site-packages/airflow/example_dags/example_dataset_alias_with_no_taskflow.py
[2025-08-20T20:18:19.030+0000] {processor.py:914} INFO - Processing file /home/airflow/.local/lib/python3.12/site-packages/airflow/example_dags/example_dataset_alias_with_no_taskflow.py for tasks to queue
[2025-08-20T20:18:19.041+0000] {logging_mixin.py:190} INFO - [2025-08-20T20:18:19.040+0000] {dagbag.py:587} INFO - Filling up the DagBag from /home/airflow/.local/lib/python3.12/site-packages/airflow/example_dags/example_dataset_alias_with_no_taskflow.py
[2025-08-20T20:18:20.911+0000] {processor.py:925} INFO - DAG(s) 'dataset_s3_bucket_consumer_with_no_taskflow', 'dataset_alias_example_alias_consumer_with_no_taskflow', 'dataset_alias_example_alias_producer_with_no_taskflow', 'dataset_s3_bucket_producer_with_no_taskflow' retrieved from /home/airflow/.local/lib/python3.12/site-packages/airflow/example_dags/example_dataset_alias_with_no_taskflow.py
[2025-08-20T20:18:21.354+0000] {logging_mixin.py:190} INFO - [2025-08-20T20:18:21.353+0000] {override.py:1900} INFO - Created Permission View: can read on DAG:dataset_s3_bucket_consumer_with_no_taskflow
[2025-08-20T20:18:21.376+0000] {logging_mixin.py:190} INFO - [2025-08-20T20:18:21.375+0000] {override.py:1900} INFO - Created Permission View: can delete on DAG:dataset_s3_bucket_consumer_with_no_taskflow
[2025-08-20T20:18:21.379+0000] {logging_mixin.py:190} INFO - [2025-08-20T20:18:21.379+0000] {override.py:1900} INFO - Created Permission View: can edit on DAG:dataset_s3_bucket_consumer_with_no_taskflow
[2025-08-20T20:18:21.382+0000] {logging_mixin.py:190} INFO - [2025-08-20T20:18:21.382+0000] {override.py:1900} INFO - Created Permission View: can read on DAG Run:dataset_s3_bucket_consumer_with_no_taskflow
[2025-08-20T20:18:21.385+0000] {logging_mixin.py:190} INFO - [2025-08-20T20:18:21.385+0000] {override.py:1900} INFO - Created Permission View: menu access on DAG Run:dataset_s3_bucket_consumer_with_no_taskflow
[2025-08-20T20:18:21.389+0000] {logging_mixin.py:190} INFO - [2025-08-20T20:18:21.389+0000] {override.py:1900} INFO - Created Permission View: can delete on DAG Run:dataset_s3_bucket_consumer_with_no_taskflow
[2025-08-20T20:18:21.397+0000] {logging_mixin.py:190} INFO - [2025-08-20T20:18:21.396+0000] {override.py:1900} INFO - Created Permission View: can create on DAG Run:dataset_s3_bucket_consumer_with_no_taskflow
[2025-08-20T20:18:21.407+0000] {logging_mixin.py:190} INFO - [2025-08-20T20:18:21.407+0000] {override.py:1900} INFO - Created Permission View: can read on DAG:dataset_alias_example_alias_consumer_with_no_taskflow
[2025-08-20T20:18:21.413+0000] {logging_mixin.py:190} INFO - [2025-08-20T20:18:21.412+0000] {override.py:1900} INFO - Created Permission View: can delete on DAG:dataset_alias_example_alias_consumer_with_no_taskflow
[2025-08-20T20:18:21.417+0000] {logging_mixin.py:190} INFO - [2025-08-20T20:18:21.417+0000] {override.py:1900} INFO - Created Permission View: can edit on DAG:dataset_alias_example_alias_consumer_with_no_taskflow
[2025-08-20T20:18:21.427+0000] {logging_mixin.py:190} INFO - [2025-08-20T20:18:21.427+0000] {override.py:1900} INFO - Created Permission View: can read on DAG Run:dataset_alias_example_alias_consumer_with_no_taskflow
[2025-08-20T20:18:21.429+0000] {logging_mixin.py:190} INFO - [2025-08-20T20:18:21.429+0000] {override.py:1900} INFO - Created Permission View: menu access on DAG Run:dataset_alias_example_alias_consumer_with_no_taskflow
[2025-08-20T20:18:21.432+0000] {logging_mixin.py:190} INFO - [2025-08-20T20:18:21.432+0000] {override.py:1900} INFO - Created Permission View: can delete on DAG Run:dataset_alias_example_alias_consumer_with_no_taskflow
[2025-08-20T20:18:21.435+0000] {logging_mixin.py:190} INFO - [2025-08-20T20:18:21.435+0000] {override.py:1900} INFO - Created Permission View: can create on DAG Run:dataset_alias_example_alias_consumer_with_no_taskflow
[2025-08-20T20:18:21.445+0000] {logging_mixin.py:190} INFO - [2025-08-20T20:18:21.445+0000] {override.py:1900} INFO - Created Permission View: can read on DAG:dataset_alias_example_alias_producer_with_no_taskflow
[2025-08-20T20:18:21.455+0000] {logging_mixin.py:190} INFO - [2025-08-20T20:18:21.455+0000] {override.py:1900} INFO - Created Permission View: can delete on DAG:dataset_alias_example_alias_producer_with_no_taskflow
[2025-08-20T20:18:21.463+0000] {logging_mixin.py:190} INFO - [2025-08-20T20:18:21.463+0000] {override.py:1900} INFO - Created Permission View: can edit on DAG:dataset_alias_example_alias_producer_with_no_taskflow
[2025-08-20T20:18:21.473+0000] {logging_mixin.py:190} INFO - [2025-08-20T20:18:21.472+0000] {override.py:1900} INFO - Created Permission View: can read on DAG Run:dataset_alias_example_alias_producer_with_no_taskflow
[2025-08-20T20:18:21.482+0000] {logging_mixin.py:190} INFO - [2025-08-20T20:18:21.481+0000] {override.py:1900} INFO - Created Permission View: menu access on DAG Run:dataset_alias_example_alias_producer_with_no_taskflow
[2025-08-20T20:18:21.489+0000] {logging_mixin.py:190} INFO - [2025-08-20T20:18:21.488+0000] {override.py:1900} INFO - Created Permission View: can delete on DAG Run:dataset_alias_example_alias_producer_with_no_taskflow
[2025-08-20T20:18:21.496+0000] {logging_mixin.py:190} INFO - [2025-08-20T20:18:21.495+0000] {override.py:1900} INFO - Created Permission View: can create on DAG Run:dataset_alias_example_alias_producer_with_no_taskflow
[2025-08-20T20:18:21.510+0000] {logging_mixin.py:190} INFO - [2025-08-20T20:18:21.509+0000] {override.py:1900} INFO - Created Permission View: can read on DAG:dataset_s3_bucket_producer_with_no_taskflow
[2025-08-20T20:18:21.521+0000] {logging_mixin.py:190} INFO - [2025-08-20T20:18:21.520+0000] {override.py:1900} INFO - Created Permission View: can delete on DAG:dataset_s3_bucket_producer_with_no_taskflow
[2025-08-20T20:18:21.527+0000] {logging_mixin.py:190} INFO - [2025-08-20T20:18:21.527+0000] {override.py:1900} INFO - Created Permission View: can edit on DAG:dataset_s3_bucket_producer_with_no_taskflow
[2025-08-20T20:18:21.536+0000] {logging_mixin.py:190} INFO - [2025-08-20T20:18:21.535+0000] {override.py:1900} INFO - Created Permission View: can read on DAG Run:dataset_s3_bucket_producer_with_no_taskflow
[2025-08-20T20:18:21.542+0000] {logging_mixin.py:190} INFO - [2025-08-20T20:18:21.542+0000] {override.py:1900} INFO - Created Permission View: menu access on DAG Run:dataset_s3_bucket_producer_with_no_taskflow
[2025-08-20T20:18:21.551+0000] {logging_mixin.py:190} INFO - [2025-08-20T20:18:21.550+0000] {override.py:1900} INFO - Created Permission View: can delete on DAG Run:dataset_s3_bucket_producer_with_no_taskflow
[2025-08-20T20:18:21.556+0000] {logging_mixin.py:190} INFO - [2025-08-20T20:18:21.556+0000] {override.py:1900} INFO - Created Permission View: can create on DAG Run:dataset_s3_bucket_producer_with_no_taskflow
[2025-08-20T20:18:21.559+0000] {logging_mixin.py:190} INFO - [2025-08-20T20:18:21.559+0000] {dag.py:3229} INFO - Sync 4 DAGs
[2025-08-20T20:18:21.636+0000] {logging_mixin.py:190} INFO - [2025-08-20T20:18:21.636+0000] {dag.py:3252} INFO - Creating ORM DAG for dataset_s3_bucket_producer_with_no_taskflow
[2025-08-20T20:18:21.639+0000] {logging_mixin.py:190} INFO - [2025-08-20T20:18:21.639+0000] {dag.py:3252} INFO - Creating ORM DAG for dataset_s3_bucket_consumer_with_no_taskflow
[2025-08-20T20:18:21.640+0000] {logging_mixin.py:190} INFO - [2025-08-20T20:18:21.640+0000] {dag.py:3252} INFO - Creating ORM DAG for dataset_alias_example_alias_consumer_with_no_taskflow
[2025-08-20T20:18:21.641+0000] {logging_mixin.py:190} INFO - [2025-08-20T20:18:21.641+0000] {dag.py:3252} INFO - Creating ORM DAG for dataset_alias_example_alias_producer_with_no_taskflow
[2025-08-20T20:18:21.691+0000] {logging_mixin.py:190} INFO - [2025-08-20T20:18:21.691+0000] {dag.py:4156} INFO - Setting next_dagrun for dataset_alias_example_alias_consumer_with_no_taskflow to None, run_after=None
[2025-08-20T20:18:21.698+0000] {logging_mixin.py:190} INFO - [2025-08-20T20:18:21.698+0000] {dag.py:4156} INFO - Setting next_dagrun for dataset_alias_example_alias_producer_with_no_taskflow to None, run_after=None
[2025-08-20T20:18:21.703+0000] {logging_mixin.py:190} INFO - [2025-08-20T20:18:21.702+0000] {dag.py:4156} INFO - Setting next_dagrun for dataset_s3_bucket_consumer_with_no_taskflow to None, run_after=None
[2025-08-20T20:18:21.703+0000] {logging_mixin.py:190} INFO - [2025-08-20T20:18:21.703+0000] {dag.py:4156} INFO - Setting next_dagrun for dataset_s3_bucket_producer_with_no_taskflow to None, run_after=None
[2025-08-20T20:18:21.790+0000] {processor.py:208} INFO - Processing /home/airflow/.local/lib/python3.12/site-packages/airflow/example_dags/example_dataset_alias_with_no_taskflow.py took 2.789 seconds
[2025-08-20T20:18:52.178+0000] {processor.py:186} INFO - Started process (PID=142) to work on /home/airflow/.local/lib/python3.12/site-packages/airflow/example_dags/example_dataset_alias_with_no_taskflow.py
[2025-08-20T20:18:52.183+0000] {processor.py:914} INFO - Processing file /home/airflow/.local/lib/python3.12/site-packages/airflow/example_dags/example_dataset_alias_with_no_taskflow.py for tasks to queue
[2025-08-20T20:18:52.197+0000] {logging_mixin.py:190} INFO - [2025-08-20T20:18:52.196+0000] {dagbag.py:587} INFO - Filling up the DagBag from /home/airflow/.local/lib/python3.12/site-packages/airflow/example_dags/example_dataset_alias_with_no_taskflow.py
[2025-08-20T20:18:53.675+0000] {processor.py:925} INFO - DAG(s) 'dataset_alias_example_alias_producer_with_no_taskflow', 'dataset_alias_example_alias_consumer_with_no_taskflow', 'dataset_s3_bucket_producer_with_no_taskflow', 'dataset_s3_bucket_consumer_with_no_taskflow' retrieved from /home/airflow/.local/lib/python3.12/site-packages/airflow/example_dags/example_dataset_alias_with_no_taskflow.py
[2025-08-20T20:18:53.742+0000] {logging_mixin.py:190} INFO - [2025-08-20T20:18:53.742+0000] {dag.py:3229} INFO - Sync 4 DAGs
[2025-08-20T20:18:53.851+0000] {logging_mixin.py:190} INFO - [2025-08-20T20:18:53.850+0000] {dag.py:4156} INFO - Setting next_dagrun for dataset_alias_example_alias_consumer_with_no_taskflow to None, run_after=None
[2025-08-20T20:18:53.857+0000] {logging_mixin.py:190} INFO - [2025-08-20T20:18:53.856+0000] {dag.py:4156} INFO - Setting next_dagrun for dataset_alias_example_alias_producer_with_no_taskflow to None, run_after=None
[2025-08-20T20:18:53.865+0000] {logging_mixin.py:190} INFO - [2025-08-20T20:18:53.865+0000] {dag.py:4156} INFO - Setting next_dagrun for dataset_s3_bucket_consumer_with_no_taskflow to None, run_after=None
[2025-08-20T20:18:53.866+0000] {logging_mixin.py:190} INFO - [2025-08-20T20:18:53.866+0000] {dag.py:4156} INFO - Setting next_dagrun for dataset_s3_bucket_producer_with_no_taskflow to None, run_after=None
[2025-08-20T20:18:53.933+0000] {processor.py:208} INFO - Processing /home/airflow/.local/lib/python3.12/site-packages/airflow/example_dags/example_dataset_alias_with_no_taskflow.py took 1.791 seconds
[2025-08-20T20:19:24.217+0000] {processor.py:186} INFO - Started process (PID=205) to work on /home/airflow/.local/lib/python3.12/site-packages/airflow/example_dags/example_dataset_alias_with_no_taskflow.py
[2025-08-20T20:19:24.226+0000] {processor.py:914} INFO - Processing file /home/airflow/.local/lib/python3.12/site-packages/airflow/example_dags/example_dataset_alias_with_no_taskflow.py for tasks to queue
[2025-08-20T20:19:24.256+0000] {logging_mixin.py:190} INFO - [2025-08-20T20:19:24.253+0000] {dagbag.py:587} INFO - Filling up the DagBag from /home/airflow/.local/lib/python3.12/site-packages/airflow/example_dags/example_dataset_alias_with_no_taskflow.py
[2025-08-20T20:19:25.610+0000] {processor.py:925} INFO - DAG(s) 'dataset_s3_bucket_consumer_with_no_taskflow', 'dataset_alias_example_alias_producer_with_no_taskflow', 'dataset_s3_bucket_producer_with_no_taskflow', 'dataset_alias_example_alias_consumer_with_no_taskflow' retrieved from /home/airflow/.local/lib/python3.12/site-packages/airflow/example_dags/example_dataset_alias_with_no_taskflow.py
[2025-08-20T20:19:25.846+0000] {logging_mixin.py:190} INFO - [2025-08-20T20:19:25.841+0000] {dag.py:3229} INFO - Sync 4 DAGs
[2025-08-20T20:19:26.107+0000] {logging_mixin.py:190} INFO - [2025-08-20T20:19:26.107+0000] {dag.py:4156} INFO - Setting next_dagrun for dataset_alias_example_alias_consumer_with_no_taskflow to None, run_after=None
[2025-08-20T20:19:26.122+0000] {logging_mixin.py:190} INFO - [2025-08-20T20:19:26.122+0000] {dag.py:4156} INFO - Setting next_dagrun for dataset_alias_example_alias_producer_with_no_taskflow to None, run_after=None
[2025-08-20T20:19:26.130+0000] {logging_mixin.py:190} INFO - [2025-08-20T20:19:26.130+0000] {dag.py:4156} INFO - Setting next_dagrun for dataset_s3_bucket_consumer_with_no_taskflow to None, run_after=None
[2025-08-20T20:19:26.133+0000] {logging_mixin.py:190} INFO - [2025-08-20T20:19:26.133+0000] {dag.py:4156} INFO - Setting next_dagrun for dataset_s3_bucket_producer_with_no_taskflow to None, run_after=None
[2025-08-20T20:19:26.265+0000] {processor.py:208} INFO - Processing /home/airflow/.local/lib/python3.12/site-packages/airflow/example_dags/example_dataset_alias_with_no_taskflow.py took 2.107 seconds
[2025-08-20T20:19:57.751+0000] {processor.py:186} INFO - Started process (PID=268) to work on /home/airflow/.local/lib/python3.12/site-packages/airflow/example_dags/example_dataset_alias_with_no_taskflow.py
[2025-08-20T20:19:57.756+0000] {processor.py:914} INFO - Processing file /home/airflow/.local/lib/python3.12/site-packages/airflow/example_dags/example_dataset_alias_with_no_taskflow.py for tasks to queue
[2025-08-20T20:19:57.761+0000] {logging_mixin.py:190} INFO - [2025-08-20T20:19:57.761+0000] {dagbag.py:587} INFO - Filling up the DagBag from /home/airflow/.local/lib/python3.12/site-packages/airflow/example_dags/example_dataset_alias_with_no_taskflow.py
[2025-08-20T20:19:59.101+0000] {processor.py:925} INFO - DAG(s) 'dataset_alias_example_alias_producer_with_no_taskflow', 'dataset_s3_bucket_consumer_with_no_taskflow', 'dataset_s3_bucket_producer_with_no_taskflow', 'dataset_alias_example_alias_consumer_with_no_taskflow' retrieved from /home/airflow/.local/lib/python3.12/site-packages/airflow/example_dags/example_dataset_alias_with_no_taskflow.py
[2025-08-20T20:19:59.122+0000] {logging_mixin.py:190} INFO - [2025-08-20T20:19:59.122+0000] {dag.py:3229} INFO - Sync 4 DAGs
[2025-08-20T20:19:59.156+0000] {logging_mixin.py:190} INFO - [2025-08-20T20:19:59.156+0000] {dag.py:4156} INFO - Setting next_dagrun for dataset_alias_example_alias_consumer_with_no_taskflow to None, run_after=None
[2025-08-20T20:19:59.158+0000] {logging_mixin.py:190} INFO - [2025-08-20T20:19:59.158+0000] {dag.py:4156} INFO - Setting next_dagrun for dataset_alias_example_alias_producer_with_no_taskflow to None, run_after=None
[2025-08-20T20:19:59.160+0000] {logging_mixin.py:190} INFO - [2025-08-20T20:19:59.160+0000] {dag.py:4156} INFO - Setting next_dagrun for dataset_s3_bucket_consumer_with_no_taskflow to None, run_after=None
[2025-08-20T20:19:59.162+0000] {logging_mixin.py:190} INFO - [2025-08-20T20:19:59.161+0000] {dag.py:4156} INFO - Setting next_dagrun for dataset_s3_bucket_producer_with_no_taskflow to None, run_after=None
[2025-08-20T20:19:59.193+0000] {processor.py:208} INFO - Processing /home/airflow/.local/lib/python3.12/site-packages/airflow/example_dags/example_dataset_alias_with_no_taskflow.py took 1.467 seconds
[2025-08-20T20:20:29.985+0000] {processor.py:186} INFO - Started process (PID=330) to work on /home/airflow/.local/lib/python3.12/site-packages/airflow/example_dags/example_dataset_alias_with_no_taskflow.py
[2025-08-20T20:20:30.006+0000] {processor.py:914} INFO - Processing file /home/airflow/.local/lib/python3.12/site-packages/airflow/example_dags/example_dataset_alias_with_no_taskflow.py for tasks to queue
[2025-08-20T20:20:30.028+0000] {logging_mixin.py:190} INFO - [2025-08-20T20:20:30.027+0000] {dagbag.py:587} INFO - Filling up the DagBag from /home/airflow/.local/lib/python3.12/site-packages/airflow/example_dags/example_dataset_alias_with_no_taskflow.py
[2025-08-20T20:20:33.598+0000] {processor.py:925} INFO - DAG(s) 'dataset_s3_bucket_consumer_with_no_taskflow', 'dataset_alias_example_alias_producer_with_no_taskflow', 'dataset_s3_bucket_producer_with_no_taskflow', 'dataset_alias_example_alias_consumer_with_no_taskflow' retrieved from /home/airflow/.local/lib/python3.12/site-packages/airflow/example_dags/example_dataset_alias_with_no_taskflow.py
[2025-08-20T20:20:33.798+0000] {logging_mixin.py:190} INFO - [2025-08-20T20:20:33.789+0000] {dag.py:3229} INFO - Sync 4 DAGs
[2025-08-20T20:20:34.239+0000] {logging_mixin.py:190} INFO - [2025-08-20T20:20:34.227+0000] {dag.py:4156} INFO - Setting next_dagrun for dataset_alias_example_alias_consumer_with_no_taskflow to None, run_after=None
[2025-08-20T20:20:34.330+0000] {logging_mixin.py:190} INFO - [2025-08-20T20:20:34.330+0000] {dag.py:4156} INFO - Setting next_dagrun for dataset_alias_example_alias_producer_with_no_taskflow to None, run_after=None
[2025-08-20T20:20:34.337+0000] {logging_mixin.py:190} INFO - [2025-08-20T20:20:34.337+0000] {dag.py:4156} INFO - Setting next_dagrun for dataset_s3_bucket_consumer_with_no_taskflow to None, run_after=None
[2025-08-20T20:20:34.340+0000] {logging_mixin.py:190} INFO - [2025-08-20T20:20:34.339+0000] {dag.py:4156} INFO - Setting next_dagrun for dataset_s3_bucket_producer_with_no_taskflow to None, run_after=None
[2025-08-20T20:20:34.568+0000] {processor.py:208} INFO - Processing /home/airflow/.local/lib/python3.12/site-packages/airflow/example_dags/example_dataset_alias_with_no_taskflow.py took 4.626 seconds
[2025-08-20T20:21:04.898+0000] {processor.py:186} INFO - Started process (PID=398) to work on /home/airflow/.local/lib/python3.12/site-packages/airflow/example_dags/example_dataset_alias_with_no_taskflow.py
[2025-08-20T20:21:04.903+0000] {processor.py:914} INFO - Processing file /home/airflow/.local/lib/python3.12/site-packages/airflow/example_dags/example_dataset_alias_with_no_taskflow.py for tasks to queue
[2025-08-20T20:21:04.924+0000] {logging_mixin.py:190} INFO - [2025-08-20T20:21:04.922+0000] {dagbag.py:587} INFO - Filling up the DagBag from /home/airflow/.local/lib/python3.12/site-packages/airflow/example_dags/example_dataset_alias_with_no_taskflow.py
[2025-08-20T20:21:06.472+0000] {processor.py:925} INFO - DAG(s) 'dataset_s3_bucket_producer_with_no_taskflow', 'dataset_alias_example_alias_consumer_with_no_taskflow', 'dataset_alias_example_alias_producer_with_no_taskflow', 'dataset_s3_bucket_consumer_with_no_taskflow' retrieved from /home/airflow/.local/lib/python3.12/site-packages/airflow/example_dags/example_dataset_alias_with_no_taskflow.py
[2025-08-20T20:21:06.553+0000] {logging_mixin.py:190} INFO - [2025-08-20T20:21:06.552+0000] {dag.py:3229} INFO - Sync 4 DAGs
[2025-08-20T20:21:06.676+0000] {logging_mixin.py:190} INFO - [2025-08-20T20:21:06.675+0000] {dag.py:4156} INFO - Setting next_dagrun for dataset_alias_example_alias_consumer_with_no_taskflow to None, run_after=None
[2025-08-20T20:21:06.682+0000] {logging_mixin.py:190} INFO - [2025-08-20T20:21:06.681+0000] {dag.py:4156} INFO - Setting next_dagrun for dataset_alias_example_alias_producer_with_no_taskflow to None, run_after=None
[2025-08-20T20:21:06.684+0000] {logging_mixin.py:190} INFO - [2025-08-20T20:21:06.684+0000] {dag.py:4156} INFO - Setting next_dagrun for dataset_s3_bucket_consumer_with_no_taskflow to None, run_after=None
[2025-08-20T20:21:06.690+0000] {logging_mixin.py:190} INFO - [2025-08-20T20:21:06.690+0000] {dag.py:4156} INFO - Setting next_dagrun for dataset_s3_bucket_producer_with_no_taskflow to None, run_after=None
[2025-08-20T20:21:06.729+0000] {processor.py:208} INFO - Processing /home/airflow/.local/lib/python3.12/site-packages/airflow/example_dags/example_dataset_alias_with_no_taskflow.py took 1.859 seconds
[2025-08-20T20:21:37.192+0000] {processor.py:186} INFO - Started process (PID=460) to work on /home/airflow/.local/lib/python3.12/site-packages/airflow/example_dags/example_dataset_alias_with_no_taskflow.py
[2025-08-20T20:21:37.202+0000] {processor.py:914} INFO - Processing file /home/airflow/.local/lib/python3.12/site-packages/airflow/example_dags/example_dataset_alias_with_no_taskflow.py for tasks to queue
[2025-08-20T20:21:37.214+0000] {logging_mixin.py:190} INFO - [2025-08-20T20:21:37.213+0000] {dagbag.py:587} INFO - Filling up the DagBag from /home/airflow/.local/lib/python3.12/site-packages/airflow/example_dags/example_dataset_alias_with_no_taskflow.py
[2025-08-20T20:21:38.870+0000] {processor.py:925} INFO - DAG(s) 'dataset_alias_example_alias_producer_with_no_taskflow', 'dataset_s3_bucket_consumer_with_no_taskflow', 'dataset_alias_example_alias_consumer_with_no_taskflow', 'dataset_s3_bucket_producer_with_no_taskflow' retrieved from /home/airflow/.local/lib/python3.12/site-packages/airflow/example_dags/example_dataset_alias_with_no_taskflow.py
[2025-08-20T20:21:38.955+0000] {logging_mixin.py:190} INFO - [2025-08-20T20:21:38.954+0000] {dag.py:3229} INFO - Sync 4 DAGs
[2025-08-20T20:21:39.187+0000] {logging_mixin.py:190} INFO - [2025-08-20T20:21:39.187+0000] {dag.py:4156} INFO - Setting next_dagrun for dataset_alias_example_alias_consumer_with_no_taskflow to None, run_after=None
[2025-08-20T20:21:39.192+0000] {logging_mixin.py:190} INFO - [2025-08-20T20:21:39.191+0000] {dag.py:4156} INFO - Setting next_dagrun for dataset_alias_example_alias_producer_with_no_taskflow to None, run_after=None
[2025-08-20T20:21:39.194+0000] {logging_mixin.py:190} INFO - [2025-08-20T20:21:39.194+0000] {dag.py:4156} INFO - Setting next_dagrun for dataset_s3_bucket_consumer_with_no_taskflow to None, run_after=None
[2025-08-20T20:21:39.196+0000] {logging_mixin.py:190} INFO - [2025-08-20T20:21:39.196+0000] {dag.py:4156} INFO - Setting next_dagrun for dataset_s3_bucket_producer_with_no_taskflow to None, run_after=None
[2025-08-20T20:21:39.246+0000] {processor.py:208} INFO - Processing /home/airflow/.local/lib/python3.12/site-packages/airflow/example_dags/example_dataset_alias_with_no_taskflow.py took 2.087 seconds
[2025-08-20T20:22:09.903+0000] {processor.py:186} INFO - Started process (PID=522) to work on /home/airflow/.local/lib/python3.12/site-packages/airflow/example_dags/example_dataset_alias_with_no_taskflow.py
[2025-08-20T20:22:09.910+0000] {processor.py:914} INFO - Processing file /home/airflow/.local/lib/python3.12/site-packages/airflow/example_dags/example_dataset_alias_with_no_taskflow.py for tasks to queue
[2025-08-20T20:22:09.924+0000] {logging_mixin.py:190} INFO - [2025-08-20T20:22:09.921+0000] {dagbag.py:587} INFO - Filling up the DagBag from /home/airflow/.local/lib/python3.12/site-packages/airflow/example_dags/example_dataset_alias_with_no_taskflow.py
[2025-08-20T20:22:11.921+0000] {processor.py:925} INFO - DAG(s) 'dataset_alias_example_alias_producer_with_no_taskflow', 'dataset_s3_bucket_consumer_with_no_taskflow', 'dataset_s3_bucket_producer_with_no_taskflow', 'dataset_alias_example_alias_consumer_with_no_taskflow' retrieved from /home/airflow/.local/lib/python3.12/site-packages/airflow/example_dags/example_dataset_alias_with_no_taskflow.py
[2025-08-20T20:22:12.082+0000] {logging_mixin.py:190} INFO - [2025-08-20T20:22:12.081+0000] {dag.py:3229} INFO - Sync 4 DAGs
[2025-08-20T20:22:12.226+0000] {logging_mixin.py:190} INFO - [2025-08-20T20:22:12.226+0000] {dag.py:4156} INFO - Setting next_dagrun for dataset_alias_example_alias_consumer_with_no_taskflow to None, run_after=None
[2025-08-20T20:22:12.235+0000] {logging_mixin.py:190} INFO - [2025-08-20T20:22:12.235+0000] {dag.py:4156} INFO - Setting next_dagrun for dataset_alias_example_alias_producer_with_no_taskflow to None, run_after=None
[2025-08-20T20:22:12.236+0000] {logging_mixin.py:190} INFO - [2025-08-20T20:22:12.236+0000] {dag.py:4156} INFO - Setting next_dagrun for dataset_s3_bucket_consumer_with_no_taskflow to None, run_after=None
[2025-08-20T20:22:12.237+0000] {logging_mixin.py:190} INFO - [2025-08-20T20:22:12.237+0000] {dag.py:4156} INFO - Setting next_dagrun for dataset_s3_bucket_producer_with_no_taskflow to None, run_after=None
[2025-08-20T20:22:12.305+0000] {processor.py:208} INFO - Processing /home/airflow/.local/lib/python3.12/site-packages/airflow/example_dags/example_dataset_alias_with_no_taskflow.py took 2.471 seconds
[2025-08-20T20:22:44.114+0000] {processor.py:186} INFO - Started process (PID=584) to work on /home/airflow/.local/lib/python3.12/site-packages/airflow/example_dags/example_dataset_alias_with_no_taskflow.py
[2025-08-20T20:22:44.169+0000] {processor.py:914} INFO - Processing file /home/airflow/.local/lib/python3.12/site-packages/airflow/example_dags/example_dataset_alias_with_no_taskflow.py for tasks to queue
[2025-08-20T20:22:44.309+0000] {logging_mixin.py:190} INFO - [2025-08-20T20:22:44.294+0000] {dagbag.py:587} INFO - Filling up the DagBag from /home/airflow/.local/lib/python3.12/site-packages/airflow/example_dags/example_dataset_alias_with_no_taskflow.py
[2025-08-20T20:22:46.264+0000] {processor.py:925} INFO - DAG(s) 'dataset_s3_bucket_producer_with_no_taskflow', 'dataset_alias_example_alias_producer_with_no_taskflow', 'dataset_alias_example_alias_consumer_with_no_taskflow', 'dataset_s3_bucket_consumer_with_no_taskflow' retrieved from /home/airflow/.local/lib/python3.12/site-packages/airflow/example_dags/example_dataset_alias_with_no_taskflow.py
[2025-08-20T20:22:46.314+0000] {logging_mixin.py:190} INFO - [2025-08-20T20:22:46.313+0000] {dag.py:3229} INFO - Sync 4 DAGs
[2025-08-20T20:22:46.426+0000] {logging_mixin.py:190} INFO - [2025-08-20T20:22:46.426+0000] {dag.py:4156} INFO - Setting next_dagrun for dataset_alias_example_alias_consumer_with_no_taskflow to None, run_after=None
[2025-08-20T20:22:46.429+0000] {logging_mixin.py:190} INFO - [2025-08-20T20:22:46.428+0000] {dag.py:4156} INFO - Setting next_dagrun for dataset_alias_example_alias_producer_with_no_taskflow to None, run_after=None
[2025-08-20T20:22:46.430+0000] {logging_mixin.py:190} INFO - [2025-08-20T20:22:46.430+0000] {dag.py:4156} INFO - Setting next_dagrun for dataset_s3_bucket_consumer_with_no_taskflow to None, run_after=None
[2025-08-20T20:22:46.431+0000] {logging_mixin.py:190} INFO - [2025-08-20T20:22:46.430+0000] {dag.py:4156} INFO - Setting next_dagrun for dataset_s3_bucket_producer_with_no_taskflow to None, run_after=None
[2025-08-20T20:22:46.480+0000] {processor.py:208} INFO - Processing /home/airflow/.local/lib/python3.12/site-packages/airflow/example_dags/example_dataset_alias_with_no_taskflow.py took 2.739 seconds
[2025-08-20T20:23:17.290+0000] {processor.py:186} INFO - Started process (PID=646) to work on /home/airflow/.local/lib/python3.12/site-packages/airflow/example_dags/example_dataset_alias_with_no_taskflow.py
[2025-08-20T20:23:17.297+0000] {processor.py:914} INFO - Processing file /home/airflow/.local/lib/python3.12/site-packages/airflow/example_dags/example_dataset_alias_with_no_taskflow.py for tasks to queue
[2025-08-20T20:23:17.314+0000] {logging_mixin.py:190} INFO - [2025-08-20T20:23:17.312+0000] {dagbag.py:587} INFO - Filling up the DagBag from /home/airflow/.local/lib/python3.12/site-packages/airflow/example_dags/example_dataset_alias_with_no_taskflow.py
[2025-08-20T20:23:18.488+0000] {processor.py:925} INFO - DAG(s) 'dataset_s3_bucket_producer_with_no_taskflow', 'dataset_alias_example_alias_producer_with_no_taskflow', 'dataset_alias_example_alias_consumer_with_no_taskflow', 'dataset_s3_bucket_consumer_with_no_taskflow' retrieved from /home/airflow/.local/lib/python3.12/site-packages/airflow/example_dags/example_dataset_alias_with_no_taskflow.py
[2025-08-20T20:23:18.604+0000] {logging_mixin.py:190} INFO - [2025-08-20T20:23:18.604+0000] {dag.py:3229} INFO - Sync 4 DAGs
[2025-08-20T20:23:18.742+0000] {logging_mixin.py:190} INFO - [2025-08-20T20:23:18.742+0000] {dag.py:4156} INFO - Setting next_dagrun for dataset_alias_example_alias_consumer_with_no_taskflow to None, run_after=None
[2025-08-20T20:23:18.747+0000] {logging_mixin.py:190} INFO - [2025-08-20T20:23:18.747+0000] {dag.py:4156} INFO - Setting next_dagrun for dataset_alias_example_alias_producer_with_no_taskflow to None, run_after=None
[2025-08-20T20:23:18.750+0000] {logging_mixin.py:190} INFO - [2025-08-20T20:23:18.749+0000] {dag.py:4156} INFO - Setting next_dagrun for dataset_s3_bucket_consumer_with_no_taskflow to None, run_after=None
[2025-08-20T20:23:18.752+0000] {logging_mixin.py:190} INFO - [2025-08-20T20:23:18.752+0000] {dag.py:4156} INFO - Setting next_dagrun for dataset_s3_bucket_producer_with_no_taskflow to None, run_after=None
[2025-08-20T20:23:18.841+0000] {processor.py:208} INFO - Processing /home/airflow/.local/lib/python3.12/site-packages/airflow/example_dags/example_dataset_alias_with_no_taskflow.py took 1.631 seconds
[2025-08-20T20:23:49.805+0000] {processor.py:186} INFO - Started process (PID=709) to work on /home/airflow/.local/lib/python3.12/site-packages/airflow/example_dags/example_dataset_alias_with_no_taskflow.py
[2025-08-20T20:23:49.811+0000] {processor.py:914} INFO - Processing file /home/airflow/.local/lib/python3.12/site-packages/airflow/example_dags/example_dataset_alias_with_no_taskflow.py for tasks to queue
[2025-08-20T20:23:49.818+0000] {logging_mixin.py:190} INFO - [2025-08-20T20:23:49.817+0000] {dagbag.py:587} INFO - Filling up the DagBag from /home/airflow/.local/lib/python3.12/site-packages/airflow/example_dags/example_dataset_alias_with_no_taskflow.py
[2025-08-20T20:23:50.643+0000] {processor.py:925} INFO - DAG(s) 'dataset_s3_bucket_consumer_with_no_taskflow', 'dataset_alias_example_alias_consumer_with_no_taskflow', 'dataset_s3_bucket_producer_with_no_taskflow', 'dataset_alias_example_alias_producer_with_no_taskflow' retrieved from /home/airflow/.local/lib/python3.12/site-packages/airflow/example_dags/example_dataset_alias_with_no_taskflow.py
[2025-08-20T20:23:50.724+0000] {logging_mixin.py:190} INFO - [2025-08-20T20:23:50.724+0000] {dag.py:3229} INFO - Sync 4 DAGs
[2025-08-20T20:23:50.775+0000] {logging_mixin.py:190} INFO - [2025-08-20T20:23:50.775+0000] {dag.py:4156} INFO - Setting next_dagrun for dataset_alias_example_alias_consumer_with_no_taskflow to None, run_after=None
[2025-08-20T20:23:50.778+0000] {logging_mixin.py:190} INFO - [2025-08-20T20:23:50.778+0000] {dag.py:4156} INFO - Setting next_dagrun for dataset_alias_example_alias_producer_with_no_taskflow to None, run_after=None
[2025-08-20T20:23:50.783+0000] {logging_mixin.py:190} INFO - [2025-08-20T20:23:50.783+0000] {dag.py:4156} INFO - Setting next_dagrun for dataset_s3_bucket_consumer_with_no_taskflow to None, run_after=None
[2025-08-20T20:23:50.786+0000] {logging_mixin.py:190} INFO - [2025-08-20T20:23:50.786+0000] {dag.py:4156} INFO - Setting next_dagrun for dataset_s3_bucket_producer_with_no_taskflow to None, run_after=None
[2025-08-20T20:23:50.818+0000] {processor.py:208} INFO - Processing /home/airflow/.local/lib/python3.12/site-packages/airflow/example_dags/example_dataset_alias_with_no_taskflow.py took 1.034 seconds
[2025-08-20T20:24:21.834+0000] {processor.py:186} INFO - Started process (PID=771) to work on /home/airflow/.local/lib/python3.12/site-packages/airflow/example_dags/example_dataset_alias_with_no_taskflow.py
[2025-08-20T20:24:21.836+0000] {processor.py:914} INFO - Processing file /home/airflow/.local/lib/python3.12/site-packages/airflow/example_dags/example_dataset_alias_with_no_taskflow.py for tasks to queue
[2025-08-20T20:24:21.850+0000] {logging_mixin.py:190} INFO - [2025-08-20T20:24:21.848+0000] {dagbag.py:587} INFO - Filling up the DagBag from /home/airflow/.local/lib/python3.12/site-packages/airflow/example_dags/example_dataset_alias_with_no_taskflow.py
[2025-08-20T20:24:22.904+0000] {processor.py:925} INFO - DAG(s) 'dataset_alias_example_alias_consumer_with_no_taskflow', 'dataset_alias_example_alias_producer_with_no_taskflow', 'dataset_s3_bucket_producer_with_no_taskflow', 'dataset_s3_bucket_consumer_with_no_taskflow' retrieved from /home/airflow/.local/lib/python3.12/site-packages/airflow/example_dags/example_dataset_alias_with_no_taskflow.py
[2025-08-20T20:24:22.989+0000] {logging_mixin.py:190} INFO - [2025-08-20T20:24:22.989+0000] {dag.py:3229} INFO - Sync 4 DAGs
[2025-08-20T20:24:23.063+0000] {logging_mixin.py:190} INFO - [2025-08-20T20:24:23.063+0000] {dag.py:4156} INFO - Setting next_dagrun for dataset_alias_example_alias_consumer_with_no_taskflow to None, run_after=None
[2025-08-20T20:24:23.067+0000] {logging_mixin.py:190} INFO - [2025-08-20T20:24:23.067+0000] {dag.py:4156} INFO - Setting next_dagrun for dataset_alias_example_alias_producer_with_no_taskflow to None, run_after=None
[2025-08-20T20:24:23.071+0000] {logging_mixin.py:190} INFO - [2025-08-20T20:24:23.070+0000] {dag.py:4156} INFO - Setting next_dagrun for dataset_s3_bucket_consumer_with_no_taskflow to None, run_after=None
[2025-08-20T20:24:23.076+0000] {logging_mixin.py:190} INFO - [2025-08-20T20:24:23.076+0000] {dag.py:4156} INFO - Setting next_dagrun for dataset_s3_bucket_producer_with_no_taskflow to None, run_after=None
[2025-08-20T20:24:23.128+0000] {processor.py:208} INFO - Processing /home/airflow/.local/lib/python3.12/site-packages/airflow/example_dags/example_dataset_alias_with_no_taskflow.py took 1.318 seconds
[2025-08-20T20:24:53.555+0000] {processor.py:186} INFO - Started process (PID=831) to work on /home/airflow/.local/lib/python3.12/site-packages/airflow/example_dags/example_dataset_alias_with_no_taskflow.py
[2025-08-20T20:24:53.558+0000] {processor.py:914} INFO - Processing file /home/airflow/.local/lib/python3.12/site-packages/airflow/example_dags/example_dataset_alias_with_no_taskflow.py for tasks to queue
[2025-08-20T20:24:53.569+0000] {logging_mixin.py:190} INFO - [2025-08-20T20:24:53.568+0000] {dagbag.py:587} INFO - Filling up the DagBag from /home/airflow/.local/lib/python3.12/site-packages/airflow/example_dags/example_dataset_alias_with_no_taskflow.py
[2025-08-20T20:24:53.862+0000] {processor.py:925} INFO - DAG(s) 'dataset_alias_example_alias_producer_with_no_taskflow', 'dataset_alias_example_alias_consumer_with_no_taskflow', 'dataset_s3_bucket_producer_with_no_taskflow', 'dataset_s3_bucket_consumer_with_no_taskflow' retrieved from /home/airflow/.local/lib/python3.12/site-packages/airflow/example_dags/example_dataset_alias_with_no_taskflow.py
[2025-08-20T20:24:53.890+0000] {logging_mixin.py:190} INFO - [2025-08-20T20:24:53.890+0000] {dag.py:3229} INFO - Sync 4 DAGs
[2025-08-20T20:24:53.911+0000] {logging_mixin.py:190} INFO - [2025-08-20T20:24:53.910+0000] {dag.py:4156} INFO - Setting next_dagrun for dataset_alias_example_alias_consumer_with_no_taskflow to None, run_after=None
[2025-08-20T20:24:53.913+0000] {logging_mixin.py:190} INFO - [2025-08-20T20:24:53.913+0000] {dag.py:4156} INFO - Setting next_dagrun for dataset_alias_example_alias_producer_with_no_taskflow to None, run_after=None
[2025-08-20T20:24:53.914+0000] {logging_mixin.py:190} INFO - [2025-08-20T20:24:53.914+0000] {dag.py:4156} INFO - Setting next_dagrun for dataset_s3_bucket_consumer_with_no_taskflow to None, run_after=None
[2025-08-20T20:24:53.916+0000] {logging_mixin.py:190} INFO - [2025-08-20T20:24:53.916+0000] {dag.py:4156} INFO - Setting next_dagrun for dataset_s3_bucket_producer_with_no_taskflow to None, run_after=None
[2025-08-20T20:24:53.934+0000] {processor.py:208} INFO - Processing /home/airflow/.local/lib/python3.12/site-packages/airflow/example_dags/example_dataset_alias_with_no_taskflow.py took 0.406 seconds
[2025-08-20T20:25:24.140+0000] {processor.py:186} INFO - Started process (PID=893) to work on /home/airflow/.local/lib/python3.12/site-packages/airflow/example_dags/example_dataset_alias_with_no_taskflow.py
[2025-08-20T20:25:24.144+0000] {processor.py:914} INFO - Processing file /home/airflow/.local/lib/python3.12/site-packages/airflow/example_dags/example_dataset_alias_with_no_taskflow.py for tasks to queue
[2025-08-20T20:25:24.171+0000] {logging_mixin.py:190} INFO - [2025-08-20T20:25:24.168+0000] {dagbag.py:587} INFO - Filling up the DagBag from /home/airflow/.local/lib/python3.12/site-packages/airflow/example_dags/example_dataset_alias_with_no_taskflow.py
[2025-08-20T20:25:24.493+0000] {processor.py:925} INFO - DAG(s) 'dataset_s3_bucket_producer_with_no_taskflow', 'dataset_s3_bucket_consumer_with_no_taskflow', 'dataset_alias_example_alias_consumer_with_no_taskflow', 'dataset_alias_example_alias_producer_with_no_taskflow' retrieved from /home/airflow/.local/lib/python3.12/site-packages/airflow/example_dags/example_dataset_alias_with_no_taskflow.py
[2025-08-20T20:25:24.514+0000] {logging_mixin.py:190} INFO - [2025-08-20T20:25:24.514+0000] {dag.py:3229} INFO - Sync 4 DAGs
[2025-08-20T20:25:24.543+0000] {logging_mixin.py:190} INFO - [2025-08-20T20:25:24.543+0000] {dag.py:4156} INFO - Setting next_dagrun for dataset_alias_example_alias_consumer_with_no_taskflow to None, run_after=None
[2025-08-20T20:25:24.548+0000] {logging_mixin.py:190} INFO - [2025-08-20T20:25:24.547+0000] {dag.py:4156} INFO - Setting next_dagrun for dataset_alias_example_alias_producer_with_no_taskflow to None, run_after=None
[2025-08-20T20:25:24.550+0000] {logging_mixin.py:190} INFO - [2025-08-20T20:25:24.550+0000] {dag.py:4156} INFO - Setting next_dagrun for dataset_s3_bucket_consumer_with_no_taskflow to None, run_after=None
[2025-08-20T20:25:24.552+0000] {logging_mixin.py:190} INFO - [2025-08-20T20:25:24.552+0000] {dag.py:4156} INFO - Setting next_dagrun for dataset_s3_bucket_producer_with_no_taskflow to None, run_after=None
[2025-08-20T20:25:24.574+0000] {processor.py:208} INFO - Processing /home/airflow/.local/lib/python3.12/site-packages/airflow/example_dags/example_dataset_alias_with_no_taskflow.py took 0.451 seconds
[2025-08-20T20:25:54.802+0000] {processor.py:186} INFO - Started process (PID=955) to work on /home/airflow/.local/lib/python3.12/site-packages/airflow/example_dags/example_dataset_alias_with_no_taskflow.py
[2025-08-20T20:25:54.804+0000] {processor.py:914} INFO - Processing file /home/airflow/.local/lib/python3.12/site-packages/airflow/example_dags/example_dataset_alias_with_no_taskflow.py for tasks to queue
[2025-08-20T20:25:54.808+0000] {logging_mixin.py:190} INFO - [2025-08-20T20:25:54.808+0000] {dagbag.py:587} INFO - Filling up the DagBag from /home/airflow/.local/lib/python3.12/site-packages/airflow/example_dags/example_dataset_alias_with_no_taskflow.py
[2025-08-20T20:25:55.040+0000] {processor.py:925} INFO - DAG(s) 'dataset_s3_bucket_consumer_with_no_taskflow', 'dataset_alias_example_alias_consumer_with_no_taskflow', 'dataset_s3_bucket_producer_with_no_taskflow', 'dataset_alias_example_alias_producer_with_no_taskflow' retrieved from /home/airflow/.local/lib/python3.12/site-packages/airflow/example_dags/example_dataset_alias_with_no_taskflow.py
[2025-08-20T20:25:55.060+0000] {logging_mixin.py:190} INFO - [2025-08-20T20:25:55.060+0000] {dag.py:3229} INFO - Sync 4 DAGs
[2025-08-20T20:25:55.090+0000] {logging_mixin.py:190} INFO - [2025-08-20T20:25:55.090+0000] {dag.py:4156} INFO - Setting next_dagrun for dataset_alias_example_alias_consumer_with_no_taskflow to None, run_after=None
[2025-08-20T20:25:55.092+0000] {logging_mixin.py:190} INFO - [2025-08-20T20:25:55.092+0000] {dag.py:4156} INFO - Setting next_dagrun for dataset_alias_example_alias_producer_with_no_taskflow to None, run_after=None
[2025-08-20T20:25:55.095+0000] {logging_mixin.py:190} INFO - [2025-08-20T20:25:55.095+0000] {dag.py:4156} INFO - Setting next_dagrun for dataset_s3_bucket_consumer_with_no_taskflow to None, run_after=None
[2025-08-20T20:25:55.095+0000] {logging_mixin.py:190} INFO - [2025-08-20T20:25:55.095+0000] {dag.py:4156} INFO - Setting next_dagrun for dataset_s3_bucket_producer_with_no_taskflow to None, run_after=None
[2025-08-20T20:25:55.116+0000] {processor.py:208} INFO - Processing /home/airflow/.local/lib/python3.12/site-packages/airflow/example_dags/example_dataset_alias_with_no_taskflow.py took 0.337 seconds
[2025-08-20T20:26:25.579+0000] {processor.py:186} INFO - Started process (PID=1017) to work on /home/airflow/.local/lib/python3.12/site-packages/airflow/example_dags/example_dataset_alias_with_no_taskflow.py
[2025-08-20T20:26:25.584+0000] {processor.py:914} INFO - Processing file /home/airflow/.local/lib/python3.12/site-packages/airflow/example_dags/example_dataset_alias_with_no_taskflow.py for tasks to queue
[2025-08-20T20:26:25.589+0000] {logging_mixin.py:190} INFO - [2025-08-20T20:26:25.588+0000] {dagbag.py:587} INFO - Filling up the DagBag from /home/airflow/.local/lib/python3.12/site-packages/airflow/example_dags/example_dataset_alias_with_no_taskflow.py
[2025-08-20T20:26:25.795+0000] {processor.py:925} INFO - DAG(s) 'dataset_s3_bucket_consumer_with_no_taskflow', 'dataset_alias_example_alias_producer_with_no_taskflow', 'dataset_alias_example_alias_consumer_with_no_taskflow', 'dataset_s3_bucket_producer_with_no_taskflow' retrieved from /home/airflow/.local/lib/python3.12/site-packages/airflow/example_dags/example_dataset_alias_with_no_taskflow.py
[2025-08-20T20:26:25.816+0000] {logging_mixin.py:190} INFO - [2025-08-20T20:26:25.816+0000] {dag.py:3229} INFO - Sync 4 DAGs
[2025-08-20T20:26:25.836+0000] {logging_mixin.py:190} INFO - [2025-08-20T20:26:25.836+0000] {dag.py:4156} INFO - Setting next_dagrun for dataset_alias_example_alias_consumer_with_no_taskflow to None, run_after=None
[2025-08-20T20:26:25.838+0000] {logging_mixin.py:190} INFO - [2025-08-20T20:26:25.837+0000] {dag.py:4156} INFO - Setting next_dagrun for dataset_alias_example_alias_producer_with_no_taskflow to None, run_after=None
[2025-08-20T20:26:25.839+0000] {logging_mixin.py:190} INFO - [2025-08-20T20:26:25.839+0000] {dag.py:4156} INFO - Setting next_dagrun for dataset_s3_bucket_consumer_with_no_taskflow to None, run_after=None
[2025-08-20T20:26:25.840+0000] {logging_mixin.py:190} INFO - [2025-08-20T20:26:25.840+0000] {dag.py:4156} INFO - Setting next_dagrun for dataset_s3_bucket_producer_with_no_taskflow to None, run_after=None
[2025-08-20T20:26:25.857+0000] {processor.py:208} INFO - Processing /home/airflow/.local/lib/python3.12/site-packages/airflow/example_dags/example_dataset_alias_with_no_taskflow.py took 0.296 seconds
[2025-08-20T20:26:56.127+0000] {processor.py:186} INFO - Started process (PID=1079) to work on /home/airflow/.local/lib/python3.12/site-packages/airflow/example_dags/example_dataset_alias_with_no_taskflow.py
[2025-08-20T20:26:56.134+0000] {processor.py:914} INFO - Processing file /home/airflow/.local/lib/python3.12/site-packages/airflow/example_dags/example_dataset_alias_with_no_taskflow.py for tasks to queue
[2025-08-20T20:26:56.156+0000] {logging_mixin.py:190} INFO - [2025-08-20T20:26:56.153+0000] {dagbag.py:587} INFO - Filling up the DagBag from /home/airflow/.local/lib/python3.12/site-packages/airflow/example_dags/example_dataset_alias_with_no_taskflow.py
[2025-08-20T20:26:56.878+0000] {processor.py:925} INFO - DAG(s) 'dataset_alias_example_alias_producer_with_no_taskflow', 'dataset_s3_bucket_producer_with_no_taskflow', 'dataset_s3_bucket_consumer_with_no_taskflow', 'dataset_alias_example_alias_consumer_with_no_taskflow' retrieved from /home/airflow/.local/lib/python3.12/site-packages/airflow/example_dags/example_dataset_alias_with_no_taskflow.py
[2025-08-20T20:26:56.904+0000] {logging_mixin.py:190} INFO - [2025-08-20T20:26:56.904+0000] {dag.py:3229} INFO - Sync 4 DAGs
[2025-08-20T20:26:56.945+0000] {logging_mixin.py:190} INFO - [2025-08-20T20:26:56.945+0000] {dag.py:4156} INFO - Setting next_dagrun for dataset_alias_example_alias_consumer_with_no_taskflow to None, run_after=None
[2025-08-20T20:26:56.947+0000] {logging_mixin.py:190} INFO - [2025-08-20T20:26:56.947+0000] {dag.py:4156} INFO - Setting next_dagrun for dataset_alias_example_alias_producer_with_no_taskflow to None, run_after=None
[2025-08-20T20:26:56.952+0000] {logging_mixin.py:190} INFO - [2025-08-20T20:26:56.952+0000] {dag.py:4156} INFO - Setting next_dagrun for dataset_s3_bucket_consumer_with_no_taskflow to None, run_after=None
[2025-08-20T20:26:56.952+0000] {logging_mixin.py:190} INFO - [2025-08-20T20:26:56.952+0000] {dag.py:4156} INFO - Setting next_dagrun for dataset_s3_bucket_producer_with_no_taskflow to None, run_after=None
[2025-08-20T20:26:56.975+0000] {processor.py:208} INFO - Processing /home/airflow/.local/lib/python3.12/site-packages/airflow/example_dags/example_dataset_alias_with_no_taskflow.py took 0.895 seconds
