[2025-08-20T20:18:14.682+0000] {processor.py:186} INFO - Started process (PID=71) to work on /home/airflow/.local/lib/python3.12/site-packages/airflow/example_dags/example_task_group_decorator.py
[2025-08-20T20:18:14.684+0000] {processor.py:914} INFO - Processing file /home/airflow/.local/lib/python3.12/site-packages/airflow/example_dags/example_task_group_decorator.py for tasks to queue
[2025-08-20T20:18:14.697+0000] {logging_mixin.py:190} INFO - [2025-08-20T20:18:14.695+0000] {dagbag.py:587} INFO - Filling up the DagBag from /home/airflow/.local/lib/python3.12/site-packages/airflow/example_dags/example_task_group_decorator.py
[2025-08-20T20:18:14.772+0000] {processor.py:925} INFO - DAG(s) 'example_task_group_decorator' retrieved from /home/airflow/.local/lib/python3.12/site-packages/airflow/example_dags/example_task_group_decorator.py
[2025-08-20T20:18:15.247+0000] {logging_mixin.py:190} INFO - [2025-08-20T20:18:15.241+0000] {override.py:1900} INFO - Created Permission View: can read on DAG:example_task_group_decorator
[2025-08-20T20:18:15.273+0000] {logging_mixin.py:190} INFO - [2025-08-20T20:18:15.272+0000] {override.py:1900} INFO - Created Permission View: can delete on DAG:example_task_group_decorator
[2025-08-20T20:18:15.283+0000] {logging_mixin.py:190} INFO - [2025-08-20T20:18:15.283+0000] {override.py:1900} INFO - Created Permission View: can edit on DAG:example_task_group_decorator
[2025-08-20T20:18:15.293+0000] {logging_mixin.py:190} INFO - [2025-08-20T20:18:15.292+0000] {override.py:1900} INFO - Created Permission View: can read on DAG Run:example_task_group_decorator
[2025-08-20T20:18:15.298+0000] {logging_mixin.py:190} INFO - [2025-08-20T20:18:15.297+0000] {override.py:1900} INFO - Created Permission View: menu access on DAG Run:example_task_group_decorator
[2025-08-20T20:18:15.305+0000] {logging_mixin.py:190} INFO - [2025-08-20T20:18:15.304+0000] {override.py:1900} INFO - Created Permission View: can delete on DAG Run:example_task_group_decorator
[2025-08-20T20:18:15.313+0000] {logging_mixin.py:190} INFO - [2025-08-20T20:18:15.312+0000] {override.py:1900} INFO - Created Permission View: can create on DAG Run:example_task_group_decorator
[2025-08-20T20:18:15.313+0000] {logging_mixin.py:190} INFO - [2025-08-20T20:18:15.313+0000] {dag.py:3229} INFO - Sync 1 DAGs
[2025-08-20T20:18:15.376+0000] {logging_mixin.py:190} INFO - [2025-08-20T20:18:15.375+0000] {dag.py:3252} INFO - Creating ORM DAG for example_task_group_decorator
[2025-08-20T20:18:15.379+0000] {logging_mixin.py:190} INFO - [2025-08-20T20:18:15.378+0000] {dag.py:4156} INFO - Setting next_dagrun for example_task_group_decorator to None, run_after=None
[2025-08-20T20:18:15.421+0000] {processor.py:208} INFO - Processing /home/airflow/.local/lib/python3.12/site-packages/airflow/example_dags/example_task_group_decorator.py took 0.752 seconds
[2025-08-20T20:18:47.811+0000] {processor.py:186} INFO - Started process (PID=133) to work on /home/airflow/.local/lib/python3.12/site-packages/airflow/example_dags/example_task_group_decorator.py
[2025-08-20T20:18:47.828+0000] {processor.py:914} INFO - Processing file /home/airflow/.local/lib/python3.12/site-packages/airflow/example_dags/example_task_group_decorator.py for tasks to queue
[2025-08-20T20:18:47.845+0000] {logging_mixin.py:190} INFO - [2025-08-20T20:18:47.843+0000] {dagbag.py:587} INFO - Filling up the DagBag from /home/airflow/.local/lib/python3.12/site-packages/airflow/example_dags/example_task_group_decorator.py
[2025-08-20T20:18:47.986+0000] {processor.py:925} INFO - DAG(s) 'example_task_group_decorator' retrieved from /home/airflow/.local/lib/python3.12/site-packages/airflow/example_dags/example_task_group_decorator.py
[2025-08-20T20:18:48.084+0000] {logging_mixin.py:190} INFO - [2025-08-20T20:18:48.083+0000] {dag.py:3229} INFO - Sync 1 DAGs
[2025-08-20T20:18:48.116+0000] {logging_mixin.py:190} INFO - [2025-08-20T20:18:48.115+0000] {dag.py:4156} INFO - Setting next_dagrun for example_task_group_decorator to None, run_after=None
[2025-08-20T20:18:48.145+0000] {processor.py:208} INFO - Processing /home/airflow/.local/lib/python3.12/site-packages/airflow/example_dags/example_task_group_decorator.py took 0.421 seconds
[2025-08-20T20:19:18.639+0000] {processor.py:186} INFO - Started process (PID=195) to work on /home/airflow/.local/lib/python3.12/site-packages/airflow/example_dags/example_task_group_decorator.py
[2025-08-20T20:19:18.641+0000] {processor.py:914} INFO - Processing file /home/airflow/.local/lib/python3.12/site-packages/airflow/example_dags/example_task_group_decorator.py for tasks to queue
[2025-08-20T20:19:18.654+0000] {logging_mixin.py:190} INFO - [2025-08-20T20:19:18.651+0000] {dagbag.py:587} INFO - Filling up the DagBag from /home/airflow/.local/lib/python3.12/site-packages/airflow/example_dags/example_task_group_decorator.py
[2025-08-20T20:19:18.739+0000] {processor.py:925} INFO - DAG(s) 'example_task_group_decorator' retrieved from /home/airflow/.local/lib/python3.12/site-packages/airflow/example_dags/example_task_group_decorator.py
[2025-08-20T20:19:18.813+0000] {logging_mixin.py:190} INFO - [2025-08-20T20:19:18.812+0000] {dag.py:3229} INFO - Sync 1 DAGs
[2025-08-20T20:19:18.858+0000] {logging_mixin.py:190} INFO - [2025-08-20T20:19:18.857+0000] {dag.py:4156} INFO - Setting next_dagrun for example_task_group_decorator to None, run_after=None
[2025-08-20T20:19:18.921+0000] {processor.py:208} INFO - Processing /home/airflow/.local/lib/python3.12/site-packages/airflow/example_dags/example_task_group_decorator.py took 0.291 seconds
[2025-08-20T20:19:51.347+0000] {processor.py:186} INFO - Started process (PID=257) to work on /home/airflow/.local/lib/python3.12/site-packages/airflow/example_dags/example_task_group_decorator.py
[2025-08-20T20:19:51.348+0000] {processor.py:914} INFO - Processing file /home/airflow/.local/lib/python3.12/site-packages/airflow/example_dags/example_task_group_decorator.py for tasks to queue
[2025-08-20T20:19:51.351+0000] {logging_mixin.py:190} INFO - [2025-08-20T20:19:51.350+0000] {dagbag.py:587} INFO - Filling up the DagBag from /home/airflow/.local/lib/python3.12/site-packages/airflow/example_dags/example_task_group_decorator.py
[2025-08-20T20:19:51.374+0000] {processor.py:925} INFO - DAG(s) 'example_task_group_decorator' retrieved from /home/airflow/.local/lib/python3.12/site-packages/airflow/example_dags/example_task_group_decorator.py
[2025-08-20T20:19:51.450+0000] {logging_mixin.py:190} INFO - [2025-08-20T20:19:51.449+0000] {dag.py:3229} INFO - Sync 1 DAGs
[2025-08-20T20:19:51.465+0000] {logging_mixin.py:190} INFO - [2025-08-20T20:19:51.465+0000] {dag.py:4156} INFO - Setting next_dagrun for example_task_group_decorator to None, run_after=None
[2025-08-20T20:19:51.489+0000] {processor.py:208} INFO - Processing /home/airflow/.local/lib/python3.12/site-packages/airflow/example_dags/example_task_group_decorator.py took 0.147 seconds
[2025-08-20T20:20:22.628+0000] {processor.py:186} INFO - Started process (PID=312) to work on /home/airflow/.local/lib/python3.12/site-packages/airflow/example_dags/example_task_group_decorator.py
[2025-08-20T20:20:22.631+0000] {processor.py:914} INFO - Processing file /home/airflow/.local/lib/python3.12/site-packages/airflow/example_dags/example_task_group_decorator.py for tasks to queue
[2025-08-20T20:20:22.635+0000] {logging_mixin.py:190} INFO - [2025-08-20T20:20:22.634+0000] {dagbag.py:587} INFO - Filling up the DagBag from /home/airflow/.local/lib/python3.12/site-packages/airflow/example_dags/example_task_group_decorator.py
[2025-08-20T20:20:22.687+0000] {processor.py:925} INFO - DAG(s) 'example_task_group_decorator' retrieved from /home/airflow/.local/lib/python3.12/site-packages/airflow/example_dags/example_task_group_decorator.py
[2025-08-20T20:20:22.752+0000] {logging_mixin.py:190} INFO - [2025-08-20T20:20:22.752+0000] {dag.py:3229} INFO - Sync 1 DAGs
[2025-08-20T20:20:22.774+0000] {logging_mixin.py:190} INFO - [2025-08-20T20:20:22.774+0000] {dag.py:4156} INFO - Setting next_dagrun for example_task_group_decorator to None, run_after=None
[2025-08-20T20:20:22.791+0000] {processor.py:208} INFO - Processing /home/airflow/.local/lib/python3.12/site-packages/airflow/example_dags/example_task_group_decorator.py took 0.175 seconds
[2025-08-20T20:20:56.059+0000] {processor.py:186} INFO - Started process (PID=374) to work on /home/airflow/.local/lib/python3.12/site-packages/airflow/example_dags/example_task_group_decorator.py
[2025-08-20T20:20:56.061+0000] {processor.py:914} INFO - Processing file /home/airflow/.local/lib/python3.12/site-packages/airflow/example_dags/example_task_group_decorator.py for tasks to queue
[2025-08-20T20:20:56.076+0000] {logging_mixin.py:190} INFO - [2025-08-20T20:20:56.074+0000] {dagbag.py:587} INFO - Filling up the DagBag from /home/airflow/.local/lib/python3.12/site-packages/airflow/example_dags/example_task_group_decorator.py
[2025-08-20T20:20:56.139+0000] {processor.py:925} INFO - DAG(s) 'example_task_group_decorator' retrieved from /home/airflow/.local/lib/python3.12/site-packages/airflow/example_dags/example_task_group_decorator.py
[2025-08-20T20:20:56.189+0000] {logging_mixin.py:190} INFO - [2025-08-20T20:20:56.189+0000] {dag.py:3229} INFO - Sync 1 DAGs
[2025-08-20T20:20:56.212+0000] {logging_mixin.py:190} INFO - [2025-08-20T20:20:56.211+0000] {dag.py:4156} INFO - Setting next_dagrun for example_task_group_decorator to None, run_after=None
[2025-08-20T20:20:56.231+0000] {processor.py:208} INFO - Processing /home/airflow/.local/lib/python3.12/site-packages/airflow/example_dags/example_task_group_decorator.py took 0.207 seconds
[2025-08-20T20:21:26.786+0000] {processor.py:186} INFO - Started process (PID=436) to work on /home/airflow/.local/lib/python3.12/site-packages/airflow/example_dags/example_task_group_decorator.py
[2025-08-20T20:21:26.790+0000] {processor.py:914} INFO - Processing file /home/airflow/.local/lib/python3.12/site-packages/airflow/example_dags/example_task_group_decorator.py for tasks to queue
[2025-08-20T20:21:26.794+0000] {logging_mixin.py:190} INFO - [2025-08-20T20:21:26.794+0000] {dagbag.py:587} INFO - Filling up the DagBag from /home/airflow/.local/lib/python3.12/site-packages/airflow/example_dags/example_task_group_decorator.py
[2025-08-20T20:21:26.823+0000] {processor.py:925} INFO - DAG(s) 'example_task_group_decorator' retrieved from /home/airflow/.local/lib/python3.12/site-packages/airflow/example_dags/example_task_group_decorator.py
[2025-08-20T20:21:26.869+0000] {logging_mixin.py:190} INFO - [2025-08-20T20:21:26.869+0000] {dag.py:3229} INFO - Sync 1 DAGs
[2025-08-20T20:21:26.878+0000] {logging_mixin.py:190} INFO - [2025-08-20T20:21:26.878+0000] {dag.py:4156} INFO - Setting next_dagrun for example_task_group_decorator to None, run_after=None
[2025-08-20T20:21:26.894+0000] {processor.py:208} INFO - Processing /home/airflow/.local/lib/python3.12/site-packages/airflow/example_dags/example_task_group_decorator.py took 0.114 seconds
[2025-08-20T20:21:57.052+0000] {processor.py:186} INFO - Started process (PID=498) to work on /home/airflow/.local/lib/python3.12/site-packages/airflow/example_dags/example_task_group_decorator.py
[2025-08-20T20:21:57.058+0000] {processor.py:914} INFO - Processing file /home/airflow/.local/lib/python3.12/site-packages/airflow/example_dags/example_task_group_decorator.py for tasks to queue
[2025-08-20T20:21:57.060+0000] {logging_mixin.py:190} INFO - [2025-08-20T20:21:57.060+0000] {dagbag.py:587} INFO - Filling up the DagBag from /home/airflow/.local/lib/python3.12/site-packages/airflow/example_dags/example_task_group_decorator.py
[2025-08-20T20:21:57.096+0000] {processor.py:925} INFO - DAG(s) 'example_task_group_decorator' retrieved from /home/airflow/.local/lib/python3.12/site-packages/airflow/example_dags/example_task_group_decorator.py
[2025-08-20T20:21:57.135+0000] {logging_mixin.py:190} INFO - [2025-08-20T20:21:57.134+0000] {dag.py:3229} INFO - Sync 1 DAGs
[2025-08-20T20:21:57.175+0000] {logging_mixin.py:190} INFO - [2025-08-20T20:21:57.175+0000] {dag.py:4156} INFO - Setting next_dagrun for example_task_group_decorator to None, run_after=None
[2025-08-20T20:21:57.200+0000] {processor.py:208} INFO - Processing /home/airflow/.local/lib/python3.12/site-packages/airflow/example_dags/example_task_group_decorator.py took 0.158 seconds
[2025-08-20T20:22:27.278+0000] {processor.py:186} INFO - Started process (PID=560) to work on /home/airflow/.local/lib/python3.12/site-packages/airflow/example_dags/example_task_group_decorator.py
[2025-08-20T20:22:27.282+0000] {processor.py:914} INFO - Processing file /home/airflow/.local/lib/python3.12/site-packages/airflow/example_dags/example_task_group_decorator.py for tasks to queue
[2025-08-20T20:22:27.285+0000] {logging_mixin.py:190} INFO - [2025-08-20T20:22:27.285+0000] {dagbag.py:587} INFO - Filling up the DagBag from /home/airflow/.local/lib/python3.12/site-packages/airflow/example_dags/example_task_group_decorator.py
[2025-08-20T20:22:27.306+0000] {processor.py:925} INFO - DAG(s) 'example_task_group_decorator' retrieved from /home/airflow/.local/lib/python3.12/site-packages/airflow/example_dags/example_task_group_decorator.py
[2025-08-20T20:22:27.330+0000] {logging_mixin.py:190} INFO - [2025-08-20T20:22:27.330+0000] {dag.py:3229} INFO - Sync 1 DAGs
[2025-08-20T20:22:27.343+0000] {logging_mixin.py:190} INFO - [2025-08-20T20:22:27.343+0000] {dag.py:4156} INFO - Setting next_dagrun for example_task_group_decorator to None, run_after=None
[2025-08-20T20:22:27.360+0000] {processor.py:208} INFO - Processing /home/airflow/.local/lib/python3.12/site-packages/airflow/example_dags/example_task_group_decorator.py took 0.088 seconds
[2025-08-20T20:22:57.876+0000] {processor.py:186} INFO - Started process (PID=619) to work on /home/airflow/.local/lib/python3.12/site-packages/airflow/example_dags/example_task_group_decorator.py
[2025-08-20T20:22:57.878+0000] {processor.py:914} INFO - Processing file /home/airflow/.local/lib/python3.12/site-packages/airflow/example_dags/example_task_group_decorator.py for tasks to queue
[2025-08-20T20:22:57.885+0000] {logging_mixin.py:190} INFO - [2025-08-20T20:22:57.884+0000] {dagbag.py:587} INFO - Filling up the DagBag from /home/airflow/.local/lib/python3.12/site-packages/airflow/example_dags/example_task_group_decorator.py
[2025-08-20T20:22:57.966+0000] {processor.py:925} INFO - DAG(s) 'example_task_group_decorator' retrieved from /home/airflow/.local/lib/python3.12/site-packages/airflow/example_dags/example_task_group_decorator.py
[2025-08-20T20:22:58.029+0000] {logging_mixin.py:190} INFO - [2025-08-20T20:22:58.029+0000] {dag.py:3229} INFO - Sync 1 DAGs
[2025-08-20T20:22:58.060+0000] {logging_mixin.py:190} INFO - [2025-08-20T20:22:58.060+0000] {dag.py:4156} INFO - Setting next_dagrun for example_task_group_decorator to None, run_after=None
[2025-08-20T20:22:58.096+0000] {processor.py:208} INFO - Processing /home/airflow/.local/lib/python3.12/site-packages/airflow/example_dags/example_task_group_decorator.py took 0.237 seconds
[2025-08-20T20:23:28.908+0000] {processor.py:186} INFO - Started process (PID=668) to work on /home/airflow/.local/lib/python3.12/site-packages/airflow/example_dags/example_task_group_decorator.py
[2025-08-20T20:23:28.910+0000] {processor.py:914} INFO - Processing file /home/airflow/.local/lib/python3.12/site-packages/airflow/example_dags/example_task_group_decorator.py for tasks to queue
[2025-08-20T20:23:28.917+0000] {logging_mixin.py:190} INFO - [2025-08-20T20:23:28.915+0000] {dagbag.py:587} INFO - Filling up the DagBag from /home/airflow/.local/lib/python3.12/site-packages/airflow/example_dags/example_task_group_decorator.py
[2025-08-20T20:23:28.943+0000] {processor.py:925} INFO - DAG(s) 'example_task_group_decorator' retrieved from /home/airflow/.local/lib/python3.12/site-packages/airflow/example_dags/example_task_group_decorator.py
[2025-08-20T20:23:28.968+0000] {logging_mixin.py:190} INFO - [2025-08-20T20:23:28.968+0000] {dag.py:3229} INFO - Sync 1 DAGs
[2025-08-20T20:23:28.981+0000] {logging_mixin.py:190} INFO - [2025-08-20T20:23:28.980+0000] {dag.py:4156} INFO - Setting next_dagrun for example_task_group_decorator to None, run_after=None
[2025-08-20T20:23:28.998+0000] {processor.py:208} INFO - Processing /home/airflow/.local/lib/python3.12/site-packages/airflow/example_dags/example_task_group_decorator.py took 0.102 seconds
[2025-08-20T20:23:59.619+0000] {processor.py:186} INFO - Started process (PID=728) to work on /home/airflow/.local/lib/python3.12/site-packages/airflow/example_dags/example_task_group_decorator.py
[2025-08-20T20:23:59.620+0000] {processor.py:914} INFO - Processing file /home/airflow/.local/lib/python3.12/site-packages/airflow/example_dags/example_task_group_decorator.py for tasks to queue
[2025-08-20T20:23:59.622+0000] {logging_mixin.py:190} INFO - [2025-08-20T20:23:59.622+0000] {dagbag.py:587} INFO - Filling up the DagBag from /home/airflow/.local/lib/python3.12/site-packages/airflow/example_dags/example_task_group_decorator.py
[2025-08-20T20:23:59.636+0000] {processor.py:925} INFO - DAG(s) 'example_task_group_decorator' retrieved from /home/airflow/.local/lib/python3.12/site-packages/airflow/example_dags/example_task_group_decorator.py
[2025-08-20T20:23:59.659+0000] {logging_mixin.py:190} INFO - [2025-08-20T20:23:59.659+0000] {dag.py:3229} INFO - Sync 1 DAGs
[2025-08-20T20:23:59.669+0000] {logging_mixin.py:190} INFO - [2025-08-20T20:23:59.669+0000] {dag.py:4156} INFO - Setting next_dagrun for example_task_group_decorator to None, run_after=None
[2025-08-20T20:23:59.685+0000] {processor.py:208} INFO - Processing /home/airflow/.local/lib/python3.12/site-packages/airflow/example_dags/example_task_group_decorator.py took 0.071 seconds
[2025-08-20T20:24:29.926+0000] {processor.py:186} INFO - Started process (PID=790) to work on /home/airflow/.local/lib/python3.12/site-packages/airflow/example_dags/example_task_group_decorator.py
[2025-08-20T20:24:29.938+0000] {processor.py:914} INFO - Processing file /home/airflow/.local/lib/python3.12/site-packages/airflow/example_dags/example_task_group_decorator.py for tasks to queue
[2025-08-20T20:24:29.940+0000] {logging_mixin.py:190} INFO - [2025-08-20T20:24:29.940+0000] {dagbag.py:587} INFO - Filling up the DagBag from /home/airflow/.local/lib/python3.12/site-packages/airflow/example_dags/example_task_group_decorator.py
[2025-08-20T20:24:29.965+0000] {processor.py:925} INFO - DAG(s) 'example_task_group_decorator' retrieved from /home/airflow/.local/lib/python3.12/site-packages/airflow/example_dags/example_task_group_decorator.py
[2025-08-20T20:24:29.985+0000] {logging_mixin.py:190} INFO - [2025-08-20T20:24:29.985+0000] {dag.py:3229} INFO - Sync 1 DAGs
[2025-08-20T20:24:30.000+0000] {logging_mixin.py:190} INFO - [2025-08-20T20:24:30.000+0000] {dag.py:4156} INFO - Setting next_dagrun for example_task_group_decorator to None, run_after=None
[2025-08-20T20:24:30.023+0000] {processor.py:208} INFO - Processing /home/airflow/.local/lib/python3.12/site-packages/airflow/example_dags/example_task_group_decorator.py took 0.101 seconds
[2025-08-20T20:25:00.376+0000] {processor.py:186} INFO - Started process (PID=851) to work on /home/airflow/.local/lib/python3.12/site-packages/airflow/example_dags/example_task_group_decorator.py
[2025-08-20T20:25:00.400+0000] {processor.py:914} INFO - Processing file /home/airflow/.local/lib/python3.12/site-packages/airflow/example_dags/example_task_group_decorator.py for tasks to queue
[2025-08-20T20:25:00.413+0000] {logging_mixin.py:190} INFO - [2025-08-20T20:25:00.412+0000] {dagbag.py:587} INFO - Filling up the DagBag from /home/airflow/.local/lib/python3.12/site-packages/airflow/example_dags/example_task_group_decorator.py
[2025-08-20T20:25:00.492+0000] {processor.py:925} INFO - DAG(s) 'example_task_group_decorator' retrieved from /home/airflow/.local/lib/python3.12/site-packages/airflow/example_dags/example_task_group_decorator.py
[2025-08-20T20:25:00.690+0000] {logging_mixin.py:190} INFO - [2025-08-20T20:25:00.688+0000] {dag.py:3229} INFO - Sync 1 DAGs
[2025-08-20T20:25:00.761+0000] {logging_mixin.py:190} INFO - [2025-08-20T20:25:00.760+0000] {dag.py:4156} INFO - Setting next_dagrun for example_task_group_decorator to None, run_after=None
[2025-08-20T20:25:00.814+0000] {processor.py:208} INFO - Processing /home/airflow/.local/lib/python3.12/site-packages/airflow/example_dags/example_task_group_decorator.py took 0.570 seconds
[2025-08-20T20:25:31.786+0000] {processor.py:186} INFO - Started process (PID=913) to work on /home/airflow/.local/lib/python3.12/site-packages/airflow/example_dags/example_task_group_decorator.py
[2025-08-20T20:25:31.797+0000] {processor.py:914} INFO - Processing file /home/airflow/.local/lib/python3.12/site-packages/airflow/example_dags/example_task_group_decorator.py for tasks to queue
[2025-08-20T20:25:31.801+0000] {logging_mixin.py:190} INFO - [2025-08-20T20:25:31.801+0000] {dagbag.py:587} INFO - Filling up the DagBag from /home/airflow/.local/lib/python3.12/site-packages/airflow/example_dags/example_task_group_decorator.py
[2025-08-20T20:25:31.831+0000] {processor.py:925} INFO - DAG(s) 'example_task_group_decorator' retrieved from /home/airflow/.local/lib/python3.12/site-packages/airflow/example_dags/example_task_group_decorator.py
[2025-08-20T20:25:31.869+0000] {logging_mixin.py:190} INFO - [2025-08-20T20:25:31.868+0000] {dag.py:3229} INFO - Sync 1 DAGs
[2025-08-20T20:25:31.900+0000] {logging_mixin.py:190} INFO - [2025-08-20T20:25:31.900+0000] {dag.py:4156} INFO - Setting next_dagrun for example_task_group_decorator to None, run_after=None
[2025-08-20T20:25:31.945+0000] {processor.py:208} INFO - Processing /home/airflow/.local/lib/python3.12/site-packages/airflow/example_dags/example_task_group_decorator.py took 0.187 seconds
[2025-08-20T20:26:02.927+0000] {processor.py:186} INFO - Started process (PID=975) to work on /home/airflow/.local/lib/python3.12/site-packages/airflow/example_dags/example_task_group_decorator.py
[2025-08-20T20:26:02.928+0000] {processor.py:914} INFO - Processing file /home/airflow/.local/lib/python3.12/site-packages/airflow/example_dags/example_task_group_decorator.py for tasks to queue
[2025-08-20T20:26:02.929+0000] {logging_mixin.py:190} INFO - [2025-08-20T20:26:02.929+0000] {dagbag.py:587} INFO - Filling up the DagBag from /home/airflow/.local/lib/python3.12/site-packages/airflow/example_dags/example_task_group_decorator.py
[2025-08-20T20:26:02.942+0000] {processor.py:925} INFO - DAG(s) 'example_task_group_decorator' retrieved from /home/airflow/.local/lib/python3.12/site-packages/airflow/example_dags/example_task_group_decorator.py
[2025-08-20T20:26:02.960+0000] {logging_mixin.py:190} INFO - [2025-08-20T20:26:02.960+0000] {dag.py:3229} INFO - Sync 1 DAGs
[2025-08-20T20:26:02.973+0000] {logging_mixin.py:190} INFO - [2025-08-20T20:26:02.972+0000] {dag.py:4156} INFO - Setting next_dagrun for example_task_group_decorator to None, run_after=None
[2025-08-20T20:26:02.984+0000] {processor.py:208} INFO - Processing /home/airflow/.local/lib/python3.12/site-packages/airflow/example_dags/example_task_group_decorator.py took 0.060 seconds
[2025-08-20T20:26:33.320+0000] {processor.py:186} INFO - Started process (PID=1033) to work on /home/airflow/.local/lib/python3.12/site-packages/airflow/example_dags/example_task_group_decorator.py
[2025-08-20T20:26:33.321+0000] {processor.py:914} INFO - Processing file /home/airflow/.local/lib/python3.12/site-packages/airflow/example_dags/example_task_group_decorator.py for tasks to queue
[2025-08-20T20:26:33.323+0000] {logging_mixin.py:190} INFO - [2025-08-20T20:26:33.322+0000] {dagbag.py:587} INFO - Filling up the DagBag from /home/airflow/.local/lib/python3.12/site-packages/airflow/example_dags/example_task_group_decorator.py
[2025-08-20T20:26:33.336+0000] {processor.py:925} INFO - DAG(s) 'example_task_group_decorator' retrieved from /home/airflow/.local/lib/python3.12/site-packages/airflow/example_dags/example_task_group_decorator.py
[2025-08-20T20:26:33.363+0000] {logging_mixin.py:190} INFO - [2025-08-20T20:26:33.363+0000] {dag.py:3229} INFO - Sync 1 DAGs
[2025-08-20T20:26:33.376+0000] {logging_mixin.py:190} INFO - [2025-08-20T20:26:33.375+0000] {dag.py:4156} INFO - Setting next_dagrun for example_task_group_decorator to None, run_after=None
[2025-08-20T20:26:33.443+0000] {processor.py:208} INFO - Processing /home/airflow/.local/lib/python3.12/site-packages/airflow/example_dags/example_task_group_decorator.py took 0.126 seconds
[2025-08-20T20:27:04.329+0000] {processor.py:186} INFO - Started process (PID=1092) to work on /home/airflow/.local/lib/python3.12/site-packages/airflow/example_dags/example_task_group_decorator.py
[2025-08-20T20:27:04.336+0000] {processor.py:914} INFO - Processing file /home/airflow/.local/lib/python3.12/site-packages/airflow/example_dags/example_task_group_decorator.py for tasks to queue
[2025-08-20T20:27:04.340+0000] {logging_mixin.py:190} INFO - [2025-08-20T20:27:04.339+0000] {dagbag.py:587} INFO - Filling up the DagBag from /home/airflow/.local/lib/python3.12/site-packages/airflow/example_dags/example_task_group_decorator.py
[2025-08-20T20:27:04.506+0000] {processor.py:925} INFO - DAG(s) 'example_task_group_decorator' retrieved from /home/airflow/.local/lib/python3.12/site-packages/airflow/example_dags/example_task_group_decorator.py
[2025-08-20T20:27:04.768+0000] {logging_mixin.py:190} INFO - [2025-08-20T20:27:04.763+0000] {dag.py:3229} INFO - Sync 1 DAGs
[2025-08-20T20:27:04.825+0000] {logging_mixin.py:190} INFO - [2025-08-20T20:27:04.824+0000] {dag.py:4156} INFO - Setting next_dagrun for example_task_group_decorator to None, run_after=None
[2025-08-20T20:27:04.886+0000] {processor.py:208} INFO - Processing /home/airflow/.local/lib/python3.12/site-packages/airflow/example_dags/example_task_group_decorator.py took 0.581 seconds
