[2025-08-20T20:18:32.007+0000] {processor.py:186} INFO - Started process (PID=103) to work on /home/airflow/.local/lib/python3.12/site-packages/airflow/example_dags/example_trigger_controller_dag.py
[2025-08-20T20:18:32.018+0000] {processor.py:914} INFO - Processing file /home/airflow/.local/lib/python3.12/site-packages/airflow/example_dags/example_trigger_controller_dag.py for tasks to queue
[2025-08-20T20:18:32.097+0000] {logging_mixin.py:190} INFO - [2025-08-20T20:18:32.090+0000] {dagbag.py:587} INFO - Filling up the DagBag from /home/airflow/.local/lib/python3.12/site-packages/airflow/example_dags/example_trigger_controller_dag.py
[2025-08-20T20:18:32.242+0000] {processor.py:925} INFO - DAG(s) 'example_trigger_controller_dag' retrieved from /home/airflow/.local/lib/python3.12/site-packages/airflow/example_dags/example_trigger_controller_dag.py
[2025-08-20T20:18:32.947+0000] {logging_mixin.py:190} INFO - [2025-08-20T20:18:32.938+0000] {override.py:1900} INFO - Created Permission View: can read on DAG:example_trigger_controller_dag
[2025-08-20T20:18:32.982+0000] {logging_mixin.py:190} INFO - [2025-08-20T20:18:32.981+0000] {override.py:1900} INFO - Created Permission View: can delete on DAG:example_trigger_controller_dag
[2025-08-20T20:18:32.998+0000] {logging_mixin.py:190} INFO - [2025-08-20T20:18:32.997+0000] {override.py:1900} INFO - Created Permission View: can edit on DAG:example_trigger_controller_dag
[2025-08-20T20:18:33.015+0000] {logging_mixin.py:190} INFO - [2025-08-20T20:18:33.014+0000] {override.py:1900} INFO - Created Permission View: can read on DAG Run:example_trigger_controller_dag
[2025-08-20T20:18:33.022+0000] {logging_mixin.py:190} INFO - [2025-08-20T20:18:33.021+0000] {override.py:1900} INFO - Created Permission View: menu access on DAG Run:example_trigger_controller_dag
[2025-08-20T20:18:33.027+0000] {logging_mixin.py:190} INFO - [2025-08-20T20:18:33.027+0000] {override.py:1900} INFO - Created Permission View: can delete on DAG Run:example_trigger_controller_dag
[2025-08-20T20:18:33.038+0000] {logging_mixin.py:190} INFO - [2025-08-20T20:18:33.036+0000] {override.py:1900} INFO - Created Permission View: can create on DAG Run:example_trigger_controller_dag
[2025-08-20T20:18:33.040+0000] {logging_mixin.py:190} INFO - [2025-08-20T20:18:33.039+0000] {dag.py:3229} INFO - Sync 1 DAGs
[2025-08-20T20:18:33.130+0000] {logging_mixin.py:190} INFO - [2025-08-20T20:18:33.130+0000] {dag.py:3252} INFO - Creating ORM DAG for example_trigger_controller_dag
[2025-08-20T20:18:33.178+0000] {logging_mixin.py:190} INFO - [2025-08-20T20:18:33.177+0000] {dag.py:4156} INFO - Setting next_dagrun for example_trigger_controller_dag to 2021-01-01 00:00:00+00:00, run_after=2021-01-01 00:00:00+00:00
[2025-08-20T20:18:33.280+0000] {processor.py:208} INFO - Processing /home/airflow/.local/lib/python3.12/site-packages/airflow/example_dags/example_trigger_controller_dag.py took 1.354 seconds
[2025-08-20T20:19:04.170+0000] {processor.py:186} INFO - Started process (PID=165) to work on /home/airflow/.local/lib/python3.12/site-packages/airflow/example_dags/example_trigger_controller_dag.py
[2025-08-20T20:19:04.172+0000] {processor.py:914} INFO - Processing file /home/airflow/.local/lib/python3.12/site-packages/airflow/example_dags/example_trigger_controller_dag.py for tasks to queue
[2025-08-20T20:19:04.177+0000] {logging_mixin.py:190} INFO - [2025-08-20T20:19:04.176+0000] {dagbag.py:587} INFO - Filling up the DagBag from /home/airflow/.local/lib/python3.12/site-packages/airflow/example_dags/example_trigger_controller_dag.py
[2025-08-20T20:19:04.190+0000] {processor.py:925} INFO - DAG(s) 'example_trigger_controller_dag' retrieved from /home/airflow/.local/lib/python3.12/site-packages/airflow/example_dags/example_trigger_controller_dag.py
[2025-08-20T20:19:04.638+0000] {logging_mixin.py:190} INFO - [2025-08-20T20:19:04.634+0000] {dag.py:3229} INFO - Sync 1 DAGs
[2025-08-20T20:19:04.858+0000] {logging_mixin.py:190} INFO - [2025-08-20T20:19:04.856+0000] {dag.py:4156} INFO - Setting next_dagrun for example_trigger_controller_dag to 2021-01-01 00:00:00+00:00, run_after=2021-01-01 00:00:00+00:00
[2025-08-20T20:19:04.935+0000] {processor.py:208} INFO - Processing /home/airflow/.local/lib/python3.12/site-packages/airflow/example_dags/example_trigger_controller_dag.py took 0.780 seconds
[2025-08-20T20:19:35.965+0000] {processor.py:186} INFO - Started process (PID=227) to work on /home/airflow/.local/lib/python3.12/site-packages/airflow/example_dags/example_trigger_controller_dag.py
[2025-08-20T20:19:35.975+0000] {processor.py:914} INFO - Processing file /home/airflow/.local/lib/python3.12/site-packages/airflow/example_dags/example_trigger_controller_dag.py for tasks to queue
[2025-08-20T20:19:36.014+0000] {logging_mixin.py:190} INFO - [2025-08-20T20:19:36.014+0000] {dagbag.py:587} INFO - Filling up the DagBag from /home/airflow/.local/lib/python3.12/site-packages/airflow/example_dags/example_trigger_controller_dag.py
[2025-08-20T20:19:36.094+0000] {processor.py:925} INFO - DAG(s) 'example_trigger_controller_dag' retrieved from /home/airflow/.local/lib/python3.12/site-packages/airflow/example_dags/example_trigger_controller_dag.py
[2025-08-20T20:19:36.202+0000] {logging_mixin.py:190} INFO - [2025-08-20T20:19:36.201+0000] {dag.py:3229} INFO - Sync 1 DAGs
[2025-08-20T20:19:36.293+0000] {logging_mixin.py:190} INFO - [2025-08-20T20:19:36.293+0000] {dag.py:4156} INFO - Setting next_dagrun for example_trigger_controller_dag to 2021-01-01 00:00:00+00:00, run_after=2021-01-01 00:00:00+00:00
[2025-08-20T20:19:36.352+0000] {processor.py:208} INFO - Processing /home/airflow/.local/lib/python3.12/site-packages/airflow/example_dags/example_trigger_controller_dag.py took 0.432 seconds
[2025-08-20T20:20:08.200+0000] {processor.py:186} INFO - Started process (PID=289) to work on /home/airflow/.local/lib/python3.12/site-packages/airflow/example_dags/example_trigger_controller_dag.py
[2025-08-20T20:20:08.201+0000] {processor.py:914} INFO - Processing file /home/airflow/.local/lib/python3.12/site-packages/airflow/example_dags/example_trigger_controller_dag.py for tasks to queue
[2025-08-20T20:20:08.204+0000] {logging_mixin.py:190} INFO - [2025-08-20T20:20:08.204+0000] {dagbag.py:587} INFO - Filling up the DagBag from /home/airflow/.local/lib/python3.12/site-packages/airflow/example_dags/example_trigger_controller_dag.py
[2025-08-20T20:20:08.214+0000] {processor.py:925} INFO - DAG(s) 'example_trigger_controller_dag' retrieved from /home/airflow/.local/lib/python3.12/site-packages/airflow/example_dags/example_trigger_controller_dag.py
[2025-08-20T20:20:08.265+0000] {logging_mixin.py:190} INFO - [2025-08-20T20:20:08.265+0000] {dag.py:3229} INFO - Sync 1 DAGs
[2025-08-20T20:20:08.278+0000] {logging_mixin.py:190} INFO - [2025-08-20T20:20:08.277+0000] {dag.py:4156} INFO - Setting next_dagrun for example_trigger_controller_dag to 2021-01-01 00:00:00+00:00, run_after=2021-01-01 00:00:00+00:00
[2025-08-20T20:20:08.292+0000] {processor.py:208} INFO - Processing /home/airflow/.local/lib/python3.12/site-packages/airflow/example_dags/example_trigger_controller_dag.py took 0.098 seconds
[2025-08-20T20:20:41.458+0000] {processor.py:186} INFO - Started process (PID=350) to work on /home/airflow/.local/lib/python3.12/site-packages/airflow/example_dags/example_trigger_controller_dag.py
[2025-08-20T20:20:41.460+0000] {processor.py:914} INFO - Processing file /home/airflow/.local/lib/python3.12/site-packages/airflow/example_dags/example_trigger_controller_dag.py for tasks to queue
[2025-08-20T20:20:41.461+0000] {logging_mixin.py:190} INFO - [2025-08-20T20:20:41.461+0000] {dagbag.py:587} INFO - Filling up the DagBag from /home/airflow/.local/lib/python3.12/site-packages/airflow/example_dags/example_trigger_controller_dag.py
[2025-08-20T20:20:41.469+0000] {processor.py:925} INFO - DAG(s) 'example_trigger_controller_dag' retrieved from /home/airflow/.local/lib/python3.12/site-packages/airflow/example_dags/example_trigger_controller_dag.py
[2025-08-20T20:20:41.507+0000] {logging_mixin.py:190} INFO - [2025-08-20T20:20:41.507+0000] {dag.py:3229} INFO - Sync 1 DAGs
[2025-08-20T20:20:41.536+0000] {logging_mixin.py:190} INFO - [2025-08-20T20:20:41.536+0000] {dag.py:4156} INFO - Setting next_dagrun for example_trigger_controller_dag to 2021-01-01 00:00:00+00:00, run_after=2021-01-01 00:00:00+00:00
[2025-08-20T20:20:41.554+0000] {processor.py:208} INFO - Processing /home/airflow/.local/lib/python3.12/site-packages/airflow/example_dags/example_trigger_controller_dag.py took 0.101 seconds
[2025-08-20T20:21:16.034+0000] {processor.py:186} INFO - Started process (PID=413) to work on /home/airflow/.local/lib/python3.12/site-packages/airflow/example_dags/example_trigger_controller_dag.py
[2025-08-20T20:21:16.037+0000] {processor.py:914} INFO - Processing file /home/airflow/.local/lib/python3.12/site-packages/airflow/example_dags/example_trigger_controller_dag.py for tasks to queue
[2025-08-20T20:21:16.044+0000] {logging_mixin.py:190} INFO - [2025-08-20T20:21:16.043+0000] {dagbag.py:587} INFO - Filling up the DagBag from /home/airflow/.local/lib/python3.12/site-packages/airflow/example_dags/example_trigger_controller_dag.py
[2025-08-20T20:21:16.058+0000] {processor.py:925} INFO - DAG(s) 'example_trigger_controller_dag' retrieved from /home/airflow/.local/lib/python3.12/site-packages/airflow/example_dags/example_trigger_controller_dag.py
[2025-08-20T20:21:16.101+0000] {logging_mixin.py:190} INFO - [2025-08-20T20:21:16.101+0000] {dag.py:3229} INFO - Sync 1 DAGs
[2025-08-20T20:21:16.125+0000] {logging_mixin.py:190} INFO - [2025-08-20T20:21:16.125+0000] {dag.py:4156} INFO - Setting next_dagrun for example_trigger_controller_dag to 2021-01-01 00:00:00+00:00, run_after=2021-01-01 00:00:00+00:00
[2025-08-20T20:21:16.154+0000] {processor.py:208} INFO - Processing /home/airflow/.local/lib/python3.12/site-packages/airflow/example_dags/example_trigger_controller_dag.py took 0.130 seconds
[2025-08-20T20:21:49.712+0000] {processor.py:186} INFO - Started process (PID=475) to work on /home/airflow/.local/lib/python3.12/site-packages/airflow/example_dags/example_trigger_controller_dag.py
[2025-08-20T20:21:49.714+0000] {processor.py:914} INFO - Processing file /home/airflow/.local/lib/python3.12/site-packages/airflow/example_dags/example_trigger_controller_dag.py for tasks to queue
[2025-08-20T20:21:49.720+0000] {logging_mixin.py:190} INFO - [2025-08-20T20:21:49.719+0000] {dagbag.py:587} INFO - Filling up the DagBag from /home/airflow/.local/lib/python3.12/site-packages/airflow/example_dags/example_trigger_controller_dag.py
[2025-08-20T20:21:49.728+0000] {processor.py:925} INFO - DAG(s) 'example_trigger_controller_dag' retrieved from /home/airflow/.local/lib/python3.12/site-packages/airflow/example_dags/example_trigger_controller_dag.py
[2025-08-20T20:21:49.756+0000] {logging_mixin.py:190} INFO - [2025-08-20T20:21:49.756+0000] {dag.py:3229} INFO - Sync 1 DAGs
[2025-08-20T20:21:49.775+0000] {logging_mixin.py:190} INFO - [2025-08-20T20:21:49.774+0000] {dag.py:4156} INFO - Setting next_dagrun for example_trigger_controller_dag to 2021-01-01 00:00:00+00:00, run_after=2021-01-01 00:00:00+00:00
[2025-08-20T20:21:49.787+0000] {processor.py:208} INFO - Processing /home/airflow/.local/lib/python3.12/site-packages/airflow/example_dags/example_trigger_controller_dag.py took 0.093 seconds
[2025-08-20T20:22:21.833+0000] {processor.py:186} INFO - Started process (PID=537) to work on /home/airflow/.local/lib/python3.12/site-packages/airflow/example_dags/example_trigger_controller_dag.py
[2025-08-20T20:22:21.838+0000] {processor.py:914} INFO - Processing file /home/airflow/.local/lib/python3.12/site-packages/airflow/example_dags/example_trigger_controller_dag.py for tasks to queue
[2025-08-20T20:22:21.843+0000] {logging_mixin.py:190} INFO - [2025-08-20T20:22:21.843+0000] {dagbag.py:587} INFO - Filling up the DagBag from /home/airflow/.local/lib/python3.12/site-packages/airflow/example_dags/example_trigger_controller_dag.py
[2025-08-20T20:22:21.870+0000] {processor.py:925} INFO - DAG(s) 'example_trigger_controller_dag' retrieved from /home/airflow/.local/lib/python3.12/site-packages/airflow/example_dags/example_trigger_controller_dag.py
[2025-08-20T20:22:21.902+0000] {logging_mixin.py:190} INFO - [2025-08-20T20:22:21.902+0000] {dag.py:3229} INFO - Sync 1 DAGs
[2025-08-20T20:22:21.920+0000] {logging_mixin.py:190} INFO - [2025-08-20T20:22:21.920+0000] {dag.py:4156} INFO - Setting next_dagrun for example_trigger_controller_dag to 2021-01-01 00:00:00+00:00, run_after=2021-01-01 00:00:00+00:00
[2025-08-20T20:22:21.938+0000] {processor.py:208} INFO - Processing /home/airflow/.local/lib/python3.12/site-packages/airflow/example_dags/example_trigger_controller_dag.py took 0.110 seconds
[2025-08-20T20:22:53.395+0000] {processor.py:186} INFO - Started process (PID=599) to work on /home/airflow/.local/lib/python3.12/site-packages/airflow/example_dags/example_trigger_controller_dag.py
[2025-08-20T20:22:53.396+0000] {processor.py:914} INFO - Processing file /home/airflow/.local/lib/python3.12/site-packages/airflow/example_dags/example_trigger_controller_dag.py for tasks to queue
[2025-08-20T20:22:53.399+0000] {logging_mixin.py:190} INFO - [2025-08-20T20:22:53.399+0000] {dagbag.py:587} INFO - Filling up the DagBag from /home/airflow/.local/lib/python3.12/site-packages/airflow/example_dags/example_trigger_controller_dag.py
[2025-08-20T20:22:53.407+0000] {processor.py:925} INFO - DAG(s) 'example_trigger_controller_dag' retrieved from /home/airflow/.local/lib/python3.12/site-packages/airflow/example_dags/example_trigger_controller_dag.py
[2025-08-20T20:22:53.423+0000] {logging_mixin.py:190} INFO - [2025-08-20T20:22:53.423+0000] {dag.py:3229} INFO - Sync 1 DAGs
[2025-08-20T20:22:53.441+0000] {logging_mixin.py:190} INFO - [2025-08-20T20:22:53.441+0000] {dag.py:4156} INFO - Setting next_dagrun for example_trigger_controller_dag to 2021-01-01 00:00:00+00:00, run_after=2021-01-01 00:00:00+00:00
[2025-08-20T20:22:53.468+0000] {processor.py:208} INFO - Processing /home/airflow/.local/lib/python3.12/site-packages/airflow/example_dags/example_trigger_controller_dag.py took 0.078 seconds
[2025-08-20T20:23:27.462+0000] {processor.py:186} INFO - Started process (PID=661) to work on /home/airflow/.local/lib/python3.12/site-packages/airflow/example_dags/example_trigger_controller_dag.py
[2025-08-20T20:23:27.466+0000] {processor.py:914} INFO - Processing file /home/airflow/.local/lib/python3.12/site-packages/airflow/example_dags/example_trigger_controller_dag.py for tasks to queue
[2025-08-20T20:23:27.469+0000] {logging_mixin.py:190} INFO - [2025-08-20T20:23:27.469+0000] {dagbag.py:587} INFO - Filling up the DagBag from /home/airflow/.local/lib/python3.12/site-packages/airflow/example_dags/example_trigger_controller_dag.py
[2025-08-20T20:23:27.500+0000] {processor.py:925} INFO - DAG(s) 'example_trigger_controller_dag' retrieved from /home/airflow/.local/lib/python3.12/site-packages/airflow/example_dags/example_trigger_controller_dag.py
[2025-08-20T20:23:27.546+0000] {logging_mixin.py:190} INFO - [2025-08-20T20:23:27.545+0000] {dag.py:3229} INFO - Sync 1 DAGs
[2025-08-20T20:23:27.567+0000] {logging_mixin.py:190} INFO - [2025-08-20T20:23:27.567+0000] {dag.py:4156} INFO - Setting next_dagrun for example_trigger_controller_dag to 2021-01-01 00:00:00+00:00, run_after=2021-01-01 00:00:00+00:00
[2025-08-20T20:23:27.634+0000] {processor.py:208} INFO - Processing /home/airflow/.local/lib/python3.12/site-packages/airflow/example_dags/example_trigger_controller_dag.py took 0.191 seconds
[2025-08-20T20:23:58.132+0000] {processor.py:186} INFO - Started process (PID=723) to work on /home/airflow/.local/lib/python3.12/site-packages/airflow/example_dags/example_trigger_controller_dag.py
[2025-08-20T20:23:58.137+0000] {processor.py:914} INFO - Processing file /home/airflow/.local/lib/python3.12/site-packages/airflow/example_dags/example_trigger_controller_dag.py for tasks to queue
[2025-08-20T20:23:58.139+0000] {logging_mixin.py:190} INFO - [2025-08-20T20:23:58.139+0000] {dagbag.py:587} INFO - Filling up the DagBag from /home/airflow/.local/lib/python3.12/site-packages/airflow/example_dags/example_trigger_controller_dag.py
[2025-08-20T20:23:58.148+0000] {processor.py:925} INFO - DAG(s) 'example_trigger_controller_dag' retrieved from /home/airflow/.local/lib/python3.12/site-packages/airflow/example_dags/example_trigger_controller_dag.py
[2025-08-20T20:23:58.177+0000] {logging_mixin.py:190} INFO - [2025-08-20T20:23:58.176+0000] {dag.py:3229} INFO - Sync 1 DAGs
[2025-08-20T20:23:58.204+0000] {logging_mixin.py:190} INFO - [2025-08-20T20:23:58.204+0000] {dag.py:4156} INFO - Setting next_dagrun for example_trigger_controller_dag to 2021-01-01 00:00:00+00:00, run_after=2021-01-01 00:00:00+00:00
[2025-08-20T20:23:58.226+0000] {processor.py:208} INFO - Processing /home/airflow/.local/lib/python3.12/site-packages/airflow/example_dags/example_trigger_controller_dag.py took 0.101 seconds
[2025-08-20T20:24:28.536+0000] {processor.py:186} INFO - Started process (PID=785) to work on /home/airflow/.local/lib/python3.12/site-packages/airflow/example_dags/example_trigger_controller_dag.py
[2025-08-20T20:24:28.538+0000] {processor.py:914} INFO - Processing file /home/airflow/.local/lib/python3.12/site-packages/airflow/example_dags/example_trigger_controller_dag.py for tasks to queue
[2025-08-20T20:24:28.539+0000] {logging_mixin.py:190} INFO - [2025-08-20T20:24:28.539+0000] {dagbag.py:587} INFO - Filling up the DagBag from /home/airflow/.local/lib/python3.12/site-packages/airflow/example_dags/example_trigger_controller_dag.py
[2025-08-20T20:24:28.548+0000] {processor.py:925} INFO - DAG(s) 'example_trigger_controller_dag' retrieved from /home/airflow/.local/lib/python3.12/site-packages/airflow/example_dags/example_trigger_controller_dag.py
[2025-08-20T20:24:28.564+0000] {logging_mixin.py:190} INFO - [2025-08-20T20:24:28.564+0000] {dag.py:3229} INFO - Sync 1 DAGs
[2025-08-20T20:24:28.581+0000] {logging_mixin.py:190} INFO - [2025-08-20T20:24:28.581+0000] {dag.py:4156} INFO - Setting next_dagrun for example_trigger_controller_dag to 2021-01-01 00:00:00+00:00, run_after=2021-01-01 00:00:00+00:00
[2025-08-20T20:24:28.595+0000] {processor.py:208} INFO - Processing /home/airflow/.local/lib/python3.12/site-packages/airflow/example_dags/example_trigger_controller_dag.py took 0.067 seconds
[2025-08-20T20:24:59.583+0000] {processor.py:186} INFO - Started process (PID=846) to work on /home/airflow/.local/lib/python3.12/site-packages/airflow/example_dags/example_trigger_controller_dag.py
[2025-08-20T20:24:59.591+0000] {processor.py:914} INFO - Processing file /home/airflow/.local/lib/python3.12/site-packages/airflow/example_dags/example_trigger_controller_dag.py for tasks to queue
[2025-08-20T20:24:59.599+0000] {logging_mixin.py:190} INFO - [2025-08-20T20:24:59.598+0000] {dagbag.py:587} INFO - Filling up the DagBag from /home/airflow/.local/lib/python3.12/site-packages/airflow/example_dags/example_trigger_controller_dag.py
[2025-08-20T20:24:59.608+0000] {processor.py:925} INFO - DAG(s) 'example_trigger_controller_dag' retrieved from /home/airflow/.local/lib/python3.12/site-packages/airflow/example_dags/example_trigger_controller_dag.py
[2025-08-20T20:24:59.641+0000] {logging_mixin.py:190} INFO - [2025-08-20T20:24:59.640+0000] {dag.py:3229} INFO - Sync 1 DAGs
[2025-08-20T20:24:59.690+0000] {logging_mixin.py:190} INFO - [2025-08-20T20:24:59.689+0000] {dag.py:4156} INFO - Setting next_dagrun for example_trigger_controller_dag to 2021-01-01 00:00:00+00:00, run_after=2021-01-01 00:00:00+00:00
[2025-08-20T20:24:59.728+0000] {processor.py:208} INFO - Processing /home/airflow/.local/lib/python3.12/site-packages/airflow/example_dags/example_trigger_controller_dag.py took 0.154 seconds
[2025-08-20T20:25:30.538+0000] {processor.py:186} INFO - Started process (PID=909) to work on /home/airflow/.local/lib/python3.12/site-packages/airflow/example_dags/example_trigger_controller_dag.py
[2025-08-20T20:25:30.539+0000] {processor.py:914} INFO - Processing file /home/airflow/.local/lib/python3.12/site-packages/airflow/example_dags/example_trigger_controller_dag.py for tasks to queue
[2025-08-20T20:25:30.541+0000] {logging_mixin.py:190} INFO - [2025-08-20T20:25:30.541+0000] {dagbag.py:587} INFO - Filling up the DagBag from /home/airflow/.local/lib/python3.12/site-packages/airflow/example_dags/example_trigger_controller_dag.py
[2025-08-20T20:25:30.546+0000] {processor.py:925} INFO - DAG(s) 'example_trigger_controller_dag' retrieved from /home/airflow/.local/lib/python3.12/site-packages/airflow/example_dags/example_trigger_controller_dag.py
[2025-08-20T20:25:30.556+0000] {logging_mixin.py:190} INFO - [2025-08-20T20:25:30.556+0000] {dag.py:3229} INFO - Sync 1 DAGs
[2025-08-20T20:25:30.571+0000] {logging_mixin.py:190} INFO - [2025-08-20T20:25:30.571+0000] {dag.py:4156} INFO - Setting next_dagrun for example_trigger_controller_dag to 2021-01-01 00:00:00+00:00, run_after=2021-01-01 00:00:00+00:00
[2025-08-20T20:25:30.588+0000] {processor.py:208} INFO - Processing /home/airflow/.local/lib/python3.12/site-packages/airflow/example_dags/example_trigger_controller_dag.py took 0.053 seconds
[2025-08-20T20:26:02.578+0000] {processor.py:186} INFO - Started process (PID=971) to work on /home/airflow/.local/lib/python3.12/site-packages/airflow/example_dags/example_trigger_controller_dag.py
[2025-08-20T20:26:02.590+0000] {processor.py:914} INFO - Processing file /home/airflow/.local/lib/python3.12/site-packages/airflow/example_dags/example_trigger_controller_dag.py for tasks to queue
[2025-08-20T20:26:02.606+0000] {logging_mixin.py:190} INFO - [2025-08-20T20:26:02.604+0000] {dagbag.py:587} INFO - Filling up the DagBag from /home/airflow/.local/lib/python3.12/site-packages/airflow/example_dags/example_trigger_controller_dag.py
[2025-08-20T20:26:02.661+0000] {processor.py:925} INFO - DAG(s) 'example_trigger_controller_dag' retrieved from /home/airflow/.local/lib/python3.12/site-packages/airflow/example_dags/example_trigger_controller_dag.py
[2025-08-20T20:26:02.740+0000] {logging_mixin.py:190} INFO - [2025-08-20T20:26:02.740+0000] {dag.py:3229} INFO - Sync 1 DAGs
[2025-08-20T20:26:02.759+0000] {logging_mixin.py:190} INFO - [2025-08-20T20:26:02.758+0000] {dag.py:4156} INFO - Setting next_dagrun for example_trigger_controller_dag to 2021-01-01 00:00:00+00:00, run_after=2021-01-01 00:00:00+00:00
[2025-08-20T20:26:02.777+0000] {processor.py:208} INFO - Processing /home/airflow/.local/lib/python3.12/site-packages/airflow/example_dags/example_trigger_controller_dag.py took 0.231 seconds
[2025-08-20T20:26:33.730+0000] {processor.py:186} INFO - Started process (PID=1037) to work on /home/airflow/.local/lib/python3.12/site-packages/airflow/example_dags/example_trigger_controller_dag.py
[2025-08-20T20:26:33.731+0000] {processor.py:914} INFO - Processing file /home/airflow/.local/lib/python3.12/site-packages/airflow/example_dags/example_trigger_controller_dag.py for tasks to queue
[2025-08-20T20:26:33.734+0000] {logging_mixin.py:190} INFO - [2025-08-20T20:26:33.733+0000] {dagbag.py:587} INFO - Filling up the DagBag from /home/airflow/.local/lib/python3.12/site-packages/airflow/example_dags/example_trigger_controller_dag.py
[2025-08-20T20:26:33.741+0000] {processor.py:925} INFO - DAG(s) 'example_trigger_controller_dag' retrieved from /home/airflow/.local/lib/python3.12/site-packages/airflow/example_dags/example_trigger_controller_dag.py
[2025-08-20T20:26:33.764+0000] {logging_mixin.py:190} INFO - [2025-08-20T20:26:33.764+0000] {dag.py:3229} INFO - Sync 1 DAGs
[2025-08-20T20:26:33.790+0000] {logging_mixin.py:190} INFO - [2025-08-20T20:26:33.790+0000] {dag.py:4156} INFO - Setting next_dagrun for example_trigger_controller_dag to 2021-01-01 00:00:00+00:00, run_after=2021-01-01 00:00:00+00:00
[2025-08-20T20:26:33.807+0000] {processor.py:208} INFO - Processing /home/airflow/.local/lib/python3.12/site-packages/airflow/example_dags/example_trigger_controller_dag.py took 0.083 seconds
