[2025-08-20T20:18:17.859+0000] {processor.py:186} INFO - Started process (PID=75) to work on /home/airflow/.local/lib/python3.12/site-packages/airflow/example_dags/example_setup_teardown_taskflow.py
[2025-08-20T20:18:17.862+0000] {processor.py:914} INFO - Processing file /home/airflow/.local/lib/python3.12/site-packages/airflow/example_dags/example_setup_teardown_taskflow.py for tasks to queue
[2025-08-20T20:18:17.872+0000] {logging_mixin.py:190} INFO - [2025-08-20T20:18:17.871+0000] {dagbag.py:587} INFO - Filling up the DagBag from /home/airflow/.local/lib/python3.12/site-packages/airflow/example_dags/example_setup_teardown_taskflow.py
[2025-08-20T20:18:17.907+0000] {processor.py:925} INFO - DAG(s) 'example_setup_teardown_taskflow' retrieved from /home/airflow/.local/lib/python3.12/site-packages/airflow/example_dags/example_setup_teardown_taskflow.py
[2025-08-20T20:18:18.241+0000] {logging_mixin.py:190} INFO - [2025-08-20T20:18:18.236+0000] {override.py:1900} INFO - Created Permission View: can read on DAG:example_setup_teardown_taskflow
[2025-08-20T20:18:18.263+0000] {logging_mixin.py:190} INFO - [2025-08-20T20:18:18.262+0000] {override.py:1900} INFO - Created Permission View: can delete on DAG:example_setup_teardown_taskflow
[2025-08-20T20:18:18.279+0000] {logging_mixin.py:190} INFO - [2025-08-20T20:18:18.278+0000] {override.py:1900} INFO - Created Permission View: can edit on DAG:example_setup_teardown_taskflow
[2025-08-20T20:18:18.289+0000] {logging_mixin.py:190} INFO - [2025-08-20T20:18:18.288+0000] {override.py:1900} INFO - Created Permission View: can read on DAG Run:example_setup_teardown_taskflow
[2025-08-20T20:18:18.299+0000] {logging_mixin.py:190} INFO - [2025-08-20T20:18:18.299+0000] {override.py:1900} INFO - Created Permission View: menu access on DAG Run:example_setup_teardown_taskflow
[2025-08-20T20:18:18.305+0000] {logging_mixin.py:190} INFO - [2025-08-20T20:18:18.305+0000] {override.py:1900} INFO - Created Permission View: can delete on DAG Run:example_setup_teardown_taskflow
[2025-08-20T20:18:18.311+0000] {logging_mixin.py:190} INFO - [2025-08-20T20:18:18.310+0000] {override.py:1900} INFO - Created Permission View: can create on DAG Run:example_setup_teardown_taskflow
[2025-08-20T20:18:18.311+0000] {logging_mixin.py:190} INFO - [2025-08-20T20:18:18.311+0000] {dag.py:3229} INFO - Sync 1 DAGs
[2025-08-20T20:18:18.355+0000] {logging_mixin.py:190} INFO - [2025-08-20T20:18:18.355+0000] {dag.py:3252} INFO - Creating ORM DAG for example_setup_teardown_taskflow
[2025-08-20T20:18:18.360+0000] {logging_mixin.py:190} INFO - [2025-08-20T20:18:18.360+0000] {dag.py:4156} INFO - Setting next_dagrun for example_setup_teardown_taskflow to None, run_after=None
[2025-08-20T20:18:18.433+0000] {processor.py:208} INFO - Processing /home/airflow/.local/lib/python3.12/site-packages/airflow/example_dags/example_setup_teardown_taskflow.py took 0.647 seconds
[2025-08-20T20:18:48.528+0000] {processor.py:186} INFO - Started process (PID=137) to work on /home/airflow/.local/lib/python3.12/site-packages/airflow/example_dags/example_setup_teardown_taskflow.py
[2025-08-20T20:18:48.529+0000] {processor.py:914} INFO - Processing file /home/airflow/.local/lib/python3.12/site-packages/airflow/example_dags/example_setup_teardown_taskflow.py for tasks to queue
[2025-08-20T20:18:48.534+0000] {logging_mixin.py:190} INFO - [2025-08-20T20:18:48.533+0000] {dagbag.py:587} INFO - Filling up the DagBag from /home/airflow/.local/lib/python3.12/site-packages/airflow/example_dags/example_setup_teardown_taskflow.py
[2025-08-20T20:18:48.612+0000] {processor.py:925} INFO - DAG(s) 'example_setup_teardown_taskflow' retrieved from /home/airflow/.local/lib/python3.12/site-packages/airflow/example_dags/example_setup_teardown_taskflow.py
[2025-08-20T20:18:48.641+0000] {logging_mixin.py:190} INFO - [2025-08-20T20:18:48.640+0000] {dag.py:3229} INFO - Sync 1 DAGs
[2025-08-20T20:18:48.654+0000] {logging_mixin.py:190} INFO - [2025-08-20T20:18:48.654+0000] {dag.py:4156} INFO - Setting next_dagrun for example_setup_teardown_taskflow to None, run_after=None
[2025-08-20T20:18:48.675+0000] {processor.py:208} INFO - Processing /home/airflow/.local/lib/python3.12/site-packages/airflow/example_dags/example_setup_teardown_taskflow.py took 0.155 seconds
[2025-08-20T20:19:19.238+0000] {processor.py:186} INFO - Started process (PID=199) to work on /home/airflow/.local/lib/python3.12/site-packages/airflow/example_dags/example_setup_teardown_taskflow.py
[2025-08-20T20:19:19.241+0000] {processor.py:914} INFO - Processing file /home/airflow/.local/lib/python3.12/site-packages/airflow/example_dags/example_setup_teardown_taskflow.py for tasks to queue
[2025-08-20T20:19:19.243+0000] {logging_mixin.py:190} INFO - [2025-08-20T20:19:19.243+0000] {dagbag.py:587} INFO - Filling up the DagBag from /home/airflow/.local/lib/python3.12/site-packages/airflow/example_dags/example_setup_teardown_taskflow.py
[2025-08-20T20:19:19.254+0000] {processor.py:925} INFO - DAG(s) 'example_setup_teardown_taskflow' retrieved from /home/airflow/.local/lib/python3.12/site-packages/airflow/example_dags/example_setup_teardown_taskflow.py
[2025-08-20T20:19:19.286+0000] {logging_mixin.py:190} INFO - [2025-08-20T20:19:19.286+0000] {dag.py:3229} INFO - Sync 1 DAGs
[2025-08-20T20:19:19.298+0000] {logging_mixin.py:190} INFO - [2025-08-20T20:19:19.298+0000] {dag.py:4156} INFO - Setting next_dagrun for example_setup_teardown_taskflow to None, run_after=None
[2025-08-20T20:19:19.319+0000] {processor.py:208} INFO - Processing /home/airflow/.local/lib/python3.12/site-packages/airflow/example_dags/example_setup_teardown_taskflow.py took 0.087 seconds
[2025-08-20T20:19:51.771+0000] {processor.py:186} INFO - Started process (PID=261) to work on /home/airflow/.local/lib/python3.12/site-packages/airflow/example_dags/example_setup_teardown_taskflow.py
[2025-08-20T20:19:51.773+0000] {processor.py:914} INFO - Processing file /home/airflow/.local/lib/python3.12/site-packages/airflow/example_dags/example_setup_teardown_taskflow.py for tasks to queue
[2025-08-20T20:19:51.778+0000] {logging_mixin.py:190} INFO - [2025-08-20T20:19:51.778+0000] {dagbag.py:587} INFO - Filling up the DagBag from /home/airflow/.local/lib/python3.12/site-packages/airflow/example_dags/example_setup_teardown_taskflow.py
[2025-08-20T20:19:51.809+0000] {processor.py:925} INFO - DAG(s) 'example_setup_teardown_taskflow' retrieved from /home/airflow/.local/lib/python3.12/site-packages/airflow/example_dags/example_setup_teardown_taskflow.py
[2025-08-20T20:19:51.884+0000] {logging_mixin.py:190} INFO - [2025-08-20T20:19:51.883+0000] {dag.py:3229} INFO - Sync 1 DAGs
[2025-08-20T20:19:51.949+0000] {logging_mixin.py:190} INFO - [2025-08-20T20:19:51.949+0000] {dag.py:4156} INFO - Setting next_dagrun for example_setup_teardown_taskflow to None, run_after=None
[2025-08-20T20:19:51.965+0000] {processor.py:208} INFO - Processing /home/airflow/.local/lib/python3.12/site-packages/airflow/example_dags/example_setup_teardown_taskflow.py took 0.204 seconds
[2025-08-20T20:20:23.237+0000] {processor.py:186} INFO - Started process (PID=316) to work on /home/airflow/.local/lib/python3.12/site-packages/airflow/example_dags/example_setup_teardown_taskflow.py
[2025-08-20T20:20:23.244+0000] {processor.py:914} INFO - Processing file /home/airflow/.local/lib/python3.12/site-packages/airflow/example_dags/example_setup_teardown_taskflow.py for tasks to queue
[2025-08-20T20:20:23.249+0000] {logging_mixin.py:190} INFO - [2025-08-20T20:20:23.248+0000] {dagbag.py:587} INFO - Filling up the DagBag from /home/airflow/.local/lib/python3.12/site-packages/airflow/example_dags/example_setup_teardown_taskflow.py
[2025-08-20T20:20:23.270+0000] {processor.py:925} INFO - DAG(s) 'example_setup_teardown_taskflow' retrieved from /home/airflow/.local/lib/python3.12/site-packages/airflow/example_dags/example_setup_teardown_taskflow.py
[2025-08-20T20:20:23.359+0000] {logging_mixin.py:190} INFO - [2025-08-20T20:20:23.359+0000] {dag.py:3229} INFO - Sync 1 DAGs
[2025-08-20T20:20:23.375+0000] {logging_mixin.py:190} INFO - [2025-08-20T20:20:23.375+0000] {dag.py:4156} INFO - Setting next_dagrun for example_setup_teardown_taskflow to None, run_after=None
[2025-08-20T20:20:23.402+0000] {processor.py:208} INFO - Processing /home/airflow/.local/lib/python3.12/site-packages/airflow/example_dags/example_setup_teardown_taskflow.py took 0.189 seconds
[2025-08-20T20:20:56.478+0000] {processor.py:186} INFO - Started process (PID=378) to work on /home/airflow/.local/lib/python3.12/site-packages/airflow/example_dags/example_setup_teardown_taskflow.py
[2025-08-20T20:20:56.480+0000] {processor.py:914} INFO - Processing file /home/airflow/.local/lib/python3.12/site-packages/airflow/example_dags/example_setup_teardown_taskflow.py for tasks to queue
[2025-08-20T20:20:56.482+0000] {logging_mixin.py:190} INFO - [2025-08-20T20:20:56.482+0000] {dagbag.py:587} INFO - Filling up the DagBag from /home/airflow/.local/lib/python3.12/site-packages/airflow/example_dags/example_setup_teardown_taskflow.py
[2025-08-20T20:20:56.492+0000] {processor.py:925} INFO - DAG(s) 'example_setup_teardown_taskflow' retrieved from /home/airflow/.local/lib/python3.12/site-packages/airflow/example_dags/example_setup_teardown_taskflow.py
[2025-08-20T20:20:56.513+0000] {logging_mixin.py:190} INFO - [2025-08-20T20:20:56.513+0000] {dag.py:3229} INFO - Sync 1 DAGs
[2025-08-20T20:20:56.528+0000] {logging_mixin.py:190} INFO - [2025-08-20T20:20:56.527+0000] {dag.py:4156} INFO - Setting next_dagrun for example_setup_teardown_taskflow to None, run_after=None
[2025-08-20T20:20:56.550+0000] {processor.py:208} INFO - Processing /home/airflow/.local/lib/python3.12/site-packages/airflow/example_dags/example_setup_teardown_taskflow.py took 0.076 seconds
[2025-08-20T20:21:27.126+0000] {processor.py:186} INFO - Started process (PID=440) to work on /home/airflow/.local/lib/python3.12/site-packages/airflow/example_dags/example_setup_teardown_taskflow.py
[2025-08-20T20:21:27.129+0000] {processor.py:914} INFO - Processing file /home/airflow/.local/lib/python3.12/site-packages/airflow/example_dags/example_setup_teardown_taskflow.py for tasks to queue
[2025-08-20T20:21:27.132+0000] {logging_mixin.py:190} INFO - [2025-08-20T20:21:27.132+0000] {dagbag.py:587} INFO - Filling up the DagBag from /home/airflow/.local/lib/python3.12/site-packages/airflow/example_dags/example_setup_teardown_taskflow.py
[2025-08-20T20:21:27.155+0000] {processor.py:925} INFO - DAG(s) 'example_setup_teardown_taskflow' retrieved from /home/airflow/.local/lib/python3.12/site-packages/airflow/example_dags/example_setup_teardown_taskflow.py
[2025-08-20T20:21:27.187+0000] {logging_mixin.py:190} INFO - [2025-08-20T20:21:27.187+0000] {dag.py:3229} INFO - Sync 1 DAGs
[2025-08-20T20:21:27.219+0000] {logging_mixin.py:190} INFO - [2025-08-20T20:21:27.219+0000] {dag.py:4156} INFO - Setting next_dagrun for example_setup_teardown_taskflow to None, run_after=None
[2025-08-20T20:21:27.253+0000] {processor.py:208} INFO - Processing /home/airflow/.local/lib/python3.12/site-packages/airflow/example_dags/example_setup_teardown_taskflow.py took 0.135 seconds
[2025-08-20T20:21:57.475+0000] {processor.py:186} INFO - Started process (PID=502) to work on /home/airflow/.local/lib/python3.12/site-packages/airflow/example_dags/example_setup_teardown_taskflow.py
[2025-08-20T20:21:57.480+0000] {processor.py:914} INFO - Processing file /home/airflow/.local/lib/python3.12/site-packages/airflow/example_dags/example_setup_teardown_taskflow.py for tasks to queue
[2025-08-20T20:21:57.489+0000] {logging_mixin.py:190} INFO - [2025-08-20T20:21:57.488+0000] {dagbag.py:587} INFO - Filling up the DagBag from /home/airflow/.local/lib/python3.12/site-packages/airflow/example_dags/example_setup_teardown_taskflow.py
[2025-08-20T20:21:57.509+0000] {processor.py:925} INFO - DAG(s) 'example_setup_teardown_taskflow' retrieved from /home/airflow/.local/lib/python3.12/site-packages/airflow/example_dags/example_setup_teardown_taskflow.py
[2025-08-20T20:21:57.539+0000] {logging_mixin.py:190} INFO - [2025-08-20T20:21:57.538+0000] {dag.py:3229} INFO - Sync 1 DAGs
[2025-08-20T20:21:57.556+0000] {logging_mixin.py:190} INFO - [2025-08-20T20:21:57.556+0000] {dag.py:4156} INFO - Setting next_dagrun for example_setup_teardown_taskflow to None, run_after=None
[2025-08-20T20:21:57.582+0000] {processor.py:208} INFO - Processing /home/airflow/.local/lib/python3.12/site-packages/airflow/example_dags/example_setup_teardown_taskflow.py took 0.133 seconds
[2025-08-20T20:22:28.663+0000] {processor.py:186} INFO - Started process (PID=564) to work on /home/airflow/.local/lib/python3.12/site-packages/airflow/example_dags/example_setup_teardown_taskflow.py
[2025-08-20T20:22:28.664+0000] {processor.py:914} INFO - Processing file /home/airflow/.local/lib/python3.12/site-packages/airflow/example_dags/example_setup_teardown_taskflow.py for tasks to queue
[2025-08-20T20:22:28.666+0000] {logging_mixin.py:190} INFO - [2025-08-20T20:22:28.666+0000] {dagbag.py:587} INFO - Filling up the DagBag from /home/airflow/.local/lib/python3.12/site-packages/airflow/example_dags/example_setup_teardown_taskflow.py
[2025-08-20T20:22:28.674+0000] {processor.py:925} INFO - DAG(s) 'example_setup_teardown_taskflow' retrieved from /home/airflow/.local/lib/python3.12/site-packages/airflow/example_dags/example_setup_teardown_taskflow.py
[2025-08-20T20:22:28.693+0000] {logging_mixin.py:190} INFO - [2025-08-20T20:22:28.693+0000] {dag.py:3229} INFO - Sync 1 DAGs
[2025-08-20T20:22:28.704+0000] {logging_mixin.py:190} INFO - [2025-08-20T20:22:28.703+0000] {dag.py:4156} INFO - Setting next_dagrun for example_setup_teardown_taskflow to None, run_after=None
[2025-08-20T20:22:28.715+0000] {processor.py:208} INFO - Processing /home/airflow/.local/lib/python3.12/site-packages/airflow/example_dags/example_setup_teardown_taskflow.py took 0.058 seconds
[2025-08-20T20:22:59.131+0000] {processor.py:186} INFO - Started process (PID=626) to work on /home/airflow/.local/lib/python3.12/site-packages/airflow/example_dags/example_setup_teardown_taskflow.py
[2025-08-20T20:22:59.150+0000] {processor.py:914} INFO - Processing file /home/airflow/.local/lib/python3.12/site-packages/airflow/example_dags/example_setup_teardown_taskflow.py for tasks to queue
[2025-08-20T20:22:59.185+0000] {logging_mixin.py:190} INFO - [2025-08-20T20:22:59.185+0000] {dagbag.py:587} INFO - Filling up the DagBag from /home/airflow/.local/lib/python3.12/site-packages/airflow/example_dags/example_setup_teardown_taskflow.py
[2025-08-20T20:22:59.226+0000] {processor.py:925} INFO - DAG(s) 'example_setup_teardown_taskflow' retrieved from /home/airflow/.local/lib/python3.12/site-packages/airflow/example_dags/example_setup_teardown_taskflow.py
[2025-08-20T20:22:59.291+0000] {logging_mixin.py:190} INFO - [2025-08-20T20:22:59.290+0000] {dag.py:3229} INFO - Sync 1 DAGs
[2025-08-20T20:22:59.309+0000] {logging_mixin.py:190} INFO - [2025-08-20T20:22:59.309+0000] {dag.py:4156} INFO - Setting next_dagrun for example_setup_teardown_taskflow to None, run_after=None
[2025-08-20T20:22:59.331+0000] {processor.py:208} INFO - Processing /home/airflow/.local/lib/python3.12/site-packages/airflow/example_dags/example_setup_teardown_taskflow.py took 0.205 seconds
[2025-08-20T20:23:30.336+0000] {processor.py:186} INFO - Started process (PID=685) to work on /home/airflow/.local/lib/python3.12/site-packages/airflow/example_dags/example_setup_teardown_taskflow.py
[2025-08-20T20:23:30.338+0000] {processor.py:914} INFO - Processing file /home/airflow/.local/lib/python3.12/site-packages/airflow/example_dags/example_setup_teardown_taskflow.py for tasks to queue
[2025-08-20T20:23:30.344+0000] {logging_mixin.py:190} INFO - [2025-08-20T20:23:30.343+0000] {dagbag.py:587} INFO - Filling up the DagBag from /home/airflow/.local/lib/python3.12/site-packages/airflow/example_dags/example_setup_teardown_taskflow.py
[2025-08-20T20:23:30.354+0000] {processor.py:925} INFO - DAG(s) 'example_setup_teardown_taskflow' retrieved from /home/airflow/.local/lib/python3.12/site-packages/airflow/example_dags/example_setup_teardown_taskflow.py
[2025-08-20T20:23:30.383+0000] {logging_mixin.py:190} INFO - [2025-08-20T20:23:30.383+0000] {dag.py:3229} INFO - Sync 1 DAGs
[2025-08-20T20:23:30.393+0000] {logging_mixin.py:190} INFO - [2025-08-20T20:23:30.393+0000] {dag.py:4156} INFO - Setting next_dagrun for example_setup_teardown_taskflow to None, run_after=None
[2025-08-20T20:23:30.408+0000] {processor.py:208} INFO - Processing /home/airflow/.local/lib/python3.12/site-packages/airflow/example_dags/example_setup_teardown_taskflow.py took 0.079 seconds
[2025-08-20T20:24:01.179+0000] {processor.py:186} INFO - Started process (PID=747) to work on /home/airflow/.local/lib/python3.12/site-packages/airflow/example_dags/example_setup_teardown_taskflow.py
[2025-08-20T20:24:01.182+0000] {processor.py:914} INFO - Processing file /home/airflow/.local/lib/python3.12/site-packages/airflow/example_dags/example_setup_teardown_taskflow.py for tasks to queue
[2025-08-20T20:24:01.187+0000] {logging_mixin.py:190} INFO - [2025-08-20T20:24:01.186+0000] {dagbag.py:587} INFO - Filling up the DagBag from /home/airflow/.local/lib/python3.12/site-packages/airflow/example_dags/example_setup_teardown_taskflow.py
[2025-08-20T20:24:01.221+0000] {processor.py:925} INFO - DAG(s) 'example_setup_teardown_taskflow' retrieved from /home/airflow/.local/lib/python3.12/site-packages/airflow/example_dags/example_setup_teardown_taskflow.py
[2025-08-20T20:24:01.267+0000] {logging_mixin.py:190} INFO - [2025-08-20T20:24:01.267+0000] {dag.py:3229} INFO - Sync 1 DAGs
[2025-08-20T20:24:01.339+0000] {logging_mixin.py:190} INFO - [2025-08-20T20:24:01.339+0000] {dag.py:4156} INFO - Setting next_dagrun for example_setup_teardown_taskflow to None, run_after=None
[2025-08-20T20:24:01.384+0000] {processor.py:208} INFO - Processing /home/airflow/.local/lib/python3.12/site-packages/airflow/example_dags/example_setup_teardown_taskflow.py took 0.216 seconds
[2025-08-20T20:24:31.812+0000] {processor.py:186} INFO - Started process (PID=802) to work on /home/airflow/.local/lib/python3.12/site-packages/airflow/example_dags/example_setup_teardown_taskflow.py
[2025-08-20T20:24:31.813+0000] {processor.py:914} INFO - Processing file /home/airflow/.local/lib/python3.12/site-packages/airflow/example_dags/example_setup_teardown_taskflow.py for tasks to queue
[2025-08-20T20:24:31.815+0000] {logging_mixin.py:190} INFO - [2025-08-20T20:24:31.815+0000] {dagbag.py:587} INFO - Filling up the DagBag from /home/airflow/.local/lib/python3.12/site-packages/airflow/example_dags/example_setup_teardown_taskflow.py
[2025-08-20T20:24:31.830+0000] {processor.py:925} INFO - DAG(s) 'example_setup_teardown_taskflow' retrieved from /home/airflow/.local/lib/python3.12/site-packages/airflow/example_dags/example_setup_teardown_taskflow.py
[2025-08-20T20:24:31.846+0000] {logging_mixin.py:190} INFO - [2025-08-20T20:24:31.846+0000] {dag.py:3229} INFO - Sync 1 DAGs
[2025-08-20T20:24:31.871+0000] {logging_mixin.py:190} INFO - [2025-08-20T20:24:31.871+0000] {dag.py:4156} INFO - Setting next_dagrun for example_setup_teardown_taskflow to None, run_after=None
[2025-08-20T20:24:31.884+0000] {processor.py:208} INFO - Processing /home/airflow/.local/lib/python3.12/site-packages/airflow/example_dags/example_setup_teardown_taskflow.py took 0.076 seconds
[2025-08-20T20:25:03.051+0000] {processor.py:186} INFO - Started process (PID=863) to work on /home/airflow/.local/lib/python3.12/site-packages/airflow/example_dags/example_setup_teardown_taskflow.py
[2025-08-20T20:25:03.056+0000] {processor.py:914} INFO - Processing file /home/airflow/.local/lib/python3.12/site-packages/airflow/example_dags/example_setup_teardown_taskflow.py for tasks to queue
[2025-08-20T20:25:03.065+0000] {logging_mixin.py:190} INFO - [2025-08-20T20:25:03.064+0000] {dagbag.py:587} INFO - Filling up the DagBag from /home/airflow/.local/lib/python3.12/site-packages/airflow/example_dags/example_setup_teardown_taskflow.py
[2025-08-20T20:25:03.096+0000] {processor.py:925} INFO - DAG(s) 'example_setup_teardown_taskflow' retrieved from /home/airflow/.local/lib/python3.12/site-packages/airflow/example_dags/example_setup_teardown_taskflow.py
[2025-08-20T20:25:03.182+0000] {logging_mixin.py:190} INFO - [2025-08-20T20:25:03.182+0000] {dag.py:3229} INFO - Sync 1 DAGs
[2025-08-20T20:25:03.202+0000] {logging_mixin.py:190} INFO - [2025-08-20T20:25:03.201+0000] {dag.py:4156} INFO - Setting next_dagrun for example_setup_teardown_taskflow to None, run_after=None
[2025-08-20T20:25:03.219+0000] {processor.py:208} INFO - Processing /home/airflow/.local/lib/python3.12/site-packages/airflow/example_dags/example_setup_teardown_taskflow.py took 0.199 seconds
[2025-08-20T20:25:33.779+0000] {processor.py:186} INFO - Started process (PID=925) to work on /home/airflow/.local/lib/python3.12/site-packages/airflow/example_dags/example_setup_teardown_taskflow.py
[2025-08-20T20:25:33.781+0000] {processor.py:914} INFO - Processing file /home/airflow/.local/lib/python3.12/site-packages/airflow/example_dags/example_setup_teardown_taskflow.py for tasks to queue
[2025-08-20T20:25:33.788+0000] {logging_mixin.py:190} INFO - [2025-08-20T20:25:33.787+0000] {dagbag.py:587} INFO - Filling up the DagBag from /home/airflow/.local/lib/python3.12/site-packages/airflow/example_dags/example_setup_teardown_taskflow.py
[2025-08-20T20:25:33.796+0000] {processor.py:925} INFO - DAG(s) 'example_setup_teardown_taskflow' retrieved from /home/airflow/.local/lib/python3.12/site-packages/airflow/example_dags/example_setup_teardown_taskflow.py
[2025-08-20T20:25:33.811+0000] {logging_mixin.py:190} INFO - [2025-08-20T20:25:33.811+0000] {dag.py:3229} INFO - Sync 1 DAGs
[2025-08-20T20:25:33.830+0000] {logging_mixin.py:190} INFO - [2025-08-20T20:25:33.830+0000] {dag.py:4156} INFO - Setting next_dagrun for example_setup_teardown_taskflow to None, run_after=None
[2025-08-20T20:25:33.865+0000] {processor.py:208} INFO - Processing /home/airflow/.local/lib/python3.12/site-packages/airflow/example_dags/example_setup_teardown_taskflow.py took 0.105 seconds
[2025-08-20T20:26:04.284+0000] {processor.py:186} INFO - Started process (PID=982) to work on /home/airflow/.local/lib/python3.12/site-packages/airflow/example_dags/example_setup_teardown_taskflow.py
[2025-08-20T20:26:04.285+0000] {processor.py:914} INFO - Processing file /home/airflow/.local/lib/python3.12/site-packages/airflow/example_dags/example_setup_teardown_taskflow.py for tasks to queue
[2025-08-20T20:26:04.287+0000] {logging_mixin.py:190} INFO - [2025-08-20T20:26:04.287+0000] {dagbag.py:587} INFO - Filling up the DagBag from /home/airflow/.local/lib/python3.12/site-packages/airflow/example_dags/example_setup_teardown_taskflow.py
[2025-08-20T20:26:04.295+0000] {processor.py:925} INFO - DAG(s) 'example_setup_teardown_taskflow' retrieved from /home/airflow/.local/lib/python3.12/site-packages/airflow/example_dags/example_setup_teardown_taskflow.py
[2025-08-20T20:26:04.311+0000] {logging_mixin.py:190} INFO - [2025-08-20T20:26:04.311+0000] {dag.py:3229} INFO - Sync 1 DAGs
[2025-08-20T20:26:04.322+0000] {logging_mixin.py:190} INFO - [2025-08-20T20:26:04.322+0000] {dag.py:4156} INFO - Setting next_dagrun for example_setup_teardown_taskflow to None, run_after=None
[2025-08-20T20:26:04.343+0000] {processor.py:208} INFO - Processing /home/airflow/.local/lib/python3.12/site-packages/airflow/example_dags/example_setup_teardown_taskflow.py took 0.066 seconds
[2025-08-20T20:26:35.340+0000] {processor.py:186} INFO - Started process (PID=1044) to work on /home/airflow/.local/lib/python3.12/site-packages/airflow/example_dags/example_setup_teardown_taskflow.py
[2025-08-20T20:26:35.342+0000] {processor.py:914} INFO - Processing file /home/airflow/.local/lib/python3.12/site-packages/airflow/example_dags/example_setup_teardown_taskflow.py for tasks to queue
[2025-08-20T20:26:35.345+0000] {logging_mixin.py:190} INFO - [2025-08-20T20:26:35.344+0000] {dagbag.py:587} INFO - Filling up the DagBag from /home/airflow/.local/lib/python3.12/site-packages/airflow/example_dags/example_setup_teardown_taskflow.py
[2025-08-20T20:26:35.360+0000] {processor.py:925} INFO - DAG(s) 'example_setup_teardown_taskflow' retrieved from /home/airflow/.local/lib/python3.12/site-packages/airflow/example_dags/example_setup_teardown_taskflow.py
[2025-08-20T20:26:35.399+0000] {logging_mixin.py:190} INFO - [2025-08-20T20:26:35.399+0000] {dag.py:3229} INFO - Sync 1 DAGs
[2025-08-20T20:26:35.415+0000] {logging_mixin.py:190} INFO - [2025-08-20T20:26:35.414+0000] {dag.py:4156} INFO - Setting next_dagrun for example_setup_teardown_taskflow to None, run_after=None
[2025-08-20T20:26:35.432+0000] {processor.py:208} INFO - Processing /home/airflow/.local/lib/python3.12/site-packages/airflow/example_dags/example_setup_teardown_taskflow.py took 0.107 seconds
