[2025-08-20T20:18:20.215+0000] {processor.py:186} INFO - Started process (PID=81) to work on /home/airflow/.local/lib/python3.12/site-packages/airflow/example_dags/example_time_delta_sensor_async.py
[2025-08-20T20:18:20.224+0000] {processor.py:914} INFO - Processing file /home/airflow/.local/lib/python3.12/site-packages/airflow/example_dags/example_time_delta_sensor_async.py for tasks to queue
[2025-08-20T20:18:20.232+0000] {logging_mixin.py:190} INFO - [2025-08-20T20:18:20.230+0000] {dagbag.py:587} INFO - Filling up the DagBag from /home/airflow/.local/lib/python3.12/site-packages/airflow/example_dags/example_time_delta_sensor_async.py
[2025-08-20T20:18:20.385+0000] {processor.py:925} INFO - DAG(s) 'example_time_delta_sensor_async' retrieved from /home/airflow/.local/lib/python3.12/site-packages/airflow/example_dags/example_time_delta_sensor_async.py
[2025-08-20T20:18:21.002+0000] {logging_mixin.py:190} INFO - [2025-08-20T20:18:20.992+0000] {override.py:1900} INFO - Created Permission View: can read on DAG:example_time_delta_sensor_async
[2025-08-20T20:18:21.021+0000] {logging_mixin.py:190} INFO - [2025-08-20T20:18:21.020+0000] {override.py:1900} INFO - Created Permission View: can delete on DAG:example_time_delta_sensor_async
[2025-08-20T20:18:21.035+0000] {logging_mixin.py:190} INFO - [2025-08-20T20:18:21.035+0000] {override.py:1900} INFO - Created Permission View: can edit on DAG:example_time_delta_sensor_async
[2025-08-20T20:18:21.048+0000] {logging_mixin.py:190} INFO - [2025-08-20T20:18:21.048+0000] {override.py:1900} INFO - Created Permission View: can read on DAG Run:example_time_delta_sensor_async
[2025-08-20T20:18:21.062+0000] {logging_mixin.py:190} INFO - [2025-08-20T20:18:21.062+0000] {override.py:1900} INFO - Created Permission View: menu access on DAG Run:example_time_delta_sensor_async
[2025-08-20T20:18:21.072+0000] {logging_mixin.py:190} INFO - [2025-08-20T20:18:21.072+0000] {override.py:1900} INFO - Created Permission View: can delete on DAG Run:example_time_delta_sensor_async
[2025-08-20T20:18:21.085+0000] {logging_mixin.py:190} INFO - [2025-08-20T20:18:21.085+0000] {override.py:1900} INFO - Created Permission View: can create on DAG Run:example_time_delta_sensor_async
[2025-08-20T20:18:21.089+0000] {logging_mixin.py:190} INFO - [2025-08-20T20:18:21.089+0000] {dag.py:3229} INFO - Sync 1 DAGs
[2025-08-20T20:18:21.197+0000] {logging_mixin.py:190} INFO - [2025-08-20T20:18:21.197+0000] {dag.py:3252} INFO - Creating ORM DAG for example_time_delta_sensor_async
[2025-08-20T20:18:21.199+0000] {logging_mixin.py:190} INFO - [2025-08-20T20:18:21.199+0000] {dag.py:4156} INFO - Setting next_dagrun for example_time_delta_sensor_async to None, run_after=None
[2025-08-20T20:18:21.238+0000] {processor.py:208} INFO - Processing /home/airflow/.local/lib/python3.12/site-packages/airflow/example_dags/example_time_delta_sensor_async.py took 1.134 seconds
[2025-08-20T20:18:52.183+0000] {processor.py:186} INFO - Started process (PID=143) to work on /home/airflow/.local/lib/python3.12/site-packages/airflow/example_dags/example_time_delta_sensor_async.py
[2025-08-20T20:18:52.186+0000] {processor.py:914} INFO - Processing file /home/airflow/.local/lib/python3.12/site-packages/airflow/example_dags/example_time_delta_sensor_async.py for tasks to queue
[2025-08-20T20:18:52.197+0000] {logging_mixin.py:190} INFO - [2025-08-20T20:18:52.196+0000] {dagbag.py:587} INFO - Filling up the DagBag from /home/airflow/.local/lib/python3.12/site-packages/airflow/example_dags/example_time_delta_sensor_async.py
[2025-08-20T20:18:52.242+0000] {processor.py:925} INFO - DAG(s) 'example_time_delta_sensor_async' retrieved from /home/airflow/.local/lib/python3.12/site-packages/airflow/example_dags/example_time_delta_sensor_async.py
[2025-08-20T20:18:52.407+0000] {logging_mixin.py:190} INFO - [2025-08-20T20:18:52.407+0000] {dag.py:3229} INFO - Sync 1 DAGs
[2025-08-20T20:18:52.563+0000] {logging_mixin.py:190} INFO - [2025-08-20T20:18:52.545+0000] {dag.py:4156} INFO - Setting next_dagrun for example_time_delta_sensor_async to None, run_after=None
[2025-08-20T20:18:52.774+0000] {processor.py:208} INFO - Processing /home/airflow/.local/lib/python3.12/site-packages/airflow/example_dags/example_time_delta_sensor_async.py took 0.612 seconds
[2025-08-20T20:19:24.169+0000] {processor.py:186} INFO - Started process (PID=204) to work on /home/airflow/.local/lib/python3.12/site-packages/airflow/example_dags/example_time_delta_sensor_async.py
[2025-08-20T20:19:24.216+0000] {processor.py:914} INFO - Processing file /home/airflow/.local/lib/python3.12/site-packages/airflow/example_dags/example_time_delta_sensor_async.py for tasks to queue
[2025-08-20T20:19:24.255+0000] {logging_mixin.py:190} INFO - [2025-08-20T20:19:24.249+0000] {dagbag.py:587} INFO - Filling up the DagBag from /home/airflow/.local/lib/python3.12/site-packages/airflow/example_dags/example_time_delta_sensor_async.py
[2025-08-20T20:19:24.363+0000] {processor.py:925} INFO - DAG(s) 'example_time_delta_sensor_async' retrieved from /home/airflow/.local/lib/python3.12/site-packages/airflow/example_dags/example_time_delta_sensor_async.py
[2025-08-20T20:19:24.593+0000] {logging_mixin.py:190} INFO - [2025-08-20T20:19:24.593+0000] {dag.py:3229} INFO - Sync 1 DAGs
[2025-08-20T20:19:24.658+0000] {logging_mixin.py:190} INFO - [2025-08-20T20:19:24.658+0000] {dag.py:4156} INFO - Setting next_dagrun for example_time_delta_sensor_async to None, run_after=None
[2025-08-20T20:19:24.701+0000] {processor.py:208} INFO - Processing /home/airflow/.local/lib/python3.12/site-packages/airflow/example_dags/example_time_delta_sensor_async.py took 0.625 seconds
[2025-08-20T20:19:55.560+0000] {processor.py:186} INFO - Started process (PID=266) to work on /home/airflow/.local/lib/python3.12/site-packages/airflow/example_dags/example_time_delta_sensor_async.py
[2025-08-20T20:19:55.562+0000] {processor.py:914} INFO - Processing file /home/airflow/.local/lib/python3.12/site-packages/airflow/example_dags/example_time_delta_sensor_async.py for tasks to queue
[2025-08-20T20:19:55.576+0000] {logging_mixin.py:190} INFO - [2025-08-20T20:19:55.575+0000] {dagbag.py:587} INFO - Filling up the DagBag from /home/airflow/.local/lib/python3.12/site-packages/airflow/example_dags/example_time_delta_sensor_async.py
[2025-08-20T20:19:55.632+0000] {processor.py:925} INFO - DAG(s) 'example_time_delta_sensor_async' retrieved from /home/airflow/.local/lib/python3.12/site-packages/airflow/example_dags/example_time_delta_sensor_async.py
[2025-08-20T20:19:55.941+0000] {logging_mixin.py:190} INFO - [2025-08-20T20:19:55.939+0000] {dag.py:3229} INFO - Sync 1 DAGs
[2025-08-20T20:19:56.016+0000] {logging_mixin.py:190} INFO - [2025-08-20T20:19:56.016+0000] {dag.py:4156} INFO - Setting next_dagrun for example_time_delta_sensor_async to None, run_after=None
[2025-08-20T20:19:57.634+0000] {processor.py:208} INFO - Processing /home/airflow/.local/lib/python3.12/site-packages/airflow/example_dags/example_time_delta_sensor_async.py took 2.112 seconds
[2025-08-20T20:20:28.486+0000] {processor.py:186} INFO - Started process (PID=328) to work on /home/airflow/.local/lib/python3.12/site-packages/airflow/example_dags/example_time_delta_sensor_async.py
[2025-08-20T20:20:28.495+0000] {processor.py:914} INFO - Processing file /home/airflow/.local/lib/python3.12/site-packages/airflow/example_dags/example_time_delta_sensor_async.py for tasks to queue
[2025-08-20T20:20:28.520+0000] {logging_mixin.py:190} INFO - [2025-08-20T20:20:28.518+0000] {dagbag.py:587} INFO - Filling up the DagBag from /home/airflow/.local/lib/python3.12/site-packages/airflow/example_dags/example_time_delta_sensor_async.py
[2025-08-20T20:20:28.583+0000] {processor.py:925} INFO - DAG(s) 'example_time_delta_sensor_async' retrieved from /home/airflow/.local/lib/python3.12/site-packages/airflow/example_dags/example_time_delta_sensor_async.py
[2025-08-20T20:20:28.691+0000] {logging_mixin.py:190} INFO - [2025-08-20T20:20:28.690+0000] {dag.py:3229} INFO - Sync 1 DAGs
[2025-08-20T20:20:28.730+0000] {logging_mixin.py:190} INFO - [2025-08-20T20:20:28.730+0000] {dag.py:4156} INFO - Setting next_dagrun for example_time_delta_sensor_async to None, run_after=None
[2025-08-20T20:20:28.760+0000] {processor.py:208} INFO - Processing /home/airflow/.local/lib/python3.12/site-packages/airflow/example_dags/example_time_delta_sensor_async.py took 0.335 seconds
[2025-08-20T20:20:59.393+0000] {processor.py:186} INFO - Started process (PID=390) to work on /home/airflow/.local/lib/python3.12/site-packages/airflow/example_dags/example_time_delta_sensor_async.py
[2025-08-20T20:20:59.398+0000] {processor.py:914} INFO - Processing file /home/airflow/.local/lib/python3.12/site-packages/airflow/example_dags/example_time_delta_sensor_async.py for tasks to queue
[2025-08-20T20:20:59.429+0000] {logging_mixin.py:190} INFO - [2025-08-20T20:20:59.428+0000] {dagbag.py:587} INFO - Filling up the DagBag from /home/airflow/.local/lib/python3.12/site-packages/airflow/example_dags/example_time_delta_sensor_async.py
[2025-08-20T20:20:59.523+0000] {processor.py:925} INFO - DAG(s) 'example_time_delta_sensor_async' retrieved from /home/airflow/.local/lib/python3.12/site-packages/airflow/example_dags/example_time_delta_sensor_async.py
[2025-08-20T20:20:59.628+0000] {logging_mixin.py:190} INFO - [2025-08-20T20:20:59.626+0000] {dag.py:3229} INFO - Sync 1 DAGs
[2025-08-20T20:20:59.665+0000] {logging_mixin.py:190} INFO - [2025-08-20T20:20:59.665+0000] {dag.py:4156} INFO - Setting next_dagrun for example_time_delta_sensor_async to None, run_after=None
[2025-08-20T20:20:59.722+0000] {processor.py:208} INFO - Processing /home/airflow/.local/lib/python3.12/site-packages/airflow/example_dags/example_time_delta_sensor_async.py took 0.416 seconds
[2025-08-20T20:21:30.253+0000] {processor.py:186} INFO - Started process (PID=452) to work on /home/airflow/.local/lib/python3.12/site-packages/airflow/example_dags/example_time_delta_sensor_async.py
[2025-08-20T20:21:30.261+0000] {processor.py:914} INFO - Processing file /home/airflow/.local/lib/python3.12/site-packages/airflow/example_dags/example_time_delta_sensor_async.py for tasks to queue
[2025-08-20T20:21:30.279+0000] {logging_mixin.py:190} INFO - [2025-08-20T20:21:30.277+0000] {dagbag.py:587} INFO - Filling up the DagBag from /home/airflow/.local/lib/python3.12/site-packages/airflow/example_dags/example_time_delta_sensor_async.py
[2025-08-20T20:21:30.334+0000] {processor.py:925} INFO - DAG(s) 'example_time_delta_sensor_async' retrieved from /home/airflow/.local/lib/python3.12/site-packages/airflow/example_dags/example_time_delta_sensor_async.py
[2025-08-20T20:21:30.559+0000] {logging_mixin.py:190} INFO - [2025-08-20T20:21:30.559+0000] {dag.py:3229} INFO - Sync 1 DAGs
[2025-08-20T20:21:30.712+0000] {logging_mixin.py:190} INFO - [2025-08-20T20:21:30.712+0000] {dag.py:4156} INFO - Setting next_dagrun for example_time_delta_sensor_async to None, run_after=None
[2025-08-20T20:21:30.807+0000] {processor.py:208} INFO - Processing /home/airflow/.local/lib/python3.12/site-packages/airflow/example_dags/example_time_delta_sensor_async.py took 0.615 seconds
[2025-08-20T20:22:01.955+0000] {processor.py:186} INFO - Started process (PID=514) to work on /home/airflow/.local/lib/python3.12/site-packages/airflow/example_dags/example_time_delta_sensor_async.py
[2025-08-20T20:22:01.964+0000] {processor.py:914} INFO - Processing file /home/airflow/.local/lib/python3.12/site-packages/airflow/example_dags/example_time_delta_sensor_async.py for tasks to queue
[2025-08-20T20:22:01.978+0000] {logging_mixin.py:190} INFO - [2025-08-20T20:22:01.978+0000] {dagbag.py:587} INFO - Filling up the DagBag from /home/airflow/.local/lib/python3.12/site-packages/airflow/example_dags/example_time_delta_sensor_async.py
[2025-08-20T20:22:02.019+0000] {processor.py:925} INFO - DAG(s) 'example_time_delta_sensor_async' retrieved from /home/airflow/.local/lib/python3.12/site-packages/airflow/example_dags/example_time_delta_sensor_async.py
[2025-08-20T20:22:02.115+0000] {logging_mixin.py:190} INFO - [2025-08-20T20:22:02.114+0000] {dag.py:3229} INFO - Sync 1 DAGs
[2025-08-20T20:22:02.160+0000] {logging_mixin.py:190} INFO - [2025-08-20T20:22:02.159+0000] {dag.py:4156} INFO - Setting next_dagrun for example_time_delta_sensor_async to None, run_after=None
[2025-08-20T20:22:02.186+0000] {processor.py:208} INFO - Processing /home/airflow/.local/lib/python3.12/site-packages/airflow/example_dags/example_time_delta_sensor_async.py took 0.333 seconds
[2025-08-20T20:22:32.502+0000] {processor.py:186} INFO - Started process (PID=576) to work on /home/airflow/.local/lib/python3.12/site-packages/airflow/example_dags/example_time_delta_sensor_async.py
[2025-08-20T20:22:32.510+0000] {processor.py:914} INFO - Processing file /home/airflow/.local/lib/python3.12/site-packages/airflow/example_dags/example_time_delta_sensor_async.py for tasks to queue
[2025-08-20T20:22:32.526+0000] {logging_mixin.py:190} INFO - [2025-08-20T20:22:32.525+0000] {dagbag.py:587} INFO - Filling up the DagBag from /home/airflow/.local/lib/python3.12/site-packages/airflow/example_dags/example_time_delta_sensor_async.py
[2025-08-20T20:22:32.569+0000] {processor.py:925} INFO - DAG(s) 'example_time_delta_sensor_async' retrieved from /home/airflow/.local/lib/python3.12/site-packages/airflow/example_dags/example_time_delta_sensor_async.py
[2025-08-20T20:22:32.647+0000] {logging_mixin.py:190} INFO - [2025-08-20T20:22:32.647+0000] {dag.py:3229} INFO - Sync 1 DAGs
[2025-08-20T20:22:32.711+0000] {logging_mixin.py:190} INFO - [2025-08-20T20:22:32.711+0000] {dag.py:4156} INFO - Setting next_dagrun for example_time_delta_sensor_async to None, run_after=None
[2025-08-20T20:22:32.753+0000] {processor.py:208} INFO - Processing /home/airflow/.local/lib/python3.12/site-packages/airflow/example_dags/example_time_delta_sensor_async.py took 0.284 seconds
[2025-08-20T20:23:04.181+0000] {processor.py:186} INFO - Started process (PID=638) to work on /home/airflow/.local/lib/python3.12/site-packages/airflow/example_dags/example_time_delta_sensor_async.py
[2025-08-20T20:23:04.203+0000] {processor.py:914} INFO - Processing file /home/airflow/.local/lib/python3.12/site-packages/airflow/example_dags/example_time_delta_sensor_async.py for tasks to queue
[2025-08-20T20:23:04.230+0000] {logging_mixin.py:190} INFO - [2025-08-20T20:23:04.228+0000] {dagbag.py:587} INFO - Filling up the DagBag from /home/airflow/.local/lib/python3.12/site-packages/airflow/example_dags/example_time_delta_sensor_async.py
[2025-08-20T20:23:04.316+0000] {processor.py:925} INFO - DAG(s) 'example_time_delta_sensor_async' retrieved from /home/airflow/.local/lib/python3.12/site-packages/airflow/example_dags/example_time_delta_sensor_async.py
[2025-08-20T20:23:04.443+0000] {logging_mixin.py:190} INFO - [2025-08-20T20:23:04.442+0000] {dag.py:3229} INFO - Sync 1 DAGs
[2025-08-20T20:23:04.541+0000] {logging_mixin.py:190} INFO - [2025-08-20T20:23:04.540+0000] {dag.py:4156} INFO - Setting next_dagrun for example_time_delta_sensor_async to None, run_after=None
[2025-08-20T20:23:04.619+0000] {processor.py:208} INFO - Processing /home/airflow/.local/lib/python3.12/site-packages/airflow/example_dags/example_time_delta_sensor_async.py took 0.521 seconds
[2025-08-20T20:23:35.354+0000] {processor.py:186} INFO - Started process (PID=700) to work on /home/airflow/.local/lib/python3.12/site-packages/airflow/example_dags/example_time_delta_sensor_async.py
[2025-08-20T20:23:35.369+0000] {processor.py:914} INFO - Processing file /home/airflow/.local/lib/python3.12/site-packages/airflow/example_dags/example_time_delta_sensor_async.py for tasks to queue
[2025-08-20T20:23:35.374+0000] {logging_mixin.py:190} INFO - [2025-08-20T20:23:35.373+0000] {dagbag.py:587} INFO - Filling up the DagBag from /home/airflow/.local/lib/python3.12/site-packages/airflow/example_dags/example_time_delta_sensor_async.py
[2025-08-20T20:23:35.417+0000] {processor.py:925} INFO - DAG(s) 'example_time_delta_sensor_async' retrieved from /home/airflow/.local/lib/python3.12/site-packages/airflow/example_dags/example_time_delta_sensor_async.py
[2025-08-20T20:23:35.538+0000] {logging_mixin.py:190} INFO - [2025-08-20T20:23:35.537+0000] {dag.py:3229} INFO - Sync 1 DAGs
[2025-08-20T20:23:35.642+0000] {logging_mixin.py:190} INFO - [2025-08-20T20:23:35.641+0000] {dag.py:4156} INFO - Setting next_dagrun for example_time_delta_sensor_async to None, run_after=None
[2025-08-20T20:23:35.729+0000] {processor.py:208} INFO - Processing /home/airflow/.local/lib/python3.12/site-packages/airflow/example_dags/example_time_delta_sensor_async.py took 0.410 seconds
[2025-08-20T20:24:06.421+0000] {processor.py:186} INFO - Started process (PID=762) to work on /home/airflow/.local/lib/python3.12/site-packages/airflow/example_dags/example_time_delta_sensor_async.py
[2025-08-20T20:24:06.432+0000] {processor.py:914} INFO - Processing file /home/airflow/.local/lib/python3.12/site-packages/airflow/example_dags/example_time_delta_sensor_async.py for tasks to queue
[2025-08-20T20:24:06.450+0000] {logging_mixin.py:190} INFO - [2025-08-20T20:24:06.449+0000] {dagbag.py:587} INFO - Filling up the DagBag from /home/airflow/.local/lib/python3.12/site-packages/airflow/example_dags/example_time_delta_sensor_async.py
[2025-08-20T20:24:06.591+0000] {processor.py:925} INFO - DAG(s) 'example_time_delta_sensor_async' retrieved from /home/airflow/.local/lib/python3.12/site-packages/airflow/example_dags/example_time_delta_sensor_async.py
[2025-08-20T20:24:06.758+0000] {logging_mixin.py:190} INFO - [2025-08-20T20:24:06.756+0000] {dag.py:3229} INFO - Sync 1 DAGs
[2025-08-20T20:24:06.811+0000] {logging_mixin.py:190} INFO - [2025-08-20T20:24:06.811+0000] {dag.py:4156} INFO - Setting next_dagrun for example_time_delta_sensor_async to None, run_after=None
[2025-08-20T20:24:06.873+0000] {processor.py:208} INFO - Processing /home/airflow/.local/lib/python3.12/site-packages/airflow/example_dags/example_time_delta_sensor_async.py took 0.561 seconds
[2025-08-20T20:24:37.121+0000] {processor.py:186} INFO - Started process (PID=824) to work on /home/airflow/.local/lib/python3.12/site-packages/airflow/example_dags/example_time_delta_sensor_async.py
[2025-08-20T20:24:37.124+0000] {processor.py:914} INFO - Processing file /home/airflow/.local/lib/python3.12/site-packages/airflow/example_dags/example_time_delta_sensor_async.py for tasks to queue
[2025-08-20T20:24:37.135+0000] {logging_mixin.py:190} INFO - [2025-08-20T20:24:37.132+0000] {dagbag.py:587} INFO - Filling up the DagBag from /home/airflow/.local/lib/python3.12/site-packages/airflow/example_dags/example_time_delta_sensor_async.py
[2025-08-20T20:24:37.155+0000] {processor.py:925} INFO - DAG(s) 'example_time_delta_sensor_async' retrieved from /home/airflow/.local/lib/python3.12/site-packages/airflow/example_dags/example_time_delta_sensor_async.py
[2025-08-20T20:24:37.204+0000] {logging_mixin.py:190} INFO - [2025-08-20T20:24:37.204+0000] {dag.py:3229} INFO - Sync 1 DAGs
[2025-08-20T20:24:37.233+0000] {logging_mixin.py:190} INFO - [2025-08-20T20:24:37.233+0000] {dag.py:4156} INFO - Setting next_dagrun for example_time_delta_sensor_async to None, run_after=None
[2025-08-20T20:24:37.256+0000] {processor.py:208} INFO - Processing /home/airflow/.local/lib/python3.12/site-packages/airflow/example_dags/example_time_delta_sensor_async.py took 0.155 seconds
[2025-08-20T20:25:07.769+0000] {processor.py:186} INFO - Started process (PID=885) to work on /home/airflow/.local/lib/python3.12/site-packages/airflow/example_dags/example_time_delta_sensor_async.py
[2025-08-20T20:25:07.771+0000] {processor.py:914} INFO - Processing file /home/airflow/.local/lib/python3.12/site-packages/airflow/example_dags/example_time_delta_sensor_async.py for tasks to queue
[2025-08-20T20:25:07.780+0000] {logging_mixin.py:190} INFO - [2025-08-20T20:25:07.779+0000] {dagbag.py:587} INFO - Filling up the DagBag from /home/airflow/.local/lib/python3.12/site-packages/airflow/example_dags/example_time_delta_sensor_async.py
[2025-08-20T20:25:07.810+0000] {processor.py:925} INFO - DAG(s) 'example_time_delta_sensor_async' retrieved from /home/airflow/.local/lib/python3.12/site-packages/airflow/example_dags/example_time_delta_sensor_async.py
[2025-08-20T20:25:07.872+0000] {logging_mixin.py:190} INFO - [2025-08-20T20:25:07.871+0000] {dag.py:3229} INFO - Sync 1 DAGs
[2025-08-20T20:25:07.931+0000] {logging_mixin.py:190} INFO - [2025-08-20T20:25:07.930+0000] {dag.py:4156} INFO - Setting next_dagrun for example_time_delta_sensor_async to None, run_after=None
[2025-08-20T20:25:08.000+0000] {processor.py:208} INFO - Processing /home/airflow/.local/lib/python3.12/site-packages/airflow/example_dags/example_time_delta_sensor_async.py took 0.250 seconds
[2025-08-20T20:25:38.440+0000] {processor.py:186} INFO - Started process (PID=947) to work on /home/airflow/.local/lib/python3.12/site-packages/airflow/example_dags/example_time_delta_sensor_async.py
[2025-08-20T20:25:38.441+0000] {processor.py:914} INFO - Processing file /home/airflow/.local/lib/python3.12/site-packages/airflow/example_dags/example_time_delta_sensor_async.py for tasks to queue
[2025-08-20T20:25:38.446+0000] {logging_mixin.py:190} INFO - [2025-08-20T20:25:38.445+0000] {dagbag.py:587} INFO - Filling up the DagBag from /home/airflow/.local/lib/python3.12/site-packages/airflow/example_dags/example_time_delta_sensor_async.py
[2025-08-20T20:25:38.463+0000] {processor.py:925} INFO - DAG(s) 'example_time_delta_sensor_async' retrieved from /home/airflow/.local/lib/python3.12/site-packages/airflow/example_dags/example_time_delta_sensor_async.py
[2025-08-20T20:25:38.493+0000] {logging_mixin.py:190} INFO - [2025-08-20T20:25:38.493+0000] {dag.py:3229} INFO - Sync 1 DAGs
[2025-08-20T20:25:38.512+0000] {logging_mixin.py:190} INFO - [2025-08-20T20:25:38.512+0000] {dag.py:4156} INFO - Setting next_dagrun for example_time_delta_sensor_async to None, run_after=None
[2025-08-20T20:25:38.532+0000] {processor.py:208} INFO - Processing /home/airflow/.local/lib/python3.12/site-packages/airflow/example_dags/example_time_delta_sensor_async.py took 0.101 seconds
[2025-08-20T20:26:09.098+0000] {processor.py:186} INFO - Started process (PID=1009) to work on /home/airflow/.local/lib/python3.12/site-packages/airflow/example_dags/example_time_delta_sensor_async.py
[2025-08-20T20:26:09.101+0000] {processor.py:914} INFO - Processing file /home/airflow/.local/lib/python3.12/site-packages/airflow/example_dags/example_time_delta_sensor_async.py for tasks to queue
[2025-08-20T20:26:09.108+0000] {logging_mixin.py:190} INFO - [2025-08-20T20:26:09.107+0000] {dagbag.py:587} INFO - Filling up the DagBag from /home/airflow/.local/lib/python3.12/site-packages/airflow/example_dags/example_time_delta_sensor_async.py
[2025-08-20T20:26:09.130+0000] {processor.py:925} INFO - DAG(s) 'example_time_delta_sensor_async' retrieved from /home/airflow/.local/lib/python3.12/site-packages/airflow/example_dags/example_time_delta_sensor_async.py
[2025-08-20T20:26:09.172+0000] {logging_mixin.py:190} INFO - [2025-08-20T20:26:09.172+0000] {dag.py:3229} INFO - Sync 1 DAGs
[2025-08-20T20:26:09.193+0000] {logging_mixin.py:190} INFO - [2025-08-20T20:26:09.193+0000] {dag.py:4156} INFO - Setting next_dagrun for example_time_delta_sensor_async to None, run_after=None
[2025-08-20T20:26:09.212+0000] {processor.py:208} INFO - Processing /home/airflow/.local/lib/python3.12/site-packages/airflow/example_dags/example_time_delta_sensor_async.py took 0.127 seconds
[2025-08-20T20:26:39.326+0000] {processor.py:186} INFO - Started process (PID=1071) to work on /home/airflow/.local/lib/python3.12/site-packages/airflow/example_dags/example_time_delta_sensor_async.py
[2025-08-20T20:26:39.328+0000] {processor.py:914} INFO - Processing file /home/airflow/.local/lib/python3.12/site-packages/airflow/example_dags/example_time_delta_sensor_async.py for tasks to queue
[2025-08-20T20:26:39.332+0000] {logging_mixin.py:190} INFO - [2025-08-20T20:26:39.332+0000] {dagbag.py:587} INFO - Filling up the DagBag from /home/airflow/.local/lib/python3.12/site-packages/airflow/example_dags/example_time_delta_sensor_async.py
[2025-08-20T20:26:39.343+0000] {processor.py:925} INFO - DAG(s) 'example_time_delta_sensor_async' retrieved from /home/airflow/.local/lib/python3.12/site-packages/airflow/example_dags/example_time_delta_sensor_async.py
[2025-08-20T20:26:39.383+0000] {logging_mixin.py:190} INFO - [2025-08-20T20:26:39.383+0000] {dag.py:3229} INFO - Sync 1 DAGs
[2025-08-20T20:26:39.410+0000] {logging_mixin.py:190} INFO - [2025-08-20T20:26:39.409+0000] {dag.py:4156} INFO - Setting next_dagrun for example_time_delta_sensor_async to None, run_after=None
[2025-08-20T20:26:39.431+0000] {processor.py:208} INFO - Processing /home/airflow/.local/lib/python3.12/site-packages/airflow/example_dags/example_time_delta_sensor_async.py took 0.119 seconds
