[2025-08-20T20:18:27.054+0000] {processor.py:186} INFO - Started process (PID=91) to work on /home/airflow/.local/lib/python3.12/site-packages/airflow/example_dags/example_complex.py
[2025-08-20T20:18:27.063+0000] {processor.py:914} INFO - Processing file /home/airflow/.local/lib/python3.12/site-packages/airflow/example_dags/example_complex.py for tasks to queue
[2025-08-20T20:18:27.091+0000] {logging_mixin.py:190} INFO - [2025-08-20T20:18:27.090+0000] {dagbag.py:587} INFO - Filling up the DagBag from /home/airflow/.local/lib/python3.12/site-packages/airflow/example_dags/example_complex.py
[2025-08-20T20:18:27.171+0000] {processor.py:925} INFO - DAG(s) 'example_complex' retrieved from /home/airflow/.local/lib/python3.12/site-packages/airflow/example_dags/example_complex.py
[2025-08-20T20:18:27.656+0000] {logging_mixin.py:190} INFO - [2025-08-20T20:18:27.647+0000] {override.py:1900} INFO - Created Permission View: can read on DAG:example_complex
[2025-08-20T20:18:27.708+0000] {logging_mixin.py:190} INFO - [2025-08-20T20:18:27.707+0000] {override.py:1900} INFO - Created Permission View: can delete on DAG:example_complex
[2025-08-20T20:18:27.724+0000] {logging_mixin.py:190} INFO - [2025-08-20T20:18:27.723+0000] {override.py:1900} INFO - Created Permission View: can edit on DAG:example_complex
[2025-08-20T20:18:27.734+0000] {logging_mixin.py:190} INFO - [2025-08-20T20:18:27.734+0000] {override.py:1900} INFO - Created Permission View: can read on DAG Run:example_complex
[2025-08-20T20:18:27.749+0000] {logging_mixin.py:190} INFO - [2025-08-20T20:18:27.748+0000] {override.py:1900} INFO - Created Permission View: menu access on DAG Run:example_complex
[2025-08-20T20:18:27.783+0000] {logging_mixin.py:190} INFO - [2025-08-20T20:18:27.782+0000] {override.py:1900} INFO - Created Permission View: can delete on DAG Run:example_complex
[2025-08-20T20:18:27.797+0000] {logging_mixin.py:190} INFO - [2025-08-20T20:18:27.797+0000] {override.py:1900} INFO - Created Permission View: can create on DAG Run:example_complex
[2025-08-20T20:18:27.798+0000] {logging_mixin.py:190} INFO - [2025-08-20T20:18:27.798+0000] {dag.py:3229} INFO - Sync 1 DAGs
[2025-08-20T20:18:27.892+0000] {logging_mixin.py:190} INFO - [2025-08-20T20:18:27.892+0000] {dag.py:3252} INFO - Creating ORM DAG for example_complex
[2025-08-20T20:18:27.894+0000] {logging_mixin.py:190} INFO - [2025-08-20T20:18:27.893+0000] {dag.py:4156} INFO - Setting next_dagrun for example_complex to None, run_after=None
[2025-08-20T20:18:27.939+0000] {processor.py:208} INFO - Processing /home/airflow/.local/lib/python3.12/site-packages/airflow/example_dags/example_complex.py took 0.960 seconds
[2025-08-20T20:18:58.192+0000] {processor.py:186} INFO - Started process (PID=159) to work on /home/airflow/.local/lib/python3.12/site-packages/airflow/example_dags/example_complex.py
[2025-08-20T20:18:58.196+0000] {processor.py:914} INFO - Processing file /home/airflow/.local/lib/python3.12/site-packages/airflow/example_dags/example_complex.py for tasks to queue
[2025-08-20T20:18:58.203+0000] {logging_mixin.py:190} INFO - [2025-08-20T20:18:58.203+0000] {dagbag.py:587} INFO - Filling up the DagBag from /home/airflow/.local/lib/python3.12/site-packages/airflow/example_dags/example_complex.py
[2025-08-20T20:18:58.232+0000] {processor.py:925} INFO - DAG(s) 'example_complex' retrieved from /home/airflow/.local/lib/python3.12/site-packages/airflow/example_dags/example_complex.py
[2025-08-20T20:18:58.274+0000] {logging_mixin.py:190} INFO - [2025-08-20T20:18:58.274+0000] {dag.py:3229} INFO - Sync 1 DAGs
[2025-08-20T20:18:58.294+0000] {logging_mixin.py:190} INFO - [2025-08-20T20:18:58.293+0000] {dag.py:4156} INFO - Setting next_dagrun for example_complex to None, run_after=None
[2025-08-20T20:18:58.307+0000] {processor.py:208} INFO - Processing /home/airflow/.local/lib/python3.12/site-packages/airflow/example_dags/example_complex.py took 0.127 seconds
[2025-08-20T20:19:31.127+0000] {processor.py:186} INFO - Started process (PID=221) to work on /home/airflow/.local/lib/python3.12/site-packages/airflow/example_dags/example_complex.py
[2025-08-20T20:19:31.138+0000] {processor.py:914} INFO - Processing file /home/airflow/.local/lib/python3.12/site-packages/airflow/example_dags/example_complex.py for tasks to queue
[2025-08-20T20:19:31.156+0000] {logging_mixin.py:190} INFO - [2025-08-20T20:19:31.150+0000] {dagbag.py:587} INFO - Filling up the DagBag from /home/airflow/.local/lib/python3.12/site-packages/airflow/example_dags/example_complex.py
[2025-08-20T20:19:31.252+0000] {processor.py:925} INFO - DAG(s) 'example_complex' retrieved from /home/airflow/.local/lib/python3.12/site-packages/airflow/example_dags/example_complex.py
[2025-08-20T20:19:31.346+0000] {logging_mixin.py:190} INFO - [2025-08-20T20:19:31.345+0000] {dag.py:3229} INFO - Sync 1 DAGs
[2025-08-20T20:19:31.389+0000] {logging_mixin.py:190} INFO - [2025-08-20T20:19:31.389+0000] {dag.py:4156} INFO - Setting next_dagrun for example_complex to None, run_after=None
[2025-08-20T20:19:31.425+0000] {processor.py:208} INFO - Processing /home/airflow/.local/lib/python3.12/site-packages/airflow/example_dags/example_complex.py took 0.324 seconds
[2025-08-20T20:20:02.583+0000] {processor.py:186} INFO - Started process (PID=283) to work on /home/airflow/.local/lib/python3.12/site-packages/airflow/example_dags/example_complex.py
[2025-08-20T20:20:02.588+0000] {processor.py:914} INFO - Processing file /home/airflow/.local/lib/python3.12/site-packages/airflow/example_dags/example_complex.py for tasks to queue
[2025-08-20T20:20:02.590+0000] {logging_mixin.py:190} INFO - [2025-08-20T20:20:02.590+0000] {dagbag.py:587} INFO - Filling up the DagBag from /home/airflow/.local/lib/python3.12/site-packages/airflow/example_dags/example_complex.py
[2025-08-20T20:20:02.607+0000] {processor.py:925} INFO - DAG(s) 'example_complex' retrieved from /home/airflow/.local/lib/python3.12/site-packages/airflow/example_dags/example_complex.py
[2025-08-20T20:20:02.680+0000] {logging_mixin.py:190} INFO - [2025-08-20T20:20:02.678+0000] {dag.py:3229} INFO - Sync 1 DAGs
[2025-08-20T20:20:02.694+0000] {logging_mixin.py:190} INFO - [2025-08-20T20:20:02.694+0000] {dag.py:4156} INFO - Setting next_dagrun for example_complex to None, run_after=None
[2025-08-20T20:20:02.726+0000] {processor.py:208} INFO - Processing /home/airflow/.local/lib/python3.12/site-packages/airflow/example_dags/example_complex.py took 0.164 seconds
[2025-08-20T20:20:40.884+0000] {processor.py:186} INFO - Started process (PID=345) to work on /home/airflow/.local/lib/python3.12/site-packages/airflow/example_dags/example_complex.py
[2025-08-20T20:20:40.887+0000] {processor.py:914} INFO - Processing file /home/airflow/.local/lib/python3.12/site-packages/airflow/example_dags/example_complex.py for tasks to queue
[2025-08-20T20:20:40.889+0000] {logging_mixin.py:190} INFO - [2025-08-20T20:20:40.889+0000] {dagbag.py:587} INFO - Filling up the DagBag from /home/airflow/.local/lib/python3.12/site-packages/airflow/example_dags/example_complex.py
[2025-08-20T20:20:40.914+0000] {processor.py:925} INFO - DAG(s) 'example_complex' retrieved from /home/airflow/.local/lib/python3.12/site-packages/airflow/example_dags/example_complex.py
[2025-08-20T20:20:40.957+0000] {logging_mixin.py:190} INFO - [2025-08-20T20:20:40.956+0000] {dag.py:3229} INFO - Sync 1 DAGs
[2025-08-20T20:20:40.976+0000] {logging_mixin.py:190} INFO - [2025-08-20T20:20:40.976+0000] {dag.py:4156} INFO - Setting next_dagrun for example_complex to None, run_after=None
[2025-08-20T20:20:41.008+0000] {processor.py:208} INFO - Processing /home/airflow/.local/lib/python3.12/site-packages/airflow/example_dags/example_complex.py took 0.171 seconds
[2025-08-20T20:21:12.841+0000] {processor.py:186} INFO - Started process (PID=406) to work on /home/airflow/.local/lib/python3.12/site-packages/airflow/example_dags/example_complex.py
[2025-08-20T20:21:12.845+0000] {processor.py:914} INFO - Processing file /home/airflow/.local/lib/python3.12/site-packages/airflow/example_dags/example_complex.py for tasks to queue
[2025-08-20T20:21:12.855+0000] {logging_mixin.py:190} INFO - [2025-08-20T20:21:12.853+0000] {dagbag.py:587} INFO - Filling up the DagBag from /home/airflow/.local/lib/python3.12/site-packages/airflow/example_dags/example_complex.py
[2025-08-20T20:21:12.897+0000] {processor.py:925} INFO - DAG(s) 'example_complex' retrieved from /home/airflow/.local/lib/python3.12/site-packages/airflow/example_dags/example_complex.py
[2025-08-20T20:21:12.990+0000] {logging_mixin.py:190} INFO - [2025-08-20T20:21:12.990+0000] {dag.py:3229} INFO - Sync 1 DAGs
[2025-08-20T20:21:13.007+0000] {logging_mixin.py:190} INFO - [2025-08-20T20:21:13.006+0000] {dag.py:4156} INFO - Setting next_dagrun for example_complex to None, run_after=None
[2025-08-20T20:21:13.020+0000] {processor.py:208} INFO - Processing /home/airflow/.local/lib/python3.12/site-packages/airflow/example_dags/example_complex.py took 0.201 seconds
[2025-08-20T20:21:44.020+0000] {processor.py:186} INFO - Started process (PID=468) to work on /home/airflow/.local/lib/python3.12/site-packages/airflow/example_dags/example_complex.py
[2025-08-20T20:21:44.024+0000] {processor.py:914} INFO - Processing file /home/airflow/.local/lib/python3.12/site-packages/airflow/example_dags/example_complex.py for tasks to queue
[2025-08-20T20:21:44.030+0000] {logging_mixin.py:190} INFO - [2025-08-20T20:21:44.029+0000] {dagbag.py:587} INFO - Filling up the DagBag from /home/airflow/.local/lib/python3.12/site-packages/airflow/example_dags/example_complex.py
[2025-08-20T20:21:44.049+0000] {processor.py:925} INFO - DAG(s) 'example_complex' retrieved from /home/airflow/.local/lib/python3.12/site-packages/airflow/example_dags/example_complex.py
[2025-08-20T20:21:44.122+0000] {logging_mixin.py:190} INFO - [2025-08-20T20:21:44.121+0000] {dag.py:3229} INFO - Sync 1 DAGs
[2025-08-20T20:21:44.172+0000] {logging_mixin.py:190} INFO - [2025-08-20T20:21:44.172+0000] {dag.py:4156} INFO - Setting next_dagrun for example_complex to None, run_after=None
[2025-08-20T20:21:44.196+0000] {processor.py:208} INFO - Processing /home/airflow/.local/lib/python3.12/site-packages/airflow/example_dags/example_complex.py took 0.209 seconds
[2025-08-20T20:22:15.545+0000] {processor.py:186} INFO - Started process (PID=530) to work on /home/airflow/.local/lib/python3.12/site-packages/airflow/example_dags/example_complex.py
[2025-08-20T20:22:15.564+0000] {processor.py:914} INFO - Processing file /home/airflow/.local/lib/python3.12/site-packages/airflow/example_dags/example_complex.py for tasks to queue
[2025-08-20T20:22:15.582+0000] {logging_mixin.py:190} INFO - [2025-08-20T20:22:15.580+0000] {dagbag.py:587} INFO - Filling up the DagBag from /home/airflow/.local/lib/python3.12/site-packages/airflow/example_dags/example_complex.py
[2025-08-20T20:22:15.636+0000] {processor.py:925} INFO - DAG(s) 'example_complex' retrieved from /home/airflow/.local/lib/python3.12/site-packages/airflow/example_dags/example_complex.py
[2025-08-20T20:22:15.784+0000] {logging_mixin.py:190} INFO - [2025-08-20T20:22:15.783+0000] {dag.py:3229} INFO - Sync 1 DAGs
[2025-08-20T20:22:15.827+0000] {logging_mixin.py:190} INFO - [2025-08-20T20:22:15.827+0000] {dag.py:4156} INFO - Setting next_dagrun for example_complex to None, run_after=None
[2025-08-20T20:22:15.870+0000] {processor.py:208} INFO - Processing /home/airflow/.local/lib/python3.12/site-packages/airflow/example_dags/example_complex.py took 0.353 seconds
[2025-08-20T20:22:47.068+0000] {processor.py:186} INFO - Started process (PID=592) to work on /home/airflow/.local/lib/python3.12/site-packages/airflow/example_dags/example_complex.py
[2025-08-20T20:22:47.072+0000] {processor.py:914} INFO - Processing file /home/airflow/.local/lib/python3.12/site-packages/airflow/example_dags/example_complex.py for tasks to queue
[2025-08-20T20:22:47.075+0000] {logging_mixin.py:190} INFO - [2025-08-20T20:22:47.074+0000] {dagbag.py:587} INFO - Filling up the DagBag from /home/airflow/.local/lib/python3.12/site-packages/airflow/example_dags/example_complex.py
[2025-08-20T20:22:47.090+0000] {processor.py:925} INFO - DAG(s) 'example_complex' retrieved from /home/airflow/.local/lib/python3.12/site-packages/airflow/example_dags/example_complex.py
[2025-08-20T20:22:47.160+0000] {logging_mixin.py:190} INFO - [2025-08-20T20:22:47.159+0000] {dag.py:3229} INFO - Sync 1 DAGs
[2025-08-20T20:22:47.174+0000] {logging_mixin.py:190} INFO - [2025-08-20T20:22:47.174+0000] {dag.py:4156} INFO - Setting next_dagrun for example_complex to None, run_after=None
[2025-08-20T20:22:47.216+0000] {processor.py:208} INFO - Processing /home/airflow/.local/lib/python3.12/site-packages/airflow/example_dags/example_complex.py took 0.162 seconds
[2025-08-20T20:23:19.569+0000] {processor.py:186} INFO - Started process (PID=654) to work on /home/airflow/.local/lib/python3.12/site-packages/airflow/example_dags/example_complex.py
[2025-08-20T20:23:19.571+0000] {processor.py:914} INFO - Processing file /home/airflow/.local/lib/python3.12/site-packages/airflow/example_dags/example_complex.py for tasks to queue
[2025-08-20T20:23:19.573+0000] {logging_mixin.py:190} INFO - [2025-08-20T20:23:19.573+0000] {dagbag.py:587} INFO - Filling up the DagBag from /home/airflow/.local/lib/python3.12/site-packages/airflow/example_dags/example_complex.py
[2025-08-20T20:23:19.582+0000] {processor.py:925} INFO - DAG(s) 'example_complex' retrieved from /home/airflow/.local/lib/python3.12/site-packages/airflow/example_dags/example_complex.py
[2025-08-20T20:23:19.619+0000] {logging_mixin.py:190} INFO - [2025-08-20T20:23:19.619+0000] {dag.py:3229} INFO - Sync 1 DAGs
[2025-08-20T20:23:19.645+0000] {logging_mixin.py:190} INFO - [2025-08-20T20:23:19.645+0000] {dag.py:4156} INFO - Setting next_dagrun for example_complex to None, run_after=None
[2025-08-20T20:23:19.661+0000] {processor.py:208} INFO - Processing /home/airflow/.local/lib/python3.12/site-packages/airflow/example_dags/example_complex.py took 0.097 seconds
[2025-08-20T20:23:51.590+0000] {processor.py:186} INFO - Started process (PID=716) to work on /home/airflow/.local/lib/python3.12/site-packages/airflow/example_dags/example_complex.py
[2025-08-20T20:23:51.594+0000] {processor.py:914} INFO - Processing file /home/airflow/.local/lib/python3.12/site-packages/airflow/example_dags/example_complex.py for tasks to queue
[2025-08-20T20:23:51.601+0000] {logging_mixin.py:190} INFO - [2025-08-20T20:23:51.600+0000] {dagbag.py:587} INFO - Filling up the DagBag from /home/airflow/.local/lib/python3.12/site-packages/airflow/example_dags/example_complex.py
[2025-08-20T20:23:51.629+0000] {processor.py:925} INFO - DAG(s) 'example_complex' retrieved from /home/airflow/.local/lib/python3.12/site-packages/airflow/example_dags/example_complex.py
[2025-08-20T20:23:51.699+0000] {logging_mixin.py:190} INFO - [2025-08-20T20:23:51.698+0000] {dag.py:3229} INFO - Sync 1 DAGs
[2025-08-20T20:23:51.723+0000] {logging_mixin.py:190} INFO - [2025-08-20T20:23:51.723+0000] {dag.py:4156} INFO - Setting next_dagrun for example_complex to None, run_after=None
[2025-08-20T20:23:51.741+0000] {processor.py:208} INFO - Processing /home/airflow/.local/lib/python3.12/site-packages/airflow/example_dags/example_complex.py took 0.173 seconds
[2025-08-20T20:24:23.621+0000] {processor.py:186} INFO - Started process (PID=778) to work on /home/airflow/.local/lib/python3.12/site-packages/airflow/example_dags/example_complex.py
[2025-08-20T20:24:23.622+0000] {processor.py:914} INFO - Processing file /home/airflow/.local/lib/python3.12/site-packages/airflow/example_dags/example_complex.py for tasks to queue
[2025-08-20T20:24:23.624+0000] {logging_mixin.py:190} INFO - [2025-08-20T20:24:23.624+0000] {dagbag.py:587} INFO - Filling up the DagBag from /home/airflow/.local/lib/python3.12/site-packages/airflow/example_dags/example_complex.py
[2025-08-20T20:24:23.634+0000] {processor.py:925} INFO - DAG(s) 'example_complex' retrieved from /home/airflow/.local/lib/python3.12/site-packages/airflow/example_dags/example_complex.py
[2025-08-20T20:24:23.662+0000] {logging_mixin.py:190} INFO - [2025-08-20T20:24:23.662+0000] {dag.py:3229} INFO - Sync 1 DAGs
[2025-08-20T20:24:23.671+0000] {logging_mixin.py:190} INFO - [2025-08-20T20:24:23.670+0000] {dag.py:4156} INFO - Setting next_dagrun for example_complex to None, run_after=None
[2025-08-20T20:24:23.687+0000] {processor.py:208} INFO - Processing /home/airflow/.local/lib/python3.12/site-packages/airflow/example_dags/example_complex.py took 0.079 seconds
[2025-08-20T20:24:54.223+0000] {processor.py:186} INFO - Started process (PID=839) to work on /home/airflow/.local/lib/python3.12/site-packages/airflow/example_dags/example_complex.py
[2025-08-20T20:24:54.225+0000] {processor.py:914} INFO - Processing file /home/airflow/.local/lib/python3.12/site-packages/airflow/example_dags/example_complex.py for tasks to queue
[2025-08-20T20:24:54.228+0000] {logging_mixin.py:190} INFO - [2025-08-20T20:24:54.227+0000] {dagbag.py:587} INFO - Filling up the DagBag from /home/airflow/.local/lib/python3.12/site-packages/airflow/example_dags/example_complex.py
[2025-08-20T20:24:54.236+0000] {processor.py:925} INFO - DAG(s) 'example_complex' retrieved from /home/airflow/.local/lib/python3.12/site-packages/airflow/example_dags/example_complex.py
[2025-08-20T20:24:54.272+0000] {logging_mixin.py:190} INFO - [2025-08-20T20:24:54.272+0000] {dag.py:3229} INFO - Sync 1 DAGs
[2025-08-20T20:24:54.297+0000] {logging_mixin.py:190} INFO - [2025-08-20T20:24:54.296+0000] {dag.py:4156} INFO - Setting next_dagrun for example_complex to None, run_after=None
[2025-08-20T20:24:54.353+0000] {processor.py:208} INFO - Processing /home/airflow/.local/lib/python3.12/site-packages/airflow/example_dags/example_complex.py took 0.135 seconds
[2025-08-20T20:25:24.850+0000] {processor.py:186} INFO - Started process (PID=901) to work on /home/airflow/.local/lib/python3.12/site-packages/airflow/example_dags/example_complex.py
[2025-08-20T20:25:24.852+0000] {processor.py:914} INFO - Processing file /home/airflow/.local/lib/python3.12/site-packages/airflow/example_dags/example_complex.py for tasks to queue
[2025-08-20T20:25:24.853+0000] {logging_mixin.py:190} INFO - [2025-08-20T20:25:24.853+0000] {dagbag.py:587} INFO - Filling up the DagBag from /home/airflow/.local/lib/python3.12/site-packages/airflow/example_dags/example_complex.py
[2025-08-20T20:25:24.863+0000] {processor.py:925} INFO - DAG(s) 'example_complex' retrieved from /home/airflow/.local/lib/python3.12/site-packages/airflow/example_dags/example_complex.py
[2025-08-20T20:25:24.895+0000] {logging_mixin.py:190} INFO - [2025-08-20T20:25:24.894+0000] {dag.py:3229} INFO - Sync 1 DAGs
[2025-08-20T20:25:24.904+0000] {logging_mixin.py:190} INFO - [2025-08-20T20:25:24.904+0000] {dag.py:4156} INFO - Setting next_dagrun for example_complex to None, run_after=None
[2025-08-20T20:25:24.914+0000] {processor.py:208} INFO - Processing /home/airflow/.local/lib/python3.12/site-packages/airflow/example_dags/example_complex.py took 0.067 seconds
[2025-08-20T20:25:55.405+0000] {processor.py:186} INFO - Started process (PID=963) to work on /home/airflow/.local/lib/python3.12/site-packages/airflow/example_dags/example_complex.py
[2025-08-20T20:25:55.409+0000] {processor.py:914} INFO - Processing file /home/airflow/.local/lib/python3.12/site-packages/airflow/example_dags/example_complex.py for tasks to queue
[2025-08-20T20:25:55.412+0000] {logging_mixin.py:190} INFO - [2025-08-20T20:25:55.412+0000] {dagbag.py:587} INFO - Filling up the DagBag from /home/airflow/.local/lib/python3.12/site-packages/airflow/example_dags/example_complex.py
[2025-08-20T20:25:55.420+0000] {processor.py:925} INFO - DAG(s) 'example_complex' retrieved from /home/airflow/.local/lib/python3.12/site-packages/airflow/example_dags/example_complex.py
[2025-08-20T20:25:55.438+0000] {logging_mixin.py:190} INFO - [2025-08-20T20:25:55.438+0000] {dag.py:3229} INFO - Sync 1 DAGs
[2025-08-20T20:25:55.449+0000] {logging_mixin.py:190} INFO - [2025-08-20T20:25:55.449+0000] {dag.py:4156} INFO - Setting next_dagrun for example_complex to None, run_after=None
[2025-08-20T20:25:55.462+0000] {processor.py:208} INFO - Processing /home/airflow/.local/lib/python3.12/site-packages/airflow/example_dags/example_complex.py took 0.060 seconds
[2025-08-20T20:26:26.081+0000] {processor.py:186} INFO - Started process (PID=1025) to work on /home/airflow/.local/lib/python3.12/site-packages/airflow/example_dags/example_complex.py
[2025-08-20T20:26:26.084+0000] {processor.py:914} INFO - Processing file /home/airflow/.local/lib/python3.12/site-packages/airflow/example_dags/example_complex.py for tasks to queue
[2025-08-20T20:26:26.086+0000] {logging_mixin.py:190} INFO - [2025-08-20T20:26:26.086+0000] {dagbag.py:587} INFO - Filling up the DagBag from /home/airflow/.local/lib/python3.12/site-packages/airflow/example_dags/example_complex.py
[2025-08-20T20:26:26.095+0000] {processor.py:925} INFO - DAG(s) 'example_complex' retrieved from /home/airflow/.local/lib/python3.12/site-packages/airflow/example_dags/example_complex.py
[2025-08-20T20:26:26.114+0000] {logging_mixin.py:190} INFO - [2025-08-20T20:26:26.114+0000] {dag.py:3229} INFO - Sync 1 DAGs
[2025-08-20T20:26:26.122+0000] {logging_mixin.py:190} INFO - [2025-08-20T20:26:26.121+0000] {dag.py:4156} INFO - Setting next_dagrun for example_complex to None, run_after=None
[2025-08-20T20:26:26.141+0000] {processor.py:208} INFO - Processing /home/airflow/.local/lib/python3.12/site-packages/airflow/example_dags/example_complex.py took 0.063 seconds
[2025-08-20T20:26:57.341+0000] {processor.py:186} INFO - Started process (PID=1087) to work on /home/airflow/.local/lib/python3.12/site-packages/airflow/example_dags/example_complex.py
[2025-08-20T20:26:57.343+0000] {processor.py:914} INFO - Processing file /home/airflow/.local/lib/python3.12/site-packages/airflow/example_dags/example_complex.py for tasks to queue
[2025-08-20T20:26:57.345+0000] {logging_mixin.py:190} INFO - [2025-08-20T20:26:57.345+0000] {dagbag.py:587} INFO - Filling up the DagBag from /home/airflow/.local/lib/python3.12/site-packages/airflow/example_dags/example_complex.py
[2025-08-20T20:26:57.356+0000] {processor.py:925} INFO - DAG(s) 'example_complex' retrieved from /home/airflow/.local/lib/python3.12/site-packages/airflow/example_dags/example_complex.py
[2025-08-20T20:26:57.377+0000] {logging_mixin.py:190} INFO - [2025-08-20T20:26:57.377+0000] {dag.py:3229} INFO - Sync 1 DAGs
[2025-08-20T20:26:57.385+0000] {logging_mixin.py:190} INFO - [2025-08-20T20:26:57.385+0000] {dag.py:4156} INFO - Setting next_dagrun for example_complex to None, run_after=None
[2025-08-20T20:26:57.395+0000] {processor.py:208} INFO - Processing /home/airflow/.local/lib/python3.12/site-packages/airflow/example_dags/example_complex.py took 0.058 seconds
