[2025-08-20T20:18:36.138+0000] {processor.py:186} INFO - Started process (PID=110) to work on /home/airflow/.local/lib/python3.12/site-packages/airflow/example_dags/example_trigger_target_dag.py
[2025-08-20T20:18:36.141+0000] {processor.py:914} INFO - Processing file /home/airflow/.local/lib/python3.12/site-packages/airflow/example_dags/example_trigger_target_dag.py for tasks to queue
[2025-08-20T20:18:36.146+0000] {logging_mixin.py:190} INFO - [2025-08-20T20:18:36.145+0000] {dagbag.py:587} INFO - Filling up the DagBag from /home/airflow/.local/lib/python3.12/site-packages/airflow/example_dags/example_trigger_target_dag.py
[2025-08-20T20:18:36.232+0000] {processor.py:925} INFO - DAG(s) 'example_trigger_target_dag' retrieved from /home/airflow/.local/lib/python3.12/site-packages/airflow/example_dags/example_trigger_target_dag.py
[2025-08-20T20:18:36.927+0000] {logging_mixin.py:190} INFO - [2025-08-20T20:18:36.917+0000] {override.py:1900} INFO - Created Permission View: can read on DAG:example_trigger_target_dag
[2025-08-20T20:18:36.950+0000] {logging_mixin.py:190} INFO - [2025-08-20T20:18:36.950+0000] {override.py:1900} INFO - Created Permission View: can delete on DAG:example_trigger_target_dag
[2025-08-20T20:18:36.963+0000] {logging_mixin.py:190} INFO - [2025-08-20T20:18:36.962+0000] {override.py:1900} INFO - Created Permission View: can edit on DAG:example_trigger_target_dag
[2025-08-20T20:18:36.983+0000] {logging_mixin.py:190} INFO - [2025-08-20T20:18:36.981+0000] {override.py:1900} INFO - Created Permission View: can read on DAG Run:example_trigger_target_dag
[2025-08-20T20:18:36.995+0000] {logging_mixin.py:190} INFO - [2025-08-20T20:18:36.994+0000] {override.py:1900} INFO - Created Permission View: menu access on DAG Run:example_trigger_target_dag
[2025-08-20T20:18:37.010+0000] {logging_mixin.py:190} INFO - [2025-08-20T20:18:37.008+0000] {override.py:1900} INFO - Created Permission View: can delete on DAG Run:example_trigger_target_dag
[2025-08-20T20:18:37.024+0000] {logging_mixin.py:190} INFO - [2025-08-20T20:18:37.024+0000] {override.py:1900} INFO - Created Permission View: can create on DAG Run:example_trigger_target_dag
[2025-08-20T20:18:37.026+0000] {logging_mixin.py:190} INFO - [2025-08-20T20:18:37.025+0000] {dag.py:3229} INFO - Sync 1 DAGs
[2025-08-20T20:18:37.075+0000] {logging_mixin.py:190} INFO - [2025-08-20T20:18:37.074+0000] {dag.py:3252} INFO - Creating ORM DAG for example_trigger_target_dag
[2025-08-20T20:18:37.079+0000] {logging_mixin.py:190} INFO - [2025-08-20T20:18:37.079+0000] {dag.py:4156} INFO - Setting next_dagrun for example_trigger_target_dag to None, run_after=None
[2025-08-20T20:18:37.131+0000] {processor.py:208} INFO - Processing /home/airflow/.local/lib/python3.12/site-packages/airflow/example_dags/example_trigger_target_dag.py took 1.007 seconds
[2025-08-20T20:19:07.297+0000] {processor.py:186} INFO - Started process (PID=171) to work on /home/airflow/.local/lib/python3.12/site-packages/airflow/example_dags/example_trigger_target_dag.py
[2025-08-20T20:19:07.300+0000] {processor.py:914} INFO - Processing file /home/airflow/.local/lib/python3.12/site-packages/airflow/example_dags/example_trigger_target_dag.py for tasks to queue
[2025-08-20T20:19:07.358+0000] {logging_mixin.py:190} INFO - [2025-08-20T20:19:07.355+0000] {dagbag.py:587} INFO - Filling up the DagBag from /home/airflow/.local/lib/python3.12/site-packages/airflow/example_dags/example_trigger_target_dag.py
[2025-08-20T20:19:07.498+0000] {processor.py:925} INFO - DAG(s) 'example_trigger_target_dag' retrieved from /home/airflow/.local/lib/python3.12/site-packages/airflow/example_dags/example_trigger_target_dag.py
[2025-08-20T20:19:07.624+0000] {logging_mixin.py:190} INFO - [2025-08-20T20:19:07.623+0000] {dag.py:3229} INFO - Sync 1 DAGs
[2025-08-20T20:19:07.790+0000] {logging_mixin.py:190} INFO - [2025-08-20T20:19:07.790+0000] {dag.py:4156} INFO - Setting next_dagrun for example_trigger_target_dag to None, run_after=None
[2025-08-20T20:19:08.046+0000] {processor.py:208} INFO - Processing /home/airflow/.local/lib/python3.12/site-packages/airflow/example_dags/example_trigger_target_dag.py took 0.763 seconds
[2025-08-20T20:19:38.399+0000] {processor.py:186} INFO - Started process (PID=234) to work on /home/airflow/.local/lib/python3.12/site-packages/airflow/example_dags/example_trigger_target_dag.py
[2025-08-20T20:19:38.402+0000] {processor.py:914} INFO - Processing file /home/airflow/.local/lib/python3.12/site-packages/airflow/example_dags/example_trigger_target_dag.py for tasks to queue
[2025-08-20T20:19:38.428+0000] {logging_mixin.py:190} INFO - [2025-08-20T20:19:38.426+0000] {dagbag.py:587} INFO - Filling up the DagBag from /home/airflow/.local/lib/python3.12/site-packages/airflow/example_dags/example_trigger_target_dag.py
[2025-08-20T20:19:38.496+0000] {processor.py:925} INFO - DAG(s) 'example_trigger_target_dag' retrieved from /home/airflow/.local/lib/python3.12/site-packages/airflow/example_dags/example_trigger_target_dag.py
[2025-08-20T20:19:38.580+0000] {logging_mixin.py:190} INFO - [2025-08-20T20:19:38.579+0000] {dag.py:3229} INFO - Sync 1 DAGs
[2025-08-20T20:19:38.657+0000] {logging_mixin.py:190} INFO - [2025-08-20T20:19:38.656+0000] {dag.py:4156} INFO - Setting next_dagrun for example_trigger_target_dag to None, run_after=None
[2025-08-20T20:19:38.713+0000] {processor.py:208} INFO - Processing /home/airflow/.local/lib/python3.12/site-packages/airflow/example_dags/example_trigger_target_dag.py took 0.354 seconds
[2025-08-20T20:20:09.118+0000] {processor.py:186} INFO - Started process (PID=296) to work on /home/airflow/.local/lib/python3.12/site-packages/airflow/example_dags/example_trigger_target_dag.py
[2025-08-20T20:20:09.120+0000] {processor.py:914} INFO - Processing file /home/airflow/.local/lib/python3.12/site-packages/airflow/example_dags/example_trigger_target_dag.py for tasks to queue
[2025-08-20T20:20:09.124+0000] {logging_mixin.py:190} INFO - [2025-08-20T20:20:09.124+0000] {dagbag.py:587} INFO - Filling up the DagBag from /home/airflow/.local/lib/python3.12/site-packages/airflow/example_dags/example_trigger_target_dag.py
[2025-08-20T20:20:09.130+0000] {processor.py:925} INFO - DAG(s) 'example_trigger_target_dag' retrieved from /home/airflow/.local/lib/python3.12/site-packages/airflow/example_dags/example_trigger_target_dag.py
[2025-08-20T20:20:09.142+0000] {logging_mixin.py:190} INFO - [2025-08-20T20:20:09.141+0000] {dag.py:3229} INFO - Sync 1 DAGs
[2025-08-20T20:20:09.154+0000] {logging_mixin.py:190} INFO - [2025-08-20T20:20:09.154+0000] {dag.py:4156} INFO - Setting next_dagrun for example_trigger_target_dag to None, run_after=None
[2025-08-20T20:20:09.165+0000] {processor.py:208} INFO - Processing /home/airflow/.local/lib/python3.12/site-packages/airflow/example_dags/example_trigger_target_dag.py took 0.051 seconds
[2025-08-20T20:20:42.442+0000] {processor.py:186} INFO - Started process (PID=358) to work on /home/airflow/.local/lib/python3.12/site-packages/airflow/example_dags/example_trigger_target_dag.py
[2025-08-20T20:20:42.451+0000] {processor.py:914} INFO - Processing file /home/airflow/.local/lib/python3.12/site-packages/airflow/example_dags/example_trigger_target_dag.py for tasks to queue
[2025-08-20T20:20:42.453+0000] {logging_mixin.py:190} INFO - [2025-08-20T20:20:42.453+0000] {dagbag.py:587} INFO - Filling up the DagBag from /home/airflow/.local/lib/python3.12/site-packages/airflow/example_dags/example_trigger_target_dag.py
[2025-08-20T20:20:42.466+0000] {processor.py:925} INFO - DAG(s) 'example_trigger_target_dag' retrieved from /home/airflow/.local/lib/python3.12/site-packages/airflow/example_dags/example_trigger_target_dag.py
[2025-08-20T20:20:42.487+0000] {logging_mixin.py:190} INFO - [2025-08-20T20:20:42.486+0000] {dag.py:3229} INFO - Sync 1 DAGs
[2025-08-20T20:20:42.499+0000] {logging_mixin.py:190} INFO - [2025-08-20T20:20:42.498+0000] {dag.py:4156} INFO - Setting next_dagrun for example_trigger_target_dag to None, run_after=None
[2025-08-20T20:20:42.518+0000] {processor.py:208} INFO - Processing /home/airflow/.local/lib/python3.12/site-packages/airflow/example_dags/example_trigger_target_dag.py took 0.082 seconds
[2025-08-20T20:21:17.149+0000] {processor.py:186} INFO - Started process (PID=420) to work on /home/airflow/.local/lib/python3.12/site-packages/airflow/example_dags/example_trigger_target_dag.py
[2025-08-20T20:21:17.153+0000] {processor.py:914} INFO - Processing file /home/airflow/.local/lib/python3.12/site-packages/airflow/example_dags/example_trigger_target_dag.py for tasks to queue
[2025-08-20T20:21:17.157+0000] {logging_mixin.py:190} INFO - [2025-08-20T20:21:17.157+0000] {dagbag.py:587} INFO - Filling up the DagBag from /home/airflow/.local/lib/python3.12/site-packages/airflow/example_dags/example_trigger_target_dag.py
[2025-08-20T20:21:17.179+0000] {processor.py:925} INFO - DAG(s) 'example_trigger_target_dag' retrieved from /home/airflow/.local/lib/python3.12/site-packages/airflow/example_dags/example_trigger_target_dag.py
[2025-08-20T20:21:17.344+0000] {logging_mixin.py:190} INFO - [2025-08-20T20:21:17.344+0000] {dag.py:3229} INFO - Sync 1 DAGs
[2025-08-20T20:21:17.430+0000] {logging_mixin.py:190} INFO - [2025-08-20T20:21:17.430+0000] {dag.py:4156} INFO - Setting next_dagrun for example_trigger_target_dag to None, run_after=None
[2025-08-20T20:21:17.448+0000] {processor.py:208} INFO - Processing /home/airflow/.local/lib/python3.12/site-packages/airflow/example_dags/example_trigger_target_dag.py took 0.310 seconds
[2025-08-20T20:21:50.507+0000] {processor.py:186} INFO - Started process (PID=482) to work on /home/airflow/.local/lib/python3.12/site-packages/airflow/example_dags/example_trigger_target_dag.py
[2025-08-20T20:21:50.510+0000] {processor.py:914} INFO - Processing file /home/airflow/.local/lib/python3.12/site-packages/airflow/example_dags/example_trigger_target_dag.py for tasks to queue
[2025-08-20T20:21:50.516+0000] {logging_mixin.py:190} INFO - [2025-08-20T20:21:50.515+0000] {dagbag.py:587} INFO - Filling up the DagBag from /home/airflow/.local/lib/python3.12/site-packages/airflow/example_dags/example_trigger_target_dag.py
[2025-08-20T20:21:50.613+0000] {processor.py:925} INFO - DAG(s) 'example_trigger_target_dag' retrieved from /home/airflow/.local/lib/python3.12/site-packages/airflow/example_dags/example_trigger_target_dag.py
[2025-08-20T20:21:50.643+0000] {logging_mixin.py:190} INFO - [2025-08-20T20:21:50.643+0000] {dag.py:3229} INFO - Sync 1 DAGs
[2025-08-20T20:21:50.657+0000] {logging_mixin.py:190} INFO - [2025-08-20T20:21:50.657+0000] {dag.py:4156} INFO - Setting next_dagrun for example_trigger_target_dag to None, run_after=None
[2025-08-20T20:21:50.679+0000] {processor.py:208} INFO - Processing /home/airflow/.local/lib/python3.12/site-packages/airflow/example_dags/example_trigger_target_dag.py took 0.179 seconds
[2025-08-20T20:22:22.621+0000] {processor.py:186} INFO - Started process (PID=544) to work on /home/airflow/.local/lib/python3.12/site-packages/airflow/example_dags/example_trigger_target_dag.py
[2025-08-20T20:22:22.623+0000] {processor.py:914} INFO - Processing file /home/airflow/.local/lib/python3.12/site-packages/airflow/example_dags/example_trigger_target_dag.py for tasks to queue
[2025-08-20T20:22:22.625+0000] {logging_mixin.py:190} INFO - [2025-08-20T20:22:22.625+0000] {dagbag.py:587} INFO - Filling up the DagBag from /home/airflow/.local/lib/python3.12/site-packages/airflow/example_dags/example_trigger_target_dag.py
[2025-08-20T20:22:22.633+0000] {processor.py:925} INFO - DAG(s) 'example_trigger_target_dag' retrieved from /home/airflow/.local/lib/python3.12/site-packages/airflow/example_dags/example_trigger_target_dag.py
[2025-08-20T20:22:22.663+0000] {logging_mixin.py:190} INFO - [2025-08-20T20:22:22.663+0000] {dag.py:3229} INFO - Sync 1 DAGs
[2025-08-20T20:22:22.677+0000] {logging_mixin.py:190} INFO - [2025-08-20T20:22:22.677+0000] {dag.py:4156} INFO - Setting next_dagrun for example_trigger_target_dag to None, run_after=None
[2025-08-20T20:22:22.702+0000] {processor.py:208} INFO - Processing /home/airflow/.local/lib/python3.12/site-packages/airflow/example_dags/example_trigger_target_dag.py took 0.092 seconds
[2025-08-20T20:22:54.151+0000] {processor.py:186} INFO - Started process (PID=606) to work on /home/airflow/.local/lib/python3.12/site-packages/airflow/example_dags/example_trigger_target_dag.py
[2025-08-20T20:22:54.154+0000] {processor.py:914} INFO - Processing file /home/airflow/.local/lib/python3.12/site-packages/airflow/example_dags/example_trigger_target_dag.py for tasks to queue
[2025-08-20T20:22:54.161+0000] {logging_mixin.py:190} INFO - [2025-08-20T20:22:54.160+0000] {dagbag.py:587} INFO - Filling up the DagBag from /home/airflow/.local/lib/python3.12/site-packages/airflow/example_dags/example_trigger_target_dag.py
[2025-08-20T20:22:54.175+0000] {processor.py:925} INFO - DAG(s) 'example_trigger_target_dag' retrieved from /home/airflow/.local/lib/python3.12/site-packages/airflow/example_dags/example_trigger_target_dag.py
[2025-08-20T20:22:54.263+0000] {logging_mixin.py:190} INFO - [2025-08-20T20:22:54.262+0000] {dag.py:3229} INFO - Sync 1 DAGs
[2025-08-20T20:22:54.297+0000] {logging_mixin.py:190} INFO - [2025-08-20T20:22:54.297+0000] {dag.py:4156} INFO - Setting next_dagrun for example_trigger_target_dag to None, run_after=None
[2025-08-20T20:22:54.343+0000] {processor.py:208} INFO - Processing /home/airflow/.local/lib/python3.12/site-packages/airflow/example_dags/example_trigger_target_dag.py took 0.204 seconds
[2025-08-20T20:23:29.522+0000] {processor.py:186} INFO - Started process (PID=673) to work on /home/airflow/.local/lib/python3.12/site-packages/airflow/example_dags/example_trigger_target_dag.py
[2025-08-20T20:23:29.526+0000] {processor.py:914} INFO - Processing file /home/airflow/.local/lib/python3.12/site-packages/airflow/example_dags/example_trigger_target_dag.py for tasks to queue
[2025-08-20T20:23:29.530+0000] {logging_mixin.py:190} INFO - [2025-08-20T20:23:29.529+0000] {dagbag.py:587} INFO - Filling up the DagBag from /home/airflow/.local/lib/python3.12/site-packages/airflow/example_dags/example_trigger_target_dag.py
[2025-08-20T20:23:29.546+0000] {processor.py:925} INFO - DAG(s) 'example_trigger_target_dag' retrieved from /home/airflow/.local/lib/python3.12/site-packages/airflow/example_dags/example_trigger_target_dag.py
[2025-08-20T20:23:29.583+0000] {logging_mixin.py:190} INFO - [2025-08-20T20:23:29.583+0000] {dag.py:3229} INFO - Sync 1 DAGs
[2025-08-20T20:23:29.601+0000] {logging_mixin.py:190} INFO - [2025-08-20T20:23:29.600+0000] {dag.py:4156} INFO - Setting next_dagrun for example_trigger_target_dag to None, run_after=None
[2025-08-20T20:23:29.622+0000] {processor.py:208} INFO - Processing /home/airflow/.local/lib/python3.12/site-packages/airflow/example_dags/example_trigger_target_dag.py took 0.107 seconds
[2025-08-20T20:24:00.067+0000] {processor.py:186} INFO - Started process (PID=735) to work on /home/airflow/.local/lib/python3.12/site-packages/airflow/example_dags/example_trigger_target_dag.py
[2025-08-20T20:24:00.070+0000] {processor.py:914} INFO - Processing file /home/airflow/.local/lib/python3.12/site-packages/airflow/example_dags/example_trigger_target_dag.py for tasks to queue
[2025-08-20T20:24:00.074+0000] {logging_mixin.py:190} INFO - [2025-08-20T20:24:00.074+0000] {dagbag.py:587} INFO - Filling up the DagBag from /home/airflow/.local/lib/python3.12/site-packages/airflow/example_dags/example_trigger_target_dag.py
[2025-08-20T20:24:00.093+0000] {processor.py:925} INFO - DAG(s) 'example_trigger_target_dag' retrieved from /home/airflow/.local/lib/python3.12/site-packages/airflow/example_dags/example_trigger_target_dag.py
[2025-08-20T20:24:00.114+0000] {logging_mixin.py:190} INFO - [2025-08-20T20:24:00.113+0000] {dag.py:3229} INFO - Sync 1 DAGs
[2025-08-20T20:24:00.128+0000] {logging_mixin.py:190} INFO - [2025-08-20T20:24:00.127+0000] {dag.py:4156} INFO - Setting next_dagrun for example_trigger_target_dag to None, run_after=None
[2025-08-20T20:24:00.146+0000] {processor.py:208} INFO - Processing /home/airflow/.local/lib/python3.12/site-packages/airflow/example_dags/example_trigger_target_dag.py took 0.089 seconds
[2025-08-20T20:24:30.390+0000] {processor.py:186} INFO - Started process (PID=797) to work on /home/airflow/.local/lib/python3.12/site-packages/airflow/example_dags/example_trigger_target_dag.py
[2025-08-20T20:24:30.392+0000] {processor.py:914} INFO - Processing file /home/airflow/.local/lib/python3.12/site-packages/airflow/example_dags/example_trigger_target_dag.py for tasks to queue
[2025-08-20T20:24:30.394+0000] {logging_mixin.py:190} INFO - [2025-08-20T20:24:30.394+0000] {dagbag.py:587} INFO - Filling up the DagBag from /home/airflow/.local/lib/python3.12/site-packages/airflow/example_dags/example_trigger_target_dag.py
[2025-08-20T20:24:30.403+0000] {processor.py:925} INFO - DAG(s) 'example_trigger_target_dag' retrieved from /home/airflow/.local/lib/python3.12/site-packages/airflow/example_dags/example_trigger_target_dag.py
[2025-08-20T20:24:30.419+0000] {logging_mixin.py:190} INFO - [2025-08-20T20:24:30.419+0000] {dag.py:3229} INFO - Sync 1 DAGs
[2025-08-20T20:24:30.431+0000] {logging_mixin.py:190} INFO - [2025-08-20T20:24:30.431+0000] {dag.py:4156} INFO - Setting next_dagrun for example_trigger_target_dag to None, run_after=None
[2025-08-20T20:24:30.452+0000] {processor.py:208} INFO - Processing /home/airflow/.local/lib/python3.12/site-packages/airflow/example_dags/example_trigger_target_dag.py took 0.067 seconds
[2025-08-20T20:25:02.456+0000] {processor.py:186} INFO - Started process (PID=858) to work on /home/airflow/.local/lib/python3.12/site-packages/airflow/example_dags/example_trigger_target_dag.py
[2025-08-20T20:25:02.459+0000] {processor.py:914} INFO - Processing file /home/airflow/.local/lib/python3.12/site-packages/airflow/example_dags/example_trigger_target_dag.py for tasks to queue
[2025-08-20T20:25:02.463+0000] {logging_mixin.py:190} INFO - [2025-08-20T20:25:02.463+0000] {dagbag.py:587} INFO - Filling up the DagBag from /home/airflow/.local/lib/python3.12/site-packages/airflow/example_dags/example_trigger_target_dag.py
[2025-08-20T20:25:02.479+0000] {processor.py:925} INFO - DAG(s) 'example_trigger_target_dag' retrieved from /home/airflow/.local/lib/python3.12/site-packages/airflow/example_dags/example_trigger_target_dag.py
[2025-08-20T20:25:02.518+0000] {logging_mixin.py:190} INFO - [2025-08-20T20:25:02.517+0000] {dag.py:3229} INFO - Sync 1 DAGs
[2025-08-20T20:25:02.540+0000] {logging_mixin.py:190} INFO - [2025-08-20T20:25:02.539+0000] {dag.py:4156} INFO - Setting next_dagrun for example_trigger_target_dag to None, run_after=None
[2025-08-20T20:25:02.581+0000] {processor.py:208} INFO - Processing /home/airflow/.local/lib/python3.12/site-packages/airflow/example_dags/example_trigger_target_dag.py took 0.143 seconds
[2025-08-20T20:25:33.571+0000] {processor.py:186} INFO - Started process (PID=921) to work on /home/airflow/.local/lib/python3.12/site-packages/airflow/example_dags/example_trigger_target_dag.py
[2025-08-20T20:25:33.572+0000] {processor.py:914} INFO - Processing file /home/airflow/.local/lib/python3.12/site-packages/airflow/example_dags/example_trigger_target_dag.py for tasks to queue
[2025-08-20T20:25:33.574+0000] {logging_mixin.py:190} INFO - [2025-08-20T20:25:33.574+0000] {dagbag.py:587} INFO - Filling up the DagBag from /home/airflow/.local/lib/python3.12/site-packages/airflow/example_dags/example_trigger_target_dag.py
[2025-08-20T20:25:33.584+0000] {processor.py:925} INFO - DAG(s) 'example_trigger_target_dag' retrieved from /home/airflow/.local/lib/python3.12/site-packages/airflow/example_dags/example_trigger_target_dag.py
[2025-08-20T20:25:33.603+0000] {logging_mixin.py:190} INFO - [2025-08-20T20:25:33.603+0000] {dag.py:3229} INFO - Sync 1 DAGs
[2025-08-20T20:25:33.615+0000] {logging_mixin.py:190} INFO - [2025-08-20T20:25:33.615+0000] {dag.py:4156} INFO - Setting next_dagrun for example_trigger_target_dag to None, run_after=None
[2025-08-20T20:25:33.645+0000] {processor.py:208} INFO - Processing /home/airflow/.local/lib/python3.12/site-packages/airflow/example_dags/example_trigger_target_dag.py took 0.080 seconds
[2025-08-20T20:26:04.623+0000] {processor.py:186} INFO - Started process (PID=988) to work on /home/airflow/.local/lib/python3.12/site-packages/airflow/example_dags/example_trigger_target_dag.py
[2025-08-20T20:26:04.626+0000] {processor.py:914} INFO - Processing file /home/airflow/.local/lib/python3.12/site-packages/airflow/example_dags/example_trigger_target_dag.py for tasks to queue
[2025-08-20T20:26:04.630+0000] {logging_mixin.py:190} INFO - [2025-08-20T20:26:04.629+0000] {dagbag.py:587} INFO - Filling up the DagBag from /home/airflow/.local/lib/python3.12/site-packages/airflow/example_dags/example_trigger_target_dag.py
[2025-08-20T20:26:04.635+0000] {processor.py:925} INFO - DAG(s) 'example_trigger_target_dag' retrieved from /home/airflow/.local/lib/python3.12/site-packages/airflow/example_dags/example_trigger_target_dag.py
[2025-08-20T20:26:04.654+0000] {logging_mixin.py:190} INFO - [2025-08-20T20:26:04.654+0000] {dag.py:3229} INFO - Sync 1 DAGs
[2025-08-20T20:26:04.665+0000] {logging_mixin.py:190} INFO - [2025-08-20T20:26:04.665+0000] {dag.py:4156} INFO - Setting next_dagrun for example_trigger_target_dag to None, run_after=None
[2025-08-20T20:26:04.679+0000] {processor.py:208} INFO - Processing /home/airflow/.local/lib/python3.12/site-packages/airflow/example_dags/example_trigger_target_dag.py took 0.059 seconds
[2025-08-20T20:26:36.027+0000] {processor.py:186} INFO - Started process (PID=1051) to work on /home/airflow/.local/lib/python3.12/site-packages/airflow/example_dags/example_trigger_target_dag.py
[2025-08-20T20:26:36.029+0000] {processor.py:914} INFO - Processing file /home/airflow/.local/lib/python3.12/site-packages/airflow/example_dags/example_trigger_target_dag.py for tasks to queue
[2025-08-20T20:26:36.032+0000] {logging_mixin.py:190} INFO - [2025-08-20T20:26:36.031+0000] {dagbag.py:587} INFO - Filling up the DagBag from /home/airflow/.local/lib/python3.12/site-packages/airflow/example_dags/example_trigger_target_dag.py
[2025-08-20T20:26:36.039+0000] {processor.py:925} INFO - DAG(s) 'example_trigger_target_dag' retrieved from /home/airflow/.local/lib/python3.12/site-packages/airflow/example_dags/example_trigger_target_dag.py
[2025-08-20T20:26:36.064+0000] {logging_mixin.py:190} INFO - [2025-08-20T20:26:36.064+0000] {dag.py:3229} INFO - Sync 1 DAGs
[2025-08-20T20:26:36.080+0000] {logging_mixin.py:190} INFO - [2025-08-20T20:26:36.080+0000] {dag.py:4156} INFO - Setting next_dagrun for example_trigger_target_dag to None, run_after=None
[2025-08-20T20:26:36.098+0000] {processor.py:208} INFO - Processing /home/airflow/.local/lib/python3.12/site-packages/airflow/example_dags/example_trigger_target_dag.py took 0.077 seconds
