[2025-08-20T20:18:42.432+0000] {processor.py:186} INFO - Started process (PID=119) to work on /home/airflow/.local/lib/python3.12/site-packages/airflow/example_dags/example_python_decorator.py
[2025-08-20T20:18:42.434+0000] {processor.py:914} INFO - Processing file /home/airflow/.local/lib/python3.12/site-packages/airflow/example_dags/example_python_decorator.py for tasks to queue
[2025-08-20T20:18:42.439+0000] {logging_mixin.py:190} INFO - [2025-08-20T20:18:42.439+0000] {dagbag.py:587} INFO - Filling up the DagBag from /home/airflow/.local/lib/python3.12/site-packages/airflow/example_dags/example_python_decorator.py
[2025-08-20T20:18:42.476+0000] {processor.py:925} INFO - DAG(s) 'example_python_decorator' retrieved from /home/airflow/.local/lib/python3.12/site-packages/airflow/example_dags/example_python_decorator.py
[2025-08-20T20:18:42.635+0000] {logging_mixin.py:190} INFO - [2025-08-20T20:18:42.633+0000] {override.py:1900} INFO - Created Permission View: can read on DAG:example_python_decorator
[2025-08-20T20:18:42.644+0000] {logging_mixin.py:190} INFO - [2025-08-20T20:18:42.643+0000] {override.py:1900} INFO - Created Permission View: can delete on DAG:example_python_decorator
[2025-08-20T20:18:42.659+0000] {logging_mixin.py:190} INFO - [2025-08-20T20:18:42.659+0000] {override.py:1900} INFO - Created Permission View: can edit on DAG:example_python_decorator
[2025-08-20T20:18:42.674+0000] {logging_mixin.py:190} INFO - [2025-08-20T20:18:42.673+0000] {override.py:1900} INFO - Created Permission View: can read on DAG Run:example_python_decorator
[2025-08-20T20:18:42.680+0000] {logging_mixin.py:190} INFO - [2025-08-20T20:18:42.679+0000] {override.py:1900} INFO - Created Permission View: menu access on DAG Run:example_python_decorator
[2025-08-20T20:18:42.686+0000] {logging_mixin.py:190} INFO - [2025-08-20T20:18:42.685+0000] {override.py:1900} INFO - Created Permission View: can delete on DAG Run:example_python_decorator
[2025-08-20T20:18:42.691+0000] {logging_mixin.py:190} INFO - [2025-08-20T20:18:42.691+0000] {override.py:1900} INFO - Created Permission View: can create on DAG Run:example_python_decorator
[2025-08-20T20:18:42.691+0000] {logging_mixin.py:190} INFO - [2025-08-20T20:18:42.691+0000] {dag.py:3229} INFO - Sync 1 DAGs
[2025-08-20T20:18:42.713+0000] {logging_mixin.py:190} INFO - [2025-08-20T20:18:42.713+0000] {dag.py:3252} INFO - Creating ORM DAG for example_python_decorator
[2025-08-20T20:18:42.717+0000] {logging_mixin.py:190} INFO - [2025-08-20T20:18:42.717+0000] {dag.py:4156} INFO - Setting next_dagrun for example_python_decorator to None, run_after=None
[2025-08-20T20:18:42.734+0000] {processor.py:208} INFO - Processing /home/airflow/.local/lib/python3.12/site-packages/airflow/example_dags/example_python_decorator.py took 0.312 seconds
[2025-08-20T20:19:14.118+0000] {processor.py:186} INFO - Started process (PID=181) to work on /home/airflow/.local/lib/python3.12/site-packages/airflow/example_dags/example_python_decorator.py
[2025-08-20T20:19:14.120+0000] {processor.py:914} INFO - Processing file /home/airflow/.local/lib/python3.12/site-packages/airflow/example_dags/example_python_decorator.py for tasks to queue
[2025-08-20T20:19:14.126+0000] {logging_mixin.py:190} INFO - [2025-08-20T20:19:14.125+0000] {dagbag.py:587} INFO - Filling up the DagBag from /home/airflow/.local/lib/python3.12/site-packages/airflow/example_dags/example_python_decorator.py
[2025-08-20T20:19:14.173+0000] {processor.py:925} INFO - DAG(s) 'example_python_decorator' retrieved from /home/airflow/.local/lib/python3.12/site-packages/airflow/example_dags/example_python_decorator.py
[2025-08-20T20:19:14.218+0000] {logging_mixin.py:190} INFO - [2025-08-20T20:19:14.217+0000] {dag.py:3229} INFO - Sync 1 DAGs
[2025-08-20T20:19:14.279+0000] {logging_mixin.py:190} INFO - [2025-08-20T20:19:14.278+0000] {dag.py:4156} INFO - Setting next_dagrun for example_python_decorator to None, run_after=None
[2025-08-20T20:19:14.338+0000] {processor.py:208} INFO - Processing /home/airflow/.local/lib/python3.12/site-packages/airflow/example_dags/example_python_decorator.py took 0.231 seconds
[2025-08-20T20:19:47.012+0000] {processor.py:186} INFO - Started process (PID=242) to work on /home/airflow/.local/lib/python3.12/site-packages/airflow/example_dags/example_python_decorator.py
[2025-08-20T20:19:47.038+0000] {processor.py:914} INFO - Processing file /home/airflow/.local/lib/python3.12/site-packages/airflow/example_dags/example_python_decorator.py for tasks to queue
[2025-08-20T20:19:47.102+0000] {logging_mixin.py:190} INFO - [2025-08-20T20:19:47.098+0000] {dagbag.py:587} INFO - Filling up the DagBag from /home/airflow/.local/lib/python3.12/site-packages/airflow/example_dags/example_python_decorator.py
[2025-08-20T20:19:47.289+0000] {processor.py:925} INFO - DAG(s) 'example_python_decorator' retrieved from /home/airflow/.local/lib/python3.12/site-packages/airflow/example_dags/example_python_decorator.py
[2025-08-20T20:19:47.637+0000] {logging_mixin.py:190} INFO - [2025-08-20T20:19:47.634+0000] {dag.py:3229} INFO - Sync 1 DAGs
[2025-08-20T20:19:47.749+0000] {logging_mixin.py:190} INFO - [2025-08-20T20:19:47.732+0000] {dag.py:4156} INFO - Setting next_dagrun for example_python_decorator to None, run_after=None
[2025-08-20T20:19:47.880+0000] {processor.py:208} INFO - Processing /home/airflow/.local/lib/python3.12/site-packages/airflow/example_dags/example_python_decorator.py took 1.034 seconds
[2025-08-20T20:20:18.068+0000] {processor.py:186} INFO - Started process (PID=303) to work on /home/airflow/.local/lib/python3.12/site-packages/airflow/example_dags/example_python_decorator.py
[2025-08-20T20:20:18.074+0000] {processor.py:914} INFO - Processing file /home/airflow/.local/lib/python3.12/site-packages/airflow/example_dags/example_python_decorator.py for tasks to queue
[2025-08-20T20:20:18.077+0000] {logging_mixin.py:190} INFO - [2025-08-20T20:20:18.077+0000] {dagbag.py:587} INFO - Filling up the DagBag from /home/airflow/.local/lib/python3.12/site-packages/airflow/example_dags/example_python_decorator.py
[2025-08-20T20:20:18.098+0000] {processor.py:925} INFO - DAG(s) 'example_python_decorator' retrieved from /home/airflow/.local/lib/python3.12/site-packages/airflow/example_dags/example_python_decorator.py
[2025-08-20T20:20:18.145+0000] {logging_mixin.py:190} INFO - [2025-08-20T20:20:18.145+0000] {dag.py:3229} INFO - Sync 1 DAGs
[2025-08-20T20:20:18.164+0000] {logging_mixin.py:190} INFO - [2025-08-20T20:20:18.164+0000] {dag.py:4156} INFO - Setting next_dagrun for example_python_decorator to None, run_after=None
[2025-08-20T20:20:18.184+0000] {processor.py:208} INFO - Processing /home/airflow/.local/lib/python3.12/site-packages/airflow/example_dags/example_python_decorator.py took 0.178 seconds
[2025-08-20T20:20:49.252+0000] {processor.py:186} INFO - Started process (PID=365) to work on /home/airflow/.local/lib/python3.12/site-packages/airflow/example_dags/example_python_decorator.py
[2025-08-20T20:20:49.261+0000] {processor.py:914} INFO - Processing file /home/airflow/.local/lib/python3.12/site-packages/airflow/example_dags/example_python_decorator.py for tasks to queue
[2025-08-20T20:20:49.308+0000] {logging_mixin.py:190} INFO - [2025-08-20T20:20:49.298+0000] {dagbag.py:587} INFO - Filling up the DagBag from /home/airflow/.local/lib/python3.12/site-packages/airflow/example_dags/example_python_decorator.py
[2025-08-20T20:20:49.493+0000] {processor.py:925} INFO - DAG(s) 'example_python_decorator' retrieved from /home/airflow/.local/lib/python3.12/site-packages/airflow/example_dags/example_python_decorator.py
[2025-08-20T20:20:49.659+0000] {logging_mixin.py:190} INFO - [2025-08-20T20:20:49.657+0000] {dag.py:3229} INFO - Sync 1 DAGs
[2025-08-20T20:20:49.727+0000] {logging_mixin.py:190} INFO - [2025-08-20T20:20:49.726+0000] {dag.py:4156} INFO - Setting next_dagrun for example_python_decorator to None, run_after=None
[2025-08-20T20:20:49.789+0000] {processor.py:208} INFO - Processing /home/airflow/.local/lib/python3.12/site-packages/airflow/example_dags/example_python_decorator.py took 0.629 seconds
[2025-08-20T20:21:20.342+0000] {processor.py:186} INFO - Started process (PID=427) to work on /home/airflow/.local/lib/python3.12/site-packages/airflow/example_dags/example_python_decorator.py
[2025-08-20T20:21:20.347+0000] {processor.py:914} INFO - Processing file /home/airflow/.local/lib/python3.12/site-packages/airflow/example_dags/example_python_decorator.py for tasks to queue
[2025-08-20T20:21:20.361+0000] {logging_mixin.py:190} INFO - [2025-08-20T20:21:20.358+0000] {dagbag.py:587} INFO - Filling up the DagBag from /home/airflow/.local/lib/python3.12/site-packages/airflow/example_dags/example_python_decorator.py
[2025-08-20T20:21:20.406+0000] {processor.py:925} INFO - DAG(s) 'example_python_decorator' retrieved from /home/airflow/.local/lib/python3.12/site-packages/airflow/example_dags/example_python_decorator.py
[2025-08-20T20:21:20.515+0000] {logging_mixin.py:190} INFO - [2025-08-20T20:21:20.515+0000] {dag.py:3229} INFO - Sync 1 DAGs
[2025-08-20T20:21:20.541+0000] {logging_mixin.py:190} INFO - [2025-08-20T20:21:20.541+0000] {dag.py:4156} INFO - Setting next_dagrun for example_python_decorator to None, run_after=None
[2025-08-20T20:21:20.567+0000] {processor.py:208} INFO - Processing /home/airflow/.local/lib/python3.12/site-packages/airflow/example_dags/example_python_decorator.py took 0.239 seconds
[2025-08-20T20:21:51.094+0000] {processor.py:186} INFO - Started process (PID=489) to work on /home/airflow/.local/lib/python3.12/site-packages/airflow/example_dags/example_python_decorator.py
[2025-08-20T20:21:51.097+0000] {processor.py:914} INFO - Processing file /home/airflow/.local/lib/python3.12/site-packages/airflow/example_dags/example_python_decorator.py for tasks to queue
[2025-08-20T20:21:51.105+0000] {logging_mixin.py:190} INFO - [2025-08-20T20:21:51.105+0000] {dagbag.py:587} INFO - Filling up the DagBag from /home/airflow/.local/lib/python3.12/site-packages/airflow/example_dags/example_python_decorator.py
[2025-08-20T20:21:51.120+0000] {processor.py:925} INFO - DAG(s) 'example_python_decorator' retrieved from /home/airflow/.local/lib/python3.12/site-packages/airflow/example_dags/example_python_decorator.py
[2025-08-20T20:21:51.148+0000] {logging_mixin.py:190} INFO - [2025-08-20T20:21:51.147+0000] {dag.py:3229} INFO - Sync 1 DAGs
[2025-08-20T20:21:51.181+0000] {logging_mixin.py:190} INFO - [2025-08-20T20:21:51.181+0000] {dag.py:4156} INFO - Setting next_dagrun for example_python_decorator to None, run_after=None
[2025-08-20T20:21:51.204+0000] {processor.py:208} INFO - Processing /home/airflow/.local/lib/python3.12/site-packages/airflow/example_dags/example_python_decorator.py took 0.167 seconds
[2025-08-20T20:22:23.242+0000] {processor.py:186} INFO - Started process (PID=551) to work on /home/airflow/.local/lib/python3.12/site-packages/airflow/example_dags/example_python_decorator.py
[2025-08-20T20:22:23.245+0000] {processor.py:914} INFO - Processing file /home/airflow/.local/lib/python3.12/site-packages/airflow/example_dags/example_python_decorator.py for tasks to queue
[2025-08-20T20:22:23.246+0000] {logging_mixin.py:190} INFO - [2025-08-20T20:22:23.246+0000] {dagbag.py:587} INFO - Filling up the DagBag from /home/airflow/.local/lib/python3.12/site-packages/airflow/example_dags/example_python_decorator.py
[2025-08-20T20:22:23.259+0000] {processor.py:925} INFO - DAG(s) 'example_python_decorator' retrieved from /home/airflow/.local/lib/python3.12/site-packages/airflow/example_dags/example_python_decorator.py
[2025-08-20T20:22:23.277+0000] {logging_mixin.py:190} INFO - [2025-08-20T20:22:23.277+0000] {dag.py:3229} INFO - Sync 1 DAGs
[2025-08-20T20:22:23.285+0000] {logging_mixin.py:190} INFO - [2025-08-20T20:22:23.285+0000] {dag.py:4156} INFO - Setting next_dagrun for example_python_decorator to None, run_after=None
[2025-08-20T20:22:23.296+0000] {processor.py:208} INFO - Processing /home/airflow/.local/lib/python3.12/site-packages/airflow/example_dags/example_python_decorator.py took 0.060 seconds
[2025-08-20T20:22:54.881+0000] {processor.py:186} INFO - Started process (PID=613) to work on /home/airflow/.local/lib/python3.12/site-packages/airflow/example_dags/example_python_decorator.py
[2025-08-20T20:22:54.888+0000] {processor.py:914} INFO - Processing file /home/airflow/.local/lib/python3.12/site-packages/airflow/example_dags/example_python_decorator.py for tasks to queue
[2025-08-20T20:22:54.903+0000] {logging_mixin.py:190} INFO - [2025-08-20T20:22:54.902+0000] {dagbag.py:587} INFO - Filling up the DagBag from /home/airflow/.local/lib/python3.12/site-packages/airflow/example_dags/example_python_decorator.py
[2025-08-20T20:22:55.032+0000] {processor.py:925} INFO - DAG(s) 'example_python_decorator' retrieved from /home/airflow/.local/lib/python3.12/site-packages/airflow/example_dags/example_python_decorator.py
[2025-08-20T20:22:55.083+0000] {logging_mixin.py:190} INFO - [2025-08-20T20:22:55.083+0000] {dag.py:3229} INFO - Sync 1 DAGs
[2025-08-20T20:22:55.096+0000] {logging_mixin.py:190} INFO - [2025-08-20T20:22:55.095+0000] {dag.py:4156} INFO - Setting next_dagrun for example_python_decorator to None, run_after=None
[2025-08-20T20:22:55.119+0000] {processor.py:208} INFO - Processing /home/airflow/.local/lib/python3.12/site-packages/airflow/example_dags/example_python_decorator.py took 0.249 seconds
[2025-08-20T20:23:29.946+0000] {processor.py:186} INFO - Started process (PID=680) to work on /home/airflow/.local/lib/python3.12/site-packages/airflow/example_dags/example_python_decorator.py
[2025-08-20T20:23:29.948+0000] {processor.py:914} INFO - Processing file /home/airflow/.local/lib/python3.12/site-packages/airflow/example_dags/example_python_decorator.py for tasks to queue
[2025-08-20T20:23:29.949+0000] {logging_mixin.py:190} INFO - [2025-08-20T20:23:29.949+0000] {dagbag.py:587} INFO - Filling up the DagBag from /home/airflow/.local/lib/python3.12/site-packages/airflow/example_dags/example_python_decorator.py
[2025-08-20T20:23:29.962+0000] {processor.py:925} INFO - DAG(s) 'example_python_decorator' retrieved from /home/airflow/.local/lib/python3.12/site-packages/airflow/example_dags/example_python_decorator.py
[2025-08-20T20:23:29.979+0000] {logging_mixin.py:190} INFO - [2025-08-20T20:23:29.979+0000] {dag.py:3229} INFO - Sync 1 DAGs
[2025-08-20T20:23:29.990+0000] {logging_mixin.py:190} INFO - [2025-08-20T20:23:29.990+0000] {dag.py:4156} INFO - Setting next_dagrun for example_python_decorator to None, run_after=None
[2025-08-20T20:23:30.010+0000] {processor.py:208} INFO - Processing /home/airflow/.local/lib/python3.12/site-packages/airflow/example_dags/example_python_decorator.py took 0.076 seconds
[2025-08-20T20:24:00.795+0000] {processor.py:186} INFO - Started process (PID=742) to work on /home/airflow/.local/lib/python3.12/site-packages/airflow/example_dags/example_python_decorator.py
[2025-08-20T20:24:00.802+0000] {processor.py:914} INFO - Processing file /home/airflow/.local/lib/python3.12/site-packages/airflow/example_dags/example_python_decorator.py for tasks to queue
[2025-08-20T20:24:00.808+0000] {logging_mixin.py:190} INFO - [2025-08-20T20:24:00.808+0000] {dagbag.py:587} INFO - Filling up the DagBag from /home/airflow/.local/lib/python3.12/site-packages/airflow/example_dags/example_python_decorator.py
[2025-08-20T20:24:00.830+0000] {processor.py:925} INFO - DAG(s) 'example_python_decorator' retrieved from /home/airflow/.local/lib/python3.12/site-packages/airflow/example_dags/example_python_decorator.py
[2025-08-20T20:24:00.864+0000] {logging_mixin.py:190} INFO - [2025-08-20T20:24:00.863+0000] {dag.py:3229} INFO - Sync 1 DAGs
[2025-08-20T20:24:00.881+0000] {logging_mixin.py:190} INFO - [2025-08-20T20:24:00.881+0000] {dag.py:4156} INFO - Setting next_dagrun for example_python_decorator to None, run_after=None
[2025-08-20T20:24:00.903+0000] {processor.py:208} INFO - Processing /home/airflow/.local/lib/python3.12/site-packages/airflow/example_dags/example_python_decorator.py took 0.118 seconds
[2025-08-20T20:24:32.181+0000] {processor.py:186} INFO - Started process (PID=808) to work on /home/airflow/.local/lib/python3.12/site-packages/airflow/example_dags/example_python_decorator.py
[2025-08-20T20:24:32.182+0000] {processor.py:914} INFO - Processing file /home/airflow/.local/lib/python3.12/site-packages/airflow/example_dags/example_python_decorator.py for tasks to queue
[2025-08-20T20:24:32.184+0000] {logging_mixin.py:190} INFO - [2025-08-20T20:24:32.184+0000] {dagbag.py:587} INFO - Filling up the DagBag from /home/airflow/.local/lib/python3.12/site-packages/airflow/example_dags/example_python_decorator.py
[2025-08-20T20:24:32.194+0000] {processor.py:925} INFO - DAG(s) 'example_python_decorator' retrieved from /home/airflow/.local/lib/python3.12/site-packages/airflow/example_dags/example_python_decorator.py
[2025-08-20T20:24:32.214+0000] {logging_mixin.py:190} INFO - [2025-08-20T20:24:32.214+0000] {dag.py:3229} INFO - Sync 1 DAGs
[2025-08-20T20:24:32.227+0000] {logging_mixin.py:190} INFO - [2025-08-20T20:24:32.226+0000] {dag.py:4156} INFO - Setting next_dagrun for example_python_decorator to None, run_after=None
[2025-08-20T20:24:32.256+0000] {processor.py:208} INFO - Processing /home/airflow/.local/lib/python3.12/site-packages/airflow/example_dags/example_python_decorator.py took 0.081 seconds
[2025-08-20T20:25:04.680+0000] {processor.py:186} INFO - Started process (PID=873) to work on /home/airflow/.local/lib/python3.12/site-packages/airflow/example_dags/example_python_decorator.py
[2025-08-20T20:25:04.689+0000] {processor.py:914} INFO - Processing file /home/airflow/.local/lib/python3.12/site-packages/airflow/example_dags/example_python_decorator.py for tasks to queue
[2025-08-20T20:25:04.695+0000] {logging_mixin.py:190} INFO - [2025-08-20T20:25:04.694+0000] {dagbag.py:587} INFO - Filling up the DagBag from /home/airflow/.local/lib/python3.12/site-packages/airflow/example_dags/example_python_decorator.py
[2025-08-20T20:25:04.771+0000] {processor.py:925} INFO - DAG(s) 'example_python_decorator' retrieved from /home/airflow/.local/lib/python3.12/site-packages/airflow/example_dags/example_python_decorator.py
[2025-08-20T20:25:04.813+0000] {logging_mixin.py:190} INFO - [2025-08-20T20:25:04.813+0000] {dag.py:3229} INFO - Sync 1 DAGs
[2025-08-20T20:25:04.837+0000] {logging_mixin.py:190} INFO - [2025-08-20T20:25:04.836+0000] {dag.py:4156} INFO - Setting next_dagrun for example_python_decorator to None, run_after=None
[2025-08-20T20:25:04.861+0000] {processor.py:208} INFO - Processing /home/airflow/.local/lib/python3.12/site-packages/airflow/example_dags/example_python_decorator.py took 0.211 seconds
[2025-08-20T20:25:36.022+0000] {processor.py:186} INFO - Started process (PID=935) to work on /home/airflow/.local/lib/python3.12/site-packages/airflow/example_dags/example_python_decorator.py
[2025-08-20T20:25:36.026+0000] {processor.py:914} INFO - Processing file /home/airflow/.local/lib/python3.12/site-packages/airflow/example_dags/example_python_decorator.py for tasks to queue
[2025-08-20T20:25:36.035+0000] {logging_mixin.py:190} INFO - [2025-08-20T20:25:36.034+0000] {dagbag.py:587} INFO - Filling up the DagBag from /home/airflow/.local/lib/python3.12/site-packages/airflow/example_dags/example_python_decorator.py
[2025-08-20T20:25:36.078+0000] {processor.py:925} INFO - DAG(s) 'example_python_decorator' retrieved from /home/airflow/.local/lib/python3.12/site-packages/airflow/example_dags/example_python_decorator.py
[2025-08-20T20:25:36.127+0000] {logging_mixin.py:190} INFO - [2025-08-20T20:25:36.127+0000] {dag.py:3229} INFO - Sync 1 DAGs
[2025-08-20T20:25:36.165+0000] {logging_mixin.py:190} INFO - [2025-08-20T20:25:36.165+0000] {dag.py:4156} INFO - Setting next_dagrun for example_python_decorator to None, run_after=None
[2025-08-20T20:25:36.197+0000] {processor.py:208} INFO - Processing /home/airflow/.local/lib/python3.12/site-packages/airflow/example_dags/example_python_decorator.py took 0.197 seconds
[2025-08-20T20:26:06.386+0000] {processor.py:186} INFO - Started process (PID=997) to work on /home/airflow/.local/lib/python3.12/site-packages/airflow/example_dags/example_python_decorator.py
[2025-08-20T20:26:06.387+0000] {processor.py:914} INFO - Processing file /home/airflow/.local/lib/python3.12/site-packages/airflow/example_dags/example_python_decorator.py for tasks to queue
[2025-08-20T20:26:06.388+0000] {logging_mixin.py:190} INFO - [2025-08-20T20:26:06.388+0000] {dagbag.py:587} INFO - Filling up the DagBag from /home/airflow/.local/lib/python3.12/site-packages/airflow/example_dags/example_python_decorator.py
[2025-08-20T20:26:06.397+0000] {processor.py:925} INFO - DAG(s) 'example_python_decorator' retrieved from /home/airflow/.local/lib/python3.12/site-packages/airflow/example_dags/example_python_decorator.py
[2025-08-20T20:26:06.412+0000] {logging_mixin.py:190} INFO - [2025-08-20T20:26:06.412+0000] {dag.py:3229} INFO - Sync 1 DAGs
[2025-08-20T20:26:06.424+0000] {logging_mixin.py:190} INFO - [2025-08-20T20:26:06.424+0000] {dag.py:4156} INFO - Setting next_dagrun for example_python_decorator to None, run_after=None
[2025-08-20T20:26:06.438+0000] {processor.py:208} INFO - Processing /home/airflow/.local/lib/python3.12/site-packages/airflow/example_dags/example_python_decorator.py took 0.055 seconds
[2025-08-20T20:26:36.568+0000] {processor.py:186} INFO - Started process (PID=1059) to work on /home/airflow/.local/lib/python3.12/site-packages/airflow/example_dags/example_python_decorator.py
[2025-08-20T20:26:36.571+0000] {processor.py:914} INFO - Processing file /home/airflow/.local/lib/python3.12/site-packages/airflow/example_dags/example_python_decorator.py for tasks to queue
[2025-08-20T20:26:36.578+0000] {logging_mixin.py:190} INFO - [2025-08-20T20:26:36.578+0000] {dagbag.py:587} INFO - Filling up the DagBag from /home/airflow/.local/lib/python3.12/site-packages/airflow/example_dags/example_python_decorator.py
[2025-08-20T20:26:36.591+0000] {processor.py:925} INFO - DAG(s) 'example_python_decorator' retrieved from /home/airflow/.local/lib/python3.12/site-packages/airflow/example_dags/example_python_decorator.py
[2025-08-20T20:26:36.649+0000] {logging_mixin.py:190} INFO - [2025-08-20T20:26:36.648+0000] {dag.py:3229} INFO - Sync 1 DAGs
[2025-08-20T20:26:36.663+0000] {logging_mixin.py:190} INFO - [2025-08-20T20:26:36.663+0000] {dag.py:4156} INFO - Setting next_dagrun for example_python_decorator to None, run_after=None
[2025-08-20T20:26:36.678+0000] {processor.py:208} INFO - Processing /home/airflow/.local/lib/python3.12/site-packages/airflow/example_dags/example_python_decorator.py took 0.119 seconds
