[2025-08-20T20:18:12.345+0000] {processor.py:186} INFO - Started process (PID=68) to work on /home/airflow/.local/lib/python3.12/site-packages/airflow/example_dags/example_short_circuit_operator.py
[2025-08-20T20:18:12.365+0000] {processor.py:914} INFO - Processing file /home/airflow/.local/lib/python3.12/site-packages/airflow/example_dags/example_short_circuit_operator.py for tasks to queue
[2025-08-20T20:18:12.390+0000] {logging_mixin.py:190} INFO - [2025-08-20T20:18:12.389+0000] {dagbag.py:587} INFO - Filling up the DagBag from /home/airflow/.local/lib/python3.12/site-packages/airflow/example_dags/example_short_circuit_operator.py
[2025-08-20T20:18:12.549+0000] {processor.py:925} INFO - DAG(s) 'example_short_circuit_operator' retrieved from /home/airflow/.local/lib/python3.12/site-packages/airflow/example_dags/example_short_circuit_operator.py
[2025-08-20T20:18:14.194+0000] {logging_mixin.py:190} INFO - [2025-08-20T20:18:14.172+0000] {override.py:1900} INFO - Created Permission View: can read on DAG:example_short_circuit_operator
[2025-08-20T20:18:14.233+0000] {logging_mixin.py:190} INFO - [2025-08-20T20:18:14.232+0000] {override.py:1900} INFO - Created Permission View: can delete on DAG:example_short_circuit_operator
[2025-08-20T20:18:14.238+0000] {logging_mixin.py:190} INFO - [2025-08-20T20:18:14.238+0000] {override.py:1900} INFO - Created Permission View: can edit on DAG:example_short_circuit_operator
[2025-08-20T20:18:14.242+0000] {logging_mixin.py:190} INFO - [2025-08-20T20:18:14.242+0000] {override.py:1900} INFO - Created Permission View: can read on DAG Run:example_short_circuit_operator
[2025-08-20T20:18:14.257+0000] {logging_mixin.py:190} INFO - [2025-08-20T20:18:14.256+0000] {override.py:1900} INFO - Created Permission View: menu access on DAG Run:example_short_circuit_operator
[2025-08-20T20:18:14.267+0000] {logging_mixin.py:190} INFO - [2025-08-20T20:18:14.267+0000] {override.py:1900} INFO - Created Permission View: can delete on DAG Run:example_short_circuit_operator
[2025-08-20T20:18:14.276+0000] {logging_mixin.py:190} INFO - [2025-08-20T20:18:14.276+0000] {override.py:1900} INFO - Created Permission View: can create on DAG Run:example_short_circuit_operator
[2025-08-20T20:18:14.277+0000] {logging_mixin.py:190} INFO - [2025-08-20T20:18:14.277+0000] {dag.py:3229} INFO - Sync 1 DAGs
[2025-08-20T20:18:14.351+0000] {logging_mixin.py:190} INFO - [2025-08-20T20:18:14.349+0000] {dag.py:3252} INFO - Creating ORM DAG for example_short_circuit_operator
[2025-08-20T20:18:14.355+0000] {logging_mixin.py:190} INFO - [2025-08-20T20:18:14.355+0000] {dag.py:4156} INFO - Setting next_dagrun for example_short_circuit_operator to None, run_after=None
[2025-08-20T20:18:14.451+0000] {processor.py:208} INFO - Processing /home/airflow/.local/lib/python3.12/site-packages/airflow/example_dags/example_short_circuit_operator.py took 2.221 seconds
[2025-08-20T20:18:45.714+0000] {processor.py:186} INFO - Started process (PID=130) to work on /home/airflow/.local/lib/python3.12/site-packages/airflow/example_dags/example_short_circuit_operator.py
[2025-08-20T20:18:45.735+0000] {processor.py:914} INFO - Processing file /home/airflow/.local/lib/python3.12/site-packages/airflow/example_dags/example_short_circuit_operator.py for tasks to queue
[2025-08-20T20:18:45.761+0000] {logging_mixin.py:190} INFO - [2025-08-20T20:18:45.757+0000] {dagbag.py:587} INFO - Filling up the DagBag from /home/airflow/.local/lib/python3.12/site-packages/airflow/example_dags/example_short_circuit_operator.py
[2025-08-20T20:18:45.855+0000] {processor.py:925} INFO - DAG(s) 'example_short_circuit_operator' retrieved from /home/airflow/.local/lib/python3.12/site-packages/airflow/example_dags/example_short_circuit_operator.py
[2025-08-20T20:18:46.030+0000] {logging_mixin.py:190} INFO - [2025-08-20T20:18:46.029+0000] {dag.py:3229} INFO - Sync 1 DAGs
[2025-08-20T20:18:46.165+0000] {logging_mixin.py:190} INFO - [2025-08-20T20:18:46.162+0000] {dag.py:4156} INFO - Setting next_dagrun for example_short_circuit_operator to None, run_after=None
[2025-08-20T20:18:46.845+0000] {processor.py:208} INFO - Processing /home/airflow/.local/lib/python3.12/site-packages/airflow/example_dags/example_short_circuit_operator.py took 1.208 seconds
[2025-08-20T20:19:17.546+0000] {processor.py:186} INFO - Started process (PID=192) to work on /home/airflow/.local/lib/python3.12/site-packages/airflow/example_dags/example_short_circuit_operator.py
[2025-08-20T20:19:17.548+0000] {processor.py:914} INFO - Processing file /home/airflow/.local/lib/python3.12/site-packages/airflow/example_dags/example_short_circuit_operator.py for tasks to queue
[2025-08-20T20:19:17.551+0000] {logging_mixin.py:190} INFO - [2025-08-20T20:19:17.551+0000] {dagbag.py:587} INFO - Filling up the DagBag from /home/airflow/.local/lib/python3.12/site-packages/airflow/example_dags/example_short_circuit_operator.py
[2025-08-20T20:19:17.565+0000] {processor.py:925} INFO - DAG(s) 'example_short_circuit_operator' retrieved from /home/airflow/.local/lib/python3.12/site-packages/airflow/example_dags/example_short_circuit_operator.py
[2025-08-20T20:19:17.598+0000] {logging_mixin.py:190} INFO - [2025-08-20T20:19:17.598+0000] {dag.py:3229} INFO - Sync 1 DAGs
[2025-08-20T20:19:17.617+0000] {logging_mixin.py:190} INFO - [2025-08-20T20:19:17.617+0000] {dag.py:4156} INFO - Setting next_dagrun for example_short_circuit_operator to None, run_after=None
[2025-08-20T20:19:17.637+0000] {processor.py:208} INFO - Processing /home/airflow/.local/lib/python3.12/site-packages/airflow/example_dags/example_short_circuit_operator.py took 0.104 seconds
[2025-08-20T20:19:51.184+0000] {processor.py:186} INFO - Started process (PID=254) to work on /home/airflow/.local/lib/python3.12/site-packages/airflow/example_dags/example_short_circuit_operator.py
[2025-08-20T20:19:51.187+0000] {processor.py:914} INFO - Processing file /home/airflow/.local/lib/python3.12/site-packages/airflow/example_dags/example_short_circuit_operator.py for tasks to queue
[2025-08-20T20:19:51.190+0000] {logging_mixin.py:190} INFO - [2025-08-20T20:19:51.190+0000] {dagbag.py:587} INFO - Filling up the DagBag from /home/airflow/.local/lib/python3.12/site-packages/airflow/example_dags/example_short_circuit_operator.py
[2025-08-20T20:19:51.205+0000] {processor.py:925} INFO - DAG(s) 'example_short_circuit_operator' retrieved from /home/airflow/.local/lib/python3.12/site-packages/airflow/example_dags/example_short_circuit_operator.py
[2025-08-20T20:19:51.230+0000] {logging_mixin.py:190} INFO - [2025-08-20T20:19:51.229+0000] {dag.py:3229} INFO - Sync 1 DAGs
[2025-08-20T20:19:51.252+0000] {logging_mixin.py:190} INFO - [2025-08-20T20:19:51.252+0000] {dag.py:4156} INFO - Setting next_dagrun for example_short_circuit_operator to None, run_after=None
[2025-08-20T20:19:51.268+0000] {processor.py:208} INFO - Processing /home/airflow/.local/lib/python3.12/site-packages/airflow/example_dags/example_short_circuit_operator.py took 0.104 seconds
[2025-08-20T20:20:22.423+0000] {processor.py:186} INFO - Started process (PID=309) to work on /home/airflow/.local/lib/python3.12/site-packages/airflow/example_dags/example_short_circuit_operator.py
[2025-08-20T20:20:22.425+0000] {processor.py:914} INFO - Processing file /home/airflow/.local/lib/python3.12/site-packages/airflow/example_dags/example_short_circuit_operator.py for tasks to queue
[2025-08-20T20:20:22.427+0000] {logging_mixin.py:190} INFO - [2025-08-20T20:20:22.427+0000] {dagbag.py:587} INFO - Filling up the DagBag from /home/airflow/.local/lib/python3.12/site-packages/airflow/example_dags/example_short_circuit_operator.py
[2025-08-20T20:20:22.437+0000] {processor.py:925} INFO - DAG(s) 'example_short_circuit_operator' retrieved from /home/airflow/.local/lib/python3.12/site-packages/airflow/example_dags/example_short_circuit_operator.py
[2025-08-20T20:20:22.460+0000] {logging_mixin.py:190} INFO - [2025-08-20T20:20:22.460+0000] {dag.py:3229} INFO - Sync 1 DAGs
[2025-08-20T20:20:22.472+0000] {logging_mixin.py:190} INFO - [2025-08-20T20:20:22.472+0000] {dag.py:4156} INFO - Setting next_dagrun for example_short_circuit_operator to None, run_after=None
[2025-08-20T20:20:22.509+0000] {processor.py:208} INFO - Processing /home/airflow/.local/lib/python3.12/site-packages/airflow/example_dags/example_short_circuit_operator.py took 0.096 seconds
[2025-08-20T20:20:52.805+0000] {processor.py:186} INFO - Started process (PID=368) to work on /home/airflow/.local/lib/python3.12/site-packages/airflow/example_dags/example_short_circuit_operator.py
[2025-08-20T20:20:52.810+0000] {processor.py:914} INFO - Processing file /home/airflow/.local/lib/python3.12/site-packages/airflow/example_dags/example_short_circuit_operator.py for tasks to queue
[2025-08-20T20:20:52.827+0000] {logging_mixin.py:190} INFO - [2025-08-20T20:20:52.825+0000] {dagbag.py:587} INFO - Filling up the DagBag from /home/airflow/.local/lib/python3.12/site-packages/airflow/example_dags/example_short_circuit_operator.py
[2025-08-20T20:20:52.896+0000] {processor.py:925} INFO - DAG(s) 'example_short_circuit_operator' retrieved from /home/airflow/.local/lib/python3.12/site-packages/airflow/example_dags/example_short_circuit_operator.py
[2025-08-20T20:20:52.989+0000] {logging_mixin.py:190} INFO - [2025-08-20T20:20:52.989+0000] {dag.py:3229} INFO - Sync 1 DAGs
[2025-08-20T20:20:53.023+0000] {logging_mixin.py:190} INFO - [2025-08-20T20:20:53.023+0000] {dag.py:4156} INFO - Setting next_dagrun for example_short_circuit_operator to None, run_after=None
[2025-08-20T20:20:53.054+0000] {processor.py:208} INFO - Processing /home/airflow/.local/lib/python3.12/site-packages/airflow/example_dags/example_short_circuit_operator.py took 0.295 seconds
[2025-08-20T20:21:23.916+0000] {processor.py:186} INFO - Started process (PID=428) to work on /home/airflow/.local/lib/python3.12/site-packages/airflow/example_dags/example_short_circuit_operator.py
[2025-08-20T20:21:23.924+0000] {processor.py:914} INFO - Processing file /home/airflow/.local/lib/python3.12/site-packages/airflow/example_dags/example_short_circuit_operator.py for tasks to queue
[2025-08-20T20:21:23.938+0000] {logging_mixin.py:190} INFO - [2025-08-20T20:21:23.937+0000] {dagbag.py:587} INFO - Filling up the DagBag from /home/airflow/.local/lib/python3.12/site-packages/airflow/example_dags/example_short_circuit_operator.py
[2025-08-20T20:21:24.005+0000] {processor.py:925} INFO - DAG(s) 'example_short_circuit_operator' retrieved from /home/airflow/.local/lib/python3.12/site-packages/airflow/example_dags/example_short_circuit_operator.py
[2025-08-20T20:21:24.088+0000] {logging_mixin.py:190} INFO - [2025-08-20T20:21:24.088+0000] {dag.py:3229} INFO - Sync 1 DAGs
[2025-08-20T20:21:24.127+0000] {logging_mixin.py:190} INFO - [2025-08-20T20:21:24.127+0000] {dag.py:4156} INFO - Setting next_dagrun for example_short_circuit_operator to None, run_after=None
[2025-08-20T20:21:24.166+0000] {processor.py:208} INFO - Processing /home/airflow/.local/lib/python3.12/site-packages/airflow/example_dags/example_short_circuit_operator.py took 0.274 seconds
[2025-08-20T20:21:54.547+0000] {processor.py:186} INFO - Started process (PID=490) to work on /home/airflow/.local/lib/python3.12/site-packages/airflow/example_dags/example_short_circuit_operator.py
[2025-08-20T20:21:54.565+0000] {processor.py:914} INFO - Processing file /home/airflow/.local/lib/python3.12/site-packages/airflow/example_dags/example_short_circuit_operator.py for tasks to queue
[2025-08-20T20:21:54.604+0000] {logging_mixin.py:190} INFO - [2025-08-20T20:21:54.602+0000] {dagbag.py:587} INFO - Filling up the DagBag from /home/airflow/.local/lib/python3.12/site-packages/airflow/example_dags/example_short_circuit_operator.py
[2025-08-20T20:21:54.714+0000] {processor.py:925} INFO - DAG(s) 'example_short_circuit_operator' retrieved from /home/airflow/.local/lib/python3.12/site-packages/airflow/example_dags/example_short_circuit_operator.py
[2025-08-20T20:21:54.930+0000] {logging_mixin.py:190} INFO - [2025-08-20T20:21:54.930+0000] {dag.py:3229} INFO - Sync 1 DAGs
[2025-08-20T20:21:55.052+0000] {logging_mixin.py:190} INFO - [2025-08-20T20:21:55.051+0000] {dag.py:4156} INFO - Setting next_dagrun for example_short_circuit_operator to None, run_after=None
[2025-08-20T20:21:55.141+0000] {processor.py:208} INFO - Processing /home/airflow/.local/lib/python3.12/site-packages/airflow/example_dags/example_short_circuit_operator.py took 0.706 seconds
[2025-08-20T20:22:25.325+0000] {processor.py:186} INFO - Started process (PID=552) to work on /home/airflow/.local/lib/python3.12/site-packages/airflow/example_dags/example_short_circuit_operator.py
[2025-08-20T20:22:25.332+0000] {processor.py:914} INFO - Processing file /home/airflow/.local/lib/python3.12/site-packages/airflow/example_dags/example_short_circuit_operator.py for tasks to queue
[2025-08-20T20:22:25.337+0000] {logging_mixin.py:190} INFO - [2025-08-20T20:22:25.336+0000] {dagbag.py:587} INFO - Filling up the DagBag from /home/airflow/.local/lib/python3.12/site-packages/airflow/example_dags/example_short_circuit_operator.py
[2025-08-20T20:22:25.362+0000] {processor.py:925} INFO - DAG(s) 'example_short_circuit_operator' retrieved from /home/airflow/.local/lib/python3.12/site-packages/airflow/example_dags/example_short_circuit_operator.py
[2025-08-20T20:22:25.425+0000] {logging_mixin.py:190} INFO - [2025-08-20T20:22:25.425+0000] {dag.py:3229} INFO - Sync 1 DAGs
[2025-08-20T20:22:25.447+0000] {logging_mixin.py:190} INFO - [2025-08-20T20:22:25.447+0000] {dag.py:4156} INFO - Setting next_dagrun for example_short_circuit_operator to None, run_after=None
[2025-08-20T20:22:25.472+0000] {processor.py:208} INFO - Processing /home/airflow/.local/lib/python3.12/site-packages/airflow/example_dags/example_short_circuit_operator.py took 0.166 seconds
[2025-08-20T20:22:56.326+0000] {processor.py:186} INFO - Started process (PID=614) to work on /home/airflow/.local/lib/python3.12/site-packages/airflow/example_dags/example_short_circuit_operator.py
[2025-08-20T20:22:56.330+0000] {processor.py:914} INFO - Processing file /home/airflow/.local/lib/python3.12/site-packages/airflow/example_dags/example_short_circuit_operator.py for tasks to queue
[2025-08-20T20:22:56.343+0000] {logging_mixin.py:190} INFO - [2025-08-20T20:22:56.342+0000] {dagbag.py:587} INFO - Filling up the DagBag from /home/airflow/.local/lib/python3.12/site-packages/airflow/example_dags/example_short_circuit_operator.py
[2025-08-20T20:22:56.400+0000] {processor.py:925} INFO - DAG(s) 'example_short_circuit_operator' retrieved from /home/airflow/.local/lib/python3.12/site-packages/airflow/example_dags/example_short_circuit_operator.py
[2025-08-20T20:22:56.530+0000] {logging_mixin.py:190} INFO - [2025-08-20T20:22:56.530+0000] {dag.py:3229} INFO - Sync 1 DAGs
[2025-08-20T20:22:56.578+0000] {logging_mixin.py:190} INFO - [2025-08-20T20:22:56.578+0000] {dag.py:4156} INFO - Setting next_dagrun for example_short_circuit_operator to None, run_after=None
[2025-08-20T20:22:56.614+0000] {processor.py:208} INFO - Processing /home/airflow/.local/lib/python3.12/site-packages/airflow/example_dags/example_short_circuit_operator.py took 0.338 seconds
[2025-08-20T20:23:28.596+0000] {processor.py:186} INFO - Started process (PID=665) to work on /home/airflow/.local/lib/python3.12/site-packages/airflow/example_dags/example_short_circuit_operator.py
[2025-08-20T20:23:28.602+0000] {processor.py:914} INFO - Processing file /home/airflow/.local/lib/python3.12/site-packages/airflow/example_dags/example_short_circuit_operator.py for tasks to queue
[2025-08-20T20:23:28.605+0000] {logging_mixin.py:190} INFO - [2025-08-20T20:23:28.605+0000] {dagbag.py:587} INFO - Filling up the DagBag from /home/airflow/.local/lib/python3.12/site-packages/airflow/example_dags/example_short_circuit_operator.py
[2025-08-20T20:23:28.645+0000] {processor.py:925} INFO - DAG(s) 'example_short_circuit_operator' retrieved from /home/airflow/.local/lib/python3.12/site-packages/airflow/example_dags/example_short_circuit_operator.py
[2025-08-20T20:23:28.709+0000] {logging_mixin.py:190} INFO - [2025-08-20T20:23:28.709+0000] {dag.py:3229} INFO - Sync 1 DAGs
[2025-08-20T20:23:28.727+0000] {logging_mixin.py:190} INFO - [2025-08-20T20:23:28.726+0000] {dag.py:4156} INFO - Setting next_dagrun for example_short_circuit_operator to None, run_after=None
[2025-08-20T20:23:28.742+0000] {processor.py:208} INFO - Processing /home/airflow/.local/lib/python3.12/site-packages/airflow/example_dags/example_short_circuit_operator.py took 0.183 seconds
[2025-08-20T20:23:59.365+0000] {processor.py:186} INFO - Started process (PID=725) to work on /home/airflow/.local/lib/python3.12/site-packages/airflow/example_dags/example_short_circuit_operator.py
[2025-08-20T20:23:59.369+0000] {processor.py:914} INFO - Processing file /home/airflow/.local/lib/python3.12/site-packages/airflow/example_dags/example_short_circuit_operator.py for tasks to queue
[2025-08-20T20:23:59.379+0000] {logging_mixin.py:190} INFO - [2025-08-20T20:23:59.378+0000] {dagbag.py:587} INFO - Filling up the DagBag from /home/airflow/.local/lib/python3.12/site-packages/airflow/example_dags/example_short_circuit_operator.py
[2025-08-20T20:23:59.406+0000] {processor.py:925} INFO - DAG(s) 'example_short_circuit_operator' retrieved from /home/airflow/.local/lib/python3.12/site-packages/airflow/example_dags/example_short_circuit_operator.py
[2025-08-20T20:23:59.439+0000] {logging_mixin.py:190} INFO - [2025-08-20T20:23:59.439+0000] {dag.py:3229} INFO - Sync 1 DAGs
[2025-08-20T20:23:59.465+0000] {logging_mixin.py:190} INFO - [2025-08-20T20:23:59.465+0000] {dag.py:4156} INFO - Setting next_dagrun for example_short_circuit_operator to None, run_after=None
[2025-08-20T20:23:59.494+0000] {processor.py:208} INFO - Processing /home/airflow/.local/lib/python3.12/site-packages/airflow/example_dags/example_short_circuit_operator.py took 0.155 seconds
[2025-08-20T20:24:29.646+0000] {processor.py:186} INFO - Started process (PID=787) to work on /home/airflow/.local/lib/python3.12/site-packages/airflow/example_dags/example_short_circuit_operator.py
[2025-08-20T20:24:29.650+0000] {processor.py:914} INFO - Processing file /home/airflow/.local/lib/python3.12/site-packages/airflow/example_dags/example_short_circuit_operator.py for tasks to queue
[2025-08-20T20:24:29.657+0000] {logging_mixin.py:190} INFO - [2025-08-20T20:24:29.657+0000] {dagbag.py:587} INFO - Filling up the DagBag from /home/airflow/.local/lib/python3.12/site-packages/airflow/example_dags/example_short_circuit_operator.py
[2025-08-20T20:24:29.700+0000] {processor.py:925} INFO - DAG(s) 'example_short_circuit_operator' retrieved from /home/airflow/.local/lib/python3.12/site-packages/airflow/example_dags/example_short_circuit_operator.py
[2025-08-20T20:24:29.763+0000] {logging_mixin.py:190} INFO - [2025-08-20T20:24:29.763+0000] {dag.py:3229} INFO - Sync 1 DAGs
[2025-08-20T20:24:29.799+0000] {logging_mixin.py:190} INFO - [2025-08-20T20:24:29.799+0000] {dag.py:4156} INFO - Setting next_dagrun for example_short_circuit_operator to None, run_after=None
[2025-08-20T20:24:29.822+0000] {processor.py:208} INFO - Processing /home/airflow/.local/lib/python3.12/site-packages/airflow/example_dags/example_short_circuit_operator.py took 0.184 seconds
[2025-08-20T20:24:59.876+0000] {processor.py:186} INFO - Started process (PID=848) to work on /home/airflow/.local/lib/python3.12/site-packages/airflow/example_dags/example_short_circuit_operator.py
[2025-08-20T20:24:59.878+0000] {processor.py:914} INFO - Processing file /home/airflow/.local/lib/python3.12/site-packages/airflow/example_dags/example_short_circuit_operator.py for tasks to queue
[2025-08-20T20:24:59.882+0000] {logging_mixin.py:190} INFO - [2025-08-20T20:24:59.882+0000] {dagbag.py:587} INFO - Filling up the DagBag from /home/airflow/.local/lib/python3.12/site-packages/airflow/example_dags/example_short_circuit_operator.py
[2025-08-20T20:24:59.899+0000] {processor.py:925} INFO - DAG(s) 'example_short_circuit_operator' retrieved from /home/airflow/.local/lib/python3.12/site-packages/airflow/example_dags/example_short_circuit_operator.py
[2025-08-20T20:24:59.938+0000] {logging_mixin.py:190} INFO - [2025-08-20T20:24:59.938+0000] {dag.py:3229} INFO - Sync 1 DAGs
[2025-08-20T20:24:59.954+0000] {logging_mixin.py:190} INFO - [2025-08-20T20:24:59.953+0000] {dag.py:4156} INFO - Setting next_dagrun for example_short_circuit_operator to None, run_after=None
[2025-08-20T20:24:59.975+0000] {processor.py:208} INFO - Processing /home/airflow/.local/lib/python3.12/site-packages/airflow/example_dags/example_short_circuit_operator.py took 0.106 seconds
[2025-08-20T20:25:30.075+0000] {processor.py:186} INFO - Started process (PID=903) to work on /home/airflow/.local/lib/python3.12/site-packages/airflow/example_dags/example_short_circuit_operator.py
[2025-08-20T20:25:30.080+0000] {processor.py:914} INFO - Processing file /home/airflow/.local/lib/python3.12/site-packages/airflow/example_dags/example_short_circuit_operator.py for tasks to queue
[2025-08-20T20:25:30.083+0000] {logging_mixin.py:190} INFO - [2025-08-20T20:25:30.083+0000] {dagbag.py:587} INFO - Filling up the DagBag from /home/airflow/.local/lib/python3.12/site-packages/airflow/example_dags/example_short_circuit_operator.py
[2025-08-20T20:25:30.109+0000] {processor.py:925} INFO - DAG(s) 'example_short_circuit_operator' retrieved from /home/airflow/.local/lib/python3.12/site-packages/airflow/example_dags/example_short_circuit_operator.py
[2025-08-20T20:25:30.163+0000] {logging_mixin.py:190} INFO - [2025-08-20T20:25:30.163+0000] {dag.py:3229} INFO - Sync 1 DAGs
[2025-08-20T20:25:30.184+0000] {logging_mixin.py:190} INFO - [2025-08-20T20:25:30.184+0000] {dag.py:4156} INFO - Setting next_dagrun for example_short_circuit_operator to None, run_after=None
[2025-08-20T20:25:30.205+0000] {processor.py:208} INFO - Processing /home/airflow/.local/lib/python3.12/site-packages/airflow/example_dags/example_short_circuit_operator.py took 0.148 seconds
[2025-08-20T20:26:00.749+0000] {processor.py:186} INFO - Started process (PID=965) to work on /home/airflow/.local/lib/python3.12/site-packages/airflow/example_dags/example_short_circuit_operator.py
[2025-08-20T20:26:00.751+0000] {processor.py:914} INFO - Processing file /home/airflow/.local/lib/python3.12/site-packages/airflow/example_dags/example_short_circuit_operator.py for tasks to queue
[2025-08-20T20:26:00.757+0000] {logging_mixin.py:190} INFO - [2025-08-20T20:26:00.757+0000] {dagbag.py:587} INFO - Filling up the DagBag from /home/airflow/.local/lib/python3.12/site-packages/airflow/example_dags/example_short_circuit_operator.py
[2025-08-20T20:26:00.784+0000] {processor.py:925} INFO - DAG(s) 'example_short_circuit_operator' retrieved from /home/airflow/.local/lib/python3.12/site-packages/airflow/example_dags/example_short_circuit_operator.py
[2025-08-20T20:26:00.837+0000] {logging_mixin.py:190} INFO - [2025-08-20T20:26:00.837+0000] {dag.py:3229} INFO - Sync 1 DAGs
[2025-08-20T20:26:00.870+0000] {logging_mixin.py:190} INFO - [2025-08-20T20:26:00.870+0000] {dag.py:4156} INFO - Setting next_dagrun for example_short_circuit_operator to None, run_after=None
[2025-08-20T20:26:01.060+0000] {processor.py:208} INFO - Processing /home/airflow/.local/lib/python3.12/site-packages/airflow/example_dags/example_short_circuit_operator.py took 0.335 seconds
[2025-08-20T20:26:31.344+0000] {processor.py:186} INFO - Started process (PID=1027) to work on /home/airflow/.local/lib/python3.12/site-packages/airflow/example_dags/example_short_circuit_operator.py
[2025-08-20T20:26:31.346+0000] {processor.py:914} INFO - Processing file /home/airflow/.local/lib/python3.12/site-packages/airflow/example_dags/example_short_circuit_operator.py for tasks to queue
[2025-08-20T20:26:31.355+0000] {logging_mixin.py:190} INFO - [2025-08-20T20:26:31.355+0000] {dagbag.py:587} INFO - Filling up the DagBag from /home/airflow/.local/lib/python3.12/site-packages/airflow/example_dags/example_short_circuit_operator.py
[2025-08-20T20:26:31.386+0000] {processor.py:925} INFO - DAG(s) 'example_short_circuit_operator' retrieved from /home/airflow/.local/lib/python3.12/site-packages/airflow/example_dags/example_short_circuit_operator.py
[2025-08-20T20:26:31.430+0000] {logging_mixin.py:190} INFO - [2025-08-20T20:26:31.430+0000] {dag.py:3229} INFO - Sync 1 DAGs
[2025-08-20T20:26:31.464+0000] {logging_mixin.py:190} INFO - [2025-08-20T20:26:31.464+0000] {dag.py:4156} INFO - Setting next_dagrun for example_short_circuit_operator to None, run_after=None
[2025-08-20T20:26:31.489+0000] {processor.py:208} INFO - Processing /home/airflow/.local/lib/python3.12/site-packages/airflow/example_dags/example_short_circuit_operator.py took 0.159 seconds
[2025-08-20T20:27:01.666+0000] {processor.py:186} INFO - Started process (PID=1089) to work on /home/airflow/.local/lib/python3.12/site-packages/airflow/example_dags/example_short_circuit_operator.py
[2025-08-20T20:27:01.672+0000] {processor.py:914} INFO - Processing file /home/airflow/.local/lib/python3.12/site-packages/airflow/example_dags/example_short_circuit_operator.py for tasks to queue
[2025-08-20T20:27:01.698+0000] {logging_mixin.py:190} INFO - [2025-08-20T20:27:01.692+0000] {dagbag.py:587} INFO - Filling up the DagBag from /home/airflow/.local/lib/python3.12/site-packages/airflow/example_dags/example_short_circuit_operator.py
[2025-08-20T20:27:01.750+0000] {processor.py:925} INFO - DAG(s) 'example_short_circuit_operator' retrieved from /home/airflow/.local/lib/python3.12/site-packages/airflow/example_dags/example_short_circuit_operator.py
[2025-08-20T20:27:01.806+0000] {logging_mixin.py:190} INFO - [2025-08-20T20:27:01.805+0000] {dag.py:3229} INFO - Sync 1 DAGs
[2025-08-20T20:27:01.843+0000] {logging_mixin.py:190} INFO - [2025-08-20T20:27:01.842+0000] {dag.py:4156} INFO - Setting next_dagrun for example_short_circuit_operator to None, run_after=None
[2025-08-20T20:27:01.877+0000] {processor.py:208} INFO - Processing /home/airflow/.local/lib/python3.12/site-packages/airflow/example_dags/example_short_circuit_operator.py took 0.251 seconds
