[2025-08-20T20:18:26.425+0000] {processor.py:186} INFO - Started process (PID=90) to work on /home/airflow/.local/lib/python3.12/site-packages/airflow/example_dags/example_local_kubernetes_executor.py
[2025-08-20T20:18:26.427+0000] {processor.py:914} INFO - Processing file /home/airflow/.local/lib/python3.12/site-packages/airflow/example_dags/example_local_kubernetes_executor.py for tasks to queue
[2025-08-20T20:18:26.440+0000] {logging_mixin.py:190} INFO - [2025-08-20T20:18:26.437+0000] {dagbag.py:587} INFO - Filling up the DagBag from /home/airflow/.local/lib/python3.12/site-packages/airflow/example_dags/example_local_kubernetes_executor.py
[2025-08-20T20:18:26.554+0000] {processor.py:925} INFO - DAG(s) 'example_local_kubernetes_executor' retrieved from /home/airflow/.local/lib/python3.12/site-packages/airflow/example_dags/example_local_kubernetes_executor.py
[2025-08-20T20:18:27.167+0000] {logging_mixin.py:190} INFO - [2025-08-20T20:18:27.165+0000] {override.py:1900} INFO - Created Permission View: can read on DAG:example_local_kubernetes_executor
[2025-08-20T20:18:27.202+0000] {logging_mixin.py:190} INFO - [2025-08-20T20:18:27.201+0000] {override.py:1900} INFO - Created Permission View: can delete on DAG:example_local_kubernetes_executor
[2025-08-20T20:18:27.212+0000] {logging_mixin.py:190} INFO - [2025-08-20T20:18:27.212+0000] {override.py:1900} INFO - Created Permission View: can edit on DAG:example_local_kubernetes_executor
[2025-08-20T20:18:27.227+0000] {logging_mixin.py:190} INFO - [2025-08-20T20:18:27.226+0000] {override.py:1900} INFO - Created Permission View: can read on DAG Run:example_local_kubernetes_executor
[2025-08-20T20:18:27.236+0000] {logging_mixin.py:190} INFO - [2025-08-20T20:18:27.236+0000] {override.py:1900} INFO - Created Permission View: menu access on DAG Run:example_local_kubernetes_executor
[2025-08-20T20:18:27.243+0000] {logging_mixin.py:190} INFO - [2025-08-20T20:18:27.243+0000] {override.py:1900} INFO - Created Permission View: can delete on DAG Run:example_local_kubernetes_executor
[2025-08-20T20:18:27.250+0000] {logging_mixin.py:190} INFO - [2025-08-20T20:18:27.250+0000] {override.py:1900} INFO - Created Permission View: can create on DAG Run:example_local_kubernetes_executor
[2025-08-20T20:18:27.251+0000] {logging_mixin.py:190} INFO - [2025-08-20T20:18:27.251+0000] {dag.py:3229} INFO - Sync 1 DAGs
[2025-08-20T20:18:27.287+0000] {logging_mixin.py:190} INFO - [2025-08-20T20:18:27.286+0000] {dag.py:3252} INFO - Creating ORM DAG for example_local_kubernetes_executor
[2025-08-20T20:18:27.300+0000] {logging_mixin.py:190} INFO - [2025-08-20T20:18:27.300+0000] {dag.py:4156} INFO - Setting next_dagrun for example_local_kubernetes_executor to None, run_after=None
[2025-08-20T20:18:27.362+0000] {processor.py:208} INFO - Processing /home/airflow/.local/lib/python3.12/site-packages/airflow/example_dags/example_local_kubernetes_executor.py took 0.964 seconds
[2025-08-20T20:18:57.668+0000] {processor.py:186} INFO - Started process (PID=152) to work on /home/airflow/.local/lib/python3.12/site-packages/airflow/example_dags/example_local_kubernetes_executor.py
[2025-08-20T20:18:57.671+0000] {processor.py:914} INFO - Processing file /home/airflow/.local/lib/python3.12/site-packages/airflow/example_dags/example_local_kubernetes_executor.py for tasks to queue
[2025-08-20T20:18:57.674+0000] {logging_mixin.py:190} INFO - [2025-08-20T20:18:57.673+0000] {dagbag.py:587} INFO - Filling up the DagBag from /home/airflow/.local/lib/python3.12/site-packages/airflow/example_dags/example_local_kubernetes_executor.py
[2025-08-20T20:18:57.811+0000] {processor.py:925} INFO - DAG(s) 'example_local_kubernetes_executor' retrieved from /home/airflow/.local/lib/python3.12/site-packages/airflow/example_dags/example_local_kubernetes_executor.py
[2025-08-20T20:18:57.934+0000] {logging_mixin.py:190} INFO - [2025-08-20T20:18:57.933+0000] {dag.py:3229} INFO - Sync 1 DAGs
[2025-08-20T20:18:58.010+0000] {logging_mixin.py:190} INFO - [2025-08-20T20:18:58.009+0000] {dag.py:4156} INFO - Setting next_dagrun for example_local_kubernetes_executor to None, run_after=None
[2025-08-20T20:18:58.090+0000] {processor.py:208} INFO - Processing /home/airflow/.local/lib/python3.12/site-packages/airflow/example_dags/example_local_kubernetes_executor.py took 0.446 seconds
[2025-08-20T20:19:29.856+0000] {processor.py:186} INFO - Started process (PID=220) to work on /home/airflow/.local/lib/python3.12/site-packages/airflow/example_dags/example_local_kubernetes_executor.py
[2025-08-20T20:19:29.875+0000] {processor.py:914} INFO - Processing file /home/airflow/.local/lib/python3.12/site-packages/airflow/example_dags/example_local_kubernetes_executor.py for tasks to queue
[2025-08-20T20:19:29.915+0000] {logging_mixin.py:190} INFO - [2025-08-20T20:19:29.912+0000] {dagbag.py:587} INFO - Filling up the DagBag from /home/airflow/.local/lib/python3.12/site-packages/airflow/example_dags/example_local_kubernetes_executor.py
[2025-08-20T20:19:30.094+0000] {processor.py:925} INFO - DAG(s) 'example_local_kubernetes_executor' retrieved from /home/airflow/.local/lib/python3.12/site-packages/airflow/example_dags/example_local_kubernetes_executor.py
[2025-08-20T20:19:30.418+0000] {logging_mixin.py:190} INFO - [2025-08-20T20:19:30.417+0000] {dag.py:3229} INFO - Sync 1 DAGs
[2025-08-20T20:19:30.511+0000] {logging_mixin.py:190} INFO - [2025-08-20T20:19:30.510+0000] {dag.py:4156} INFO - Setting next_dagrun for example_local_kubernetes_executor to None, run_after=None
[2025-08-20T20:19:30.942+0000] {processor.py:208} INFO - Processing /home/airflow/.local/lib/python3.12/site-packages/airflow/example_dags/example_local_kubernetes_executor.py took 1.142 seconds
[2025-08-20T20:20:01.873+0000] {processor.py:186} INFO - Started process (PID=282) to work on /home/airflow/.local/lib/python3.12/site-packages/airflow/example_dags/example_local_kubernetes_executor.py
[2025-08-20T20:20:01.882+0000] {processor.py:914} INFO - Processing file /home/airflow/.local/lib/python3.12/site-packages/airflow/example_dags/example_local_kubernetes_executor.py for tasks to queue
[2025-08-20T20:20:01.905+0000] {logging_mixin.py:190} INFO - [2025-08-20T20:20:01.901+0000] {dagbag.py:587} INFO - Filling up the DagBag from /home/airflow/.local/lib/python3.12/site-packages/airflow/example_dags/example_local_kubernetes_executor.py
[2025-08-20T20:20:01.985+0000] {processor.py:925} INFO - DAG(s) 'example_local_kubernetes_executor' retrieved from /home/airflow/.local/lib/python3.12/site-packages/airflow/example_dags/example_local_kubernetes_executor.py
[2025-08-20T20:20:02.283+0000] {logging_mixin.py:190} INFO - [2025-08-20T20:20:02.283+0000] {dag.py:3229} INFO - Sync 1 DAGs
[2025-08-20T20:20:02.403+0000] {logging_mixin.py:190} INFO - [2025-08-20T20:20:02.403+0000] {dag.py:4156} INFO - Setting next_dagrun for example_local_kubernetes_executor to None, run_after=None
[2025-08-20T20:20:02.454+0000] {processor.py:208} INFO - Processing /home/airflow/.local/lib/python3.12/site-packages/airflow/example_dags/example_local_kubernetes_executor.py took 0.640 seconds
[2025-08-20T20:20:40.453+0000] {processor.py:186} INFO - Started process (PID=344) to work on /home/airflow/.local/lib/python3.12/site-packages/airflow/example_dags/example_local_kubernetes_executor.py
[2025-08-20T20:20:40.458+0000] {processor.py:914} INFO - Processing file /home/airflow/.local/lib/python3.12/site-packages/airflow/example_dags/example_local_kubernetes_executor.py for tasks to queue
[2025-08-20T20:20:40.463+0000] {logging_mixin.py:190} INFO - [2025-08-20T20:20:40.462+0000] {dagbag.py:587} INFO - Filling up the DagBag from /home/airflow/.local/lib/python3.12/site-packages/airflow/example_dags/example_local_kubernetes_executor.py
[2025-08-20T20:20:40.545+0000] {processor.py:925} INFO - DAG(s) 'example_local_kubernetes_executor' retrieved from /home/airflow/.local/lib/python3.12/site-packages/airflow/example_dags/example_local_kubernetes_executor.py
[2025-08-20T20:20:40.690+0000] {logging_mixin.py:190} INFO - [2025-08-20T20:20:40.690+0000] {dag.py:3229} INFO - Sync 1 DAGs
[2025-08-20T20:20:40.776+0000] {logging_mixin.py:190} INFO - [2025-08-20T20:20:40.776+0000] {dag.py:4156} INFO - Setting next_dagrun for example_local_kubernetes_executor to None, run_after=None
[2025-08-20T20:20:40.799+0000] {processor.py:208} INFO - Processing /home/airflow/.local/lib/python3.12/site-packages/airflow/example_dags/example_local_kubernetes_executor.py took 0.368 seconds
[2025-08-20T20:21:11.288+0000] {processor.py:186} INFO - Started process (PID=405) to work on /home/airflow/.local/lib/python3.12/site-packages/airflow/example_dags/example_local_kubernetes_executor.py
[2025-08-20T20:21:11.292+0000] {processor.py:914} INFO - Processing file /home/airflow/.local/lib/python3.12/site-packages/airflow/example_dags/example_local_kubernetes_executor.py for tasks to queue
[2025-08-20T20:21:11.407+0000] {logging_mixin.py:190} INFO - [2025-08-20T20:21:11.406+0000] {dagbag.py:587} INFO - Filling up the DagBag from /home/airflow/.local/lib/python3.12/site-packages/airflow/example_dags/example_local_kubernetes_executor.py
[2025-08-20T20:21:11.616+0000] {processor.py:925} INFO - DAG(s) 'example_local_kubernetes_executor' retrieved from /home/airflow/.local/lib/python3.12/site-packages/airflow/example_dags/example_local_kubernetes_executor.py
[2025-08-20T20:21:12.322+0000] {logging_mixin.py:190} INFO - [2025-08-20T20:21:12.321+0000] {dag.py:3229} INFO - Sync 1 DAGs
[2025-08-20T20:21:12.438+0000] {logging_mixin.py:190} INFO - [2025-08-20T20:21:12.437+0000] {dag.py:4156} INFO - Setting next_dagrun for example_local_kubernetes_executor to None, run_after=None
[2025-08-20T20:21:12.690+0000] {processor.py:208} INFO - Processing /home/airflow/.local/lib/python3.12/site-packages/airflow/example_dags/example_local_kubernetes_executor.py took 1.425 seconds
[2025-08-20T20:21:43.335+0000] {processor.py:186} INFO - Started process (PID=467) to work on /home/airflow/.local/lib/python3.12/site-packages/airflow/example_dags/example_local_kubernetes_executor.py
[2025-08-20T20:21:43.354+0000] {processor.py:914} INFO - Processing file /home/airflow/.local/lib/python3.12/site-packages/airflow/example_dags/example_local_kubernetes_executor.py for tasks to queue
[2025-08-20T20:21:43.386+0000] {logging_mixin.py:190} INFO - [2025-08-20T20:21:43.383+0000] {dagbag.py:587} INFO - Filling up the DagBag from /home/airflow/.local/lib/python3.12/site-packages/airflow/example_dags/example_local_kubernetes_executor.py
[2025-08-20T20:21:43.515+0000] {processor.py:925} INFO - DAG(s) 'example_local_kubernetes_executor' retrieved from /home/airflow/.local/lib/python3.12/site-packages/airflow/example_dags/example_local_kubernetes_executor.py
[2025-08-20T20:21:43.817+0000] {logging_mixin.py:190} INFO - [2025-08-20T20:21:43.817+0000] {dag.py:3229} INFO - Sync 1 DAGs
[2025-08-20T20:21:43.887+0000] {logging_mixin.py:190} INFO - [2025-08-20T20:21:43.886+0000] {dag.py:4156} INFO - Setting next_dagrun for example_local_kubernetes_executor to None, run_after=None
[2025-08-20T20:21:43.952+0000] {processor.py:208} INFO - Processing /home/airflow/.local/lib/python3.12/site-packages/airflow/example_dags/example_local_kubernetes_executor.py took 0.705 seconds
[2025-08-20T20:22:14.455+0000] {processor.py:186} INFO - Started process (PID=529) to work on /home/airflow/.local/lib/python3.12/site-packages/airflow/example_dags/example_local_kubernetes_executor.py
[2025-08-20T20:22:14.477+0000] {processor.py:914} INFO - Processing file /home/airflow/.local/lib/python3.12/site-packages/airflow/example_dags/example_local_kubernetes_executor.py for tasks to queue
[2025-08-20T20:22:14.500+0000] {logging_mixin.py:190} INFO - [2025-08-20T20:22:14.499+0000] {dagbag.py:587} INFO - Filling up the DagBag from /home/airflow/.local/lib/python3.12/site-packages/airflow/example_dags/example_local_kubernetes_executor.py
[2025-08-20T20:22:14.670+0000] {processor.py:925} INFO - DAG(s) 'example_local_kubernetes_executor' retrieved from /home/airflow/.local/lib/python3.12/site-packages/airflow/example_dags/example_local_kubernetes_executor.py
[2025-08-20T20:22:14.987+0000] {logging_mixin.py:190} INFO - [2025-08-20T20:22:14.986+0000] {dag.py:3229} INFO - Sync 1 DAGs
[2025-08-20T20:22:15.163+0000] {logging_mixin.py:190} INFO - [2025-08-20T20:22:15.163+0000] {dag.py:4156} INFO - Setting next_dagrun for example_local_kubernetes_executor to None, run_after=None
[2025-08-20T20:22:15.269+0000] {processor.py:208} INFO - Processing /home/airflow/.local/lib/python3.12/site-packages/airflow/example_dags/example_local_kubernetes_executor.py took 0.877 seconds
[2025-08-20T20:22:46.935+0000] {processor.py:186} INFO - Started process (PID=591) to work on /home/airflow/.local/lib/python3.12/site-packages/airflow/example_dags/example_local_kubernetes_executor.py
[2025-08-20T20:22:46.937+0000] {processor.py:914} INFO - Processing file /home/airflow/.local/lib/python3.12/site-packages/airflow/example_dags/example_local_kubernetes_executor.py for tasks to queue
[2025-08-20T20:22:46.939+0000] {logging_mixin.py:190} INFO - [2025-08-20T20:22:46.939+0000] {dagbag.py:587} INFO - Filling up the DagBag from /home/airflow/.local/lib/python3.12/site-packages/airflow/example_dags/example_local_kubernetes_executor.py
[2025-08-20T20:22:46.954+0000] {processor.py:925} INFO - DAG(s) 'example_local_kubernetes_executor' retrieved from /home/airflow/.local/lib/python3.12/site-packages/airflow/example_dags/example_local_kubernetes_executor.py
[2025-08-20T20:22:47.021+0000] {logging_mixin.py:190} INFO - [2025-08-20T20:22:47.021+0000] {dag.py:3229} INFO - Sync 1 DAGs
[2025-08-20T20:22:47.061+0000] {logging_mixin.py:190} INFO - [2025-08-20T20:22:47.060+0000] {dag.py:4156} INFO - Setting next_dagrun for example_local_kubernetes_executor to None, run_after=None
[2025-08-20T20:22:47.086+0000] {processor.py:208} INFO - Processing /home/airflow/.local/lib/python3.12/site-packages/airflow/example_dags/example_local_kubernetes_executor.py took 0.156 seconds
[2025-08-20T20:23:19.545+0000] {processor.py:186} INFO - Started process (PID=653) to work on /home/airflow/.local/lib/python3.12/site-packages/airflow/example_dags/example_local_kubernetes_executor.py
[2025-08-20T20:23:19.549+0000] {processor.py:914} INFO - Processing file /home/airflow/.local/lib/python3.12/site-packages/airflow/example_dags/example_local_kubernetes_executor.py for tasks to queue
[2025-08-20T20:23:19.551+0000] {logging_mixin.py:190} INFO - [2025-08-20T20:23:19.551+0000] {dagbag.py:587} INFO - Filling up the DagBag from /home/airflow/.local/lib/python3.12/site-packages/airflow/example_dags/example_local_kubernetes_executor.py
[2025-08-20T20:23:19.569+0000] {processor.py:925} INFO - DAG(s) 'example_local_kubernetes_executor' retrieved from /home/airflow/.local/lib/python3.12/site-packages/airflow/example_dags/example_local_kubernetes_executor.py
[2025-08-20T20:23:19.618+0000] {logging_mixin.py:190} INFO - [2025-08-20T20:23:19.618+0000] {dag.py:3229} INFO - Sync 1 DAGs
[2025-08-20T20:23:19.639+0000] {logging_mixin.py:190} INFO - [2025-08-20T20:23:19.638+0000] {dag.py:4156} INFO - Setting next_dagrun for example_local_kubernetes_executor to None, run_after=None
[2025-08-20T20:23:19.654+0000] {processor.py:208} INFO - Processing /home/airflow/.local/lib/python3.12/site-packages/airflow/example_dags/example_local_kubernetes_executor.py took 0.117 seconds
[2025-08-20T20:23:51.450+0000] {processor.py:186} INFO - Started process (PID=715) to work on /home/airflow/.local/lib/python3.12/site-packages/airflow/example_dags/example_local_kubernetes_executor.py
[2025-08-20T20:23:51.454+0000] {processor.py:914} INFO - Processing file /home/airflow/.local/lib/python3.12/site-packages/airflow/example_dags/example_local_kubernetes_executor.py for tasks to queue
[2025-08-20T20:23:51.462+0000] {logging_mixin.py:190} INFO - [2025-08-20T20:23:51.460+0000] {dagbag.py:587} INFO - Filling up the DagBag from /home/airflow/.local/lib/python3.12/site-packages/airflow/example_dags/example_local_kubernetes_executor.py
[2025-08-20T20:23:51.487+0000] {processor.py:925} INFO - DAG(s) 'example_local_kubernetes_executor' retrieved from /home/airflow/.local/lib/python3.12/site-packages/airflow/example_dags/example_local_kubernetes_executor.py
[2025-08-20T20:23:51.598+0000] {logging_mixin.py:190} INFO - [2025-08-20T20:23:51.598+0000] {dag.py:3229} INFO - Sync 1 DAGs
[2025-08-20T20:23:51.629+0000] {logging_mixin.py:190} INFO - [2025-08-20T20:23:51.628+0000] {dag.py:4156} INFO - Setting next_dagrun for example_local_kubernetes_executor to None, run_after=None
[2025-08-20T20:23:51.677+0000] {processor.py:208} INFO - Processing /home/airflow/.local/lib/python3.12/site-packages/airflow/example_dags/example_local_kubernetes_executor.py took 0.239 seconds
[2025-08-20T20:24:23.588+0000] {processor.py:186} INFO - Started process (PID=777) to work on /home/airflow/.local/lib/python3.12/site-packages/airflow/example_dags/example_local_kubernetes_executor.py
[2025-08-20T20:24:23.590+0000] {processor.py:914} INFO - Processing file /home/airflow/.local/lib/python3.12/site-packages/airflow/example_dags/example_local_kubernetes_executor.py for tasks to queue
[2025-08-20T20:24:23.591+0000] {logging_mixin.py:190} INFO - [2025-08-20T20:24:23.591+0000] {dagbag.py:587} INFO - Filling up the DagBag from /home/airflow/.local/lib/python3.12/site-packages/airflow/example_dags/example_local_kubernetes_executor.py
[2025-08-20T20:24:23.611+0000] {processor.py:925} INFO - DAG(s) 'example_local_kubernetes_executor' retrieved from /home/airflow/.local/lib/python3.12/site-packages/airflow/example_dags/example_local_kubernetes_executor.py
[2025-08-20T20:24:23.759+0000] {logging_mixin.py:190} INFO - [2025-08-20T20:24:23.759+0000] {dag.py:3229} INFO - Sync 1 DAGs
[2025-08-20T20:24:23.819+0000] {logging_mixin.py:190} INFO - [2025-08-20T20:24:23.819+0000] {dag.py:4156} INFO - Setting next_dagrun for example_local_kubernetes_executor to None, run_after=None
[2025-08-20T20:24:23.844+0000] {processor.py:208} INFO - Processing /home/airflow/.local/lib/python3.12/site-packages/airflow/example_dags/example_local_kubernetes_executor.py took 0.266 seconds
[2025-08-20T20:24:54.177+0000] {processor.py:186} INFO - Started process (PID=838) to work on /home/airflow/.local/lib/python3.12/site-packages/airflow/example_dags/example_local_kubernetes_executor.py
[2025-08-20T20:24:54.179+0000] {processor.py:914} INFO - Processing file /home/airflow/.local/lib/python3.12/site-packages/airflow/example_dags/example_local_kubernetes_executor.py for tasks to queue
[2025-08-20T20:24:54.180+0000] {logging_mixin.py:190} INFO - [2025-08-20T20:24:54.180+0000] {dagbag.py:587} INFO - Filling up the DagBag from /home/airflow/.local/lib/python3.12/site-packages/airflow/example_dags/example_local_kubernetes_executor.py
[2025-08-20T20:24:54.189+0000] {processor.py:925} INFO - DAG(s) 'example_local_kubernetes_executor' retrieved from /home/airflow/.local/lib/python3.12/site-packages/airflow/example_dags/example_local_kubernetes_executor.py
[2025-08-20T20:24:54.222+0000] {logging_mixin.py:190} INFO - [2025-08-20T20:24:54.221+0000] {dag.py:3229} INFO - Sync 1 DAGs
[2025-08-20T20:24:54.233+0000] {logging_mixin.py:190} INFO - [2025-08-20T20:24:54.233+0000] {dag.py:4156} INFO - Setting next_dagrun for example_local_kubernetes_executor to None, run_after=None
[2025-08-20T20:24:54.246+0000] {processor.py:208} INFO - Processing /home/airflow/.local/lib/python3.12/site-packages/airflow/example_dags/example_local_kubernetes_executor.py took 0.073 seconds
[2025-08-20T20:25:24.816+0000] {processor.py:186} INFO - Started process (PID=900) to work on /home/airflow/.local/lib/python3.12/site-packages/airflow/example_dags/example_local_kubernetes_executor.py
[2025-08-20T20:25:24.821+0000] {processor.py:914} INFO - Processing file /home/airflow/.local/lib/python3.12/site-packages/airflow/example_dags/example_local_kubernetes_executor.py for tasks to queue
[2025-08-20T20:25:24.822+0000] {logging_mixin.py:190} INFO - [2025-08-20T20:25:24.822+0000] {dagbag.py:587} INFO - Filling up the DagBag from /home/airflow/.local/lib/python3.12/site-packages/airflow/example_dags/example_local_kubernetes_executor.py
[2025-08-20T20:25:24.835+0000] {processor.py:925} INFO - DAG(s) 'example_local_kubernetes_executor' retrieved from /home/airflow/.local/lib/python3.12/site-packages/airflow/example_dags/example_local_kubernetes_executor.py
[2025-08-20T20:25:24.859+0000] {logging_mixin.py:190} INFO - [2025-08-20T20:25:24.859+0000] {dag.py:3229} INFO - Sync 1 DAGs
[2025-08-20T20:25:24.869+0000] {logging_mixin.py:190} INFO - [2025-08-20T20:25:24.869+0000] {dag.py:4156} INFO - Setting next_dagrun for example_local_kubernetes_executor to None, run_after=None
[2025-08-20T20:25:24.892+0000] {processor.py:208} INFO - Processing /home/airflow/.local/lib/python3.12/site-packages/airflow/example_dags/example_local_kubernetes_executor.py took 0.079 seconds
[2025-08-20T20:25:55.399+0000] {processor.py:186} INFO - Started process (PID=962) to work on /home/airflow/.local/lib/python3.12/site-packages/airflow/example_dags/example_local_kubernetes_executor.py
[2025-08-20T20:25:55.400+0000] {processor.py:914} INFO - Processing file /home/airflow/.local/lib/python3.12/site-packages/airflow/example_dags/example_local_kubernetes_executor.py for tasks to queue
[2025-08-20T20:25:55.402+0000] {logging_mixin.py:190} INFO - [2025-08-20T20:25:55.402+0000] {dagbag.py:587} INFO - Filling up the DagBag from /home/airflow/.local/lib/python3.12/site-packages/airflow/example_dags/example_local_kubernetes_executor.py
[2025-08-20T20:25:55.410+0000] {processor.py:925} INFO - DAG(s) 'example_local_kubernetes_executor' retrieved from /home/airflow/.local/lib/python3.12/site-packages/airflow/example_dags/example_local_kubernetes_executor.py
[2025-08-20T20:25:55.437+0000] {logging_mixin.py:190} INFO - [2025-08-20T20:25:55.436+0000] {dag.py:3229} INFO - Sync 1 DAGs
[2025-08-20T20:25:55.448+0000] {logging_mixin.py:190} INFO - [2025-08-20T20:25:55.447+0000] {dag.py:4156} INFO - Setting next_dagrun for example_local_kubernetes_executor to None, run_after=None
[2025-08-20T20:25:55.463+0000] {processor.py:208} INFO - Processing /home/airflow/.local/lib/python3.12/site-packages/airflow/example_dags/example_local_kubernetes_executor.py took 0.067 seconds
[2025-08-20T20:26:26.039+0000] {processor.py:186} INFO - Started process (PID=1024) to work on /home/airflow/.local/lib/python3.12/site-packages/airflow/example_dags/example_local_kubernetes_executor.py
[2025-08-20T20:26:26.040+0000] {processor.py:914} INFO - Processing file /home/airflow/.local/lib/python3.12/site-packages/airflow/example_dags/example_local_kubernetes_executor.py for tasks to queue
[2025-08-20T20:26:26.042+0000] {logging_mixin.py:190} INFO - [2025-08-20T20:26:26.042+0000] {dagbag.py:587} INFO - Filling up the DagBag from /home/airflow/.local/lib/python3.12/site-packages/airflow/example_dags/example_local_kubernetes_executor.py
[2025-08-20T20:26:26.048+0000] {processor.py:925} INFO - DAG(s) 'example_local_kubernetes_executor' retrieved from /home/airflow/.local/lib/python3.12/site-packages/airflow/example_dags/example_local_kubernetes_executor.py
[2025-08-20T20:26:26.071+0000] {logging_mixin.py:190} INFO - [2025-08-20T20:26:26.071+0000] {dag.py:3229} INFO - Sync 1 DAGs
[2025-08-20T20:26:26.079+0000] {logging_mixin.py:190} INFO - [2025-08-20T20:26:26.078+0000] {dag.py:4156} INFO - Setting next_dagrun for example_local_kubernetes_executor to None, run_after=None
[2025-08-20T20:26:26.096+0000] {processor.py:208} INFO - Processing /home/airflow/.local/lib/python3.12/site-packages/airflow/example_dags/example_local_kubernetes_executor.py took 0.062 seconds
[2025-08-20T20:26:57.267+0000] {processor.py:186} INFO - Started process (PID=1086) to work on /home/airflow/.local/lib/python3.12/site-packages/airflow/example_dags/example_local_kubernetes_executor.py
[2025-08-20T20:26:57.268+0000] {processor.py:914} INFO - Processing file /home/airflow/.local/lib/python3.12/site-packages/airflow/example_dags/example_local_kubernetes_executor.py for tasks to queue
[2025-08-20T20:26:57.270+0000] {logging_mixin.py:190} INFO - [2025-08-20T20:26:57.270+0000] {dagbag.py:587} INFO - Filling up the DagBag from /home/airflow/.local/lib/python3.12/site-packages/airflow/example_dags/example_local_kubernetes_executor.py
[2025-08-20T20:26:57.278+0000] {processor.py:925} INFO - DAG(s) 'example_local_kubernetes_executor' retrieved from /home/airflow/.local/lib/python3.12/site-packages/airflow/example_dags/example_local_kubernetes_executor.py
[2025-08-20T20:26:57.303+0000] {logging_mixin.py:190} INFO - [2025-08-20T20:26:57.303+0000] {dag.py:3229} INFO - Sync 1 DAGs
[2025-08-20T20:26:57.312+0000] {logging_mixin.py:190} INFO - [2025-08-20T20:26:57.312+0000] {dag.py:4156} INFO - Setting next_dagrun for example_local_kubernetes_executor to None, run_after=None
[2025-08-20T20:26:57.323+0000] {processor.py:208} INFO - Processing /home/airflow/.local/lib/python3.12/site-packages/airflow/example_dags/example_local_kubernetes_executor.py took 0.061 seconds
