[2025-08-20T20:18:15.622+0000] {processor.py:186} INFO - Started process (PID=72) to work on /home/airflow/.local/lib/python3.12/site-packages/airflow/example_dags/example_external_task_marker_dag.py
[2025-08-20T20:18:15.625+0000] {processor.py:914} INFO - Processing file /home/airflow/.local/lib/python3.12/site-packages/airflow/example_dags/example_external_task_marker_dag.py for tasks to queue
[2025-08-20T20:18:15.635+0000] {logging_mixin.py:190} INFO - [2025-08-20T20:18:15.634+0000] {dagbag.py:587} INFO - Filling up the DagBag from /home/airflow/.local/lib/python3.12/site-packages/airflow/example_dags/example_external_task_marker_dag.py
[2025-08-20T20:18:15.704+0000] {processor.py:925} INFO - DAG(s) 'example_external_task_marker_parent', 'example_external_task_marker_child' retrieved from /home/airflow/.local/lib/python3.12/site-packages/airflow/example_dags/example_external_task_marker_dag.py
[2025-08-20T20:18:16.667+0000] {logging_mixin.py:190} INFO - [2025-08-20T20:18:16.661+0000] {override.py:1900} INFO - Created Permission View: can read on DAG:example_external_task_marker_parent
[2025-08-20T20:18:16.695+0000] {logging_mixin.py:190} INFO - [2025-08-20T20:18:16.695+0000] {override.py:1900} INFO - Created Permission View: can delete on DAG:example_external_task_marker_parent
[2025-08-20T20:18:16.701+0000] {logging_mixin.py:190} INFO - [2025-08-20T20:18:16.701+0000] {override.py:1900} INFO - Created Permission View: can edit on DAG:example_external_task_marker_parent
[2025-08-20T20:18:16.710+0000] {logging_mixin.py:190} INFO - [2025-08-20T20:18:16.710+0000] {override.py:1900} INFO - Created Permission View: can read on DAG Run:example_external_task_marker_parent
[2025-08-20T20:18:16.716+0000] {logging_mixin.py:190} INFO - [2025-08-20T20:18:16.715+0000] {override.py:1900} INFO - Created Permission View: menu access on DAG Run:example_external_task_marker_parent
[2025-08-20T20:18:16.722+0000] {logging_mixin.py:190} INFO - [2025-08-20T20:18:16.721+0000] {override.py:1900} INFO - Created Permission View: can delete on DAG Run:example_external_task_marker_parent
[2025-08-20T20:18:16.727+0000] {logging_mixin.py:190} INFO - [2025-08-20T20:18:16.727+0000] {override.py:1900} INFO - Created Permission View: can create on DAG Run:example_external_task_marker_parent
[2025-08-20T20:18:16.761+0000] {logging_mixin.py:190} INFO - [2025-08-20T20:18:16.761+0000] {override.py:1900} INFO - Created Permission View: can read on DAG:example_external_task_marker_child
[2025-08-20T20:18:16.810+0000] {logging_mixin.py:190} INFO - [2025-08-20T20:18:16.809+0000] {override.py:1900} INFO - Created Permission View: can delete on DAG:example_external_task_marker_child
[2025-08-20T20:18:16.825+0000] {logging_mixin.py:190} INFO - [2025-08-20T20:18:16.825+0000] {override.py:1900} INFO - Created Permission View: can edit on DAG:example_external_task_marker_child
[2025-08-20T20:18:16.840+0000] {logging_mixin.py:190} INFO - [2025-08-20T20:18:16.839+0000] {override.py:1900} INFO - Created Permission View: can read on DAG Run:example_external_task_marker_child
[2025-08-20T20:18:16.862+0000] {logging_mixin.py:190} INFO - [2025-08-20T20:18:16.862+0000] {override.py:1900} INFO - Created Permission View: menu access on DAG Run:example_external_task_marker_child
[2025-08-20T20:18:16.870+0000] {logging_mixin.py:190} INFO - [2025-08-20T20:18:16.870+0000] {override.py:1900} INFO - Created Permission View: can delete on DAG Run:example_external_task_marker_child
[2025-08-20T20:18:16.879+0000] {logging_mixin.py:190} INFO - [2025-08-20T20:18:16.878+0000] {override.py:1900} INFO - Created Permission View: can create on DAG Run:example_external_task_marker_child
[2025-08-20T20:18:16.879+0000] {logging_mixin.py:190} INFO - [2025-08-20T20:18:16.879+0000] {dag.py:3229} INFO - Sync 2 DAGs
[2025-08-20T20:18:16.898+0000] {logging_mixin.py:190} INFO - [2025-08-20T20:18:16.898+0000] {dag.py:3252} INFO - Creating ORM DAG for example_external_task_marker_parent
[2025-08-20T20:18:16.899+0000] {logging_mixin.py:190} INFO - [2025-08-20T20:18:16.899+0000] {dag.py:3252} INFO - Creating ORM DAG for example_external_task_marker_child
[2025-08-20T20:18:16.901+0000] {logging_mixin.py:190} INFO - [2025-08-20T20:18:16.901+0000] {dag.py:4156} INFO - Setting next_dagrun for example_external_task_marker_child to None, run_after=None
[2025-08-20T20:18:16.902+0000] {logging_mixin.py:190} INFO - [2025-08-20T20:18:16.902+0000] {dag.py:4156} INFO - Setting next_dagrun for example_external_task_marker_parent to None, run_after=None
[2025-08-20T20:18:16.964+0000] {processor.py:208} INFO - Processing /home/airflow/.local/lib/python3.12/site-packages/airflow/example_dags/example_external_task_marker_dag.py took 1.361 seconds
[2025-08-20T20:18:48.112+0000] {processor.py:186} INFO - Started process (PID=134) to work on /home/airflow/.local/lib/python3.12/site-packages/airflow/example_dags/example_external_task_marker_dag.py
[2025-08-20T20:18:48.123+0000] {processor.py:914} INFO - Processing file /home/airflow/.local/lib/python3.12/site-packages/airflow/example_dags/example_external_task_marker_dag.py for tasks to queue
[2025-08-20T20:18:48.167+0000] {logging_mixin.py:190} INFO - [2025-08-20T20:18:48.164+0000] {dagbag.py:587} INFO - Filling up the DagBag from /home/airflow/.local/lib/python3.12/site-packages/airflow/example_dags/example_external_task_marker_dag.py
[2025-08-20T20:18:48.190+0000] {processor.py:925} INFO - DAG(s) 'example_external_task_marker_child', 'example_external_task_marker_parent' retrieved from /home/airflow/.local/lib/python3.12/site-packages/airflow/example_dags/example_external_task_marker_dag.py
[2025-08-20T20:18:48.255+0000] {logging_mixin.py:190} INFO - [2025-08-20T20:18:48.254+0000] {dag.py:3229} INFO - Sync 2 DAGs
[2025-08-20T20:18:48.273+0000] {logging_mixin.py:190} INFO - [2025-08-20T20:18:48.273+0000] {dag.py:4156} INFO - Setting next_dagrun for example_external_task_marker_child to None, run_after=None
[2025-08-20T20:18:48.276+0000] {logging_mixin.py:190} INFO - [2025-08-20T20:18:48.276+0000] {dag.py:4156} INFO - Setting next_dagrun for example_external_task_marker_parent to None, run_after=None
[2025-08-20T20:18:48.295+0000] {processor.py:208} INFO - Processing /home/airflow/.local/lib/python3.12/site-packages/airflow/example_dags/example_external_task_marker_dag.py took 0.203 seconds
[2025-08-20T20:19:18.984+0000] {processor.py:186} INFO - Started process (PID=196) to work on /home/airflow/.local/lib/python3.12/site-packages/airflow/example_dags/example_external_task_marker_dag.py
[2025-08-20T20:19:18.985+0000] {processor.py:914} INFO - Processing file /home/airflow/.local/lib/python3.12/site-packages/airflow/example_dags/example_external_task_marker_dag.py for tasks to queue
[2025-08-20T20:19:18.991+0000] {logging_mixin.py:190} INFO - [2025-08-20T20:19:18.989+0000] {dagbag.py:587} INFO - Filling up the DagBag from /home/airflow/.local/lib/python3.12/site-packages/airflow/example_dags/example_external_task_marker_dag.py
[2025-08-20T20:19:19.003+0000] {processor.py:925} INFO - DAG(s) 'example_external_task_marker_parent', 'example_external_task_marker_child' retrieved from /home/airflow/.local/lib/python3.12/site-packages/airflow/example_dags/example_external_task_marker_dag.py
[2025-08-20T20:19:19.028+0000] {logging_mixin.py:190} INFO - [2025-08-20T20:19:19.028+0000] {dag.py:3229} INFO - Sync 2 DAGs
[2025-08-20T20:19:19.045+0000] {logging_mixin.py:190} INFO - [2025-08-20T20:19:19.045+0000] {dag.py:4156} INFO - Setting next_dagrun for example_external_task_marker_child to None, run_after=None
[2025-08-20T20:19:19.047+0000] {logging_mixin.py:190} INFO - [2025-08-20T20:19:19.047+0000] {dag.py:4156} INFO - Setting next_dagrun for example_external_task_marker_parent to None, run_after=None
[2025-08-20T20:19:19.069+0000] {processor.py:208} INFO - Processing /home/airflow/.local/lib/python3.12/site-packages/airflow/example_dags/example_external_task_marker_dag.py took 0.092 seconds
[2025-08-20T20:19:51.455+0000] {processor.py:186} INFO - Started process (PID=258) to work on /home/airflow/.local/lib/python3.12/site-packages/airflow/example_dags/example_external_task_marker_dag.py
[2025-08-20T20:19:51.461+0000] {processor.py:914} INFO - Processing file /home/airflow/.local/lib/python3.12/site-packages/airflow/example_dags/example_external_task_marker_dag.py for tasks to queue
[2025-08-20T20:19:51.466+0000] {logging_mixin.py:190} INFO - [2025-08-20T20:19:51.466+0000] {dagbag.py:587} INFO - Filling up the DagBag from /home/airflow/.local/lib/python3.12/site-packages/airflow/example_dags/example_external_task_marker_dag.py
[2025-08-20T20:19:51.475+0000] {processor.py:925} INFO - DAG(s) 'example_external_task_marker_parent', 'example_external_task_marker_child' retrieved from /home/airflow/.local/lib/python3.12/site-packages/airflow/example_dags/example_external_task_marker_dag.py
[2025-08-20T20:19:51.516+0000] {logging_mixin.py:190} INFO - [2025-08-20T20:19:51.516+0000] {dag.py:3229} INFO - Sync 2 DAGs
[2025-08-20T20:19:51.536+0000] {logging_mixin.py:190} INFO - [2025-08-20T20:19:51.536+0000] {dag.py:4156} INFO - Setting next_dagrun for example_external_task_marker_child to None, run_after=None
[2025-08-20T20:19:51.541+0000] {logging_mixin.py:190} INFO - [2025-08-20T20:19:51.541+0000] {dag.py:4156} INFO - Setting next_dagrun for example_external_task_marker_parent to None, run_after=None
[2025-08-20T20:19:51.568+0000] {processor.py:208} INFO - Processing /home/airflow/.local/lib/python3.12/site-packages/airflow/example_dags/example_external_task_marker_dag.py took 0.120 seconds
[2025-08-20T20:20:22.792+0000] {processor.py:186} INFO - Started process (PID=313) to work on /home/airflow/.local/lib/python3.12/site-packages/airflow/example_dags/example_external_task_marker_dag.py
[2025-08-20T20:20:22.798+0000] {processor.py:914} INFO - Processing file /home/airflow/.local/lib/python3.12/site-packages/airflow/example_dags/example_external_task_marker_dag.py for tasks to queue
[2025-08-20T20:20:22.805+0000] {logging_mixin.py:190} INFO - [2025-08-20T20:20:22.805+0000] {dagbag.py:587} INFO - Filling up the DagBag from /home/airflow/.local/lib/python3.12/site-packages/airflow/example_dags/example_external_task_marker_dag.py
[2025-08-20T20:20:22.814+0000] {processor.py:925} INFO - DAG(s) 'example_external_task_marker_parent', 'example_external_task_marker_child' retrieved from /home/airflow/.local/lib/python3.12/site-packages/airflow/example_dags/example_external_task_marker_dag.py
[2025-08-20T20:20:22.833+0000] {logging_mixin.py:190} INFO - [2025-08-20T20:20:22.833+0000] {dag.py:3229} INFO - Sync 2 DAGs
[2025-08-20T20:20:22.847+0000] {logging_mixin.py:190} INFO - [2025-08-20T20:20:22.847+0000] {dag.py:4156} INFO - Setting next_dagrun for example_external_task_marker_child to None, run_after=None
[2025-08-20T20:20:22.850+0000] {logging_mixin.py:190} INFO - [2025-08-20T20:20:22.850+0000] {dag.py:4156} INFO - Setting next_dagrun for example_external_task_marker_parent to None, run_after=None
[2025-08-20T20:20:22.870+0000] {processor.py:208} INFO - Processing /home/airflow/.local/lib/python3.12/site-packages/airflow/example_dags/example_external_task_marker_dag.py took 0.083 seconds
[2025-08-20T20:20:56.238+0000] {processor.py:186} INFO - Started process (PID=375) to work on /home/airflow/.local/lib/python3.12/site-packages/airflow/example_dags/example_external_task_marker_dag.py
[2025-08-20T20:20:56.241+0000] {processor.py:914} INFO - Processing file /home/airflow/.local/lib/python3.12/site-packages/airflow/example_dags/example_external_task_marker_dag.py for tasks to queue
[2025-08-20T20:20:56.243+0000] {logging_mixin.py:190} INFO - [2025-08-20T20:20:56.243+0000] {dagbag.py:587} INFO - Filling up the DagBag from /home/airflow/.local/lib/python3.12/site-packages/airflow/example_dags/example_external_task_marker_dag.py
[2025-08-20T20:20:56.252+0000] {processor.py:925} INFO - DAG(s) 'example_external_task_marker_parent', 'example_external_task_marker_child' retrieved from /home/airflow/.local/lib/python3.12/site-packages/airflow/example_dags/example_external_task_marker_dag.py
[2025-08-20T20:20:56.299+0000] {logging_mixin.py:190} INFO - [2025-08-20T20:20:56.299+0000] {dag.py:3229} INFO - Sync 2 DAGs
[2025-08-20T20:20:56.321+0000] {logging_mixin.py:190} INFO - [2025-08-20T20:20:56.320+0000] {dag.py:4156} INFO - Setting next_dagrun for example_external_task_marker_child to None, run_after=None
[2025-08-20T20:20:56.328+0000] {logging_mixin.py:190} INFO - [2025-08-20T20:20:56.327+0000] {dag.py:4156} INFO - Setting next_dagrun for example_external_task_marker_parent to None, run_after=None
[2025-08-20T20:20:56.341+0000] {processor.py:208} INFO - Processing /home/airflow/.local/lib/python3.12/site-packages/airflow/example_dags/example_external_task_marker_dag.py took 0.119 seconds
[2025-08-20T20:21:26.802+0000] {processor.py:186} INFO - Started process (PID=437) to work on /home/airflow/.local/lib/python3.12/site-packages/airflow/example_dags/example_external_task_marker_dag.py
[2025-08-20T20:21:26.807+0000] {processor.py:914} INFO - Processing file /home/airflow/.local/lib/python3.12/site-packages/airflow/example_dags/example_external_task_marker_dag.py for tasks to queue
[2025-08-20T20:21:26.809+0000] {logging_mixin.py:190} INFO - [2025-08-20T20:21:26.809+0000] {dagbag.py:587} INFO - Filling up the DagBag from /home/airflow/.local/lib/python3.12/site-packages/airflow/example_dags/example_external_task_marker_dag.py
[2025-08-20T20:21:26.826+0000] {processor.py:925} INFO - DAG(s) 'example_external_task_marker_child', 'example_external_task_marker_parent' retrieved from /home/airflow/.local/lib/python3.12/site-packages/airflow/example_dags/example_external_task_marker_dag.py
[2025-08-20T20:21:26.899+0000] {logging_mixin.py:190} INFO - [2025-08-20T20:21:26.899+0000] {dag.py:3229} INFO - Sync 2 DAGs
[2025-08-20T20:21:26.914+0000] {logging_mixin.py:190} INFO - [2025-08-20T20:21:26.914+0000] {dag.py:4156} INFO - Setting next_dagrun for example_external_task_marker_child to None, run_after=None
[2025-08-20T20:21:26.922+0000] {logging_mixin.py:190} INFO - [2025-08-20T20:21:26.921+0000] {dag.py:4156} INFO - Setting next_dagrun for example_external_task_marker_parent to None, run_after=None
[2025-08-20T20:21:26.935+0000] {processor.py:208} INFO - Processing /home/airflow/.local/lib/python3.12/site-packages/airflow/example_dags/example_external_task_marker_dag.py took 0.138 seconds
[2025-08-20T20:21:57.102+0000] {processor.py:186} INFO - Started process (PID=499) to work on /home/airflow/.local/lib/python3.12/site-packages/airflow/example_dags/example_external_task_marker_dag.py
[2025-08-20T20:21:57.105+0000] {processor.py:914} INFO - Processing file /home/airflow/.local/lib/python3.12/site-packages/airflow/example_dags/example_external_task_marker_dag.py for tasks to queue
[2025-08-20T20:21:57.111+0000] {logging_mixin.py:190} INFO - [2025-08-20T20:21:57.110+0000] {dagbag.py:587} INFO - Filling up the DagBag from /home/airflow/.local/lib/python3.12/site-packages/airflow/example_dags/example_external_task_marker_dag.py
[2025-08-20T20:21:57.127+0000] {processor.py:925} INFO - DAG(s) 'example_external_task_marker_child', 'example_external_task_marker_parent' retrieved from /home/airflow/.local/lib/python3.12/site-packages/airflow/example_dags/example_external_task_marker_dag.py
[2025-08-20T20:21:57.179+0000] {logging_mixin.py:190} INFO - [2025-08-20T20:21:57.179+0000] {dag.py:3229} INFO - Sync 2 DAGs
[2025-08-20T20:21:57.208+0000] {logging_mixin.py:190} INFO - [2025-08-20T20:21:57.207+0000] {dag.py:4156} INFO - Setting next_dagrun for example_external_task_marker_child to None, run_after=None
[2025-08-20T20:21:57.213+0000] {logging_mixin.py:190} INFO - [2025-08-20T20:21:57.213+0000] {dag.py:4156} INFO - Setting next_dagrun for example_external_task_marker_parent to None, run_after=None
[2025-08-20T20:21:57.246+0000] {processor.py:208} INFO - Processing /home/airflow/.local/lib/python3.12/site-packages/airflow/example_dags/example_external_task_marker_dag.py took 0.152 seconds
[2025-08-20T20:22:27.320+0000] {processor.py:186} INFO - Started process (PID=561) to work on /home/airflow/.local/lib/python3.12/site-packages/airflow/example_dags/example_external_task_marker_dag.py
[2025-08-20T20:22:27.322+0000] {processor.py:914} INFO - Processing file /home/airflow/.local/lib/python3.12/site-packages/airflow/example_dags/example_external_task_marker_dag.py for tasks to queue
[2025-08-20T20:22:27.327+0000] {logging_mixin.py:190} INFO - [2025-08-20T20:22:27.327+0000] {dagbag.py:587} INFO - Filling up the DagBag from /home/airflow/.local/lib/python3.12/site-packages/airflow/example_dags/example_external_task_marker_dag.py
[2025-08-20T20:22:27.333+0000] {processor.py:925} INFO - DAG(s) 'example_external_task_marker_parent', 'example_external_task_marker_child' retrieved from /home/airflow/.local/lib/python3.12/site-packages/airflow/example_dags/example_external_task_marker_dag.py
[2025-08-20T20:22:27.368+0000] {logging_mixin.py:190} INFO - [2025-08-20T20:22:27.367+0000] {dag.py:3229} INFO - Sync 2 DAGs
[2025-08-20T20:22:27.375+0000] {logging_mixin.py:190} INFO - [2025-08-20T20:22:27.375+0000] {dag.py:4156} INFO - Setting next_dagrun for example_external_task_marker_child to None, run_after=None
[2025-08-20T20:22:27.377+0000] {logging_mixin.py:190} INFO - [2025-08-20T20:22:27.377+0000] {dag.py:4156} INFO - Setting next_dagrun for example_external_task_marker_parent to None, run_after=None
[2025-08-20T20:22:27.390+0000] {processor.py:208} INFO - Processing /home/airflow/.local/lib/python3.12/site-packages/airflow/example_dags/example_external_task_marker_dag.py took 0.076 seconds
[2025-08-20T20:22:58.126+0000] {processor.py:186} INFO - Started process (PID=620) to work on /home/airflow/.local/lib/python3.12/site-packages/airflow/example_dags/example_external_task_marker_dag.py
[2025-08-20T20:22:58.127+0000] {processor.py:914} INFO - Processing file /home/airflow/.local/lib/python3.12/site-packages/airflow/example_dags/example_external_task_marker_dag.py for tasks to queue
[2025-08-20T20:22:58.128+0000] {logging_mixin.py:190} INFO - [2025-08-20T20:22:58.128+0000] {dagbag.py:587} INFO - Filling up the DagBag from /home/airflow/.local/lib/python3.12/site-packages/airflow/example_dags/example_external_task_marker_dag.py
[2025-08-20T20:22:58.138+0000] {processor.py:925} INFO - DAG(s) 'example_external_task_marker_child', 'example_external_task_marker_parent' retrieved from /home/airflow/.local/lib/python3.12/site-packages/airflow/example_dags/example_external_task_marker_dag.py
[2025-08-20T20:22:58.158+0000] {logging_mixin.py:190} INFO - [2025-08-20T20:22:58.158+0000] {dag.py:3229} INFO - Sync 2 DAGs
[2025-08-20T20:22:58.168+0000] {logging_mixin.py:190} INFO - [2025-08-20T20:22:58.168+0000] {dag.py:4156} INFO - Setting next_dagrun for example_external_task_marker_child to None, run_after=None
[2025-08-20T20:22:58.172+0000] {logging_mixin.py:190} INFO - [2025-08-20T20:22:58.172+0000] {dag.py:4156} INFO - Setting next_dagrun for example_external_task_marker_parent to None, run_after=None
[2025-08-20T20:22:58.187+0000] {processor.py:208} INFO - Processing /home/airflow/.local/lib/python3.12/site-packages/airflow/example_dags/example_external_task_marker_dag.py took 0.066 seconds
[2025-08-20T20:23:28.997+0000] {processor.py:186} INFO - Started process (PID=669) to work on /home/airflow/.local/lib/python3.12/site-packages/airflow/example_dags/example_external_task_marker_dag.py
[2025-08-20T20:23:28.998+0000] {processor.py:914} INFO - Processing file /home/airflow/.local/lib/python3.12/site-packages/airflow/example_dags/example_external_task_marker_dag.py for tasks to queue
[2025-08-20T20:23:29.000+0000] {logging_mixin.py:190} INFO - [2025-08-20T20:23:29.000+0000] {dagbag.py:587} INFO - Filling up the DagBag from /home/airflow/.local/lib/python3.12/site-packages/airflow/example_dags/example_external_task_marker_dag.py
[2025-08-20T20:23:29.008+0000] {processor.py:925} INFO - DAG(s) 'example_external_task_marker_child', 'example_external_task_marker_parent' retrieved from /home/airflow/.local/lib/python3.12/site-packages/airflow/example_dags/example_external_task_marker_dag.py
[2025-08-20T20:23:29.031+0000] {logging_mixin.py:190} INFO - [2025-08-20T20:23:29.031+0000] {dag.py:3229} INFO - Sync 2 DAGs
[2025-08-20T20:23:29.055+0000] {logging_mixin.py:190} INFO - [2025-08-20T20:23:29.054+0000] {dag.py:4156} INFO - Setting next_dagrun for example_external_task_marker_child to None, run_after=None
[2025-08-20T20:23:29.066+0000] {logging_mixin.py:190} INFO - [2025-08-20T20:23:29.066+0000] {dag.py:4156} INFO - Setting next_dagrun for example_external_task_marker_parent to None, run_after=None
[2025-08-20T20:23:29.090+0000] {processor.py:208} INFO - Processing /home/airflow/.local/lib/python3.12/site-packages/airflow/example_dags/example_external_task_marker_dag.py took 0.097 seconds
[2025-08-20T20:23:59.627+0000] {processor.py:186} INFO - Started process (PID=729) to work on /home/airflow/.local/lib/python3.12/site-packages/airflow/example_dags/example_external_task_marker_dag.py
[2025-08-20T20:23:59.629+0000] {processor.py:914} INFO - Processing file /home/airflow/.local/lib/python3.12/site-packages/airflow/example_dags/example_external_task_marker_dag.py for tasks to queue
[2025-08-20T20:23:59.633+0000] {logging_mixin.py:190} INFO - [2025-08-20T20:23:59.632+0000] {dagbag.py:587} INFO - Filling up the DagBag from /home/airflow/.local/lib/python3.12/site-packages/airflow/example_dags/example_external_task_marker_dag.py
[2025-08-20T20:23:59.643+0000] {processor.py:925} INFO - DAG(s) 'example_external_task_marker_child', 'example_external_task_marker_parent' retrieved from /home/airflow/.local/lib/python3.12/site-packages/airflow/example_dags/example_external_task_marker_dag.py
[2025-08-20T20:23:59.665+0000] {logging_mixin.py:190} INFO - [2025-08-20T20:23:59.665+0000] {dag.py:3229} INFO - Sync 2 DAGs
[2025-08-20T20:23:59.675+0000] {logging_mixin.py:190} INFO - [2025-08-20T20:23:59.675+0000] {dag.py:4156} INFO - Setting next_dagrun for example_external_task_marker_child to None, run_after=None
[2025-08-20T20:23:59.678+0000] {logging_mixin.py:190} INFO - [2025-08-20T20:23:59.678+0000] {dag.py:4156} INFO - Setting next_dagrun for example_external_task_marker_parent to None, run_after=None
[2025-08-20T20:23:59.692+0000] {processor.py:208} INFO - Processing /home/airflow/.local/lib/python3.12/site-packages/airflow/example_dags/example_external_task_marker_dag.py took 0.069 seconds
[2025-08-20T20:24:29.950+0000] {processor.py:186} INFO - Started process (PID=791) to work on /home/airflow/.local/lib/python3.12/site-packages/airflow/example_dags/example_external_task_marker_dag.py
[2025-08-20T20:24:29.952+0000] {processor.py:914} INFO - Processing file /home/airflow/.local/lib/python3.12/site-packages/airflow/example_dags/example_external_task_marker_dag.py for tasks to queue
[2025-08-20T20:24:29.956+0000] {logging_mixin.py:190} INFO - [2025-08-20T20:24:29.955+0000] {dagbag.py:587} INFO - Filling up the DagBag from /home/airflow/.local/lib/python3.12/site-packages/airflow/example_dags/example_external_task_marker_dag.py
[2025-08-20T20:24:29.963+0000] {processor.py:925} INFO - DAG(s) 'example_external_task_marker_parent', 'example_external_task_marker_child' retrieved from /home/airflow/.local/lib/python3.12/site-packages/airflow/example_dags/example_external_task_marker_dag.py
[2025-08-20T20:24:29.985+0000] {logging_mixin.py:190} INFO - [2025-08-20T20:24:29.985+0000] {dag.py:3229} INFO - Sync 2 DAGs
[2025-08-20T20:24:30.011+0000] {logging_mixin.py:190} INFO - [2025-08-20T20:24:30.010+0000] {dag.py:4156} INFO - Setting next_dagrun for example_external_task_marker_child to None, run_after=None
[2025-08-20T20:24:30.015+0000] {logging_mixin.py:190} INFO - [2025-08-20T20:24:30.014+0000] {dag.py:4156} INFO - Setting next_dagrun for example_external_task_marker_parent to None, run_after=None
[2025-08-20T20:24:30.031+0000] {processor.py:208} INFO - Processing /home/airflow/.local/lib/python3.12/site-packages/airflow/example_dags/example_external_task_marker_dag.py took 0.090 seconds
[2025-08-20T20:25:00.478+0000] {processor.py:186} INFO - Started process (PID=852) to work on /home/airflow/.local/lib/python3.12/site-packages/airflow/example_dags/example_external_task_marker_dag.py
[2025-08-20T20:25:00.486+0000] {processor.py:914} INFO - Processing file /home/airflow/.local/lib/python3.12/site-packages/airflow/example_dags/example_external_task_marker_dag.py for tasks to queue
[2025-08-20T20:25:00.501+0000] {logging_mixin.py:190} INFO - [2025-08-20T20:25:00.496+0000] {dagbag.py:587} INFO - Filling up the DagBag from /home/airflow/.local/lib/python3.12/site-packages/airflow/example_dags/example_external_task_marker_dag.py
[2025-08-20T20:25:00.531+0000] {processor.py:925} INFO - DAG(s) 'example_external_task_marker_parent', 'example_external_task_marker_child' retrieved from /home/airflow/.local/lib/python3.12/site-packages/airflow/example_dags/example_external_task_marker_dag.py
[2025-08-20T20:25:00.652+0000] {logging_mixin.py:190} INFO - [2025-08-20T20:25:00.649+0000] {dag.py:3229} INFO - Sync 2 DAGs
[2025-08-20T20:25:00.763+0000] {logging_mixin.py:190} INFO - [2025-08-20T20:25:00.762+0000] {dag.py:4156} INFO - Setting next_dagrun for example_external_task_marker_child to None, run_after=None
[2025-08-20T20:25:00.784+0000] {logging_mixin.py:190} INFO - [2025-08-20T20:25:00.784+0000] {dag.py:4156} INFO - Setting next_dagrun for example_external_task_marker_parent to None, run_after=None
[2025-08-20T20:25:00.838+0000] {processor.py:208} INFO - Processing /home/airflow/.local/lib/python3.12/site-packages/airflow/example_dags/example_external_task_marker_dag.py took 0.384 seconds
[2025-08-20T20:25:31.792+0000] {processor.py:186} INFO - Started process (PID=914) to work on /home/airflow/.local/lib/python3.12/site-packages/airflow/example_dags/example_external_task_marker_dag.py
[2025-08-20T20:25:31.797+0000] {processor.py:914} INFO - Processing file /home/airflow/.local/lib/python3.12/site-packages/airflow/example_dags/example_external_task_marker_dag.py for tasks to queue
[2025-08-20T20:25:31.802+0000] {logging_mixin.py:190} INFO - [2025-08-20T20:25:31.802+0000] {dagbag.py:587} INFO - Filling up the DagBag from /home/airflow/.local/lib/python3.12/site-packages/airflow/example_dags/example_external_task_marker_dag.py
[2025-08-20T20:25:31.824+0000] {processor.py:925} INFO - DAG(s) 'example_external_task_marker_child', 'example_external_task_marker_parent' retrieved from /home/airflow/.local/lib/python3.12/site-packages/airflow/example_dags/example_external_task_marker_dag.py
[2025-08-20T20:25:31.872+0000] {logging_mixin.py:190} INFO - [2025-08-20T20:25:31.872+0000] {dag.py:3229} INFO - Sync 2 DAGs
[2025-08-20T20:25:31.910+0000] {logging_mixin.py:190} INFO - [2025-08-20T20:25:31.910+0000] {dag.py:4156} INFO - Setting next_dagrun for example_external_task_marker_child to None, run_after=None
[2025-08-20T20:25:31.916+0000] {logging_mixin.py:190} INFO - [2025-08-20T20:25:31.916+0000] {dag.py:4156} INFO - Setting next_dagrun for example_external_task_marker_parent to None, run_after=None
[2025-08-20T20:25:31.949+0000] {processor.py:208} INFO - Processing /home/airflow/.local/lib/python3.12/site-packages/airflow/example_dags/example_external_task_marker_dag.py took 0.177 seconds
[2025-08-20T20:26:02.949+0000] {processor.py:186} INFO - Started process (PID=976) to work on /home/airflow/.local/lib/python3.12/site-packages/airflow/example_dags/example_external_task_marker_dag.py
[2025-08-20T20:26:02.950+0000] {processor.py:914} INFO - Processing file /home/airflow/.local/lib/python3.12/site-packages/airflow/example_dags/example_external_task_marker_dag.py for tasks to queue
[2025-08-20T20:26:02.954+0000] {logging_mixin.py:190} INFO - [2025-08-20T20:26:02.953+0000] {dagbag.py:587} INFO - Filling up the DagBag from /home/airflow/.local/lib/python3.12/site-packages/airflow/example_dags/example_external_task_marker_dag.py
[2025-08-20T20:26:02.959+0000] {processor.py:925} INFO - DAG(s) 'example_external_task_marker_child', 'example_external_task_marker_parent' retrieved from /home/airflow/.local/lib/python3.12/site-packages/airflow/example_dags/example_external_task_marker_dag.py
[2025-08-20T20:26:02.979+0000] {logging_mixin.py:190} INFO - [2025-08-20T20:26:02.978+0000] {dag.py:3229} INFO - Sync 2 DAGs
[2025-08-20T20:26:02.993+0000] {logging_mixin.py:190} INFO - [2025-08-20T20:26:02.992+0000] {dag.py:4156} INFO - Setting next_dagrun for example_external_task_marker_child to None, run_after=None
[2025-08-20T20:26:02.996+0000] {logging_mixin.py:190} INFO - [2025-08-20T20:26:02.996+0000] {dag.py:4156} INFO - Setting next_dagrun for example_external_task_marker_parent to None, run_after=None
[2025-08-20T20:26:03.015+0000] {processor.py:208} INFO - Processing /home/airflow/.local/lib/python3.12/site-packages/airflow/example_dags/example_external_task_marker_dag.py took 0.069 seconds
[2025-08-20T20:26:33.333+0000] {processor.py:186} INFO - Started process (PID=1034) to work on /home/airflow/.local/lib/python3.12/site-packages/airflow/example_dags/example_external_task_marker_dag.py
[2025-08-20T20:26:33.334+0000] {processor.py:914} INFO - Processing file /home/airflow/.local/lib/python3.12/site-packages/airflow/example_dags/example_external_task_marker_dag.py for tasks to queue
[2025-08-20T20:26:33.335+0000] {logging_mixin.py:190} INFO - [2025-08-20T20:26:33.335+0000] {dagbag.py:587} INFO - Filling up the DagBag from /home/airflow/.local/lib/python3.12/site-packages/airflow/example_dags/example_external_task_marker_dag.py
[2025-08-20T20:26:33.341+0000] {processor.py:925} INFO - DAG(s) 'example_external_task_marker_parent', 'example_external_task_marker_child' retrieved from /home/airflow/.local/lib/python3.12/site-packages/airflow/example_dags/example_external_task_marker_dag.py
[2025-08-20T20:26:33.367+0000] {logging_mixin.py:190} INFO - [2025-08-20T20:26:33.367+0000] {dag.py:3229} INFO - Sync 2 DAGs
[2025-08-20T20:26:33.378+0000] {logging_mixin.py:190} INFO - [2025-08-20T20:26:33.378+0000] {dag.py:4156} INFO - Setting next_dagrun for example_external_task_marker_child to None, run_after=None
[2025-08-20T20:26:33.380+0000] {logging_mixin.py:190} INFO - [2025-08-20T20:26:33.380+0000] {dag.py:4156} INFO - Setting next_dagrun for example_external_task_marker_parent to None, run_after=None
[2025-08-20T20:26:33.478+0000] {processor.py:208} INFO - Processing /home/airflow/.local/lib/python3.12/site-packages/airflow/example_dags/example_external_task_marker_dag.py took 0.150 seconds
[2025-08-20T20:27:04.333+0000] {processor.py:186} INFO - Started process (PID=1093) to work on /home/airflow/.local/lib/python3.12/site-packages/airflow/example_dags/example_external_task_marker_dag.py
[2025-08-20T20:27:04.334+0000] {processor.py:914} INFO - Processing file /home/airflow/.local/lib/python3.12/site-packages/airflow/example_dags/example_external_task_marker_dag.py for tasks to queue
[2025-08-20T20:27:04.338+0000] {logging_mixin.py:190} INFO - [2025-08-20T20:27:04.338+0000] {dagbag.py:587} INFO - Filling up the DagBag from /home/airflow/.local/lib/python3.12/site-packages/airflow/example_dags/example_external_task_marker_dag.py
[2025-08-20T20:27:04.367+0000] {processor.py:925} INFO - DAG(s) 'example_external_task_marker_parent', 'example_external_task_marker_child' retrieved from /home/airflow/.local/lib/python3.12/site-packages/airflow/example_dags/example_external_task_marker_dag.py
[2025-08-20T20:27:04.768+0000] {logging_mixin.py:190} INFO - [2025-08-20T20:27:04.764+0000] {dag.py:3229} INFO - Sync 2 DAGs
[2025-08-20T20:27:04.828+0000] {logging_mixin.py:190} INFO - [2025-08-20T20:27:04.828+0000] {dag.py:4156} INFO - Setting next_dagrun for example_external_task_marker_child to None, run_after=None
[2025-08-20T20:27:04.837+0000] {logging_mixin.py:190} INFO - [2025-08-20T20:27:04.836+0000] {dag.py:4156} INFO - Setting next_dagrun for example_external_task_marker_parent to None, run_after=None
[2025-08-20T20:27:04.885+0000] {processor.py:208} INFO - Processing /home/airflow/.local/lib/python3.12/site-packages/airflow/example_dags/example_external_task_marker_dag.py took 0.572 seconds
