[2025-08-20T20:18:42.147+0000] {processor.py:186} INFO - Started process (PID=118) to work on /home/airflow/.local/lib/python3.12/site-packages/airflow/example_dags/example_params_trigger_ui.py
[2025-08-20T20:18:42.148+0000] {processor.py:914} INFO - Processing file /home/airflow/.local/lib/python3.12/site-packages/airflow/example_dags/example_params_trigger_ui.py for tasks to queue
[2025-08-20T20:18:42.153+0000] {logging_mixin.py:190} INFO - [2025-08-20T20:18:42.152+0000] {dagbag.py:587} INFO - Filling up the DagBag from /home/airflow/.local/lib/python3.12/site-packages/airflow/example_dags/example_params_trigger_ui.py
[2025-08-20T20:18:42.205+0000] {processor.py:925} INFO - DAG(s) 'example_params_trigger_ui' retrieved from /home/airflow/.local/lib/python3.12/site-packages/airflow/example_dags/example_params_trigger_ui.py
[2025-08-20T20:18:42.591+0000] {logging_mixin.py:190} INFO - [2025-08-20T20:18:42.589+0000] {override.py:1900} INFO - Created Permission View: can read on DAG:example_params_trigger_ui
[2025-08-20T20:18:42.600+0000] {logging_mixin.py:190} INFO - [2025-08-20T20:18:42.600+0000] {override.py:1900} INFO - Created Permission View: can delete on DAG:example_params_trigger_ui
[2025-08-20T20:18:42.604+0000] {logging_mixin.py:190} INFO - [2025-08-20T20:18:42.604+0000] {override.py:1900} INFO - Created Permission View: can edit on DAG:example_params_trigger_ui
[2025-08-20T20:18:42.609+0000] {logging_mixin.py:190} INFO - [2025-08-20T20:18:42.608+0000] {override.py:1900} INFO - Created Permission View: can read on DAG Run:example_params_trigger_ui
[2025-08-20T20:18:42.614+0000] {logging_mixin.py:190} INFO - [2025-08-20T20:18:42.613+0000] {override.py:1900} INFO - Created Permission View: menu access on DAG Run:example_params_trigger_ui
[2025-08-20T20:18:42.625+0000] {logging_mixin.py:190} INFO - [2025-08-20T20:18:42.624+0000] {override.py:1900} INFO - Created Permission View: can delete on DAG Run:example_params_trigger_ui
[2025-08-20T20:18:42.631+0000] {logging_mixin.py:190} INFO - [2025-08-20T20:18:42.631+0000] {override.py:1900} INFO - Created Permission View: can create on DAG Run:example_params_trigger_ui
[2025-08-20T20:18:42.632+0000] {logging_mixin.py:190} INFO - [2025-08-20T20:18:42.632+0000] {dag.py:3229} INFO - Sync 1 DAGs
[2025-08-20T20:18:42.670+0000] {logging_mixin.py:190} INFO - [2025-08-20T20:18:42.669+0000] {dag.py:3252} INFO - Creating ORM DAG for example_params_trigger_ui
[2025-08-20T20:18:42.673+0000] {logging_mixin.py:190} INFO - [2025-08-20T20:18:42.673+0000] {dag.py:4156} INFO - Setting next_dagrun for example_params_trigger_ui to None, run_after=None
[2025-08-20T20:18:42.707+0000] {processor.py:208} INFO - Processing /home/airflow/.local/lib/python3.12/site-packages/airflow/example_dags/example_params_trigger_ui.py took 0.627 seconds
[2025-08-20T20:19:13.670+0000] {processor.py:186} INFO - Started process (PID=180) to work on /home/airflow/.local/lib/python3.12/site-packages/airflow/example_dags/example_params_trigger_ui.py
[2025-08-20T20:19:13.675+0000] {processor.py:914} INFO - Processing file /home/airflow/.local/lib/python3.12/site-packages/airflow/example_dags/example_params_trigger_ui.py for tasks to queue
[2025-08-20T20:19:13.680+0000] {logging_mixin.py:190} INFO - [2025-08-20T20:19:13.679+0000] {dagbag.py:587} INFO - Filling up the DagBag from /home/airflow/.local/lib/python3.12/site-packages/airflow/example_dags/example_params_trigger_ui.py
[2025-08-20T20:19:13.748+0000] {processor.py:925} INFO - DAG(s) 'example_params_trigger_ui' retrieved from /home/airflow/.local/lib/python3.12/site-packages/airflow/example_dags/example_params_trigger_ui.py
[2025-08-20T20:19:13.894+0000] {logging_mixin.py:190} INFO - [2025-08-20T20:19:13.894+0000] {dag.py:3229} INFO - Sync 1 DAGs
[2025-08-20T20:19:13.929+0000] {logging_mixin.py:190} INFO - [2025-08-20T20:19:13.929+0000] {dag.py:4156} INFO - Setting next_dagrun for example_params_trigger_ui to None, run_after=None
[2025-08-20T20:19:14.005+0000] {processor.py:208} INFO - Processing /home/airflow/.local/lib/python3.12/site-packages/airflow/example_dags/example_params_trigger_ui.py took 0.367 seconds
[2025-08-20T20:19:44.938+0000] {processor.py:186} INFO - Started process (PID=241) to work on /home/airflow/.local/lib/python3.12/site-packages/airflow/example_dags/example_params_trigger_ui.py
[2025-08-20T20:19:44.944+0000] {processor.py:914} INFO - Processing file /home/airflow/.local/lib/python3.12/site-packages/airflow/example_dags/example_params_trigger_ui.py for tasks to queue
[2025-08-20T20:19:44.955+0000] {logging_mixin.py:190} INFO - [2025-08-20T20:19:44.954+0000] {dagbag.py:587} INFO - Filling up the DagBag from /home/airflow/.local/lib/python3.12/site-packages/airflow/example_dags/example_params_trigger_ui.py
[2025-08-20T20:19:45.094+0000] {processor.py:925} INFO - DAG(s) 'example_params_trigger_ui' retrieved from /home/airflow/.local/lib/python3.12/site-packages/airflow/example_dags/example_params_trigger_ui.py
[2025-08-20T20:19:45.842+0000] {logging_mixin.py:190} INFO - [2025-08-20T20:19:45.832+0000] {dag.py:3229} INFO - Sync 1 DAGs
[2025-08-20T20:19:46.318+0000] {logging_mixin.py:190} INFO - [2025-08-20T20:19:46.313+0000] {dag.py:4156} INFO - Setting next_dagrun for example_params_trigger_ui to None, run_after=None
[2025-08-20T20:19:46.502+0000] {processor.py:208} INFO - Processing /home/airflow/.local/lib/python3.12/site-packages/airflow/example_dags/example_params_trigger_ui.py took 1.613 seconds
[2025-08-20T20:20:17.595+0000] {processor.py:186} INFO - Started process (PID=302) to work on /home/airflow/.local/lib/python3.12/site-packages/airflow/example_dags/example_params_trigger_ui.py
[2025-08-20T20:20:17.605+0000] {processor.py:914} INFO - Processing file /home/airflow/.local/lib/python3.12/site-packages/airflow/example_dags/example_params_trigger_ui.py for tasks to queue
[2025-08-20T20:20:17.633+0000] {logging_mixin.py:190} INFO - [2025-08-20T20:20:17.628+0000] {dagbag.py:587} INFO - Filling up the DagBag from /home/airflow/.local/lib/python3.12/site-packages/airflow/example_dags/example_params_trigger_ui.py
[2025-08-20T20:20:17.706+0000] {processor.py:925} INFO - DAG(s) 'example_params_trigger_ui' retrieved from /home/airflow/.local/lib/python3.12/site-packages/airflow/example_dags/example_params_trigger_ui.py
[2025-08-20T20:20:17.843+0000] {logging_mixin.py:190} INFO - [2025-08-20T20:20:17.843+0000] {dag.py:3229} INFO - Sync 1 DAGs
[2025-08-20T20:20:17.884+0000] {logging_mixin.py:190} INFO - [2025-08-20T20:20:17.884+0000] {dag.py:4156} INFO - Setting next_dagrun for example_params_trigger_ui to None, run_after=None
[2025-08-20T20:20:17.939+0000] {processor.py:208} INFO - Processing /home/airflow/.local/lib/python3.12/site-packages/airflow/example_dags/example_params_trigger_ui.py took 0.425 seconds
[2025-08-20T20:20:49.211+0000] {processor.py:186} INFO - Started process (PID=364) to work on /home/airflow/.local/lib/python3.12/site-packages/airflow/example_dags/example_params_trigger_ui.py
[2025-08-20T20:20:49.247+0000] {processor.py:914} INFO - Processing file /home/airflow/.local/lib/python3.12/site-packages/airflow/example_dags/example_params_trigger_ui.py for tasks to queue
[2025-08-20T20:20:49.315+0000] {logging_mixin.py:190} INFO - [2025-08-20T20:20:49.312+0000] {dagbag.py:587} INFO - Filling up the DagBag from /home/airflow/.local/lib/python3.12/site-packages/airflow/example_dags/example_params_trigger_ui.py
[2025-08-20T20:20:49.499+0000] {processor.py:925} INFO - DAG(s) 'example_params_trigger_ui' retrieved from /home/airflow/.local/lib/python3.12/site-packages/airflow/example_dags/example_params_trigger_ui.py
[2025-08-20T20:20:49.718+0000] {logging_mixin.py:190} INFO - [2025-08-20T20:20:49.717+0000] {dag.py:3229} INFO - Sync 1 DAGs
[2025-08-20T20:20:49.745+0000] {logging_mixin.py:190} INFO - [2025-08-20T20:20:49.745+0000] {dag.py:4156} INFO - Setting next_dagrun for example_params_trigger_ui to None, run_after=None
[2025-08-20T20:20:49.789+0000] {processor.py:208} INFO - Processing /home/airflow/.local/lib/python3.12/site-packages/airflow/example_dags/example_params_trigger_ui.py took 0.725 seconds
[2025-08-20T20:21:20.342+0000] {processor.py:186} INFO - Started process (PID=426) to work on /home/airflow/.local/lib/python3.12/site-packages/airflow/example_dags/example_params_trigger_ui.py
[2025-08-20T20:21:20.347+0000] {processor.py:914} INFO - Processing file /home/airflow/.local/lib/python3.12/site-packages/airflow/example_dags/example_params_trigger_ui.py for tasks to queue
[2025-08-20T20:21:20.361+0000] {logging_mixin.py:190} INFO - [2025-08-20T20:21:20.359+0000] {dagbag.py:587} INFO - Filling up the DagBag from /home/airflow/.local/lib/python3.12/site-packages/airflow/example_dags/example_params_trigger_ui.py
[2025-08-20T20:21:20.407+0000] {processor.py:925} INFO - DAG(s) 'example_params_trigger_ui' retrieved from /home/airflow/.local/lib/python3.12/site-packages/airflow/example_dags/example_params_trigger_ui.py
[2025-08-20T20:21:20.537+0000] {logging_mixin.py:190} INFO - [2025-08-20T20:21:20.536+0000] {dag.py:3229} INFO - Sync 1 DAGs
[2025-08-20T20:21:20.557+0000] {logging_mixin.py:190} INFO - [2025-08-20T20:21:20.556+0000] {dag.py:4156} INFO - Setting next_dagrun for example_params_trigger_ui to None, run_after=None
[2025-08-20T20:21:20.579+0000] {processor.py:208} INFO - Processing /home/airflow/.local/lib/python3.12/site-packages/airflow/example_dags/example_params_trigger_ui.py took 0.255 seconds
[2025-08-20T20:21:50.968+0000] {processor.py:186} INFO - Started process (PID=488) to work on /home/airflow/.local/lib/python3.12/site-packages/airflow/example_dags/example_params_trigger_ui.py
[2025-08-20T20:21:50.974+0000] {processor.py:914} INFO - Processing file /home/airflow/.local/lib/python3.12/site-packages/airflow/example_dags/example_params_trigger_ui.py for tasks to queue
[2025-08-20T20:21:50.978+0000] {logging_mixin.py:190} INFO - [2025-08-20T20:21:50.977+0000] {dagbag.py:587} INFO - Filling up the DagBag from /home/airflow/.local/lib/python3.12/site-packages/airflow/example_dags/example_params_trigger_ui.py
[2025-08-20T20:21:50.999+0000] {processor.py:925} INFO - DAG(s) 'example_params_trigger_ui' retrieved from /home/airflow/.local/lib/python3.12/site-packages/airflow/example_dags/example_params_trigger_ui.py
[2025-08-20T20:21:51.067+0000] {logging_mixin.py:190} INFO - [2025-08-20T20:21:51.066+0000] {dag.py:3229} INFO - Sync 1 DAGs
[2025-08-20T20:21:51.080+0000] {logging_mixin.py:190} INFO - [2025-08-20T20:21:51.080+0000] {dag.py:4156} INFO - Setting next_dagrun for example_params_trigger_ui to None, run_after=None
[2025-08-20T20:21:51.092+0000] {processor.py:208} INFO - Processing /home/airflow/.local/lib/python3.12/site-packages/airflow/example_dags/example_params_trigger_ui.py took 0.130 seconds
[2025-08-20T20:22:23.159+0000] {processor.py:186} INFO - Started process (PID=550) to work on /home/airflow/.local/lib/python3.12/site-packages/airflow/example_dags/example_params_trigger_ui.py
[2025-08-20T20:22:23.160+0000] {processor.py:914} INFO - Processing file /home/airflow/.local/lib/python3.12/site-packages/airflow/example_dags/example_params_trigger_ui.py for tasks to queue
[2025-08-20T20:22:23.162+0000] {logging_mixin.py:190} INFO - [2025-08-20T20:22:23.162+0000] {dagbag.py:587} INFO - Filling up the DagBag from /home/airflow/.local/lib/python3.12/site-packages/airflow/example_dags/example_params_trigger_ui.py
[2025-08-20T20:22:23.172+0000] {processor.py:925} INFO - DAG(s) 'example_params_trigger_ui' retrieved from /home/airflow/.local/lib/python3.12/site-packages/airflow/example_dags/example_params_trigger_ui.py
[2025-08-20T20:22:23.198+0000] {logging_mixin.py:190} INFO - [2025-08-20T20:22:23.197+0000] {dag.py:3229} INFO - Sync 1 DAGs
[2025-08-20T20:22:23.207+0000] {logging_mixin.py:190} INFO - [2025-08-20T20:22:23.207+0000] {dag.py:4156} INFO - Setting next_dagrun for example_params_trigger_ui to None, run_after=None
[2025-08-20T20:22:23.221+0000] {processor.py:208} INFO - Processing /home/airflow/.local/lib/python3.12/site-packages/airflow/example_dags/example_params_trigger_ui.py took 0.067 seconds
[2025-08-20T20:22:54.830+0000] {processor.py:186} INFO - Started process (PID=612) to work on /home/airflow/.local/lib/python3.12/site-packages/airflow/example_dags/example_params_trigger_ui.py
[2025-08-20T20:22:54.834+0000] {processor.py:914} INFO - Processing file /home/airflow/.local/lib/python3.12/site-packages/airflow/example_dags/example_params_trigger_ui.py for tasks to queue
[2025-08-20T20:22:54.838+0000] {logging_mixin.py:190} INFO - [2025-08-20T20:22:54.837+0000] {dagbag.py:587} INFO - Filling up the DagBag from /home/airflow/.local/lib/python3.12/site-packages/airflow/example_dags/example_params_trigger_ui.py
[2025-08-20T20:22:54.862+0000] {processor.py:925} INFO - DAG(s) 'example_params_trigger_ui' retrieved from /home/airflow/.local/lib/python3.12/site-packages/airflow/example_dags/example_params_trigger_ui.py
[2025-08-20T20:22:54.954+0000] {logging_mixin.py:190} INFO - [2025-08-20T20:22:54.953+0000] {dag.py:3229} INFO - Sync 1 DAGs
[2025-08-20T20:22:55.007+0000] {logging_mixin.py:190} INFO - [2025-08-20T20:22:55.007+0000] {dag.py:4156} INFO - Setting next_dagrun for example_params_trigger_ui to None, run_after=None
[2025-08-20T20:22:55.040+0000] {processor.py:208} INFO - Processing /home/airflow/.local/lib/python3.12/site-packages/airflow/example_dags/example_params_trigger_ui.py took 0.224 seconds
[2025-08-20T20:23:29.917+0000] {processor.py:186} INFO - Started process (PID=679) to work on /home/airflow/.local/lib/python3.12/site-packages/airflow/example_dags/example_params_trigger_ui.py
[2025-08-20T20:23:29.918+0000] {processor.py:914} INFO - Processing file /home/airflow/.local/lib/python3.12/site-packages/airflow/example_dags/example_params_trigger_ui.py for tasks to queue
[2025-08-20T20:23:29.920+0000] {logging_mixin.py:190} INFO - [2025-08-20T20:23:29.920+0000] {dagbag.py:587} INFO - Filling up the DagBag from /home/airflow/.local/lib/python3.12/site-packages/airflow/example_dags/example_params_trigger_ui.py
[2025-08-20T20:23:29.937+0000] {processor.py:925} INFO - DAG(s) 'example_params_trigger_ui' retrieved from /home/airflow/.local/lib/python3.12/site-packages/airflow/example_dags/example_params_trigger_ui.py
[2025-08-20T20:23:29.974+0000] {logging_mixin.py:190} INFO - [2025-08-20T20:23:29.974+0000] {dag.py:3229} INFO - Sync 1 DAGs
[2025-08-20T20:23:29.995+0000] {logging_mixin.py:190} INFO - [2025-08-20T20:23:29.995+0000] {dag.py:4156} INFO - Setting next_dagrun for example_params_trigger_ui to None, run_after=None
[2025-08-20T20:23:30.009+0000] {processor.py:208} INFO - Processing /home/airflow/.local/lib/python3.12/site-packages/airflow/example_dags/example_params_trigger_ui.py took 0.103 seconds
[2025-08-20T20:24:00.710+0000] {processor.py:186} INFO - Started process (PID=741) to work on /home/airflow/.local/lib/python3.12/site-packages/airflow/example_dags/example_params_trigger_ui.py
[2025-08-20T20:24:00.712+0000] {processor.py:914} INFO - Processing file /home/airflow/.local/lib/python3.12/site-packages/airflow/example_dags/example_params_trigger_ui.py for tasks to queue
[2025-08-20T20:24:00.715+0000] {logging_mixin.py:190} INFO - [2025-08-20T20:24:00.715+0000] {dagbag.py:587} INFO - Filling up the DagBag from /home/airflow/.local/lib/python3.12/site-packages/airflow/example_dags/example_params_trigger_ui.py
[2025-08-20T20:24:00.747+0000] {processor.py:925} INFO - DAG(s) 'example_params_trigger_ui' retrieved from /home/airflow/.local/lib/python3.12/site-packages/airflow/example_dags/example_params_trigger_ui.py
[2025-08-20T20:24:00.797+0000] {logging_mixin.py:190} INFO - [2025-08-20T20:24:00.797+0000] {dag.py:3229} INFO - Sync 1 DAGs
[2025-08-20T20:24:00.813+0000] {logging_mixin.py:190} INFO - [2025-08-20T20:24:00.812+0000] {dag.py:4156} INFO - Setting next_dagrun for example_params_trigger_ui to None, run_after=None
[2025-08-20T20:24:00.841+0000] {processor.py:208} INFO - Processing /home/airflow/.local/lib/python3.12/site-packages/airflow/example_dags/example_params_trigger_ui.py took 0.151 seconds
[2025-08-20T20:24:32.115+0000] {processor.py:186} INFO - Started process (PID=807) to work on /home/airflow/.local/lib/python3.12/site-packages/airflow/example_dags/example_params_trigger_ui.py
[2025-08-20T20:24:32.116+0000] {processor.py:914} INFO - Processing file /home/airflow/.local/lib/python3.12/site-packages/airflow/example_dags/example_params_trigger_ui.py for tasks to queue
[2025-08-20T20:24:32.117+0000] {logging_mixin.py:190} INFO - [2025-08-20T20:24:32.117+0000] {dagbag.py:587} INFO - Filling up the DagBag from /home/airflow/.local/lib/python3.12/site-packages/airflow/example_dags/example_params_trigger_ui.py
[2025-08-20T20:24:32.124+0000] {processor.py:925} INFO - DAG(s) 'example_params_trigger_ui' retrieved from /home/airflow/.local/lib/python3.12/site-packages/airflow/example_dags/example_params_trigger_ui.py
[2025-08-20T20:24:32.146+0000] {logging_mixin.py:190} INFO - [2025-08-20T20:24:32.146+0000] {dag.py:3229} INFO - Sync 1 DAGs
[2025-08-20T20:24:32.153+0000] {logging_mixin.py:190} INFO - [2025-08-20T20:24:32.153+0000] {dag.py:4156} INFO - Setting next_dagrun for example_params_trigger_ui to None, run_after=None
[2025-08-20T20:24:32.162+0000] {processor.py:208} INFO - Processing /home/airflow/.local/lib/python3.12/site-packages/airflow/example_dags/example_params_trigger_ui.py took 0.051 seconds
[2025-08-20T20:25:03.885+0000] {processor.py:186} INFO - Started process (PID=872) to work on /home/airflow/.local/lib/python3.12/site-packages/airflow/example_dags/example_params_trigger_ui.py
[2025-08-20T20:25:03.888+0000] {processor.py:914} INFO - Processing file /home/airflow/.local/lib/python3.12/site-packages/airflow/example_dags/example_params_trigger_ui.py for tasks to queue
[2025-08-20T20:25:03.894+0000] {logging_mixin.py:190} INFO - [2025-08-20T20:25:03.893+0000] {dagbag.py:587} INFO - Filling up the DagBag from /home/airflow/.local/lib/python3.12/site-packages/airflow/example_dags/example_params_trigger_ui.py
[2025-08-20T20:25:03.969+0000] {processor.py:925} INFO - DAG(s) 'example_params_trigger_ui' retrieved from /home/airflow/.local/lib/python3.12/site-packages/airflow/example_dags/example_params_trigger_ui.py
[2025-08-20T20:25:04.166+0000] {logging_mixin.py:190} INFO - [2025-08-20T20:25:04.165+0000] {dag.py:3229} INFO - Sync 1 DAGs
[2025-08-20T20:25:04.347+0000] {logging_mixin.py:190} INFO - [2025-08-20T20:25:04.340+0000] {dag.py:4156} INFO - Setting next_dagrun for example_params_trigger_ui to None, run_after=None
[2025-08-20T20:25:04.456+0000] {processor.py:208} INFO - Processing /home/airflow/.local/lib/python3.12/site-packages/airflow/example_dags/example_params_trigger_ui.py took 0.589 seconds
[2025-08-20T20:25:35.537+0000] {processor.py:186} INFO - Started process (PID=934) to work on /home/airflow/.local/lib/python3.12/site-packages/airflow/example_dags/example_params_trigger_ui.py
[2025-08-20T20:25:35.539+0000] {processor.py:914} INFO - Processing file /home/airflow/.local/lib/python3.12/site-packages/airflow/example_dags/example_params_trigger_ui.py for tasks to queue
[2025-08-20T20:25:35.558+0000] {logging_mixin.py:190} INFO - [2025-08-20T20:25:35.556+0000] {dagbag.py:587} INFO - Filling up the DagBag from /home/airflow/.local/lib/python3.12/site-packages/airflow/example_dags/example_params_trigger_ui.py
[2025-08-20T20:25:35.674+0000] {processor.py:925} INFO - DAG(s) 'example_params_trigger_ui' retrieved from /home/airflow/.local/lib/python3.12/site-packages/airflow/example_dags/example_params_trigger_ui.py
[2025-08-20T20:25:35.814+0000] {logging_mixin.py:190} INFO - [2025-08-20T20:25:35.813+0000] {dag.py:3229} INFO - Sync 1 DAGs
[2025-08-20T20:25:35.855+0000] {logging_mixin.py:190} INFO - [2025-08-20T20:25:35.854+0000] {dag.py:4156} INFO - Setting next_dagrun for example_params_trigger_ui to None, run_after=None
[2025-08-20T20:25:35.914+0000] {processor.py:208} INFO - Processing /home/airflow/.local/lib/python3.12/site-packages/airflow/example_dags/example_params_trigger_ui.py took 0.408 seconds
[2025-08-20T20:26:06.017+0000] {processor.py:186} INFO - Started process (PID=995) to work on /home/airflow/.local/lib/python3.12/site-packages/airflow/example_dags/example_params_trigger_ui.py
[2025-08-20T20:26:06.019+0000] {processor.py:914} INFO - Processing file /home/airflow/.local/lib/python3.12/site-packages/airflow/example_dags/example_params_trigger_ui.py for tasks to queue
[2025-08-20T20:26:06.029+0000] {logging_mixin.py:190} INFO - [2025-08-20T20:26:06.028+0000] {dagbag.py:587} INFO - Filling up the DagBag from /home/airflow/.local/lib/python3.12/site-packages/airflow/example_dags/example_params_trigger_ui.py
[2025-08-20T20:26:06.052+0000] {processor.py:925} INFO - DAG(s) 'example_params_trigger_ui' retrieved from /home/airflow/.local/lib/python3.12/site-packages/airflow/example_dags/example_params_trigger_ui.py
[2025-08-20T20:26:06.095+0000] {logging_mixin.py:190} INFO - [2025-08-20T20:26:06.095+0000] {dag.py:3229} INFO - Sync 1 DAGs
[2025-08-20T20:26:06.116+0000] {logging_mixin.py:190} INFO - [2025-08-20T20:26:06.116+0000] {dag.py:4156} INFO - Setting next_dagrun for example_params_trigger_ui to None, run_after=None
[2025-08-20T20:26:06.144+0000] {processor.py:208} INFO - Processing /home/airflow/.local/lib/python3.12/site-packages/airflow/example_dags/example_params_trigger_ui.py took 0.138 seconds
[2025-08-20T20:26:36.433+0000] {processor.py:186} INFO - Started process (PID=1057) to work on /home/airflow/.local/lib/python3.12/site-packages/airflow/example_dags/example_params_trigger_ui.py
[2025-08-20T20:26:36.435+0000] {processor.py:914} INFO - Processing file /home/airflow/.local/lib/python3.12/site-packages/airflow/example_dags/example_params_trigger_ui.py for tasks to queue
[2025-08-20T20:26:36.437+0000] {logging_mixin.py:190} INFO - [2025-08-20T20:26:36.436+0000] {dagbag.py:587} INFO - Filling up the DagBag from /home/airflow/.local/lib/python3.12/site-packages/airflow/example_dags/example_params_trigger_ui.py
[2025-08-20T20:26:36.444+0000] {processor.py:925} INFO - DAG(s) 'example_params_trigger_ui' retrieved from /home/airflow/.local/lib/python3.12/site-packages/airflow/example_dags/example_params_trigger_ui.py
[2025-08-20T20:26:36.484+0000] {logging_mixin.py:190} INFO - [2025-08-20T20:26:36.484+0000] {dag.py:3229} INFO - Sync 1 DAGs
[2025-08-20T20:26:36.494+0000] {logging_mixin.py:190} INFO - [2025-08-20T20:26:36.494+0000] {dag.py:4156} INFO - Setting next_dagrun for example_params_trigger_ui to None, run_after=None
[2025-08-20T20:26:36.520+0000] {processor.py:208} INFO - Processing /home/airflow/.local/lib/python3.12/site-packages/airflow/example_dags/example_params_trigger_ui.py took 0.091 seconds
