[2025-08-20T20:18:28.118+0000] {processor.py:186} INFO - Started process (PID=99) to work on /home/airflow/.local/lib/python3.12/site-packages/airflow/example_dags/example_datasets.py
[2025-08-20T20:18:28.122+0000] {processor.py:914} INFO - Processing file /home/airflow/.local/lib/python3.12/site-packages/airflow/example_dags/example_datasets.py for tasks to queue
[2025-08-20T20:18:28.131+0000] {logging_mixin.py:190} INFO - [2025-08-20T20:18:28.129+0000] {dagbag.py:587} INFO - Filling up the DagBag from /home/airflow/.local/lib/python3.12/site-packages/airflow/example_dags/example_datasets.py
[2025-08-20T20:18:29.498+0000] {processor.py:925} INFO - DAG(s) 'consume_1_or_2_with_dataset_expressions', 'consume_1_or_both_2_and_3_with_dataset_expressions', 'dataset_consumes_1_and_2', 'dataset_consumes_1', 'dataset_consumes_unknown_never_scheduled', 'dataset_consumes_1_never_scheduled', 'dataset_produces_1', 'conditional_dataset_and_time_based_timetable', 'consume_1_and_2_with_dataset_expressions', 'dataset_produces_2' retrieved from /home/airflow/.local/lib/python3.12/site-packages/airflow/example_dags/example_datasets.py
[2025-08-20T20:18:29.848+0000] {logging_mixin.py:190} INFO - [2025-08-20T20:18:29.843+0000] {override.py:1900} INFO - Created Permission View: can read on DAG:consume_1_or_2_with_dataset_expressions
[2025-08-20T20:18:29.876+0000] {logging_mixin.py:190} INFO - [2025-08-20T20:18:29.874+0000] {override.py:1900} INFO - Created Permission View: can delete on DAG:consume_1_or_2_with_dataset_expressions
[2025-08-20T20:18:29.902+0000] {logging_mixin.py:190} INFO - [2025-08-20T20:18:29.901+0000] {override.py:1900} INFO - Created Permission View: can edit on DAG:consume_1_or_2_with_dataset_expressions
[2025-08-20T20:18:29.921+0000] {logging_mixin.py:190} INFO - [2025-08-20T20:18:29.920+0000] {override.py:1900} INFO - Created Permission View: can read on DAG Run:consume_1_or_2_with_dataset_expressions
[2025-08-20T20:18:29.943+0000] {logging_mixin.py:190} INFO - [2025-08-20T20:18:29.942+0000] {override.py:1900} INFO - Created Permission View: menu access on DAG Run:consume_1_or_2_with_dataset_expressions
[2025-08-20T20:18:29.961+0000] {logging_mixin.py:190} INFO - [2025-08-20T20:18:29.960+0000] {override.py:1900} INFO - Created Permission View: can delete on DAG Run:consume_1_or_2_with_dataset_expressions
[2025-08-20T20:18:29.978+0000] {logging_mixin.py:190} INFO - [2025-08-20T20:18:29.977+0000] {override.py:1900} INFO - Created Permission View: can create on DAG Run:consume_1_or_2_with_dataset_expressions
[2025-08-20T20:18:30.007+0000] {logging_mixin.py:190} INFO - [2025-08-20T20:18:30.007+0000] {override.py:1900} INFO - Created Permission View: can read on DAG:consume_1_or_both_2_and_3_with_dataset_expressions
[2025-08-20T20:18:30.027+0000] {logging_mixin.py:190} INFO - [2025-08-20T20:18:30.026+0000] {override.py:1900} INFO - Created Permission View: can delete on DAG:consume_1_or_both_2_and_3_with_dataset_expressions
[2025-08-20T20:18:30.043+0000] {logging_mixin.py:190} INFO - [2025-08-20T20:18:30.043+0000] {override.py:1900} INFO - Created Permission View: can edit on DAG:consume_1_or_both_2_and_3_with_dataset_expressions
[2025-08-20T20:18:30.057+0000] {logging_mixin.py:190} INFO - [2025-08-20T20:18:30.056+0000] {override.py:1900} INFO - Created Permission View: can read on DAG Run:consume_1_or_both_2_and_3_with_dataset_expressions
[2025-08-20T20:18:30.076+0000] {logging_mixin.py:190} INFO - [2025-08-20T20:18:30.075+0000] {override.py:1900} INFO - Created Permission View: menu access on DAG Run:consume_1_or_both_2_and_3_with_dataset_expressions
[2025-08-20T20:18:30.094+0000] {logging_mixin.py:190} INFO - [2025-08-20T20:18:30.093+0000] {override.py:1900} INFO - Created Permission View: can delete on DAG Run:consume_1_or_both_2_and_3_with_dataset_expressions
[2025-08-20T20:18:30.108+0000] {logging_mixin.py:190} INFO - [2025-08-20T20:18:30.107+0000] {override.py:1900} INFO - Created Permission View: can create on DAG Run:consume_1_or_both_2_and_3_with_dataset_expressions
[2025-08-20T20:18:30.135+0000] {logging_mixin.py:190} INFO - [2025-08-20T20:18:30.135+0000] {override.py:1900} INFO - Created Permission View: can read on DAG:dataset_consumes_1_and_2
[2025-08-20T20:18:30.150+0000] {logging_mixin.py:190} INFO - [2025-08-20T20:18:30.149+0000] {override.py:1900} INFO - Created Permission View: can delete on DAG:dataset_consumes_1_and_2
[2025-08-20T20:18:30.163+0000] {logging_mixin.py:190} INFO - [2025-08-20T20:18:30.162+0000] {override.py:1900} INFO - Created Permission View: can edit on DAG:dataset_consumes_1_and_2
[2025-08-20T20:18:30.175+0000] {logging_mixin.py:190} INFO - [2025-08-20T20:18:30.175+0000] {override.py:1900} INFO - Created Permission View: can read on DAG Run:dataset_consumes_1_and_2
[2025-08-20T20:18:30.181+0000] {logging_mixin.py:190} INFO - [2025-08-20T20:18:30.181+0000] {override.py:1900} INFO - Created Permission View: menu access on DAG Run:dataset_consumes_1_and_2
[2025-08-20T20:18:30.189+0000] {logging_mixin.py:190} INFO - [2025-08-20T20:18:30.189+0000] {override.py:1900} INFO - Created Permission View: can delete on DAG Run:dataset_consumes_1_and_2
[2025-08-20T20:18:30.195+0000] {logging_mixin.py:190} INFO - [2025-08-20T20:18:30.195+0000] {override.py:1900} INFO - Created Permission View: can create on DAG Run:dataset_consumes_1_and_2
[2025-08-20T20:18:30.217+0000] {logging_mixin.py:190} INFO - [2025-08-20T20:18:30.216+0000] {override.py:1900} INFO - Created Permission View: can read on DAG:dataset_consumes_1
[2025-08-20T20:18:30.234+0000] {logging_mixin.py:190} INFO - [2025-08-20T20:18:30.234+0000] {override.py:1900} INFO - Created Permission View: can delete on DAG:dataset_consumes_1
[2025-08-20T20:18:30.240+0000] {logging_mixin.py:190} INFO - [2025-08-20T20:18:30.240+0000] {override.py:1900} INFO - Created Permission View: can edit on DAG:dataset_consumes_1
[2025-08-20T20:18:30.252+0000] {logging_mixin.py:190} INFO - [2025-08-20T20:18:30.252+0000] {override.py:1900} INFO - Created Permission View: can read on DAG Run:dataset_consumes_1
[2025-08-20T20:18:30.260+0000] {logging_mixin.py:190} INFO - [2025-08-20T20:18:30.259+0000] {override.py:1900} INFO - Created Permission View: menu access on DAG Run:dataset_consumes_1
[2025-08-20T20:18:30.268+0000] {logging_mixin.py:190} INFO - [2025-08-20T20:18:30.268+0000] {override.py:1900} INFO - Created Permission View: can delete on DAG Run:dataset_consumes_1
[2025-08-20T20:18:30.273+0000] {logging_mixin.py:190} INFO - [2025-08-20T20:18:30.273+0000] {override.py:1900} INFO - Created Permission View: can create on DAG Run:dataset_consumes_1
[2025-08-20T20:18:30.287+0000] {logging_mixin.py:190} INFO - [2025-08-20T20:18:30.286+0000] {override.py:1900} INFO - Created Permission View: can read on DAG:dataset_consumes_unknown_never_scheduled
[2025-08-20T20:18:30.294+0000] {logging_mixin.py:190} INFO - [2025-08-20T20:18:30.293+0000] {override.py:1900} INFO - Created Permission View: can delete on DAG:dataset_consumes_unknown_never_scheduled
[2025-08-20T20:18:30.304+0000] {logging_mixin.py:190} INFO - [2025-08-20T20:18:30.304+0000] {override.py:1900} INFO - Created Permission View: can edit on DAG:dataset_consumes_unknown_never_scheduled
[2025-08-20T20:18:30.310+0000] {logging_mixin.py:190} INFO - [2025-08-20T20:18:30.310+0000] {override.py:1900} INFO - Created Permission View: can read on DAG Run:dataset_consumes_unknown_never_scheduled
[2025-08-20T20:18:30.314+0000] {logging_mixin.py:190} INFO - [2025-08-20T20:18:30.314+0000] {override.py:1900} INFO - Created Permission View: menu access on DAG Run:dataset_consumes_unknown_never_scheduled
[2025-08-20T20:18:30.319+0000] {logging_mixin.py:190} INFO - [2025-08-20T20:18:30.319+0000] {override.py:1900} INFO - Created Permission View: can delete on DAG Run:dataset_consumes_unknown_never_scheduled
[2025-08-20T20:18:30.324+0000] {logging_mixin.py:190} INFO - [2025-08-20T20:18:30.324+0000] {override.py:1900} INFO - Created Permission View: can create on DAG Run:dataset_consumes_unknown_never_scheduled
[2025-08-20T20:18:30.355+0000] {logging_mixin.py:190} INFO - [2025-08-20T20:18:30.354+0000] {override.py:1900} INFO - Created Permission View: can read on DAG:dataset_consumes_1_never_scheduled
[2025-08-20T20:18:30.381+0000] {logging_mixin.py:190} INFO - [2025-08-20T20:18:30.380+0000] {override.py:1900} INFO - Created Permission View: can delete on DAG:dataset_consumes_1_never_scheduled
[2025-08-20T20:18:30.392+0000] {logging_mixin.py:190} INFO - [2025-08-20T20:18:30.391+0000] {override.py:1900} INFO - Created Permission View: can edit on DAG:dataset_consumes_1_never_scheduled
[2025-08-20T20:18:30.399+0000] {logging_mixin.py:190} INFO - [2025-08-20T20:18:30.399+0000] {override.py:1900} INFO - Created Permission View: can read on DAG Run:dataset_consumes_1_never_scheduled
[2025-08-20T20:18:30.408+0000] {logging_mixin.py:190} INFO - [2025-08-20T20:18:30.407+0000] {override.py:1900} INFO - Created Permission View: menu access on DAG Run:dataset_consumes_1_never_scheduled
[2025-08-20T20:18:30.417+0000] {logging_mixin.py:190} INFO - [2025-08-20T20:18:30.417+0000] {override.py:1900} INFO - Created Permission View: can delete on DAG Run:dataset_consumes_1_never_scheduled
[2025-08-20T20:18:30.422+0000] {logging_mixin.py:190} INFO - [2025-08-20T20:18:30.421+0000] {override.py:1900} INFO - Created Permission View: can create on DAG Run:dataset_consumes_1_never_scheduled
[2025-08-20T20:18:30.507+0000] {logging_mixin.py:190} INFO - [2025-08-20T20:18:30.507+0000] {override.py:1900} INFO - Created Permission View: can read on DAG:dataset_produces_1
[2025-08-20T20:18:30.516+0000] {logging_mixin.py:190} INFO - [2025-08-20T20:18:30.515+0000] {override.py:1900} INFO - Created Permission View: can delete on DAG:dataset_produces_1
[2025-08-20T20:18:30.534+0000] {logging_mixin.py:190} INFO - [2025-08-20T20:18:30.532+0000] {override.py:1900} INFO - Created Permission View: can edit on DAG:dataset_produces_1
[2025-08-20T20:18:30.557+0000] {logging_mixin.py:190} INFO - [2025-08-20T20:18:30.556+0000] {override.py:1900} INFO - Created Permission View: can read on DAG Run:dataset_produces_1
[2025-08-20T20:18:30.567+0000] {logging_mixin.py:190} INFO - [2025-08-20T20:18:30.567+0000] {override.py:1900} INFO - Created Permission View: menu access on DAG Run:dataset_produces_1
[2025-08-20T20:18:30.590+0000] {logging_mixin.py:190} INFO - [2025-08-20T20:18:30.589+0000] {override.py:1900} INFO - Created Permission View: can delete on DAG Run:dataset_produces_1
[2025-08-20T20:18:30.603+0000] {logging_mixin.py:190} INFO - [2025-08-20T20:18:30.601+0000] {override.py:1900} INFO - Created Permission View: can create on DAG Run:dataset_produces_1
[2025-08-20T20:18:30.635+0000] {logging_mixin.py:190} INFO - [2025-08-20T20:18:30.635+0000] {override.py:1900} INFO - Created Permission View: can read on DAG:conditional_dataset_and_time_based_timetable
[2025-08-20T20:18:30.648+0000] {logging_mixin.py:190} INFO - [2025-08-20T20:18:30.647+0000] {override.py:1900} INFO - Created Permission View: can delete on DAG:conditional_dataset_and_time_based_timetable
[2025-08-20T20:18:30.672+0000] {logging_mixin.py:190} INFO - [2025-08-20T20:18:30.671+0000] {override.py:1900} INFO - Created Permission View: can edit on DAG:conditional_dataset_and_time_based_timetable
[2025-08-20T20:18:30.698+0000] {logging_mixin.py:190} INFO - [2025-08-20T20:18:30.696+0000] {override.py:1900} INFO - Created Permission View: can read on DAG Run:conditional_dataset_and_time_based_timetable
[2025-08-20T20:18:30.711+0000] {logging_mixin.py:190} INFO - [2025-08-20T20:18:30.710+0000] {override.py:1900} INFO - Created Permission View: menu access on DAG Run:conditional_dataset_and_time_based_timetable
[2025-08-20T20:18:30.735+0000] {logging_mixin.py:190} INFO - [2025-08-20T20:18:30.734+0000] {override.py:1900} INFO - Created Permission View: can delete on DAG Run:conditional_dataset_and_time_based_timetable
[2025-08-20T20:18:30.745+0000] {logging_mixin.py:190} INFO - [2025-08-20T20:18:30.744+0000] {override.py:1900} INFO - Created Permission View: can create on DAG Run:conditional_dataset_and_time_based_timetable
[2025-08-20T20:18:30.771+0000] {logging_mixin.py:190} INFO - [2025-08-20T20:18:30.771+0000] {override.py:1900} INFO - Created Permission View: can read on DAG:consume_1_and_2_with_dataset_expressions
[2025-08-20T20:18:30.777+0000] {logging_mixin.py:190} INFO - [2025-08-20T20:18:30.777+0000] {override.py:1900} INFO - Created Permission View: can delete on DAG:consume_1_and_2_with_dataset_expressions
[2025-08-20T20:18:30.797+0000] {logging_mixin.py:190} INFO - [2025-08-20T20:18:30.796+0000] {override.py:1900} INFO - Created Permission View: can edit on DAG:consume_1_and_2_with_dataset_expressions
[2025-08-20T20:18:30.816+0000] {logging_mixin.py:190} INFO - [2025-08-20T20:18:30.815+0000] {override.py:1900} INFO - Created Permission View: can read on DAG Run:consume_1_and_2_with_dataset_expressions
[2025-08-20T20:18:30.827+0000] {logging_mixin.py:190} INFO - [2025-08-20T20:18:30.827+0000] {override.py:1900} INFO - Created Permission View: menu access on DAG Run:consume_1_and_2_with_dataset_expressions
[2025-08-20T20:18:30.837+0000] {logging_mixin.py:190} INFO - [2025-08-20T20:18:30.837+0000] {override.py:1900} INFO - Created Permission View: can delete on DAG Run:consume_1_and_2_with_dataset_expressions
[2025-08-20T20:18:30.858+0000] {logging_mixin.py:190} INFO - [2025-08-20T20:18:30.858+0000] {override.py:1900} INFO - Created Permission View: can create on DAG Run:consume_1_and_2_with_dataset_expressions
[2025-08-20T20:18:30.875+0000] {logging_mixin.py:190} INFO - [2025-08-20T20:18:30.875+0000] {override.py:1900} INFO - Created Permission View: can read on DAG:dataset_produces_2
[2025-08-20T20:18:30.881+0000] {logging_mixin.py:190} INFO - [2025-08-20T20:18:30.881+0000] {override.py:1900} INFO - Created Permission View: can delete on DAG:dataset_produces_2
[2025-08-20T20:18:30.893+0000] {logging_mixin.py:190} INFO - [2025-08-20T20:18:30.892+0000] {override.py:1900} INFO - Created Permission View: can edit on DAG:dataset_produces_2
[2025-08-20T20:18:30.906+0000] {logging_mixin.py:190} INFO - [2025-08-20T20:18:30.906+0000] {override.py:1900} INFO - Created Permission View: can read on DAG Run:dataset_produces_2
[2025-08-20T20:18:30.972+0000] {logging_mixin.py:190} INFO - [2025-08-20T20:18:30.971+0000] {override.py:1900} INFO - Created Permission View: menu access on DAG Run:dataset_produces_2
[2025-08-20T20:18:30.976+0000] {logging_mixin.py:190} INFO - [2025-08-20T20:18:30.976+0000] {override.py:1900} INFO - Created Permission View: can delete on DAG Run:dataset_produces_2
[2025-08-20T20:18:30.989+0000] {logging_mixin.py:190} INFO - [2025-08-20T20:18:30.989+0000] {override.py:1900} INFO - Created Permission View: can create on DAG Run:dataset_produces_2
[2025-08-20T20:18:30.991+0000] {logging_mixin.py:190} INFO - [2025-08-20T20:18:30.990+0000] {dag.py:3229} INFO - Sync 10 DAGs
[2025-08-20T20:18:31.111+0000] {logging_mixin.py:190} INFO - [2025-08-20T20:18:31.110+0000] {dag.py:3252} INFO - Creating ORM DAG for dataset_consumes_1_and_2
[2025-08-20T20:18:31.118+0000] {logging_mixin.py:190} INFO - [2025-08-20T20:18:31.118+0000] {dag.py:3252} INFO - Creating ORM DAG for dataset_produces_1
[2025-08-20T20:18:31.122+0000] {logging_mixin.py:190} INFO - [2025-08-20T20:18:31.122+0000] {dag.py:3252} INFO - Creating ORM DAG for consume_1_or_2_with_dataset_expressions
[2025-08-20T20:18:31.123+0000] {logging_mixin.py:190} INFO - [2025-08-20T20:18:31.123+0000] {dag.py:3252} INFO - Creating ORM DAG for dataset_produces_2
[2025-08-20T20:18:31.126+0000] {logging_mixin.py:190} INFO - [2025-08-20T20:18:31.126+0000] {dag.py:3252} INFO - Creating ORM DAG for consume_1_or_both_2_and_3_with_dataset_expressions
[2025-08-20T20:18:31.127+0000] {logging_mixin.py:190} INFO - [2025-08-20T20:18:31.127+0000] {dag.py:3252} INFO - Creating ORM DAG for dataset_consumes_1_never_scheduled
[2025-08-20T20:18:31.129+0000] {logging_mixin.py:190} INFO - [2025-08-20T20:18:31.129+0000] {dag.py:3252} INFO - Creating ORM DAG for dataset_consumes_unknown_never_scheduled
[2025-08-20T20:18:31.130+0000] {logging_mixin.py:190} INFO - [2025-08-20T20:18:31.130+0000] {dag.py:3252} INFO - Creating ORM DAG for conditional_dataset_and_time_based_timetable
[2025-08-20T20:18:31.132+0000] {logging_mixin.py:190} INFO - [2025-08-20T20:18:31.131+0000] {dag.py:3252} INFO - Creating ORM DAG for consume_1_and_2_with_dataset_expressions
[2025-08-20T20:18:31.134+0000] {logging_mixin.py:190} INFO - [2025-08-20T20:18:31.134+0000] {dag.py:3252} INFO - Creating ORM DAG for dataset_consumes_1
[2025-08-20T20:18:31.199+0000] {logging_mixin.py:190} INFO - [2025-08-20T20:18:31.198+0000] {dag.py:4156} INFO - Setting next_dagrun for conditional_dataset_and_time_based_timetable to 2025-08-20 01:00:00+00:00, run_after=2025-08-20 01:00:00+00:00
[2025-08-20T20:18:31.201+0000] {logging_mixin.py:190} INFO - [2025-08-20T20:18:31.201+0000] {dag.py:4156} INFO - Setting next_dagrun for consume_1_and_2_with_dataset_expressions to None, run_after=None
[2025-08-20T20:18:31.201+0000] {logging_mixin.py:190} INFO - [2025-08-20T20:18:31.201+0000] {dag.py:4156} INFO - Setting next_dagrun for consume_1_or_2_with_dataset_expressions to None, run_after=None
[2025-08-20T20:18:31.201+0000] {logging_mixin.py:190} INFO - [2025-08-20T20:18:31.201+0000] {dag.py:4156} INFO - Setting next_dagrun for consume_1_or_both_2_and_3_with_dataset_expressions to None, run_after=None
[2025-08-20T20:18:31.202+0000] {logging_mixin.py:190} INFO - [2025-08-20T20:18:31.202+0000] {dag.py:4156} INFO - Setting next_dagrun for dataset_consumes_1 to None, run_after=None
[2025-08-20T20:18:31.202+0000] {logging_mixin.py:190} INFO - [2025-08-20T20:18:31.202+0000] {dag.py:4156} INFO - Setting next_dagrun for dataset_consumes_1_and_2 to None, run_after=None
[2025-08-20T20:18:31.203+0000] {logging_mixin.py:190} INFO - [2025-08-20T20:18:31.203+0000] {dag.py:4156} INFO - Setting next_dagrun for dataset_consumes_1_never_scheduled to None, run_after=None
[2025-08-20T20:18:31.203+0000] {logging_mixin.py:190} INFO - [2025-08-20T20:18:31.203+0000] {dag.py:4156} INFO - Setting next_dagrun for dataset_consumes_unknown_never_scheduled to None, run_after=None
[2025-08-20T20:18:31.206+0000] {logging_mixin.py:190} INFO - [2025-08-20T20:18:31.204+0000] {dag.py:4156} INFO - Setting next_dagrun for dataset_produces_1 to 2025-08-19 00:00:00+00:00, run_after=2025-08-20 00:00:00+00:00
[2025-08-20T20:18:31.207+0000] {logging_mixin.py:190} INFO - [2025-08-20T20:18:31.207+0000] {dag.py:4156} INFO - Setting next_dagrun for dataset_produces_2 to None, run_after=None
[2025-08-20T20:18:31.330+0000] {processor.py:208} INFO - Processing /home/airflow/.local/lib/python3.12/site-packages/airflow/example_dags/example_datasets.py took 3.235 seconds
[2025-08-20T20:19:02.008+0000] {processor.py:186} INFO - Started process (PID=163) to work on /home/airflow/.local/lib/python3.12/site-packages/airflow/example_dags/example_datasets.py
[2025-08-20T20:19:02.010+0000] {processor.py:914} INFO - Processing file /home/airflow/.local/lib/python3.12/site-packages/airflow/example_dags/example_datasets.py for tasks to queue
[2025-08-20T20:19:02.024+0000] {logging_mixin.py:190} INFO - [2025-08-20T20:19:02.022+0000] {dagbag.py:587} INFO - Filling up the DagBag from /home/airflow/.local/lib/python3.12/site-packages/airflow/example_dags/example_datasets.py
[2025-08-20T20:19:02.462+0000] {processor.py:925} INFO - DAG(s) 'consume_1_or_2_with_dataset_expressions', 'conditional_dataset_and_time_based_timetable', 'dataset_produces_1', 'consume_1_and_2_with_dataset_expressions', 'dataset_produces_2', 'dataset_consumes_1', 'consume_1_or_both_2_and_3_with_dataset_expressions', 'dataset_consumes_1_and_2', 'dataset_consumes_unknown_never_scheduled', 'dataset_consumes_1_never_scheduled' retrieved from /home/airflow/.local/lib/python3.12/site-packages/airflow/example_dags/example_datasets.py
[2025-08-20T20:19:02.668+0000] {logging_mixin.py:190} INFO - [2025-08-20T20:19:02.666+0000] {dag.py:3229} INFO - Sync 10 DAGs
[2025-08-20T20:19:02.867+0000] {logging_mixin.py:190} INFO - [2025-08-20T20:19:02.867+0000] {dag.py:4156} INFO - Setting next_dagrun for conditional_dataset_and_time_based_timetable to 2025-08-20 01:00:00+00:00, run_after=2025-08-20 01:00:00+00:00
[2025-08-20T20:19:02.876+0000] {logging_mixin.py:190} INFO - [2025-08-20T20:19:02.875+0000] {dag.py:4156} INFO - Setting next_dagrun for consume_1_and_2_with_dataset_expressions to None, run_after=None
[2025-08-20T20:19:02.877+0000] {logging_mixin.py:190} INFO - [2025-08-20T20:19:02.877+0000] {dag.py:4156} INFO - Setting next_dagrun for consume_1_or_2_with_dataset_expressions to None, run_after=None
[2025-08-20T20:19:02.877+0000] {logging_mixin.py:190} INFO - [2025-08-20T20:19:02.877+0000] {dag.py:4156} INFO - Setting next_dagrun for consume_1_or_both_2_and_3_with_dataset_expressions to None, run_after=None
[2025-08-20T20:19:02.878+0000] {logging_mixin.py:190} INFO - [2025-08-20T20:19:02.878+0000] {dag.py:4156} INFO - Setting next_dagrun for dataset_consumes_1 to None, run_after=None
[2025-08-20T20:19:02.879+0000] {logging_mixin.py:190} INFO - [2025-08-20T20:19:02.879+0000] {dag.py:4156} INFO - Setting next_dagrun for dataset_consumes_1_and_2 to None, run_after=None
[2025-08-20T20:19:02.879+0000] {logging_mixin.py:190} INFO - [2025-08-20T20:19:02.879+0000] {dag.py:4156} INFO - Setting next_dagrun for dataset_consumes_1_never_scheduled to None, run_after=None
[2025-08-20T20:19:02.880+0000] {logging_mixin.py:190} INFO - [2025-08-20T20:19:02.880+0000] {dag.py:4156} INFO - Setting next_dagrun for dataset_consumes_unknown_never_scheduled to None, run_after=None
[2025-08-20T20:19:02.881+0000] {logging_mixin.py:190} INFO - [2025-08-20T20:19:02.881+0000] {dag.py:4156} INFO - Setting next_dagrun for dataset_produces_1 to 2025-08-19 00:00:00+00:00, run_after=2025-08-20 00:00:00+00:00
[2025-08-20T20:19:02.885+0000] {logging_mixin.py:190} INFO - [2025-08-20T20:19:02.884+0000] {dag.py:4156} INFO - Setting next_dagrun for dataset_produces_2 to None, run_after=None
[2025-08-20T20:19:03.012+0000] {processor.py:208} INFO - Processing /home/airflow/.local/lib/python3.12/site-packages/airflow/example_dags/example_datasets.py took 1.087 seconds
[2025-08-20T20:19:33.280+0000] {processor.py:186} INFO - Started process (PID=225) to work on /home/airflow/.local/lib/python3.12/site-packages/airflow/example_dags/example_datasets.py
[2025-08-20T20:19:33.313+0000] {processor.py:914} INFO - Processing file /home/airflow/.local/lib/python3.12/site-packages/airflow/example_dags/example_datasets.py for tasks to queue
[2025-08-20T20:19:33.347+0000] {logging_mixin.py:190} INFO - [2025-08-20T20:19:33.336+0000] {dagbag.py:587} INFO - Filling up the DagBag from /home/airflow/.local/lib/python3.12/site-packages/airflow/example_dags/example_datasets.py
[2025-08-20T20:19:34.495+0000] {processor.py:925} INFO - DAG(s) 'consume_1_or_2_with_dataset_expressions', 'dataset_produces_2', 'dataset_consumes_1_never_scheduled', 'consume_1_or_both_2_and_3_with_dataset_expressions', 'dataset_consumes_1', 'conditional_dataset_and_time_based_timetable', 'dataset_consumes_1_and_2', 'consume_1_and_2_with_dataset_expressions', 'dataset_produces_1', 'dataset_consumes_unknown_never_scheduled' retrieved from /home/airflow/.local/lib/python3.12/site-packages/airflow/example_dags/example_datasets.py
[2025-08-20T20:19:34.653+0000] {logging_mixin.py:190} INFO - [2025-08-20T20:19:34.653+0000] {dag.py:3229} INFO - Sync 10 DAGs
[2025-08-20T20:19:34.682+0000] {logging_mixin.py:190} INFO - [2025-08-20T20:19:34.681+0000] {dag.py:4156} INFO - Setting next_dagrun for conditional_dataset_and_time_based_timetable to 2025-08-20 01:00:00+00:00, run_after=2025-08-20 01:00:00+00:00
[2025-08-20T20:19:34.686+0000] {logging_mixin.py:190} INFO - [2025-08-20T20:19:34.686+0000] {dag.py:4156} INFO - Setting next_dagrun for consume_1_and_2_with_dataset_expressions to None, run_after=None
[2025-08-20T20:19:34.687+0000] {logging_mixin.py:190} INFO - [2025-08-20T20:19:34.687+0000] {dag.py:4156} INFO - Setting next_dagrun for consume_1_or_2_with_dataset_expressions to None, run_after=None
[2025-08-20T20:19:34.688+0000] {logging_mixin.py:190} INFO - [2025-08-20T20:19:34.688+0000] {dag.py:4156} INFO - Setting next_dagrun for consume_1_or_both_2_and_3_with_dataset_expressions to None, run_after=None
[2025-08-20T20:19:34.688+0000] {logging_mixin.py:190} INFO - [2025-08-20T20:19:34.688+0000] {dag.py:4156} INFO - Setting next_dagrun for dataset_consumes_1 to None, run_after=None
[2025-08-20T20:19:34.689+0000] {logging_mixin.py:190} INFO - [2025-08-20T20:19:34.689+0000] {dag.py:4156} INFO - Setting next_dagrun for dataset_consumes_1_and_2 to None, run_after=None
[2025-08-20T20:19:34.689+0000] {logging_mixin.py:190} INFO - [2025-08-20T20:19:34.689+0000] {dag.py:4156} INFO - Setting next_dagrun for dataset_consumes_1_never_scheduled to None, run_after=None
[2025-08-20T20:19:34.690+0000] {logging_mixin.py:190} INFO - [2025-08-20T20:19:34.690+0000] {dag.py:4156} INFO - Setting next_dagrun for dataset_consumes_unknown_never_scheduled to None, run_after=None
[2025-08-20T20:19:34.691+0000] {logging_mixin.py:190} INFO - [2025-08-20T20:19:34.691+0000] {dag.py:4156} INFO - Setting next_dagrun for dataset_produces_1 to 2025-08-19 00:00:00+00:00, run_after=2025-08-20 00:00:00+00:00
[2025-08-20T20:19:34.692+0000] {logging_mixin.py:190} INFO - [2025-08-20T20:19:34.692+0000] {dag.py:4156} INFO - Setting next_dagrun for dataset_produces_2 to None, run_after=None
[2025-08-20T20:19:34.749+0000] {processor.py:208} INFO - Processing /home/airflow/.local/lib/python3.12/site-packages/airflow/example_dags/example_datasets.py took 1.576 seconds
[2025-08-20T20:20:06.283+0000] {processor.py:186} INFO - Started process (PID=287) to work on /home/airflow/.local/lib/python3.12/site-packages/airflow/example_dags/example_datasets.py
[2025-08-20T20:20:06.728+0000] {processor.py:914} INFO - Processing file /home/airflow/.local/lib/python3.12/site-packages/airflow/example_dags/example_datasets.py for tasks to queue
[2025-08-20T20:20:07.139+0000] {logging_mixin.py:190} INFO - [2025-08-20T20:20:07.094+0000] {dagbag.py:587} INFO - Filling up the DagBag from /home/airflow/.local/lib/python3.12/site-packages/airflow/example_dags/example_datasets.py
[2025-08-20T20:20:08.484+0000] {processor.py:925} INFO - DAG(s) 'dataset_consumes_unknown_never_scheduled', 'dataset_produces_1', 'dataset_consumes_1', 'consume_1_or_both_2_and_3_with_dataset_expressions', 'dataset_consumes_1_never_scheduled', 'dataset_produces_2', 'dataset_consumes_1_and_2', 'consume_1_or_2_with_dataset_expressions', 'conditional_dataset_and_time_based_timetable', 'consume_1_and_2_with_dataset_expressions' retrieved from /home/airflow/.local/lib/python3.12/site-packages/airflow/example_dags/example_datasets.py
[2025-08-20T20:20:08.613+0000] {logging_mixin.py:190} INFO - [2025-08-20T20:20:08.612+0000] {dag.py:3229} INFO - Sync 10 DAGs
[2025-08-20T20:20:08.663+0000] {logging_mixin.py:190} INFO - [2025-08-20T20:20:08.663+0000] {dag.py:4156} INFO - Setting next_dagrun for conditional_dataset_and_time_based_timetable to 2025-08-20 01:00:00+00:00, run_after=2025-08-20 01:00:00+00:00
[2025-08-20T20:20:08.666+0000] {logging_mixin.py:190} INFO - [2025-08-20T20:20:08.666+0000] {dag.py:4156} INFO - Setting next_dagrun for consume_1_and_2_with_dataset_expressions to None, run_after=None
[2025-08-20T20:20:08.668+0000] {logging_mixin.py:190} INFO - [2025-08-20T20:20:08.668+0000] {dag.py:4156} INFO - Setting next_dagrun for consume_1_or_2_with_dataset_expressions to None, run_after=None
[2025-08-20T20:20:08.670+0000] {logging_mixin.py:190} INFO - [2025-08-20T20:20:08.670+0000] {dag.py:4156} INFO - Setting next_dagrun for consume_1_or_both_2_and_3_with_dataset_expressions to None, run_after=None
[2025-08-20T20:20:08.671+0000] {logging_mixin.py:190} INFO - [2025-08-20T20:20:08.671+0000] {dag.py:4156} INFO - Setting next_dagrun for dataset_consumes_1 to None, run_after=None
[2025-08-20T20:20:08.672+0000] {logging_mixin.py:190} INFO - [2025-08-20T20:20:08.672+0000] {dag.py:4156} INFO - Setting next_dagrun for dataset_consumes_1_and_2 to None, run_after=None
[2025-08-20T20:20:08.672+0000] {logging_mixin.py:190} INFO - [2025-08-20T20:20:08.672+0000] {dag.py:4156} INFO - Setting next_dagrun for dataset_consumes_1_never_scheduled to None, run_after=None
[2025-08-20T20:20:08.673+0000] {logging_mixin.py:190} INFO - [2025-08-20T20:20:08.673+0000] {dag.py:4156} INFO - Setting next_dagrun for dataset_consumes_unknown_never_scheduled to None, run_after=None
[2025-08-20T20:20:08.674+0000] {logging_mixin.py:190} INFO - [2025-08-20T20:20:08.674+0000] {dag.py:4156} INFO - Setting next_dagrun for dataset_produces_1 to 2025-08-19 00:00:00+00:00, run_after=2025-08-20 00:00:00+00:00
[2025-08-20T20:20:08.674+0000] {logging_mixin.py:190} INFO - [2025-08-20T20:20:08.674+0000] {dag.py:4156} INFO - Setting next_dagrun for dataset_produces_2 to None, run_after=None
[2025-08-20T20:20:08.718+0000] {processor.py:208} INFO - Processing /home/airflow/.local/lib/python3.12/site-packages/airflow/example_dags/example_datasets.py took 2.948 seconds
[2025-08-20T20:20:41.625+0000] {processor.py:186} INFO - Started process (PID=352) to work on /home/airflow/.local/lib/python3.12/site-packages/airflow/example_dags/example_datasets.py
[2025-08-20T20:20:41.627+0000] {processor.py:914} INFO - Processing file /home/airflow/.local/lib/python3.12/site-packages/airflow/example_dags/example_datasets.py for tasks to queue
[2025-08-20T20:20:41.629+0000] {logging_mixin.py:190} INFO - [2025-08-20T20:20:41.629+0000] {dagbag.py:587} INFO - Filling up the DagBag from /home/airflow/.local/lib/python3.12/site-packages/airflow/example_dags/example_datasets.py
[2025-08-20T20:20:42.012+0000] {processor.py:925} INFO - DAG(s) 'dataset_produces_2', 'dataset_consumes_1_and_2', 'consume_1_and_2_with_dataset_expressions', 'dataset_consumes_1', 'consume_1_or_2_with_dataset_expressions', 'dataset_consumes_1_never_scheduled', 'conditional_dataset_and_time_based_timetable', 'dataset_produces_1', 'dataset_consumes_unknown_never_scheduled', 'consume_1_or_both_2_and_3_with_dataset_expressions' retrieved from /home/airflow/.local/lib/python3.12/site-packages/airflow/example_dags/example_datasets.py
[2025-08-20T20:20:42.070+0000] {logging_mixin.py:190} INFO - [2025-08-20T20:20:42.070+0000] {dag.py:3229} INFO - Sync 10 DAGs
[2025-08-20T20:20:42.102+0000] {logging_mixin.py:190} INFO - [2025-08-20T20:20:42.102+0000] {dag.py:4156} INFO - Setting next_dagrun for conditional_dataset_and_time_based_timetable to 2025-08-20 01:00:00+00:00, run_after=2025-08-20 01:00:00+00:00
[2025-08-20T20:20:42.109+0000] {logging_mixin.py:190} INFO - [2025-08-20T20:20:42.109+0000] {dag.py:4156} INFO - Setting next_dagrun for consume_1_and_2_with_dataset_expressions to None, run_after=None
[2025-08-20T20:20:42.110+0000] {logging_mixin.py:190} INFO - [2025-08-20T20:20:42.110+0000] {dag.py:4156} INFO - Setting next_dagrun for consume_1_or_2_with_dataset_expressions to None, run_after=None
[2025-08-20T20:20:42.112+0000] {logging_mixin.py:190} INFO - [2025-08-20T20:20:42.111+0000] {dag.py:4156} INFO - Setting next_dagrun for consume_1_or_both_2_and_3_with_dataset_expressions to None, run_after=None
[2025-08-20T20:20:42.113+0000] {logging_mixin.py:190} INFO - [2025-08-20T20:20:42.112+0000] {dag.py:4156} INFO - Setting next_dagrun for dataset_consumes_1 to None, run_after=None
[2025-08-20T20:20:42.114+0000] {logging_mixin.py:190} INFO - [2025-08-20T20:20:42.114+0000] {dag.py:4156} INFO - Setting next_dagrun for dataset_consumes_1_and_2 to None, run_after=None
[2025-08-20T20:20:42.116+0000] {logging_mixin.py:190} INFO - [2025-08-20T20:20:42.116+0000] {dag.py:4156} INFO - Setting next_dagrun for dataset_consumes_1_never_scheduled to None, run_after=None
[2025-08-20T20:20:42.117+0000] {logging_mixin.py:190} INFO - [2025-08-20T20:20:42.117+0000] {dag.py:4156} INFO - Setting next_dagrun for dataset_consumes_unknown_never_scheduled to None, run_after=None
[2025-08-20T20:20:42.119+0000] {logging_mixin.py:190} INFO - [2025-08-20T20:20:42.119+0000] {dag.py:4156} INFO - Setting next_dagrun for dataset_produces_1 to 2025-08-19 00:00:00+00:00, run_after=2025-08-20 00:00:00+00:00
[2025-08-20T20:20:42.120+0000] {logging_mixin.py:190} INFO - [2025-08-20T20:20:42.120+0000] {dag.py:4156} INFO - Setting next_dagrun for dataset_produces_2 to None, run_after=None
[2025-08-20T20:20:42.150+0000] {processor.py:208} INFO - Processing /home/airflow/.local/lib/python3.12/site-packages/airflow/example_dags/example_datasets.py took 0.559 seconds
[2025-08-20T20:21:13.537+0000] {processor.py:186} INFO - Started process (PID=409) to work on /home/airflow/.local/lib/python3.12/site-packages/airflow/example_dags/example_datasets.py
[2025-08-20T20:21:13.540+0000] {processor.py:914} INFO - Processing file /home/airflow/.local/lib/python3.12/site-packages/airflow/example_dags/example_datasets.py for tasks to queue
[2025-08-20T20:21:13.543+0000] {logging_mixin.py:190} INFO - [2025-08-20T20:21:13.543+0000] {dagbag.py:587} INFO - Filling up the DagBag from /home/airflow/.local/lib/python3.12/site-packages/airflow/example_dags/example_datasets.py
[2025-08-20T20:21:14.647+0000] {processor.py:925} INFO - DAG(s) 'dataset_consumes_1', 'dataset_produces_1', 'consume_1_or_both_2_and_3_with_dataset_expressions', 'consume_1_or_2_with_dataset_expressions', 'conditional_dataset_and_time_based_timetable', 'dataset_consumes_unknown_never_scheduled', 'dataset_consumes_1_and_2', 'consume_1_and_2_with_dataset_expressions', 'dataset_consumes_1_never_scheduled', 'dataset_produces_2' retrieved from /home/airflow/.local/lib/python3.12/site-packages/airflow/example_dags/example_datasets.py
[2025-08-20T20:21:15.063+0000] {logging_mixin.py:190} INFO - [2025-08-20T20:21:15.057+0000] {dag.py:3229} INFO - Sync 10 DAGs
[2025-08-20T20:21:15.277+0000] {logging_mixin.py:190} INFO - [2025-08-20T20:21:15.277+0000] {dag.py:4156} INFO - Setting next_dagrun for conditional_dataset_and_time_based_timetable to 2025-08-20 01:00:00+00:00, run_after=2025-08-20 01:00:00+00:00
[2025-08-20T20:21:15.286+0000] {logging_mixin.py:190} INFO - [2025-08-20T20:21:15.285+0000] {dag.py:4156} INFO - Setting next_dagrun for consume_1_and_2_with_dataset_expressions to None, run_after=None
[2025-08-20T20:21:15.287+0000] {logging_mixin.py:190} INFO - [2025-08-20T20:21:15.287+0000] {dag.py:4156} INFO - Setting next_dagrun for consume_1_or_2_with_dataset_expressions to None, run_after=None
[2025-08-20T20:21:15.295+0000] {logging_mixin.py:190} INFO - [2025-08-20T20:21:15.295+0000] {dag.py:4156} INFO - Setting next_dagrun for consume_1_or_both_2_and_3_with_dataset_expressions to None, run_after=None
[2025-08-20T20:21:15.301+0000] {logging_mixin.py:190} INFO - [2025-08-20T20:21:15.300+0000] {dag.py:4156} INFO - Setting next_dagrun for dataset_consumes_1 to None, run_after=None
[2025-08-20T20:21:15.304+0000] {logging_mixin.py:190} INFO - [2025-08-20T20:21:15.304+0000] {dag.py:4156} INFO - Setting next_dagrun for dataset_consumes_1_and_2 to None, run_after=None
[2025-08-20T20:21:15.307+0000] {logging_mixin.py:190} INFO - [2025-08-20T20:21:15.307+0000] {dag.py:4156} INFO - Setting next_dagrun for dataset_consumes_1_never_scheduled to None, run_after=None
[2025-08-20T20:21:15.309+0000] {logging_mixin.py:190} INFO - [2025-08-20T20:21:15.309+0000] {dag.py:4156} INFO - Setting next_dagrun for dataset_consumes_unknown_never_scheduled to None, run_after=None
[2025-08-20T20:21:15.315+0000] {logging_mixin.py:190} INFO - [2025-08-20T20:21:15.315+0000] {dag.py:4156} INFO - Setting next_dagrun for dataset_produces_1 to 2025-08-19 00:00:00+00:00, run_after=2025-08-20 00:00:00+00:00
[2025-08-20T20:21:15.318+0000] {logging_mixin.py:190} INFO - [2025-08-20T20:21:15.317+0000] {dag.py:4156} INFO - Setting next_dagrun for dataset_produces_2 to None, run_after=None
[2025-08-20T20:21:15.532+0000] {processor.py:208} INFO - Processing /home/airflow/.local/lib/python3.12/site-packages/airflow/example_dags/example_datasets.py took 2.006 seconds
[2025-08-20T20:21:46.482+0000] {processor.py:186} INFO - Started process (PID=471) to work on /home/airflow/.local/lib/python3.12/site-packages/airflow/example_dags/example_datasets.py
[2025-08-20T20:21:46.486+0000] {processor.py:914} INFO - Processing file /home/airflow/.local/lib/python3.12/site-packages/airflow/example_dags/example_datasets.py for tasks to queue
[2025-08-20T20:21:46.495+0000] {logging_mixin.py:190} INFO - [2025-08-20T20:21:46.493+0000] {dagbag.py:587} INFO - Filling up the DagBag from /home/airflow/.local/lib/python3.12/site-packages/airflow/example_dags/example_datasets.py
[2025-08-20T20:21:48.587+0000] {processor.py:925} INFO - DAG(s) 'dataset_consumes_1_never_scheduled', 'consume_1_and_2_with_dataset_expressions', 'dataset_consumes_1', 'consume_1_or_2_with_dataset_expressions', 'dataset_produces_2', 'conditional_dataset_and_time_based_timetable', 'dataset_consumes_1_and_2', 'dataset_consumes_unknown_never_scheduled', 'consume_1_or_both_2_and_3_with_dataset_expressions', 'dataset_produces_1' retrieved from /home/airflow/.local/lib/python3.12/site-packages/airflow/example_dags/example_datasets.py
[2025-08-20T20:21:48.772+0000] {logging_mixin.py:190} INFO - [2025-08-20T20:21:48.771+0000] {dag.py:3229} INFO - Sync 10 DAGs
[2025-08-20T20:21:48.966+0000] {logging_mixin.py:190} INFO - [2025-08-20T20:21:48.965+0000] {dag.py:4156} INFO - Setting next_dagrun for conditional_dataset_and_time_based_timetable to 2025-08-20 01:00:00+00:00, run_after=2025-08-20 01:00:00+00:00
[2025-08-20T20:21:48.983+0000] {logging_mixin.py:190} INFO - [2025-08-20T20:21:48.983+0000] {dag.py:4156} INFO - Setting next_dagrun for consume_1_and_2_with_dataset_expressions to None, run_after=None
[2025-08-20T20:21:48.987+0000] {logging_mixin.py:190} INFO - [2025-08-20T20:21:48.987+0000] {dag.py:4156} INFO - Setting next_dagrun for consume_1_or_2_with_dataset_expressions to None, run_after=None
[2025-08-20T20:21:48.988+0000] {logging_mixin.py:190} INFO - [2025-08-20T20:21:48.988+0000] {dag.py:4156} INFO - Setting next_dagrun for consume_1_or_both_2_and_3_with_dataset_expressions to None, run_after=None
[2025-08-20T20:21:48.990+0000] {logging_mixin.py:190} INFO - [2025-08-20T20:21:48.990+0000] {dag.py:4156} INFO - Setting next_dagrun for dataset_consumes_1 to None, run_after=None
[2025-08-20T20:21:48.992+0000] {logging_mixin.py:190} INFO - [2025-08-20T20:21:48.992+0000] {dag.py:4156} INFO - Setting next_dagrun for dataset_consumes_1_and_2 to None, run_after=None
[2025-08-20T20:21:48.994+0000] {logging_mixin.py:190} INFO - [2025-08-20T20:21:48.994+0000] {dag.py:4156} INFO - Setting next_dagrun for dataset_consumes_1_never_scheduled to None, run_after=None
[2025-08-20T20:21:48.997+0000] {logging_mixin.py:190} INFO - [2025-08-20T20:21:48.996+0000] {dag.py:4156} INFO - Setting next_dagrun for dataset_consumes_unknown_never_scheduled to None, run_after=None
[2025-08-20T20:21:49.004+0000] {logging_mixin.py:190} INFO - [2025-08-20T20:21:49.004+0000] {dag.py:4156} INFO - Setting next_dagrun for dataset_produces_1 to 2025-08-19 00:00:00+00:00, run_after=2025-08-20 00:00:00+00:00
[2025-08-20T20:21:49.006+0000] {logging_mixin.py:190} INFO - [2025-08-20T20:21:49.006+0000] {dag.py:4156} INFO - Setting next_dagrun for dataset_produces_2 to None, run_after=None
[2025-08-20T20:21:49.112+0000] {processor.py:208} INFO - Processing /home/airflow/.local/lib/python3.12/site-packages/airflow/example_dags/example_datasets.py took 2.647 seconds
[2025-08-20T20:22:20.249+0000] {processor.py:186} INFO - Started process (PID=533) to work on /home/airflow/.local/lib/python3.12/site-packages/airflow/example_dags/example_datasets.py
[2025-08-20T20:22:20.254+0000] {processor.py:914} INFO - Processing file /home/airflow/.local/lib/python3.12/site-packages/airflow/example_dags/example_datasets.py for tasks to queue
[2025-08-20T20:22:20.281+0000] {logging_mixin.py:190} INFO - [2025-08-20T20:22:20.280+0000] {dagbag.py:587} INFO - Filling up the DagBag from /home/airflow/.local/lib/python3.12/site-packages/airflow/example_dags/example_datasets.py
[2025-08-20T20:22:20.795+0000] {processor.py:925} INFO - DAG(s) 'consume_1_or_both_2_and_3_with_dataset_expressions', 'dataset_produces_1', 'dataset_consumes_1_never_scheduled', 'dataset_produces_2', 'consume_1_and_2_with_dataset_expressions', 'dataset_consumes_1', 'conditional_dataset_and_time_based_timetable', 'consume_1_or_2_with_dataset_expressions', 'dataset_consumes_1_and_2', 'dataset_consumes_unknown_never_scheduled' retrieved from /home/airflow/.local/lib/python3.12/site-packages/airflow/example_dags/example_datasets.py
[2025-08-20T20:22:20.921+0000] {logging_mixin.py:190} INFO - [2025-08-20T20:22:20.921+0000] {dag.py:3229} INFO - Sync 10 DAGs
[2025-08-20T20:22:21.202+0000] {logging_mixin.py:190} INFO - [2025-08-20T20:22:21.201+0000] {dag.py:4156} INFO - Setting next_dagrun for conditional_dataset_and_time_based_timetable to 2025-08-20 01:00:00+00:00, run_after=2025-08-20 01:00:00+00:00
[2025-08-20T20:22:21.212+0000] {logging_mixin.py:190} INFO - [2025-08-20T20:22:21.212+0000] {dag.py:4156} INFO - Setting next_dagrun for consume_1_and_2_with_dataset_expressions to None, run_after=None
[2025-08-20T20:22:21.215+0000] {logging_mixin.py:190} INFO - [2025-08-20T20:22:21.214+0000] {dag.py:4156} INFO - Setting next_dagrun for consume_1_or_2_with_dataset_expressions to None, run_after=None
[2025-08-20T20:22:21.217+0000] {logging_mixin.py:190} INFO - [2025-08-20T20:22:21.217+0000] {dag.py:4156} INFO - Setting next_dagrun for consume_1_or_both_2_and_3_with_dataset_expressions to None, run_after=None
[2025-08-20T20:22:21.222+0000] {logging_mixin.py:190} INFO - [2025-08-20T20:22:21.222+0000] {dag.py:4156} INFO - Setting next_dagrun for dataset_consumes_1 to None, run_after=None
[2025-08-20T20:22:21.224+0000] {logging_mixin.py:190} INFO - [2025-08-20T20:22:21.223+0000] {dag.py:4156} INFO - Setting next_dagrun for dataset_consumes_1_and_2 to None, run_after=None
[2025-08-20T20:22:21.226+0000] {logging_mixin.py:190} INFO - [2025-08-20T20:22:21.226+0000] {dag.py:4156} INFO - Setting next_dagrun for dataset_consumes_1_never_scheduled to None, run_after=None
[2025-08-20T20:22:21.231+0000] {logging_mixin.py:190} INFO - [2025-08-20T20:22:21.231+0000] {dag.py:4156} INFO - Setting next_dagrun for dataset_consumes_unknown_never_scheduled to None, run_after=None
[2025-08-20T20:22:21.235+0000] {logging_mixin.py:190} INFO - [2025-08-20T20:22:21.235+0000] {dag.py:4156} INFO - Setting next_dagrun for dataset_produces_1 to 2025-08-19 00:00:00+00:00, run_after=2025-08-20 00:00:00+00:00
[2025-08-20T20:22:21.238+0000] {logging_mixin.py:190} INFO - [2025-08-20T20:22:21.237+0000] {dag.py:4156} INFO - Setting next_dagrun for dataset_produces_2 to None, run_after=None
[2025-08-20T20:22:21.351+0000] {processor.py:208} INFO - Processing /home/airflow/.local/lib/python3.12/site-packages/airflow/example_dags/example_datasets.py took 1.118 seconds
[2025-08-20T20:22:51.713+0000] {processor.py:186} INFO - Started process (PID=595) to work on /home/airflow/.local/lib/python3.12/site-packages/airflow/example_dags/example_datasets.py
[2025-08-20T20:22:51.733+0000] {processor.py:914} INFO - Processing file /home/airflow/.local/lib/python3.12/site-packages/airflow/example_dags/example_datasets.py for tasks to queue
[2025-08-20T20:22:51.758+0000] {logging_mixin.py:190} INFO - [2025-08-20T20:22:51.757+0000] {dagbag.py:587} INFO - Filling up the DagBag from /home/airflow/.local/lib/python3.12/site-packages/airflow/example_dags/example_datasets.py
[2025-08-20T20:22:52.338+0000] {processor.py:925} INFO - DAG(s) 'dataset_consumes_1', 'consume_1_or_2_with_dataset_expressions', 'consume_1_and_2_with_dataset_expressions', 'dataset_consumes_1_and_2', 'dataset_produces_1', 'dataset_produces_2', 'dataset_consumes_1_never_scheduled', 'dataset_consumes_unknown_never_scheduled', 'consume_1_or_both_2_and_3_with_dataset_expressions', 'conditional_dataset_and_time_based_timetable' retrieved from /home/airflow/.local/lib/python3.12/site-packages/airflow/example_dags/example_datasets.py
[2025-08-20T20:22:52.551+0000] {logging_mixin.py:190} INFO - [2025-08-20T20:22:52.550+0000] {dag.py:3229} INFO - Sync 10 DAGs
[2025-08-20T20:22:52.784+0000] {logging_mixin.py:190} INFO - [2025-08-20T20:22:52.783+0000] {dag.py:4156} INFO - Setting next_dagrun for conditional_dataset_and_time_based_timetable to 2025-08-20 01:00:00+00:00, run_after=2025-08-20 01:00:00+00:00
[2025-08-20T20:22:52.793+0000] {logging_mixin.py:190} INFO - [2025-08-20T20:22:52.793+0000] {dag.py:4156} INFO - Setting next_dagrun for consume_1_and_2_with_dataset_expressions to None, run_after=None
[2025-08-20T20:22:52.794+0000] {logging_mixin.py:190} INFO - [2025-08-20T20:22:52.794+0000] {dag.py:4156} INFO - Setting next_dagrun for consume_1_or_2_with_dataset_expressions to None, run_after=None
[2025-08-20T20:22:52.795+0000] {logging_mixin.py:190} INFO - [2025-08-20T20:22:52.795+0000] {dag.py:4156} INFO - Setting next_dagrun for consume_1_or_both_2_and_3_with_dataset_expressions to None, run_after=None
[2025-08-20T20:22:52.796+0000] {logging_mixin.py:190} INFO - [2025-08-20T20:22:52.796+0000] {dag.py:4156} INFO - Setting next_dagrun for dataset_consumes_1 to None, run_after=None
[2025-08-20T20:22:52.799+0000] {logging_mixin.py:190} INFO - [2025-08-20T20:22:52.799+0000] {dag.py:4156} INFO - Setting next_dagrun for dataset_consumes_1_and_2 to None, run_after=None
[2025-08-20T20:22:52.800+0000] {logging_mixin.py:190} INFO - [2025-08-20T20:22:52.800+0000] {dag.py:4156} INFO - Setting next_dagrun for dataset_consumes_1_never_scheduled to None, run_after=None
[2025-08-20T20:22:52.801+0000] {logging_mixin.py:190} INFO - [2025-08-20T20:22:52.801+0000] {dag.py:4156} INFO - Setting next_dagrun for dataset_consumes_unknown_never_scheduled to None, run_after=None
[2025-08-20T20:22:52.802+0000] {logging_mixin.py:190} INFO - [2025-08-20T20:22:52.802+0000] {dag.py:4156} INFO - Setting next_dagrun for dataset_produces_1 to 2025-08-19 00:00:00+00:00, run_after=2025-08-20 00:00:00+00:00
[2025-08-20T20:22:52.803+0000] {logging_mixin.py:190} INFO - [2025-08-20T20:22:52.802+0000] {dag.py:4156} INFO - Setting next_dagrun for dataset_produces_2 to None, run_after=None
[2025-08-20T20:22:52.916+0000] {processor.py:208} INFO - Processing /home/airflow/.local/lib/python3.12/site-packages/airflow/example_dags/example_datasets.py took 1.266 seconds
[2025-08-20T20:23:24.153+0000] {processor.py:186} INFO - Started process (PID=657) to work on /home/airflow/.local/lib/python3.12/site-packages/airflow/example_dags/example_datasets.py
[2025-08-20T20:23:24.158+0000] {processor.py:914} INFO - Processing file /home/airflow/.local/lib/python3.12/site-packages/airflow/example_dags/example_datasets.py for tasks to queue
[2025-08-20T20:23:24.171+0000] {logging_mixin.py:190} INFO - [2025-08-20T20:23:24.170+0000] {dagbag.py:587} INFO - Filling up the DagBag from /home/airflow/.local/lib/python3.12/site-packages/airflow/example_dags/example_datasets.py
[2025-08-20T20:23:25.273+0000] {processor.py:925} INFO - DAG(s) 'dataset_consumes_1_never_scheduled', 'consume_1_or_both_2_and_3_with_dataset_expressions', 'dataset_consumes_1_and_2', 'consume_1_and_2_with_dataset_expressions', 'dataset_consumes_1', 'conditional_dataset_and_time_based_timetable', 'dataset_consumes_unknown_never_scheduled', 'consume_1_or_2_with_dataset_expressions', 'dataset_produces_2', 'dataset_produces_1' retrieved from /home/airflow/.local/lib/python3.12/site-packages/airflow/example_dags/example_datasets.py
[2025-08-20T20:23:25.652+0000] {logging_mixin.py:190} INFO - [2025-08-20T20:23:25.642+0000] {dag.py:3229} INFO - Sync 10 DAGs
[2025-08-20T20:23:26.235+0000] {logging_mixin.py:190} INFO - [2025-08-20T20:23:26.232+0000] {dag.py:4156} INFO - Setting next_dagrun for conditional_dataset_and_time_based_timetable to 2025-08-20 01:00:00+00:00, run_after=2025-08-20 01:00:00+00:00
[2025-08-20T20:23:26.247+0000] {logging_mixin.py:190} INFO - [2025-08-20T20:23:26.247+0000] {dag.py:4156} INFO - Setting next_dagrun for consume_1_and_2_with_dataset_expressions to None, run_after=None
[2025-08-20T20:23:26.251+0000] {logging_mixin.py:190} INFO - [2025-08-20T20:23:26.251+0000] {dag.py:4156} INFO - Setting next_dagrun for consume_1_or_2_with_dataset_expressions to None, run_after=None
[2025-08-20T20:23:26.256+0000] {logging_mixin.py:190} INFO - [2025-08-20T20:23:26.256+0000] {dag.py:4156} INFO - Setting next_dagrun for consume_1_or_both_2_and_3_with_dataset_expressions to None, run_after=None
[2025-08-20T20:23:26.259+0000] {logging_mixin.py:190} INFO - [2025-08-20T20:23:26.259+0000] {dag.py:4156} INFO - Setting next_dagrun for dataset_consumes_1 to None, run_after=None
[2025-08-20T20:23:26.260+0000] {logging_mixin.py:190} INFO - [2025-08-20T20:23:26.260+0000] {dag.py:4156} INFO - Setting next_dagrun for dataset_consumes_1_and_2 to None, run_after=None
[2025-08-20T20:23:26.261+0000] {logging_mixin.py:190} INFO - [2025-08-20T20:23:26.261+0000] {dag.py:4156} INFO - Setting next_dagrun for dataset_consumes_1_never_scheduled to None, run_after=None
[2025-08-20T20:23:26.261+0000] {logging_mixin.py:190} INFO - [2025-08-20T20:23:26.261+0000] {dag.py:4156} INFO - Setting next_dagrun for dataset_consumes_unknown_never_scheduled to None, run_after=None
[2025-08-20T20:23:26.264+0000] {logging_mixin.py:190} INFO - [2025-08-20T20:23:26.264+0000] {dag.py:4156} INFO - Setting next_dagrun for dataset_produces_1 to 2025-08-19 00:00:00+00:00, run_after=2025-08-20 00:00:00+00:00
[2025-08-20T20:23:26.265+0000] {logging_mixin.py:190} INFO - [2025-08-20T20:23:26.265+0000] {dag.py:4156} INFO - Setting next_dagrun for dataset_produces_2 to None, run_after=None
[2025-08-20T20:23:26.425+0000] {processor.py:208} INFO - Processing /home/airflow/.local/lib/python3.12/site-packages/airflow/example_dags/example_datasets.py took 2.314 seconds
[2025-08-20T20:23:57.088+0000] {processor.py:186} INFO - Started process (PID=719) to work on /home/airflow/.local/lib/python3.12/site-packages/airflow/example_dags/example_datasets.py
[2025-08-20T20:23:57.090+0000] {processor.py:914} INFO - Processing file /home/airflow/.local/lib/python3.12/site-packages/airflow/example_dags/example_datasets.py for tasks to queue
[2025-08-20T20:23:57.102+0000] {logging_mixin.py:190} INFO - [2025-08-20T20:23:57.101+0000] {dagbag.py:587} INFO - Filling up the DagBag from /home/airflow/.local/lib/python3.12/site-packages/airflow/example_dags/example_datasets.py
[2025-08-20T20:23:57.562+0000] {processor.py:925} INFO - DAG(s) 'dataset_consumes_1_never_scheduled', 'conditional_dataset_and_time_based_timetable', 'consume_1_or_both_2_and_3_with_dataset_expressions', 'dataset_consumes_1', 'dataset_produces_1', 'dataset_produces_2', 'consume_1_or_2_with_dataset_expressions', 'dataset_consumes_unknown_never_scheduled', 'consume_1_and_2_with_dataset_expressions', 'dataset_consumes_1_and_2' retrieved from /home/airflow/.local/lib/python3.12/site-packages/airflow/example_dags/example_datasets.py
[2025-08-20T20:23:57.643+0000] {logging_mixin.py:190} INFO - [2025-08-20T20:23:57.642+0000] {dag.py:3229} INFO - Sync 10 DAGs
[2025-08-20T20:23:57.690+0000] {logging_mixin.py:190} INFO - [2025-08-20T20:23:57.690+0000] {dag.py:4156} INFO - Setting next_dagrun for conditional_dataset_and_time_based_timetable to 2025-08-20 01:00:00+00:00, run_after=2025-08-20 01:00:00+00:00
[2025-08-20T20:23:57.696+0000] {logging_mixin.py:190} INFO - [2025-08-20T20:23:57.696+0000] {dag.py:4156} INFO - Setting next_dagrun for consume_1_and_2_with_dataset_expressions to None, run_after=None
[2025-08-20T20:23:57.697+0000] {logging_mixin.py:190} INFO - [2025-08-20T20:23:57.697+0000] {dag.py:4156} INFO - Setting next_dagrun for consume_1_or_2_with_dataset_expressions to None, run_after=None
[2025-08-20T20:23:57.698+0000] {logging_mixin.py:190} INFO - [2025-08-20T20:23:57.698+0000] {dag.py:4156} INFO - Setting next_dagrun for consume_1_or_both_2_and_3_with_dataset_expressions to None, run_after=None
[2025-08-20T20:23:57.700+0000] {logging_mixin.py:190} INFO - [2025-08-20T20:23:57.700+0000] {dag.py:4156} INFO - Setting next_dagrun for dataset_consumes_1 to None, run_after=None
[2025-08-20T20:23:57.703+0000] {logging_mixin.py:190} INFO - [2025-08-20T20:23:57.703+0000] {dag.py:4156} INFO - Setting next_dagrun for dataset_consumes_1_and_2 to None, run_after=None
[2025-08-20T20:23:57.705+0000] {logging_mixin.py:190} INFO - [2025-08-20T20:23:57.705+0000] {dag.py:4156} INFO - Setting next_dagrun for dataset_consumes_1_never_scheduled to None, run_after=None
[2025-08-20T20:23:57.707+0000] {logging_mixin.py:190} INFO - [2025-08-20T20:23:57.707+0000] {dag.py:4156} INFO - Setting next_dagrun for dataset_consumes_unknown_never_scheduled to None, run_after=None
[2025-08-20T20:23:57.711+0000] {logging_mixin.py:190} INFO - [2025-08-20T20:23:57.711+0000] {dag.py:4156} INFO - Setting next_dagrun for dataset_produces_1 to 2025-08-19 00:00:00+00:00, run_after=2025-08-20 00:00:00+00:00
[2025-08-20T20:23:57.713+0000] {logging_mixin.py:190} INFO - [2025-08-20T20:23:57.713+0000] {dag.py:4156} INFO - Setting next_dagrun for dataset_produces_2 to None, run_after=None
[2025-08-20T20:23:57.760+0000] {processor.py:208} INFO - Processing /home/airflow/.local/lib/python3.12/site-packages/airflow/example_dags/example_datasets.py took 0.700 seconds
[2025-08-20T20:24:27.934+0000] {processor.py:186} INFO - Started process (PID=781) to work on /home/airflow/.local/lib/python3.12/site-packages/airflow/example_dags/example_datasets.py
[2025-08-20T20:24:27.940+0000] {processor.py:914} INFO - Processing file /home/airflow/.local/lib/python3.12/site-packages/airflow/example_dags/example_datasets.py for tasks to queue
[2025-08-20T20:24:27.950+0000] {logging_mixin.py:190} INFO - [2025-08-20T20:24:27.949+0000] {dagbag.py:587} INFO - Filling up the DagBag from /home/airflow/.local/lib/python3.12/site-packages/airflow/example_dags/example_datasets.py
[2025-08-20T20:24:28.170+0000] {processor.py:925} INFO - DAG(s) 'dataset_consumes_1_never_scheduled', 'dataset_produces_2', 'conditional_dataset_and_time_based_timetable', 'dataset_consumes_unknown_never_scheduled', 'consume_1_or_both_2_and_3_with_dataset_expressions', 'consume_1_and_2_with_dataset_expressions', 'dataset_consumes_1', 'dataset_consumes_1_and_2', 'consume_1_or_2_with_dataset_expressions', 'dataset_produces_1' retrieved from /home/airflow/.local/lib/python3.12/site-packages/airflow/example_dags/example_datasets.py
[2025-08-20T20:24:28.241+0000] {logging_mixin.py:190} INFO - [2025-08-20T20:24:28.241+0000] {dag.py:3229} INFO - Sync 10 DAGs
[2025-08-20T20:24:28.274+0000] {logging_mixin.py:190} INFO - [2025-08-20T20:24:28.274+0000] {dag.py:4156} INFO - Setting next_dagrun for conditional_dataset_and_time_based_timetable to 2025-08-20 01:00:00+00:00, run_after=2025-08-20 01:00:00+00:00
[2025-08-20T20:24:28.279+0000] {logging_mixin.py:190} INFO - [2025-08-20T20:24:28.279+0000] {dag.py:4156} INFO - Setting next_dagrun for consume_1_and_2_with_dataset_expressions to None, run_after=None
[2025-08-20T20:24:28.280+0000] {logging_mixin.py:190} INFO - [2025-08-20T20:24:28.280+0000] {dag.py:4156} INFO - Setting next_dagrun for consume_1_or_2_with_dataset_expressions to None, run_after=None
[2025-08-20T20:24:28.284+0000] {logging_mixin.py:190} INFO - [2025-08-20T20:24:28.284+0000] {dag.py:4156} INFO - Setting next_dagrun for consume_1_or_both_2_and_3_with_dataset_expressions to None, run_after=None
[2025-08-20T20:24:28.286+0000] {logging_mixin.py:190} INFO - [2025-08-20T20:24:28.286+0000] {dag.py:4156} INFO - Setting next_dagrun for dataset_consumes_1 to None, run_after=None
[2025-08-20T20:24:28.287+0000] {logging_mixin.py:190} INFO - [2025-08-20T20:24:28.287+0000] {dag.py:4156} INFO - Setting next_dagrun for dataset_consumes_1_and_2 to None, run_after=None
[2025-08-20T20:24:28.288+0000] {logging_mixin.py:190} INFO - [2025-08-20T20:24:28.287+0000] {dag.py:4156} INFO - Setting next_dagrun for dataset_consumes_1_never_scheduled to None, run_after=None
[2025-08-20T20:24:28.288+0000] {logging_mixin.py:190} INFO - [2025-08-20T20:24:28.288+0000] {dag.py:4156} INFO - Setting next_dagrun for dataset_consumes_unknown_never_scheduled to None, run_after=None
[2025-08-20T20:24:28.289+0000] {logging_mixin.py:190} INFO - [2025-08-20T20:24:28.289+0000] {dag.py:4156} INFO - Setting next_dagrun for dataset_produces_1 to 2025-08-19 00:00:00+00:00, run_after=2025-08-20 00:00:00+00:00
[2025-08-20T20:24:28.290+0000] {logging_mixin.py:190} INFO - [2025-08-20T20:24:28.290+0000] {dag.py:4156} INFO - Setting next_dagrun for dataset_produces_2 to None, run_after=None
[2025-08-20T20:24:28.326+0000] {processor.py:208} INFO - Processing /home/airflow/.local/lib/python3.12/site-packages/airflow/example_dags/example_datasets.py took 0.408 seconds
[2025-08-20T20:24:58.621+0000] {processor.py:186} INFO - Started process (PID=842) to work on /home/airflow/.local/lib/python3.12/site-packages/airflow/example_dags/example_datasets.py
[2025-08-20T20:24:58.628+0000] {processor.py:914} INFO - Processing file /home/airflow/.local/lib/python3.12/site-packages/airflow/example_dags/example_datasets.py for tasks to queue
[2025-08-20T20:24:58.644+0000] {logging_mixin.py:190} INFO - [2025-08-20T20:24:58.643+0000] {dagbag.py:587} INFO - Filling up the DagBag from /home/airflow/.local/lib/python3.12/site-packages/airflow/example_dags/example_datasets.py
[2025-08-20T20:24:59.040+0000] {processor.py:925} INFO - DAG(s) 'dataset_consumes_1', 'dataset_produces_1', 'dataset_consumes_1_never_scheduled', 'dataset_consumes_unknown_never_scheduled', 'dataset_produces_2', 'conditional_dataset_and_time_based_timetable', 'consume_1_and_2_with_dataset_expressions', 'dataset_consumes_1_and_2', 'consume_1_or_both_2_and_3_with_dataset_expressions', 'consume_1_or_2_with_dataset_expressions' retrieved from /home/airflow/.local/lib/python3.12/site-packages/airflow/example_dags/example_datasets.py
[2025-08-20T20:24:59.127+0000] {logging_mixin.py:190} INFO - [2025-08-20T20:24:59.127+0000] {dag.py:3229} INFO - Sync 10 DAGs
[2025-08-20T20:24:59.265+0000] {logging_mixin.py:190} INFO - [2025-08-20T20:24:59.265+0000] {dag.py:4156} INFO - Setting next_dagrun for conditional_dataset_and_time_based_timetable to 2025-08-20 01:00:00+00:00, run_after=2025-08-20 01:00:00+00:00
[2025-08-20T20:24:59.281+0000] {logging_mixin.py:190} INFO - [2025-08-20T20:24:59.281+0000] {dag.py:4156} INFO - Setting next_dagrun for consume_1_and_2_with_dataset_expressions to None, run_after=None
[2025-08-20T20:24:59.282+0000] {logging_mixin.py:190} INFO - [2025-08-20T20:24:59.282+0000] {dag.py:4156} INFO - Setting next_dagrun for consume_1_or_2_with_dataset_expressions to None, run_after=None
[2025-08-20T20:24:59.282+0000] {logging_mixin.py:190} INFO - [2025-08-20T20:24:59.282+0000] {dag.py:4156} INFO - Setting next_dagrun for consume_1_or_both_2_and_3_with_dataset_expressions to None, run_after=None
[2025-08-20T20:24:59.283+0000] {logging_mixin.py:190} INFO - [2025-08-20T20:24:59.283+0000] {dag.py:4156} INFO - Setting next_dagrun for dataset_consumes_1 to None, run_after=None
[2025-08-20T20:24:59.284+0000] {logging_mixin.py:190} INFO - [2025-08-20T20:24:59.284+0000] {dag.py:4156} INFO - Setting next_dagrun for dataset_consumes_1_and_2 to None, run_after=None
[2025-08-20T20:24:59.285+0000] {logging_mixin.py:190} INFO - [2025-08-20T20:24:59.285+0000] {dag.py:4156} INFO - Setting next_dagrun for dataset_consumes_1_never_scheduled to None, run_after=None
[2025-08-20T20:24:59.286+0000] {logging_mixin.py:190} INFO - [2025-08-20T20:24:59.286+0000] {dag.py:4156} INFO - Setting next_dagrun for dataset_consumes_unknown_never_scheduled to None, run_after=None
[2025-08-20T20:24:59.288+0000] {logging_mixin.py:190} INFO - [2025-08-20T20:24:59.288+0000] {dag.py:4156} INFO - Setting next_dagrun for dataset_produces_1 to 2025-08-19 00:00:00+00:00, run_after=2025-08-20 00:00:00+00:00
[2025-08-20T20:24:59.290+0000] {logging_mixin.py:190} INFO - [2025-08-20T20:24:59.289+0000] {dag.py:4156} INFO - Setting next_dagrun for dataset_produces_2 to None, run_after=None
[2025-08-20T20:24:59.356+0000] {processor.py:208} INFO - Processing /home/airflow/.local/lib/python3.12/site-packages/airflow/example_dags/example_datasets.py took 0.757 seconds
[2025-08-20T20:25:30.227+0000] {processor.py:186} INFO - Started process (PID=905) to work on /home/airflow/.local/lib/python3.12/site-packages/airflow/example_dags/example_datasets.py
[2025-08-20T20:25:30.228+0000] {processor.py:914} INFO - Processing file /home/airflow/.local/lib/python3.12/site-packages/airflow/example_dags/example_datasets.py for tasks to queue
[2025-08-20T20:25:30.230+0000] {logging_mixin.py:190} INFO - [2025-08-20T20:25:30.230+0000] {dagbag.py:587} INFO - Filling up the DagBag from /home/airflow/.local/lib/python3.12/site-packages/airflow/example_dags/example_datasets.py
[2025-08-20T20:25:30.348+0000] {processor.py:925} INFO - DAG(s) 'dataset_consumes_1_and_2', 'dataset_consumes_1_never_scheduled', 'dataset_consumes_unknown_never_scheduled', 'consume_1_or_2_with_dataset_expressions', 'dataset_consumes_1', 'conditional_dataset_and_time_based_timetable', 'consume_1_and_2_with_dataset_expressions', 'consume_1_or_both_2_and_3_with_dataset_expressions', 'dataset_produces_2', 'dataset_produces_1' retrieved from /home/airflow/.local/lib/python3.12/site-packages/airflow/example_dags/example_datasets.py
[2025-08-20T20:25:30.395+0000] {logging_mixin.py:190} INFO - [2025-08-20T20:25:30.395+0000] {dag.py:3229} INFO - Sync 10 DAGs
[2025-08-20T20:25:30.417+0000] {logging_mixin.py:190} INFO - [2025-08-20T20:25:30.417+0000] {dag.py:4156} INFO - Setting next_dagrun for conditional_dataset_and_time_based_timetable to 2025-08-20 01:00:00+00:00, run_after=2025-08-20 01:00:00+00:00
[2025-08-20T20:25:30.420+0000] {logging_mixin.py:190} INFO - [2025-08-20T20:25:30.420+0000] {dag.py:4156} INFO - Setting next_dagrun for consume_1_and_2_with_dataset_expressions to None, run_after=None
[2025-08-20T20:25:30.421+0000] {logging_mixin.py:190} INFO - [2025-08-20T20:25:30.421+0000] {dag.py:4156} INFO - Setting next_dagrun for consume_1_or_2_with_dataset_expressions to None, run_after=None
[2025-08-20T20:25:30.421+0000] {logging_mixin.py:190} INFO - [2025-08-20T20:25:30.421+0000] {dag.py:4156} INFO - Setting next_dagrun for consume_1_or_both_2_and_3_with_dataset_expressions to None, run_after=None
[2025-08-20T20:25:30.422+0000] {logging_mixin.py:190} INFO - [2025-08-20T20:25:30.422+0000] {dag.py:4156} INFO - Setting next_dagrun for dataset_consumes_1 to None, run_after=None
[2025-08-20T20:25:30.423+0000] {logging_mixin.py:190} INFO - [2025-08-20T20:25:30.423+0000] {dag.py:4156} INFO - Setting next_dagrun for dataset_consumes_1_and_2 to None, run_after=None
[2025-08-20T20:25:30.423+0000] {logging_mixin.py:190} INFO - [2025-08-20T20:25:30.423+0000] {dag.py:4156} INFO - Setting next_dagrun for dataset_consumes_1_never_scheduled to None, run_after=None
[2025-08-20T20:25:30.424+0000] {logging_mixin.py:190} INFO - [2025-08-20T20:25:30.424+0000] {dag.py:4156} INFO - Setting next_dagrun for dataset_consumes_unknown_never_scheduled to None, run_after=None
[2025-08-20T20:25:30.426+0000] {logging_mixin.py:190} INFO - [2025-08-20T20:25:30.426+0000] {dag.py:4156} INFO - Setting next_dagrun for dataset_produces_1 to 2025-08-19 00:00:00+00:00, run_after=2025-08-20 00:00:00+00:00
[2025-08-20T20:25:30.430+0000] {logging_mixin.py:190} INFO - [2025-08-20T20:25:30.430+0000] {dag.py:4156} INFO - Setting next_dagrun for dataset_produces_2 to None, run_after=None
[2025-08-20T20:25:30.450+0000] {processor.py:208} INFO - Processing /home/airflow/.local/lib/python3.12/site-packages/airflow/example_dags/example_datasets.py took 0.227 seconds
[2025-08-20T20:26:01.214+0000] {processor.py:186} INFO - Started process (PID=967) to work on /home/airflow/.local/lib/python3.12/site-packages/airflow/example_dags/example_datasets.py
[2025-08-20T20:26:01.216+0000] {processor.py:914} INFO - Processing file /home/airflow/.local/lib/python3.12/site-packages/airflow/example_dags/example_datasets.py for tasks to queue
[2025-08-20T20:26:01.226+0000] {logging_mixin.py:190} INFO - [2025-08-20T20:26:01.224+0000] {dagbag.py:587} INFO - Filling up the DagBag from /home/airflow/.local/lib/python3.12/site-packages/airflow/example_dags/example_datasets.py
[2025-08-20T20:26:01.983+0000] {processor.py:925} INFO - DAG(s) 'dataset_consumes_unknown_never_scheduled', 'conditional_dataset_and_time_based_timetable', 'dataset_consumes_1_and_2', 'consume_1_and_2_with_dataset_expressions', 'consume_1_or_both_2_and_3_with_dataset_expressions', 'dataset_consumes_1_never_scheduled', 'dataset_produces_1', 'consume_1_or_2_with_dataset_expressions', 'dataset_produces_2', 'dataset_consumes_1' retrieved from /home/airflow/.local/lib/python3.12/site-packages/airflow/example_dags/example_datasets.py
[2025-08-20T20:26:02.063+0000] {logging_mixin.py:190} INFO - [2025-08-20T20:26:02.062+0000] {dag.py:3229} INFO - Sync 10 DAGs
[2025-08-20T20:26:02.129+0000] {logging_mixin.py:190} INFO - [2025-08-20T20:26:02.129+0000] {dag.py:4156} INFO - Setting next_dagrun for conditional_dataset_and_time_based_timetable to 2025-08-20 01:00:00+00:00, run_after=2025-08-20 01:00:00+00:00
[2025-08-20T20:26:02.137+0000] {logging_mixin.py:190} INFO - [2025-08-20T20:26:02.137+0000] {dag.py:4156} INFO - Setting next_dagrun for consume_1_and_2_with_dataset_expressions to None, run_after=None
[2025-08-20T20:26:02.140+0000] {logging_mixin.py:190} INFO - [2025-08-20T20:26:02.140+0000] {dag.py:4156} INFO - Setting next_dagrun for consume_1_or_2_with_dataset_expressions to None, run_after=None
[2025-08-20T20:26:02.142+0000] {logging_mixin.py:190} INFO - [2025-08-20T20:26:02.141+0000] {dag.py:4156} INFO - Setting next_dagrun for consume_1_or_both_2_and_3_with_dataset_expressions to None, run_after=None
[2025-08-20T20:26:02.143+0000] {logging_mixin.py:190} INFO - [2025-08-20T20:26:02.143+0000] {dag.py:4156} INFO - Setting next_dagrun for dataset_consumes_1 to None, run_after=None
[2025-08-20T20:26:02.147+0000] {logging_mixin.py:190} INFO - [2025-08-20T20:26:02.147+0000] {dag.py:4156} INFO - Setting next_dagrun for dataset_consumes_1_and_2 to None, run_after=None
[2025-08-20T20:26:02.148+0000] {logging_mixin.py:190} INFO - [2025-08-20T20:26:02.148+0000] {dag.py:4156} INFO - Setting next_dagrun for dataset_consumes_1_never_scheduled to None, run_after=None
[2025-08-20T20:26:02.149+0000] {logging_mixin.py:190} INFO - [2025-08-20T20:26:02.149+0000] {dag.py:4156} INFO - Setting next_dagrun for dataset_consumes_unknown_never_scheduled to None, run_after=None
[2025-08-20T20:26:02.150+0000] {logging_mixin.py:190} INFO - [2025-08-20T20:26:02.150+0000] {dag.py:4156} INFO - Setting next_dagrun for dataset_produces_1 to 2025-08-19 00:00:00+00:00, run_after=2025-08-20 00:00:00+00:00
[2025-08-20T20:26:02.153+0000] {logging_mixin.py:190} INFO - [2025-08-20T20:26:02.152+0000] {dag.py:4156} INFO - Setting next_dagrun for dataset_produces_2 to None, run_after=None
[2025-08-20T20:26:02.266+0000] {processor.py:208} INFO - Processing /home/airflow/.local/lib/python3.12/site-packages/airflow/example_dags/example_datasets.py took 1.068 seconds
[2025-08-20T20:26:32.397+0000] {processor.py:186} INFO - Started process (PID=1029) to work on /home/airflow/.local/lib/python3.12/site-packages/airflow/example_dags/example_datasets.py
[2025-08-20T20:26:32.402+0000] {processor.py:914} INFO - Processing file /home/airflow/.local/lib/python3.12/site-packages/airflow/example_dags/example_datasets.py for tasks to queue
[2025-08-20T20:26:32.403+0000] {logging_mixin.py:190} INFO - [2025-08-20T20:26:32.403+0000] {dagbag.py:587} INFO - Filling up the DagBag from /home/airflow/.local/lib/python3.12/site-packages/airflow/example_dags/example_datasets.py
[2025-08-20T20:26:32.573+0000] {processor.py:925} INFO - DAG(s) 'dataset_produces_1', 'dataset_produces_2', 'dataset_consumes_unknown_never_scheduled', 'consume_1_or_both_2_and_3_with_dataset_expressions', 'conditional_dataset_and_time_based_timetable', 'dataset_consumes_1', 'dataset_consumes_1_never_scheduled', 'consume_1_or_2_with_dataset_expressions', 'dataset_consumes_1_and_2', 'consume_1_and_2_with_dataset_expressions' retrieved from /home/airflow/.local/lib/python3.12/site-packages/airflow/example_dags/example_datasets.py
[2025-08-20T20:26:32.727+0000] {logging_mixin.py:190} INFO - [2025-08-20T20:26:32.696+0000] {dag.py:3229} INFO - Sync 10 DAGs
[2025-08-20T20:26:32.876+0000] {logging_mixin.py:190} INFO - [2025-08-20T20:26:32.874+0000] {dag.py:4156} INFO - Setting next_dagrun for conditional_dataset_and_time_based_timetable to 2025-08-20 01:00:00+00:00, run_after=2025-08-20 01:00:00+00:00
[2025-08-20T20:26:32.884+0000] {logging_mixin.py:190} INFO - [2025-08-20T20:26:32.884+0000] {dag.py:4156} INFO - Setting next_dagrun for consume_1_and_2_with_dataset_expressions to None, run_after=None
[2025-08-20T20:26:32.887+0000] {logging_mixin.py:190} INFO - [2025-08-20T20:26:32.887+0000] {dag.py:4156} INFO - Setting next_dagrun for consume_1_or_2_with_dataset_expressions to None, run_after=None
[2025-08-20T20:26:32.892+0000] {logging_mixin.py:190} INFO - [2025-08-20T20:26:32.892+0000] {dag.py:4156} INFO - Setting next_dagrun for consume_1_or_both_2_and_3_with_dataset_expressions to None, run_after=None
[2025-08-20T20:26:32.893+0000] {logging_mixin.py:190} INFO - [2025-08-20T20:26:32.893+0000] {dag.py:4156} INFO - Setting next_dagrun for dataset_consumes_1 to None, run_after=None
[2025-08-20T20:26:32.895+0000] {logging_mixin.py:190} INFO - [2025-08-20T20:26:32.895+0000] {dag.py:4156} INFO - Setting next_dagrun for dataset_consumes_1_and_2 to None, run_after=None
[2025-08-20T20:26:32.902+0000] {logging_mixin.py:190} INFO - [2025-08-20T20:26:32.901+0000] {dag.py:4156} INFO - Setting next_dagrun for dataset_consumes_1_never_scheduled to None, run_after=None
[2025-08-20T20:26:32.906+0000] {logging_mixin.py:190} INFO - [2025-08-20T20:26:32.905+0000] {dag.py:4156} INFO - Setting next_dagrun for dataset_consumes_unknown_never_scheduled to None, run_after=None
[2025-08-20T20:26:32.908+0000] {logging_mixin.py:190} INFO - [2025-08-20T20:26:32.908+0000] {dag.py:4156} INFO - Setting next_dagrun for dataset_produces_1 to 2025-08-19 00:00:00+00:00, run_after=2025-08-20 00:00:00+00:00
[2025-08-20T20:26:32.911+0000] {logging_mixin.py:190} INFO - [2025-08-20T20:26:32.911+0000] {dag.py:4156} INFO - Setting next_dagrun for dataset_produces_2 to None, run_after=None
[2025-08-20T20:26:32.973+0000] {processor.py:208} INFO - Processing /home/airflow/.local/lib/python3.12/site-packages/airflow/example_dags/example_datasets.py took 0.585 seconds
[2025-08-20T20:27:05.564+0000] {processor.py:186} INFO - Started process (PID=1095) to work on /home/airflow/.local/lib/python3.12/site-packages/airflow/example_dags/example_datasets.py
[2025-08-20T20:27:05.581+0000] {processor.py:914} INFO - Processing file /home/airflow/.local/lib/python3.12/site-packages/airflow/example_dags/example_datasets.py for tasks to queue
[2025-08-20T20:27:05.618+0000] {logging_mixin.py:190} INFO - [2025-08-20T20:27:05.615+0000] {dagbag.py:587} INFO - Filling up the DagBag from /home/airflow/.local/lib/python3.12/site-packages/airflow/example_dags/example_datasets.py
[2025-08-20T20:27:06.884+0000] {processor.py:925} INFO - DAG(s) 'consume_1_or_both_2_and_3_with_dataset_expressions', 'dataset_consumes_1_and_2', 'dataset_consumes_unknown_never_scheduled', 'consume_1_or_2_with_dataset_expressions', 'conditional_dataset_and_time_based_timetable', 'dataset_consumes_1_never_scheduled', 'dataset_produces_1', 'consume_1_and_2_with_dataset_expressions', 'dataset_consumes_1', 'dataset_produces_2' retrieved from /home/airflow/.local/lib/python3.12/site-packages/airflow/example_dags/example_datasets.py
[2025-08-20T20:27:07.510+0000] {logging_mixin.py:190} INFO - [2025-08-20T20:27:07.506+0000] {dag.py:3229} INFO - Sync 10 DAGs
[2025-08-20T20:27:13.981+0000] {logging_mixin.py:190} INFO - [2025-08-20T20:27:13.958+0000] {process_utils.py:266} INFO - Waiting up to 5 seconds for processes to exit...
