[2025-08-20T20:18:24.690+0000] {processor.py:186} INFO - Started process (PID=89) to work on /home/airflow/.local/lib/python3.12/site-packages/airflow/example_dags/example_xcom.py
[2025-08-20T20:18:24.720+0000] {processor.py:914} INFO - Processing file /home/airflow/.local/lib/python3.12/site-packages/airflow/example_dags/example_xcom.py for tasks to queue
[2025-08-20T20:18:24.769+0000] {logging_mixin.py:190} INFO - [2025-08-20T20:18:24.766+0000] {dagbag.py:587} INFO - Filling up the DagBag from /home/airflow/.local/lib/python3.12/site-packages/airflow/example_dags/example_xcom.py
[2025-08-20T20:18:24.890+0000] {processor.py:925} INFO - DAG(s) 'example_xcom' retrieved from /home/airflow/.local/lib/python3.12/site-packages/airflow/example_dags/example_xcom.py
[2025-08-20T20:18:25.668+0000] {logging_mixin.py:190} INFO - [2025-08-20T20:18:25.653+0000] {override.py:1900} INFO - Created Permission View: can read on DAG:example_xcom
[2025-08-20T20:18:25.694+0000] {logging_mixin.py:190} INFO - [2025-08-20T20:18:25.693+0000] {override.py:1900} INFO - Created Permission View: can delete on DAG:example_xcom
[2025-08-20T20:18:25.711+0000] {logging_mixin.py:190} INFO - [2025-08-20T20:18:25.711+0000] {override.py:1900} INFO - Created Permission View: can edit on DAG:example_xcom
[2025-08-20T20:18:25.731+0000] {logging_mixin.py:190} INFO - [2025-08-20T20:18:25.730+0000] {override.py:1900} INFO - Created Permission View: can read on DAG Run:example_xcom
[2025-08-20T20:18:25.746+0000] {logging_mixin.py:190} INFO - [2025-08-20T20:18:25.745+0000] {override.py:1900} INFO - Created Permission View: menu access on DAG Run:example_xcom
[2025-08-20T20:18:25.763+0000] {logging_mixin.py:190} INFO - [2025-08-20T20:18:25.762+0000] {override.py:1900} INFO - Created Permission View: can delete on DAG Run:example_xcom
[2025-08-20T20:18:25.777+0000] {logging_mixin.py:190} INFO - [2025-08-20T20:18:25.776+0000] {override.py:1900} INFO - Created Permission View: can create on DAG Run:example_xcom
[2025-08-20T20:18:25.779+0000] {logging_mixin.py:190} INFO - [2025-08-20T20:18:25.779+0000] {dag.py:3229} INFO - Sync 1 DAGs
[2025-08-20T20:18:26.048+0000] {logging_mixin.py:190} INFO - [2025-08-20T20:18:26.047+0000] {dag.py:3252} INFO - Creating ORM DAG for example_xcom
[2025-08-20T20:18:26.136+0000] {logging_mixin.py:190} INFO - [2025-08-20T20:18:26.135+0000] {dag.py:4156} INFO - Setting next_dagrun for example_xcom to 2021-01-01 00:00:00+00:00, run_after=2021-01-01 00:00:00+00:00
[2025-08-20T20:18:26.232+0000] {processor.py:208} INFO - Processing /home/airflow/.local/lib/python3.12/site-packages/airflow/example_dags/example_xcom.py took 1.681 seconds
[2025-08-20T20:18:57.121+0000] {processor.py:186} INFO - Started process (PID=151) to work on /home/airflow/.local/lib/python3.12/site-packages/airflow/example_dags/example_xcom.py
[2025-08-20T20:18:57.132+0000] {processor.py:914} INFO - Processing file /home/airflow/.local/lib/python3.12/site-packages/airflow/example_dags/example_xcom.py for tasks to queue
[2025-08-20T20:18:57.150+0000] {logging_mixin.py:190} INFO - [2025-08-20T20:18:57.149+0000] {dagbag.py:587} INFO - Filling up the DagBag from /home/airflow/.local/lib/python3.12/site-packages/airflow/example_dags/example_xcom.py
[2025-08-20T20:18:57.187+0000] {processor.py:925} INFO - DAG(s) 'example_xcom' retrieved from /home/airflow/.local/lib/python3.12/site-packages/airflow/example_dags/example_xcom.py
[2025-08-20T20:18:57.296+0000] {logging_mixin.py:190} INFO - [2025-08-20T20:18:57.295+0000] {dag.py:3229} INFO - Sync 1 DAGs
[2025-08-20T20:18:57.354+0000] {logging_mixin.py:190} INFO - [2025-08-20T20:18:57.354+0000] {dag.py:4156} INFO - Setting next_dagrun for example_xcom to 2021-01-01 00:00:00+00:00, run_after=2021-01-01 00:00:00+00:00
[2025-08-20T20:18:57.586+0000] {processor.py:208} INFO - Processing /home/airflow/.local/lib/python3.12/site-packages/airflow/example_dags/example_xcom.py took 0.489 seconds
[2025-08-20T20:19:28.775+0000] {processor.py:186} INFO - Started process (PID=213) to work on /home/airflow/.local/lib/python3.12/site-packages/airflow/example_dags/example_xcom.py
[2025-08-20T20:19:28.793+0000] {processor.py:914} INFO - Processing file /home/airflow/.local/lib/python3.12/site-packages/airflow/example_dags/example_xcom.py for tasks to queue
[2025-08-20T20:19:28.863+0000] {logging_mixin.py:190} INFO - [2025-08-20T20:19:28.847+0000] {dagbag.py:587} INFO - Filling up the DagBag from /home/airflow/.local/lib/python3.12/site-packages/airflow/example_dags/example_xcom.py
[2025-08-20T20:19:29.010+0000] {processor.py:925} INFO - DAG(s) 'example_xcom' retrieved from /home/airflow/.local/lib/python3.12/site-packages/airflow/example_dags/example_xcom.py
[2025-08-20T20:19:29.222+0000] {logging_mixin.py:190} INFO - [2025-08-20T20:19:29.222+0000] {dag.py:3229} INFO - Sync 1 DAGs
[2025-08-20T20:19:29.422+0000] {logging_mixin.py:190} INFO - [2025-08-20T20:19:29.420+0000] {dag.py:4156} INFO - Setting next_dagrun for example_xcom to 2021-01-01 00:00:00+00:00, run_after=2021-01-01 00:00:00+00:00
[2025-08-20T20:19:29.566+0000] {processor.py:208} INFO - Processing /home/airflow/.local/lib/python3.12/site-packages/airflow/example_dags/example_xcom.py took 0.877 seconds
[2025-08-20T20:19:59.670+0000] {processor.py:186} INFO - Started process (PID=274) to work on /home/airflow/.local/lib/python3.12/site-packages/airflow/example_dags/example_xcom.py
[2025-08-20T20:19:59.672+0000] {processor.py:914} INFO - Processing file /home/airflow/.local/lib/python3.12/site-packages/airflow/example_dags/example_xcom.py for tasks to queue
[2025-08-20T20:19:59.677+0000] {logging_mixin.py:190} INFO - [2025-08-20T20:19:59.676+0000] {dagbag.py:587} INFO - Filling up the DagBag from /home/airflow/.local/lib/python3.12/site-packages/airflow/example_dags/example_xcom.py
[2025-08-20T20:19:59.686+0000] {processor.py:925} INFO - DAG(s) 'example_xcom' retrieved from /home/airflow/.local/lib/python3.12/site-packages/airflow/example_dags/example_xcom.py
[2025-08-20T20:19:59.728+0000] {logging_mixin.py:190} INFO - [2025-08-20T20:19:59.728+0000] {dag.py:3229} INFO - Sync 1 DAGs
[2025-08-20T20:19:59.745+0000] {logging_mixin.py:190} INFO - [2025-08-20T20:19:59.745+0000] {dag.py:4156} INFO - Setting next_dagrun for example_xcom to 2021-01-01 00:00:00+00:00, run_after=2021-01-01 00:00:00+00:00
[2025-08-20T20:19:59.765+0000] {processor.py:208} INFO - Processing /home/airflow/.local/lib/python3.12/site-packages/airflow/example_dags/example_xcom.py took 0.099 seconds
[2025-08-20T20:20:38.140+0000] {processor.py:186} INFO - Started process (PID=342) to work on /home/airflow/.local/lib/python3.12/site-packages/airflow/example_dags/example_xcom.py
[2025-08-20T20:20:38.703+0000] {processor.py:914} INFO - Processing file /home/airflow/.local/lib/python3.12/site-packages/airflow/example_dags/example_xcom.py for tasks to queue
[2025-08-20T20:20:38.737+0000] {logging_mixin.py:190} INFO - [2025-08-20T20:20:38.736+0000] {dagbag.py:587} INFO - Filling up the DagBag from /home/airflow/.local/lib/python3.12/site-packages/airflow/example_dags/example_xcom.py
[2025-08-20T20:20:38.760+0000] {processor.py:925} INFO - DAG(s) 'example_xcom' retrieved from /home/airflow/.local/lib/python3.12/site-packages/airflow/example_dags/example_xcom.py
[2025-08-20T20:20:39.717+0000] {logging_mixin.py:190} INFO - [2025-08-20T20:20:39.716+0000] {dag.py:3229} INFO - Sync 1 DAGs
[2025-08-20T20:20:40.184+0000] {logging_mixin.py:190} INFO - [2025-08-20T20:20:40.183+0000] {dag.py:4156} INFO - Setting next_dagrun for example_xcom to 2021-01-01 00:00:00+00:00, run_after=2021-01-01 00:00:00+00:00
[2025-08-20T20:20:40.256+0000] {processor.py:208} INFO - Processing /home/airflow/.local/lib/python3.12/site-packages/airflow/example_dags/example_xcom.py took 2.163 seconds
[2025-08-20T20:21:11.108+0000] {processor.py:186} INFO - Started process (PID=404) to work on /home/airflow/.local/lib/python3.12/site-packages/airflow/example_dags/example_xcom.py
[2025-08-20T20:21:11.123+0000] {processor.py:914} INFO - Processing file /home/airflow/.local/lib/python3.12/site-packages/airflow/example_dags/example_xcom.py for tasks to queue
[2025-08-20T20:21:11.180+0000] {logging_mixin.py:190} INFO - [2025-08-20T20:21:11.173+0000] {dagbag.py:587} INFO - Filling up the DagBag from /home/airflow/.local/lib/python3.12/site-packages/airflow/example_dags/example_xcom.py
[2025-08-20T20:21:11.452+0000] {processor.py:925} INFO - DAG(s) 'example_xcom' retrieved from /home/airflow/.local/lib/python3.12/site-packages/airflow/example_dags/example_xcom.py
[2025-08-20T20:21:12.079+0000] {logging_mixin.py:190} INFO - [2025-08-20T20:21:12.078+0000] {dag.py:3229} INFO - Sync 1 DAGs
[2025-08-20T20:21:12.667+0000] {logging_mixin.py:190} INFO - [2025-08-20T20:21:12.667+0000] {dag.py:4156} INFO - Setting next_dagrun for example_xcom to 2021-01-01 00:00:00+00:00, run_after=2021-01-01 00:00:00+00:00
[2025-08-20T20:21:12.844+0000] {processor.py:208} INFO - Processing /home/airflow/.local/lib/python3.12/site-packages/airflow/example_dags/example_xcom.py took 1.853 seconds
[2025-08-20T20:21:43.297+0000] {processor.py:186} INFO - Started process (PID=466) to work on /home/airflow/.local/lib/python3.12/site-packages/airflow/example_dags/example_xcom.py
[2025-08-20T20:21:43.325+0000] {processor.py:914} INFO - Processing file /home/airflow/.local/lib/python3.12/site-packages/airflow/example_dags/example_xcom.py for tasks to queue
[2025-08-20T20:21:43.350+0000] {logging_mixin.py:190} INFO - [2025-08-20T20:21:43.342+0000] {dagbag.py:587} INFO - Filling up the DagBag from /home/airflow/.local/lib/python3.12/site-packages/airflow/example_dags/example_xcom.py
[2025-08-20T20:21:43.488+0000] {processor.py:925} INFO - DAG(s) 'example_xcom' retrieved from /home/airflow/.local/lib/python3.12/site-packages/airflow/example_dags/example_xcom.py
[2025-08-20T20:21:43.676+0000] {logging_mixin.py:190} INFO - [2025-08-20T20:21:43.675+0000] {dag.py:3229} INFO - Sync 1 DAGs
[2025-08-20T20:21:43.802+0000] {logging_mixin.py:190} INFO - [2025-08-20T20:21:43.802+0000] {dag.py:4156} INFO - Setting next_dagrun for example_xcom to 2021-01-01 00:00:00+00:00, run_after=2021-01-01 00:00:00+00:00
[2025-08-20T20:21:43.873+0000] {processor.py:208} INFO - Processing /home/airflow/.local/lib/python3.12/site-packages/airflow/example_dags/example_xcom.py took 0.665 seconds
[2025-08-20T20:22:14.455+0000] {processor.py:186} INFO - Started process (PID=528) to work on /home/airflow/.local/lib/python3.12/site-packages/airflow/example_dags/example_xcom.py
[2025-08-20T20:22:14.479+0000] {processor.py:914} INFO - Processing file /home/airflow/.local/lib/python3.12/site-packages/airflow/example_dags/example_xcom.py for tasks to queue
[2025-08-20T20:22:14.501+0000] {logging_mixin.py:190} INFO - [2025-08-20T20:22:14.501+0000] {dagbag.py:587} INFO - Filling up the DagBag from /home/airflow/.local/lib/python3.12/site-packages/airflow/example_dags/example_xcom.py
[2025-08-20T20:22:14.703+0000] {processor.py:925} INFO - DAG(s) 'example_xcom' retrieved from /home/airflow/.local/lib/python3.12/site-packages/airflow/example_dags/example_xcom.py
[2025-08-20T20:22:14.841+0000] {logging_mixin.py:190} INFO - [2025-08-20T20:22:14.840+0000] {dag.py:3229} INFO - Sync 1 DAGs
[2025-08-20T20:22:14.994+0000] {logging_mixin.py:190} INFO - [2025-08-20T20:22:14.993+0000] {dag.py:4156} INFO - Setting next_dagrun for example_xcom to 2021-01-01 00:00:00+00:00, run_after=2021-01-01 00:00:00+00:00
[2025-08-20T20:22:15.197+0000] {processor.py:208} INFO - Processing /home/airflow/.local/lib/python3.12/site-packages/airflow/example_dags/example_xcom.py took 0.817 seconds
[2025-08-20T20:22:46.929+0000] {processor.py:186} INFO - Started process (PID=590) to work on /home/airflow/.local/lib/python3.12/site-packages/airflow/example_dags/example_xcom.py
[2025-08-20T20:22:46.931+0000] {processor.py:914} INFO - Processing file /home/airflow/.local/lib/python3.12/site-packages/airflow/example_dags/example_xcom.py for tasks to queue
[2025-08-20T20:22:46.933+0000] {logging_mixin.py:190} INFO - [2025-08-20T20:22:46.933+0000] {dagbag.py:587} INFO - Filling up the DagBag from /home/airflow/.local/lib/python3.12/site-packages/airflow/example_dags/example_xcom.py
[2025-08-20T20:22:46.942+0000] {processor.py:925} INFO - DAG(s) 'example_xcom' retrieved from /home/airflow/.local/lib/python3.12/site-packages/airflow/example_dags/example_xcom.py
[2025-08-20T20:22:46.959+0000] {logging_mixin.py:190} INFO - [2025-08-20T20:22:46.959+0000] {dag.py:3229} INFO - Sync 1 DAGs
[2025-08-20T20:22:46.975+0000] {logging_mixin.py:190} INFO - [2025-08-20T20:22:46.975+0000] {dag.py:4156} INFO - Setting next_dagrun for example_xcom to 2021-01-01 00:00:00+00:00, run_after=2021-01-01 00:00:00+00:00
[2025-08-20T20:22:47.005+0000] {processor.py:208} INFO - Processing /home/airflow/.local/lib/python3.12/site-packages/airflow/example_dags/example_xcom.py took 0.090 seconds
[2025-08-20T20:23:19.423+0000] {processor.py:186} INFO - Started process (PID=652) to work on /home/airflow/.local/lib/python3.12/site-packages/airflow/example_dags/example_xcom.py
[2025-08-20T20:23:19.425+0000] {processor.py:914} INFO - Processing file /home/airflow/.local/lib/python3.12/site-packages/airflow/example_dags/example_xcom.py for tasks to queue
[2025-08-20T20:23:19.427+0000] {logging_mixin.py:190} INFO - [2025-08-20T20:23:19.427+0000] {dagbag.py:587} INFO - Filling up the DagBag from /home/airflow/.local/lib/python3.12/site-packages/airflow/example_dags/example_xcom.py
[2025-08-20T20:23:19.443+0000] {processor.py:925} INFO - DAG(s) 'example_xcom' retrieved from /home/airflow/.local/lib/python3.12/site-packages/airflow/example_dags/example_xcom.py
[2025-08-20T20:23:19.472+0000] {logging_mixin.py:190} INFO - [2025-08-20T20:23:19.471+0000] {dag.py:3229} INFO - Sync 1 DAGs
[2025-08-20T20:23:19.526+0000] {logging_mixin.py:190} INFO - [2025-08-20T20:23:19.525+0000] {dag.py:4156} INFO - Setting next_dagrun for example_xcom to 2021-01-01 00:00:00+00:00, run_after=2021-01-01 00:00:00+00:00
[2025-08-20T20:23:19.545+0000] {processor.py:208} INFO - Processing /home/airflow/.local/lib/python3.12/site-packages/airflow/example_dags/example_xcom.py took 0.127 seconds
[2025-08-20T20:23:51.327+0000] {processor.py:186} INFO - Started process (PID=714) to work on /home/airflow/.local/lib/python3.12/site-packages/airflow/example_dags/example_xcom.py
[2025-08-20T20:23:51.330+0000] {processor.py:914} INFO - Processing file /home/airflow/.local/lib/python3.12/site-packages/airflow/example_dags/example_xcom.py for tasks to queue
[2025-08-20T20:23:51.339+0000] {logging_mixin.py:190} INFO - [2025-08-20T20:23:51.338+0000] {dagbag.py:587} INFO - Filling up the DagBag from /home/airflow/.local/lib/python3.12/site-packages/airflow/example_dags/example_xcom.py
[2025-08-20T20:23:51.371+0000] {processor.py:925} INFO - DAG(s) 'example_xcom' retrieved from /home/airflow/.local/lib/python3.12/site-packages/airflow/example_dags/example_xcom.py
[2025-08-20T20:23:51.415+0000] {logging_mixin.py:190} INFO - [2025-08-20T20:23:51.415+0000] {dag.py:3229} INFO - Sync 1 DAGs
[2025-08-20T20:23:51.472+0000] {logging_mixin.py:190} INFO - [2025-08-20T20:23:51.472+0000] {dag.py:4156} INFO - Setting next_dagrun for example_xcom to 2021-01-01 00:00:00+00:00, run_after=2021-01-01 00:00:00+00:00
[2025-08-20T20:23:51.512+0000] {processor.py:208} INFO - Processing /home/airflow/.local/lib/python3.12/site-packages/airflow/example_dags/example_xcom.py took 0.196 seconds
[2025-08-20T20:24:23.476+0000] {processor.py:186} INFO - Started process (PID=776) to work on /home/airflow/.local/lib/python3.12/site-packages/airflow/example_dags/example_xcom.py
[2025-08-20T20:24:23.483+0000] {processor.py:914} INFO - Processing file /home/airflow/.local/lib/python3.12/site-packages/airflow/example_dags/example_xcom.py for tasks to queue
[2025-08-20T20:24:23.495+0000] {logging_mixin.py:190} INFO - [2025-08-20T20:24:23.494+0000] {dagbag.py:587} INFO - Filling up the DagBag from /home/airflow/.local/lib/python3.12/site-packages/airflow/example_dags/example_xcom.py
[2025-08-20T20:24:23.510+0000] {processor.py:925} INFO - DAG(s) 'example_xcom' retrieved from /home/airflow/.local/lib/python3.12/site-packages/airflow/example_dags/example_xcom.py
[2025-08-20T20:24:23.551+0000] {logging_mixin.py:190} INFO - [2025-08-20T20:24:23.550+0000] {dag.py:3229} INFO - Sync 1 DAGs
[2025-08-20T20:24:23.571+0000] {logging_mixin.py:190} INFO - [2025-08-20T20:24:23.571+0000] {dag.py:4156} INFO - Setting next_dagrun for example_xcom to 2021-01-01 00:00:00+00:00, run_after=2021-01-01 00:00:00+00:00
[2025-08-20T20:24:23.584+0000] {processor.py:208} INFO - Processing /home/airflow/.local/lib/python3.12/site-packages/airflow/example_dags/example_xcom.py took 0.120 seconds
[2025-08-20T20:24:54.117+0000] {processor.py:186} INFO - Started process (PID=837) to work on /home/airflow/.local/lib/python3.12/site-packages/airflow/example_dags/example_xcom.py
[2025-08-20T20:24:54.118+0000] {processor.py:914} INFO - Processing file /home/airflow/.local/lib/python3.12/site-packages/airflow/example_dags/example_xcom.py for tasks to queue
[2025-08-20T20:24:54.120+0000] {logging_mixin.py:190} INFO - [2025-08-20T20:24:54.119+0000] {dagbag.py:587} INFO - Filling up the DagBag from /home/airflow/.local/lib/python3.12/site-packages/airflow/example_dags/example_xcom.py
[2025-08-20T20:24:54.126+0000] {processor.py:925} INFO - DAG(s) 'example_xcom' retrieved from /home/airflow/.local/lib/python3.12/site-packages/airflow/example_dags/example_xcom.py
[2025-08-20T20:24:54.154+0000] {logging_mixin.py:190} INFO - [2025-08-20T20:24:54.153+0000] {dag.py:3229} INFO - Sync 1 DAGs
[2025-08-20T20:24:54.176+0000] {logging_mixin.py:190} INFO - [2025-08-20T20:24:54.176+0000] {dag.py:4156} INFO - Setting next_dagrun for example_xcom to 2021-01-01 00:00:00+00:00, run_after=2021-01-01 00:00:00+00:00
[2025-08-20T20:24:54.193+0000] {processor.py:208} INFO - Processing /home/airflow/.local/lib/python3.12/site-packages/airflow/example_dags/example_xcom.py took 0.079 seconds
[2025-08-20T20:25:24.766+0000] {processor.py:186} INFO - Started process (PID=899) to work on /home/airflow/.local/lib/python3.12/site-packages/airflow/example_dags/example_xcom.py
[2025-08-20T20:25:24.768+0000] {processor.py:914} INFO - Processing file /home/airflow/.local/lib/python3.12/site-packages/airflow/example_dags/example_xcom.py for tasks to queue
[2025-08-20T20:25:24.770+0000] {logging_mixin.py:190} INFO - [2025-08-20T20:25:24.770+0000] {dagbag.py:587} INFO - Filling up the DagBag from /home/airflow/.local/lib/python3.12/site-packages/airflow/example_dags/example_xcom.py
[2025-08-20T20:25:24.779+0000] {processor.py:925} INFO - DAG(s) 'example_xcom' retrieved from /home/airflow/.local/lib/python3.12/site-packages/airflow/example_dags/example_xcom.py
[2025-08-20T20:25:24.798+0000] {logging_mixin.py:190} INFO - [2025-08-20T20:25:24.798+0000] {dag.py:3229} INFO - Sync 1 DAGs
[2025-08-20T20:25:24.812+0000] {logging_mixin.py:190} INFO - [2025-08-20T20:25:24.812+0000] {dag.py:4156} INFO - Setting next_dagrun for example_xcom to 2021-01-01 00:00:00+00:00, run_after=2021-01-01 00:00:00+00:00
[2025-08-20T20:25:24.825+0000] {processor.py:208} INFO - Processing /home/airflow/.local/lib/python3.12/site-packages/airflow/example_dags/example_xcom.py took 0.066 seconds
[2025-08-20T20:25:55.339+0000] {processor.py:186} INFO - Started process (PID=961) to work on /home/airflow/.local/lib/python3.12/site-packages/airflow/example_dags/example_xcom.py
[2025-08-20T20:25:55.340+0000] {processor.py:914} INFO - Processing file /home/airflow/.local/lib/python3.12/site-packages/airflow/example_dags/example_xcom.py for tasks to queue
[2025-08-20T20:25:55.341+0000] {logging_mixin.py:190} INFO - [2025-08-20T20:25:55.340+0000] {dagbag.py:587} INFO - Filling up the DagBag from /home/airflow/.local/lib/python3.12/site-packages/airflow/example_dags/example_xcom.py
[2025-08-20T20:25:55.346+0000] {processor.py:925} INFO - DAG(s) 'example_xcom' retrieved from /home/airflow/.local/lib/python3.12/site-packages/airflow/example_dags/example_xcom.py
[2025-08-20T20:25:55.360+0000] {logging_mixin.py:190} INFO - [2025-08-20T20:25:55.360+0000] {dag.py:3229} INFO - Sync 1 DAGs
[2025-08-20T20:25:55.374+0000] {logging_mixin.py:190} INFO - [2025-08-20T20:25:55.374+0000] {dag.py:4156} INFO - Setting next_dagrun for example_xcom to 2021-01-01 00:00:00+00:00, run_after=2021-01-01 00:00:00+00:00
[2025-08-20T20:25:55.382+0000] {processor.py:208} INFO - Processing /home/airflow/.local/lib/python3.12/site-packages/airflow/example_dags/example_xcom.py took 0.046 seconds
[2025-08-20T20:26:25.994+0000] {processor.py:186} INFO - Started process (PID=1023) to work on /home/airflow/.local/lib/python3.12/site-packages/airflow/example_dags/example_xcom.py
[2025-08-20T20:26:25.995+0000] {processor.py:914} INFO - Processing file /home/airflow/.local/lib/python3.12/site-packages/airflow/example_dags/example_xcom.py for tasks to queue
[2025-08-20T20:26:25.996+0000] {logging_mixin.py:190} INFO - [2025-08-20T20:26:25.996+0000] {dagbag.py:587} INFO - Filling up the DagBag from /home/airflow/.local/lib/python3.12/site-packages/airflow/example_dags/example_xcom.py
[2025-08-20T20:26:26.001+0000] {processor.py:925} INFO - DAG(s) 'example_xcom' retrieved from /home/airflow/.local/lib/python3.12/site-packages/airflow/example_dags/example_xcom.py
[2025-08-20T20:26:26.029+0000] {logging_mixin.py:190} INFO - [2025-08-20T20:26:26.029+0000] {dag.py:3229} INFO - Sync 1 DAGs
[2025-08-20T20:26:26.044+0000] {logging_mixin.py:190} INFO - [2025-08-20T20:26:26.044+0000] {dag.py:4156} INFO - Setting next_dagrun for example_xcom to 2021-01-01 00:00:00+00:00, run_after=2021-01-01 00:00:00+00:00
[2025-08-20T20:26:26.062+0000] {processor.py:208} INFO - Processing /home/airflow/.local/lib/python3.12/site-packages/airflow/example_dags/example_xcom.py took 0.071 seconds
[2025-08-20T20:26:57.187+0000] {processor.py:186} INFO - Started process (PID=1085) to work on /home/airflow/.local/lib/python3.12/site-packages/airflow/example_dags/example_xcom.py
[2025-08-20T20:26:57.188+0000] {processor.py:914} INFO - Processing file /home/airflow/.local/lib/python3.12/site-packages/airflow/example_dags/example_xcom.py for tasks to queue
[2025-08-20T20:26:57.194+0000] {logging_mixin.py:190} INFO - [2025-08-20T20:26:57.194+0000] {dagbag.py:587} INFO - Filling up the DagBag from /home/airflow/.local/lib/python3.12/site-packages/airflow/example_dags/example_xcom.py
[2025-08-20T20:26:57.204+0000] {processor.py:925} INFO - DAG(s) 'example_xcom' retrieved from /home/airflow/.local/lib/python3.12/site-packages/airflow/example_dags/example_xcom.py
[2025-08-20T20:26:57.226+0000] {logging_mixin.py:190} INFO - [2025-08-20T20:26:57.225+0000] {dag.py:3229} INFO - Sync 1 DAGs
[2025-08-20T20:26:57.242+0000] {logging_mixin.py:190} INFO - [2025-08-20T20:26:57.242+0000] {dag.py:4156} INFO - Setting next_dagrun for example_xcom to 2021-01-01 00:00:00+00:00, run_after=2021-01-01 00:00:00+00:00
[2025-08-20T20:26:57.254+0000] {processor.py:208} INFO - Processing /home/airflow/.local/lib/python3.12/site-packages/airflow/example_dags/example_xcom.py took 0.072 seconds
