[2025-08-20T20:18:21.334+0000] {processor.py:186} INFO - Started process (PID=82) to work on /home/airflow/.local/lib/python3.12/site-packages/airflow/example_dags/example_display_name.py
[2025-08-20T20:18:21.336+0000] {processor.py:914} INFO - Processing file /home/airflow/.local/lib/python3.12/site-packages/airflow/example_dags/example_display_name.py for tasks to queue
[2025-08-20T20:18:21.339+0000] {logging_mixin.py:190} INFO - [2025-08-20T20:18:21.338+0000] {dagbag.py:587} INFO - Filling up the DagBag from /home/airflow/.local/lib/python3.12/site-packages/airflow/example_dags/example_display_name.py
[2025-08-20T20:18:21.357+0000] {processor.py:925} INFO - DAG(s) 'example_display_name' retrieved from /home/airflow/.local/lib/python3.12/site-packages/airflow/example_dags/example_display_name.py
[2025-08-20T20:18:21.798+0000] {logging_mixin.py:190} INFO - [2025-08-20T20:18:21.796+0000] {override.py:1900} INFO - Created Permission View: can read on DAG:example_display_name
[2025-08-20T20:18:21.815+0000] {logging_mixin.py:190} INFO - [2025-08-20T20:18:21.815+0000] {override.py:1900} INFO - Created Permission View: can delete on DAG:example_display_name
[2025-08-20T20:18:21.822+0000] {logging_mixin.py:190} INFO - [2025-08-20T20:18:21.822+0000] {override.py:1900} INFO - Created Permission View: can edit on DAG:example_display_name
[2025-08-20T20:18:21.835+0000] {logging_mixin.py:190} INFO - [2025-08-20T20:18:21.833+0000] {override.py:1900} INFO - Created Permission View: can read on DAG Run:example_display_name
[2025-08-20T20:18:21.847+0000] {logging_mixin.py:190} INFO - [2025-08-20T20:18:21.847+0000] {override.py:1900} INFO - Created Permission View: menu access on DAG Run:example_display_name
[2025-08-20T20:18:21.855+0000] {logging_mixin.py:190} INFO - [2025-08-20T20:18:21.854+0000] {override.py:1900} INFO - Created Permission View: can delete on DAG Run:example_display_name
[2025-08-20T20:18:21.863+0000] {logging_mixin.py:190} INFO - [2025-08-20T20:18:21.862+0000] {override.py:1900} INFO - Created Permission View: can create on DAG Run:example_display_name
[2025-08-20T20:18:21.863+0000] {logging_mixin.py:190} INFO - [2025-08-20T20:18:21.863+0000] {dag.py:3229} INFO - Sync 1 DAGs
[2025-08-20T20:18:21.899+0000] {logging_mixin.py:190} INFO - [2025-08-20T20:18:21.899+0000] {dag.py:3252} INFO - Creating ORM DAG for example_display_name
[2025-08-20T20:18:21.900+0000] {logging_mixin.py:190} INFO - [2025-08-20T20:18:21.900+0000] {dag.py:4156} INFO - Setting next_dagrun for example_display_name to None, run_after=None
[2025-08-20T20:18:21.924+0000] {processor.py:208} INFO - Processing /home/airflow/.local/lib/python3.12/site-packages/airflow/example_dags/example_display_name.py took 0.601 seconds
[2025-08-20T20:18:53.149+0000] {processor.py:186} INFO - Started process (PID=144) to work on /home/airflow/.local/lib/python3.12/site-packages/airflow/example_dags/example_display_name.py
[2025-08-20T20:18:53.186+0000] {processor.py:914} INFO - Processing file /home/airflow/.local/lib/python3.12/site-packages/airflow/example_dags/example_display_name.py for tasks to queue
[2025-08-20T20:18:53.258+0000] {logging_mixin.py:190} INFO - [2025-08-20T20:18:53.257+0000] {dagbag.py:587} INFO - Filling up the DagBag from /home/airflow/.local/lib/python3.12/site-packages/airflow/example_dags/example_display_name.py
[2025-08-20T20:18:53.310+0000] {processor.py:925} INFO - DAG(s) 'example_display_name' retrieved from /home/airflow/.local/lib/python3.12/site-packages/airflow/example_dags/example_display_name.py
[2025-08-20T20:18:53.490+0000] {logging_mixin.py:190} INFO - [2025-08-20T20:18:53.482+0000] {dag.py:3229} INFO - Sync 1 DAGs
[2025-08-20T20:18:53.723+0000] {logging_mixin.py:190} INFO - [2025-08-20T20:18:53.723+0000] {dag.py:4156} INFO - Setting next_dagrun for example_display_name to None, run_after=None
[2025-08-20T20:18:53.775+0000] {processor.py:208} INFO - Processing /home/airflow/.local/lib/python3.12/site-packages/airflow/example_dags/example_display_name.py took 0.755 seconds
[2025-08-20T20:19:24.823+0000] {processor.py:186} INFO - Started process (PID=206) to work on /home/airflow/.local/lib/python3.12/site-packages/airflow/example_dags/example_display_name.py
[2025-08-20T20:19:24.826+0000] {processor.py:914} INFO - Processing file /home/airflow/.local/lib/python3.12/site-packages/airflow/example_dags/example_display_name.py for tasks to queue
[2025-08-20T20:19:24.828+0000] {logging_mixin.py:190} INFO - [2025-08-20T20:19:24.828+0000] {dagbag.py:587} INFO - Filling up the DagBag from /home/airflow/.local/lib/python3.12/site-packages/airflow/example_dags/example_display_name.py
[2025-08-20T20:19:24.853+0000] {processor.py:925} INFO - DAG(s) 'example_display_name' retrieved from /home/airflow/.local/lib/python3.12/site-packages/airflow/example_dags/example_display_name.py
[2025-08-20T20:19:24.993+0000] {logging_mixin.py:190} INFO - [2025-08-20T20:19:24.993+0000] {dag.py:3229} INFO - Sync 1 DAGs
[2025-08-20T20:19:25.016+0000] {logging_mixin.py:190} INFO - [2025-08-20T20:19:25.016+0000] {dag.py:4156} INFO - Setting next_dagrun for example_display_name to None, run_after=None
[2025-08-20T20:19:25.037+0000] {processor.py:208} INFO - Processing /home/airflow/.local/lib/python3.12/site-packages/airflow/example_dags/example_display_name.py took 0.244 seconds
[2025-08-20T20:19:55.560+0000] {processor.py:186} INFO - Started process (PID=267) to work on /home/airflow/.local/lib/python3.12/site-packages/airflow/example_dags/example_display_name.py
[2025-08-20T20:19:55.563+0000] {processor.py:914} INFO - Processing file /home/airflow/.local/lib/python3.12/site-packages/airflow/example_dags/example_display_name.py for tasks to queue
[2025-08-20T20:19:55.576+0000] {logging_mixin.py:190} INFO - [2025-08-20T20:19:55.575+0000] {dagbag.py:587} INFO - Filling up the DagBag from /home/airflow/.local/lib/python3.12/site-packages/airflow/example_dags/example_display_name.py
[2025-08-20T20:19:55.638+0000] {processor.py:925} INFO - DAG(s) 'example_display_name' retrieved from /home/airflow/.local/lib/python3.12/site-packages/airflow/example_dags/example_display_name.py
[2025-08-20T20:19:55.999+0000] {logging_mixin.py:190} INFO - [2025-08-20T20:19:55.947+0000] {dag.py:3229} INFO - Sync 1 DAGs
[2025-08-20T20:19:56.080+0000] {logging_mixin.py:190} INFO - [2025-08-20T20:19:56.080+0000] {dag.py:4156} INFO - Setting next_dagrun for example_display_name to None, run_after=None
[2025-08-20T20:19:57.629+0000] {processor.py:208} INFO - Processing /home/airflow/.local/lib/python3.12/site-packages/airflow/example_dags/example_display_name.py took 2.101 seconds
[2025-08-20T20:20:28.486+0000] {processor.py:186} INFO - Started process (PID=329) to work on /home/airflow/.local/lib/python3.12/site-packages/airflow/example_dags/example_display_name.py
[2025-08-20T20:20:28.499+0000] {processor.py:914} INFO - Processing file /home/airflow/.local/lib/python3.12/site-packages/airflow/example_dags/example_display_name.py for tasks to queue
[2025-08-20T20:20:28.526+0000] {logging_mixin.py:190} INFO - [2025-08-20T20:20:28.524+0000] {dagbag.py:587} INFO - Filling up the DagBag from /home/airflow/.local/lib/python3.12/site-packages/airflow/example_dags/example_display_name.py
[2025-08-20T20:20:28.616+0000] {processor.py:925} INFO - DAG(s) 'example_display_name' retrieved from /home/airflow/.local/lib/python3.12/site-packages/airflow/example_dags/example_display_name.py
[2025-08-20T20:20:28.693+0000] {logging_mixin.py:190} INFO - [2025-08-20T20:20:28.692+0000] {dag.py:3229} INFO - Sync 1 DAGs
[2025-08-20T20:20:28.753+0000] {logging_mixin.py:190} INFO - [2025-08-20T20:20:28.752+0000] {dag.py:4156} INFO - Setting next_dagrun for example_display_name to None, run_after=None
[2025-08-20T20:20:28.832+0000] {processor.py:208} INFO - Processing /home/airflow/.local/lib/python3.12/site-packages/airflow/example_dags/example_display_name.py took 0.400 seconds
[2025-08-20T20:20:59.386+0000] {processor.py:186} INFO - Started process (PID=391) to work on /home/airflow/.local/lib/python3.12/site-packages/airflow/example_dags/example_display_name.py
[2025-08-20T20:20:59.397+0000] {processor.py:914} INFO - Processing file /home/airflow/.local/lib/python3.12/site-packages/airflow/example_dags/example_display_name.py for tasks to queue
[2025-08-20T20:20:59.432+0000] {logging_mixin.py:190} INFO - [2025-08-20T20:20:59.430+0000] {dagbag.py:587} INFO - Filling up the DagBag from /home/airflow/.local/lib/python3.12/site-packages/airflow/example_dags/example_display_name.py
[2025-08-20T20:20:59.517+0000] {processor.py:925} INFO - DAG(s) 'example_display_name' retrieved from /home/airflow/.local/lib/python3.12/site-packages/airflow/example_dags/example_display_name.py
[2025-08-20T20:20:59.634+0000] {logging_mixin.py:190} INFO - [2025-08-20T20:20:59.634+0000] {dag.py:3229} INFO - Sync 1 DAGs
[2025-08-20T20:20:59.693+0000] {logging_mixin.py:190} INFO - [2025-08-20T20:20:59.693+0000] {dag.py:4156} INFO - Setting next_dagrun for example_display_name to None, run_after=None
[2025-08-20T20:20:59.725+0000] {processor.py:208} INFO - Processing /home/airflow/.local/lib/python3.12/site-packages/airflow/example_dags/example_display_name.py took 0.407 seconds
[2025-08-20T20:21:30.252+0000] {processor.py:186} INFO - Started process (PID=453) to work on /home/airflow/.local/lib/python3.12/site-packages/airflow/example_dags/example_display_name.py
[2025-08-20T20:21:30.258+0000] {processor.py:914} INFO - Processing file /home/airflow/.local/lib/python3.12/site-packages/airflow/example_dags/example_display_name.py for tasks to queue
[2025-08-20T20:21:30.280+0000] {logging_mixin.py:190} INFO - [2025-08-20T20:21:30.280+0000] {dagbag.py:587} INFO - Filling up the DagBag from /home/airflow/.local/lib/python3.12/site-packages/airflow/example_dags/example_display_name.py
[2025-08-20T20:21:30.333+0000] {processor.py:925} INFO - DAG(s) 'example_display_name' retrieved from /home/airflow/.local/lib/python3.12/site-packages/airflow/example_dags/example_display_name.py
[2025-08-20T20:21:30.559+0000] {logging_mixin.py:190} INFO - [2025-08-20T20:21:30.558+0000] {dag.py:3229} INFO - Sync 1 DAGs
[2025-08-20T20:21:30.702+0000] {logging_mixin.py:190} INFO - [2025-08-20T20:21:30.700+0000] {dag.py:4156} INFO - Setting next_dagrun for example_display_name to None, run_after=None
[2025-08-20T20:21:30.799+0000] {processor.py:208} INFO - Processing /home/airflow/.local/lib/python3.12/site-packages/airflow/example_dags/example_display_name.py took 0.596 seconds
[2025-08-20T20:22:01.963+0000] {processor.py:186} INFO - Started process (PID=515) to work on /home/airflow/.local/lib/python3.12/site-packages/airflow/example_dags/example_display_name.py
[2025-08-20T20:22:01.974+0000] {processor.py:914} INFO - Processing file /home/airflow/.local/lib/python3.12/site-packages/airflow/example_dags/example_display_name.py for tasks to queue
[2025-08-20T20:22:01.988+0000] {logging_mixin.py:190} INFO - [2025-08-20T20:22:01.987+0000] {dagbag.py:587} INFO - Filling up the DagBag from /home/airflow/.local/lib/python3.12/site-packages/airflow/example_dags/example_display_name.py
[2025-08-20T20:22:02.019+0000] {processor.py:925} INFO - DAG(s) 'example_display_name' retrieved from /home/airflow/.local/lib/python3.12/site-packages/airflow/example_dags/example_display_name.py
[2025-08-20T20:22:02.115+0000] {logging_mixin.py:190} INFO - [2025-08-20T20:22:02.114+0000] {dag.py:3229} INFO - Sync 1 DAGs
[2025-08-20T20:22:02.159+0000] {logging_mixin.py:190} INFO - [2025-08-20T20:22:02.158+0000] {dag.py:4156} INFO - Setting next_dagrun for example_display_name to None, run_after=None
[2025-08-20T20:22:02.186+0000] {processor.py:208} INFO - Processing /home/airflow/.local/lib/python3.12/site-packages/airflow/example_dags/example_display_name.py took 0.268 seconds
[2025-08-20T20:22:32.509+0000] {processor.py:186} INFO - Started process (PID=577) to work on /home/airflow/.local/lib/python3.12/site-packages/airflow/example_dags/example_display_name.py
[2025-08-20T20:22:32.515+0000] {processor.py:914} INFO - Processing file /home/airflow/.local/lib/python3.12/site-packages/airflow/example_dags/example_display_name.py for tasks to queue
[2025-08-20T20:22:32.537+0000] {logging_mixin.py:190} INFO - [2025-08-20T20:22:32.536+0000] {dagbag.py:587} INFO - Filling up the DagBag from /home/airflow/.local/lib/python3.12/site-packages/airflow/example_dags/example_display_name.py
[2025-08-20T20:22:32.571+0000] {processor.py:925} INFO - DAG(s) 'example_display_name' retrieved from /home/airflow/.local/lib/python3.12/site-packages/airflow/example_dags/example_display_name.py
[2025-08-20T20:22:32.647+0000] {logging_mixin.py:190} INFO - [2025-08-20T20:22:32.647+0000] {dag.py:3229} INFO - Sync 1 DAGs
[2025-08-20T20:22:32.707+0000] {logging_mixin.py:190} INFO - [2025-08-20T20:22:32.707+0000] {dag.py:4156} INFO - Setting next_dagrun for example_display_name to None, run_after=None
[2025-08-20T20:22:32.753+0000] {processor.py:208} INFO - Processing /home/airflow/.local/lib/python3.12/site-packages/airflow/example_dags/example_display_name.py took 0.268 seconds
[2025-08-20T20:23:04.212+0000] {processor.py:186} INFO - Started process (PID=639) to work on /home/airflow/.local/lib/python3.12/site-packages/airflow/example_dags/example_display_name.py
[2025-08-20T20:23:04.224+0000] {processor.py:914} INFO - Processing file /home/airflow/.local/lib/python3.12/site-packages/airflow/example_dags/example_display_name.py for tasks to queue
[2025-08-20T20:23:04.235+0000] {logging_mixin.py:190} INFO - [2025-08-20T20:23:04.235+0000] {dagbag.py:587} INFO - Filling up the DagBag from /home/airflow/.local/lib/python3.12/site-packages/airflow/example_dags/example_display_name.py
[2025-08-20T20:23:04.316+0000] {processor.py:925} INFO - DAG(s) 'example_display_name' retrieved from /home/airflow/.local/lib/python3.12/site-packages/airflow/example_dags/example_display_name.py
[2025-08-20T20:23:04.478+0000] {logging_mixin.py:190} INFO - [2025-08-20T20:23:04.477+0000] {dag.py:3229} INFO - Sync 1 DAGs
[2025-08-20T20:23:04.614+0000] {logging_mixin.py:190} INFO - [2025-08-20T20:23:04.613+0000] {dag.py:4156} INFO - Setting next_dagrun for example_display_name to None, run_after=None
[2025-08-20T20:23:04.677+0000] {processor.py:208} INFO - Processing /home/airflow/.local/lib/python3.12/site-packages/airflow/example_dags/example_display_name.py took 0.522 seconds
[2025-08-20T20:23:35.355+0000] {processor.py:186} INFO - Started process (PID=701) to work on /home/airflow/.local/lib/python3.12/site-packages/airflow/example_dags/example_display_name.py
[2025-08-20T20:23:35.364+0000] {processor.py:914} INFO - Processing file /home/airflow/.local/lib/python3.12/site-packages/airflow/example_dags/example_display_name.py for tasks to queue
[2025-08-20T20:23:35.377+0000] {logging_mixin.py:190} INFO - [2025-08-20T20:23:35.376+0000] {dagbag.py:587} INFO - Filling up the DagBag from /home/airflow/.local/lib/python3.12/site-packages/airflow/example_dags/example_display_name.py
[2025-08-20T20:23:35.419+0000] {processor.py:925} INFO - DAG(s) 'example_display_name' retrieved from /home/airflow/.local/lib/python3.12/site-packages/airflow/example_dags/example_display_name.py
[2025-08-20T20:23:35.544+0000] {logging_mixin.py:190} INFO - [2025-08-20T20:23:35.541+0000] {dag.py:3229} INFO - Sync 1 DAGs
[2025-08-20T20:23:35.642+0000] {logging_mixin.py:190} INFO - [2025-08-20T20:23:35.641+0000] {dag.py:4156} INFO - Setting next_dagrun for example_display_name to None, run_after=None
[2025-08-20T20:23:35.728+0000] {processor.py:208} INFO - Processing /home/airflow/.local/lib/python3.12/site-packages/airflow/example_dags/example_display_name.py took 0.395 seconds
[2025-08-20T20:24:06.425+0000] {processor.py:186} INFO - Started process (PID=763) to work on /home/airflow/.local/lib/python3.12/site-packages/airflow/example_dags/example_display_name.py
[2025-08-20T20:24:06.432+0000] {processor.py:914} INFO - Processing file /home/airflow/.local/lib/python3.12/site-packages/airflow/example_dags/example_display_name.py for tasks to queue
[2025-08-20T20:24:06.459+0000] {logging_mixin.py:190} INFO - [2025-08-20T20:24:06.452+0000] {dagbag.py:587} INFO - Filling up the DagBag from /home/airflow/.local/lib/python3.12/site-packages/airflow/example_dags/example_display_name.py
[2025-08-20T20:24:06.590+0000] {processor.py:925} INFO - DAG(s) 'example_display_name' retrieved from /home/airflow/.local/lib/python3.12/site-packages/airflow/example_dags/example_display_name.py
[2025-08-20T20:24:06.758+0000] {logging_mixin.py:190} INFO - [2025-08-20T20:24:06.757+0000] {dag.py:3229} INFO - Sync 1 DAGs
[2025-08-20T20:24:06.816+0000] {logging_mixin.py:190} INFO - [2025-08-20T20:24:06.815+0000] {dag.py:4156} INFO - Setting next_dagrun for example_display_name to None, run_after=None
[2025-08-20T20:24:06.873+0000] {processor.py:208} INFO - Processing /home/airflow/.local/lib/python3.12/site-packages/airflow/example_dags/example_display_name.py took 0.523 seconds
[2025-08-20T20:24:37.123+0000] {processor.py:186} INFO - Started process (PID=825) to work on /home/airflow/.local/lib/python3.12/site-packages/airflow/example_dags/example_display_name.py
[2025-08-20T20:24:37.125+0000] {processor.py:914} INFO - Processing file /home/airflow/.local/lib/python3.12/site-packages/airflow/example_dags/example_display_name.py for tasks to queue
[2025-08-20T20:24:37.134+0000] {logging_mixin.py:190} INFO - [2025-08-20T20:24:37.134+0000] {dagbag.py:587} INFO - Filling up the DagBag from /home/airflow/.local/lib/python3.12/site-packages/airflow/example_dags/example_display_name.py
[2025-08-20T20:24:37.156+0000] {processor.py:925} INFO - DAG(s) 'example_display_name' retrieved from /home/airflow/.local/lib/python3.12/site-packages/airflow/example_dags/example_display_name.py
[2025-08-20T20:24:37.204+0000] {logging_mixin.py:190} INFO - [2025-08-20T20:24:37.204+0000] {dag.py:3229} INFO - Sync 1 DAGs
[2025-08-20T20:24:37.236+0000] {logging_mixin.py:190} INFO - [2025-08-20T20:24:37.235+0000] {dag.py:4156} INFO - Setting next_dagrun for example_display_name to None, run_after=None
[2025-08-20T20:24:37.255+0000] {processor.py:208} INFO - Processing /home/airflow/.local/lib/python3.12/site-packages/airflow/example_dags/example_display_name.py took 0.144 seconds
[2025-08-20T20:25:07.769+0000] {processor.py:186} INFO - Started process (PID=886) to work on /home/airflow/.local/lib/python3.12/site-packages/airflow/example_dags/example_display_name.py
[2025-08-20T20:25:07.772+0000] {processor.py:914} INFO - Processing file /home/airflow/.local/lib/python3.12/site-packages/airflow/example_dags/example_display_name.py for tasks to queue
[2025-08-20T20:25:07.781+0000] {logging_mixin.py:190} INFO - [2025-08-20T20:25:07.781+0000] {dagbag.py:587} INFO - Filling up the DagBag from /home/airflow/.local/lib/python3.12/site-packages/airflow/example_dags/example_display_name.py
[2025-08-20T20:25:07.810+0000] {processor.py:925} INFO - DAG(s) 'example_display_name' retrieved from /home/airflow/.local/lib/python3.12/site-packages/airflow/example_dags/example_display_name.py
[2025-08-20T20:25:07.864+0000] {logging_mixin.py:190} INFO - [2025-08-20T20:25:07.864+0000] {dag.py:3229} INFO - Sync 1 DAGs
[2025-08-20T20:25:07.936+0000] {logging_mixin.py:190} INFO - [2025-08-20T20:25:07.936+0000] {dag.py:4156} INFO - Setting next_dagrun for example_display_name to None, run_after=None
[2025-08-20T20:25:08.000+0000] {processor.py:208} INFO - Processing /home/airflow/.local/lib/python3.12/site-packages/airflow/example_dags/example_display_name.py took 0.242 seconds
[2025-08-20T20:25:38.442+0000] {processor.py:186} INFO - Started process (PID=948) to work on /home/airflow/.local/lib/python3.12/site-packages/airflow/example_dags/example_display_name.py
[2025-08-20T20:25:38.444+0000] {processor.py:914} INFO - Processing file /home/airflow/.local/lib/python3.12/site-packages/airflow/example_dags/example_display_name.py for tasks to queue
[2025-08-20T20:25:38.446+0000] {logging_mixin.py:190} INFO - [2025-08-20T20:25:38.446+0000] {dagbag.py:587} INFO - Filling up the DagBag from /home/airflow/.local/lib/python3.12/site-packages/airflow/example_dags/example_display_name.py
[2025-08-20T20:25:38.462+0000] {processor.py:925} INFO - DAG(s) 'example_display_name' retrieved from /home/airflow/.local/lib/python3.12/site-packages/airflow/example_dags/example_display_name.py
[2025-08-20T20:25:38.493+0000] {logging_mixin.py:190} INFO - [2025-08-20T20:25:38.492+0000] {dag.py:3229} INFO - Sync 1 DAGs
[2025-08-20T20:25:38.511+0000] {logging_mixin.py:190} INFO - [2025-08-20T20:25:38.511+0000] {dag.py:4156} INFO - Setting next_dagrun for example_display_name to None, run_after=None
[2025-08-20T20:25:38.529+0000] {processor.py:208} INFO - Processing /home/airflow/.local/lib/python3.12/site-packages/airflow/example_dags/example_display_name.py took 0.093 seconds
[2025-08-20T20:26:09.108+0000] {processor.py:186} INFO - Started process (PID=1010) to work on /home/airflow/.local/lib/python3.12/site-packages/airflow/example_dags/example_display_name.py
[2025-08-20T20:26:09.112+0000] {processor.py:914} INFO - Processing file /home/airflow/.local/lib/python3.12/site-packages/airflow/example_dags/example_display_name.py for tasks to queue
[2025-08-20T20:26:09.118+0000] {logging_mixin.py:190} INFO - [2025-08-20T20:26:09.117+0000] {dagbag.py:587} INFO - Filling up the DagBag from /home/airflow/.local/lib/python3.12/site-packages/airflow/example_dags/example_display_name.py
[2025-08-20T20:26:09.131+0000] {processor.py:925} INFO - DAG(s) 'example_display_name' retrieved from /home/airflow/.local/lib/python3.12/site-packages/airflow/example_dags/example_display_name.py
[2025-08-20T20:26:09.171+0000] {logging_mixin.py:190} INFO - [2025-08-20T20:26:09.171+0000] {dag.py:3229} INFO - Sync 1 DAGs
[2025-08-20T20:26:09.190+0000] {logging_mixin.py:190} INFO - [2025-08-20T20:26:09.189+0000] {dag.py:4156} INFO - Setting next_dagrun for example_display_name to None, run_after=None
[2025-08-20T20:26:09.213+0000] {processor.py:208} INFO - Processing /home/airflow/.local/lib/python3.12/site-packages/airflow/example_dags/example_display_name.py took 0.116 seconds
[2025-08-20T20:26:39.329+0000] {processor.py:186} INFO - Started process (PID=1072) to work on /home/airflow/.local/lib/python3.12/site-packages/airflow/example_dags/example_display_name.py
[2025-08-20T20:26:39.330+0000] {processor.py:914} INFO - Processing file /home/airflow/.local/lib/python3.12/site-packages/airflow/example_dags/example_display_name.py for tasks to queue
[2025-08-20T20:26:39.332+0000] {logging_mixin.py:190} INFO - [2025-08-20T20:26:39.332+0000] {dagbag.py:587} INFO - Filling up the DagBag from /home/airflow/.local/lib/python3.12/site-packages/airflow/example_dags/example_display_name.py
[2025-08-20T20:26:39.343+0000] {processor.py:925} INFO - DAG(s) 'example_display_name' retrieved from /home/airflow/.local/lib/python3.12/site-packages/airflow/example_dags/example_display_name.py
[2025-08-20T20:26:39.384+0000] {logging_mixin.py:190} INFO - [2025-08-20T20:26:39.384+0000] {dag.py:3229} INFO - Sync 1 DAGs
[2025-08-20T20:26:39.409+0000] {logging_mixin.py:190} INFO - [2025-08-20T20:26:39.409+0000] {dag.py:4156} INFO - Setting next_dagrun for example_display_name to None, run_after=None
[2025-08-20T20:26:39.432+0000] {processor.py:208} INFO - Processing /home/airflow/.local/lib/python3.12/site-packages/airflow/example_dags/example_display_name.py took 0.114 seconds
