[2025-08-20T20:18:42.777+0000] {processor.py:186} INFO - Started process (PID=121) to work on /home/airflow/.local/lib/python3.12/site-packages/airflow/example_dags/example_latest_only.py
[2025-08-20T20:18:42.778+0000] {processor.py:914} INFO - Processing file /home/airflow/.local/lib/python3.12/site-packages/airflow/example_dags/example_latest_only.py for tasks to queue
[2025-08-20T20:18:42.782+0000] {logging_mixin.py:190} INFO - [2025-08-20T20:18:42.782+0000] {dagbag.py:587} INFO - Filling up the DagBag from /home/airflow/.local/lib/python3.12/site-packages/airflow/example_dags/example_latest_only.py
[2025-08-20T20:18:42.795+0000] {processor.py:925} INFO - DAG(s) 'latest_only' retrieved from /home/airflow/.local/lib/python3.12/site-packages/airflow/example_dags/example_latest_only.py
[2025-08-20T20:18:42.926+0000] {logging_mixin.py:190} INFO - [2025-08-20T20:18:42.925+0000] {override.py:1900} INFO - Created Permission View: can read on DAG:latest_only
[2025-08-20T20:18:42.932+0000] {logging_mixin.py:190} INFO - [2025-08-20T20:18:42.932+0000] {override.py:1900} INFO - Created Permission View: can delete on DAG:latest_only
[2025-08-20T20:18:42.936+0000] {logging_mixin.py:190} INFO - [2025-08-20T20:18:42.935+0000] {override.py:1900} INFO - Created Permission View: can edit on DAG:latest_only
[2025-08-20T20:18:42.939+0000] {logging_mixin.py:190} INFO - [2025-08-20T20:18:42.939+0000] {override.py:1900} INFO - Created Permission View: can read on DAG Run:latest_only
[2025-08-20T20:18:42.942+0000] {logging_mixin.py:190} INFO - [2025-08-20T20:18:42.942+0000] {override.py:1900} INFO - Created Permission View: menu access on DAG Run:latest_only
[2025-08-20T20:18:42.946+0000] {logging_mixin.py:190} INFO - [2025-08-20T20:18:42.945+0000] {override.py:1900} INFO - Created Permission View: can delete on DAG Run:latest_only
[2025-08-20T20:18:42.949+0000] {logging_mixin.py:190} INFO - [2025-08-20T20:18:42.949+0000] {override.py:1900} INFO - Created Permission View: can create on DAG Run:latest_only
[2025-08-20T20:18:42.950+0000] {logging_mixin.py:190} INFO - [2025-08-20T20:18:42.950+0000] {dag.py:3229} INFO - Sync 1 DAGs
[2025-08-20T20:18:42.968+0000] {logging_mixin.py:190} INFO - [2025-08-20T20:18:42.967+0000] {dag.py:3252} INFO - Creating ORM DAG for latest_only
[2025-08-20T20:18:42.991+0000] {logging_mixin.py:190} INFO - [2025-08-20T20:18:42.991+0000] {dag.py:4156} INFO - Setting next_dagrun for latest_only to 2025-08-20 16:00:00+00:00, run_after=2025-08-20 20:00:00+00:00
[2025-08-20T20:18:43.015+0000] {processor.py:208} INFO - Processing /home/airflow/.local/lib/python3.12/site-packages/airflow/example_dags/example_latest_only.py took 0.245 seconds
[2025-08-20T20:19:15.788+0000] {processor.py:186} INFO - Started process (PID=183) to work on /home/airflow/.local/lib/python3.12/site-packages/airflow/example_dags/example_latest_only.py
[2025-08-20T20:19:15.794+0000] {processor.py:914} INFO - Processing file /home/airflow/.local/lib/python3.12/site-packages/airflow/example_dags/example_latest_only.py for tasks to queue
[2025-08-20T20:19:15.836+0000] {logging_mixin.py:190} INFO - [2025-08-20T20:19:15.835+0000] {dagbag.py:587} INFO - Filling up the DagBag from /home/airflow/.local/lib/python3.12/site-packages/airflow/example_dags/example_latest_only.py
[2025-08-20T20:19:15.898+0000] {processor.py:925} INFO - DAG(s) 'latest_only' retrieved from /home/airflow/.local/lib/python3.12/site-packages/airflow/example_dags/example_latest_only.py
[2025-08-20T20:19:15.990+0000] {logging_mixin.py:190} INFO - [2025-08-20T20:19:15.990+0000] {dag.py:3229} INFO - Sync 1 DAGs
[2025-08-20T20:19:16.040+0000] {logging_mixin.py:190} INFO - [2025-08-20T20:19:16.040+0000] {dag.py:4156} INFO - Setting next_dagrun for latest_only to 2025-08-20 16:00:00+00:00, run_after=2025-08-20 20:00:00+00:00
[2025-08-20T20:19:16.072+0000] {processor.py:208} INFO - Processing /home/airflow/.local/lib/python3.12/site-packages/airflow/example_dags/example_latest_only.py took 0.312 seconds
[2025-08-20T20:19:49.396+0000] {processor.py:186} INFO - Started process (PID=245) to work on /home/airflow/.local/lib/python3.12/site-packages/airflow/example_dags/example_latest_only.py
[2025-08-20T20:19:49.415+0000] {processor.py:914} INFO - Processing file /home/airflow/.local/lib/python3.12/site-packages/airflow/example_dags/example_latest_only.py for tasks to queue
[2025-08-20T20:19:49.434+0000] {logging_mixin.py:190} INFO - [2025-08-20T20:19:49.433+0000] {dagbag.py:587} INFO - Filling up the DagBag from /home/airflow/.local/lib/python3.12/site-packages/airflow/example_dags/example_latest_only.py
[2025-08-20T20:19:49.474+0000] {processor.py:925} INFO - DAG(s) 'latest_only' retrieved from /home/airflow/.local/lib/python3.12/site-packages/airflow/example_dags/example_latest_only.py
[2025-08-20T20:19:49.792+0000] {logging_mixin.py:190} INFO - [2025-08-20T20:19:49.789+0000] {dag.py:3229} INFO - Sync 1 DAGs
[2025-08-20T20:19:49.935+0000] {logging_mixin.py:190} INFO - [2025-08-20T20:19:49.935+0000] {dag.py:4156} INFO - Setting next_dagrun for latest_only to 2025-08-20 16:00:00+00:00, run_after=2025-08-20 20:00:00+00:00
[2025-08-20T20:19:49.992+0000] {processor.py:208} INFO - Processing /home/airflow/.local/lib/python3.12/site-packages/airflow/example_dags/example_latest_only.py took 0.708 seconds
[2025-08-20T20:20:22.077+0000] {processor.py:186} INFO - Started process (PID=307) to work on /home/airflow/.local/lib/python3.12/site-packages/airflow/example_dags/example_latest_only.py
[2025-08-20T20:20:22.084+0000] {processor.py:914} INFO - Processing file /home/airflow/.local/lib/python3.12/site-packages/airflow/example_dags/example_latest_only.py for tasks to queue
[2025-08-20T20:20:22.087+0000] {logging_mixin.py:190} INFO - [2025-08-20T20:20:22.087+0000] {dagbag.py:587} INFO - Filling up the DagBag from /home/airflow/.local/lib/python3.12/site-packages/airflow/example_dags/example_latest_only.py
[2025-08-20T20:20:22.118+0000] {processor.py:925} INFO - DAG(s) 'latest_only' retrieved from /home/airflow/.local/lib/python3.12/site-packages/airflow/example_dags/example_latest_only.py
[2025-08-20T20:20:22.177+0000] {logging_mixin.py:190} INFO - [2025-08-20T20:20:22.177+0000] {dag.py:3229} INFO - Sync 1 DAGs
[2025-08-20T20:20:22.221+0000] {logging_mixin.py:190} INFO - [2025-08-20T20:20:22.221+0000] {dag.py:4156} INFO - Setting next_dagrun for latest_only to 2025-08-20 16:00:00+00:00, run_after=2025-08-20 20:00:00+00:00
[2025-08-20T20:20:22.244+0000] {processor.py:208} INFO - Processing /home/airflow/.local/lib/python3.12/site-packages/airflow/example_dags/example_latest_only.py took 0.208 seconds
[2025-08-20T20:20:54.569+0000] {processor.py:186} INFO - Started process (PID=371) to work on /home/airflow/.local/lib/python3.12/site-packages/airflow/example_dags/example_latest_only.py
[2025-08-20T20:20:54.579+0000] {processor.py:914} INFO - Processing file /home/airflow/.local/lib/python3.12/site-packages/airflow/example_dags/example_latest_only.py for tasks to queue
[2025-08-20T20:20:54.591+0000] {logging_mixin.py:190} INFO - [2025-08-20T20:20:54.588+0000] {dagbag.py:587} INFO - Filling up the DagBag from /home/airflow/.local/lib/python3.12/site-packages/airflow/example_dags/example_latest_only.py
[2025-08-20T20:20:54.625+0000] {processor.py:925} INFO - DAG(s) 'latest_only' retrieved from /home/airflow/.local/lib/python3.12/site-packages/airflow/example_dags/example_latest_only.py
[2025-08-20T20:20:54.740+0000] {logging_mixin.py:190} INFO - [2025-08-20T20:20:54.740+0000] {dag.py:3229} INFO - Sync 1 DAGs
[2025-08-20T20:20:54.814+0000] {logging_mixin.py:190} INFO - [2025-08-20T20:20:54.814+0000] {dag.py:4156} INFO - Setting next_dagrun for latest_only to 2025-08-20 16:00:00+00:00, run_after=2025-08-20 20:00:00+00:00
[2025-08-20T20:20:54.878+0000] {processor.py:208} INFO - Processing /home/airflow/.local/lib/python3.12/site-packages/airflow/example_dags/example_latest_only.py took 0.364 seconds
[2025-08-20T20:21:25.020+0000] {processor.py:186} INFO - Started process (PID=433) to work on /home/airflow/.local/lib/python3.12/site-packages/airflow/example_dags/example_latest_only.py
[2025-08-20T20:21:25.021+0000] {processor.py:914} INFO - Processing file /home/airflow/.local/lib/python3.12/site-packages/airflow/example_dags/example_latest_only.py for tasks to queue
[2025-08-20T20:21:25.029+0000] {logging_mixin.py:190} INFO - [2025-08-20T20:21:25.029+0000] {dagbag.py:587} INFO - Filling up the DagBag from /home/airflow/.local/lib/python3.12/site-packages/airflow/example_dags/example_latest_only.py
[2025-08-20T20:21:25.054+0000] {processor.py:925} INFO - DAG(s) 'latest_only' retrieved from /home/airflow/.local/lib/python3.12/site-packages/airflow/example_dags/example_latest_only.py
[2025-08-20T20:21:25.079+0000] {logging_mixin.py:190} INFO - [2025-08-20T20:21:25.078+0000] {dag.py:3229} INFO - Sync 1 DAGs
[2025-08-20T20:21:25.119+0000] {logging_mixin.py:190} INFO - [2025-08-20T20:21:25.119+0000] {dag.py:4156} INFO - Setting next_dagrun for latest_only to 2025-08-20 16:00:00+00:00, run_after=2025-08-20 20:00:00+00:00
[2025-08-20T20:21:25.147+0000] {processor.py:208} INFO - Processing /home/airflow/.local/lib/python3.12/site-packages/airflow/example_dags/example_latest_only.py took 0.133 seconds
[2025-08-20T20:21:55.479+0000] {processor.py:186} INFO - Started process (PID=494) to work on /home/airflow/.local/lib/python3.12/site-packages/airflow/example_dags/example_latest_only.py
[2025-08-20T20:21:55.481+0000] {processor.py:914} INFO - Processing file /home/airflow/.local/lib/python3.12/site-packages/airflow/example_dags/example_latest_only.py for tasks to queue
[2025-08-20T20:21:55.482+0000] {logging_mixin.py:190} INFO - [2025-08-20T20:21:55.482+0000] {dagbag.py:587} INFO - Filling up the DagBag from /home/airflow/.local/lib/python3.12/site-packages/airflow/example_dags/example_latest_only.py
[2025-08-20T20:21:55.492+0000] {processor.py:925} INFO - DAG(s) 'latest_only' retrieved from /home/airflow/.local/lib/python3.12/site-packages/airflow/example_dags/example_latest_only.py
[2025-08-20T20:21:55.518+0000] {logging_mixin.py:190} INFO - [2025-08-20T20:21:55.518+0000] {dag.py:3229} INFO - Sync 1 DAGs
[2025-08-20T20:21:55.601+0000] {logging_mixin.py:190} INFO - [2025-08-20T20:21:55.601+0000] {dag.py:4156} INFO - Setting next_dagrun for latest_only to 2025-08-20 16:00:00+00:00, run_after=2025-08-20 20:00:00+00:00
[2025-08-20T20:21:55.669+0000] {processor.py:208} INFO - Processing /home/airflow/.local/lib/python3.12/site-packages/airflow/example_dags/example_latest_only.py took 0.193 seconds
[2025-08-20T20:22:26.568+0000] {processor.py:186} INFO - Started process (PID=556) to work on /home/airflow/.local/lib/python3.12/site-packages/airflow/example_dags/example_latest_only.py
[2025-08-20T20:22:26.571+0000] {processor.py:914} INFO - Processing file /home/airflow/.local/lib/python3.12/site-packages/airflow/example_dags/example_latest_only.py for tasks to queue
[2025-08-20T20:22:26.574+0000] {logging_mixin.py:190} INFO - [2025-08-20T20:22:26.573+0000] {dagbag.py:587} INFO - Filling up the DagBag from /home/airflow/.local/lib/python3.12/site-packages/airflow/example_dags/example_latest_only.py
[2025-08-20T20:22:26.580+0000] {processor.py:925} INFO - DAG(s) 'latest_only' retrieved from /home/airflow/.local/lib/python3.12/site-packages/airflow/example_dags/example_latest_only.py
[2025-08-20T20:22:26.595+0000] {logging_mixin.py:190} INFO - [2025-08-20T20:22:26.595+0000] {dag.py:3229} INFO - Sync 1 DAGs
[2025-08-20T20:22:26.613+0000] {logging_mixin.py:190} INFO - [2025-08-20T20:22:26.613+0000] {dag.py:4156} INFO - Setting next_dagrun for latest_only to 2025-08-20 16:00:00+00:00, run_after=2025-08-20 20:00:00+00:00
[2025-08-20T20:22:26.625+0000] {processor.py:208} INFO - Processing /home/airflow/.local/lib/python3.12/site-packages/airflow/example_dags/example_latest_only.py took 0.061 seconds
[2025-08-20T20:22:56.735+0000] {processor.py:186} INFO - Started process (PID=617) to work on /home/airflow/.local/lib/python3.12/site-packages/airflow/example_dags/example_latest_only.py
[2025-08-20T20:22:56.735+0000] {processor.py:914} INFO - Processing file /home/airflow/.local/lib/python3.12/site-packages/airflow/example_dags/example_latest_only.py for tasks to queue
[2025-08-20T20:22:56.737+0000] {logging_mixin.py:190} INFO - [2025-08-20T20:22:56.736+0000] {dagbag.py:587} INFO - Filling up the DagBag from /home/airflow/.local/lib/python3.12/site-packages/airflow/example_dags/example_latest_only.py
[2025-08-20T20:22:56.741+0000] {processor.py:925} INFO - DAG(s) 'latest_only' retrieved from /home/airflow/.local/lib/python3.12/site-packages/airflow/example_dags/example_latest_only.py
[2025-08-20T20:22:56.760+0000] {logging_mixin.py:190} INFO - [2025-08-20T20:22:56.760+0000] {dag.py:3229} INFO - Sync 1 DAGs
[2025-08-20T20:22:56.782+0000] {logging_mixin.py:190} INFO - [2025-08-20T20:22:56.782+0000] {dag.py:4156} INFO - Setting next_dagrun for latest_only to 2025-08-20 16:00:00+00:00, run_after=2025-08-20 20:00:00+00:00
[2025-08-20T20:22:56.793+0000] {processor.py:208} INFO - Processing /home/airflow/.local/lib/python3.12/site-packages/airflow/example_dags/example_latest_only.py took 0.062 seconds
[2025-08-20T20:23:30.122+0000] {processor.py:186} INFO - Started process (PID=682) to work on /home/airflow/.local/lib/python3.12/site-packages/airflow/example_dags/example_latest_only.py
[2025-08-20T20:23:30.129+0000] {processor.py:914} INFO - Processing file /home/airflow/.local/lib/python3.12/site-packages/airflow/example_dags/example_latest_only.py for tasks to queue
[2025-08-20T20:23:30.131+0000] {logging_mixin.py:190} INFO - [2025-08-20T20:23:30.131+0000] {dagbag.py:587} INFO - Filling up the DagBag from /home/airflow/.local/lib/python3.12/site-packages/airflow/example_dags/example_latest_only.py
[2025-08-20T20:23:30.136+0000] {processor.py:925} INFO - DAG(s) 'latest_only' retrieved from /home/airflow/.local/lib/python3.12/site-packages/airflow/example_dags/example_latest_only.py
[2025-08-20T20:23:30.153+0000] {logging_mixin.py:190} INFO - [2025-08-20T20:23:30.153+0000] {dag.py:3229} INFO - Sync 1 DAGs
[2025-08-20T20:23:30.167+0000] {logging_mixin.py:190} INFO - [2025-08-20T20:23:30.167+0000] {dag.py:4156} INFO - Setting next_dagrun for latest_only to 2025-08-20 16:00:00+00:00, run_after=2025-08-20 20:00:00+00:00
[2025-08-20T20:23:30.180+0000] {processor.py:208} INFO - Processing /home/airflow/.local/lib/python3.12/site-packages/airflow/example_dags/example_latest_only.py took 0.062 seconds
[2025-08-20T20:24:00.935+0000] {processor.py:186} INFO - Started process (PID=744) to work on /home/airflow/.local/lib/python3.12/site-packages/airflow/example_dags/example_latest_only.py
[2025-08-20T20:24:00.938+0000] {processor.py:914} INFO - Processing file /home/airflow/.local/lib/python3.12/site-packages/airflow/example_dags/example_latest_only.py for tasks to queue
[2025-08-20T20:24:00.940+0000] {logging_mixin.py:190} INFO - [2025-08-20T20:24:00.940+0000] {dagbag.py:587} INFO - Filling up the DagBag from /home/airflow/.local/lib/python3.12/site-packages/airflow/example_dags/example_latest_only.py
[2025-08-20T20:24:00.954+0000] {processor.py:925} INFO - DAG(s) 'latest_only' retrieved from /home/airflow/.local/lib/python3.12/site-packages/airflow/example_dags/example_latest_only.py
[2025-08-20T20:24:00.984+0000] {logging_mixin.py:190} INFO - [2025-08-20T20:24:00.984+0000] {dag.py:3229} INFO - Sync 1 DAGs
[2025-08-20T20:24:01.010+0000] {logging_mixin.py:190} INFO - [2025-08-20T20:24:01.010+0000] {dag.py:4156} INFO - Setting next_dagrun for latest_only to 2025-08-20 16:00:00+00:00, run_after=2025-08-20 20:00:00+00:00
[2025-08-20T20:24:01.028+0000] {processor.py:208} INFO - Processing /home/airflow/.local/lib/python3.12/site-packages/airflow/example_dags/example_latest_only.py took 0.100 seconds
[2025-08-20T20:24:32.279+0000] {processor.py:186} INFO - Started process (PID=810) to work on /home/airflow/.local/lib/python3.12/site-packages/airflow/example_dags/example_latest_only.py
[2025-08-20T20:24:32.281+0000] {processor.py:914} INFO - Processing file /home/airflow/.local/lib/python3.12/site-packages/airflow/example_dags/example_latest_only.py for tasks to queue
[2025-08-20T20:24:32.283+0000] {logging_mixin.py:190} INFO - [2025-08-20T20:24:32.283+0000] {dagbag.py:587} INFO - Filling up the DagBag from /home/airflow/.local/lib/python3.12/site-packages/airflow/example_dags/example_latest_only.py
[2025-08-20T20:24:32.288+0000] {processor.py:925} INFO - DAG(s) 'latest_only' retrieved from /home/airflow/.local/lib/python3.12/site-packages/airflow/example_dags/example_latest_only.py
[2025-08-20T20:24:32.304+0000] {logging_mixin.py:190} INFO - [2025-08-20T20:24:32.303+0000] {dag.py:3229} INFO - Sync 1 DAGs
[2025-08-20T20:24:32.320+0000] {logging_mixin.py:190} INFO - [2025-08-20T20:24:32.320+0000] {dag.py:4156} INFO - Setting next_dagrun for latest_only to 2025-08-20 16:00:00+00:00, run_after=2025-08-20 20:00:00+00:00
[2025-08-20T20:24:32.331+0000] {processor.py:208} INFO - Processing /home/airflow/.local/lib/python3.12/site-packages/airflow/example_dags/example_latest_only.py took 0.056 seconds
[2025-08-20T20:25:05.202+0000] {processor.py:186} INFO - Started process (PID=875) to work on /home/airflow/.local/lib/python3.12/site-packages/airflow/example_dags/example_latest_only.py
[2025-08-20T20:25:05.204+0000] {processor.py:914} INFO - Processing file /home/airflow/.local/lib/python3.12/site-packages/airflow/example_dags/example_latest_only.py for tasks to queue
[2025-08-20T20:25:05.216+0000] {logging_mixin.py:190} INFO - [2025-08-20T20:25:05.215+0000] {dagbag.py:587} INFO - Filling up the DagBag from /home/airflow/.local/lib/python3.12/site-packages/airflow/example_dags/example_latest_only.py
[2025-08-20T20:25:05.265+0000] {processor.py:925} INFO - DAG(s) 'latest_only' retrieved from /home/airflow/.local/lib/python3.12/site-packages/airflow/example_dags/example_latest_only.py
[2025-08-20T20:25:05.337+0000] {logging_mixin.py:190} INFO - [2025-08-20T20:25:05.337+0000] {dag.py:3229} INFO - Sync 1 DAGs
[2025-08-20T20:25:05.389+0000] {logging_mixin.py:190} INFO - [2025-08-20T20:25:05.388+0000] {dag.py:4156} INFO - Setting next_dagrun for latest_only to 2025-08-20 16:00:00+00:00, run_after=2025-08-20 20:00:00+00:00
[2025-08-20T20:25:05.409+0000] {processor.py:208} INFO - Processing /home/airflow/.local/lib/python3.12/site-packages/airflow/example_dags/example_latest_only.py took 0.228 seconds
[2025-08-20T20:25:36.415+0000] {processor.py:186} INFO - Started process (PID=938) to work on /home/airflow/.local/lib/python3.12/site-packages/airflow/example_dags/example_latest_only.py
[2025-08-20T20:25:36.416+0000] {processor.py:914} INFO - Processing file /home/airflow/.local/lib/python3.12/site-packages/airflow/example_dags/example_latest_only.py for tasks to queue
[2025-08-20T20:25:36.419+0000] {logging_mixin.py:190} INFO - [2025-08-20T20:25:36.418+0000] {dagbag.py:587} INFO - Filling up the DagBag from /home/airflow/.local/lib/python3.12/site-packages/airflow/example_dags/example_latest_only.py
[2025-08-20T20:25:36.436+0000] {processor.py:925} INFO - DAG(s) 'latest_only' retrieved from /home/airflow/.local/lib/python3.12/site-packages/airflow/example_dags/example_latest_only.py
[2025-08-20T20:25:36.472+0000] {logging_mixin.py:190} INFO - [2025-08-20T20:25:36.472+0000] {dag.py:3229} INFO - Sync 1 DAGs
[2025-08-20T20:25:36.519+0000] {logging_mixin.py:190} INFO - [2025-08-20T20:25:36.519+0000] {dag.py:4156} INFO - Setting next_dagrun for latest_only to 2025-08-20 16:00:00+00:00, run_after=2025-08-20 20:00:00+00:00
[2025-08-20T20:25:36.554+0000] {processor.py:208} INFO - Processing /home/airflow/.local/lib/python3.12/site-packages/airflow/example_dags/example_latest_only.py took 0.146 seconds
[2025-08-20T20:26:07.512+0000] {processor.py:186} INFO - Started process (PID=1000) to work on /home/airflow/.local/lib/python3.12/site-packages/airflow/example_dags/example_latest_only.py
[2025-08-20T20:26:07.515+0000] {processor.py:914} INFO - Processing file /home/airflow/.local/lib/python3.12/site-packages/airflow/example_dags/example_latest_only.py for tasks to queue
[2025-08-20T20:26:07.522+0000] {logging_mixin.py:190} INFO - [2025-08-20T20:26:07.522+0000] {dagbag.py:587} INFO - Filling up the DagBag from /home/airflow/.local/lib/python3.12/site-packages/airflow/example_dags/example_latest_only.py
[2025-08-20T20:26:07.537+0000] {processor.py:925} INFO - DAG(s) 'latest_only' retrieved from /home/airflow/.local/lib/python3.12/site-packages/airflow/example_dags/example_latest_only.py
[2025-08-20T20:26:07.594+0000] {logging_mixin.py:190} INFO - [2025-08-20T20:26:07.593+0000] {dag.py:3229} INFO - Sync 1 DAGs
[2025-08-20T20:26:07.624+0000] {logging_mixin.py:190} INFO - [2025-08-20T20:26:07.624+0000] {dag.py:4156} INFO - Setting next_dagrun for latest_only to 2025-08-20 16:00:00+00:00, run_after=2025-08-20 20:00:00+00:00
[2025-08-20T20:26:07.646+0000] {processor.py:208} INFO - Processing /home/airflow/.local/lib/python3.12/site-packages/airflow/example_dags/example_latest_only.py took 0.142 seconds
[2025-08-20T20:26:37.725+0000] {processor.py:186} INFO - Started process (PID=1061) to work on /home/airflow/.local/lib/python3.12/site-packages/airflow/example_dags/example_latest_only.py
[2025-08-20T20:26:37.726+0000] {processor.py:914} INFO - Processing file /home/airflow/.local/lib/python3.12/site-packages/airflow/example_dags/example_latest_only.py for tasks to queue
[2025-08-20T20:26:37.728+0000] {logging_mixin.py:190} INFO - [2025-08-20T20:26:37.728+0000] {dagbag.py:587} INFO - Filling up the DagBag from /home/airflow/.local/lib/python3.12/site-packages/airflow/example_dags/example_latest_only.py
[2025-08-20T20:26:37.743+0000] {processor.py:925} INFO - DAG(s) 'latest_only' retrieved from /home/airflow/.local/lib/python3.12/site-packages/airflow/example_dags/example_latest_only.py
[2025-08-20T20:26:37.772+0000] {logging_mixin.py:190} INFO - [2025-08-20T20:26:37.771+0000] {dag.py:3229} INFO - Sync 1 DAGs
[2025-08-20T20:26:37.793+0000] {logging_mixin.py:190} INFO - [2025-08-20T20:26:37.793+0000] {dag.py:4156} INFO - Setting next_dagrun for latest_only to 2025-08-20 16:00:00+00:00, run_after=2025-08-20 20:00:00+00:00
[2025-08-20T20:26:37.802+0000] {processor.py:208} INFO - Processing /home/airflow/.local/lib/python3.12/site-packages/airflow/example_dags/example_latest_only.py took 0.084 seconds
