[2025-08-20T20:18:29.761+0000] {processor.py:186} INFO - Started process (PID=101) to work on /home/airflow/.local/lib/python3.12/site-packages/airflow/example_dags/example_task_group.py
[2025-08-20T20:18:29.764+0000] {processor.py:914} INFO - Processing file /home/airflow/.local/lib/python3.12/site-packages/airflow/example_dags/example_task_group.py for tasks to queue
[2025-08-20T20:18:29.785+0000] {logging_mixin.py:190} INFO - [2025-08-20T20:18:29.783+0000] {dagbag.py:587} INFO - Filling up the DagBag from /home/airflow/.local/lib/python3.12/site-packages/airflow/example_dags/example_task_group.py
[2025-08-20T20:18:29.830+0000] {processor.py:925} INFO - DAG(s) 'example_task_group' retrieved from /home/airflow/.local/lib/python3.12/site-packages/airflow/example_dags/example_task_group.py
[2025-08-20T20:18:30.324+0000] {logging_mixin.py:190} INFO - [2025-08-20T20:18:30.318+0000] {override.py:1900} INFO - Created Permission View: can read on DAG:example_task_group
[2025-08-20T20:18:30.354+0000] {logging_mixin.py:190} INFO - [2025-08-20T20:18:30.353+0000] {override.py:1900} INFO - Created Permission View: can delete on DAG:example_task_group
[2025-08-20T20:18:30.381+0000] {logging_mixin.py:190} INFO - [2025-08-20T20:18:30.379+0000] {override.py:1900} INFO - Created Permission View: can edit on DAG:example_task_group
[2025-08-20T20:18:30.392+0000] {logging_mixin.py:190} INFO - [2025-08-20T20:18:30.391+0000] {override.py:1900} INFO - Created Permission View: can read on DAG Run:example_task_group
[2025-08-20T20:18:30.399+0000] {logging_mixin.py:190} INFO - [2025-08-20T20:18:30.399+0000] {override.py:1900} INFO - Created Permission View: menu access on DAG Run:example_task_group
[2025-08-20T20:18:30.403+0000] {logging_mixin.py:190} INFO - [2025-08-20T20:18:30.403+0000] {override.py:1900} INFO - Created Permission View: can delete on DAG Run:example_task_group
[2025-08-20T20:18:30.415+0000] {logging_mixin.py:190} INFO - [2025-08-20T20:18:30.415+0000] {override.py:1900} INFO - Created Permission View: can create on DAG Run:example_task_group
[2025-08-20T20:18:30.417+0000] {logging_mixin.py:190} INFO - [2025-08-20T20:18:30.417+0000] {dag.py:3229} INFO - Sync 1 DAGs
[2025-08-20T20:18:30.490+0000] {logging_mixin.py:190} INFO - [2025-08-20T20:18:30.490+0000] {dag.py:3252} INFO - Creating ORM DAG for example_task_group
[2025-08-20T20:18:30.505+0000] {logging_mixin.py:190} INFO - [2025-08-20T20:18:30.505+0000] {dag.py:4156} INFO - Setting next_dagrun for example_task_group to None, run_after=None
[2025-08-20T20:18:30.567+0000] {processor.py:208} INFO - Processing /home/airflow/.local/lib/python3.12/site-packages/airflow/example_dags/example_task_group.py took 0.838 seconds
[2025-08-20T20:19:00.772+0000] {processor.py:186} INFO - Started process (PID=162) to work on /home/airflow/.local/lib/python3.12/site-packages/airflow/example_dags/example_task_group.py
[2025-08-20T20:19:00.775+0000] {processor.py:914} INFO - Processing file /home/airflow/.local/lib/python3.12/site-packages/airflow/example_dags/example_task_group.py for tasks to queue
[2025-08-20T20:19:00.777+0000] {logging_mixin.py:190} INFO - [2025-08-20T20:19:00.777+0000] {dagbag.py:587} INFO - Filling up the DagBag from /home/airflow/.local/lib/python3.12/site-packages/airflow/example_dags/example_task_group.py
[2025-08-20T20:19:00.784+0000] {processor.py:925} INFO - DAG(s) 'example_task_group' retrieved from /home/airflow/.local/lib/python3.12/site-packages/airflow/example_dags/example_task_group.py
[2025-08-20T20:19:00.811+0000] {logging_mixin.py:190} INFO - [2025-08-20T20:19:00.810+0000] {dag.py:3229} INFO - Sync 1 DAGs
[2025-08-20T20:19:00.825+0000] {logging_mixin.py:190} INFO - [2025-08-20T20:19:00.824+0000] {dag.py:4156} INFO - Setting next_dagrun for example_task_group to None, run_after=None
[2025-08-20T20:19:00.841+0000] {processor.py:208} INFO - Processing /home/airflow/.local/lib/python3.12/site-packages/airflow/example_dags/example_task_group.py took 0.077 seconds
[2025-08-20T20:19:31.760+0000] {processor.py:186} INFO - Started process (PID=224) to work on /home/airflow/.local/lib/python3.12/site-packages/airflow/example_dags/example_task_group.py
[2025-08-20T20:19:31.768+0000] {processor.py:914} INFO - Processing file /home/airflow/.local/lib/python3.12/site-packages/airflow/example_dags/example_task_group.py for tasks to queue
[2025-08-20T20:19:31.785+0000] {logging_mixin.py:190} INFO - [2025-08-20T20:19:31.784+0000] {dagbag.py:587} INFO - Filling up the DagBag from /home/airflow/.local/lib/python3.12/site-packages/airflow/example_dags/example_task_group.py
[2025-08-20T20:19:31.926+0000] {processor.py:925} INFO - DAG(s) 'example_task_group' retrieved from /home/airflow/.local/lib/python3.12/site-packages/airflow/example_dags/example_task_group.py
[2025-08-20T20:19:31.999+0000] {logging_mixin.py:190} INFO - [2025-08-20T20:19:31.998+0000] {dag.py:3229} INFO - Sync 1 DAGs
[2025-08-20T20:19:32.016+0000] {logging_mixin.py:190} INFO - [2025-08-20T20:19:32.016+0000] {dag.py:4156} INFO - Setting next_dagrun for example_task_group to None, run_after=None
[2025-08-20T20:19:32.039+0000] {processor.py:208} INFO - Processing /home/airflow/.local/lib/python3.12/site-packages/airflow/example_dags/example_task_group.py took 0.308 seconds
[2025-08-20T20:20:03.046+0000] {processor.py:186} INFO - Started process (PID=286) to work on /home/airflow/.local/lib/python3.12/site-packages/airflow/example_dags/example_task_group.py
[2025-08-20T20:20:03.052+0000] {processor.py:914} INFO - Processing file /home/airflow/.local/lib/python3.12/site-packages/airflow/example_dags/example_task_group.py for tasks to queue
[2025-08-20T20:20:03.059+0000] {logging_mixin.py:190} INFO - [2025-08-20T20:20:03.059+0000] {dagbag.py:587} INFO - Filling up the DagBag from /home/airflow/.local/lib/python3.12/site-packages/airflow/example_dags/example_task_group.py
[2025-08-20T20:20:03.101+0000] {processor.py:925} INFO - DAG(s) 'example_task_group' retrieved from /home/airflow/.local/lib/python3.12/site-packages/airflow/example_dags/example_task_group.py
[2025-08-20T20:20:03.175+0000] {logging_mixin.py:190} INFO - [2025-08-20T20:20:03.174+0000] {dag.py:3229} INFO - Sync 1 DAGs
[2025-08-20T20:20:03.199+0000] {logging_mixin.py:190} INFO - [2025-08-20T20:20:03.198+0000] {dag.py:4156} INFO - Setting next_dagrun for example_task_group to None, run_after=None
[2025-08-20T20:20:03.233+0000] {processor.py:208} INFO - Processing /home/airflow/.local/lib/python3.12/site-packages/airflow/example_dags/example_task_group.py took 0.208 seconds
[2025-08-20T20:20:41.327+0000] {processor.py:186} INFO - Started process (PID=348) to work on /home/airflow/.local/lib/python3.12/site-packages/airflow/example_dags/example_task_group.py
[2025-08-20T20:20:41.332+0000] {processor.py:914} INFO - Processing file /home/airflow/.local/lib/python3.12/site-packages/airflow/example_dags/example_task_group.py for tasks to queue
[2025-08-20T20:20:41.337+0000] {logging_mixin.py:190} INFO - [2025-08-20T20:20:41.337+0000] {dagbag.py:587} INFO - Filling up the DagBag from /home/airflow/.local/lib/python3.12/site-packages/airflow/example_dags/example_task_group.py
[2025-08-20T20:20:41.350+0000] {processor.py:925} INFO - DAG(s) 'example_task_group' retrieved from /home/airflow/.local/lib/python3.12/site-packages/airflow/example_dags/example_task_group.py
[2025-08-20T20:20:41.381+0000] {logging_mixin.py:190} INFO - [2025-08-20T20:20:41.380+0000] {dag.py:3229} INFO - Sync 1 DAGs
[2025-08-20T20:20:41.395+0000] {logging_mixin.py:190} INFO - [2025-08-20T20:20:41.395+0000] {dag.py:4156} INFO - Setting next_dagrun for example_task_group to None, run_after=None
[2025-08-20T20:20:41.419+0000] {processor.py:208} INFO - Processing /home/airflow/.local/lib/python3.12/site-packages/airflow/example_dags/example_task_group.py took 0.109 seconds
[2025-08-20T20:21:15.697+0000] {processor.py:186} INFO - Started process (PID=411) to work on /home/airflow/.local/lib/python3.12/site-packages/airflow/example_dags/example_task_group.py
[2025-08-20T20:21:15.704+0000] {processor.py:914} INFO - Processing file /home/airflow/.local/lib/python3.12/site-packages/airflow/example_dags/example_task_group.py for tasks to queue
[2025-08-20T20:21:15.709+0000] {logging_mixin.py:190} INFO - [2025-08-20T20:21:15.707+0000] {dagbag.py:587} INFO - Filling up the DagBag from /home/airflow/.local/lib/python3.12/site-packages/airflow/example_dags/example_task_group.py
[2025-08-20T20:21:15.744+0000] {processor.py:925} INFO - DAG(s) 'example_task_group' retrieved from /home/airflow/.local/lib/python3.12/site-packages/airflow/example_dags/example_task_group.py
[2025-08-20T20:21:15.867+0000] {logging_mixin.py:190} INFO - [2025-08-20T20:21:15.866+0000] {dag.py:3229} INFO - Sync 1 DAGs
[2025-08-20T20:21:15.904+0000] {logging_mixin.py:190} INFO - [2025-08-20T20:21:15.904+0000] {dag.py:4156} INFO - Setting next_dagrun for example_task_group to None, run_after=None
[2025-08-20T20:21:15.938+0000] {processor.py:208} INFO - Processing /home/airflow/.local/lib/python3.12/site-packages/airflow/example_dags/example_task_group.py took 0.269 seconds
[2025-08-20T20:21:49.492+0000] {processor.py:186} INFO - Started process (PID=473) to work on /home/airflow/.local/lib/python3.12/site-packages/airflow/example_dags/example_task_group.py
[2025-08-20T20:21:49.494+0000] {processor.py:914} INFO - Processing file /home/airflow/.local/lib/python3.12/site-packages/airflow/example_dags/example_task_group.py for tasks to queue
[2025-08-20T20:21:49.497+0000] {logging_mixin.py:190} INFO - [2025-08-20T20:21:49.497+0000] {dagbag.py:587} INFO - Filling up the DagBag from /home/airflow/.local/lib/python3.12/site-packages/airflow/example_dags/example_task_group.py
[2025-08-20T20:21:49.534+0000] {processor.py:925} INFO - DAG(s) 'example_task_group' retrieved from /home/airflow/.local/lib/python3.12/site-packages/airflow/example_dags/example_task_group.py
[2025-08-20T20:21:49.586+0000] {logging_mixin.py:190} INFO - [2025-08-20T20:21:49.586+0000] {dag.py:3229} INFO - Sync 1 DAGs
[2025-08-20T20:21:49.621+0000] {logging_mixin.py:190} INFO - [2025-08-20T20:21:49.620+0000] {dag.py:4156} INFO - Setting next_dagrun for example_task_group to None, run_after=None
[2025-08-20T20:21:49.661+0000] {processor.py:208} INFO - Processing /home/airflow/.local/lib/python3.12/site-packages/airflow/example_dags/example_task_group.py took 0.176 seconds
[2025-08-20T20:22:21.438+0000] {processor.py:186} INFO - Started process (PID=535) to work on /home/airflow/.local/lib/python3.12/site-packages/airflow/example_dags/example_task_group.py
[2025-08-20T20:22:21.441+0000] {processor.py:914} INFO - Processing file /home/airflow/.local/lib/python3.12/site-packages/airflow/example_dags/example_task_group.py for tasks to queue
[2025-08-20T20:22:21.445+0000] {logging_mixin.py:190} INFO - [2025-08-20T20:22:21.445+0000] {dagbag.py:587} INFO - Filling up the DagBag from /home/airflow/.local/lib/python3.12/site-packages/airflow/example_dags/example_task_group.py
[2025-08-20T20:22:21.476+0000] {processor.py:925} INFO - DAG(s) 'example_task_group' retrieved from /home/airflow/.local/lib/python3.12/site-packages/airflow/example_dags/example_task_group.py
[2025-08-20T20:22:21.558+0000] {logging_mixin.py:190} INFO - [2025-08-20T20:22:21.558+0000] {dag.py:3229} INFO - Sync 1 DAGs
[2025-08-20T20:22:21.597+0000] {logging_mixin.py:190} INFO - [2025-08-20T20:22:21.596+0000] {dag.py:4156} INFO - Setting next_dagrun for example_task_group to None, run_after=None
[2025-08-20T20:22:21.643+0000] {processor.py:208} INFO - Processing /home/airflow/.local/lib/python3.12/site-packages/airflow/example_dags/example_task_group.py took 0.220 seconds
[2025-08-20T20:22:53.267+0000] {processor.py:186} INFO - Started process (PID=597) to work on /home/airflow/.local/lib/python3.12/site-packages/airflow/example_dags/example_task_group.py
[2025-08-20T20:22:53.269+0000] {processor.py:914} INFO - Processing file /home/airflow/.local/lib/python3.12/site-packages/airflow/example_dags/example_task_group.py for tasks to queue
[2025-08-20T20:22:53.273+0000] {logging_mixin.py:190} INFO - [2025-08-20T20:22:53.273+0000] {dagbag.py:587} INFO - Filling up the DagBag from /home/airflow/.local/lib/python3.12/site-packages/airflow/example_dags/example_task_group.py
[2025-08-20T20:22:53.290+0000] {processor.py:925} INFO - DAG(s) 'example_task_group' retrieved from /home/airflow/.local/lib/python3.12/site-packages/airflow/example_dags/example_task_group.py
[2025-08-20T20:22:53.334+0000] {logging_mixin.py:190} INFO - [2025-08-20T20:22:53.333+0000] {dag.py:3229} INFO - Sync 1 DAGs
[2025-08-20T20:22:53.352+0000] {logging_mixin.py:190} INFO - [2025-08-20T20:22:53.352+0000] {dag.py:4156} INFO - Setting next_dagrun for example_task_group to None, run_after=None
[2025-08-20T20:22:53.373+0000] {processor.py:208} INFO - Processing /home/airflow/.local/lib/python3.12/site-packages/airflow/example_dags/example_task_group.py took 0.120 seconds
[2025-08-20T20:23:27.096+0000] {processor.py:186} INFO - Started process (PID=659) to work on /home/airflow/.local/lib/python3.12/site-packages/airflow/example_dags/example_task_group.py
[2025-08-20T20:23:27.098+0000] {processor.py:914} INFO - Processing file /home/airflow/.local/lib/python3.12/site-packages/airflow/example_dags/example_task_group.py for tasks to queue
[2025-08-20T20:23:27.104+0000] {logging_mixin.py:190} INFO - [2025-08-20T20:23:27.104+0000] {dagbag.py:587} INFO - Filling up the DagBag from /home/airflow/.local/lib/python3.12/site-packages/airflow/example_dags/example_task_group.py
[2025-08-20T20:23:27.123+0000] {processor.py:925} INFO - DAG(s) 'example_task_group' retrieved from /home/airflow/.local/lib/python3.12/site-packages/airflow/example_dags/example_task_group.py
[2025-08-20T20:23:27.211+0000] {logging_mixin.py:190} INFO - [2025-08-20T20:23:27.209+0000] {dag.py:3229} INFO - Sync 1 DAGs
[2025-08-20T20:23:27.286+0000] {logging_mixin.py:190} INFO - [2025-08-20T20:23:27.285+0000] {dag.py:4156} INFO - Setting next_dagrun for example_task_group to None, run_after=None
[2025-08-20T20:23:27.348+0000] {processor.py:208} INFO - Processing /home/airflow/.local/lib/python3.12/site-packages/airflow/example_dags/example_task_group.py took 0.271 seconds
[2025-08-20T20:23:58.017+0000] {processor.py:186} INFO - Started process (PID=721) to work on /home/airflow/.local/lib/python3.12/site-packages/airflow/example_dags/example_task_group.py
[2025-08-20T20:23:58.019+0000] {processor.py:914} INFO - Processing file /home/airflow/.local/lib/python3.12/site-packages/airflow/example_dags/example_task_group.py for tasks to queue
[2025-08-20T20:23:58.021+0000] {logging_mixin.py:190} INFO - [2025-08-20T20:23:58.021+0000] {dagbag.py:587} INFO - Filling up the DagBag from /home/airflow/.local/lib/python3.12/site-packages/airflow/example_dags/example_task_group.py
[2025-08-20T20:23:58.029+0000] {processor.py:925} INFO - DAG(s) 'example_task_group' retrieved from /home/airflow/.local/lib/python3.12/site-packages/airflow/example_dags/example_task_group.py
[2025-08-20T20:23:58.049+0000] {logging_mixin.py:190} INFO - [2025-08-20T20:23:58.048+0000] {dag.py:3229} INFO - Sync 1 DAGs
[2025-08-20T20:23:58.059+0000] {logging_mixin.py:190} INFO - [2025-08-20T20:23:58.059+0000] {dag.py:4156} INFO - Setting next_dagrun for example_task_group to None, run_after=None
[2025-08-20T20:23:58.085+0000] {processor.py:208} INFO - Processing /home/airflow/.local/lib/python3.12/site-packages/airflow/example_dags/example_task_group.py took 0.073 seconds
[2025-08-20T20:24:28.437+0000] {processor.py:186} INFO - Started process (PID=783) to work on /home/airflow/.local/lib/python3.12/site-packages/airflow/example_dags/example_task_group.py
[2025-08-20T20:24:28.440+0000] {processor.py:914} INFO - Processing file /home/airflow/.local/lib/python3.12/site-packages/airflow/example_dags/example_task_group.py for tasks to queue
[2025-08-20T20:24:28.441+0000] {logging_mixin.py:190} INFO - [2025-08-20T20:24:28.441+0000] {dagbag.py:587} INFO - Filling up the DagBag from /home/airflow/.local/lib/python3.12/site-packages/airflow/example_dags/example_task_group.py
[2025-08-20T20:24:28.451+0000] {processor.py:925} INFO - DAG(s) 'example_task_group' retrieved from /home/airflow/.local/lib/python3.12/site-packages/airflow/example_dags/example_task_group.py
[2025-08-20T20:24:28.477+0000] {logging_mixin.py:190} INFO - [2025-08-20T20:24:28.477+0000] {dag.py:3229} INFO - Sync 1 DAGs
[2025-08-20T20:24:28.490+0000] {logging_mixin.py:190} INFO - [2025-08-20T20:24:28.490+0000] {dag.py:4156} INFO - Setting next_dagrun for example_task_group to None, run_after=None
[2025-08-20T20:24:28.505+0000] {processor.py:208} INFO - Processing /home/airflow/.local/lib/python3.12/site-packages/airflow/example_dags/example_task_group.py took 0.078 seconds
[2025-08-20T20:24:59.396+0000] {processor.py:186} INFO - Started process (PID=844) to work on /home/airflow/.local/lib/python3.12/site-packages/airflow/example_dags/example_task_group.py
[2025-08-20T20:24:59.399+0000] {processor.py:914} INFO - Processing file /home/airflow/.local/lib/python3.12/site-packages/airflow/example_dags/example_task_group.py for tasks to queue
[2025-08-20T20:24:59.406+0000] {logging_mixin.py:190} INFO - [2025-08-20T20:24:59.406+0000] {dagbag.py:587} INFO - Filling up the DagBag from /home/airflow/.local/lib/python3.12/site-packages/airflow/example_dags/example_task_group.py
[2025-08-20T20:24:59.425+0000] {processor.py:925} INFO - DAG(s) 'example_task_group' retrieved from /home/airflow/.local/lib/python3.12/site-packages/airflow/example_dags/example_task_group.py
[2025-08-20T20:24:59.464+0000] {logging_mixin.py:190} INFO - [2025-08-20T20:24:59.463+0000] {dag.py:3229} INFO - Sync 1 DAGs
[2025-08-20T20:24:59.483+0000] {logging_mixin.py:190} INFO - [2025-08-20T20:24:59.483+0000] {dag.py:4156} INFO - Setting next_dagrun for example_task_group to None, run_after=None
[2025-08-20T20:24:59.518+0000] {processor.py:208} INFO - Processing /home/airflow/.local/lib/python3.12/site-packages/airflow/example_dags/example_task_group.py took 0.132 seconds
[2025-08-20T20:25:30.471+0000] {processor.py:186} INFO - Started process (PID=907) to work on /home/airflow/.local/lib/python3.12/site-packages/airflow/example_dags/example_task_group.py
[2025-08-20T20:25:30.472+0000] {processor.py:914} INFO - Processing file /home/airflow/.local/lib/python3.12/site-packages/airflow/example_dags/example_task_group.py for tasks to queue
[2025-08-20T20:25:30.473+0000] {logging_mixin.py:190} INFO - [2025-08-20T20:25:30.473+0000] {dagbag.py:587} INFO - Filling up the DagBag from /home/airflow/.local/lib/python3.12/site-packages/airflow/example_dags/example_task_group.py
[2025-08-20T20:25:30.478+0000] {processor.py:925} INFO - DAG(s) 'example_task_group' retrieved from /home/airflow/.local/lib/python3.12/site-packages/airflow/example_dags/example_task_group.py
[2025-08-20T20:25:30.497+0000] {logging_mixin.py:190} INFO - [2025-08-20T20:25:30.497+0000] {dag.py:3229} INFO - Sync 1 DAGs
[2025-08-20T20:25:30.507+0000] {logging_mixin.py:190} INFO - [2025-08-20T20:25:30.507+0000] {dag.py:4156} INFO - Setting next_dagrun for example_task_group to None, run_after=None
[2025-08-20T20:25:30.522+0000] {processor.py:208} INFO - Processing /home/airflow/.local/lib/python3.12/site-packages/airflow/example_dags/example_task_group.py took 0.054 seconds
[2025-08-20T20:26:02.294+0000] {processor.py:186} INFO - Started process (PID=969) to work on /home/airflow/.local/lib/python3.12/site-packages/airflow/example_dags/example_task_group.py
[2025-08-20T20:26:02.295+0000] {processor.py:914} INFO - Processing file /home/airflow/.local/lib/python3.12/site-packages/airflow/example_dags/example_task_group.py for tasks to queue
[2025-08-20T20:26:02.298+0000] {logging_mixin.py:190} INFO - [2025-08-20T20:26:02.298+0000] {dagbag.py:587} INFO - Filling up the DagBag from /home/airflow/.local/lib/python3.12/site-packages/airflow/example_dags/example_task_group.py
[2025-08-20T20:26:02.309+0000] {processor.py:925} INFO - DAG(s) 'example_task_group' retrieved from /home/airflow/.local/lib/python3.12/site-packages/airflow/example_dags/example_task_group.py
[2025-08-20T20:26:02.379+0000] {logging_mixin.py:190} INFO - [2025-08-20T20:26:02.378+0000] {dag.py:3229} INFO - Sync 1 DAGs
[2025-08-20T20:26:02.424+0000] {logging_mixin.py:190} INFO - [2025-08-20T20:26:02.423+0000] {dag.py:4156} INFO - Setting next_dagrun for example_task_group to None, run_after=None
[2025-08-20T20:26:02.493+0000] {processor.py:208} INFO - Processing /home/airflow/.local/lib/python3.12/site-packages/airflow/example_dags/example_task_group.py took 0.211 seconds
[2025-08-20T20:26:33.598+0000] {processor.py:186} INFO - Started process (PID=1035) to work on /home/airflow/.local/lib/python3.12/site-packages/airflow/example_dags/example_task_group.py
[2025-08-20T20:26:33.599+0000] {processor.py:914} INFO - Processing file /home/airflow/.local/lib/python3.12/site-packages/airflow/example_dags/example_task_group.py for tasks to queue
[2025-08-20T20:26:33.603+0000] {logging_mixin.py:190} INFO - [2025-08-20T20:26:33.603+0000] {dagbag.py:587} INFO - Filling up the DagBag from /home/airflow/.local/lib/python3.12/site-packages/airflow/example_dags/example_task_group.py
[2025-08-20T20:26:33.619+0000] {processor.py:925} INFO - DAG(s) 'example_task_group' retrieved from /home/airflow/.local/lib/python3.12/site-packages/airflow/example_dags/example_task_group.py
[2025-08-20T20:26:33.648+0000] {logging_mixin.py:190} INFO - [2025-08-20T20:26:33.648+0000] {dag.py:3229} INFO - Sync 1 DAGs
[2025-08-20T20:26:33.673+0000] {logging_mixin.py:190} INFO - [2025-08-20T20:26:33.673+0000] {dag.py:4156} INFO - Setting next_dagrun for example_task_group to None, run_after=None
[2025-08-20T20:26:33.705+0000] {processor.py:208} INFO - Processing /home/airflow/.local/lib/python3.12/site-packages/airflow/example_dags/example_task_group.py took 0.128 seconds
