[2025-08-20T20:18:23.870+0000] {processor.py:186} INFO - Started process (PID=88) to work on /home/airflow/.local/lib/python3.12/site-packages/airflow/example_dags/example_dataset_alias.py
[2025-08-20T20:18:23.878+0000] {processor.py:914} INFO - Processing file /home/airflow/.local/lib/python3.12/site-packages/airflow/example_dags/example_dataset_alias.py for tasks to queue
[2025-08-20T20:18:23.902+0000] {logging_mixin.py:190} INFO - [2025-08-20T20:18:23.895+0000] {dagbag.py:587} INFO - Filling up the DagBag from /home/airflow/.local/lib/python3.12/site-packages/airflow/example_dags/example_dataset_alias.py
[2025-08-20T20:18:25.349+0000] {processor.py:925} INFO - DAG(s) 'dataset_alias_example_alias_consumer', 'dataset_alias_example_alias_producer', 'dataset_s3_bucket_producer', 'dataset_s3_bucket_consumer' retrieved from /home/airflow/.local/lib/python3.12/site-packages/airflow/example_dags/example_dataset_alias.py
[2025-08-20T20:18:25.948+0000] {logging_mixin.py:190} INFO - [2025-08-20T20:18:25.942+0000] {override.py:1900} INFO - Created Permission View: can read on DAG:dataset_alias_example_alias_consumer
[2025-08-20T20:18:26.008+0000] {logging_mixin.py:190} INFO - [2025-08-20T20:18:26.008+0000] {override.py:1900} INFO - Created Permission View: can delete on DAG:dataset_alias_example_alias_consumer
[2025-08-20T20:18:26.051+0000] {logging_mixin.py:190} INFO - [2025-08-20T20:18:26.050+0000] {override.py:1900} INFO - Created Permission View: can edit on DAG:dataset_alias_example_alias_consumer
[2025-08-20T20:18:26.100+0000] {logging_mixin.py:190} INFO - [2025-08-20T20:18:26.100+0000] {override.py:1900} INFO - Created Permission View: can read on DAG Run:dataset_alias_example_alias_consumer
[2025-08-20T20:18:26.143+0000] {logging_mixin.py:190} INFO - [2025-08-20T20:18:26.142+0000] {override.py:1900} INFO - Created Permission View: menu access on DAG Run:dataset_alias_example_alias_consumer
[2025-08-20T20:18:26.223+0000] {logging_mixin.py:190} INFO - [2025-08-20T20:18:26.223+0000] {override.py:1900} INFO - Created Permission View: can delete on DAG Run:dataset_alias_example_alias_consumer
[2025-08-20T20:18:26.231+0000] {logging_mixin.py:190} INFO - [2025-08-20T20:18:26.230+0000] {override.py:1900} INFO - Created Permission View: can create on DAG Run:dataset_alias_example_alias_consumer
[2025-08-20T20:18:26.255+0000] {logging_mixin.py:190} INFO - [2025-08-20T20:18:26.254+0000] {override.py:1900} INFO - Created Permission View: can read on DAG:dataset_alias_example_alias_producer
[2025-08-20T20:18:26.269+0000] {logging_mixin.py:190} INFO - [2025-08-20T20:18:26.269+0000] {override.py:1900} INFO - Created Permission View: can delete on DAG:dataset_alias_example_alias_producer
[2025-08-20T20:18:26.312+0000] {logging_mixin.py:190} INFO - [2025-08-20T20:18:26.311+0000] {override.py:1900} INFO - Created Permission View: can edit on DAG:dataset_alias_example_alias_producer
[2025-08-20T20:18:26.327+0000] {logging_mixin.py:190} INFO - [2025-08-20T20:18:26.326+0000] {override.py:1900} INFO - Created Permission View: can read on DAG Run:dataset_alias_example_alias_producer
[2025-08-20T20:18:26.337+0000] {logging_mixin.py:190} INFO - [2025-08-20T20:18:26.336+0000] {override.py:1900} INFO - Created Permission View: menu access on DAG Run:dataset_alias_example_alias_producer
[2025-08-20T20:18:26.346+0000] {logging_mixin.py:190} INFO - [2025-08-20T20:18:26.345+0000] {override.py:1900} INFO - Created Permission View: can delete on DAG Run:dataset_alias_example_alias_producer
[2025-08-20T20:18:26.363+0000] {logging_mixin.py:190} INFO - [2025-08-20T20:18:26.362+0000] {override.py:1900} INFO - Created Permission View: can create on DAG Run:dataset_alias_example_alias_producer
[2025-08-20T20:18:26.384+0000] {logging_mixin.py:190} INFO - [2025-08-20T20:18:26.384+0000] {override.py:1900} INFO - Created Permission View: can read on DAG:dataset_s3_bucket_producer
[2025-08-20T20:18:26.394+0000] {logging_mixin.py:190} INFO - [2025-08-20T20:18:26.394+0000] {override.py:1900} INFO - Created Permission View: can delete on DAG:dataset_s3_bucket_producer
[2025-08-20T20:18:26.409+0000] {logging_mixin.py:190} INFO - [2025-08-20T20:18:26.409+0000] {override.py:1900} INFO - Created Permission View: can edit on DAG:dataset_s3_bucket_producer
[2025-08-20T20:18:26.425+0000] {logging_mixin.py:190} INFO - [2025-08-20T20:18:26.424+0000] {override.py:1900} INFO - Created Permission View: can read on DAG Run:dataset_s3_bucket_producer
[2025-08-20T20:18:26.436+0000] {logging_mixin.py:190} INFO - [2025-08-20T20:18:26.436+0000] {override.py:1900} INFO - Created Permission View: menu access on DAG Run:dataset_s3_bucket_producer
[2025-08-20T20:18:26.455+0000] {logging_mixin.py:190} INFO - [2025-08-20T20:18:26.454+0000] {override.py:1900} INFO - Created Permission View: can delete on DAG Run:dataset_s3_bucket_producer
[2025-08-20T20:18:26.470+0000] {logging_mixin.py:190} INFO - [2025-08-20T20:18:26.469+0000] {override.py:1900} INFO - Created Permission View: can create on DAG Run:dataset_s3_bucket_producer
[2025-08-20T20:18:26.483+0000] {logging_mixin.py:190} INFO - [2025-08-20T20:18:26.482+0000] {override.py:1900} INFO - Created Permission View: can read on DAG:dataset_s3_bucket_consumer
[2025-08-20T20:18:26.501+0000] {logging_mixin.py:190} INFO - [2025-08-20T20:18:26.500+0000] {override.py:1900} INFO - Created Permission View: can delete on DAG:dataset_s3_bucket_consumer
[2025-08-20T20:18:26.518+0000] {logging_mixin.py:190} INFO - [2025-08-20T20:18:26.517+0000] {override.py:1900} INFO - Created Permission View: can edit on DAG:dataset_s3_bucket_consumer
[2025-08-20T20:18:26.538+0000] {logging_mixin.py:190} INFO - [2025-08-20T20:18:26.537+0000] {override.py:1900} INFO - Created Permission View: can read on DAG Run:dataset_s3_bucket_consumer
[2025-08-20T20:18:26.571+0000] {logging_mixin.py:190} INFO - [2025-08-20T20:18:26.570+0000] {override.py:1900} INFO - Created Permission View: menu access on DAG Run:dataset_s3_bucket_consumer
[2025-08-20T20:18:26.596+0000] {logging_mixin.py:190} INFO - [2025-08-20T20:18:26.595+0000] {override.py:1900} INFO - Created Permission View: can delete on DAG Run:dataset_s3_bucket_consumer
[2025-08-20T20:18:26.615+0000] {logging_mixin.py:190} INFO - [2025-08-20T20:18:26.614+0000] {override.py:1900} INFO - Created Permission View: can create on DAG Run:dataset_s3_bucket_consumer
[2025-08-20T20:18:26.617+0000] {logging_mixin.py:190} INFO - [2025-08-20T20:18:26.616+0000] {dag.py:3229} INFO - Sync 4 DAGs
[2025-08-20T20:18:26.685+0000] {logging_mixin.py:190} INFO - [2025-08-20T20:18:26.684+0000] {dag.py:3252} INFO - Creating ORM DAG for dataset_alias_example_alias_producer
[2025-08-20T20:18:26.689+0000] {logging_mixin.py:190} INFO - [2025-08-20T20:18:26.688+0000] {dag.py:3252} INFO - Creating ORM DAG for dataset_s3_bucket_producer
[2025-08-20T20:18:26.691+0000] {logging_mixin.py:190} INFO - [2025-08-20T20:18:26.690+0000] {dag.py:3252} INFO - Creating ORM DAG for dataset_s3_bucket_consumer
[2025-08-20T20:18:26.691+0000] {logging_mixin.py:190} INFO - [2025-08-20T20:18:26.691+0000] {dag.py:3252} INFO - Creating ORM DAG for dataset_alias_example_alias_consumer
[2025-08-20T20:18:26.723+0000] {logging_mixin.py:190} INFO - [2025-08-20T20:18:26.723+0000] {dag.py:4156} INFO - Setting next_dagrun for dataset_alias_example_alias_consumer to None, run_after=None
[2025-08-20T20:18:26.726+0000] {logging_mixin.py:190} INFO - [2025-08-20T20:18:26.726+0000] {dag.py:4156} INFO - Setting next_dagrun for dataset_alias_example_alias_producer to None, run_after=None
[2025-08-20T20:18:26.727+0000] {logging_mixin.py:190} INFO - [2025-08-20T20:18:26.727+0000] {dag.py:4156} INFO - Setting next_dagrun for dataset_s3_bucket_consumer to None, run_after=None
[2025-08-20T20:18:26.728+0000] {logging_mixin.py:190} INFO - [2025-08-20T20:18:26.728+0000] {dag.py:4156} INFO - Setting next_dagrun for dataset_s3_bucket_producer to None, run_after=None
[2025-08-20T20:18:26.850+0000] {processor.py:208} INFO - Processing /home/airflow/.local/lib/python3.12/site-packages/airflow/example_dags/example_dataset_alias.py took 2.994 seconds
[2025-08-20T20:18:57.121+0000] {processor.py:186} INFO - Started process (PID=150) to work on /home/airflow/.local/lib/python3.12/site-packages/airflow/example_dags/example_dataset_alias.py
[2025-08-20T20:18:57.134+0000] {processor.py:914} INFO - Processing file /home/airflow/.local/lib/python3.12/site-packages/airflow/example_dags/example_dataset_alias.py for tasks to queue
[2025-08-20T20:18:57.150+0000] {logging_mixin.py:190} INFO - [2025-08-20T20:18:57.149+0000] {dagbag.py:587} INFO - Filling up the DagBag from /home/airflow/.local/lib/python3.12/site-packages/airflow/example_dags/example_dataset_alias.py
[2025-08-20T20:18:57.825+0000] {processor.py:925} INFO - DAG(s) 'dataset_alias_example_alias_producer', 'dataset_alias_example_alias_consumer', 'dataset_s3_bucket_producer', 'dataset_s3_bucket_consumer' retrieved from /home/airflow/.local/lib/python3.12/site-packages/airflow/example_dags/example_dataset_alias.py
[2025-08-20T20:18:57.892+0000] {logging_mixin.py:190} INFO - [2025-08-20T20:18:57.892+0000] {dag.py:3229} INFO - Sync 4 DAGs
[2025-08-20T20:18:57.942+0000] {logging_mixin.py:190} INFO - [2025-08-20T20:18:57.942+0000] {dag.py:4156} INFO - Setting next_dagrun for dataset_alias_example_alias_consumer to None, run_after=None
[2025-08-20T20:18:57.953+0000] {logging_mixin.py:190} INFO - [2025-08-20T20:18:57.952+0000] {dag.py:4156} INFO - Setting next_dagrun for dataset_alias_example_alias_producer to None, run_after=None
[2025-08-20T20:18:57.956+0000] {logging_mixin.py:190} INFO - [2025-08-20T20:18:57.956+0000] {dag.py:4156} INFO - Setting next_dagrun for dataset_s3_bucket_consumer to None, run_after=None
[2025-08-20T20:18:57.957+0000] {logging_mixin.py:190} INFO - [2025-08-20T20:18:57.957+0000] {dag.py:4156} INFO - Setting next_dagrun for dataset_s3_bucket_producer to None, run_after=None
[2025-08-20T20:18:58.033+0000] {processor.py:208} INFO - Processing /home/airflow/.local/lib/python3.12/site-packages/airflow/example_dags/example_dataset_alias.py took 0.990 seconds
[2025-08-20T20:19:28.775+0000] {processor.py:186} INFO - Started process (PID=212) to work on /home/airflow/.local/lib/python3.12/site-packages/airflow/example_dags/example_dataset_alias.py
[2025-08-20T20:19:28.793+0000] {processor.py:914} INFO - Processing file /home/airflow/.local/lib/python3.12/site-packages/airflow/example_dags/example_dataset_alias.py for tasks to queue
[2025-08-20T20:19:28.863+0000] {logging_mixin.py:190} INFO - [2025-08-20T20:19:28.847+0000] {dagbag.py:587} INFO - Filling up the DagBag from /home/airflow/.local/lib/python3.12/site-packages/airflow/example_dags/example_dataset_alias.py
[2025-08-20T20:19:30.370+0000] {processor.py:925} INFO - DAG(s) 'dataset_alias_example_alias_consumer', 'dataset_s3_bucket_consumer', 'dataset_s3_bucket_producer', 'dataset_alias_example_alias_producer' retrieved from /home/airflow/.local/lib/python3.12/site-packages/airflow/example_dags/example_dataset_alias.py
[2025-08-20T20:19:30.447+0000] {logging_mixin.py:190} INFO - [2025-08-20T20:19:30.441+0000] {dag.py:3229} INFO - Sync 4 DAGs
[2025-08-20T20:19:30.549+0000] {logging_mixin.py:190} INFO - [2025-08-20T20:19:30.549+0000] {dag.py:4156} INFO - Setting next_dagrun for dataset_alias_example_alias_consumer to None, run_after=None
[2025-08-20T20:19:30.853+0000] {logging_mixin.py:190} INFO - [2025-08-20T20:19:30.853+0000] {dag.py:4156} INFO - Setting next_dagrun for dataset_alias_example_alias_producer to None, run_after=None
[2025-08-20T20:19:30.856+0000] {logging_mixin.py:190} INFO - [2025-08-20T20:19:30.856+0000] {dag.py:4156} INFO - Setting next_dagrun for dataset_s3_bucket_consumer to None, run_after=None
[2025-08-20T20:19:30.864+0000] {logging_mixin.py:190} INFO - [2025-08-20T20:19:30.863+0000] {dag.py:4156} INFO - Setting next_dagrun for dataset_s3_bucket_producer to None, run_after=None
[2025-08-20T20:19:30.926+0000] {processor.py:208} INFO - Processing /home/airflow/.local/lib/python3.12/site-packages/airflow/example_dags/example_dataset_alias.py took 2.263 seconds
[2025-08-20T20:20:01.875+0000] {processor.py:186} INFO - Started process (PID=281) to work on /home/airflow/.local/lib/python3.12/site-packages/airflow/example_dags/example_dataset_alias.py
[2025-08-20T20:20:01.885+0000] {processor.py:914} INFO - Processing file /home/airflow/.local/lib/python3.12/site-packages/airflow/example_dags/example_dataset_alias.py for tasks to queue
[2025-08-20T20:20:01.912+0000] {logging_mixin.py:190} INFO - [2025-08-20T20:20:01.908+0000] {dagbag.py:587} INFO - Filling up the DagBag from /home/airflow/.local/lib/python3.12/site-packages/airflow/example_dags/example_dataset_alias.py
[2025-08-20T20:20:02.741+0000] {processor.py:925} INFO - DAG(s) 'dataset_alias_example_alias_producer', 'dataset_alias_example_alias_consumer', 'dataset_s3_bucket_producer', 'dataset_s3_bucket_consumer' retrieved from /home/airflow/.local/lib/python3.12/site-packages/airflow/example_dags/example_dataset_alias.py
[2025-08-20T20:20:02.770+0000] {logging_mixin.py:190} INFO - [2025-08-20T20:20:02.769+0000] {dag.py:3229} INFO - Sync 4 DAGs
[2025-08-20T20:20:02.797+0000] {logging_mixin.py:190} INFO - [2025-08-20T20:20:02.797+0000] {dag.py:4156} INFO - Setting next_dagrun for dataset_alias_example_alias_consumer to None, run_after=None
[2025-08-20T20:20:02.800+0000] {logging_mixin.py:190} INFO - [2025-08-20T20:20:02.799+0000] {dag.py:4156} INFO - Setting next_dagrun for dataset_alias_example_alias_producer to None, run_after=None
[2025-08-20T20:20:02.801+0000] {logging_mixin.py:190} INFO - [2025-08-20T20:20:02.801+0000] {dag.py:4156} INFO - Setting next_dagrun for dataset_s3_bucket_consumer to None, run_after=None
[2025-08-20T20:20:02.802+0000] {logging_mixin.py:190} INFO - [2025-08-20T20:20:02.802+0000] {dag.py:4156} INFO - Setting next_dagrun for dataset_s3_bucket_producer to None, run_after=None
[2025-08-20T20:20:02.829+0000] {processor.py:208} INFO - Processing /home/airflow/.local/lib/python3.12/site-packages/airflow/example_dags/example_dataset_alias.py took 1.023 seconds
[2025-08-20T20:20:38.751+0000] {processor.py:186} INFO - Started process (PID=343) to work on /home/airflow/.local/lib/python3.12/site-packages/airflow/example_dags/example_dataset_alias.py
[2025-08-20T20:20:39.569+0000] {processor.py:914} INFO - Processing file /home/airflow/.local/lib/python3.12/site-packages/airflow/example_dags/example_dataset_alias.py for tasks to queue
[2025-08-20T20:20:40.079+0000] {logging_mixin.py:190} INFO - [2025-08-20T20:20:40.072+0000] {dagbag.py:587} INFO - Filling up the DagBag from /home/airflow/.local/lib/python3.12/site-packages/airflow/example_dags/example_dataset_alias.py
[2025-08-20T20:20:41.011+0000] {processor.py:925} INFO - DAG(s) 'dataset_alias_example_alias_consumer', 'dataset_alias_example_alias_producer', 'dataset_s3_bucket_producer', 'dataset_s3_bucket_consumer' retrieved from /home/airflow/.local/lib/python3.12/site-packages/airflow/example_dags/example_dataset_alias.py
[2025-08-20T20:20:41.063+0000] {logging_mixin.py:190} INFO - [2025-08-20T20:20:41.062+0000] {dag.py:3229} INFO - Sync 4 DAGs
[2025-08-20T20:20:41.109+0000] {logging_mixin.py:190} INFO - [2025-08-20T20:20:41.108+0000] {dag.py:4156} INFO - Setting next_dagrun for dataset_alias_example_alias_consumer to None, run_after=None
[2025-08-20T20:20:41.114+0000] {logging_mixin.py:190} INFO - [2025-08-20T20:20:41.114+0000] {dag.py:4156} INFO - Setting next_dagrun for dataset_alias_example_alias_producer to None, run_after=None
[2025-08-20T20:20:41.116+0000] {logging_mixin.py:190} INFO - [2025-08-20T20:20:41.116+0000] {dag.py:4156} INFO - Setting next_dagrun for dataset_s3_bucket_consumer to None, run_after=None
[2025-08-20T20:20:41.122+0000] {logging_mixin.py:190} INFO - [2025-08-20T20:20:41.121+0000] {dag.py:4156} INFO - Setting next_dagrun for dataset_s3_bucket_producer to None, run_after=None
[2025-08-20T20:20:41.156+0000] {processor.py:208} INFO - Processing /home/airflow/.local/lib/python3.12/site-packages/airflow/example_dags/example_dataset_alias.py took 2.413 seconds
[2025-08-20T20:21:12.935+0000] {processor.py:186} INFO - Started process (PID=407) to work on /home/airflow/.local/lib/python3.12/site-packages/airflow/example_dags/example_dataset_alias.py
[2025-08-20T20:21:12.937+0000] {processor.py:914} INFO - Processing file /home/airflow/.local/lib/python3.12/site-packages/airflow/example_dags/example_dataset_alias.py for tasks to queue
[2025-08-20T20:21:12.942+0000] {logging_mixin.py:190} INFO - [2025-08-20T20:21:12.942+0000] {dagbag.py:587} INFO - Filling up the DagBag from /home/airflow/.local/lib/python3.12/site-packages/airflow/example_dags/example_dataset_alias.py
[2025-08-20T20:21:15.060+0000] {processor.py:925} INFO - DAG(s) 'dataset_alias_example_alias_producer', 'dataset_s3_bucket_consumer', 'dataset_s3_bucket_producer', 'dataset_alias_example_alias_consumer' retrieved from /home/airflow/.local/lib/python3.12/site-packages/airflow/example_dags/example_dataset_alias.py
[2025-08-20T20:21:15.146+0000] {logging_mixin.py:190} INFO - [2025-08-20T20:21:15.144+0000] {dag.py:3229} INFO - Sync 4 DAGs
[2025-08-20T20:21:15.264+0000] {logging_mixin.py:190} INFO - [2025-08-20T20:21:15.264+0000] {dag.py:4156} INFO - Setting next_dagrun for dataset_alias_example_alias_consumer to None, run_after=None
[2025-08-20T20:21:15.280+0000] {logging_mixin.py:190} INFO - [2025-08-20T20:21:15.280+0000] {dag.py:4156} INFO - Setting next_dagrun for dataset_alias_example_alias_producer to None, run_after=None
[2025-08-20T20:21:15.281+0000] {logging_mixin.py:190} INFO - [2025-08-20T20:21:15.281+0000] {dag.py:4156} INFO - Setting next_dagrun for dataset_s3_bucket_consumer to None, run_after=None
[2025-08-20T20:21:15.282+0000] {logging_mixin.py:190} INFO - [2025-08-20T20:21:15.282+0000] {dag.py:4156} INFO - Setting next_dagrun for dataset_s3_bucket_producer to None, run_after=None
[2025-08-20T20:21:15.429+0000] {processor.py:208} INFO - Processing /home/airflow/.local/lib/python3.12/site-packages/airflow/example_dags/example_dataset_alias.py took 2.504 seconds
[2025-08-20T20:21:46.436+0000] {processor.py:186} INFO - Started process (PID=470) to work on /home/airflow/.local/lib/python3.12/site-packages/airflow/example_dags/example_dataset_alias.py
[2025-08-20T20:21:46.447+0000] {processor.py:914} INFO - Processing file /home/airflow/.local/lib/python3.12/site-packages/airflow/example_dags/example_dataset_alias.py for tasks to queue
[2025-08-20T20:21:46.463+0000] {logging_mixin.py:190} INFO - [2025-08-20T20:21:46.462+0000] {dagbag.py:587} INFO - Filling up the DagBag from /home/airflow/.local/lib/python3.12/site-packages/airflow/example_dags/example_dataset_alias.py
[2025-08-20T20:21:48.739+0000] {processor.py:925} INFO - DAG(s) 'dataset_alias_example_alias_producer', 'dataset_s3_bucket_producer', 'dataset_s3_bucket_consumer', 'dataset_alias_example_alias_consumer' retrieved from /home/airflow/.local/lib/python3.12/site-packages/airflow/example_dags/example_dataset_alias.py
[2025-08-20T20:21:48.823+0000] {logging_mixin.py:190} INFO - [2025-08-20T20:21:48.823+0000] {dag.py:3229} INFO - Sync 4 DAGs
[2025-08-20T20:21:48.904+0000] {logging_mixin.py:190} INFO - [2025-08-20T20:21:48.904+0000] {dag.py:4156} INFO - Setting next_dagrun for dataset_alias_example_alias_consumer to None, run_after=None
[2025-08-20T20:21:48.939+0000] {logging_mixin.py:190} INFO - [2025-08-20T20:21:48.937+0000] {dag.py:4156} INFO - Setting next_dagrun for dataset_alias_example_alias_producer to None, run_after=None
[2025-08-20T20:21:48.943+0000] {logging_mixin.py:190} INFO - [2025-08-20T20:21:48.943+0000] {dag.py:4156} INFO - Setting next_dagrun for dataset_s3_bucket_consumer to None, run_after=None
[2025-08-20T20:21:48.944+0000] {logging_mixin.py:190} INFO - [2025-08-20T20:21:48.944+0000] {dag.py:4156} INFO - Setting next_dagrun for dataset_s3_bucket_producer to None, run_after=None
[2025-08-20T20:21:49.078+0000] {processor.py:208} INFO - Processing /home/airflow/.local/lib/python3.12/site-packages/airflow/example_dags/example_dataset_alias.py took 2.683 seconds
[2025-08-20T20:22:20.235+0000] {processor.py:186} INFO - Started process (PID=532) to work on /home/airflow/.local/lib/python3.12/site-packages/airflow/example_dags/example_dataset_alias.py
[2025-08-20T20:22:20.238+0000] {processor.py:914} INFO - Processing file /home/airflow/.local/lib/python3.12/site-packages/airflow/example_dags/example_dataset_alias.py for tasks to queue
[2025-08-20T20:22:20.250+0000] {logging_mixin.py:190} INFO - [2025-08-20T20:22:20.249+0000] {dagbag.py:587} INFO - Filling up the DagBag from /home/airflow/.local/lib/python3.12/site-packages/airflow/example_dags/example_dataset_alias.py
[2025-08-20T20:22:20.896+0000] {processor.py:925} INFO - DAG(s) 'dataset_s3_bucket_consumer', 'dataset_alias_example_alias_producer', 'dataset_alias_example_alias_consumer', 'dataset_s3_bucket_producer' retrieved from /home/airflow/.local/lib/python3.12/site-packages/airflow/example_dags/example_dataset_alias.py
[2025-08-20T20:22:20.955+0000] {logging_mixin.py:190} INFO - [2025-08-20T20:22:20.955+0000] {dag.py:3229} INFO - Sync 4 DAGs
[2025-08-20T20:22:21.121+0000] {logging_mixin.py:190} INFO - [2025-08-20T20:22:21.121+0000] {dag.py:4156} INFO - Setting next_dagrun for dataset_alias_example_alias_consumer to None, run_after=None
[2025-08-20T20:22:21.125+0000] {logging_mixin.py:190} INFO - [2025-08-20T20:22:21.124+0000] {dag.py:4156} INFO - Setting next_dagrun for dataset_alias_example_alias_producer to None, run_after=None
[2025-08-20T20:22:21.126+0000] {logging_mixin.py:190} INFO - [2025-08-20T20:22:21.126+0000] {dag.py:4156} INFO - Setting next_dagrun for dataset_s3_bucket_consumer to None, run_after=None
[2025-08-20T20:22:21.127+0000] {logging_mixin.py:190} INFO - [2025-08-20T20:22:21.127+0000] {dag.py:4156} INFO - Setting next_dagrun for dataset_s3_bucket_producer to None, run_after=None
[2025-08-20T20:22:21.177+0000] {processor.py:208} INFO - Processing /home/airflow/.local/lib/python3.12/site-packages/airflow/example_dags/example_dataset_alias.py took 0.983 seconds
[2025-08-20T20:22:51.713+0000] {processor.py:186} INFO - Started process (PID=594) to work on /home/airflow/.local/lib/python3.12/site-packages/airflow/example_dags/example_dataset_alias.py
[2025-08-20T20:22:51.734+0000] {processor.py:914} INFO - Processing file /home/airflow/.local/lib/python3.12/site-packages/airflow/example_dags/example_dataset_alias.py for tasks to queue
[2025-08-20T20:22:51.765+0000] {logging_mixin.py:190} INFO - [2025-08-20T20:22:51.761+0000] {dagbag.py:587} INFO - Filling up the DagBag from /home/airflow/.local/lib/python3.12/site-packages/airflow/example_dags/example_dataset_alias.py
[2025-08-20T20:22:52.502+0000] {processor.py:925} INFO - DAG(s) 'dataset_s3_bucket_consumer', 'dataset_alias_example_alias_consumer', 'dataset_alias_example_alias_producer', 'dataset_s3_bucket_producer' retrieved from /home/airflow/.local/lib/python3.12/site-packages/airflow/example_dags/example_dataset_alias.py
[2025-08-20T20:22:52.600+0000] {logging_mixin.py:190} INFO - [2025-08-20T20:22:52.599+0000] {dag.py:3229} INFO - Sync 4 DAGs
[2025-08-20T20:22:52.784+0000] {logging_mixin.py:190} INFO - [2025-08-20T20:22:52.783+0000] {dag.py:4156} INFO - Setting next_dagrun for dataset_alias_example_alias_consumer to None, run_after=None
[2025-08-20T20:22:52.791+0000] {logging_mixin.py:190} INFO - [2025-08-20T20:22:52.791+0000] {dag.py:4156} INFO - Setting next_dagrun for dataset_alias_example_alias_producer to None, run_after=None
[2025-08-20T20:22:52.794+0000] {logging_mixin.py:190} INFO - [2025-08-20T20:22:52.794+0000] {dag.py:4156} INFO - Setting next_dagrun for dataset_s3_bucket_consumer to None, run_after=None
[2025-08-20T20:22:52.795+0000] {logging_mixin.py:190} INFO - [2025-08-20T20:22:52.795+0000] {dag.py:4156} INFO - Setting next_dagrun for dataset_s3_bucket_producer to None, run_after=None
[2025-08-20T20:22:52.910+0000] {processor.py:208} INFO - Processing /home/airflow/.local/lib/python3.12/site-packages/airflow/example_dags/example_dataset_alias.py took 1.306 seconds
[2025-08-20T20:23:24.134+0000] {processor.py:186} INFO - Started process (PID=656) to work on /home/airflow/.local/lib/python3.12/site-packages/airflow/example_dags/example_dataset_alias.py
[2025-08-20T20:23:24.148+0000] {processor.py:914} INFO - Processing file /home/airflow/.local/lib/python3.12/site-packages/airflow/example_dags/example_dataset_alias.py for tasks to queue
[2025-08-20T20:23:24.173+0000] {logging_mixin.py:190} INFO - [2025-08-20T20:23:24.172+0000] {dagbag.py:587} INFO - Filling up the DagBag from /home/airflow/.local/lib/python3.12/site-packages/airflow/example_dags/example_dataset_alias.py
[2025-08-20T20:23:25.455+0000] {processor.py:925} INFO - DAG(s) 'dataset_alias_example_alias_consumer', 'dataset_s3_bucket_producer', 'dataset_s3_bucket_consumer', 'dataset_alias_example_alias_producer' retrieved from /home/airflow/.local/lib/python3.12/site-packages/airflow/example_dags/example_dataset_alias.py
[2025-08-20T20:23:26.050+0000] {logging_mixin.py:190} INFO - [2025-08-20T20:23:26.048+0000] {dag.py:3229} INFO - Sync 4 DAGs
[2025-08-20T20:23:26.189+0000] {logging_mixin.py:190} INFO - [2025-08-20T20:23:26.189+0000] {dag.py:4156} INFO - Setting next_dagrun for dataset_alias_example_alias_consumer to None, run_after=None
[2025-08-20T20:23:26.194+0000] {logging_mixin.py:190} INFO - [2025-08-20T20:23:26.194+0000] {dag.py:4156} INFO - Setting next_dagrun for dataset_alias_example_alias_producer to None, run_after=None
[2025-08-20T20:23:26.195+0000] {logging_mixin.py:190} INFO - [2025-08-20T20:23:26.195+0000] {dag.py:4156} INFO - Setting next_dagrun for dataset_s3_bucket_consumer to None, run_after=None
[2025-08-20T20:23:26.196+0000] {logging_mixin.py:190} INFO - [2025-08-20T20:23:26.196+0000] {dag.py:4156} INFO - Setting next_dagrun for dataset_s3_bucket_producer to None, run_after=None
[2025-08-20T20:23:26.300+0000] {processor.py:208} INFO - Processing /home/airflow/.local/lib/python3.12/site-packages/airflow/example_dags/example_dataset_alias.py took 2.241 seconds
[2025-08-20T20:23:57.066+0000] {processor.py:186} INFO - Started process (PID=718) to work on /home/airflow/.local/lib/python3.12/site-packages/airflow/example_dags/example_dataset_alias.py
[2025-08-20T20:23:57.073+0000] {processor.py:914} INFO - Processing file /home/airflow/.local/lib/python3.12/site-packages/airflow/example_dags/example_dataset_alias.py for tasks to queue
[2025-08-20T20:23:57.090+0000] {logging_mixin.py:190} INFO - [2025-08-20T20:23:57.089+0000] {dagbag.py:587} INFO - Filling up the DagBag from /home/airflow/.local/lib/python3.12/site-packages/airflow/example_dags/example_dataset_alias.py
[2025-08-20T20:23:57.610+0000] {processor.py:925} INFO - DAG(s) 'dataset_s3_bucket_consumer', 'dataset_alias_example_alias_consumer', 'dataset_s3_bucket_producer', 'dataset_alias_example_alias_producer' retrieved from /home/airflow/.local/lib/python3.12/site-packages/airflow/example_dags/example_dataset_alias.py
[2025-08-20T20:23:57.644+0000] {logging_mixin.py:190} INFO - [2025-08-20T20:23:57.643+0000] {dag.py:3229} INFO - Sync 4 DAGs
[2025-08-20T20:23:57.686+0000] {logging_mixin.py:190} INFO - [2025-08-20T20:23:57.686+0000] {dag.py:4156} INFO - Setting next_dagrun for dataset_alias_example_alias_consumer to None, run_after=None
[2025-08-20T20:23:57.689+0000] {logging_mixin.py:190} INFO - [2025-08-20T20:23:57.689+0000] {dag.py:4156} INFO - Setting next_dagrun for dataset_alias_example_alias_producer to None, run_after=None
[2025-08-20T20:23:57.690+0000] {logging_mixin.py:190} INFO - [2025-08-20T20:23:57.690+0000] {dag.py:4156} INFO - Setting next_dagrun for dataset_s3_bucket_consumer to None, run_after=None
[2025-08-20T20:23:57.693+0000] {logging_mixin.py:190} INFO - [2025-08-20T20:23:57.693+0000] {dag.py:4156} INFO - Setting next_dagrun for dataset_s3_bucket_producer to None, run_after=None
[2025-08-20T20:23:57.723+0000] {processor.py:208} INFO - Processing /home/airflow/.local/lib/python3.12/site-packages/airflow/example_dags/example_dataset_alias.py took 0.695 seconds
[2025-08-20T20:24:27.917+0000] {processor.py:186} INFO - Started process (PID=780) to work on /home/airflow/.local/lib/python3.12/site-packages/airflow/example_dags/example_dataset_alias.py
[2025-08-20T20:24:27.919+0000] {processor.py:914} INFO - Processing file /home/airflow/.local/lib/python3.12/site-packages/airflow/example_dags/example_dataset_alias.py for tasks to queue
[2025-08-20T20:24:27.930+0000] {logging_mixin.py:190} INFO - [2025-08-20T20:24:27.927+0000] {dagbag.py:587} INFO - Filling up the DagBag from /home/airflow/.local/lib/python3.12/site-packages/airflow/example_dags/example_dataset_alias.py
[2025-08-20T20:24:28.217+0000] {processor.py:925} INFO - DAG(s) 'dataset_alias_example_alias_producer', 'dataset_s3_bucket_consumer', 'dataset_alias_example_alias_consumer', 'dataset_s3_bucket_producer' retrieved from /home/airflow/.local/lib/python3.12/site-packages/airflow/example_dags/example_dataset_alias.py
[2025-08-20T20:24:28.247+0000] {logging_mixin.py:190} INFO - [2025-08-20T20:24:28.247+0000] {dag.py:3229} INFO - Sync 4 DAGs
[2025-08-20T20:24:28.269+0000] {logging_mixin.py:190} INFO - [2025-08-20T20:24:28.269+0000] {dag.py:4156} INFO - Setting next_dagrun for dataset_alias_example_alias_consumer to None, run_after=None
[2025-08-20T20:24:28.279+0000] {logging_mixin.py:190} INFO - [2025-08-20T20:24:28.279+0000] {dag.py:4156} INFO - Setting next_dagrun for dataset_alias_example_alias_producer to None, run_after=None
[2025-08-20T20:24:28.280+0000] {logging_mixin.py:190} INFO - [2025-08-20T20:24:28.280+0000] {dag.py:4156} INFO - Setting next_dagrun for dataset_s3_bucket_consumer to None, run_after=None
[2025-08-20T20:24:28.284+0000] {logging_mixin.py:190} INFO - [2025-08-20T20:24:28.284+0000] {dag.py:4156} INFO - Setting next_dagrun for dataset_s3_bucket_producer to None, run_after=None
[2025-08-20T20:24:28.311+0000] {processor.py:208} INFO - Processing /home/airflow/.local/lib/python3.12/site-packages/airflow/example_dags/example_dataset_alias.py took 0.413 seconds
[2025-08-20T20:24:58.602+0000] {processor.py:186} INFO - Started process (PID=841) to work on /home/airflow/.local/lib/python3.12/site-packages/airflow/example_dags/example_dataset_alias.py
[2025-08-20T20:24:58.606+0000] {processor.py:914} INFO - Processing file /home/airflow/.local/lib/python3.12/site-packages/airflow/example_dags/example_dataset_alias.py for tasks to queue
[2025-08-20T20:24:58.622+0000] {logging_mixin.py:190} INFO - [2025-08-20T20:24:58.612+0000] {dagbag.py:587} INFO - Filling up the DagBag from /home/airflow/.local/lib/python3.12/site-packages/airflow/example_dags/example_dataset_alias.py
[2025-08-20T20:24:59.099+0000] {processor.py:925} INFO - DAG(s) 'dataset_s3_bucket_producer', 'dataset_alias_example_alias_consumer', 'dataset_s3_bucket_consumer', 'dataset_alias_example_alias_producer' retrieved from /home/airflow/.local/lib/python3.12/site-packages/airflow/example_dags/example_dataset_alias.py
[2025-08-20T20:24:59.143+0000] {logging_mixin.py:190} INFO - [2025-08-20T20:24:59.143+0000] {dag.py:3229} INFO - Sync 4 DAGs
[2025-08-20T20:24:59.239+0000] {logging_mixin.py:190} INFO - [2025-08-20T20:24:59.239+0000] {dag.py:4156} INFO - Setting next_dagrun for dataset_alias_example_alias_consumer to None, run_after=None
[2025-08-20T20:24:59.243+0000] {logging_mixin.py:190} INFO - [2025-08-20T20:24:59.243+0000] {dag.py:4156} INFO - Setting next_dagrun for dataset_alias_example_alias_producer to None, run_after=None
[2025-08-20T20:24:59.245+0000] {logging_mixin.py:190} INFO - [2025-08-20T20:24:59.245+0000] {dag.py:4156} INFO - Setting next_dagrun for dataset_s3_bucket_consumer to None, run_after=None
[2025-08-20T20:24:59.247+0000] {logging_mixin.py:190} INFO - [2025-08-20T20:24:59.247+0000] {dag.py:4156} INFO - Setting next_dagrun for dataset_s3_bucket_producer to None, run_after=None
[2025-08-20T20:24:59.331+0000] {processor.py:208} INFO - Processing /home/airflow/.local/lib/python3.12/site-packages/airflow/example_dags/example_dataset_alias.py took 0.780 seconds
[2025-08-20T20:25:30.082+0000] {processor.py:186} INFO - Started process (PID=904) to work on /home/airflow/.local/lib/python3.12/site-packages/airflow/example_dags/example_dataset_alias.py
[2025-08-20T20:25:30.084+0000] {processor.py:914} INFO - Processing file /home/airflow/.local/lib/python3.12/site-packages/airflow/example_dags/example_dataset_alias.py for tasks to queue
[2025-08-20T20:25:30.086+0000] {logging_mixin.py:190} INFO - [2025-08-20T20:25:30.085+0000] {dagbag.py:587} INFO - Filling up the DagBag from /home/airflow/.local/lib/python3.12/site-packages/airflow/example_dags/example_dataset_alias.py
[2025-08-20T20:25:30.311+0000] {processor.py:925} INFO - DAG(s) 'dataset_s3_bucket_producer', 'dataset_alias_example_alias_producer', 'dataset_s3_bucket_consumer', 'dataset_alias_example_alias_consumer' retrieved from /home/airflow/.local/lib/python3.12/site-packages/airflow/example_dags/example_dataset_alias.py
[2025-08-20T20:25:30.333+0000] {logging_mixin.py:190} INFO - [2025-08-20T20:25:30.333+0000] {dag.py:3229} INFO - Sync 4 DAGs
[2025-08-20T20:25:30.354+0000] {logging_mixin.py:190} INFO - [2025-08-20T20:25:30.354+0000] {dag.py:4156} INFO - Setting next_dagrun for dataset_alias_example_alias_consumer to None, run_after=None
[2025-08-20T20:25:30.356+0000] {logging_mixin.py:190} INFO - [2025-08-20T20:25:30.356+0000] {dag.py:4156} INFO - Setting next_dagrun for dataset_alias_example_alias_producer to None, run_after=None
[2025-08-20T20:25:30.357+0000] {logging_mixin.py:190} INFO - [2025-08-20T20:25:30.357+0000] {dag.py:4156} INFO - Setting next_dagrun for dataset_s3_bucket_consumer to None, run_after=None
[2025-08-20T20:25:30.358+0000] {logging_mixin.py:190} INFO - [2025-08-20T20:25:30.358+0000] {dag.py:4156} INFO - Setting next_dagrun for dataset_s3_bucket_producer to None, run_after=None
[2025-08-20T20:25:30.377+0000] {processor.py:208} INFO - Processing /home/airflow/.local/lib/python3.12/site-packages/airflow/example_dags/example_dataset_alias.py took 0.305 seconds
[2025-08-20T20:26:00.751+0000] {processor.py:186} INFO - Started process (PID=966) to work on /home/airflow/.local/lib/python3.12/site-packages/airflow/example_dags/example_dataset_alias.py
[2025-08-20T20:26:00.754+0000] {processor.py:914} INFO - Processing file /home/airflow/.local/lib/python3.12/site-packages/airflow/example_dags/example_dataset_alias.py for tasks to queue
[2025-08-20T20:26:00.758+0000] {logging_mixin.py:190} INFO - [2025-08-20T20:26:00.758+0000] {dagbag.py:587} INFO - Filling up the DagBag from /home/airflow/.local/lib/python3.12/site-packages/airflow/example_dags/example_dataset_alias.py
[2025-08-20T20:26:01.514+0000] {processor.py:925} INFO - DAG(s) 'dataset_alias_example_alias_consumer', 'dataset_s3_bucket_producer', 'dataset_alias_example_alias_producer', 'dataset_s3_bucket_consumer' retrieved from /home/airflow/.local/lib/python3.12/site-packages/airflow/example_dags/example_dataset_alias.py
[2025-08-20T20:26:01.684+0000] {logging_mixin.py:190} INFO - [2025-08-20T20:26:01.682+0000] {dag.py:3229} INFO - Sync 4 DAGs
[2025-08-20T20:26:01.866+0000] {logging_mixin.py:190} INFO - [2025-08-20T20:26:01.862+0000] {dag.py:4156} INFO - Setting next_dagrun for dataset_alias_example_alias_consumer to None, run_after=None
[2025-08-20T20:26:01.872+0000] {logging_mixin.py:190} INFO - [2025-08-20T20:26:01.872+0000] {dag.py:4156} INFO - Setting next_dagrun for dataset_alias_example_alias_producer to None, run_after=None
[2025-08-20T20:26:01.873+0000] {logging_mixin.py:190} INFO - [2025-08-20T20:26:01.873+0000] {dag.py:4156} INFO - Setting next_dagrun for dataset_s3_bucket_consumer to None, run_after=None
[2025-08-20T20:26:01.874+0000] {logging_mixin.py:190} INFO - [2025-08-20T20:26:01.874+0000] {dag.py:4156} INFO - Setting next_dagrun for dataset_s3_bucket_producer to None, run_after=None
[2025-08-20T20:26:01.921+0000] {processor.py:208} INFO - Processing /home/airflow/.local/lib/python3.12/site-packages/airflow/example_dags/example_dataset_alias.py took 1.177 seconds
[2025-08-20T20:26:32.380+0000] {processor.py:186} INFO - Started process (PID=1028) to work on /home/airflow/.local/lib/python3.12/site-packages/airflow/example_dags/example_dataset_alias.py
[2025-08-20T20:26:32.382+0000] {processor.py:914} INFO - Processing file /home/airflow/.local/lib/python3.12/site-packages/airflow/example_dags/example_dataset_alias.py for tasks to queue
[2025-08-20T20:26:32.392+0000] {logging_mixin.py:190} INFO - [2025-08-20T20:26:32.391+0000] {dagbag.py:587} INFO - Filling up the DagBag from /home/airflow/.local/lib/python3.12/site-packages/airflow/example_dags/example_dataset_alias.py
[2025-08-20T20:26:32.607+0000] {processor.py:925} INFO - DAG(s) 'dataset_s3_bucket_producer', 'dataset_s3_bucket_consumer', 'dataset_alias_example_alias_consumer', 'dataset_alias_example_alias_producer' retrieved from /home/airflow/.local/lib/python3.12/site-packages/airflow/example_dags/example_dataset_alias.py
[2025-08-20T20:26:32.771+0000] {logging_mixin.py:190} INFO - [2025-08-20T20:26:32.764+0000] {dag.py:3229} INFO - Sync 4 DAGs
[2025-08-20T20:26:32.872+0000] {logging_mixin.py:190} INFO - [2025-08-20T20:26:32.871+0000] {dag.py:4156} INFO - Setting next_dagrun for dataset_alias_example_alias_consumer to None, run_after=None
[2025-08-20T20:26:32.876+0000] {logging_mixin.py:190} INFO - [2025-08-20T20:26:32.875+0000] {dag.py:4156} INFO - Setting next_dagrun for dataset_alias_example_alias_producer to None, run_after=None
[2025-08-20T20:26:32.880+0000] {logging_mixin.py:190} INFO - [2025-08-20T20:26:32.880+0000] {dag.py:4156} INFO - Setting next_dagrun for dataset_s3_bucket_consumer to None, run_after=None
[2025-08-20T20:26:32.883+0000] {logging_mixin.py:190} INFO - [2025-08-20T20:26:32.883+0000] {dag.py:4156} INFO - Setting next_dagrun for dataset_s3_bucket_producer to None, run_after=None
[2025-08-20T20:26:32.939+0000] {processor.py:208} INFO - Processing /home/airflow/.local/lib/python3.12/site-packages/airflow/example_dags/example_dataset_alias.py took 0.567 seconds
[2025-08-20T20:27:05.023+0000] {processor.py:186} INFO - Started process (PID=1094) to work on /home/airflow/.local/lib/python3.12/site-packages/airflow/example_dags/example_dataset_alias.py
[2025-08-20T20:27:05.024+0000] {processor.py:914} INFO - Processing file /home/airflow/.local/lib/python3.12/site-packages/airflow/example_dags/example_dataset_alias.py for tasks to queue
[2025-08-20T20:27:05.029+0000] {logging_mixin.py:190} INFO - [2025-08-20T20:27:05.028+0000] {dagbag.py:587} INFO - Filling up the DagBag from /home/airflow/.local/lib/python3.12/site-packages/airflow/example_dags/example_dataset_alias.py
[2025-08-20T20:27:05.608+0000] {processor.py:925} INFO - DAG(s) 'dataset_s3_bucket_consumer', 'dataset_alias_example_alias_producer', 'dataset_s3_bucket_producer', 'dataset_alias_example_alias_consumer' retrieved from /home/airflow/.local/lib/python3.12/site-packages/airflow/example_dags/example_dataset_alias.py
[2025-08-20T20:27:05.791+0000] {logging_mixin.py:190} INFO - [2025-08-20T20:27:05.787+0000] {dag.py:3229} INFO - Sync 4 DAGs
[2025-08-20T20:27:06.012+0000] {logging_mixin.py:190} INFO - [2025-08-20T20:27:06.004+0000] {dag.py:4156} INFO - Setting next_dagrun for dataset_alias_example_alias_consumer to None, run_after=None
[2025-08-20T20:27:06.053+0000] {logging_mixin.py:190} INFO - [2025-08-20T20:27:06.052+0000] {dag.py:4156} INFO - Setting next_dagrun for dataset_alias_example_alias_producer to None, run_after=None
[2025-08-20T20:27:06.059+0000] {logging_mixin.py:190} INFO - [2025-08-20T20:27:06.058+0000] {dag.py:4156} INFO - Setting next_dagrun for dataset_s3_bucket_consumer to None, run_after=None
[2025-08-20T20:27:06.069+0000] {logging_mixin.py:190} INFO - [2025-08-20T20:27:06.068+0000] {dag.py:4156} INFO - Setting next_dagrun for dataset_s3_bucket_producer to None, run_after=None
[2025-08-20T20:27:06.239+0000] {processor.py:208} INFO - Processing /home/airflow/.local/lib/python3.12/site-packages/airflow/example_dags/example_dataset_alias.py took 1.231 seconds
