[2025-08-20T20:18:40.480+0000] {processor.py:186} INFO - Started process (PID=116) to work on /home/airflow/.local/lib/python3.12/site-packages/airflow/example_dags/example_outlet_event_extra.py
[2025-08-20T20:18:40.493+0000] {processor.py:914} INFO - Processing file /home/airflow/.local/lib/python3.12/site-packages/airflow/example_dags/example_outlet_event_extra.py for tasks to queue
[2025-08-20T20:18:40.505+0000] {logging_mixin.py:190} INFO - [2025-08-20T20:18:40.504+0000] {dagbag.py:587} INFO - Filling up the DagBag from /home/airflow/.local/lib/python3.12/site-packages/airflow/example_dags/example_outlet_event_extra.py
[2025-08-20T20:18:41.100+0000] {processor.py:925} INFO - DAG(s) 'dataset_with_extra_by_context', 'dataset_with_extra_by_yield', 'dataset_with_extra_from_classic_operator' retrieved from /home/airflow/.local/lib/python3.12/site-packages/airflow/example_dags/example_outlet_event_extra.py
[2025-08-20T20:18:41.604+0000] {logging_mixin.py:190} INFO - [2025-08-20T20:18:41.600+0000] {override.py:1900} INFO - Created Permission View: can read on DAG:dataset_with_extra_by_context
[2025-08-20T20:18:41.613+0000] {logging_mixin.py:190} INFO - [2025-08-20T20:18:41.613+0000] {override.py:1900} INFO - Created Permission View: can delete on DAG:dataset_with_extra_by_context
[2025-08-20T20:18:41.621+0000] {logging_mixin.py:190} INFO - [2025-08-20T20:18:41.620+0000] {override.py:1900} INFO - Created Permission View: can edit on DAG:dataset_with_extra_by_context
[2025-08-20T20:18:41.626+0000] {logging_mixin.py:190} INFO - [2025-08-20T20:18:41.625+0000] {override.py:1900} INFO - Created Permission View: can read on DAG Run:dataset_with_extra_by_context
[2025-08-20T20:18:41.630+0000] {logging_mixin.py:190} INFO - [2025-08-20T20:18:41.629+0000] {override.py:1900} INFO - Created Permission View: menu access on DAG Run:dataset_with_extra_by_context
[2025-08-20T20:18:41.634+0000] {logging_mixin.py:190} INFO - [2025-08-20T20:18:41.634+0000] {override.py:1900} INFO - Created Permission View: can delete on DAG Run:dataset_with_extra_by_context
[2025-08-20T20:18:41.638+0000] {logging_mixin.py:190} INFO - [2025-08-20T20:18:41.638+0000] {override.py:1900} INFO - Created Permission View: can create on DAG Run:dataset_with_extra_by_context
[2025-08-20T20:18:41.648+0000] {logging_mixin.py:190} INFO - [2025-08-20T20:18:41.648+0000] {override.py:1900} INFO - Created Permission View: can read on DAG:dataset_with_extra_by_yield
[2025-08-20T20:18:41.652+0000] {logging_mixin.py:190} INFO - [2025-08-20T20:18:41.652+0000] {override.py:1900} INFO - Created Permission View: can delete on DAG:dataset_with_extra_by_yield
[2025-08-20T20:18:41.658+0000] {logging_mixin.py:190} INFO - [2025-08-20T20:18:41.658+0000] {override.py:1900} INFO - Created Permission View: can edit on DAG:dataset_with_extra_by_yield
[2025-08-20T20:18:41.663+0000] {logging_mixin.py:190} INFO - [2025-08-20T20:18:41.663+0000] {override.py:1900} INFO - Created Permission View: can read on DAG Run:dataset_with_extra_by_yield
[2025-08-20T20:18:41.667+0000] {logging_mixin.py:190} INFO - [2025-08-20T20:18:41.667+0000] {override.py:1900} INFO - Created Permission View: menu access on DAG Run:dataset_with_extra_by_yield
[2025-08-20T20:18:41.672+0000] {logging_mixin.py:190} INFO - [2025-08-20T20:18:41.671+0000] {override.py:1900} INFO - Created Permission View: can delete on DAG Run:dataset_with_extra_by_yield
[2025-08-20T20:18:41.675+0000] {logging_mixin.py:190} INFO - [2025-08-20T20:18:41.675+0000] {override.py:1900} INFO - Created Permission View: can create on DAG Run:dataset_with_extra_by_yield
[2025-08-20T20:18:41.696+0000] {logging_mixin.py:190} INFO - [2025-08-20T20:18:41.694+0000] {override.py:1900} INFO - Created Permission View: can read on DAG:dataset_with_extra_from_classic_operator
[2025-08-20T20:18:41.733+0000] {logging_mixin.py:190} INFO - [2025-08-20T20:18:41.731+0000] {override.py:1900} INFO - Created Permission View: can delete on DAG:dataset_with_extra_from_classic_operator
[2025-08-20T20:18:41.749+0000] {logging_mixin.py:190} INFO - [2025-08-20T20:18:41.748+0000] {override.py:1900} INFO - Created Permission View: can edit on DAG:dataset_with_extra_from_classic_operator
[2025-08-20T20:18:41.758+0000] {logging_mixin.py:190} INFO - [2025-08-20T20:18:41.757+0000] {override.py:1900} INFO - Created Permission View: can read on DAG Run:dataset_with_extra_from_classic_operator
[2025-08-20T20:18:41.766+0000] {logging_mixin.py:190} INFO - [2025-08-20T20:18:41.766+0000] {override.py:1900} INFO - Created Permission View: menu access on DAG Run:dataset_with_extra_from_classic_operator
[2025-08-20T20:18:41.771+0000] {logging_mixin.py:190} INFO - [2025-08-20T20:18:41.771+0000] {override.py:1900} INFO - Created Permission View: can delete on DAG Run:dataset_with_extra_from_classic_operator
[2025-08-20T20:18:41.779+0000] {logging_mixin.py:190} INFO - [2025-08-20T20:18:41.779+0000] {override.py:1900} INFO - Created Permission View: can create on DAG Run:dataset_with_extra_from_classic_operator
[2025-08-20T20:18:41.780+0000] {logging_mixin.py:190} INFO - [2025-08-20T20:18:41.779+0000] {dag.py:3229} INFO - Sync 3 DAGs
[2025-08-20T20:18:41.822+0000] {logging_mixin.py:190} INFO - [2025-08-20T20:18:41.822+0000] {dag.py:3252} INFO - Creating ORM DAG for dataset_with_extra_by_context
[2025-08-20T20:18:41.823+0000] {logging_mixin.py:190} INFO - [2025-08-20T20:18:41.823+0000] {dag.py:3252} INFO - Creating ORM DAG for dataset_with_extra_from_classic_operator
[2025-08-20T20:18:41.823+0000] {logging_mixin.py:190} INFO - [2025-08-20T20:18:41.823+0000] {dag.py:3252} INFO - Creating ORM DAG for dataset_with_extra_by_yield
[2025-08-20T20:18:41.851+0000] {logging_mixin.py:190} INFO - [2025-08-20T20:18:41.850+0000] {dag.py:4156} INFO - Setting next_dagrun for dataset_with_extra_by_context to 2025-08-19 00:00:00+00:00, run_after=2025-08-20 00:00:00+00:00
[2025-08-20T20:18:41.858+0000] {logging_mixin.py:190} INFO - [2025-08-20T20:18:41.857+0000] {dag.py:4156} INFO - Setting next_dagrun for dataset_with_extra_by_yield to 2025-08-19 00:00:00+00:00, run_after=2025-08-20 00:00:00+00:00
[2025-08-20T20:18:41.860+0000] {logging_mixin.py:190} INFO - [2025-08-20T20:18:41.859+0000] {dag.py:4156} INFO - Setting next_dagrun for dataset_with_extra_from_classic_operator to 2025-08-19 00:00:00+00:00, run_after=2025-08-20 00:00:00+00:00
[2025-08-20T20:18:41.952+0000] {processor.py:208} INFO - Processing /home/airflow/.local/lib/python3.12/site-packages/airflow/example_dags/example_outlet_event_extra.py took 1.555 seconds
[2025-08-20T20:19:12.188+0000] {processor.py:186} INFO - Started process (PID=178) to work on /home/airflow/.local/lib/python3.12/site-packages/airflow/example_dags/example_outlet_event_extra.py
[2025-08-20T20:19:12.190+0000] {processor.py:914} INFO - Processing file /home/airflow/.local/lib/python3.12/site-packages/airflow/example_dags/example_outlet_event_extra.py for tasks to queue
[2025-08-20T20:19:12.202+0000] {logging_mixin.py:190} INFO - [2025-08-20T20:19:12.201+0000] {dagbag.py:587} INFO - Filling up the DagBag from /home/airflow/.local/lib/python3.12/site-packages/airflow/example_dags/example_outlet_event_extra.py
[2025-08-20T20:19:12.703+0000] {processor.py:925} INFO - DAG(s) 'dataset_with_extra_by_context', 'dataset_with_extra_from_classic_operator', 'dataset_with_extra_by_yield' retrieved from /home/airflow/.local/lib/python3.12/site-packages/airflow/example_dags/example_outlet_event_extra.py
[2025-08-20T20:19:12.883+0000] {logging_mixin.py:190} INFO - [2025-08-20T20:19:12.882+0000] {dag.py:3229} INFO - Sync 3 DAGs
[2025-08-20T20:19:13.036+0000] {logging_mixin.py:190} INFO - [2025-08-20T20:19:13.036+0000] {dag.py:4156} INFO - Setting next_dagrun for dataset_with_extra_by_context to 2025-08-19 00:00:00+00:00, run_after=2025-08-20 00:00:00+00:00
[2025-08-20T20:19:13.053+0000] {logging_mixin.py:190} INFO - [2025-08-20T20:19:13.053+0000] {dag.py:4156} INFO - Setting next_dagrun for dataset_with_extra_by_yield to 2025-08-19 00:00:00+00:00, run_after=2025-08-20 00:00:00+00:00
[2025-08-20T20:19:13.055+0000] {logging_mixin.py:190} INFO - [2025-08-20T20:19:13.055+0000] {dag.py:4156} INFO - Setting next_dagrun for dataset_with_extra_from_classic_operator to 2025-08-19 00:00:00+00:00, run_after=2025-08-20 00:00:00+00:00
[2025-08-20T20:19:13.257+0000] {processor.py:208} INFO - Processing /home/airflow/.local/lib/python3.12/site-packages/airflow/example_dags/example_outlet_event_extra.py took 1.097 seconds
[2025-08-20T20:19:44.912+0000] {processor.py:186} INFO - Started process (PID=240) to work on /home/airflow/.local/lib/python3.12/site-packages/airflow/example_dags/example_outlet_event_extra.py
[2025-08-20T20:19:44.918+0000] {processor.py:914} INFO - Processing file /home/airflow/.local/lib/python3.12/site-packages/airflow/example_dags/example_outlet_event_extra.py for tasks to queue
[2025-08-20T20:19:44.955+0000] {logging_mixin.py:190} INFO - [2025-08-20T20:19:44.954+0000] {dagbag.py:587} INFO - Filling up the DagBag from /home/airflow/.local/lib/python3.12/site-packages/airflow/example_dags/example_outlet_event_extra.py
[2025-08-20T20:19:46.818+0000] {processor.py:925} INFO - DAG(s) 'dataset_with_extra_by_yield', 'dataset_with_extra_by_context', 'dataset_with_extra_from_classic_operator' retrieved from /home/airflow/.local/lib/python3.12/site-packages/airflow/example_dags/example_outlet_event_extra.py
[2025-08-20T20:19:47.628+0000] {logging_mixin.py:190} INFO - [2025-08-20T20:19:47.615+0000] {dag.py:3229} INFO - Sync 3 DAGs
[2025-08-20T20:19:48.138+0000] {logging_mixin.py:190} INFO - [2025-08-20T20:19:48.138+0000] {dag.py:4156} INFO - Setting next_dagrun for dataset_with_extra_by_context to 2025-08-19 00:00:00+00:00, run_after=2025-08-20 00:00:00+00:00
[2025-08-20T20:19:48.172+0000] {logging_mixin.py:190} INFO - [2025-08-20T20:19:48.171+0000] {dag.py:4156} INFO - Setting next_dagrun for dataset_with_extra_by_yield to 2025-08-19 00:00:00+00:00, run_after=2025-08-20 00:00:00+00:00
[2025-08-20T20:19:48.174+0000] {logging_mixin.py:190} INFO - [2025-08-20T20:19:48.174+0000] {dag.py:4156} INFO - Setting next_dagrun for dataset_with_extra_from_classic_operator to 2025-08-19 00:00:00+00:00, run_after=2025-08-20 00:00:00+00:00
[2025-08-20T20:19:48.515+0000] {processor.py:208} INFO - Processing /home/airflow/.local/lib/python3.12/site-packages/airflow/example_dags/example_outlet_event_extra.py took 3.685 seconds
[2025-08-20T20:20:19.878+0000] {processor.py:186} INFO - Started process (PID=304) to work on /home/airflow/.local/lib/python3.12/site-packages/airflow/example_dags/example_outlet_event_extra.py
[2025-08-20T20:20:19.901+0000] {processor.py:914} INFO - Processing file /home/airflow/.local/lib/python3.12/site-packages/airflow/example_dags/example_outlet_event_extra.py for tasks to queue
[2025-08-20T20:20:19.968+0000] {logging_mixin.py:190} INFO - [2025-08-20T20:20:19.963+0000] {dagbag.py:587} INFO - Filling up the DagBag from /home/airflow/.local/lib/python3.12/site-packages/airflow/example_dags/example_outlet_event_extra.py
[2025-08-20T20:20:21.482+0000] {processor.py:925} INFO - DAG(s) 'dataset_with_extra_from_classic_operator', 'dataset_with_extra_by_context', 'dataset_with_extra_by_yield' retrieved from /home/airflow/.local/lib/python3.12/site-packages/airflow/example_dags/example_outlet_event_extra.py
[2025-08-20T20:20:21.636+0000] {logging_mixin.py:190} INFO - [2025-08-20T20:20:21.636+0000] {dag.py:3229} INFO - Sync 3 DAGs
[2025-08-20T20:20:21.749+0000] {logging_mixin.py:190} INFO - [2025-08-20T20:20:21.749+0000] {dag.py:4156} INFO - Setting next_dagrun for dataset_with_extra_by_context to 2025-08-19 00:00:00+00:00, run_after=2025-08-20 00:00:00+00:00
[2025-08-20T20:20:21.766+0000] {logging_mixin.py:190} INFO - [2025-08-20T20:20:21.765+0000] {dag.py:4156} INFO - Setting next_dagrun for dataset_with_extra_by_yield to 2025-08-19 00:00:00+00:00, run_after=2025-08-20 00:00:00+00:00
[2025-08-20T20:20:21.773+0000] {logging_mixin.py:190} INFO - [2025-08-20T20:20:21.773+0000] {dag.py:4156} INFO - Setting next_dagrun for dataset_with_extra_from_classic_operator to 2025-08-19 00:00:00+00:00, run_after=2025-08-20 00:00:00+00:00
[2025-08-20T20:20:21.856+0000] {processor.py:208} INFO - Processing /home/airflow/.local/lib/python3.12/site-packages/airflow/example_dags/example_outlet_event_extra.py took 2.157 seconds
[2025-08-20T20:20:52.166+0000] {processor.py:186} INFO - Started process (PID=367) to work on /home/airflow/.local/lib/python3.12/site-packages/airflow/example_dags/example_outlet_event_extra.py
[2025-08-20T20:20:52.170+0000] {processor.py:914} INFO - Processing file /home/airflow/.local/lib/python3.12/site-packages/airflow/example_dags/example_outlet_event_extra.py for tasks to queue
[2025-08-20T20:20:52.201+0000] {logging_mixin.py:190} INFO - [2025-08-20T20:20:52.199+0000] {dagbag.py:587} INFO - Filling up the DagBag from /home/airflow/.local/lib/python3.12/site-packages/airflow/example_dags/example_outlet_event_extra.py
[2025-08-20T20:20:53.249+0000] {processor.py:925} INFO - DAG(s) 'dataset_with_extra_by_context', 'dataset_with_extra_from_classic_operator', 'dataset_with_extra_by_yield' retrieved from /home/airflow/.local/lib/python3.12/site-packages/airflow/example_dags/example_outlet_event_extra.py
[2025-08-20T20:20:53.621+0000] {logging_mixin.py:190} INFO - [2025-08-20T20:20:53.612+0000] {dag.py:3229} INFO - Sync 3 DAGs
[2025-08-20T20:20:53.817+0000] {logging_mixin.py:190} INFO - [2025-08-20T20:20:53.816+0000] {dag.py:4156} INFO - Setting next_dagrun for dataset_with_extra_by_context to 2025-08-19 00:00:00+00:00, run_after=2025-08-20 00:00:00+00:00
[2025-08-20T20:20:53.867+0000] {logging_mixin.py:190} INFO - [2025-08-20T20:20:53.867+0000] {dag.py:4156} INFO - Setting next_dagrun for dataset_with_extra_by_yield to 2025-08-19 00:00:00+00:00, run_after=2025-08-20 00:00:00+00:00
[2025-08-20T20:20:53.869+0000] {logging_mixin.py:190} INFO - [2025-08-20T20:20:53.869+0000] {dag.py:4156} INFO - Setting next_dagrun for dataset_with_extra_from_classic_operator to 2025-08-19 00:00:00+00:00, run_after=2025-08-20 00:00:00+00:00
[2025-08-20T20:20:54.000+0000] {processor.py:208} INFO - Processing /home/airflow/.local/lib/python3.12/site-packages/airflow/example_dags/example_outlet_event_extra.py took 1.910 seconds
[2025-08-20T20:21:24.221+0000] {processor.py:186} INFO - Started process (PID=430) to work on /home/airflow/.local/lib/python3.12/site-packages/airflow/example_dags/example_outlet_event_extra.py
[2025-08-20T20:21:24.225+0000] {processor.py:914} INFO - Processing file /home/airflow/.local/lib/python3.12/site-packages/airflow/example_dags/example_outlet_event_extra.py for tasks to queue
[2025-08-20T20:21:24.228+0000] {logging_mixin.py:190} INFO - [2025-08-20T20:21:24.228+0000] {dagbag.py:587} INFO - Filling up the DagBag from /home/airflow/.local/lib/python3.12/site-packages/airflow/example_dags/example_outlet_event_extra.py
[2025-08-20T20:21:24.677+0000] {processor.py:925} INFO - DAG(s) 'dataset_with_extra_from_classic_operator', 'dataset_with_extra_by_context', 'dataset_with_extra_by_yield' retrieved from /home/airflow/.local/lib/python3.12/site-packages/airflow/example_dags/example_outlet_event_extra.py
[2025-08-20T20:21:24.728+0000] {logging_mixin.py:190} INFO - [2025-08-20T20:21:24.727+0000] {dag.py:3229} INFO - Sync 3 DAGs
[2025-08-20T20:21:24.770+0000] {logging_mixin.py:190} INFO - [2025-08-20T20:21:24.770+0000] {dag.py:4156} INFO - Setting next_dagrun for dataset_with_extra_by_context to 2025-08-19 00:00:00+00:00, run_after=2025-08-20 00:00:00+00:00
[2025-08-20T20:21:24.777+0000] {logging_mixin.py:190} INFO - [2025-08-20T20:21:24.776+0000] {dag.py:4156} INFO - Setting next_dagrun for dataset_with_extra_by_yield to 2025-08-19 00:00:00+00:00, run_after=2025-08-20 00:00:00+00:00
[2025-08-20T20:21:24.779+0000] {logging_mixin.py:190} INFO - [2025-08-20T20:21:24.779+0000] {dag.py:4156} INFO - Setting next_dagrun for dataset_with_extra_from_classic_operator to 2025-08-19 00:00:00+00:00, run_after=2025-08-20 00:00:00+00:00
[2025-08-20T20:21:24.810+0000] {processor.py:208} INFO - Processing /home/airflow/.local/lib/python3.12/site-packages/airflow/example_dags/example_outlet_event_extra.py took 0.604 seconds
[2025-08-20T20:21:55.459+0000] {processor.py:186} INFO - Started process (PID=493) to work on /home/airflow/.local/lib/python3.12/site-packages/airflow/example_dags/example_outlet_event_extra.py
[2025-08-20T20:21:55.468+0000] {processor.py:914} INFO - Processing file /home/airflow/.local/lib/python3.12/site-packages/airflow/example_dags/example_outlet_event_extra.py for tasks to queue
[2025-08-20T20:21:55.515+0000] {logging_mixin.py:190} INFO - [2025-08-20T20:21:55.507+0000] {dagbag.py:587} INFO - Filling up the DagBag from /home/airflow/.local/lib/python3.12/site-packages/airflow/example_dags/example_outlet_event_extra.py
[2025-08-20T20:21:56.560+0000] {processor.py:925} INFO - DAG(s) 'dataset_with_extra_from_classic_operator', 'dataset_with_extra_by_yield', 'dataset_with_extra_by_context' retrieved from /home/airflow/.local/lib/python3.12/site-packages/airflow/example_dags/example_outlet_event_extra.py
[2025-08-20T20:21:56.657+0000] {logging_mixin.py:190} INFO - [2025-08-20T20:21:56.656+0000] {dag.py:3229} INFO - Sync 3 DAGs
[2025-08-20T20:21:56.710+0000] {logging_mixin.py:190} INFO - [2025-08-20T20:21:56.710+0000] {dag.py:4156} INFO - Setting next_dagrun for dataset_with_extra_by_context to 2025-08-19 00:00:00+00:00, run_after=2025-08-20 00:00:00+00:00
[2025-08-20T20:21:56.714+0000] {logging_mixin.py:190} INFO - [2025-08-20T20:21:56.714+0000] {dag.py:4156} INFO - Setting next_dagrun for dataset_with_extra_by_yield to 2025-08-19 00:00:00+00:00, run_after=2025-08-20 00:00:00+00:00
[2025-08-20T20:21:56.717+0000] {logging_mixin.py:190} INFO - [2025-08-20T20:21:56.716+0000] {dag.py:4156} INFO - Setting next_dagrun for dataset_with_extra_from_classic_operator to 2025-08-19 00:00:00+00:00, run_after=2025-08-20 00:00:00+00:00
[2025-08-20T20:21:56.751+0000] {processor.py:208} INFO - Processing /home/airflow/.local/lib/python3.12/site-packages/airflow/example_dags/example_outlet_event_extra.py took 1.299 seconds
[2025-08-20T20:22:26.838+0000] {processor.py:186} INFO - Started process (PID=557) to work on /home/airflow/.local/lib/python3.12/site-packages/airflow/example_dags/example_outlet_event_extra.py
[2025-08-20T20:22:26.842+0000] {processor.py:914} INFO - Processing file /home/airflow/.local/lib/python3.12/site-packages/airflow/example_dags/example_outlet_event_extra.py for tasks to queue
[2025-08-20T20:22:26.844+0000] {logging_mixin.py:190} INFO - [2025-08-20T20:22:26.844+0000] {dagbag.py:587} INFO - Filling up the DagBag from /home/airflow/.local/lib/python3.12/site-packages/airflow/example_dags/example_outlet_event_extra.py
[2025-08-20T20:22:27.064+0000] {processor.py:925} INFO - DAG(s) 'dataset_with_extra_from_classic_operator', 'dataset_with_extra_by_context', 'dataset_with_extra_by_yield' retrieved from /home/airflow/.local/lib/python3.12/site-packages/airflow/example_dags/example_outlet_event_extra.py
[2025-08-20T20:22:27.092+0000] {logging_mixin.py:190} INFO - [2025-08-20T20:22:27.092+0000] {dag.py:3229} INFO - Sync 3 DAGs
[2025-08-20T20:22:27.114+0000] {logging_mixin.py:190} INFO - [2025-08-20T20:22:27.114+0000] {dag.py:4156} INFO - Setting next_dagrun for dataset_with_extra_by_context to 2025-08-19 00:00:00+00:00, run_after=2025-08-20 00:00:00+00:00
[2025-08-20T20:22:27.117+0000] {logging_mixin.py:190} INFO - [2025-08-20T20:22:27.117+0000] {dag.py:4156} INFO - Setting next_dagrun for dataset_with_extra_by_yield to 2025-08-19 00:00:00+00:00, run_after=2025-08-20 00:00:00+00:00
[2025-08-20T20:22:27.118+0000] {logging_mixin.py:190} INFO - [2025-08-20T20:22:27.118+0000] {dag.py:4156} INFO - Setting next_dagrun for dataset_with_extra_from_classic_operator to 2025-08-19 00:00:00+00:00, run_after=2025-08-20 00:00:00+00:00
[2025-08-20T20:22:27.134+0000] {processor.py:208} INFO - Processing /home/airflow/.local/lib/python3.12/site-packages/airflow/example_dags/example_outlet_event_extra.py took 0.302 seconds
[2025-08-20T20:22:58.207+0000] {processor.py:186} INFO - Started process (PID=621) to work on /home/airflow/.local/lib/python3.12/site-packages/airflow/example_dags/example_outlet_event_extra.py
[2025-08-20T20:22:58.209+0000] {processor.py:914} INFO - Processing file /home/airflow/.local/lib/python3.12/site-packages/airflow/example_dags/example_outlet_event_extra.py for tasks to queue
[2025-08-20T20:22:58.211+0000] {logging_mixin.py:190} INFO - [2025-08-20T20:22:58.211+0000] {dagbag.py:587} INFO - Filling up the DagBag from /home/airflow/.local/lib/python3.12/site-packages/airflow/example_dags/example_outlet_event_extra.py
[2025-08-20T20:22:58.669+0000] {processor.py:925} INFO - DAG(s) 'dataset_with_extra_by_yield', 'dataset_with_extra_by_context', 'dataset_with_extra_from_classic_operator' retrieved from /home/airflow/.local/lib/python3.12/site-packages/airflow/example_dags/example_outlet_event_extra.py
[2025-08-20T20:22:58.767+0000] {logging_mixin.py:190} INFO - [2025-08-20T20:22:58.766+0000] {dag.py:3229} INFO - Sync 3 DAGs
[2025-08-20T20:22:58.840+0000] {logging_mixin.py:190} INFO - [2025-08-20T20:22:58.839+0000] {dag.py:4156} INFO - Setting next_dagrun for dataset_with_extra_by_context to 2025-08-19 00:00:00+00:00, run_after=2025-08-20 00:00:00+00:00
[2025-08-20T20:22:58.846+0000] {logging_mixin.py:190} INFO - [2025-08-20T20:22:58.846+0000] {dag.py:4156} INFO - Setting next_dagrun for dataset_with_extra_by_yield to 2025-08-19 00:00:00+00:00, run_after=2025-08-20 00:00:00+00:00
[2025-08-20T20:22:58.848+0000] {logging_mixin.py:190} INFO - [2025-08-20T20:22:58.847+0000] {dag.py:4156} INFO - Setting next_dagrun for dataset_with_extra_from_classic_operator to 2025-08-19 00:00:00+00:00, run_after=2025-08-20 00:00:00+00:00
[2025-08-20T20:22:58.878+0000] {processor.py:208} INFO - Processing /home/airflow/.local/lib/python3.12/site-packages/airflow/example_dags/example_outlet_event_extra.py took 0.674 seconds
[2025-08-20T20:23:30.610+0000] {processor.py:186} INFO - Started process (PID=690) to work on /home/airflow/.local/lib/python3.12/site-packages/airflow/example_dags/example_outlet_event_extra.py
[2025-08-20T20:23:30.613+0000] {processor.py:914} INFO - Processing file /home/airflow/.local/lib/python3.12/site-packages/airflow/example_dags/example_outlet_event_extra.py for tasks to queue
[2025-08-20T20:23:30.616+0000] {logging_mixin.py:190} INFO - [2025-08-20T20:23:30.615+0000] {dagbag.py:587} INFO - Filling up the DagBag from /home/airflow/.local/lib/python3.12/site-packages/airflow/example_dags/example_outlet_event_extra.py
[2025-08-20T20:23:31.216+0000] {processor.py:925} INFO - DAG(s) 'dataset_with_extra_by_yield', 'dataset_with_extra_by_context', 'dataset_with_extra_from_classic_operator' retrieved from /home/airflow/.local/lib/python3.12/site-packages/airflow/example_dags/example_outlet_event_extra.py
[2025-08-20T20:23:31.342+0000] {logging_mixin.py:190} INFO - [2025-08-20T20:23:31.342+0000] {dag.py:3229} INFO - Sync 3 DAGs
[2025-08-20T20:23:31.429+0000] {logging_mixin.py:190} INFO - [2025-08-20T20:23:31.429+0000] {dag.py:4156} INFO - Setting next_dagrun for dataset_with_extra_by_context to 2025-08-19 00:00:00+00:00, run_after=2025-08-20 00:00:00+00:00
[2025-08-20T20:23:31.441+0000] {logging_mixin.py:190} INFO - [2025-08-20T20:23:31.441+0000] {dag.py:4156} INFO - Setting next_dagrun for dataset_with_extra_by_yield to 2025-08-19 00:00:00+00:00, run_after=2025-08-20 00:00:00+00:00
[2025-08-20T20:23:31.443+0000] {logging_mixin.py:190} INFO - [2025-08-20T20:23:31.442+0000] {dag.py:4156} INFO - Setting next_dagrun for dataset_with_extra_from_classic_operator to 2025-08-19 00:00:00+00:00, run_after=2025-08-20 00:00:00+00:00
[2025-08-20T20:23:31.489+0000] {processor.py:208} INFO - Processing /home/airflow/.local/lib/python3.12/site-packages/airflow/example_dags/example_outlet_event_extra.py took 0.891 seconds
[2025-08-20T20:24:01.740+0000] {processor.py:186} INFO - Started process (PID=752) to work on /home/airflow/.local/lib/python3.12/site-packages/airflow/example_dags/example_outlet_event_extra.py
[2025-08-20T20:24:01.746+0000] {processor.py:914} INFO - Processing file /home/airflow/.local/lib/python3.12/site-packages/airflow/example_dags/example_outlet_event_extra.py for tasks to queue
[2025-08-20T20:24:01.755+0000] {logging_mixin.py:190} INFO - [2025-08-20T20:24:01.754+0000] {dagbag.py:587} INFO - Filling up the DagBag from /home/airflow/.local/lib/python3.12/site-packages/airflow/example_dags/example_outlet_event_extra.py
[2025-08-20T20:24:02.154+0000] {processor.py:925} INFO - DAG(s) 'dataset_with_extra_by_yield', 'dataset_with_extra_by_context', 'dataset_with_extra_from_classic_operator' retrieved from /home/airflow/.local/lib/python3.12/site-packages/airflow/example_dags/example_outlet_event_extra.py
[2025-08-20T20:24:02.230+0000] {logging_mixin.py:190} INFO - [2025-08-20T20:24:02.229+0000] {dag.py:3229} INFO - Sync 3 DAGs
[2025-08-20T20:24:02.277+0000] {logging_mixin.py:190} INFO - [2025-08-20T20:24:02.276+0000] {dag.py:4156} INFO - Setting next_dagrun for dataset_with_extra_by_context to 2025-08-19 00:00:00+00:00, run_after=2025-08-20 00:00:00+00:00
[2025-08-20T20:24:02.288+0000] {logging_mixin.py:190} INFO - [2025-08-20T20:24:02.287+0000] {dag.py:4156} INFO - Setting next_dagrun for dataset_with_extra_by_yield to 2025-08-19 00:00:00+00:00, run_after=2025-08-20 00:00:00+00:00
[2025-08-20T20:24:02.293+0000] {logging_mixin.py:190} INFO - [2025-08-20T20:24:02.293+0000] {dag.py:4156} INFO - Setting next_dagrun for dataset_with_extra_from_classic_operator to 2025-08-19 00:00:00+00:00, run_after=2025-08-20 00:00:00+00:00
[2025-08-20T20:24:02.342+0000] {processor.py:208} INFO - Processing /home/airflow/.local/lib/python3.12/site-packages/airflow/example_dags/example_outlet_event_extra.py took 0.612 seconds
[2025-08-20T20:24:32.442+0000] {processor.py:186} INFO - Started process (PID=815) to work on /home/airflow/.local/lib/python3.12/site-packages/airflow/example_dags/example_outlet_event_extra.py
[2025-08-20T20:24:32.444+0000] {processor.py:914} INFO - Processing file /home/airflow/.local/lib/python3.12/site-packages/airflow/example_dags/example_outlet_event_extra.py for tasks to queue
[2025-08-20T20:24:32.447+0000] {logging_mixin.py:190} INFO - [2025-08-20T20:24:32.447+0000] {dagbag.py:587} INFO - Filling up the DagBag from /home/airflow/.local/lib/python3.12/site-packages/airflow/example_dags/example_outlet_event_extra.py
[2025-08-20T20:24:32.714+0000] {processor.py:925} INFO - DAG(s) 'dataset_with_extra_by_context', 'dataset_with_extra_by_yield', 'dataset_with_extra_from_classic_operator' retrieved from /home/airflow/.local/lib/python3.12/site-packages/airflow/example_dags/example_outlet_event_extra.py
[2025-08-20T20:24:32.740+0000] {logging_mixin.py:190} INFO - [2025-08-20T20:24:32.740+0000] {dag.py:3229} INFO - Sync 3 DAGs
[2025-08-20T20:24:32.760+0000] {logging_mixin.py:190} INFO - [2025-08-20T20:24:32.760+0000] {dag.py:4156} INFO - Setting next_dagrun for dataset_with_extra_by_context to 2025-08-19 00:00:00+00:00, run_after=2025-08-20 00:00:00+00:00
[2025-08-20T20:24:32.766+0000] {logging_mixin.py:190} INFO - [2025-08-20T20:24:32.766+0000] {dag.py:4156} INFO - Setting next_dagrun for dataset_with_extra_by_yield to 2025-08-19 00:00:00+00:00, run_after=2025-08-20 00:00:00+00:00
[2025-08-20T20:24:32.768+0000] {logging_mixin.py:190} INFO - [2025-08-20T20:24:32.768+0000] {dag.py:4156} INFO - Setting next_dagrun for dataset_with_extra_from_classic_operator to 2025-08-19 00:00:00+00:00, run_after=2025-08-20 00:00:00+00:00
[2025-08-20T20:24:32.788+0000] {processor.py:208} INFO - Processing /home/airflow/.local/lib/python3.12/site-packages/airflow/example_dags/example_outlet_event_extra.py took 0.350 seconds
[2025-08-20T20:25:05.450+0000] {processor.py:186} INFO - Started process (PID=876) to work on /home/airflow/.local/lib/python3.12/site-packages/airflow/example_dags/example_outlet_event_extra.py
[2025-08-20T20:25:05.454+0000] {processor.py:914} INFO - Processing file /home/airflow/.local/lib/python3.12/site-packages/airflow/example_dags/example_outlet_event_extra.py for tasks to queue
[2025-08-20T20:25:05.462+0000] {logging_mixin.py:190} INFO - [2025-08-20T20:25:05.462+0000] {dagbag.py:587} INFO - Filling up the DagBag from /home/airflow/.local/lib/python3.12/site-packages/airflow/example_dags/example_outlet_event_extra.py
[2025-08-20T20:25:05.866+0000] {processor.py:925} INFO - DAG(s) 'dataset_with_extra_from_classic_operator', 'dataset_with_extra_by_yield', 'dataset_with_extra_by_context' retrieved from /home/airflow/.local/lib/python3.12/site-packages/airflow/example_dags/example_outlet_event_extra.py
[2025-08-20T20:25:06.017+0000] {logging_mixin.py:190} INFO - [2025-08-20T20:25:06.016+0000] {dag.py:3229} INFO - Sync 3 DAGs
[2025-08-20T20:25:06.113+0000] {logging_mixin.py:190} INFO - [2025-08-20T20:25:06.112+0000] {dag.py:4156} INFO - Setting next_dagrun for dataset_with_extra_by_context to 2025-08-19 00:00:00+00:00, run_after=2025-08-20 00:00:00+00:00
[2025-08-20T20:25:06.121+0000] {logging_mixin.py:190} INFO - [2025-08-20T20:25:06.121+0000] {dag.py:4156} INFO - Setting next_dagrun for dataset_with_extra_by_yield to 2025-08-19 00:00:00+00:00, run_after=2025-08-20 00:00:00+00:00
[2025-08-20T20:25:06.130+0000] {logging_mixin.py:190} INFO - [2025-08-20T20:25:06.130+0000] {dag.py:4156} INFO - Setting next_dagrun for dataset_with_extra_from_classic_operator to 2025-08-19 00:00:00+00:00, run_after=2025-08-20 00:00:00+00:00
[2025-08-20T20:25:06.206+0000] {processor.py:208} INFO - Processing /home/airflow/.local/lib/python3.12/site-packages/airflow/example_dags/example_outlet_event_extra.py took 0.768 seconds
[2025-08-20T20:25:36.331+0000] {processor.py:186} INFO - Started process (PID=937) to work on /home/airflow/.local/lib/python3.12/site-packages/airflow/example_dags/example_outlet_event_extra.py
[2025-08-20T20:25:36.336+0000] {processor.py:914} INFO - Processing file /home/airflow/.local/lib/python3.12/site-packages/airflow/example_dags/example_outlet_event_extra.py for tasks to queue
[2025-08-20T20:25:36.340+0000] {logging_mixin.py:190} INFO - [2025-08-20T20:25:36.340+0000] {dagbag.py:587} INFO - Filling up the DagBag from /home/airflow/.local/lib/python3.12/site-packages/airflow/example_dags/example_outlet_event_extra.py
[2025-08-20T20:25:36.750+0000] {processor.py:925} INFO - DAG(s) 'dataset_with_extra_by_yield', 'dataset_with_extra_from_classic_operator', 'dataset_with_extra_by_context' retrieved from /home/airflow/.local/lib/python3.12/site-packages/airflow/example_dags/example_outlet_event_extra.py
[2025-08-20T20:25:36.799+0000] {logging_mixin.py:190} INFO - [2025-08-20T20:25:36.799+0000] {dag.py:3229} INFO - Sync 3 DAGs
[2025-08-20T20:25:36.850+0000] {logging_mixin.py:190} INFO - [2025-08-20T20:25:36.849+0000] {dag.py:4156} INFO - Setting next_dagrun for dataset_with_extra_by_context to 2025-08-19 00:00:00+00:00, run_after=2025-08-20 00:00:00+00:00
[2025-08-20T20:25:36.864+0000] {logging_mixin.py:190} INFO - [2025-08-20T20:25:36.864+0000] {dag.py:4156} INFO - Setting next_dagrun for dataset_with_extra_by_yield to 2025-08-19 00:00:00+00:00, run_after=2025-08-20 00:00:00+00:00
[2025-08-20T20:25:36.870+0000] {logging_mixin.py:190} INFO - [2025-08-20T20:25:36.870+0000] {dag.py:4156} INFO - Setting next_dagrun for dataset_with_extra_from_classic_operator to 2025-08-19 00:00:00+00:00, run_after=2025-08-20 00:00:00+00:00
[2025-08-20T20:25:36.899+0000] {processor.py:208} INFO - Processing /home/airflow/.local/lib/python3.12/site-packages/airflow/example_dags/example_outlet_event_extra.py took 0.576 seconds
[2025-08-20T20:26:07.512+0000] {processor.py:186} INFO - Started process (PID=999) to work on /home/airflow/.local/lib/python3.12/site-packages/airflow/example_dags/example_outlet_event_extra.py
[2025-08-20T20:26:07.514+0000] {processor.py:914} INFO - Processing file /home/airflow/.local/lib/python3.12/site-packages/airflow/example_dags/example_outlet_event_extra.py for tasks to queue
[2025-08-20T20:26:07.521+0000] {logging_mixin.py:190} INFO - [2025-08-20T20:26:07.521+0000] {dagbag.py:587} INFO - Filling up the DagBag from /home/airflow/.local/lib/python3.12/site-packages/airflow/example_dags/example_outlet_event_extra.py
[2025-08-20T20:26:07.726+0000] {processor.py:925} INFO - DAG(s) 'dataset_with_extra_by_context', 'dataset_with_extra_from_classic_operator', 'dataset_with_extra_by_yield' retrieved from /home/airflow/.local/lib/python3.12/site-packages/airflow/example_dags/example_outlet_event_extra.py
[2025-08-20T20:26:07.751+0000] {logging_mixin.py:190} INFO - [2025-08-20T20:26:07.750+0000] {dag.py:3229} INFO - Sync 3 DAGs
[2025-08-20T20:26:07.772+0000] {logging_mixin.py:190} INFO - [2025-08-20T20:26:07.771+0000] {dag.py:4156} INFO - Setting next_dagrun for dataset_with_extra_by_context to 2025-08-19 00:00:00+00:00, run_after=2025-08-20 00:00:00+00:00
[2025-08-20T20:26:07.776+0000] {logging_mixin.py:190} INFO - [2025-08-20T20:26:07.775+0000] {dag.py:4156} INFO - Setting next_dagrun for dataset_with_extra_by_yield to 2025-08-19 00:00:00+00:00, run_after=2025-08-20 00:00:00+00:00
[2025-08-20T20:26:07.777+0000] {logging_mixin.py:190} INFO - [2025-08-20T20:26:07.777+0000] {dag.py:4156} INFO - Setting next_dagrun for dataset_with_extra_from_classic_operator to 2025-08-19 00:00:00+00:00, run_after=2025-08-20 00:00:00+00:00
[2025-08-20T20:26:07.793+0000] {processor.py:208} INFO - Processing /home/airflow/.local/lib/python3.12/site-packages/airflow/example_dags/example_outlet_event_extra.py took 0.295 seconds
[2025-08-20T20:26:37.817+0000] {processor.py:186} INFO - Started process (PID=1062) to work on /home/airflow/.local/lib/python3.12/site-packages/airflow/example_dags/example_outlet_event_extra.py
[2025-08-20T20:26:37.818+0000] {processor.py:914} INFO - Processing file /home/airflow/.local/lib/python3.12/site-packages/airflow/example_dags/example_outlet_event_extra.py for tasks to queue
[2025-08-20T20:26:37.821+0000] {logging_mixin.py:190} INFO - [2025-08-20T20:26:37.821+0000] {dagbag.py:587} INFO - Filling up the DagBag from /home/airflow/.local/lib/python3.12/site-packages/airflow/example_dags/example_outlet_event_extra.py
[2025-08-20T20:26:38.076+0000] {processor.py:925} INFO - DAG(s) 'dataset_with_extra_from_classic_operator', 'dataset_with_extra_by_context', 'dataset_with_extra_by_yield' retrieved from /home/airflow/.local/lib/python3.12/site-packages/airflow/example_dags/example_outlet_event_extra.py
[2025-08-20T20:26:38.119+0000] {logging_mixin.py:190} INFO - [2025-08-20T20:26:38.119+0000] {dag.py:3229} INFO - Sync 3 DAGs
[2025-08-20T20:26:38.145+0000] {logging_mixin.py:190} INFO - [2025-08-20T20:26:38.144+0000] {dag.py:4156} INFO - Setting next_dagrun for dataset_with_extra_by_context to 2025-08-19 00:00:00+00:00, run_after=2025-08-20 00:00:00+00:00
[2025-08-20T20:26:38.151+0000] {logging_mixin.py:190} INFO - [2025-08-20T20:26:38.151+0000] {dag.py:4156} INFO - Setting next_dagrun for dataset_with_extra_by_yield to 2025-08-19 00:00:00+00:00, run_after=2025-08-20 00:00:00+00:00
[2025-08-20T20:26:38.154+0000] {logging_mixin.py:190} INFO - [2025-08-20T20:26:38.154+0000] {dag.py:4156} INFO - Setting next_dagrun for dataset_with_extra_from_classic_operator to 2025-08-19 00:00:00+00:00, run_after=2025-08-20 00:00:00+00:00
[2025-08-20T20:26:38.174+0000] {processor.py:208} INFO - Processing /home/airflow/.local/lib/python3.12/site-packages/airflow/example_dags/example_outlet_event_extra.py took 0.360 seconds
