[2025-08-20T20:18:23.080+0000] {processor.py:186} INFO - Started process (PID=86) to work on /home/airflow/.local/lib/python3.12/site-packages/airflow/example_dags/example_xcomargs.py
[2025-08-20T20:18:23.082+0000] {processor.py:914} INFO - Processing file /home/airflow/.local/lib/python3.12/site-packages/airflow/example_dags/example_xcomargs.py for tasks to queue
[2025-08-20T20:18:23.090+0000] {logging_mixin.py:190} INFO - [2025-08-20T20:18:23.090+0000] {dagbag.py:587} INFO - Filling up the DagBag from /home/airflow/.local/lib/python3.12/site-packages/airflow/example_dags/example_xcomargs.py
[2025-08-20T20:18:23.128+0000] {processor.py:925} INFO - DAG(s) 'example_xcom_args', 'example_xcom_args_with_operators' retrieved from /home/airflow/.local/lib/python3.12/site-packages/airflow/example_dags/example_xcomargs.py
[2025-08-20T20:18:23.353+0000] {logging_mixin.py:190} INFO - [2025-08-20T20:18:23.351+0000] {override.py:1900} INFO - Created Permission View: can read on DAG:example_xcom_args
[2025-08-20T20:18:23.390+0000] {logging_mixin.py:190} INFO - [2025-08-20T20:18:23.388+0000] {override.py:1900} INFO - Created Permission View: can delete on DAG:example_xcom_args
[2025-08-20T20:18:23.401+0000] {logging_mixin.py:190} INFO - [2025-08-20T20:18:23.401+0000] {override.py:1900} INFO - Created Permission View: can edit on DAG:example_xcom_args
[2025-08-20T20:18:23.415+0000] {logging_mixin.py:190} INFO - [2025-08-20T20:18:23.415+0000] {override.py:1900} INFO - Created Permission View: can read on DAG Run:example_xcom_args
[2025-08-20T20:18:23.428+0000] {logging_mixin.py:190} INFO - [2025-08-20T20:18:23.428+0000] {override.py:1900} INFO - Created Permission View: menu access on DAG Run:example_xcom_args
[2025-08-20T20:18:23.442+0000] {logging_mixin.py:190} INFO - [2025-08-20T20:18:23.441+0000] {override.py:1900} INFO - Created Permission View: can delete on DAG Run:example_xcom_args
[2025-08-20T20:18:23.452+0000] {logging_mixin.py:190} INFO - [2025-08-20T20:18:23.452+0000] {override.py:1900} INFO - Created Permission View: can create on DAG Run:example_xcom_args
[2025-08-20T20:18:23.474+0000] {logging_mixin.py:190} INFO - [2025-08-20T20:18:23.473+0000] {override.py:1900} INFO - Created Permission View: can read on DAG:example_xcom_args_with_operators
[2025-08-20T20:18:23.481+0000] {logging_mixin.py:190} INFO - [2025-08-20T20:18:23.480+0000] {override.py:1900} INFO - Created Permission View: can delete on DAG:example_xcom_args_with_operators
[2025-08-20T20:18:23.494+0000] {logging_mixin.py:190} INFO - [2025-08-20T20:18:23.494+0000] {override.py:1900} INFO - Created Permission View: can edit on DAG:example_xcom_args_with_operators
[2025-08-20T20:18:23.505+0000] {logging_mixin.py:190} INFO - [2025-08-20T20:18:23.504+0000] {override.py:1900} INFO - Created Permission View: can read on DAG Run:example_xcom_args_with_operators
[2025-08-20T20:18:23.531+0000] {logging_mixin.py:190} INFO - [2025-08-20T20:18:23.531+0000] {override.py:1900} INFO - Created Permission View: menu access on DAG Run:example_xcom_args_with_operators
[2025-08-20T20:18:23.549+0000] {logging_mixin.py:190} INFO - [2025-08-20T20:18:23.548+0000] {override.py:1900} INFO - Created Permission View: can delete on DAG Run:example_xcom_args_with_operators
[2025-08-20T20:18:23.555+0000] {logging_mixin.py:190} INFO - [2025-08-20T20:18:23.554+0000] {override.py:1900} INFO - Created Permission View: can create on DAG Run:example_xcom_args_with_operators
[2025-08-20T20:18:23.555+0000] {logging_mixin.py:190} INFO - [2025-08-20T20:18:23.555+0000] {dag.py:3229} INFO - Sync 2 DAGs
[2025-08-20T20:18:23.618+0000] {logging_mixin.py:190} INFO - [2025-08-20T20:18:23.617+0000] {dag.py:3252} INFO - Creating ORM DAG for example_xcom_args_with_operators
[2025-08-20T20:18:23.620+0000] {logging_mixin.py:190} INFO - [2025-08-20T20:18:23.620+0000] {dag.py:3252} INFO - Creating ORM DAG for example_xcom_args
[2025-08-20T20:18:23.622+0000] {logging_mixin.py:190} INFO - [2025-08-20T20:18:23.622+0000] {dag.py:4156} INFO - Setting next_dagrun for example_xcom_args to None, run_after=None
[2025-08-20T20:18:23.625+0000] {logging_mixin.py:190} INFO - [2025-08-20T20:18:23.625+0000] {dag.py:4156} INFO - Setting next_dagrun for example_xcom_args_with_operators to None, run_after=None
[2025-08-20T20:18:23.696+0000] {processor.py:208} INFO - Processing /home/airflow/.local/lib/python3.12/site-packages/airflow/example_dags/example_xcomargs.py took 0.627 seconds
[2025-08-20T20:18:54.799+0000] {processor.py:186} INFO - Started process (PID=148) to work on /home/airflow/.local/lib/python3.12/site-packages/airflow/example_dags/example_xcomargs.py
[2025-08-20T20:18:54.801+0000] {processor.py:914} INFO - Processing file /home/airflow/.local/lib/python3.12/site-packages/airflow/example_dags/example_xcomargs.py for tasks to queue
[2025-08-20T20:18:54.803+0000] {logging_mixin.py:190} INFO - [2025-08-20T20:18:54.802+0000] {dagbag.py:587} INFO - Filling up the DagBag from /home/airflow/.local/lib/python3.12/site-packages/airflow/example_dags/example_xcomargs.py
[2025-08-20T20:18:54.818+0000] {processor.py:925} INFO - DAG(s) 'example_xcom_args_with_operators', 'example_xcom_args' retrieved from /home/airflow/.local/lib/python3.12/site-packages/airflow/example_dags/example_xcomargs.py
[2025-08-20T20:18:54.845+0000] {logging_mixin.py:190} INFO - [2025-08-20T20:18:54.845+0000] {dag.py:3229} INFO - Sync 2 DAGs
[2025-08-20T20:18:54.863+0000] {logging_mixin.py:190} INFO - [2025-08-20T20:18:54.863+0000] {dag.py:4156} INFO - Setting next_dagrun for example_xcom_args to None, run_after=None
[2025-08-20T20:18:54.867+0000] {logging_mixin.py:190} INFO - [2025-08-20T20:18:54.866+0000] {dag.py:4156} INFO - Setting next_dagrun for example_xcom_args_with_operators to None, run_after=None
[2025-08-20T20:18:54.884+0000] {processor.py:208} INFO - Processing /home/airflow/.local/lib/python3.12/site-packages/airflow/example_dags/example_xcomargs.py took 0.089 seconds
[2025-08-20T20:19:26.782+0000] {processor.py:186} INFO - Started process (PID=210) to work on /home/airflow/.local/lib/python3.12/site-packages/airflow/example_dags/example_xcomargs.py
[2025-08-20T20:19:26.784+0000] {processor.py:914} INFO - Processing file /home/airflow/.local/lib/python3.12/site-packages/airflow/example_dags/example_xcomargs.py for tasks to queue
[2025-08-20T20:19:26.791+0000] {logging_mixin.py:190} INFO - [2025-08-20T20:19:26.789+0000] {dagbag.py:587} INFO - Filling up the DagBag from /home/airflow/.local/lib/python3.12/site-packages/airflow/example_dags/example_xcomargs.py
[2025-08-20T20:19:26.862+0000] {processor.py:925} INFO - DAG(s) 'example_xcom_args_with_operators', 'example_xcom_args' retrieved from /home/airflow/.local/lib/python3.12/site-packages/airflow/example_dags/example_xcomargs.py
[2025-08-20T20:19:27.065+0000] {logging_mixin.py:190} INFO - [2025-08-20T20:19:27.065+0000] {dag.py:3229} INFO - Sync 2 DAGs
[2025-08-20T20:19:27.130+0000] {logging_mixin.py:190} INFO - [2025-08-20T20:19:27.129+0000] {dag.py:4156} INFO - Setting next_dagrun for example_xcom_args to None, run_after=None
[2025-08-20T20:19:27.135+0000] {logging_mixin.py:190} INFO - [2025-08-20T20:19:27.135+0000] {dag.py:4156} INFO - Setting next_dagrun for example_xcom_args_with_operators to None, run_after=None
[2025-08-20T20:19:27.188+0000] {processor.py:208} INFO - Processing /home/airflow/.local/lib/python3.12/site-packages/airflow/example_dags/example_xcomargs.py took 0.415 seconds
[2025-08-20T20:19:59.403+0000] {processor.py:186} INFO - Started process (PID=272) to work on /home/airflow/.local/lib/python3.12/site-packages/airflow/example_dags/example_xcomargs.py
[2025-08-20T20:19:59.407+0000] {processor.py:914} INFO - Processing file /home/airflow/.local/lib/python3.12/site-packages/airflow/example_dags/example_xcomargs.py for tasks to queue
[2025-08-20T20:19:59.410+0000] {logging_mixin.py:190} INFO - [2025-08-20T20:19:59.410+0000] {dagbag.py:587} INFO - Filling up the DagBag from /home/airflow/.local/lib/python3.12/site-packages/airflow/example_dags/example_xcomargs.py
[2025-08-20T20:19:59.430+0000] {processor.py:925} INFO - DAG(s) 'example_xcom_args_with_operators', 'example_xcom_args' retrieved from /home/airflow/.local/lib/python3.12/site-packages/airflow/example_dags/example_xcomargs.py
[2025-08-20T20:19:59.459+0000] {logging_mixin.py:190} INFO - [2025-08-20T20:19:59.459+0000] {dag.py:3229} INFO - Sync 2 DAGs
[2025-08-20T20:19:59.481+0000] {logging_mixin.py:190} INFO - [2025-08-20T20:19:59.481+0000] {dag.py:4156} INFO - Setting next_dagrun for example_xcom_args to None, run_after=None
[2025-08-20T20:19:59.484+0000] {logging_mixin.py:190} INFO - [2025-08-20T20:19:59.484+0000] {dag.py:4156} INFO - Setting next_dagrun for example_xcom_args_with_operators to None, run_after=None
[2025-08-20T20:19:59.500+0000] {processor.py:208} INFO - Processing /home/airflow/.local/lib/python3.12/site-packages/airflow/example_dags/example_xcomargs.py took 0.107 seconds
[2025-08-20T20:20:36.974+0000] {processor.py:186} INFO - Started process (PID=340) to work on /home/airflow/.local/lib/python3.12/site-packages/airflow/example_dags/example_xcomargs.py
[2025-08-20T20:20:36.991+0000] {processor.py:914} INFO - Processing file /home/airflow/.local/lib/python3.12/site-packages/airflow/example_dags/example_xcomargs.py for tasks to queue
[2025-08-20T20:20:37.019+0000] {logging_mixin.py:190} INFO - [2025-08-20T20:20:37.018+0000] {dagbag.py:587} INFO - Filling up the DagBag from /home/airflow/.local/lib/python3.12/site-packages/airflow/example_dags/example_xcomargs.py
[2025-08-20T20:20:37.055+0000] {processor.py:925} INFO - DAG(s) 'example_xcom_args', 'example_xcom_args_with_operators' retrieved from /home/airflow/.local/lib/python3.12/site-packages/airflow/example_dags/example_xcomargs.py
[2025-08-20T20:20:37.108+0000] {logging_mixin.py:190} INFO - [2025-08-20T20:20:37.108+0000] {dag.py:3229} INFO - Sync 2 DAGs
[2025-08-20T20:20:37.129+0000] {logging_mixin.py:190} INFO - [2025-08-20T20:20:37.129+0000] {dag.py:4156} INFO - Setting next_dagrun for example_xcom_args to None, run_after=None
[2025-08-20T20:20:37.132+0000] {logging_mixin.py:190} INFO - [2025-08-20T20:20:37.132+0000] {dag.py:4156} INFO - Setting next_dagrun for example_xcom_args_with_operators to None, run_after=None
[2025-08-20T20:20:37.151+0000] {processor.py:208} INFO - Processing /home/airflow/.local/lib/python3.12/site-packages/airflow/example_dags/example_xcomargs.py took 0.213 seconds
[2025-08-20T20:21:08.473+0000] {processor.py:186} INFO - Started process (PID=402) to work on /home/airflow/.local/lib/python3.12/site-packages/airflow/example_dags/example_xcomargs.py
[2025-08-20T20:21:08.478+0000] {processor.py:914} INFO - Processing file /home/airflow/.local/lib/python3.12/site-packages/airflow/example_dags/example_xcomargs.py for tasks to queue
[2025-08-20T20:21:08.481+0000] {logging_mixin.py:190} INFO - [2025-08-20T20:21:08.481+0000] {dagbag.py:587} INFO - Filling up the DagBag from /home/airflow/.local/lib/python3.12/site-packages/airflow/example_dags/example_xcomargs.py
[2025-08-20T20:21:08.500+0000] {processor.py:925} INFO - DAG(s) 'example_xcom_args_with_operators', 'example_xcom_args' retrieved from /home/airflow/.local/lib/python3.12/site-packages/airflow/example_dags/example_xcomargs.py
[2025-08-20T20:21:08.541+0000] {logging_mixin.py:190} INFO - [2025-08-20T20:21:08.540+0000] {dag.py:3229} INFO - Sync 2 DAGs
[2025-08-20T20:21:08.578+0000] {logging_mixin.py:190} INFO - [2025-08-20T20:21:08.578+0000] {dag.py:4156} INFO - Setting next_dagrun for example_xcom_args to None, run_after=None
[2025-08-20T20:21:08.589+0000] {logging_mixin.py:190} INFO - [2025-08-20T20:21:08.589+0000] {dag.py:4156} INFO - Setting next_dagrun for example_xcom_args_with_operators to None, run_after=None
[2025-08-20T20:21:08.629+0000] {processor.py:208} INFO - Processing /home/airflow/.local/lib/python3.12/site-packages/airflow/example_dags/example_xcomargs.py took 0.166 seconds
[2025-08-20T20:21:39.592+0000] {processor.py:186} INFO - Started process (PID=464) to work on /home/airflow/.local/lib/python3.12/site-packages/airflow/example_dags/example_xcomargs.py
[2025-08-20T20:21:39.594+0000] {processor.py:914} INFO - Processing file /home/airflow/.local/lib/python3.12/site-packages/airflow/example_dags/example_xcomargs.py for tasks to queue
[2025-08-20T20:21:39.600+0000] {logging_mixin.py:190} INFO - [2025-08-20T20:21:39.600+0000] {dagbag.py:587} INFO - Filling up the DagBag from /home/airflow/.local/lib/python3.12/site-packages/airflow/example_dags/example_xcomargs.py
[2025-08-20T20:21:39.641+0000] {processor.py:925} INFO - DAG(s) 'example_xcom_args', 'example_xcom_args_with_operators' retrieved from /home/airflow/.local/lib/python3.12/site-packages/airflow/example_dags/example_xcomargs.py
[2025-08-20T20:21:39.742+0000] {logging_mixin.py:190} INFO - [2025-08-20T20:21:39.742+0000] {dag.py:3229} INFO - Sync 2 DAGs
[2025-08-20T20:21:39.825+0000] {logging_mixin.py:190} INFO - [2025-08-20T20:21:39.825+0000] {dag.py:4156} INFO - Setting next_dagrun for example_xcom_args to None, run_after=None
[2025-08-20T20:21:39.841+0000] {logging_mixin.py:190} INFO - [2025-08-20T20:21:39.841+0000] {dag.py:4156} INFO - Setting next_dagrun for example_xcom_args_with_operators to None, run_after=None
[2025-08-20T20:21:39.896+0000] {processor.py:208} INFO - Processing /home/airflow/.local/lib/python3.12/site-packages/airflow/example_dags/example_xcomargs.py took 0.320 seconds
[2025-08-20T20:22:12.841+0000] {processor.py:186} INFO - Started process (PID=526) to work on /home/airflow/.local/lib/python3.12/site-packages/airflow/example_dags/example_xcomargs.py
[2025-08-20T20:22:12.847+0000] {processor.py:914} INFO - Processing file /home/airflow/.local/lib/python3.12/site-packages/airflow/example_dags/example_xcomargs.py for tasks to queue
[2025-08-20T20:22:12.854+0000] {logging_mixin.py:190} INFO - [2025-08-20T20:22:12.852+0000] {dagbag.py:587} INFO - Filling up the DagBag from /home/airflow/.local/lib/python3.12/site-packages/airflow/example_dags/example_xcomargs.py
[2025-08-20T20:22:12.893+0000] {processor.py:925} INFO - DAG(s) 'example_xcom_args_with_operators', 'example_xcom_args' retrieved from /home/airflow/.local/lib/python3.12/site-packages/airflow/example_dags/example_xcomargs.py
[2025-08-20T20:22:12.945+0000] {logging_mixin.py:190} INFO - [2025-08-20T20:22:12.944+0000] {dag.py:3229} INFO - Sync 2 DAGs
[2025-08-20T20:22:12.979+0000] {logging_mixin.py:190} INFO - [2025-08-20T20:22:12.979+0000] {dag.py:4156} INFO - Setting next_dagrun for example_xcom_args to None, run_after=None
[2025-08-20T20:22:12.985+0000] {logging_mixin.py:190} INFO - [2025-08-20T20:22:12.985+0000] {dag.py:4156} INFO - Setting next_dagrun for example_xcom_args_with_operators to None, run_after=None
[2025-08-20T20:22:13.041+0000] {processor.py:208} INFO - Processing /home/airflow/.local/lib/python3.12/site-packages/airflow/example_dags/example_xcomargs.py took 0.205 seconds
[2025-08-20T20:22:46.830+0000] {processor.py:186} INFO - Started process (PID=588) to work on /home/airflow/.local/lib/python3.12/site-packages/airflow/example_dags/example_xcomargs.py
[2025-08-20T20:22:46.832+0000] {processor.py:914} INFO - Processing file /home/airflow/.local/lib/python3.12/site-packages/airflow/example_dags/example_xcomargs.py for tasks to queue
[2025-08-20T20:22:46.833+0000] {logging_mixin.py:190} INFO - [2025-08-20T20:22:46.833+0000] {dagbag.py:587} INFO - Filling up the DagBag from /home/airflow/.local/lib/python3.12/site-packages/airflow/example_dags/example_xcomargs.py
[2025-08-20T20:22:46.846+0000] {processor.py:925} INFO - DAG(s) 'example_xcom_args', 'example_xcom_args_with_operators' retrieved from /home/airflow/.local/lib/python3.12/site-packages/airflow/example_dags/example_xcomargs.py
[2025-08-20T20:22:46.866+0000] {logging_mixin.py:190} INFO - [2025-08-20T20:22:46.866+0000] {dag.py:3229} INFO - Sync 2 DAGs
[2025-08-20T20:22:46.876+0000] {logging_mixin.py:190} INFO - [2025-08-20T20:22:46.876+0000] {dag.py:4156} INFO - Setting next_dagrun for example_xcom_args to None, run_after=None
[2025-08-20T20:22:46.879+0000] {logging_mixin.py:190} INFO - [2025-08-20T20:22:46.879+0000] {dag.py:4156} INFO - Setting next_dagrun for example_xcom_args_with_operators to None, run_after=None
[2025-08-20T20:22:46.890+0000] {processor.py:208} INFO - Processing /home/airflow/.local/lib/python3.12/site-packages/airflow/example_dags/example_xcomargs.py took 0.069 seconds
[2025-08-20T20:23:19.233+0000] {processor.py:186} INFO - Started process (PID=650) to work on /home/airflow/.local/lib/python3.12/site-packages/airflow/example_dags/example_xcomargs.py
[2025-08-20T20:23:19.235+0000] {processor.py:914} INFO - Processing file /home/airflow/.local/lib/python3.12/site-packages/airflow/example_dags/example_xcomargs.py for tasks to queue
[2025-08-20T20:23:19.242+0000] {logging_mixin.py:190} INFO - [2025-08-20T20:23:19.242+0000] {dagbag.py:587} INFO - Filling up the DagBag from /home/airflow/.local/lib/python3.12/site-packages/airflow/example_dags/example_xcomargs.py
[2025-08-20T20:23:19.268+0000] {processor.py:925} INFO - DAG(s) 'example_xcom_args', 'example_xcom_args_with_operators' retrieved from /home/airflow/.local/lib/python3.12/site-packages/airflow/example_dags/example_xcomargs.py
[2025-08-20T20:23:19.340+0000] {logging_mixin.py:190} INFO - [2025-08-20T20:23:19.339+0000] {dag.py:3229} INFO - Sync 2 DAGs
[2025-08-20T20:23:19.370+0000] {logging_mixin.py:190} INFO - [2025-08-20T20:23:19.369+0000] {dag.py:4156} INFO - Setting next_dagrun for example_xcom_args to None, run_after=None
[2025-08-20T20:23:19.374+0000] {logging_mixin.py:190} INFO - [2025-08-20T20:23:19.373+0000] {dag.py:4156} INFO - Setting next_dagrun for example_xcom_args_with_operators to None, run_after=None
[2025-08-20T20:23:19.392+0000] {processor.py:208} INFO - Processing /home/airflow/.local/lib/python3.12/site-packages/airflow/example_dags/example_xcomargs.py took 0.174 seconds
[2025-08-20T20:23:51.083+0000] {processor.py:186} INFO - Started process (PID=712) to work on /home/airflow/.local/lib/python3.12/site-packages/airflow/example_dags/example_xcomargs.py
[2025-08-20T20:23:51.085+0000] {processor.py:914} INFO - Processing file /home/airflow/.local/lib/python3.12/site-packages/airflow/example_dags/example_xcomargs.py for tasks to queue
[2025-08-20T20:23:51.089+0000] {logging_mixin.py:190} INFO - [2025-08-20T20:23:51.088+0000] {dagbag.py:587} INFO - Filling up the DagBag from /home/airflow/.local/lib/python3.12/site-packages/airflow/example_dags/example_xcomargs.py
[2025-08-20T20:23:51.120+0000] {processor.py:925} INFO - DAG(s) 'example_xcom_args', 'example_xcom_args_with_operators' retrieved from /home/airflow/.local/lib/python3.12/site-packages/airflow/example_dags/example_xcomargs.py
[2025-08-20T20:23:51.168+0000] {logging_mixin.py:190} INFO - [2025-08-20T20:23:51.168+0000] {dag.py:3229} INFO - Sync 2 DAGs
[2025-08-20T20:23:51.192+0000] {logging_mixin.py:190} INFO - [2025-08-20T20:23:51.192+0000] {dag.py:4156} INFO - Setting next_dagrun for example_xcom_args to None, run_after=None
[2025-08-20T20:23:51.208+0000] {logging_mixin.py:190} INFO - [2025-08-20T20:23:51.208+0000] {dag.py:4156} INFO - Setting next_dagrun for example_xcom_args_with_operators to None, run_after=None
[2025-08-20T20:23:51.250+0000] {processor.py:208} INFO - Processing /home/airflow/.local/lib/python3.12/site-packages/airflow/example_dags/example_xcomargs.py took 0.173 seconds
[2025-08-20T20:24:23.268+0000] {processor.py:186} INFO - Started process (PID=774) to work on /home/airflow/.local/lib/python3.12/site-packages/airflow/example_dags/example_xcomargs.py
[2025-08-20T20:24:23.269+0000] {processor.py:914} INFO - Processing file /home/airflow/.local/lib/python3.12/site-packages/airflow/example_dags/example_xcomargs.py for tasks to queue
[2025-08-20T20:24:23.270+0000] {logging_mixin.py:190} INFO - [2025-08-20T20:24:23.270+0000] {dagbag.py:587} INFO - Filling up the DagBag from /home/airflow/.local/lib/python3.12/site-packages/airflow/example_dags/example_xcomargs.py
[2025-08-20T20:24:23.304+0000] {processor.py:925} INFO - DAG(s) 'example_xcom_args_with_operators', 'example_xcom_args' retrieved from /home/airflow/.local/lib/python3.12/site-packages/airflow/example_dags/example_xcomargs.py
[2025-08-20T20:24:23.366+0000] {logging_mixin.py:190} INFO - [2025-08-20T20:24:23.365+0000] {dag.py:3229} INFO - Sync 2 DAGs
[2025-08-20T20:24:23.388+0000] {logging_mixin.py:190} INFO - [2025-08-20T20:24:23.388+0000] {dag.py:4156} INFO - Setting next_dagrun for example_xcom_args to None, run_after=None
[2025-08-20T20:24:23.392+0000] {logging_mixin.py:190} INFO - [2025-08-20T20:24:23.392+0000] {dag.py:4156} INFO - Setting next_dagrun for example_xcom_args_with_operators to None, run_after=None
[2025-08-20T20:24:23.409+0000] {processor.py:208} INFO - Processing /home/airflow/.local/lib/python3.12/site-packages/airflow/example_dags/example_xcomargs.py took 0.151 seconds
[2025-08-20T20:24:54.022+0000] {processor.py:186} INFO - Started process (PID=835) to work on /home/airflow/.local/lib/python3.12/site-packages/airflow/example_dags/example_xcomargs.py
[2025-08-20T20:24:54.024+0000] {processor.py:914} INFO - Processing file /home/airflow/.local/lib/python3.12/site-packages/airflow/example_dags/example_xcomargs.py for tasks to queue
[2025-08-20T20:24:54.025+0000] {logging_mixin.py:190} INFO - [2025-08-20T20:24:54.025+0000] {dagbag.py:587} INFO - Filling up the DagBag from /home/airflow/.local/lib/python3.12/site-packages/airflow/example_dags/example_xcomargs.py
[2025-08-20T20:24:54.032+0000] {processor.py:925} INFO - DAG(s) 'example_xcom_args_with_operators', 'example_xcom_args' retrieved from /home/airflow/.local/lib/python3.12/site-packages/airflow/example_dags/example_xcomargs.py
[2025-08-20T20:24:54.063+0000] {logging_mixin.py:190} INFO - [2025-08-20T20:24:54.063+0000] {dag.py:3229} INFO - Sync 2 DAGs
[2025-08-20T20:24:54.073+0000] {logging_mixin.py:190} INFO - [2025-08-20T20:24:54.073+0000] {dag.py:4156} INFO - Setting next_dagrun for example_xcom_args to None, run_after=None
[2025-08-20T20:24:54.076+0000] {logging_mixin.py:190} INFO - [2025-08-20T20:24:54.076+0000] {dag.py:4156} INFO - Setting next_dagrun for example_xcom_args_with_operators to None, run_after=None
[2025-08-20T20:24:54.089+0000] {processor.py:208} INFO - Processing /home/airflow/.local/lib/python3.12/site-packages/airflow/example_dags/example_xcomargs.py took 0.071 seconds
[2025-08-20T20:25:24.669+0000] {processor.py:186} INFO - Started process (PID=897) to work on /home/airflow/.local/lib/python3.12/site-packages/airflow/example_dags/example_xcomargs.py
[2025-08-20T20:25:24.670+0000] {processor.py:914} INFO - Processing file /home/airflow/.local/lib/python3.12/site-packages/airflow/example_dags/example_xcomargs.py for tasks to queue
[2025-08-20T20:25:24.671+0000] {logging_mixin.py:190} INFO - [2025-08-20T20:25:24.671+0000] {dagbag.py:587} INFO - Filling up the DagBag from /home/airflow/.local/lib/python3.12/site-packages/airflow/example_dags/example_xcomargs.py
[2025-08-20T20:25:24.683+0000] {processor.py:925} INFO - DAG(s) 'example_xcom_args_with_operators', 'example_xcom_args' retrieved from /home/airflow/.local/lib/python3.12/site-packages/airflow/example_dags/example_xcomargs.py
[2025-08-20T20:25:24.709+0000] {logging_mixin.py:190} INFO - [2025-08-20T20:25:24.709+0000] {dag.py:3229} INFO - Sync 2 DAGs
[2025-08-20T20:25:24.721+0000] {logging_mixin.py:190} INFO - [2025-08-20T20:25:24.721+0000] {dag.py:4156} INFO - Setting next_dagrun for example_xcom_args to None, run_after=None
[2025-08-20T20:25:24.724+0000] {logging_mixin.py:190} INFO - [2025-08-20T20:25:24.724+0000] {dag.py:4156} INFO - Setting next_dagrun for example_xcom_args_with_operators to None, run_after=None
[2025-08-20T20:25:24.736+0000] {processor.py:208} INFO - Processing /home/airflow/.local/lib/python3.12/site-packages/airflow/example_dags/example_xcomargs.py took 0.071 seconds
[2025-08-20T20:25:55.263+0000] {processor.py:186} INFO - Started process (PID=959) to work on /home/airflow/.local/lib/python3.12/site-packages/airflow/example_dags/example_xcomargs.py
[2025-08-20T20:25:55.264+0000] {processor.py:914} INFO - Processing file /home/airflow/.local/lib/python3.12/site-packages/airflow/example_dags/example_xcomargs.py for tasks to queue
[2025-08-20T20:25:55.265+0000] {logging_mixin.py:190} INFO - [2025-08-20T20:25:55.265+0000] {dagbag.py:587} INFO - Filling up the DagBag from /home/airflow/.local/lib/python3.12/site-packages/airflow/example_dags/example_xcomargs.py
[2025-08-20T20:25:55.272+0000] {processor.py:925} INFO - DAG(s) 'example_xcom_args_with_operators', 'example_xcom_args' retrieved from /home/airflow/.local/lib/python3.12/site-packages/airflow/example_dags/example_xcomargs.py
[2025-08-20T20:25:55.298+0000] {logging_mixin.py:190} INFO - [2025-08-20T20:25:55.298+0000] {dag.py:3229} INFO - Sync 2 DAGs
[2025-08-20T20:25:55.307+0000] {logging_mixin.py:190} INFO - [2025-08-20T20:25:55.307+0000] {dag.py:4156} INFO - Setting next_dagrun for example_xcom_args to None, run_after=None
[2025-08-20T20:25:55.311+0000] {logging_mixin.py:190} INFO - [2025-08-20T20:25:55.311+0000] {dag.py:4156} INFO - Setting next_dagrun for example_xcom_args_with_operators to None, run_after=None
[2025-08-20T20:25:55.325+0000] {processor.py:208} INFO - Processing /home/airflow/.local/lib/python3.12/site-packages/airflow/example_dags/example_xcomargs.py took 0.067 seconds
[2025-08-20T20:26:25.925+0000] {processor.py:186} INFO - Started process (PID=1021) to work on /home/airflow/.local/lib/python3.12/site-packages/airflow/example_dags/example_xcomargs.py
[2025-08-20T20:26:25.927+0000] {processor.py:914} INFO - Processing file /home/airflow/.local/lib/python3.12/site-packages/airflow/example_dags/example_xcomargs.py for tasks to queue
[2025-08-20T20:26:25.929+0000] {logging_mixin.py:190} INFO - [2025-08-20T20:26:25.929+0000] {dagbag.py:587} INFO - Filling up the DagBag from /home/airflow/.local/lib/python3.12/site-packages/airflow/example_dags/example_xcomargs.py
[2025-08-20T20:26:25.938+0000] {processor.py:925} INFO - DAG(s) 'example_xcom_args_with_operators', 'example_xcom_args' retrieved from /home/airflow/.local/lib/python3.12/site-packages/airflow/example_dags/example_xcomargs.py
[2025-08-20T20:26:25.957+0000] {logging_mixin.py:190} INFO - [2025-08-20T20:26:25.957+0000] {dag.py:3229} INFO - Sync 2 DAGs
[2025-08-20T20:26:25.965+0000] {logging_mixin.py:190} INFO - [2025-08-20T20:26:25.965+0000] {dag.py:4156} INFO - Setting next_dagrun for example_xcom_args to None, run_after=None
[2025-08-20T20:26:25.967+0000] {logging_mixin.py:190} INFO - [2025-08-20T20:26:25.967+0000] {dag.py:4156} INFO - Setting next_dagrun for example_xcom_args_with_operators to None, run_after=None
[2025-08-20T20:26:25.975+0000] {processor.py:208} INFO - Processing /home/airflow/.local/lib/python3.12/site-packages/airflow/example_dags/example_xcomargs.py took 0.053 seconds
[2025-08-20T20:26:57.067+0000] {processor.py:186} INFO - Started process (PID=1083) to work on /home/airflow/.local/lib/python3.12/site-packages/airflow/example_dags/example_xcomargs.py
[2025-08-20T20:26:57.067+0000] {processor.py:914} INFO - Processing file /home/airflow/.local/lib/python3.12/site-packages/airflow/example_dags/example_xcomargs.py for tasks to queue
[2025-08-20T20:26:57.074+0000] {logging_mixin.py:190} INFO - [2025-08-20T20:26:57.073+0000] {dagbag.py:587} INFO - Filling up the DagBag from /home/airflow/.local/lib/python3.12/site-packages/airflow/example_dags/example_xcomargs.py
[2025-08-20T20:26:57.088+0000] {processor.py:925} INFO - DAG(s) 'example_xcom_args', 'example_xcom_args_with_operators' retrieved from /home/airflow/.local/lib/python3.12/site-packages/airflow/example_dags/example_xcomargs.py
[2025-08-20T20:26:57.114+0000] {logging_mixin.py:190} INFO - [2025-08-20T20:26:57.114+0000] {dag.py:3229} INFO - Sync 2 DAGs
[2025-08-20T20:26:57.128+0000] {logging_mixin.py:190} INFO - [2025-08-20T20:26:57.128+0000] {dag.py:4156} INFO - Setting next_dagrun for example_xcom_args to None, run_after=None
[2025-08-20T20:26:57.130+0000] {logging_mixin.py:190} INFO - [2025-08-20T20:26:57.130+0000] {dag.py:4156} INFO - Setting next_dagrun for example_xcom_args_with_operators to None, run_after=None
[2025-08-20T20:26:57.142+0000] {processor.py:208} INFO - Processing /home/airflow/.local/lib/python3.12/site-packages/airflow/example_dags/example_xcomargs.py took 0.079 seconds
