[2025-08-20T20:18:18.525+0000] {processor.py:186} INFO - Started process (PID=77) to work on /home/airflow/.local/lib/python3.12/site-packages/airflow/example_dags/example_sensor_decorator.py
[2025-08-20T20:18:18.526+0000] {processor.py:914} INFO - Processing file /home/airflow/.local/lib/python3.12/site-packages/airflow/example_dags/example_sensor_decorator.py for tasks to queue
[2025-08-20T20:18:18.529+0000] {logging_mixin.py:190} INFO - [2025-08-20T20:18:18.528+0000] {dagbag.py:587} INFO - Filling up the DagBag from /home/airflow/.local/lib/python3.12/site-packages/airflow/example_dags/example_sensor_decorator.py
[2025-08-20T20:18:18.558+0000] {processor.py:925} INFO - DAG(s) 'example_sensor_decorator' retrieved from /home/airflow/.local/lib/python3.12/site-packages/airflow/example_dags/example_sensor_decorator.py
[2025-08-20T20:18:18.850+0000] {logging_mixin.py:190} INFO - [2025-08-20T20:18:18.848+0000] {override.py:1900} INFO - Created Permission View: can read on DAG:example_sensor_decorator
[2025-08-20T20:18:18.858+0000] {logging_mixin.py:190} INFO - [2025-08-20T20:18:18.858+0000] {override.py:1900} INFO - Created Permission View: can delete on DAG:example_sensor_decorator
[2025-08-20T20:18:18.866+0000] {logging_mixin.py:190} INFO - [2025-08-20T20:18:18.865+0000] {override.py:1900} INFO - Created Permission View: can edit on DAG:example_sensor_decorator
[2025-08-20T20:18:18.873+0000] {logging_mixin.py:190} INFO - [2025-08-20T20:18:18.872+0000] {override.py:1900} INFO - Created Permission View: can read on DAG Run:example_sensor_decorator
[2025-08-20T20:18:18.878+0000] {logging_mixin.py:190} INFO - [2025-08-20T20:18:18.877+0000] {override.py:1900} INFO - Created Permission View: menu access on DAG Run:example_sensor_decorator
[2025-08-20T20:18:18.882+0000] {logging_mixin.py:190} INFO - [2025-08-20T20:18:18.882+0000] {override.py:1900} INFO - Created Permission View: can delete on DAG Run:example_sensor_decorator
[2025-08-20T20:18:18.886+0000] {logging_mixin.py:190} INFO - [2025-08-20T20:18:18.886+0000] {override.py:1900} INFO - Created Permission View: can create on DAG Run:example_sensor_decorator
[2025-08-20T20:18:18.887+0000] {logging_mixin.py:190} INFO - [2025-08-20T20:18:18.887+0000] {dag.py:3229} INFO - Sync 1 DAGs
[2025-08-20T20:18:18.907+0000] {logging_mixin.py:190} INFO - [2025-08-20T20:18:18.907+0000] {dag.py:3252} INFO - Creating ORM DAG for example_sensor_decorator
[2025-08-20T20:18:18.909+0000] {logging_mixin.py:190} INFO - [2025-08-20T20:18:18.908+0000] {dag.py:4156} INFO - Setting next_dagrun for example_sensor_decorator to None, run_after=None
[2025-08-20T20:18:18.938+0000] {processor.py:208} INFO - Processing /home/airflow/.local/lib/python3.12/site-packages/airflow/example_dags/example_sensor_decorator.py took 0.423 seconds
[2025-08-20T20:18:49.809+0000] {processor.py:186} INFO - Started process (PID=139) to work on /home/airflow/.local/lib/python3.12/site-packages/airflow/example_dags/example_sensor_decorator.py
[2025-08-20T20:18:49.812+0000] {processor.py:914} INFO - Processing file /home/airflow/.local/lib/python3.12/site-packages/airflow/example_dags/example_sensor_decorator.py for tasks to queue
[2025-08-20T20:18:49.821+0000] {logging_mixin.py:190} INFO - [2025-08-20T20:18:49.820+0000] {dagbag.py:587} INFO - Filling up the DagBag from /home/airflow/.local/lib/python3.12/site-packages/airflow/example_dags/example_sensor_decorator.py
[2025-08-20T20:18:49.848+0000] {processor.py:925} INFO - DAG(s) 'example_sensor_decorator' retrieved from /home/airflow/.local/lib/python3.12/site-packages/airflow/example_dags/example_sensor_decorator.py
[2025-08-20T20:18:49.914+0000] {logging_mixin.py:190} INFO - [2025-08-20T20:18:49.914+0000] {dag.py:3229} INFO - Sync 1 DAGs
[2025-08-20T20:18:49.943+0000] {logging_mixin.py:190} INFO - [2025-08-20T20:18:49.942+0000] {dag.py:4156} INFO - Setting next_dagrun for example_sensor_decorator to None, run_after=None
[2025-08-20T20:18:49.981+0000] {processor.py:208} INFO - Processing /home/airflow/.local/lib/python3.12/site-packages/airflow/example_dags/example_sensor_decorator.py took 0.201 seconds
[2025-08-20T20:19:20.442+0000] {processor.py:186} INFO - Started process (PID=201) to work on /home/airflow/.local/lib/python3.12/site-packages/airflow/example_dags/example_sensor_decorator.py
[2025-08-20T20:19:20.445+0000] {processor.py:914} INFO - Processing file /home/airflow/.local/lib/python3.12/site-packages/airflow/example_dags/example_sensor_decorator.py for tasks to queue
[2025-08-20T20:19:20.455+0000] {logging_mixin.py:190} INFO - [2025-08-20T20:19:20.454+0000] {dagbag.py:587} INFO - Filling up the DagBag from /home/airflow/.local/lib/python3.12/site-packages/airflow/example_dags/example_sensor_decorator.py
[2025-08-20T20:19:20.472+0000] {processor.py:925} INFO - DAG(s) 'example_sensor_decorator' retrieved from /home/airflow/.local/lib/python3.12/site-packages/airflow/example_dags/example_sensor_decorator.py
[2025-08-20T20:19:20.524+0000] {logging_mixin.py:190} INFO - [2025-08-20T20:19:20.524+0000] {dag.py:3229} INFO - Sync 1 DAGs
[2025-08-20T20:19:20.547+0000] {logging_mixin.py:190} INFO - [2025-08-20T20:19:20.547+0000] {dag.py:4156} INFO - Setting next_dagrun for example_sensor_decorator to None, run_after=None
[2025-08-20T20:19:20.567+0000] {processor.py:208} INFO - Processing /home/airflow/.local/lib/python3.12/site-packages/airflow/example_dags/example_sensor_decorator.py took 0.136 seconds
[2025-08-20T20:19:52.013+0000] {processor.py:186} INFO - Started process (PID=263) to work on /home/airflow/.local/lib/python3.12/site-packages/airflow/example_dags/example_sensor_decorator.py
[2025-08-20T20:19:52.016+0000] {processor.py:914} INFO - Processing file /home/airflow/.local/lib/python3.12/site-packages/airflow/example_dags/example_sensor_decorator.py for tasks to queue
[2025-08-20T20:19:52.021+0000] {logging_mixin.py:190} INFO - [2025-08-20T20:19:52.021+0000] {dagbag.py:587} INFO - Filling up the DagBag from /home/airflow/.local/lib/python3.12/site-packages/airflow/example_dags/example_sensor_decorator.py
[2025-08-20T20:19:52.038+0000] {processor.py:925} INFO - DAG(s) 'example_sensor_decorator' retrieved from /home/airflow/.local/lib/python3.12/site-packages/airflow/example_dags/example_sensor_decorator.py
[2025-08-20T20:19:52.091+0000] {logging_mixin.py:190} INFO - [2025-08-20T20:19:52.091+0000] {dag.py:3229} INFO - Sync 1 DAGs
[2025-08-20T20:19:52.110+0000] {logging_mixin.py:190} INFO - [2025-08-20T20:19:52.110+0000] {dag.py:4156} INFO - Setting next_dagrun for example_sensor_decorator to None, run_after=None
[2025-08-20T20:19:52.130+0000] {processor.py:208} INFO - Processing /home/airflow/.local/lib/python3.12/site-packages/airflow/example_dags/example_sensor_decorator.py took 0.128 seconds
[2025-08-20T20:20:23.507+0000] {processor.py:186} INFO - Started process (PID=318) to work on /home/airflow/.local/lib/python3.12/site-packages/airflow/example_dags/example_sensor_decorator.py
[2025-08-20T20:20:23.511+0000] {processor.py:914} INFO - Processing file /home/airflow/.local/lib/python3.12/site-packages/airflow/example_dags/example_sensor_decorator.py for tasks to queue
[2025-08-20T20:20:23.517+0000] {logging_mixin.py:190} INFO - [2025-08-20T20:20:23.517+0000] {dagbag.py:587} INFO - Filling up the DagBag from /home/airflow/.local/lib/python3.12/site-packages/airflow/example_dags/example_sensor_decorator.py
[2025-08-20T20:20:23.542+0000] {processor.py:925} INFO - DAG(s) 'example_sensor_decorator' retrieved from /home/airflow/.local/lib/python3.12/site-packages/airflow/example_dags/example_sensor_decorator.py
[2025-08-20T20:20:23.602+0000] {logging_mixin.py:190} INFO - [2025-08-20T20:20:23.601+0000] {dag.py:3229} INFO - Sync 1 DAGs
[2025-08-20T20:20:23.664+0000] {logging_mixin.py:190} INFO - [2025-08-20T20:20:23.663+0000] {dag.py:4156} INFO - Setting next_dagrun for example_sensor_decorator to None, run_after=None
[2025-08-20T20:20:23.706+0000] {processor.py:208} INFO - Processing /home/airflow/.local/lib/python3.12/site-packages/airflow/example_dags/example_sensor_decorator.py took 0.261 seconds
[2025-08-20T20:20:56.577+0000] {processor.py:186} INFO - Started process (PID=380) to work on /home/airflow/.local/lib/python3.12/site-packages/airflow/example_dags/example_sensor_decorator.py
[2025-08-20T20:20:56.578+0000] {processor.py:914} INFO - Processing file /home/airflow/.local/lib/python3.12/site-packages/airflow/example_dags/example_sensor_decorator.py for tasks to queue
[2025-08-20T20:20:56.580+0000] {logging_mixin.py:190} INFO - [2025-08-20T20:20:56.580+0000] {dagbag.py:587} INFO - Filling up the DagBag from /home/airflow/.local/lib/python3.12/site-packages/airflow/example_dags/example_sensor_decorator.py
[2025-08-20T20:20:56.588+0000] {processor.py:925} INFO - DAG(s) 'example_sensor_decorator' retrieved from /home/airflow/.local/lib/python3.12/site-packages/airflow/example_dags/example_sensor_decorator.py
[2025-08-20T20:20:56.603+0000] {logging_mixin.py:190} INFO - [2025-08-20T20:20:56.603+0000] {dag.py:3229} INFO - Sync 1 DAGs
[2025-08-20T20:20:56.623+0000] {logging_mixin.py:190} INFO - [2025-08-20T20:20:56.623+0000] {dag.py:4156} INFO - Setting next_dagrun for example_sensor_decorator to None, run_after=None
[2025-08-20T20:20:56.646+0000] {processor.py:208} INFO - Processing /home/airflow/.local/lib/python3.12/site-packages/airflow/example_dags/example_sensor_decorator.py took 0.075 seconds
[2025-08-20T20:21:27.295+0000] {processor.py:186} INFO - Started process (PID=442) to work on /home/airflow/.local/lib/python3.12/site-packages/airflow/example_dags/example_sensor_decorator.py
[2025-08-20T20:21:27.298+0000] {processor.py:914} INFO - Processing file /home/airflow/.local/lib/python3.12/site-packages/airflow/example_dags/example_sensor_decorator.py for tasks to queue
[2025-08-20T20:21:27.301+0000] {logging_mixin.py:190} INFO - [2025-08-20T20:21:27.301+0000] {dagbag.py:587} INFO - Filling up the DagBag from /home/airflow/.local/lib/python3.12/site-packages/airflow/example_dags/example_sensor_decorator.py
[2025-08-20T20:21:27.309+0000] {processor.py:925} INFO - DAG(s) 'example_sensor_decorator' retrieved from /home/airflow/.local/lib/python3.12/site-packages/airflow/example_dags/example_sensor_decorator.py
[2025-08-20T20:21:27.348+0000] {logging_mixin.py:190} INFO - [2025-08-20T20:21:27.348+0000] {dag.py:3229} INFO - Sync 1 DAGs
[2025-08-20T20:21:27.368+0000] {logging_mixin.py:190} INFO - [2025-08-20T20:21:27.367+0000] {dag.py:4156} INFO - Setting next_dagrun for example_sensor_decorator to None, run_after=None
[2025-08-20T20:21:27.383+0000] {processor.py:208} INFO - Processing /home/airflow/.local/lib/python3.12/site-packages/airflow/example_dags/example_sensor_decorator.py took 0.094 seconds
[2025-08-20T20:21:57.616+0000] {processor.py:186} INFO - Started process (PID=504) to work on /home/airflow/.local/lib/python3.12/site-packages/airflow/example_dags/example_sensor_decorator.py
[2025-08-20T20:21:57.618+0000] {processor.py:914} INFO - Processing file /home/airflow/.local/lib/python3.12/site-packages/airflow/example_dags/example_sensor_decorator.py for tasks to queue
[2025-08-20T20:21:57.624+0000] {logging_mixin.py:190} INFO - [2025-08-20T20:21:57.624+0000] {dagbag.py:587} INFO - Filling up the DagBag from /home/airflow/.local/lib/python3.12/site-packages/airflow/example_dags/example_sensor_decorator.py
[2025-08-20T20:21:57.644+0000] {processor.py:925} INFO - DAG(s) 'example_sensor_decorator' retrieved from /home/airflow/.local/lib/python3.12/site-packages/airflow/example_dags/example_sensor_decorator.py
[2025-08-20T20:21:57.677+0000] {logging_mixin.py:190} INFO - [2025-08-20T20:21:57.677+0000] {dag.py:3229} INFO - Sync 1 DAGs
[2025-08-20T20:21:57.713+0000] {logging_mixin.py:190} INFO - [2025-08-20T20:21:57.713+0000] {dag.py:4156} INFO - Setting next_dagrun for example_sensor_decorator to None, run_after=None
[2025-08-20T20:21:57.750+0000] {processor.py:208} INFO - Processing /home/airflow/.local/lib/python3.12/site-packages/airflow/example_dags/example_sensor_decorator.py took 0.140 seconds
[2025-08-20T20:22:28.741+0000] {processor.py:186} INFO - Started process (PID=566) to work on /home/airflow/.local/lib/python3.12/site-packages/airflow/example_dags/example_sensor_decorator.py
[2025-08-20T20:22:28.745+0000] {processor.py:914} INFO - Processing file /home/airflow/.local/lib/python3.12/site-packages/airflow/example_dags/example_sensor_decorator.py for tasks to queue
[2025-08-20T20:22:28.750+0000] {logging_mixin.py:190} INFO - [2025-08-20T20:22:28.749+0000] {dagbag.py:587} INFO - Filling up the DagBag from /home/airflow/.local/lib/python3.12/site-packages/airflow/example_dags/example_sensor_decorator.py
[2025-08-20T20:22:28.761+0000] {processor.py:925} INFO - DAG(s) 'example_sensor_decorator' retrieved from /home/airflow/.local/lib/python3.12/site-packages/airflow/example_dags/example_sensor_decorator.py
[2025-08-20T20:22:28.786+0000] {logging_mixin.py:190} INFO - [2025-08-20T20:22:28.786+0000] {dag.py:3229} INFO - Sync 1 DAGs
[2025-08-20T20:22:28.797+0000] {logging_mixin.py:190} INFO - [2025-08-20T20:22:28.797+0000] {dag.py:4156} INFO - Setting next_dagrun for example_sensor_decorator to None, run_after=None
[2025-08-20T20:22:28.823+0000] {processor.py:208} INFO - Processing /home/airflow/.local/lib/python3.12/site-packages/airflow/example_dags/example_sensor_decorator.py took 0.088 seconds
[2025-08-20T20:22:59.208+0000] {processor.py:186} INFO - Started process (PID=627) to work on /home/airflow/.local/lib/python3.12/site-packages/airflow/example_dags/example_sensor_decorator.py
[2025-08-20T20:22:59.209+0000] {processor.py:914} INFO - Processing file /home/airflow/.local/lib/python3.12/site-packages/airflow/example_dags/example_sensor_decorator.py for tasks to queue
[2025-08-20T20:22:59.210+0000] {logging_mixin.py:190} INFO - [2025-08-20T20:22:59.210+0000] {dagbag.py:587} INFO - Filling up the DagBag from /home/airflow/.local/lib/python3.12/site-packages/airflow/example_dags/example_sensor_decorator.py
[2025-08-20T20:22:59.223+0000] {processor.py:925} INFO - DAG(s) 'example_sensor_decorator' retrieved from /home/airflow/.local/lib/python3.12/site-packages/airflow/example_dags/example_sensor_decorator.py
[2025-08-20T20:22:59.238+0000] {logging_mixin.py:190} INFO - [2025-08-20T20:22:59.238+0000] {dag.py:3229} INFO - Sync 1 DAGs
[2025-08-20T20:22:59.254+0000] {logging_mixin.py:190} INFO - [2025-08-20T20:22:59.254+0000] {dag.py:4156} INFO - Setting next_dagrun for example_sensor_decorator to None, run_after=None
[2025-08-20T20:22:59.267+0000] {processor.py:208} INFO - Processing /home/airflow/.local/lib/python3.12/site-packages/airflow/example_dags/example_sensor_decorator.py took 0.063 seconds
[2025-08-20T20:23:30.439+0000] {processor.py:186} INFO - Started process (PID=687) to work on /home/airflow/.local/lib/python3.12/site-packages/airflow/example_dags/example_sensor_decorator.py
[2025-08-20T20:23:30.444+0000] {processor.py:914} INFO - Processing file /home/airflow/.local/lib/python3.12/site-packages/airflow/example_dags/example_sensor_decorator.py for tasks to queue
[2025-08-20T20:23:30.447+0000] {logging_mixin.py:190} INFO - [2025-08-20T20:23:30.447+0000] {dagbag.py:587} INFO - Filling up the DagBag from /home/airflow/.local/lib/python3.12/site-packages/airflow/example_dags/example_sensor_decorator.py
[2025-08-20T20:23:30.459+0000] {processor.py:925} INFO - DAG(s) 'example_sensor_decorator' retrieved from /home/airflow/.local/lib/python3.12/site-packages/airflow/example_dags/example_sensor_decorator.py
[2025-08-20T20:23:30.480+0000] {logging_mixin.py:190} INFO - [2025-08-20T20:23:30.480+0000] {dag.py:3229} INFO - Sync 1 DAGs
[2025-08-20T20:23:30.491+0000] {logging_mixin.py:190} INFO - [2025-08-20T20:23:30.491+0000] {dag.py:4156} INFO - Setting next_dagrun for example_sensor_decorator to None, run_after=None
[2025-08-20T20:23:30.513+0000] {processor.py:208} INFO - Processing /home/airflow/.local/lib/python3.12/site-packages/airflow/example_dags/example_sensor_decorator.py took 0.079 seconds
[2025-08-20T20:24:01.459+0000] {processor.py:186} INFO - Started process (PID=749) to work on /home/airflow/.local/lib/python3.12/site-packages/airflow/example_dags/example_sensor_decorator.py
[2025-08-20T20:24:01.465+0000] {processor.py:914} INFO - Processing file /home/airflow/.local/lib/python3.12/site-packages/airflow/example_dags/example_sensor_decorator.py for tasks to queue
[2025-08-20T20:24:01.471+0000] {logging_mixin.py:190} INFO - [2025-08-20T20:24:01.471+0000] {dagbag.py:587} INFO - Filling up the DagBag from /home/airflow/.local/lib/python3.12/site-packages/airflow/example_dags/example_sensor_decorator.py
[2025-08-20T20:24:01.499+0000] {processor.py:925} INFO - DAG(s) 'example_sensor_decorator' retrieved from /home/airflow/.local/lib/python3.12/site-packages/airflow/example_dags/example_sensor_decorator.py
[2025-08-20T20:24:01.532+0000] {logging_mixin.py:190} INFO - [2025-08-20T20:24:01.531+0000] {dag.py:3229} INFO - Sync 1 DAGs
[2025-08-20T20:24:01.556+0000] {logging_mixin.py:190} INFO - [2025-08-20T20:24:01.556+0000] {dag.py:4156} INFO - Setting next_dagrun for example_sensor_decorator to None, run_after=None
[2025-08-20T20:24:01.605+0000] {processor.py:208} INFO - Processing /home/airflow/.local/lib/python3.12/site-packages/airflow/example_dags/example_sensor_decorator.py took 0.162 seconds
[2025-08-20T20:24:32.306+0000] {processor.py:186} INFO - Started process (PID=811) to work on /home/airflow/.local/lib/python3.12/site-packages/airflow/example_dags/example_sensor_decorator.py
[2025-08-20T20:24:32.311+0000] {processor.py:914} INFO - Processing file /home/airflow/.local/lib/python3.12/site-packages/airflow/example_dags/example_sensor_decorator.py for tasks to queue
[2025-08-20T20:24:32.313+0000] {logging_mixin.py:190} INFO - [2025-08-20T20:24:32.312+0000] {dagbag.py:587} INFO - Filling up the DagBag from /home/airflow/.local/lib/python3.12/site-packages/airflow/example_dags/example_sensor_decorator.py
[2025-08-20T20:24:32.318+0000] {processor.py:925} INFO - DAG(s) 'example_sensor_decorator' retrieved from /home/airflow/.local/lib/python3.12/site-packages/airflow/example_dags/example_sensor_decorator.py
[2025-08-20T20:24:32.338+0000] {logging_mixin.py:190} INFO - [2025-08-20T20:24:32.338+0000] {dag.py:3229} INFO - Sync 1 DAGs
[2025-08-20T20:24:32.347+0000] {logging_mixin.py:190} INFO - [2025-08-20T20:24:32.347+0000] {dag.py:4156} INFO - Setting next_dagrun for example_sensor_decorator to None, run_after=None
[2025-08-20T20:24:32.357+0000] {processor.py:208} INFO - Processing /home/airflow/.local/lib/python3.12/site-packages/airflow/example_dags/example_sensor_decorator.py took 0.063 seconds
[2025-08-20T20:25:03.258+0000] {processor.py:186} INFO - Started process (PID=865) to work on /home/airflow/.local/lib/python3.12/site-packages/airflow/example_dags/example_sensor_decorator.py
[2025-08-20T20:25:03.259+0000] {processor.py:914} INFO - Processing file /home/airflow/.local/lib/python3.12/site-packages/airflow/example_dags/example_sensor_decorator.py for tasks to queue
[2025-08-20T20:25:03.261+0000] {logging_mixin.py:190} INFO - [2025-08-20T20:25:03.261+0000] {dagbag.py:587} INFO - Filling up the DagBag from /home/airflow/.local/lib/python3.12/site-packages/airflow/example_dags/example_sensor_decorator.py
[2025-08-20T20:25:03.268+0000] {processor.py:925} INFO - DAG(s) 'example_sensor_decorator' retrieved from /home/airflow/.local/lib/python3.12/site-packages/airflow/example_dags/example_sensor_decorator.py
[2025-08-20T20:25:03.297+0000] {logging_mixin.py:190} INFO - [2025-08-20T20:25:03.297+0000] {dag.py:3229} INFO - Sync 1 DAGs
[2025-08-20T20:25:03.332+0000] {logging_mixin.py:190} INFO - [2025-08-20T20:25:03.332+0000] {dag.py:4156} INFO - Setting next_dagrun for example_sensor_decorator to None, run_after=None
[2025-08-20T20:25:03.363+0000] {processor.py:208} INFO - Processing /home/airflow/.local/lib/python3.12/site-packages/airflow/example_dags/example_sensor_decorator.py took 0.115 seconds
[2025-08-20T20:25:33.927+0000] {processor.py:186} INFO - Started process (PID=927) to work on /home/airflow/.local/lib/python3.12/site-packages/airflow/example_dags/example_sensor_decorator.py
[2025-08-20T20:25:33.929+0000] {processor.py:914} INFO - Processing file /home/airflow/.local/lib/python3.12/site-packages/airflow/example_dags/example_sensor_decorator.py for tasks to queue
[2025-08-20T20:25:33.931+0000] {logging_mixin.py:190} INFO - [2025-08-20T20:25:33.931+0000] {dagbag.py:587} INFO - Filling up the DagBag from /home/airflow/.local/lib/python3.12/site-packages/airflow/example_dags/example_sensor_decorator.py
[2025-08-20T20:25:33.939+0000] {processor.py:925} INFO - DAG(s) 'example_sensor_decorator' retrieved from /home/airflow/.local/lib/python3.12/site-packages/airflow/example_dags/example_sensor_decorator.py
[2025-08-20T20:25:33.989+0000] {logging_mixin.py:190} INFO - [2025-08-20T20:25:33.989+0000] {dag.py:3229} INFO - Sync 1 DAGs
[2025-08-20T20:25:34.003+0000] {logging_mixin.py:190} INFO - [2025-08-20T20:25:34.002+0000] {dag.py:4156} INFO - Setting next_dagrun for example_sensor_decorator to None, run_after=None
[2025-08-20T20:25:34.030+0000] {processor.py:208} INFO - Processing /home/airflow/.local/lib/python3.12/site-packages/airflow/example_dags/example_sensor_decorator.py took 0.114 seconds
[2025-08-20T20:26:04.360+0000] {processor.py:186} INFO - Started process (PID=984) to work on /home/airflow/.local/lib/python3.12/site-packages/airflow/example_dags/example_sensor_decorator.py
[2025-08-20T20:26:04.361+0000] {processor.py:914} INFO - Processing file /home/airflow/.local/lib/python3.12/site-packages/airflow/example_dags/example_sensor_decorator.py for tasks to queue
[2025-08-20T20:26:04.365+0000] {logging_mixin.py:190} INFO - [2025-08-20T20:26:04.365+0000] {dagbag.py:587} INFO - Filling up the DagBag from /home/airflow/.local/lib/python3.12/site-packages/airflow/example_dags/example_sensor_decorator.py
[2025-08-20T20:26:04.375+0000] {processor.py:925} INFO - DAG(s) 'example_sensor_decorator' retrieved from /home/airflow/.local/lib/python3.12/site-packages/airflow/example_dags/example_sensor_decorator.py
[2025-08-20T20:26:04.411+0000] {logging_mixin.py:190} INFO - [2025-08-20T20:26:04.411+0000] {dag.py:3229} INFO - Sync 1 DAGs
[2025-08-20T20:26:04.422+0000] {logging_mixin.py:190} INFO - [2025-08-20T20:26:04.422+0000] {dag.py:4156} INFO - Setting next_dagrun for example_sensor_decorator to None, run_after=None
[2025-08-20T20:26:04.439+0000] {processor.py:208} INFO - Processing /home/airflow/.local/lib/python3.12/site-packages/airflow/example_dags/example_sensor_decorator.py took 0.082 seconds
[2025-08-20T20:26:35.570+0000] {processor.py:186} INFO - Started process (PID=1046) to work on /home/airflow/.local/lib/python3.12/site-packages/airflow/example_dags/example_sensor_decorator.py
[2025-08-20T20:26:35.577+0000] {processor.py:914} INFO - Processing file /home/airflow/.local/lib/python3.12/site-packages/airflow/example_dags/example_sensor_decorator.py for tasks to queue
[2025-08-20T20:26:35.600+0000] {logging_mixin.py:190} INFO - [2025-08-20T20:26:35.599+0000] {dagbag.py:587} INFO - Filling up the DagBag from /home/airflow/.local/lib/python3.12/site-packages/airflow/example_dags/example_sensor_decorator.py
[2025-08-20T20:26:35.649+0000] {processor.py:925} INFO - DAG(s) 'example_sensor_decorator' retrieved from /home/airflow/.local/lib/python3.12/site-packages/airflow/example_dags/example_sensor_decorator.py
[2025-08-20T20:26:35.715+0000] {logging_mixin.py:190} INFO - [2025-08-20T20:26:35.715+0000] {dag.py:3229} INFO - Sync 1 DAGs
[2025-08-20T20:26:35.745+0000] {logging_mixin.py:190} INFO - [2025-08-20T20:26:35.745+0000] {dag.py:4156} INFO - Setting next_dagrun for example_sensor_decorator to None, run_after=None
[2025-08-20T20:26:35.773+0000] {processor.py:208} INFO - Processing /home/airflow/.local/lib/python3.12/site-packages/airflow/example_dags/example_sensor_decorator.py took 0.239 seconds
