[2025-08-20T20:18:43.096+0000] {processor.py:186} INFO - Started process (PID=123) to work on /home/airflow/.local/lib/python3.12/site-packages/airflow/example_dags/example_params_ui_tutorial.py
[2025-08-20T20:18:43.098+0000] {processor.py:914} INFO - Processing file /home/airflow/.local/lib/python3.12/site-packages/airflow/example_dags/example_params_ui_tutorial.py for tasks to queue
[2025-08-20T20:18:43.101+0000] {logging_mixin.py:190} INFO - [2025-08-20T20:18:43.100+0000] {dagbag.py:587} INFO - Filling up the DagBag from /home/airflow/.local/lib/python3.12/site-packages/airflow/example_dags/example_params_ui_tutorial.py
[2025-08-20T20:18:43.111+0000] {processor.py:925} INFO - DAG(s) 'example_params_ui_tutorial' retrieved from /home/airflow/.local/lib/python3.12/site-packages/airflow/example_dags/example_params_ui_tutorial.py
[2025-08-20T20:18:43.312+0000] {logging_mixin.py:190} INFO - [2025-08-20T20:18:43.311+0000] {override.py:1900} INFO - Created Permission View: can read on DAG:example_params_ui_tutorial
[2025-08-20T20:18:43.323+0000] {logging_mixin.py:190} INFO - [2025-08-20T20:18:43.323+0000] {override.py:1900} INFO - Created Permission View: can delete on DAG:example_params_ui_tutorial
[2025-08-20T20:18:43.332+0000] {logging_mixin.py:190} INFO - [2025-08-20T20:18:43.332+0000] {override.py:1900} INFO - Created Permission View: can edit on DAG:example_params_ui_tutorial
[2025-08-20T20:18:43.337+0000] {logging_mixin.py:190} INFO - [2025-08-20T20:18:43.337+0000] {override.py:1900} INFO - Created Permission View: can read on DAG Run:example_params_ui_tutorial
[2025-08-20T20:18:43.342+0000] {logging_mixin.py:190} INFO - [2025-08-20T20:18:43.342+0000] {override.py:1900} INFO - Created Permission View: menu access on DAG Run:example_params_ui_tutorial
[2025-08-20T20:18:43.353+0000] {logging_mixin.py:190} INFO - [2025-08-20T20:18:43.353+0000] {override.py:1900} INFO - Created Permission View: can delete on DAG Run:example_params_ui_tutorial
[2025-08-20T20:18:43.373+0000] {logging_mixin.py:190} INFO - [2025-08-20T20:18:43.373+0000] {override.py:1900} INFO - Created Permission View: can create on DAG Run:example_params_ui_tutorial
[2025-08-20T20:18:43.374+0000] {logging_mixin.py:190} INFO - [2025-08-20T20:18:43.373+0000] {dag.py:3229} INFO - Sync 1 DAGs
[2025-08-20T20:18:43.391+0000] {logging_mixin.py:190} INFO - [2025-08-20T20:18:43.391+0000] {dag.py:3252} INFO - Creating ORM DAG for example_params_ui_tutorial
[2025-08-20T20:18:43.393+0000] {logging_mixin.py:190} INFO - [2025-08-20T20:18:43.393+0000] {dag.py:4156} INFO - Setting next_dagrun for example_params_ui_tutorial to None, run_after=None
[2025-08-20T20:18:43.428+0000] {processor.py:208} INFO - Processing /home/airflow/.local/lib/python3.12/site-packages/airflow/example_dags/example_params_ui_tutorial.py took 0.338 seconds
[2025-08-20T20:19:16.156+0000] {processor.py:186} INFO - Started process (PID=185) to work on /home/airflow/.local/lib/python3.12/site-packages/airflow/example_dags/example_params_ui_tutorial.py
[2025-08-20T20:19:16.161+0000] {processor.py:914} INFO - Processing file /home/airflow/.local/lib/python3.12/site-packages/airflow/example_dags/example_params_ui_tutorial.py for tasks to queue
[2025-08-20T20:19:16.172+0000] {logging_mixin.py:190} INFO - [2025-08-20T20:19:16.172+0000] {dagbag.py:587} INFO - Filling up the DagBag from /home/airflow/.local/lib/python3.12/site-packages/airflow/example_dags/example_params_ui_tutorial.py
[2025-08-20T20:19:16.211+0000] {processor.py:925} INFO - DAG(s) 'example_params_ui_tutorial' retrieved from /home/airflow/.local/lib/python3.12/site-packages/airflow/example_dags/example_params_ui_tutorial.py
[2025-08-20T20:19:16.281+0000] {logging_mixin.py:190} INFO - [2025-08-20T20:19:16.280+0000] {dag.py:3229} INFO - Sync 1 DAGs
[2025-08-20T20:19:16.310+0000] {logging_mixin.py:190} INFO - [2025-08-20T20:19:16.309+0000] {dag.py:4156} INFO - Setting next_dagrun for example_params_ui_tutorial to None, run_after=None
[2025-08-20T20:19:16.338+0000] {processor.py:208} INFO - Processing /home/airflow/.local/lib/python3.12/site-packages/airflow/example_dags/example_params_ui_tutorial.py took 0.209 seconds
[2025-08-20T20:19:50.723+0000] {processor.py:186} INFO - Started process (PID=247) to work on /home/airflow/.local/lib/python3.12/site-packages/airflow/example_dags/example_params_ui_tutorial.py
[2025-08-20T20:19:50.725+0000] {processor.py:914} INFO - Processing file /home/airflow/.local/lib/python3.12/site-packages/airflow/example_dags/example_params_ui_tutorial.py for tasks to queue
[2025-08-20T20:19:50.727+0000] {logging_mixin.py:190} INFO - [2025-08-20T20:19:50.727+0000] {dagbag.py:587} INFO - Filling up the DagBag from /home/airflow/.local/lib/python3.12/site-packages/airflow/example_dags/example_params_ui_tutorial.py
[2025-08-20T20:19:50.749+0000] {processor.py:925} INFO - DAG(s) 'example_params_ui_tutorial' retrieved from /home/airflow/.local/lib/python3.12/site-packages/airflow/example_dags/example_params_ui_tutorial.py
[2025-08-20T20:19:50.816+0000] {logging_mixin.py:190} INFO - [2025-08-20T20:19:50.816+0000] {dag.py:3229} INFO - Sync 1 DAGs
[2025-08-20T20:19:50.851+0000] {logging_mixin.py:190} INFO - [2025-08-20T20:19:50.850+0000] {dag.py:4156} INFO - Setting next_dagrun for example_params_ui_tutorial to None, run_after=None
[2025-08-20T20:19:50.889+0000] {processor.py:208} INFO - Processing /home/airflow/.local/lib/python3.12/site-packages/airflow/example_dags/example_params_ui_tutorial.py took 0.178 seconds
[2025-08-20T20:20:24.160+0000] {processor.py:186} INFO - Started process (PID=321) to work on /home/airflow/.local/lib/python3.12/site-packages/airflow/example_dags/example_params_ui_tutorial.py
[2025-08-20T20:20:24.172+0000] {processor.py:914} INFO - Processing file /home/airflow/.local/lib/python3.12/site-packages/airflow/example_dags/example_params_ui_tutorial.py for tasks to queue
[2025-08-20T20:20:24.293+0000] {logging_mixin.py:190} INFO - [2025-08-20T20:20:24.283+0000] {dagbag.py:587} INFO - Filling up the DagBag from /home/airflow/.local/lib/python3.12/site-packages/airflow/example_dags/example_params_ui_tutorial.py
[2025-08-20T20:20:24.523+0000] {processor.py:925} INFO - DAG(s) 'example_params_ui_tutorial' retrieved from /home/airflow/.local/lib/python3.12/site-packages/airflow/example_dags/example_params_ui_tutorial.py
[2025-08-20T20:20:24.691+0000] {logging_mixin.py:190} INFO - [2025-08-20T20:20:24.690+0000] {dag.py:3229} INFO - Sync 1 DAGs
[2025-08-20T20:20:24.740+0000] {logging_mixin.py:190} INFO - [2025-08-20T20:20:24.740+0000] {dag.py:4156} INFO - Setting next_dagrun for example_params_ui_tutorial to None, run_after=None
[2025-08-20T20:20:24.801+0000] {processor.py:208} INFO - Processing /home/airflow/.local/lib/python3.12/site-packages/airflow/example_dags/example_params_ui_tutorial.py took 0.677 seconds
[2025-08-20T20:20:56.808+0000] {processor.py:186} INFO - Started process (PID=383) to work on /home/airflow/.local/lib/python3.12/site-packages/airflow/example_dags/example_params_ui_tutorial.py
[2025-08-20T20:20:56.810+0000] {processor.py:914} INFO - Processing file /home/airflow/.local/lib/python3.12/site-packages/airflow/example_dags/example_params_ui_tutorial.py for tasks to queue
[2025-08-20T20:20:56.812+0000] {logging_mixin.py:190} INFO - [2025-08-20T20:20:56.811+0000] {dagbag.py:587} INFO - Filling up the DagBag from /home/airflow/.local/lib/python3.12/site-packages/airflow/example_dags/example_params_ui_tutorial.py
[2025-08-20T20:20:56.823+0000] {processor.py:925} INFO - DAG(s) 'example_params_ui_tutorial' retrieved from /home/airflow/.local/lib/python3.12/site-packages/airflow/example_dags/example_params_ui_tutorial.py
[2025-08-20T20:20:56.867+0000] {logging_mixin.py:190} INFO - [2025-08-20T20:20:56.867+0000] {dag.py:3229} INFO - Sync 1 DAGs
[2025-08-20T20:20:56.878+0000] {logging_mixin.py:190} INFO - [2025-08-20T20:20:56.878+0000] {dag.py:4156} INFO - Setting next_dagrun for example_params_ui_tutorial to None, run_after=None
[2025-08-20T20:20:56.894+0000] {processor.py:208} INFO - Processing /home/airflow/.local/lib/python3.12/site-packages/airflow/example_dags/example_params_ui_tutorial.py took 0.089 seconds
[2025-08-20T20:21:27.479+0000] {processor.py:186} INFO - Started process (PID=445) to work on /home/airflow/.local/lib/python3.12/site-packages/airflow/example_dags/example_params_ui_tutorial.py
[2025-08-20T20:21:27.483+0000] {processor.py:914} INFO - Processing file /home/airflow/.local/lib/python3.12/site-packages/airflow/example_dags/example_params_ui_tutorial.py for tasks to queue
[2025-08-20T20:21:27.486+0000] {logging_mixin.py:190} INFO - [2025-08-20T20:21:27.485+0000] {dagbag.py:587} INFO - Filling up the DagBag from /home/airflow/.local/lib/python3.12/site-packages/airflow/example_dags/example_params_ui_tutorial.py
[2025-08-20T20:21:27.505+0000] {processor.py:925} INFO - DAG(s) 'example_params_ui_tutorial' retrieved from /home/airflow/.local/lib/python3.12/site-packages/airflow/example_dags/example_params_ui_tutorial.py
[2025-08-20T20:21:27.658+0000] {logging_mixin.py:190} INFO - [2025-08-20T20:21:27.657+0000] {dag.py:3229} INFO - Sync 1 DAGs
[2025-08-20T20:21:27.709+0000] {logging_mixin.py:190} INFO - [2025-08-20T20:21:27.708+0000] {dag.py:4156} INFO - Setting next_dagrun for example_params_ui_tutorial to None, run_after=None
[2025-08-20T20:21:27.732+0000] {processor.py:208} INFO - Processing /home/airflow/.local/lib/python3.12/site-packages/airflow/example_dags/example_params_ui_tutorial.py took 0.263 seconds
[2025-08-20T20:21:57.917+0000] {processor.py:186} INFO - Started process (PID=507) to work on /home/airflow/.local/lib/python3.12/site-packages/airflow/example_dags/example_params_ui_tutorial.py
[2025-08-20T20:21:57.918+0000] {processor.py:914} INFO - Processing file /home/airflow/.local/lib/python3.12/site-packages/airflow/example_dags/example_params_ui_tutorial.py for tasks to queue
[2025-08-20T20:21:57.930+0000] {logging_mixin.py:190} INFO - [2025-08-20T20:21:57.929+0000] {dagbag.py:587} INFO - Filling up the DagBag from /home/airflow/.local/lib/python3.12/site-packages/airflow/example_dags/example_params_ui_tutorial.py
[2025-08-20T20:21:57.960+0000] {processor.py:925} INFO - DAG(s) 'example_params_ui_tutorial' retrieved from /home/airflow/.local/lib/python3.12/site-packages/airflow/example_dags/example_params_ui_tutorial.py
[2025-08-20T20:21:58.041+0000] {logging_mixin.py:190} INFO - [2025-08-20T20:21:58.040+0000] {dag.py:3229} INFO - Sync 1 DAGs
[2025-08-20T20:21:58.063+0000] {logging_mixin.py:190} INFO - [2025-08-20T20:21:58.063+0000] {dag.py:4156} INFO - Setting next_dagrun for example_params_ui_tutorial to None, run_after=None
[2025-08-20T20:21:58.087+0000] {processor.py:208} INFO - Processing /home/airflow/.local/lib/python3.12/site-packages/airflow/example_dags/example_params_ui_tutorial.py took 0.180 seconds
[2025-08-20T20:22:29.021+0000] {processor.py:186} INFO - Started process (PID=569) to work on /home/airflow/.local/lib/python3.12/site-packages/airflow/example_dags/example_params_ui_tutorial.py
[2025-08-20T20:22:29.039+0000] {processor.py:914} INFO - Processing file /home/airflow/.local/lib/python3.12/site-packages/airflow/example_dags/example_params_ui_tutorial.py for tasks to queue
[2025-08-20T20:22:29.044+0000] {logging_mixin.py:190} INFO - [2025-08-20T20:22:29.044+0000] {dagbag.py:587} INFO - Filling up the DagBag from /home/airflow/.local/lib/python3.12/site-packages/airflow/example_dags/example_params_ui_tutorial.py
[2025-08-20T20:22:29.062+0000] {processor.py:925} INFO - DAG(s) 'example_params_ui_tutorial' retrieved from /home/airflow/.local/lib/python3.12/site-packages/airflow/example_dags/example_params_ui_tutorial.py
[2025-08-20T20:22:29.100+0000] {logging_mixin.py:190} INFO - [2025-08-20T20:22:29.099+0000] {dag.py:3229} INFO - Sync 1 DAGs
[2025-08-20T20:22:29.114+0000] {logging_mixin.py:190} INFO - [2025-08-20T20:22:29.114+0000] {dag.py:4156} INFO - Setting next_dagrun for example_params_ui_tutorial to None, run_after=None
[2025-08-20T20:22:29.124+0000] {processor.py:208} INFO - Processing /home/airflow/.local/lib/python3.12/site-packages/airflow/example_dags/example_params_ui_tutorial.py took 0.137 seconds
[2025-08-20T20:22:59.546+0000] {processor.py:186} INFO - Started process (PID=631) to work on /home/airflow/.local/lib/python3.12/site-packages/airflow/example_dags/example_params_ui_tutorial.py
[2025-08-20T20:22:59.550+0000] {processor.py:914} INFO - Processing file /home/airflow/.local/lib/python3.12/site-packages/airflow/example_dags/example_params_ui_tutorial.py for tasks to queue
[2025-08-20T20:22:59.555+0000] {logging_mixin.py:190} INFO - [2025-08-20T20:22:59.555+0000] {dagbag.py:587} INFO - Filling up the DagBag from /home/airflow/.local/lib/python3.12/site-packages/airflow/example_dags/example_params_ui_tutorial.py
[2025-08-20T20:22:59.587+0000] {processor.py:925} INFO - DAG(s) 'example_params_ui_tutorial' retrieved from /home/airflow/.local/lib/python3.12/site-packages/airflow/example_dags/example_params_ui_tutorial.py
[2025-08-20T20:22:59.687+0000] {logging_mixin.py:190} INFO - [2025-08-20T20:22:59.687+0000] {dag.py:3229} INFO - Sync 1 DAGs
[2025-08-20T20:22:59.712+0000] {logging_mixin.py:190} INFO - [2025-08-20T20:22:59.712+0000] {dag.py:4156} INFO - Setting next_dagrun for example_params_ui_tutorial to None, run_after=None
[2025-08-20T20:22:59.741+0000] {processor.py:208} INFO - Processing /home/airflow/.local/lib/python3.12/site-packages/airflow/example_dags/example_params_ui_tutorial.py took 0.204 seconds
[2025-08-20T20:23:31.731+0000] {processor.py:186} INFO - Started process (PID=693) to work on /home/airflow/.local/lib/python3.12/site-packages/airflow/example_dags/example_params_ui_tutorial.py
[2025-08-20T20:23:31.734+0000] {processor.py:914} INFO - Processing file /home/airflow/.local/lib/python3.12/site-packages/airflow/example_dags/example_params_ui_tutorial.py for tasks to queue
[2025-08-20T20:23:31.737+0000] {logging_mixin.py:190} INFO - [2025-08-20T20:23:31.737+0000] {dagbag.py:587} INFO - Filling up the DagBag from /home/airflow/.local/lib/python3.12/site-packages/airflow/example_dags/example_params_ui_tutorial.py
[2025-08-20T20:23:31.757+0000] {processor.py:925} INFO - DAG(s) 'example_params_ui_tutorial' retrieved from /home/airflow/.local/lib/python3.12/site-packages/airflow/example_dags/example_params_ui_tutorial.py
[2025-08-20T20:23:31.851+0000] {logging_mixin.py:190} INFO - [2025-08-20T20:23:31.851+0000] {dag.py:3229} INFO - Sync 1 DAGs
[2025-08-20T20:23:31.864+0000] {logging_mixin.py:190} INFO - [2025-08-20T20:23:31.864+0000] {dag.py:4156} INFO - Setting next_dagrun for example_params_ui_tutorial to None, run_after=None
[2025-08-20T20:23:31.875+0000] {processor.py:208} INFO - Processing /home/airflow/.local/lib/python3.12/site-packages/airflow/example_dags/example_params_ui_tutorial.py took 0.156 seconds
[2025-08-20T20:24:02.408+0000] {processor.py:186} INFO - Started process (PID=755) to work on /home/airflow/.local/lib/python3.12/site-packages/airflow/example_dags/example_params_ui_tutorial.py
[2025-08-20T20:24:02.414+0000] {processor.py:914} INFO - Processing file /home/airflow/.local/lib/python3.12/site-packages/airflow/example_dags/example_params_ui_tutorial.py for tasks to queue
[2025-08-20T20:24:02.419+0000] {logging_mixin.py:190} INFO - [2025-08-20T20:24:02.418+0000] {dagbag.py:587} INFO - Filling up the DagBag from /home/airflow/.local/lib/python3.12/site-packages/airflow/example_dags/example_params_ui_tutorial.py
[2025-08-20T20:24:02.432+0000] {processor.py:925} INFO - DAG(s) 'example_params_ui_tutorial' retrieved from /home/airflow/.local/lib/python3.12/site-packages/airflow/example_dags/example_params_ui_tutorial.py
[2025-08-20T20:24:02.501+0000] {logging_mixin.py:190} INFO - [2025-08-20T20:24:02.501+0000] {dag.py:3229} INFO - Sync 1 DAGs
[2025-08-20T20:24:02.529+0000] {logging_mixin.py:190} INFO - [2025-08-20T20:24:02.528+0000] {dag.py:4156} INFO - Setting next_dagrun for example_params_ui_tutorial to None, run_after=None
[2025-08-20T20:24:02.564+0000] {processor.py:208} INFO - Processing /home/airflow/.local/lib/python3.12/site-packages/airflow/example_dags/example_params_ui_tutorial.py took 0.167 seconds
[2025-08-20T20:24:32.803+0000] {processor.py:186} INFO - Started process (PID=817) to work on /home/airflow/.local/lib/python3.12/site-packages/airflow/example_dags/example_params_ui_tutorial.py
[2025-08-20T20:24:32.807+0000] {processor.py:914} INFO - Processing file /home/airflow/.local/lib/python3.12/site-packages/airflow/example_dags/example_params_ui_tutorial.py for tasks to queue
[2025-08-20T20:24:32.810+0000] {logging_mixin.py:190} INFO - [2025-08-20T20:24:32.809+0000] {dagbag.py:587} INFO - Filling up the DagBag from /home/airflow/.local/lib/python3.12/site-packages/airflow/example_dags/example_params_ui_tutorial.py
[2025-08-20T20:24:32.823+0000] {processor.py:925} INFO - DAG(s) 'example_params_ui_tutorial' retrieved from /home/airflow/.local/lib/python3.12/site-packages/airflow/example_dags/example_params_ui_tutorial.py
[2025-08-20T20:24:32.853+0000] {logging_mixin.py:190} INFO - [2025-08-20T20:24:32.853+0000] {dag.py:3229} INFO - Sync 1 DAGs
[2025-08-20T20:24:32.863+0000] {logging_mixin.py:190} INFO - [2025-08-20T20:24:32.863+0000] {dag.py:4156} INFO - Setting next_dagrun for example_params_ui_tutorial to None, run_after=None
[2025-08-20T20:24:32.877+0000] {processor.py:208} INFO - Processing /home/airflow/.local/lib/python3.12/site-packages/airflow/example_dags/example_params_ui_tutorial.py took 0.081 seconds
[2025-08-20T20:25:05.629+0000] {processor.py:186} INFO - Started process (PID=878) to work on /home/airflow/.local/lib/python3.12/site-packages/airflow/example_dags/example_params_ui_tutorial.py
[2025-08-20T20:25:05.630+0000] {processor.py:914} INFO - Processing file /home/airflow/.local/lib/python3.12/site-packages/airflow/example_dags/example_params_ui_tutorial.py for tasks to queue
[2025-08-20T20:25:05.635+0000] {logging_mixin.py:190} INFO - [2025-08-20T20:25:05.635+0000] {dagbag.py:587} INFO - Filling up the DagBag from /home/airflow/.local/lib/python3.12/site-packages/airflow/example_dags/example_params_ui_tutorial.py
[2025-08-20T20:25:05.660+0000] {processor.py:925} INFO - DAG(s) 'example_params_ui_tutorial' retrieved from /home/airflow/.local/lib/python3.12/site-packages/airflow/example_dags/example_params_ui_tutorial.py
[2025-08-20T20:25:05.799+0000] {logging_mixin.py:190} INFO - [2025-08-20T20:25:05.798+0000] {dag.py:3229} INFO - Sync 1 DAGs
[2025-08-20T20:25:05.864+0000] {logging_mixin.py:190} INFO - [2025-08-20T20:25:05.863+0000] {dag.py:4156} INFO - Setting next_dagrun for example_params_ui_tutorial to None, run_after=None
[2025-08-20T20:25:05.955+0000] {processor.py:208} INFO - Processing /home/airflow/.local/lib/python3.12/site-packages/airflow/example_dags/example_params_ui_tutorial.py took 0.334 seconds
[2025-08-20T20:25:36.889+0000] {processor.py:186} INFO - Started process (PID=940) to work on /home/airflow/.local/lib/python3.12/site-packages/airflow/example_dags/example_params_ui_tutorial.py
[2025-08-20T20:25:36.892+0000] {processor.py:914} INFO - Processing file /home/airflow/.local/lib/python3.12/site-packages/airflow/example_dags/example_params_ui_tutorial.py for tasks to queue
[2025-08-20T20:25:36.896+0000] {logging_mixin.py:190} INFO - [2025-08-20T20:25:36.896+0000] {dagbag.py:587} INFO - Filling up the DagBag from /home/airflow/.local/lib/python3.12/site-packages/airflow/example_dags/example_params_ui_tutorial.py
[2025-08-20T20:25:36.921+0000] {processor.py:925} INFO - DAG(s) 'example_params_ui_tutorial' retrieved from /home/airflow/.local/lib/python3.12/site-packages/airflow/example_dags/example_params_ui_tutorial.py
[2025-08-20T20:25:37.046+0000] {logging_mixin.py:190} INFO - [2025-08-20T20:25:37.045+0000] {dag.py:3229} INFO - Sync 1 DAGs
[2025-08-20T20:25:37.092+0000] {logging_mixin.py:190} INFO - [2025-08-20T20:25:37.091+0000] {dag.py:4156} INFO - Setting next_dagrun for example_params_ui_tutorial to None, run_after=None
[2025-08-20T20:25:37.132+0000] {processor.py:208} INFO - Processing /home/airflow/.local/lib/python3.12/site-packages/airflow/example_dags/example_params_ui_tutorial.py took 0.251 seconds
[2025-08-20T20:26:07.791+0000] {processor.py:186} INFO - Started process (PID=1002) to work on /home/airflow/.local/lib/python3.12/site-packages/airflow/example_dags/example_params_ui_tutorial.py
[2025-08-20T20:26:07.792+0000] {processor.py:914} INFO - Processing file /home/airflow/.local/lib/python3.12/site-packages/airflow/example_dags/example_params_ui_tutorial.py for tasks to queue
[2025-08-20T20:26:07.794+0000] {logging_mixin.py:190} INFO - [2025-08-20T20:26:07.794+0000] {dagbag.py:587} INFO - Filling up the DagBag from /home/airflow/.local/lib/python3.12/site-packages/airflow/example_dags/example_params_ui_tutorial.py
[2025-08-20T20:26:07.800+0000] {processor.py:925} INFO - DAG(s) 'example_params_ui_tutorial' retrieved from /home/airflow/.local/lib/python3.12/site-packages/airflow/example_dags/example_params_ui_tutorial.py
[2025-08-20T20:26:07.835+0000] {logging_mixin.py:190} INFO - [2025-08-20T20:26:07.835+0000] {dag.py:3229} INFO - Sync 1 DAGs
[2025-08-20T20:26:07.849+0000] {logging_mixin.py:190} INFO - [2025-08-20T20:26:07.849+0000] {dag.py:4156} INFO - Setting next_dagrun for example_params_ui_tutorial to None, run_after=None
[2025-08-20T20:26:07.871+0000] {processor.py:208} INFO - Processing /home/airflow/.local/lib/python3.12/site-packages/airflow/example_dags/example_params_ui_tutorial.py took 0.087 seconds
[2025-08-20T20:26:38.013+0000] {processor.py:186} INFO - Started process (PID=1064) to work on /home/airflow/.local/lib/python3.12/site-packages/airflow/example_dags/example_params_ui_tutorial.py
[2025-08-20T20:26:38.015+0000] {processor.py:914} INFO - Processing file /home/airflow/.local/lib/python3.12/site-packages/airflow/example_dags/example_params_ui_tutorial.py for tasks to queue
[2025-08-20T20:26:38.018+0000] {logging_mixin.py:190} INFO - [2025-08-20T20:26:38.018+0000] {dagbag.py:587} INFO - Filling up the DagBag from /home/airflow/.local/lib/python3.12/site-packages/airflow/example_dags/example_params_ui_tutorial.py
[2025-08-20T20:26:38.027+0000] {processor.py:925} INFO - DAG(s) 'example_params_ui_tutorial' retrieved from /home/airflow/.local/lib/python3.12/site-packages/airflow/example_dags/example_params_ui_tutorial.py
[2025-08-20T20:26:38.069+0000] {logging_mixin.py:190} INFO - [2025-08-20T20:26:38.068+0000] {dag.py:3229} INFO - Sync 1 DAGs
[2025-08-20T20:26:38.086+0000] {logging_mixin.py:190} INFO - [2025-08-20T20:26:38.085+0000] {dag.py:4156} INFO - Setting next_dagrun for example_params_ui_tutorial to None, run_after=None
[2025-08-20T20:26:38.112+0000] {processor.py:208} INFO - Processing /home/airflow/.local/lib/python3.12/site-packages/airflow/example_dags/example_params_ui_tutorial.py took 0.114 seconds
