[2025-08-20T20:18:27.472+0000] {processor.py:186} INFO - Started process (PID=98) to work on /home/airflow/.local/lib/python3.12/site-packages/airflow/example_dags/example_sla_dag.py
[2025-08-20T20:18:27.475+0000] {processor.py:914} INFO - Processing file /home/airflow/.local/lib/python3.12/site-packages/airflow/example_dags/example_sla_dag.py for tasks to queue
[2025-08-20T20:18:27.479+0000] {logging_mixin.py:190} INFO - [2025-08-20T20:18:27.478+0000] {dagbag.py:587} INFO - Filling up the DagBag from /home/airflow/.local/lib/python3.12/site-packages/airflow/example_dags/example_sla_dag.py
[2025-08-20T20:18:27.505+0000] {processor.py:925} INFO - DAG(s) 'example_sla_dag' retrieved from /home/airflow/.local/lib/python3.12/site-packages/airflow/example_dags/example_sla_dag.py
[2025-08-20T20:18:27.935+0000] {logging_mixin.py:190} INFO - [2025-08-20T20:18:27.929+0000] {override.py:1900} INFO - Created Permission View: can read on DAG:example_sla_dag
[2025-08-20T20:18:27.966+0000] {logging_mixin.py:190} INFO - [2025-08-20T20:18:27.965+0000] {override.py:1900} INFO - Created Permission View: can delete on DAG:example_sla_dag
[2025-08-20T20:18:27.977+0000] {logging_mixin.py:190} INFO - [2025-08-20T20:18:27.976+0000] {override.py:1900} INFO - Created Permission View: can edit on DAG:example_sla_dag
[2025-08-20T20:18:27.999+0000] {logging_mixin.py:190} INFO - [2025-08-20T20:18:27.998+0000] {override.py:1900} INFO - Created Permission View: can read on DAG Run:example_sla_dag
[2025-08-20T20:18:28.016+0000] {logging_mixin.py:190} INFO - [2025-08-20T20:18:28.015+0000] {override.py:1900} INFO - Created Permission View: menu access on DAG Run:example_sla_dag
[2025-08-20T20:18:28.035+0000] {logging_mixin.py:190} INFO - [2025-08-20T20:18:28.034+0000] {override.py:1900} INFO - Created Permission View: can delete on DAG Run:example_sla_dag
[2025-08-20T20:18:28.043+0000] {logging_mixin.py:190} INFO - [2025-08-20T20:18:28.043+0000] {override.py:1900} INFO - Created Permission View: can create on DAG Run:example_sla_dag
[2025-08-20T20:18:28.044+0000] {logging_mixin.py:190} INFO - [2025-08-20T20:18:28.044+0000] {dag.py:3229} INFO - Sync 1 DAGs
[2025-08-20T20:18:28.078+0000] {logging_mixin.py:190} INFO - [2025-08-20T20:18:28.077+0000] {dag.py:3252} INFO - Creating ORM DAG for example_sla_dag
[2025-08-20T20:18:28.138+0000] {logging_mixin.py:190} INFO - [2025-08-20T20:18:28.137+0000] {dag.py:4156} INFO - Setting next_dagrun for example_sla_dag to 2025-08-20 20:16:00+00:00, run_after=2025-08-20 20:18:00+00:00
[2025-08-20T20:18:28.171+0000] {processor.py:208} INFO - Processing /home/airflow/.local/lib/python3.12/site-packages/airflow/example_dags/example_sla_dag.py took 0.718 seconds
[2025-08-20T20:18:58.332+0000] {processor.py:186} INFO - Started process (PID=160) to work on /home/airflow/.local/lib/python3.12/site-packages/airflow/example_dags/example_sla_dag.py
[2025-08-20T20:18:58.334+0000] {processor.py:914} INFO - Processing file /home/airflow/.local/lib/python3.12/site-packages/airflow/example_dags/example_sla_dag.py for tasks to queue
[2025-08-20T20:18:58.335+0000] {logging_mixin.py:190} INFO - [2025-08-20T20:18:58.335+0000] {dagbag.py:587} INFO - Filling up the DagBag from /home/airflow/.local/lib/python3.12/site-packages/airflow/example_dags/example_sla_dag.py
[2025-08-20T20:18:58.363+0000] {processor.py:925} INFO - DAG(s) 'example_sla_dag' retrieved from /home/airflow/.local/lib/python3.12/site-packages/airflow/example_dags/example_sla_dag.py
[2025-08-20T20:18:58.377+0000] {logging_mixin.py:190} INFO - [2025-08-20T20:18:58.377+0000] {dag.py:3229} INFO - Sync 1 DAGs
[2025-08-20T20:18:58.406+0000] {logging_mixin.py:190} INFO - [2025-08-20T20:18:58.405+0000] {dag.py:4156} INFO - Setting next_dagrun for example_sla_dag to 2025-08-20 20:16:00+00:00, run_after=2025-08-20 20:18:00+00:00
[2025-08-20T20:18:58.416+0000] {processor.py:208} INFO - Processing /home/airflow/.local/lib/python3.12/site-packages/airflow/example_dags/example_sla_dag.py took 0.088 seconds
[2025-08-20T20:19:31.483+0000] {processor.py:186} INFO - Started process (PID=222) to work on /home/airflow/.local/lib/python3.12/site-packages/airflow/example_dags/example_sla_dag.py
[2025-08-20T20:19:31.486+0000] {processor.py:914} INFO - Processing file /home/airflow/.local/lib/python3.12/site-packages/airflow/example_dags/example_sla_dag.py for tasks to queue
[2025-08-20T20:19:31.488+0000] {logging_mixin.py:190} INFO - [2025-08-20T20:19:31.488+0000] {dagbag.py:587} INFO - Filling up the DagBag from /home/airflow/.local/lib/python3.12/site-packages/airflow/example_dags/example_sla_dag.py
[2025-08-20T20:19:31.512+0000] {processor.py:925} INFO - DAG(s) 'example_sla_dag' retrieved from /home/airflow/.local/lib/python3.12/site-packages/airflow/example_dags/example_sla_dag.py
[2025-08-20T20:19:31.543+0000] {logging_mixin.py:190} INFO - [2025-08-20T20:19:31.543+0000] {dag.py:3229} INFO - Sync 1 DAGs
[2025-08-20T20:19:31.584+0000] {logging_mixin.py:190} INFO - [2025-08-20T20:19:31.584+0000] {dag.py:4156} INFO - Setting next_dagrun for example_sla_dag to 2025-08-20 20:16:00+00:00, run_after=2025-08-20 20:18:00+00:00
[2025-08-20T20:19:31.661+0000] {processor.py:208} INFO - Processing /home/airflow/.local/lib/python3.12/site-packages/airflow/example_dags/example_sla_dag.py took 0.188 seconds
[2025-08-20T20:20:02.817+0000] {processor.py:186} INFO - Started process (PID=284) to work on /home/airflow/.local/lib/python3.12/site-packages/airflow/example_dags/example_sla_dag.py
[2025-08-20T20:20:02.823+0000] {processor.py:914} INFO - Processing file /home/airflow/.local/lib/python3.12/site-packages/airflow/example_dags/example_sla_dag.py for tasks to queue
[2025-08-20T20:20:02.845+0000] {logging_mixin.py:190} INFO - [2025-08-20T20:20:02.842+0000] {dagbag.py:587} INFO - Filling up the DagBag from /home/airflow/.local/lib/python3.12/site-packages/airflow/example_dags/example_sla_dag.py
[2025-08-20T20:20:02.861+0000] {processor.py:925} INFO - DAG(s) 'example_sla_dag' retrieved from /home/airflow/.local/lib/python3.12/site-packages/airflow/example_dags/example_sla_dag.py
[2025-08-20T20:20:02.908+0000] {logging_mixin.py:190} INFO - [2025-08-20T20:20:02.908+0000] {dag.py:3229} INFO - Sync 1 DAGs
[2025-08-20T20:20:02.950+0000] {logging_mixin.py:190} INFO - [2025-08-20T20:20:02.949+0000] {dag.py:4156} INFO - Setting next_dagrun for example_sla_dag to 2025-08-20 20:18:00+00:00, run_after=2025-08-20 20:20:00+00:00
[2025-08-20T20:20:02.973+0000] {processor.py:208} INFO - Processing /home/airflow/.local/lib/python3.12/site-packages/airflow/example_dags/example_sla_dag.py took 0.196 seconds
[2025-08-20T20:20:41.101+0000] {processor.py:186} INFO - Started process (PID=346) to work on /home/airflow/.local/lib/python3.12/site-packages/airflow/example_dags/example_sla_dag.py
[2025-08-20T20:20:41.107+0000] {processor.py:914} INFO - Processing file /home/airflow/.local/lib/python3.12/site-packages/airflow/example_dags/example_sla_dag.py for tasks to queue
[2025-08-20T20:20:41.115+0000] {logging_mixin.py:190} INFO - [2025-08-20T20:20:41.114+0000] {dagbag.py:587} INFO - Filling up the DagBag from /home/airflow/.local/lib/python3.12/site-packages/airflow/example_dags/example_sla_dag.py
[2025-08-20T20:20:41.135+0000] {processor.py:925} INFO - DAG(s) 'example_sla_dag' retrieved from /home/airflow/.local/lib/python3.12/site-packages/airflow/example_dags/example_sla_dag.py
[2025-08-20T20:20:41.174+0000] {logging_mixin.py:190} INFO - [2025-08-20T20:20:41.173+0000] {dag.py:3229} INFO - Sync 1 DAGs
[2025-08-20T20:20:41.240+0000] {logging_mixin.py:190} INFO - [2025-08-20T20:20:41.240+0000] {dag.py:4156} INFO - Setting next_dagrun for example_sla_dag to 2025-08-20 20:18:00+00:00, run_after=2025-08-20 20:20:00+00:00
[2025-08-20T20:20:41.263+0000] {processor.py:208} INFO - Processing /home/airflow/.local/lib/python3.12/site-packages/airflow/example_dags/example_sla_dag.py took 0.177 seconds
[2025-08-20T20:21:13.092+0000] {processor.py:186} INFO - Started process (PID=408) to work on /home/airflow/.local/lib/python3.12/site-packages/airflow/example_dags/example_sla_dag.py
[2025-08-20T20:21:13.095+0000] {processor.py:914} INFO - Processing file /home/airflow/.local/lib/python3.12/site-packages/airflow/example_dags/example_sla_dag.py for tasks to queue
[2025-08-20T20:21:13.100+0000] {logging_mixin.py:190} INFO - [2025-08-20T20:21:13.100+0000] {dagbag.py:587} INFO - Filling up the DagBag from /home/airflow/.local/lib/python3.12/site-packages/airflow/example_dags/example_sla_dag.py
[2025-08-20T20:21:13.122+0000] {processor.py:925} INFO - DAG(s) 'example_sla_dag' retrieved from /home/airflow/.local/lib/python3.12/site-packages/airflow/example_dags/example_sla_dag.py
[2025-08-20T20:21:13.216+0000] {logging_mixin.py:190} INFO - [2025-08-20T20:21:13.216+0000] {dag.py:3229} INFO - Sync 1 DAGs
[2025-08-20T20:21:13.335+0000] {logging_mixin.py:190} INFO - [2025-08-20T20:21:13.334+0000] {dag.py:4156} INFO - Setting next_dagrun for example_sla_dag to 2025-08-20 20:18:00+00:00, run_after=2025-08-20 20:20:00+00:00
[2025-08-20T20:21:13.442+0000] {processor.py:208} INFO - Processing /home/airflow/.local/lib/python3.12/site-packages/airflow/example_dags/example_sla_dag.py took 0.353 seconds
[2025-08-20T20:21:44.054+0000] {processor.py:186} INFO - Started process (PID=469) to work on /home/airflow/.local/lib/python3.12/site-packages/airflow/example_dags/example_sla_dag.py
[2025-08-20T20:21:44.056+0000] {processor.py:914} INFO - Processing file /home/airflow/.local/lib/python3.12/site-packages/airflow/example_dags/example_sla_dag.py for tasks to queue
[2025-08-20T20:21:44.058+0000] {logging_mixin.py:190} INFO - [2025-08-20T20:21:44.058+0000] {dagbag.py:587} INFO - Filling up the DagBag from /home/airflow/.local/lib/python3.12/site-packages/airflow/example_dags/example_sla_dag.py
[2025-08-20T20:21:44.085+0000] {processor.py:925} INFO - DAG(s) 'example_sla_dag' retrieved from /home/airflow/.local/lib/python3.12/site-packages/airflow/example_dags/example_sla_dag.py
[2025-08-20T20:21:44.133+0000] {logging_mixin.py:190} INFO - [2025-08-20T20:21:44.132+0000] {dag.py:3229} INFO - Sync 1 DAGs
[2025-08-20T20:21:44.185+0000] {logging_mixin.py:190} INFO - [2025-08-20T20:21:44.185+0000] {dag.py:4156} INFO - Setting next_dagrun for example_sla_dag to 2025-08-20 20:18:00+00:00, run_after=2025-08-20 20:20:00+00:00
[2025-08-20T20:21:44.208+0000] {processor.py:208} INFO - Processing /home/airflow/.local/lib/python3.12/site-packages/airflow/example_dags/example_sla_dag.py took 0.172 seconds
[2025-08-20T20:22:15.650+0000] {processor.py:186} INFO - Started process (PID=531) to work on /home/airflow/.local/lib/python3.12/site-packages/airflow/example_dags/example_sla_dag.py
[2025-08-20T20:22:15.661+0000] {processor.py:914} INFO - Processing file /home/airflow/.local/lib/python3.12/site-packages/airflow/example_dags/example_sla_dag.py for tasks to queue
[2025-08-20T20:22:15.680+0000] {logging_mixin.py:190} INFO - [2025-08-20T20:22:15.679+0000] {dagbag.py:587} INFO - Filling up the DagBag from /home/airflow/.local/lib/python3.12/site-packages/airflow/example_dags/example_sla_dag.py
[2025-08-20T20:22:15.796+0000] {processor.py:925} INFO - DAG(s) 'example_sla_dag' retrieved from /home/airflow/.local/lib/python3.12/site-packages/airflow/example_dags/example_sla_dag.py
[2025-08-20T20:22:15.919+0000] {logging_mixin.py:190} INFO - [2025-08-20T20:22:15.919+0000] {dag.py:3229} INFO - Sync 1 DAGs
[2025-08-20T20:22:15.956+0000] {logging_mixin.py:190} INFO - [2025-08-20T20:22:15.956+0000] {dag.py:4156} INFO - Setting next_dagrun for example_sla_dag to 2025-08-20 20:20:00+00:00, run_after=2025-08-20 20:22:00+00:00
[2025-08-20T20:22:15.971+0000] {processor.py:208} INFO - Processing /home/airflow/.local/lib/python3.12/site-packages/airflow/example_dags/example_sla_dag.py took 0.367 seconds
[2025-08-20T20:22:47.144+0000] {processor.py:186} INFO - Started process (PID=593) to work on /home/airflow/.local/lib/python3.12/site-packages/airflow/example_dags/example_sla_dag.py
[2025-08-20T20:22:47.147+0000] {processor.py:914} INFO - Processing file /home/airflow/.local/lib/python3.12/site-packages/airflow/example_dags/example_sla_dag.py for tasks to queue
[2025-08-20T20:22:47.149+0000] {logging_mixin.py:190} INFO - [2025-08-20T20:22:47.149+0000] {dagbag.py:587} INFO - Filling up the DagBag from /home/airflow/.local/lib/python3.12/site-packages/airflow/example_dags/example_sla_dag.py
[2025-08-20T20:22:47.161+0000] {processor.py:925} INFO - DAG(s) 'example_sla_dag' retrieved from /home/airflow/.local/lib/python3.12/site-packages/airflow/example_dags/example_sla_dag.py
[2025-08-20T20:22:47.187+0000] {logging_mixin.py:190} INFO - [2025-08-20T20:22:47.187+0000] {dag.py:3229} INFO - Sync 1 DAGs
[2025-08-20T20:22:47.217+0000] {logging_mixin.py:190} INFO - [2025-08-20T20:22:47.217+0000] {dag.py:4156} INFO - Setting next_dagrun for example_sla_dag to 2025-08-20 20:20:00+00:00, run_after=2025-08-20 20:22:00+00:00
[2025-08-20T20:22:47.244+0000] {processor.py:208} INFO - Processing /home/airflow/.local/lib/python3.12/site-packages/airflow/example_dags/example_sla_dag.py took 0.105 seconds
[2025-08-20T20:23:19.684+0000] {processor.py:186} INFO - Started process (PID=655) to work on /home/airflow/.local/lib/python3.12/site-packages/airflow/example_dags/example_sla_dag.py
[2025-08-20T20:23:19.685+0000] {processor.py:914} INFO - Processing file /home/airflow/.local/lib/python3.12/site-packages/airflow/example_dags/example_sla_dag.py for tasks to queue
[2025-08-20T20:23:19.688+0000] {logging_mixin.py:190} INFO - [2025-08-20T20:23:19.687+0000] {dagbag.py:587} INFO - Filling up the DagBag from /home/airflow/.local/lib/python3.12/site-packages/airflow/example_dags/example_sla_dag.py
[2025-08-20T20:23:19.701+0000] {processor.py:925} INFO - DAG(s) 'example_sla_dag' retrieved from /home/airflow/.local/lib/python3.12/site-packages/airflow/example_dags/example_sla_dag.py
[2025-08-20T20:23:19.729+0000] {logging_mixin.py:190} INFO - [2025-08-20T20:23:19.728+0000] {dag.py:3229} INFO - Sync 1 DAGs
[2025-08-20T20:23:19.751+0000] {logging_mixin.py:190} INFO - [2025-08-20T20:23:19.751+0000] {dag.py:4156} INFO - Setting next_dagrun for example_sla_dag to 2025-08-20 20:20:00+00:00, run_after=2025-08-20 20:22:00+00:00
[2025-08-20T20:23:19.763+0000] {processor.py:208} INFO - Processing /home/airflow/.local/lib/python3.12/site-packages/airflow/example_dags/example_sla_dag.py took 0.085 seconds
[2025-08-20T20:23:51.725+0000] {processor.py:186} INFO - Started process (PID=717) to work on /home/airflow/.local/lib/python3.12/site-packages/airflow/example_dags/example_sla_dag.py
[2025-08-20T20:23:51.728+0000] {processor.py:914} INFO - Processing file /home/airflow/.local/lib/python3.12/site-packages/airflow/example_dags/example_sla_dag.py for tasks to queue
[2025-08-20T20:23:51.731+0000] {logging_mixin.py:190} INFO - [2025-08-20T20:23:51.731+0000] {dagbag.py:587} INFO - Filling up the DagBag from /home/airflow/.local/lib/python3.12/site-packages/airflow/example_dags/example_sla_dag.py
[2025-08-20T20:23:51.742+0000] {processor.py:925} INFO - DAG(s) 'example_sla_dag' retrieved from /home/airflow/.local/lib/python3.12/site-packages/airflow/example_dags/example_sla_dag.py
[2025-08-20T20:23:51.763+0000] {logging_mixin.py:190} INFO - [2025-08-20T20:23:51.763+0000] {dag.py:3229} INFO - Sync 1 DAGs
[2025-08-20T20:23:51.791+0000] {logging_mixin.py:190} INFO - [2025-08-20T20:23:51.791+0000] {dag.py:4156} INFO - Setting next_dagrun for example_sla_dag to 2025-08-20 20:20:00+00:00, run_after=2025-08-20 20:22:00+00:00
[2025-08-20T20:23:51.801+0000] {processor.py:208} INFO - Processing /home/airflow/.local/lib/python3.12/site-packages/airflow/example_dags/example_sla_dag.py took 0.082 seconds
[2025-08-20T20:24:23.709+0000] {processor.py:186} INFO - Started process (PID=779) to work on /home/airflow/.local/lib/python3.12/site-packages/airflow/example_dags/example_sla_dag.py
[2025-08-20T20:24:23.710+0000] {processor.py:914} INFO - Processing file /home/airflow/.local/lib/python3.12/site-packages/airflow/example_dags/example_sla_dag.py for tasks to queue
[2025-08-20T20:24:23.711+0000] {logging_mixin.py:190} INFO - [2025-08-20T20:24:23.711+0000] {dagbag.py:587} INFO - Filling up the DagBag from /home/airflow/.local/lib/python3.12/site-packages/airflow/example_dags/example_sla_dag.py
[2025-08-20T20:24:23.717+0000] {processor.py:925} INFO - DAG(s) 'example_sla_dag' retrieved from /home/airflow/.local/lib/python3.12/site-packages/airflow/example_dags/example_sla_dag.py
[2025-08-20T20:24:23.745+0000] {logging_mixin.py:190} INFO - [2025-08-20T20:24:23.745+0000] {dag.py:3229} INFO - Sync 1 DAGs
[2025-08-20T20:24:23.759+0000] {logging_mixin.py:190} INFO - [2025-08-20T20:24:23.759+0000] {dag.py:4156} INFO - Setting next_dagrun for example_sla_dag to 2025-08-20 20:22:00+00:00, run_after=2025-08-20 20:24:00+00:00
[2025-08-20T20:24:23.798+0000] {processor.py:208} INFO - Processing /home/airflow/.local/lib/python3.12/site-packages/airflow/example_dags/example_sla_dag.py took 0.092 seconds
[2025-08-20T20:24:54.278+0000] {processor.py:186} INFO - Started process (PID=840) to work on /home/airflow/.local/lib/python3.12/site-packages/airflow/example_dags/example_sla_dag.py
[2025-08-20T20:24:54.285+0000] {processor.py:914} INFO - Processing file /home/airflow/.local/lib/python3.12/site-packages/airflow/example_dags/example_sla_dag.py for tasks to queue
[2025-08-20T20:24:54.290+0000] {logging_mixin.py:190} INFO - [2025-08-20T20:24:54.289+0000] {dagbag.py:587} INFO - Filling up the DagBag from /home/airflow/.local/lib/python3.12/site-packages/airflow/example_dags/example_sla_dag.py
[2025-08-20T20:24:54.307+0000] {processor.py:925} INFO - DAG(s) 'example_sla_dag' retrieved from /home/airflow/.local/lib/python3.12/site-packages/airflow/example_dags/example_sla_dag.py
[2025-08-20T20:24:54.373+0000] {logging_mixin.py:190} INFO - [2025-08-20T20:24:54.373+0000] {dag.py:3229} INFO - Sync 1 DAGs
[2025-08-20T20:24:54.396+0000] {logging_mixin.py:190} INFO - [2025-08-20T20:24:54.396+0000] {dag.py:4156} INFO - Setting next_dagrun for example_sla_dag to 2025-08-20 20:22:00+00:00, run_after=2025-08-20 20:24:00+00:00
[2025-08-20T20:24:54.406+0000] {processor.py:208} INFO - Processing /home/airflow/.local/lib/python3.12/site-packages/airflow/example_dags/example_sla_dag.py took 0.136 seconds
[2025-08-20T20:25:24.914+0000] {processor.py:186} INFO - Started process (PID=902) to work on /home/airflow/.local/lib/python3.12/site-packages/airflow/example_dags/example_sla_dag.py
[2025-08-20T20:25:24.918+0000] {processor.py:914} INFO - Processing file /home/airflow/.local/lib/python3.12/site-packages/airflow/example_dags/example_sla_dag.py for tasks to queue
[2025-08-20T20:25:24.920+0000] {logging_mixin.py:190} INFO - [2025-08-20T20:25:24.920+0000] {dagbag.py:587} INFO - Filling up the DagBag from /home/airflow/.local/lib/python3.12/site-packages/airflow/example_dags/example_sla_dag.py
[2025-08-20T20:25:24.928+0000] {processor.py:925} INFO - DAG(s) 'example_sla_dag' retrieved from /home/airflow/.local/lib/python3.12/site-packages/airflow/example_dags/example_sla_dag.py
[2025-08-20T20:25:24.938+0000] {logging_mixin.py:190} INFO - [2025-08-20T20:25:24.938+0000] {dag.py:3229} INFO - Sync 1 DAGs
[2025-08-20T20:25:24.950+0000] {logging_mixin.py:190} INFO - [2025-08-20T20:25:24.950+0000] {dag.py:4156} INFO - Setting next_dagrun for example_sla_dag to 2025-08-20 20:22:00+00:00, run_after=2025-08-20 20:24:00+00:00
[2025-08-20T20:25:24.957+0000] {processor.py:208} INFO - Processing /home/airflow/.local/lib/python3.12/site-packages/airflow/example_dags/example_sla_dag.py took 0.047 seconds
[2025-08-20T20:25:55.499+0000] {processor.py:186} INFO - Started process (PID=964) to work on /home/airflow/.local/lib/python3.12/site-packages/airflow/example_dags/example_sla_dag.py
[2025-08-20T20:25:55.500+0000] {processor.py:914} INFO - Processing file /home/airflow/.local/lib/python3.12/site-packages/airflow/example_dags/example_sla_dag.py for tasks to queue
[2025-08-20T20:25:55.501+0000] {logging_mixin.py:190} INFO - [2025-08-20T20:25:55.501+0000] {dagbag.py:587} INFO - Filling up the DagBag from /home/airflow/.local/lib/python3.12/site-packages/airflow/example_dags/example_sla_dag.py
[2025-08-20T20:25:55.509+0000] {processor.py:925} INFO - DAG(s) 'example_sla_dag' retrieved from /home/airflow/.local/lib/python3.12/site-packages/airflow/example_dags/example_sla_dag.py
[2025-08-20T20:25:55.521+0000] {logging_mixin.py:190} INFO - [2025-08-20T20:25:55.521+0000] {dag.py:3229} INFO - Sync 1 DAGs
[2025-08-20T20:25:55.536+0000] {logging_mixin.py:190} INFO - [2025-08-20T20:25:55.536+0000] {dag.py:4156} INFO - Setting next_dagrun for example_sla_dag to 2025-08-20 20:22:00+00:00, run_after=2025-08-20 20:24:00+00:00
[2025-08-20T20:25:55.545+0000] {processor.py:208} INFO - Processing /home/airflow/.local/lib/python3.12/site-packages/airflow/example_dags/example_sla_dag.py took 0.050 seconds
[2025-08-20T20:26:26.117+0000] {processor.py:186} INFO - Started process (PID=1026) to work on /home/airflow/.local/lib/python3.12/site-packages/airflow/example_dags/example_sla_dag.py
[2025-08-20T20:26:26.118+0000] {processor.py:914} INFO - Processing file /home/airflow/.local/lib/python3.12/site-packages/airflow/example_dags/example_sla_dag.py for tasks to queue
[2025-08-20T20:26:26.120+0000] {logging_mixin.py:190} INFO - [2025-08-20T20:26:26.120+0000] {dagbag.py:587} INFO - Filling up the DagBag from /home/airflow/.local/lib/python3.12/site-packages/airflow/example_dags/example_sla_dag.py
[2025-08-20T20:26:26.125+0000] {processor.py:925} INFO - DAG(s) 'example_sla_dag' retrieved from /home/airflow/.local/lib/python3.12/site-packages/airflow/example_dags/example_sla_dag.py
[2025-08-20T20:26:26.137+0000] {logging_mixin.py:190} INFO - [2025-08-20T20:26:26.137+0000] {dag.py:3229} INFO - Sync 1 DAGs
[2025-08-20T20:26:26.150+0000] {logging_mixin.py:190} INFO - [2025-08-20T20:26:26.150+0000] {dag.py:4156} INFO - Setting next_dagrun for example_sla_dag to 2025-08-20 20:24:00+00:00, run_after=2025-08-20 20:26:00+00:00
[2025-08-20T20:26:26.158+0000] {processor.py:208} INFO - Processing /home/airflow/.local/lib/python3.12/site-packages/airflow/example_dags/example_sla_dag.py took 0.045 seconds
[2025-08-20T20:26:57.345+0000] {processor.py:186} INFO - Started process (PID=1088) to work on /home/airflow/.local/lib/python3.12/site-packages/airflow/example_dags/example_sla_dag.py
[2025-08-20T20:26:57.346+0000] {processor.py:914} INFO - Processing file /home/airflow/.local/lib/python3.12/site-packages/airflow/example_dags/example_sla_dag.py for tasks to queue
[2025-08-20T20:26:57.348+0000] {logging_mixin.py:190} INFO - [2025-08-20T20:26:57.348+0000] {dagbag.py:587} INFO - Filling up the DagBag from /home/airflow/.local/lib/python3.12/site-packages/airflow/example_dags/example_sla_dag.py
[2025-08-20T20:26:57.356+0000] {processor.py:925} INFO - DAG(s) 'example_sla_dag' retrieved from /home/airflow/.local/lib/python3.12/site-packages/airflow/example_dags/example_sla_dag.py
[2025-08-20T20:26:57.372+0000] {logging_mixin.py:190} INFO - [2025-08-20T20:26:57.372+0000] {dag.py:3229} INFO - Sync 1 DAGs
[2025-08-20T20:26:57.405+0000] {logging_mixin.py:190} INFO - [2025-08-20T20:26:57.405+0000] {dag.py:4156} INFO - Setting next_dagrun for example_sla_dag to 2025-08-20 20:24:00+00:00, run_after=2025-08-20 20:26:00+00:00
[2025-08-20T20:26:57.416+0000] {processor.py:208} INFO - Processing /home/airflow/.local/lib/python3.12/site-packages/airflow/example_dags/example_sla_dag.py took 0.074 seconds
