[2025-08-20T20:18:43.519+0000] {processor.py:186} INFO - Started process (PID=124) to work on /home/airflow/.local/lib/python3.12/site-packages/airflow/example_dags/example_branch_datetime_operator.py
[2025-08-20T20:18:43.520+0000] {processor.py:914} INFO - Processing file /home/airflow/.local/lib/python3.12/site-packages/airflow/example_dags/example_branch_datetime_operator.py for tasks to queue
[2025-08-20T20:18:43.526+0000] {logging_mixin.py:190} INFO - [2025-08-20T20:18:43.525+0000] {dagbag.py:587} INFO - Filling up the DagBag from /home/airflow/.local/lib/python3.12/site-packages/airflow/example_dags/example_branch_datetime_operator.py
[2025-08-20T20:18:43.567+0000] {processor.py:925} INFO - DAG(s) 'example_branch_datetime_operator_3', 'example_branch_datetime_operator_2', 'example_branch_datetime_operator' retrieved from /home/airflow/.local/lib/python3.12/site-packages/airflow/example_dags/example_branch_datetime_operator.py
[2025-08-20T20:18:43.826+0000] {logging_mixin.py:190} INFO - [2025-08-20T20:18:43.824+0000] {override.py:1900} INFO - Created Permission View: can read on DAG:example_branch_datetime_operator_3
[2025-08-20T20:18:43.836+0000] {logging_mixin.py:190} INFO - [2025-08-20T20:18:43.836+0000] {override.py:1900} INFO - Created Permission View: can delete on DAG:example_branch_datetime_operator_3
[2025-08-20T20:18:43.842+0000] {logging_mixin.py:190} INFO - [2025-08-20T20:18:43.842+0000] {override.py:1900} INFO - Created Permission View: can edit on DAG:example_branch_datetime_operator_3
[2025-08-20T20:18:43.849+0000] {logging_mixin.py:190} INFO - [2025-08-20T20:18:43.849+0000] {override.py:1900} INFO - Created Permission View: can read on DAG Run:example_branch_datetime_operator_3
[2025-08-20T20:18:43.853+0000] {logging_mixin.py:190} INFO - [2025-08-20T20:18:43.853+0000] {override.py:1900} INFO - Created Permission View: menu access on DAG Run:example_branch_datetime_operator_3
[2025-08-20T20:18:43.858+0000] {logging_mixin.py:190} INFO - [2025-08-20T20:18:43.858+0000] {override.py:1900} INFO - Created Permission View: can delete on DAG Run:example_branch_datetime_operator_3
[2025-08-20T20:18:43.864+0000] {logging_mixin.py:190} INFO - [2025-08-20T20:18:43.863+0000] {override.py:1900} INFO - Created Permission View: can create on DAG Run:example_branch_datetime_operator_3
[2025-08-20T20:18:43.878+0000] {logging_mixin.py:190} INFO - [2025-08-20T20:18:43.877+0000] {override.py:1900} INFO - Created Permission View: can read on DAG:example_branch_datetime_operator_2
[2025-08-20T20:18:43.881+0000] {logging_mixin.py:190} INFO - [2025-08-20T20:18:43.881+0000] {override.py:1900} INFO - Created Permission View: can delete on DAG:example_branch_datetime_operator_2
[2025-08-20T20:18:43.885+0000] {logging_mixin.py:190} INFO - [2025-08-20T20:18:43.884+0000] {override.py:1900} INFO - Created Permission View: can edit on DAG:example_branch_datetime_operator_2
[2025-08-20T20:18:43.892+0000] {logging_mixin.py:190} INFO - [2025-08-20T20:18:43.891+0000] {override.py:1900} INFO - Created Permission View: can read on DAG Run:example_branch_datetime_operator_2
[2025-08-20T20:18:43.895+0000] {logging_mixin.py:190} INFO - [2025-08-20T20:18:43.895+0000] {override.py:1900} INFO - Created Permission View: menu access on DAG Run:example_branch_datetime_operator_2
[2025-08-20T20:18:43.899+0000] {logging_mixin.py:190} INFO - [2025-08-20T20:18:43.899+0000] {override.py:1900} INFO - Created Permission View: can delete on DAG Run:example_branch_datetime_operator_2
[2025-08-20T20:18:43.903+0000] {logging_mixin.py:190} INFO - [2025-08-20T20:18:43.903+0000] {override.py:1900} INFO - Created Permission View: can create on DAG Run:example_branch_datetime_operator_2
[2025-08-20T20:18:43.909+0000] {logging_mixin.py:190} INFO - [2025-08-20T20:18:43.909+0000] {override.py:1900} INFO - Created Permission View: can read on DAG:example_branch_datetime_operator
[2025-08-20T20:18:43.911+0000] {logging_mixin.py:190} INFO - [2025-08-20T20:18:43.911+0000] {override.py:1900} INFO - Created Permission View: can delete on DAG:example_branch_datetime_operator
[2025-08-20T20:18:43.913+0000] {logging_mixin.py:190} INFO - [2025-08-20T20:18:43.913+0000] {override.py:1900} INFO - Created Permission View: can edit on DAG:example_branch_datetime_operator
[2025-08-20T20:18:43.916+0000] {logging_mixin.py:190} INFO - [2025-08-20T20:18:43.916+0000] {override.py:1900} INFO - Created Permission View: can read on DAG Run:example_branch_datetime_operator
[2025-08-20T20:18:43.924+0000] {logging_mixin.py:190} INFO - [2025-08-20T20:18:43.922+0000] {override.py:1900} INFO - Created Permission View: menu access on DAG Run:example_branch_datetime_operator
[2025-08-20T20:18:43.930+0000] {logging_mixin.py:190} INFO - [2025-08-20T20:18:43.929+0000] {override.py:1900} INFO - Created Permission View: can delete on DAG Run:example_branch_datetime_operator
[2025-08-20T20:18:43.936+0000] {logging_mixin.py:190} INFO - [2025-08-20T20:18:43.935+0000] {override.py:1900} INFO - Created Permission View: can create on DAG Run:example_branch_datetime_operator
[2025-08-20T20:18:43.936+0000] {logging_mixin.py:190} INFO - [2025-08-20T20:18:43.936+0000] {dag.py:3229} INFO - Sync 3 DAGs
[2025-08-20T20:18:43.963+0000] {logging_mixin.py:190} INFO - [2025-08-20T20:18:43.963+0000] {dag.py:3252} INFO - Creating ORM DAG for example_branch_datetime_operator_2
[2025-08-20T20:18:43.964+0000] {logging_mixin.py:190} INFO - [2025-08-20T20:18:43.964+0000] {dag.py:3252} INFO - Creating ORM DAG for example_branch_datetime_operator_3
[2025-08-20T20:18:43.965+0000] {logging_mixin.py:190} INFO - [2025-08-20T20:18:43.965+0000] {dag.py:3252} INFO - Creating ORM DAG for example_branch_datetime_operator
[2025-08-20T20:18:43.983+0000] {logging_mixin.py:190} INFO - [2025-08-20T20:18:43.981+0000] {dag.py:4156} INFO - Setting next_dagrun for example_branch_datetime_operator to 2025-08-19 00:00:00+00:00, run_after=2025-08-20 00:00:00+00:00
[2025-08-20T20:18:43.984+0000] {logging_mixin.py:190} INFO - [2025-08-20T20:18:43.984+0000] {dag.py:4156} INFO - Setting next_dagrun for example_branch_datetime_operator_2 to 2025-08-19 00:00:00+00:00, run_after=2025-08-20 00:00:00+00:00
[2025-08-20T20:18:43.985+0000] {logging_mixin.py:190} INFO - [2025-08-20T20:18:43.985+0000] {dag.py:4156} INFO - Setting next_dagrun for example_branch_datetime_operator_3 to 2025-08-19 00:00:00+00:00, run_after=2025-08-20 00:00:00+00:00
[2025-08-20T20:18:44.017+0000] {processor.py:208} INFO - Processing /home/airflow/.local/lib/python3.12/site-packages/airflow/example_dags/example_branch_datetime_operator.py took 0.514 seconds
[2025-08-20T20:19:16.253+0000] {processor.py:186} INFO - Started process (PID=186) to work on /home/airflow/.local/lib/python3.12/site-packages/airflow/example_dags/example_branch_datetime_operator.py
[2025-08-20T20:19:16.255+0000] {processor.py:914} INFO - Processing file /home/airflow/.local/lib/python3.12/site-packages/airflow/example_dags/example_branch_datetime_operator.py for tasks to queue
[2025-08-20T20:19:16.257+0000] {logging_mixin.py:190} INFO - [2025-08-20T20:19:16.257+0000] {dagbag.py:587} INFO - Filling up the DagBag from /home/airflow/.local/lib/python3.12/site-packages/airflow/example_dags/example_branch_datetime_operator.py
[2025-08-20T20:19:16.274+0000] {processor.py:925} INFO - DAG(s) 'example_branch_datetime_operator_3', 'example_branch_datetime_operator', 'example_branch_datetime_operator_2' retrieved from /home/airflow/.local/lib/python3.12/site-packages/airflow/example_dags/example_branch_datetime_operator.py
[2025-08-20T20:19:16.316+0000] {logging_mixin.py:190} INFO - [2025-08-20T20:19:16.316+0000] {dag.py:3229} INFO - Sync 3 DAGs
[2025-08-20T20:19:16.345+0000] {logging_mixin.py:190} INFO - [2025-08-20T20:19:16.345+0000] {dag.py:4156} INFO - Setting next_dagrun for example_branch_datetime_operator to 2025-08-19 00:00:00+00:00, run_after=2025-08-20 00:00:00+00:00
[2025-08-20T20:19:16.349+0000] {logging_mixin.py:190} INFO - [2025-08-20T20:19:16.349+0000] {dag.py:4156} INFO - Setting next_dagrun for example_branch_datetime_operator_2 to 2025-08-19 00:00:00+00:00, run_after=2025-08-20 00:00:00+00:00
[2025-08-20T20:19:16.352+0000] {logging_mixin.py:190} INFO - [2025-08-20T20:19:16.352+0000] {dag.py:4156} INFO - Setting next_dagrun for example_branch_datetime_operator_3 to 2025-08-19 00:00:00+00:00, run_after=2025-08-20 00:00:00+00:00
[2025-08-20T20:19:16.363+0000] {processor.py:208} INFO - Processing /home/airflow/.local/lib/python3.12/site-packages/airflow/example_dags/example_branch_datetime_operator.py took 0.116 seconds
[2025-08-20T20:19:50.750+0000] {processor.py:186} INFO - Started process (PID=248) to work on /home/airflow/.local/lib/python3.12/site-packages/airflow/example_dags/example_branch_datetime_operator.py
[2025-08-20T20:19:50.756+0000] {processor.py:914} INFO - Processing file /home/airflow/.local/lib/python3.12/site-packages/airflow/example_dags/example_branch_datetime_operator.py for tasks to queue
[2025-08-20T20:19:50.765+0000] {logging_mixin.py:190} INFO - [2025-08-20T20:19:50.764+0000] {dagbag.py:587} INFO - Filling up the DagBag from /home/airflow/.local/lib/python3.12/site-packages/airflow/example_dags/example_branch_datetime_operator.py
[2025-08-20T20:19:50.808+0000] {processor.py:925} INFO - DAG(s) 'example_branch_datetime_operator', 'example_branch_datetime_operator_3', 'example_branch_datetime_operator_2' retrieved from /home/airflow/.local/lib/python3.12/site-packages/airflow/example_dags/example_branch_datetime_operator.py
[2025-08-20T20:19:50.876+0000] {logging_mixin.py:190} INFO - [2025-08-20T20:19:50.875+0000] {dag.py:3229} INFO - Sync 3 DAGs
[2025-08-20T20:19:50.931+0000] {logging_mixin.py:190} INFO - [2025-08-20T20:19:50.930+0000] {dag.py:4156} INFO - Setting next_dagrun for example_branch_datetime_operator to 2025-08-19 00:00:00+00:00, run_after=2025-08-20 00:00:00+00:00
[2025-08-20T20:19:50.940+0000] {logging_mixin.py:190} INFO - [2025-08-20T20:19:50.939+0000] {dag.py:4156} INFO - Setting next_dagrun for example_branch_datetime_operator_2 to 2025-08-19 00:00:00+00:00, run_after=2025-08-20 00:00:00+00:00
[2025-08-20T20:19:50.941+0000] {logging_mixin.py:190} INFO - [2025-08-20T20:19:50.941+0000] {dag.py:4156} INFO - Setting next_dagrun for example_branch_datetime_operator_3 to 2025-08-19 00:00:00+00:00, run_after=2025-08-20 00:00:00+00:00
[2025-08-20T20:19:50.961+0000] {processor.py:208} INFO - Processing /home/airflow/.local/lib/python3.12/site-packages/airflow/example_dags/example_branch_datetime_operator.py took 0.235 seconds
[2025-08-20T20:20:24.703+0000] {processor.py:186} INFO - Started process (PID=322) to work on /home/airflow/.local/lib/python3.12/site-packages/airflow/example_dags/example_branch_datetime_operator.py
[2025-08-20T20:20:24.707+0000] {processor.py:914} INFO - Processing file /home/airflow/.local/lib/python3.12/site-packages/airflow/example_dags/example_branch_datetime_operator.py for tasks to queue
[2025-08-20T20:20:24.711+0000] {logging_mixin.py:190} INFO - [2025-08-20T20:20:24.710+0000] {dagbag.py:587} INFO - Filling up the DagBag from /home/airflow/.local/lib/python3.12/site-packages/airflow/example_dags/example_branch_datetime_operator.py
[2025-08-20T20:20:24.741+0000] {processor.py:925} INFO - DAG(s) 'example_branch_datetime_operator_2', 'example_branch_datetime_operator_3', 'example_branch_datetime_operator' retrieved from /home/airflow/.local/lib/python3.12/site-packages/airflow/example_dags/example_branch_datetime_operator.py
[2025-08-20T20:20:24.831+0000] {logging_mixin.py:190} INFO - [2025-08-20T20:20:24.830+0000] {dag.py:3229} INFO - Sync 3 DAGs
[2025-08-20T20:20:24.881+0000] {logging_mixin.py:190} INFO - [2025-08-20T20:20:24.880+0000] {dag.py:4156} INFO - Setting next_dagrun for example_branch_datetime_operator to 2025-08-19 00:00:00+00:00, run_after=2025-08-20 00:00:00+00:00
[2025-08-20T20:20:24.884+0000] {logging_mixin.py:190} INFO - [2025-08-20T20:20:24.884+0000] {dag.py:4156} INFO - Setting next_dagrun for example_branch_datetime_operator_2 to 2025-08-19 00:00:00+00:00, run_after=2025-08-20 00:00:00+00:00
[2025-08-20T20:20:24.886+0000] {logging_mixin.py:190} INFO - [2025-08-20T20:20:24.886+0000] {dag.py:4156} INFO - Setting next_dagrun for example_branch_datetime_operator_3 to 2025-08-19 00:00:00+00:00, run_after=2025-08-20 00:00:00+00:00
[2025-08-20T20:20:24.901+0000] {processor.py:208} INFO - Processing /home/airflow/.local/lib/python3.12/site-packages/airflow/example_dags/example_branch_datetime_operator.py took 0.212 seconds
[2025-08-20T20:20:56.863+0000] {processor.py:186} INFO - Started process (PID=384) to work on /home/airflow/.local/lib/python3.12/site-packages/airflow/example_dags/example_branch_datetime_operator.py
[2025-08-20T20:20:56.864+0000] {processor.py:914} INFO - Processing file /home/airflow/.local/lib/python3.12/site-packages/airflow/example_dags/example_branch_datetime_operator.py for tasks to queue
[2025-08-20T20:20:56.867+0000] {logging_mixin.py:190} INFO - [2025-08-20T20:20:56.867+0000] {dagbag.py:587} INFO - Filling up the DagBag from /home/airflow/.local/lib/python3.12/site-packages/airflow/example_dags/example_branch_datetime_operator.py
[2025-08-20T20:20:56.882+0000] {processor.py:925} INFO - DAG(s) 'example_branch_datetime_operator_2', 'example_branch_datetime_operator_3', 'example_branch_datetime_operator' retrieved from /home/airflow/.local/lib/python3.12/site-packages/airflow/example_dags/example_branch_datetime_operator.py
[2025-08-20T20:20:56.910+0000] {logging_mixin.py:190} INFO - [2025-08-20T20:20:56.909+0000] {dag.py:3229} INFO - Sync 3 DAGs
[2025-08-20T20:20:56.958+0000] {logging_mixin.py:190} INFO - [2025-08-20T20:20:56.957+0000] {dag.py:4156} INFO - Setting next_dagrun for example_branch_datetime_operator to 2025-08-19 00:00:00+00:00, run_after=2025-08-20 00:00:00+00:00
[2025-08-20T20:20:56.965+0000] {logging_mixin.py:190} INFO - [2025-08-20T20:20:56.965+0000] {dag.py:4156} INFO - Setting next_dagrun for example_branch_datetime_operator_2 to 2025-08-19 00:00:00+00:00, run_after=2025-08-20 00:00:00+00:00
[2025-08-20T20:20:56.969+0000] {logging_mixin.py:190} INFO - [2025-08-20T20:20:56.968+0000] {dag.py:4156} INFO - Setting next_dagrun for example_branch_datetime_operator_3 to 2025-08-19 00:00:00+00:00, run_after=2025-08-20 00:00:00+00:00
[2025-08-20T20:20:56.986+0000] {processor.py:208} INFO - Processing /home/airflow/.local/lib/python3.12/site-packages/airflow/example_dags/example_branch_datetime_operator.py took 0.132 seconds
[2025-08-20T20:21:27.638+0000] {processor.py:186} INFO - Started process (PID=446) to work on /home/airflow/.local/lib/python3.12/site-packages/airflow/example_dags/example_branch_datetime_operator.py
[2025-08-20T20:21:27.642+0000] {processor.py:914} INFO - Processing file /home/airflow/.local/lib/python3.12/site-packages/airflow/example_dags/example_branch_datetime_operator.py for tasks to queue
[2025-08-20T20:21:27.645+0000] {logging_mixin.py:190} INFO - [2025-08-20T20:21:27.644+0000] {dagbag.py:587} INFO - Filling up the DagBag from /home/airflow/.local/lib/python3.12/site-packages/airflow/example_dags/example_branch_datetime_operator.py
[2025-08-20T20:21:27.663+0000] {processor.py:925} INFO - DAG(s) 'example_branch_datetime_operator_3', 'example_branch_datetime_operator', 'example_branch_datetime_operator_2' retrieved from /home/airflow/.local/lib/python3.12/site-packages/airflow/example_dags/example_branch_datetime_operator.py
[2025-08-20T20:21:27.712+0000] {logging_mixin.py:190} INFO - [2025-08-20T20:21:27.712+0000] {dag.py:3229} INFO - Sync 3 DAGs
[2025-08-20T20:21:27.749+0000] {logging_mixin.py:190} INFO - [2025-08-20T20:21:27.749+0000] {dag.py:4156} INFO - Setting next_dagrun for example_branch_datetime_operator to 2025-08-19 00:00:00+00:00, run_after=2025-08-20 00:00:00+00:00
[2025-08-20T20:21:27.760+0000] {logging_mixin.py:190} INFO - [2025-08-20T20:21:27.760+0000] {dag.py:4156} INFO - Setting next_dagrun for example_branch_datetime_operator_2 to 2025-08-19 00:00:00+00:00, run_after=2025-08-20 00:00:00+00:00
[2025-08-20T20:21:27.764+0000] {logging_mixin.py:190} INFO - [2025-08-20T20:21:27.764+0000] {dag.py:4156} INFO - Setting next_dagrun for example_branch_datetime_operator_3 to 2025-08-19 00:00:00+00:00, run_after=2025-08-20 00:00:00+00:00
[2025-08-20T20:21:27.779+0000] {processor.py:208} INFO - Processing /home/airflow/.local/lib/python3.12/site-packages/airflow/example_dags/example_branch_datetime_operator.py took 0.150 seconds
[2025-08-20T20:21:58.035+0000] {processor.py:186} INFO - Started process (PID=508) to work on /home/airflow/.local/lib/python3.12/site-packages/airflow/example_dags/example_branch_datetime_operator.py
[2025-08-20T20:21:58.056+0000] {processor.py:914} INFO - Processing file /home/airflow/.local/lib/python3.12/site-packages/airflow/example_dags/example_branch_datetime_operator.py for tasks to queue
[2025-08-20T20:21:58.081+0000] {logging_mixin.py:190} INFO - [2025-08-20T20:21:58.080+0000] {dagbag.py:587} INFO - Filling up the DagBag from /home/airflow/.local/lib/python3.12/site-packages/airflow/example_dags/example_branch_datetime_operator.py
[2025-08-20T20:21:58.107+0000] {processor.py:925} INFO - DAG(s) 'example_branch_datetime_operator_3', 'example_branch_datetime_operator', 'example_branch_datetime_operator_2' retrieved from /home/airflow/.local/lib/python3.12/site-packages/airflow/example_dags/example_branch_datetime_operator.py
[2025-08-20T20:21:58.150+0000] {logging_mixin.py:190} INFO - [2025-08-20T20:21:58.150+0000] {dag.py:3229} INFO - Sync 3 DAGs
[2025-08-20T20:21:58.175+0000] {logging_mixin.py:190} INFO - [2025-08-20T20:21:58.175+0000] {dag.py:4156} INFO - Setting next_dagrun for example_branch_datetime_operator to 2025-08-19 00:00:00+00:00, run_after=2025-08-20 00:00:00+00:00
[2025-08-20T20:21:58.180+0000] {logging_mixin.py:190} INFO - [2025-08-20T20:21:58.180+0000] {dag.py:4156} INFO - Setting next_dagrun for example_branch_datetime_operator_2 to 2025-08-19 00:00:00+00:00, run_after=2025-08-20 00:00:00+00:00
[2025-08-20T20:21:58.183+0000] {logging_mixin.py:190} INFO - [2025-08-20T20:21:58.183+0000] {dag.py:4156} INFO - Setting next_dagrun for example_branch_datetime_operator_3 to 2025-08-19 00:00:00+00:00, run_after=2025-08-20 00:00:00+00:00
[2025-08-20T20:21:58.210+0000] {processor.py:208} INFO - Processing /home/airflow/.local/lib/python3.12/site-packages/airflow/example_dags/example_branch_datetime_operator.py took 0.218 seconds
[2025-08-20T20:22:29.076+0000] {processor.py:186} INFO - Started process (PID=570) to work on /home/airflow/.local/lib/python3.12/site-packages/airflow/example_dags/example_branch_datetime_operator.py
[2025-08-20T20:22:29.081+0000] {processor.py:914} INFO - Processing file /home/airflow/.local/lib/python3.12/site-packages/airflow/example_dags/example_branch_datetime_operator.py for tasks to queue
[2025-08-20T20:22:29.085+0000] {logging_mixin.py:190} INFO - [2025-08-20T20:22:29.085+0000] {dagbag.py:587} INFO - Filling up the DagBag from /home/airflow/.local/lib/python3.12/site-packages/airflow/example_dags/example_branch_datetime_operator.py
[2025-08-20T20:22:29.096+0000] {processor.py:925} INFO - DAG(s) 'example_branch_datetime_operator', 'example_branch_datetime_operator_2', 'example_branch_datetime_operator_3' retrieved from /home/airflow/.local/lib/python3.12/site-packages/airflow/example_dags/example_branch_datetime_operator.py
[2025-08-20T20:22:29.142+0000] {logging_mixin.py:190} INFO - [2025-08-20T20:22:29.142+0000] {dag.py:3229} INFO - Sync 3 DAGs
[2025-08-20T20:22:29.170+0000] {logging_mixin.py:190} INFO - [2025-08-20T20:22:29.170+0000] {dag.py:4156} INFO - Setting next_dagrun for example_branch_datetime_operator to 2025-08-19 00:00:00+00:00, run_after=2025-08-20 00:00:00+00:00
[2025-08-20T20:22:29.173+0000] {logging_mixin.py:190} INFO - [2025-08-20T20:22:29.173+0000] {dag.py:4156} INFO - Setting next_dagrun for example_branch_datetime_operator_2 to 2025-08-19 00:00:00+00:00, run_after=2025-08-20 00:00:00+00:00
[2025-08-20T20:22:29.175+0000] {logging_mixin.py:190} INFO - [2025-08-20T20:22:29.175+0000] {dag.py:4156} INFO - Setting next_dagrun for example_branch_datetime_operator_3 to 2025-08-19 00:00:00+00:00, run_after=2025-08-20 00:00:00+00:00
[2025-08-20T20:22:29.194+0000] {processor.py:208} INFO - Processing /home/airflow/.local/lib/python3.12/site-packages/airflow/example_dags/example_branch_datetime_operator.py took 0.132 seconds
[2025-08-20T20:22:59.645+0000] {processor.py:186} INFO - Started process (PID=632) to work on /home/airflow/.local/lib/python3.12/site-packages/airflow/example_dags/example_branch_datetime_operator.py
[2025-08-20T20:22:59.650+0000] {processor.py:914} INFO - Processing file /home/airflow/.local/lib/python3.12/site-packages/airflow/example_dags/example_branch_datetime_operator.py for tasks to queue
[2025-08-20T20:22:59.655+0000] {logging_mixin.py:190} INFO - [2025-08-20T20:22:59.655+0000] {dagbag.py:587} INFO - Filling up the DagBag from /home/airflow/.local/lib/python3.12/site-packages/airflow/example_dags/example_branch_datetime_operator.py
[2025-08-20T20:22:59.679+0000] {processor.py:925} INFO - DAG(s) 'example_branch_datetime_operator_2', 'example_branch_datetime_operator_3', 'example_branch_datetime_operator' retrieved from /home/airflow/.local/lib/python3.12/site-packages/airflow/example_dags/example_branch_datetime_operator.py
[2025-08-20T20:22:59.734+0000] {logging_mixin.py:190} INFO - [2025-08-20T20:22:59.732+0000] {dag.py:3229} INFO - Sync 3 DAGs
[2025-08-20T20:22:59.780+0000] {logging_mixin.py:190} INFO - [2025-08-20T20:22:59.780+0000] {dag.py:4156} INFO - Setting next_dagrun for example_branch_datetime_operator to 2025-08-19 00:00:00+00:00, run_after=2025-08-20 00:00:00+00:00
[2025-08-20T20:22:59.785+0000] {logging_mixin.py:190} INFO - [2025-08-20T20:22:59.785+0000] {dag.py:4156} INFO - Setting next_dagrun for example_branch_datetime_operator_2 to 2025-08-19 00:00:00+00:00, run_after=2025-08-20 00:00:00+00:00
[2025-08-20T20:22:59.795+0000] {logging_mixin.py:190} INFO - [2025-08-20T20:22:59.794+0000] {dag.py:4156} INFO - Setting next_dagrun for example_branch_datetime_operator_3 to 2025-08-19 00:00:00+00:00, run_after=2025-08-20 00:00:00+00:00
[2025-08-20T20:22:59.822+0000] {processor.py:208} INFO - Processing /home/airflow/.local/lib/python3.12/site-packages/airflow/example_dags/example_branch_datetime_operator.py took 0.187 seconds
[2025-08-20T20:23:31.873+0000] {processor.py:186} INFO - Started process (PID=694) to work on /home/airflow/.local/lib/python3.12/site-packages/airflow/example_dags/example_branch_datetime_operator.py
[2025-08-20T20:23:31.874+0000] {processor.py:914} INFO - Processing file /home/airflow/.local/lib/python3.12/site-packages/airflow/example_dags/example_branch_datetime_operator.py for tasks to queue
[2025-08-20T20:23:31.877+0000] {logging_mixin.py:190} INFO - [2025-08-20T20:23:31.876+0000] {dagbag.py:587} INFO - Filling up the DagBag from /home/airflow/.local/lib/python3.12/site-packages/airflow/example_dags/example_branch_datetime_operator.py
[2025-08-20T20:23:31.889+0000] {processor.py:925} INFO - DAG(s) 'example_branch_datetime_operator_3', 'example_branch_datetime_operator_2', 'example_branch_datetime_operator' retrieved from /home/airflow/.local/lib/python3.12/site-packages/airflow/example_dags/example_branch_datetime_operator.py
[2025-08-20T20:23:31.909+0000] {logging_mixin.py:190} INFO - [2025-08-20T20:23:31.908+0000] {dag.py:3229} INFO - Sync 3 DAGs
[2025-08-20T20:23:31.926+0000] {logging_mixin.py:190} INFO - [2025-08-20T20:23:31.926+0000] {dag.py:4156} INFO - Setting next_dagrun for example_branch_datetime_operator to 2025-08-19 00:00:00+00:00, run_after=2025-08-20 00:00:00+00:00
[2025-08-20T20:23:31.929+0000] {logging_mixin.py:190} INFO - [2025-08-20T20:23:31.929+0000] {dag.py:4156} INFO - Setting next_dagrun for example_branch_datetime_operator_2 to 2025-08-19 00:00:00+00:00, run_after=2025-08-20 00:00:00+00:00
[2025-08-20T20:23:31.931+0000] {logging_mixin.py:190} INFO - [2025-08-20T20:23:31.930+0000] {dag.py:4156} INFO - Setting next_dagrun for example_branch_datetime_operator_3 to 2025-08-19 00:00:00+00:00, run_after=2025-08-20 00:00:00+00:00
[2025-08-20T20:23:31.939+0000] {processor.py:208} INFO - Processing /home/airflow/.local/lib/python3.12/site-packages/airflow/example_dags/example_branch_datetime_operator.py took 0.070 seconds
[2025-08-20T20:24:02.493+0000] {processor.py:186} INFO - Started process (PID=756) to work on /home/airflow/.local/lib/python3.12/site-packages/airflow/example_dags/example_branch_datetime_operator.py
[2025-08-20T20:24:02.498+0000] {processor.py:914} INFO - Processing file /home/airflow/.local/lib/python3.12/site-packages/airflow/example_dags/example_branch_datetime_operator.py for tasks to queue
[2025-08-20T20:24:02.507+0000] {logging_mixin.py:190} INFO - [2025-08-20T20:24:02.507+0000] {dagbag.py:587} INFO - Filling up the DagBag from /home/airflow/.local/lib/python3.12/site-packages/airflow/example_dags/example_branch_datetime_operator.py
[2025-08-20T20:24:02.531+0000] {processor.py:925} INFO - DAG(s) 'example_branch_datetime_operator_3', 'example_branch_datetime_operator_2', 'example_branch_datetime_operator' retrieved from /home/airflow/.local/lib/python3.12/site-packages/airflow/example_dags/example_branch_datetime_operator.py
[2025-08-20T20:24:02.590+0000] {logging_mixin.py:190} INFO - [2025-08-20T20:24:02.589+0000] {dag.py:3229} INFO - Sync 3 DAGs
[2025-08-20T20:24:02.645+0000] {logging_mixin.py:190} INFO - [2025-08-20T20:24:02.645+0000] {dag.py:4156} INFO - Setting next_dagrun for example_branch_datetime_operator to 2025-08-19 00:00:00+00:00, run_after=2025-08-20 00:00:00+00:00
[2025-08-20T20:24:02.654+0000] {logging_mixin.py:190} INFO - [2025-08-20T20:24:02.654+0000] {dag.py:4156} INFO - Setting next_dagrun for example_branch_datetime_operator_2 to 2025-08-19 00:00:00+00:00, run_after=2025-08-20 00:00:00+00:00
[2025-08-20T20:24:02.658+0000] {logging_mixin.py:190} INFO - [2025-08-20T20:24:02.657+0000] {dag.py:4156} INFO - Setting next_dagrun for example_branch_datetime_operator_3 to 2025-08-19 00:00:00+00:00, run_after=2025-08-20 00:00:00+00:00
[2025-08-20T20:24:02.688+0000] {processor.py:208} INFO - Processing /home/airflow/.local/lib/python3.12/site-packages/airflow/example_dags/example_branch_datetime_operator.py took 0.201 seconds
[2025-08-20T20:24:32.824+0000] {processor.py:186} INFO - Started process (PID=818) to work on /home/airflow/.local/lib/python3.12/site-packages/airflow/example_dags/example_branch_datetime_operator.py
[2025-08-20T20:24:32.826+0000] {processor.py:914} INFO - Processing file /home/airflow/.local/lib/python3.12/site-packages/airflow/example_dags/example_branch_datetime_operator.py for tasks to queue
[2025-08-20T20:24:32.829+0000] {logging_mixin.py:190} INFO - [2025-08-20T20:24:32.829+0000] {dagbag.py:587} INFO - Filling up the DagBag from /home/airflow/.local/lib/python3.12/site-packages/airflow/example_dags/example_branch_datetime_operator.py
[2025-08-20T20:24:32.837+0000] {processor.py:925} INFO - DAG(s) 'example_branch_datetime_operator', 'example_branch_datetime_operator_3', 'example_branch_datetime_operator_2' retrieved from /home/airflow/.local/lib/python3.12/site-packages/airflow/example_dags/example_branch_datetime_operator.py
[2025-08-20T20:24:32.856+0000] {logging_mixin.py:190} INFO - [2025-08-20T20:24:32.856+0000] {dag.py:3229} INFO - Sync 3 DAGs
[2025-08-20T20:24:32.871+0000] {logging_mixin.py:190} INFO - [2025-08-20T20:24:32.871+0000] {dag.py:4156} INFO - Setting next_dagrun for example_branch_datetime_operator to 2025-08-19 00:00:00+00:00, run_after=2025-08-20 00:00:00+00:00
[2025-08-20T20:24:32.874+0000] {logging_mixin.py:190} INFO - [2025-08-20T20:24:32.873+0000] {dag.py:4156} INFO - Setting next_dagrun for example_branch_datetime_operator_2 to 2025-08-19 00:00:00+00:00, run_after=2025-08-20 00:00:00+00:00
[2025-08-20T20:24:32.875+0000] {logging_mixin.py:190} INFO - [2025-08-20T20:24:32.875+0000] {dag.py:4156} INFO - Setting next_dagrun for example_branch_datetime_operator_3 to 2025-08-19 00:00:00+00:00, run_after=2025-08-20 00:00:00+00:00
[2025-08-20T20:24:32.885+0000] {processor.py:208} INFO - Processing /home/airflow/.local/lib/python3.12/site-packages/airflow/example_dags/example_branch_datetime_operator.py took 0.067 seconds
[2025-08-20T20:25:06.092+0000] {processor.py:186} INFO - Started process (PID=879) to work on /home/airflow/.local/lib/python3.12/site-packages/airflow/example_dags/example_branch_datetime_operator.py
[2025-08-20T20:25:06.100+0000] {processor.py:914} INFO - Processing file /home/airflow/.local/lib/python3.12/site-packages/airflow/example_dags/example_branch_datetime_operator.py for tasks to queue
[2025-08-20T20:25:06.120+0000] {logging_mixin.py:190} INFO - [2025-08-20T20:25:06.118+0000] {dagbag.py:587} INFO - Filling up the DagBag from /home/airflow/.local/lib/python3.12/site-packages/airflow/example_dags/example_branch_datetime_operator.py
[2025-08-20T20:25:06.196+0000] {processor.py:925} INFO - DAG(s) 'example_branch_datetime_operator_2', 'example_branch_datetime_operator', 'example_branch_datetime_operator_3' retrieved from /home/airflow/.local/lib/python3.12/site-packages/airflow/example_dags/example_branch_datetime_operator.py
[2025-08-20T20:25:06.360+0000] {logging_mixin.py:190} INFO - [2025-08-20T20:25:06.359+0000] {dag.py:3229} INFO - Sync 3 DAGs
[2025-08-20T20:25:06.452+0000] {logging_mixin.py:190} INFO - [2025-08-20T20:25:06.451+0000] {dag.py:4156} INFO - Setting next_dagrun for example_branch_datetime_operator to 2025-08-19 00:00:00+00:00, run_after=2025-08-20 00:00:00+00:00
[2025-08-20T20:25:06.457+0000] {logging_mixin.py:190} INFO - [2025-08-20T20:25:06.457+0000] {dag.py:4156} INFO - Setting next_dagrun for example_branch_datetime_operator_2 to 2025-08-19 00:00:00+00:00, run_after=2025-08-20 00:00:00+00:00
[2025-08-20T20:25:06.459+0000] {logging_mixin.py:190} INFO - [2025-08-20T20:25:06.459+0000] {dag.py:4156} INFO - Setting next_dagrun for example_branch_datetime_operator_3 to 2025-08-19 00:00:00+00:00, run_after=2025-08-20 00:00:00+00:00
[2025-08-20T20:25:06.493+0000] {processor.py:208} INFO - Processing /home/airflow/.local/lib/python3.12/site-packages/airflow/example_dags/example_branch_datetime_operator.py took 0.429 seconds
[2025-08-20T20:25:36.969+0000] {processor.py:186} INFO - Started process (PID=941) to work on /home/airflow/.local/lib/python3.12/site-packages/airflow/example_dags/example_branch_datetime_operator.py
[2025-08-20T20:25:36.974+0000] {processor.py:914} INFO - Processing file /home/airflow/.local/lib/python3.12/site-packages/airflow/example_dags/example_branch_datetime_operator.py for tasks to queue
[2025-08-20T20:25:36.986+0000] {logging_mixin.py:190} INFO - [2025-08-20T20:25:36.985+0000] {dagbag.py:587} INFO - Filling up the DagBag from /home/airflow/.local/lib/python3.12/site-packages/airflow/example_dags/example_branch_datetime_operator.py
[2025-08-20T20:25:37.013+0000] {processor.py:925} INFO - DAG(s) 'example_branch_datetime_operator_2', 'example_branch_datetime_operator_3', 'example_branch_datetime_operator' retrieved from /home/airflow/.local/lib/python3.12/site-packages/airflow/example_dags/example_branch_datetime_operator.py
[2025-08-20T20:25:37.090+0000] {logging_mixin.py:190} INFO - [2025-08-20T20:25:37.090+0000] {dag.py:3229} INFO - Sync 3 DAGs
[2025-08-20T20:25:37.125+0000] {logging_mixin.py:190} INFO - [2025-08-20T20:25:37.124+0000] {dag.py:4156} INFO - Setting next_dagrun for example_branch_datetime_operator to 2025-08-19 00:00:00+00:00, run_after=2025-08-20 00:00:00+00:00
[2025-08-20T20:25:37.130+0000] {logging_mixin.py:190} INFO - [2025-08-20T20:25:37.129+0000] {dag.py:4156} INFO - Setting next_dagrun for example_branch_datetime_operator_2 to 2025-08-19 00:00:00+00:00, run_after=2025-08-20 00:00:00+00:00
[2025-08-20T20:25:37.133+0000] {logging_mixin.py:190} INFO - [2025-08-20T20:25:37.133+0000] {dag.py:4156} INFO - Setting next_dagrun for example_branch_datetime_operator_3 to 2025-08-19 00:00:00+00:00, run_after=2025-08-20 00:00:00+00:00
[2025-08-20T20:25:37.166+0000] {processor.py:208} INFO - Processing /home/airflow/.local/lib/python3.12/site-packages/airflow/example_dags/example_branch_datetime_operator.py took 0.214 seconds
[2025-08-20T20:26:07.819+0000] {processor.py:186} INFO - Started process (PID=1003) to work on /home/airflow/.local/lib/python3.12/site-packages/airflow/example_dags/example_branch_datetime_operator.py
[2025-08-20T20:26:07.820+0000] {processor.py:914} INFO - Processing file /home/airflow/.local/lib/python3.12/site-packages/airflow/example_dags/example_branch_datetime_operator.py for tasks to queue
[2025-08-20T20:26:07.824+0000] {logging_mixin.py:190} INFO - [2025-08-20T20:26:07.824+0000] {dagbag.py:587} INFO - Filling up the DagBag from /home/airflow/.local/lib/python3.12/site-packages/airflow/example_dags/example_branch_datetime_operator.py
[2025-08-20T20:26:07.839+0000] {processor.py:925} INFO - DAG(s) 'example_branch_datetime_operator_2', 'example_branch_datetime_operator', 'example_branch_datetime_operator_3' retrieved from /home/airflow/.local/lib/python3.12/site-packages/airflow/example_dags/example_branch_datetime_operator.py
[2025-08-20T20:26:07.870+0000] {logging_mixin.py:190} INFO - [2025-08-20T20:26:07.869+0000] {dag.py:3229} INFO - Sync 3 DAGs
[2025-08-20T20:26:07.890+0000] {logging_mixin.py:190} INFO - [2025-08-20T20:26:07.889+0000] {dag.py:4156} INFO - Setting next_dagrun for example_branch_datetime_operator to 2025-08-19 00:00:00+00:00, run_after=2025-08-20 00:00:00+00:00
[2025-08-20T20:26:07.895+0000] {logging_mixin.py:190} INFO - [2025-08-20T20:26:07.895+0000] {dag.py:4156} INFO - Setting next_dagrun for example_branch_datetime_operator_2 to 2025-08-19 00:00:00+00:00, run_after=2025-08-20 00:00:00+00:00
[2025-08-20T20:26:07.898+0000] {logging_mixin.py:190} INFO - [2025-08-20T20:26:07.898+0000] {dag.py:4156} INFO - Setting next_dagrun for example_branch_datetime_operator_3 to 2025-08-19 00:00:00+00:00, run_after=2025-08-20 00:00:00+00:00
[2025-08-20T20:26:07.942+0000] {processor.py:208} INFO - Processing /home/airflow/.local/lib/python3.12/site-packages/airflow/example_dags/example_branch_datetime_operator.py took 0.128 seconds
[2025-08-20T20:26:38.140+0000] {processor.py:186} INFO - Started process (PID=1065) to work on /home/airflow/.local/lib/python3.12/site-packages/airflow/example_dags/example_branch_datetime_operator.py
[2025-08-20T20:26:38.141+0000] {processor.py:914} INFO - Processing file /home/airflow/.local/lib/python3.12/site-packages/airflow/example_dags/example_branch_datetime_operator.py for tasks to queue
[2025-08-20T20:26:38.143+0000] {logging_mixin.py:190} INFO - [2025-08-20T20:26:38.143+0000] {dagbag.py:587} INFO - Filling up the DagBag from /home/airflow/.local/lib/python3.12/site-packages/airflow/example_dags/example_branch_datetime_operator.py
[2025-08-20T20:26:38.154+0000] {processor.py:925} INFO - DAG(s) 'example_branch_datetime_operator', 'example_branch_datetime_operator_3', 'example_branch_datetime_operator_2' retrieved from /home/airflow/.local/lib/python3.12/site-packages/airflow/example_dags/example_branch_datetime_operator.py
[2025-08-20T20:26:38.178+0000] {logging_mixin.py:190} INFO - [2025-08-20T20:26:38.178+0000] {dag.py:3229} INFO - Sync 3 DAGs
[2025-08-20T20:26:38.196+0000] {logging_mixin.py:190} INFO - [2025-08-20T20:26:38.196+0000] {dag.py:4156} INFO - Setting next_dagrun for example_branch_datetime_operator to 2025-08-19 00:00:00+00:00, run_after=2025-08-20 00:00:00+00:00
[2025-08-20T20:26:38.198+0000] {logging_mixin.py:190} INFO - [2025-08-20T20:26:38.198+0000] {dag.py:4156} INFO - Setting next_dagrun for example_branch_datetime_operator_2 to 2025-08-19 00:00:00+00:00, run_after=2025-08-20 00:00:00+00:00
[2025-08-20T20:26:38.201+0000] {logging_mixin.py:190} INFO - [2025-08-20T20:26:38.201+0000] {dag.py:4156} INFO - Setting next_dagrun for example_branch_datetime_operator_3 to 2025-08-19 00:00:00+00:00, run_after=2025-08-20 00:00:00+00:00
[2025-08-20T20:26:38.212+0000] {processor.py:208} INFO - Processing /home/airflow/.local/lib/python3.12/site-packages/airflow/example_dags/example_branch_datetime_operator.py took 0.085 seconds
