[2025-08-20T20:18:28.292+0000] {processor.py:186} INFO - Started process (PID=100) to work on /home/airflow/.local/lib/python3.12/site-packages/airflow/example_dags/example_branch_operator.py
[2025-08-20T20:18:28.294+0000] {processor.py:914} INFO - Processing file /home/airflow/.local/lib/python3.12/site-packages/airflow/example_dags/example_branch_operator.py for tasks to queue
[2025-08-20T20:18:28.300+0000] {logging_mixin.py:190} INFO - [2025-08-20T20:18:28.299+0000] {dagbag.py:587} INFO - Filling up the DagBag from /home/airflow/.local/lib/python3.12/site-packages/airflow/example_dags/example_branch_operator.py
[2025-08-20T20:18:28.513+0000] {processor.py:925} INFO - DAG(s) 'example_branch_operator' retrieved from /home/airflow/.local/lib/python3.12/site-packages/airflow/example_dags/example_branch_operator.py
[2025-08-20T20:18:29.397+0000] {logging_mixin.py:190} INFO - [2025-08-20T20:18:29.377+0000] {override.py:1900} INFO - Created Permission View: can read on DAG:example_branch_operator
[2025-08-20T20:18:29.449+0000] {logging_mixin.py:190} INFO - [2025-08-20T20:18:29.447+0000] {override.py:1900} INFO - Created Permission View: can delete on DAG:example_branch_operator
[2025-08-20T20:18:29.460+0000] {logging_mixin.py:190} INFO - [2025-08-20T20:18:29.460+0000] {override.py:1900} INFO - Created Permission View: can edit on DAG:example_branch_operator
[2025-08-20T20:18:29.474+0000] {logging_mixin.py:190} INFO - [2025-08-20T20:18:29.474+0000] {override.py:1900} INFO - Created Permission View: can read on DAG Run:example_branch_operator
[2025-08-20T20:18:29.490+0000] {logging_mixin.py:190} INFO - [2025-08-20T20:18:29.490+0000] {override.py:1900} INFO - Created Permission View: menu access on DAG Run:example_branch_operator
[2025-08-20T20:18:29.500+0000] {logging_mixin.py:190} INFO - [2025-08-20T20:18:29.500+0000] {override.py:1900} INFO - Created Permission View: can delete on DAG Run:example_branch_operator
[2025-08-20T20:18:29.508+0000] {logging_mixin.py:190} INFO - [2025-08-20T20:18:29.507+0000] {override.py:1900} INFO - Created Permission View: can create on DAG Run:example_branch_operator
[2025-08-20T20:18:29.510+0000] {logging_mixin.py:190} INFO - [2025-08-20T20:18:29.509+0000] {dag.py:3229} INFO - Sync 1 DAGs
[2025-08-20T20:18:29.549+0000] {logging_mixin.py:190} INFO - [2025-08-20T20:18:29.548+0000] {dag.py:3252} INFO - Creating ORM DAG for example_branch_operator
[2025-08-20T20:18:29.581+0000] {logging_mixin.py:190} INFO - [2025-08-20T20:18:29.581+0000] {dag.py:4156} INFO - Setting next_dagrun for example_branch_operator to 2025-08-19 00:00:00+00:00, run_after=2025-08-20 00:00:00+00:00
[2025-08-20T20:18:29.638+0000] {processor.py:208} INFO - Processing /home/airflow/.local/lib/python3.12/site-packages/airflow/example_dags/example_branch_operator.py took 1.353 seconds
[2025-08-20T20:19:00.388+0000] {processor.py:186} INFO - Started process (PID=161) to work on /home/airflow/.local/lib/python3.12/site-packages/airflow/example_dags/example_branch_operator.py
[2025-08-20T20:19:00.390+0000] {processor.py:914} INFO - Processing file /home/airflow/.local/lib/python3.12/site-packages/airflow/example_dags/example_branch_operator.py for tasks to queue
[2025-08-20T20:19:00.401+0000] {logging_mixin.py:190} INFO - [2025-08-20T20:19:00.400+0000] {dagbag.py:587} INFO - Filling up the DagBag from /home/airflow/.local/lib/python3.12/site-packages/airflow/example_dags/example_branch_operator.py
[2025-08-20T20:19:00.501+0000] {processor.py:925} INFO - DAG(s) 'example_branch_operator' retrieved from /home/airflow/.local/lib/python3.12/site-packages/airflow/example_dags/example_branch_operator.py
[2025-08-20T20:19:00.618+0000] {logging_mixin.py:190} INFO - [2025-08-20T20:19:00.617+0000] {dag.py:3229} INFO - Sync 1 DAGs
[2025-08-20T20:19:00.684+0000] {logging_mixin.py:190} INFO - [2025-08-20T20:19:00.684+0000] {dag.py:4156} INFO - Setting next_dagrun for example_branch_operator to 2025-08-19 00:00:00+00:00, run_after=2025-08-20 00:00:00+00:00
[2025-08-20T20:19:00.733+0000] {processor.py:208} INFO - Processing /home/airflow/.local/lib/python3.12/site-packages/airflow/example_dags/example_branch_operator.py took 0.362 seconds
[2025-08-20T20:19:31.717+0000] {processor.py:186} INFO - Started process (PID=223) to work on /home/airflow/.local/lib/python3.12/site-packages/airflow/example_dags/example_branch_operator.py
[2025-08-20T20:19:31.719+0000] {processor.py:914} INFO - Processing file /home/airflow/.local/lib/python3.12/site-packages/airflow/example_dags/example_branch_operator.py for tasks to queue
[2025-08-20T20:19:31.721+0000] {logging_mixin.py:190} INFO - [2025-08-20T20:19:31.721+0000] {dagbag.py:587} INFO - Filling up the DagBag from /home/airflow/.local/lib/python3.12/site-packages/airflow/example_dags/example_branch_operator.py
[2025-08-20T20:19:31.761+0000] {processor.py:925} INFO - DAG(s) 'example_branch_operator' retrieved from /home/airflow/.local/lib/python3.12/site-packages/airflow/example_dags/example_branch_operator.py
[2025-08-20T20:19:31.876+0000] {logging_mixin.py:190} INFO - [2025-08-20T20:19:31.873+0000] {dag.py:3229} INFO - Sync 1 DAGs
[2025-08-20T20:19:31.942+0000] {logging_mixin.py:190} INFO - [2025-08-20T20:19:31.942+0000] {dag.py:4156} INFO - Setting next_dagrun for example_branch_operator to 2025-08-19 00:00:00+00:00, run_after=2025-08-20 00:00:00+00:00
[2025-08-20T20:19:31.988+0000] {processor.py:208} INFO - Processing /home/airflow/.local/lib/python3.12/site-packages/airflow/example_dags/example_branch_operator.py took 0.281 seconds
[2025-08-20T20:20:02.934+0000] {processor.py:186} INFO - Started process (PID=285) to work on /home/airflow/.local/lib/python3.12/site-packages/airflow/example_dags/example_branch_operator.py
[2025-08-20T20:20:02.940+0000] {processor.py:914} INFO - Processing file /home/airflow/.local/lib/python3.12/site-packages/airflow/example_dags/example_branch_operator.py for tasks to queue
[2025-08-20T20:20:02.945+0000] {logging_mixin.py:190} INFO - [2025-08-20T20:20:02.945+0000] {dagbag.py:587} INFO - Filling up the DagBag from /home/airflow/.local/lib/python3.12/site-packages/airflow/example_dags/example_branch_operator.py
[2025-08-20T20:20:02.993+0000] {processor.py:925} INFO - DAG(s) 'example_branch_operator' retrieved from /home/airflow/.local/lib/python3.12/site-packages/airflow/example_dags/example_branch_operator.py
[2025-08-20T20:20:03.067+0000] {logging_mixin.py:190} INFO - [2025-08-20T20:20:03.067+0000] {dag.py:3229} INFO - Sync 1 DAGs
[2025-08-20T20:20:03.127+0000] {logging_mixin.py:190} INFO - [2025-08-20T20:20:03.127+0000] {dag.py:4156} INFO - Setting next_dagrun for example_branch_operator to 2025-08-19 00:00:00+00:00, run_after=2025-08-20 00:00:00+00:00
[2025-08-20T20:20:03.158+0000] {processor.py:208} INFO - Processing /home/airflow/.local/lib/python3.12/site-packages/airflow/example_dags/example_branch_operator.py took 0.241 seconds
[2025-08-20T20:20:41.219+0000] {processor.py:186} INFO - Started process (PID=347) to work on /home/airflow/.local/lib/python3.12/site-packages/airflow/example_dags/example_branch_operator.py
[2025-08-20T20:20:41.221+0000] {processor.py:914} INFO - Processing file /home/airflow/.local/lib/python3.12/site-packages/airflow/example_dags/example_branch_operator.py for tasks to queue
[2025-08-20T20:20:41.239+0000] {logging_mixin.py:190} INFO - [2025-08-20T20:20:41.239+0000] {dagbag.py:587} INFO - Filling up the DagBag from /home/airflow/.local/lib/python3.12/site-packages/airflow/example_dags/example_branch_operator.py
[2025-08-20T20:20:41.274+0000] {processor.py:925} INFO - DAG(s) 'example_branch_operator' retrieved from /home/airflow/.local/lib/python3.12/site-packages/airflow/example_dags/example_branch_operator.py
[2025-08-20T20:20:41.330+0000] {logging_mixin.py:190} INFO - [2025-08-20T20:20:41.330+0000] {dag.py:3229} INFO - Sync 1 DAGs
[2025-08-20T20:20:41.365+0000] {logging_mixin.py:190} INFO - [2025-08-20T20:20:41.364+0000] {dag.py:4156} INFO - Setting next_dagrun for example_branch_operator to 2025-08-19 00:00:00+00:00, run_after=2025-08-20 00:00:00+00:00
[2025-08-20T20:20:41.382+0000] {processor.py:208} INFO - Processing /home/airflow/.local/lib/python3.12/site-packages/airflow/example_dags/example_branch_operator.py took 0.168 seconds
[2025-08-20T20:21:15.719+0000] {processor.py:186} INFO - Started process (PID=410) to work on /home/airflow/.local/lib/python3.12/site-packages/airflow/example_dags/example_branch_operator.py
[2025-08-20T20:21:15.729+0000] {processor.py:914} INFO - Processing file /home/airflow/.local/lib/python3.12/site-packages/airflow/example_dags/example_branch_operator.py for tasks to queue
[2025-08-20T20:21:15.741+0000] {logging_mixin.py:190} INFO - [2025-08-20T20:21:15.741+0000] {dagbag.py:587} INFO - Filling up the DagBag from /home/airflow/.local/lib/python3.12/site-packages/airflow/example_dags/example_branch_operator.py
[2025-08-20T20:21:15.823+0000] {processor.py:925} INFO - DAG(s) 'example_branch_operator' retrieved from /home/airflow/.local/lib/python3.12/site-packages/airflow/example_dags/example_branch_operator.py
[2025-08-20T20:21:15.895+0000] {logging_mixin.py:190} INFO - [2025-08-20T20:21:15.894+0000] {dag.py:3229} INFO - Sync 1 DAGs
[2025-08-20T20:21:15.935+0000] {logging_mixin.py:190} INFO - [2025-08-20T20:21:15.935+0000] {dag.py:4156} INFO - Setting next_dagrun for example_branch_operator to 2025-08-19 00:00:00+00:00, run_after=2025-08-20 00:00:00+00:00
[2025-08-20T20:21:15.966+0000] {processor.py:208} INFO - Processing /home/airflow/.local/lib/python3.12/site-packages/airflow/example_dags/example_branch_operator.py took 0.295 seconds
[2025-08-20T20:21:49.272+0000] {processor.py:186} INFO - Started process (PID=472) to work on /home/airflow/.local/lib/python3.12/site-packages/airflow/example_dags/example_branch_operator.py
[2025-08-20T20:21:49.277+0000] {processor.py:914} INFO - Processing file /home/airflow/.local/lib/python3.12/site-packages/airflow/example_dags/example_branch_operator.py for tasks to queue
[2025-08-20T20:21:49.287+0000] {logging_mixin.py:190} INFO - [2025-08-20T20:21:49.287+0000] {dagbag.py:587} INFO - Filling up the DagBag from /home/airflow/.local/lib/python3.12/site-packages/airflow/example_dags/example_branch_operator.py
[2025-08-20T20:21:49.371+0000] {processor.py:925} INFO - DAG(s) 'example_branch_operator' retrieved from /home/airflow/.local/lib/python3.12/site-packages/airflow/example_dags/example_branch_operator.py
[2025-08-20T20:21:49.417+0000] {logging_mixin.py:190} INFO - [2025-08-20T20:21:49.416+0000] {dag.py:3229} INFO - Sync 1 DAGs
[2025-08-20T20:21:49.442+0000] {logging_mixin.py:190} INFO - [2025-08-20T20:21:49.442+0000] {dag.py:4156} INFO - Setting next_dagrun for example_branch_operator to 2025-08-19 00:00:00+00:00, run_after=2025-08-20 00:00:00+00:00
[2025-08-20T20:21:49.454+0000] {processor.py:208} INFO - Processing /home/airflow/.local/lib/python3.12/site-packages/airflow/example_dags/example_branch_operator.py took 0.198 seconds
[2025-08-20T20:22:21.371+0000] {processor.py:186} INFO - Started process (PID=534) to work on /home/airflow/.local/lib/python3.12/site-packages/airflow/example_dags/example_branch_operator.py
[2025-08-20T20:22:21.377+0000] {processor.py:914} INFO - Processing file /home/airflow/.local/lib/python3.12/site-packages/airflow/example_dags/example_branch_operator.py for tasks to queue
[2025-08-20T20:22:21.392+0000] {logging_mixin.py:190} INFO - [2025-08-20T20:22:21.391+0000] {dagbag.py:587} INFO - Filling up the DagBag from /home/airflow/.local/lib/python3.12/site-packages/airflow/example_dags/example_branch_operator.py
[2025-08-20T20:22:21.481+0000] {processor.py:925} INFO - DAG(s) 'example_branch_operator' retrieved from /home/airflow/.local/lib/python3.12/site-packages/airflow/example_dags/example_branch_operator.py
[2025-08-20T20:22:21.556+0000] {logging_mixin.py:190} INFO - [2025-08-20T20:22:21.556+0000] {dag.py:3229} INFO - Sync 1 DAGs
[2025-08-20T20:22:21.608+0000] {logging_mixin.py:190} INFO - [2025-08-20T20:22:21.608+0000] {dag.py:4156} INFO - Setting next_dagrun for example_branch_operator to 2025-08-19 00:00:00+00:00, run_after=2025-08-20 00:00:00+00:00
[2025-08-20T20:22:21.653+0000] {processor.py:208} INFO - Processing /home/airflow/.local/lib/python3.12/site-packages/airflow/example_dags/example_branch_operator.py took 0.302 seconds
[2025-08-20T20:22:53.048+0000] {processor.py:186} INFO - Started process (PID=596) to work on /home/airflow/.local/lib/python3.12/site-packages/airflow/example_dags/example_branch_operator.py
[2025-08-20T20:22:53.053+0000] {processor.py:914} INFO - Processing file /home/airflow/.local/lib/python3.12/site-packages/airflow/example_dags/example_branch_operator.py for tasks to queue
[2025-08-20T20:22:53.057+0000] {logging_mixin.py:190} INFO - [2025-08-20T20:22:53.056+0000] {dagbag.py:587} INFO - Filling up the DagBag from /home/airflow/.local/lib/python3.12/site-packages/airflow/example_dags/example_branch_operator.py
[2025-08-20T20:22:53.099+0000] {processor.py:925} INFO - DAG(s) 'example_branch_operator' retrieved from /home/airflow/.local/lib/python3.12/site-packages/airflow/example_dags/example_branch_operator.py
[2025-08-20T20:22:53.158+0000] {logging_mixin.py:190} INFO - [2025-08-20T20:22:53.158+0000] {dag.py:3229} INFO - Sync 1 DAGs
[2025-08-20T20:22:53.193+0000] {logging_mixin.py:190} INFO - [2025-08-20T20:22:53.192+0000] {dag.py:4156} INFO - Setting next_dagrun for example_branch_operator to 2025-08-19 00:00:00+00:00, run_after=2025-08-20 00:00:00+00:00
[2025-08-20T20:22:53.222+0000] {processor.py:208} INFO - Processing /home/airflow/.local/lib/python3.12/site-packages/airflow/example_dags/example_branch_operator.py took 0.186 seconds
[2025-08-20T20:23:26.597+0000] {processor.py:186} INFO - Started process (PID=658) to work on /home/airflow/.local/lib/python3.12/site-packages/airflow/example_dags/example_branch_operator.py
[2025-08-20T20:23:26.604+0000] {processor.py:914} INFO - Processing file /home/airflow/.local/lib/python3.12/site-packages/airflow/example_dags/example_branch_operator.py for tasks to queue
[2025-08-20T20:23:26.621+0000] {logging_mixin.py:190} INFO - [2025-08-20T20:23:26.613+0000] {dagbag.py:587} INFO - Filling up the DagBag from /home/airflow/.local/lib/python3.12/site-packages/airflow/example_dags/example_branch_operator.py
[2025-08-20T20:23:26.758+0000] {processor.py:925} INFO - DAG(s) 'example_branch_operator' retrieved from /home/airflow/.local/lib/python3.12/site-packages/airflow/example_dags/example_branch_operator.py
[2025-08-20T20:23:26.861+0000] {logging_mixin.py:190} INFO - [2025-08-20T20:23:26.861+0000] {dag.py:3229} INFO - Sync 1 DAGs
[2025-08-20T20:23:26.955+0000] {logging_mixin.py:190} INFO - [2025-08-20T20:23:26.954+0000] {dag.py:4156} INFO - Setting next_dagrun for example_branch_operator to 2025-08-19 00:00:00+00:00, run_after=2025-08-20 00:00:00+00:00
[2025-08-20T20:23:27.015+0000] {processor.py:208} INFO - Processing /home/airflow/.local/lib/python3.12/site-packages/airflow/example_dags/example_branch_operator.py took 0.443 seconds
[2025-08-20T20:23:57.800+0000] {processor.py:186} INFO - Started process (PID=720) to work on /home/airflow/.local/lib/python3.12/site-packages/airflow/example_dags/example_branch_operator.py
[2025-08-20T20:23:57.804+0000] {processor.py:914} INFO - Processing file /home/airflow/.local/lib/python3.12/site-packages/airflow/example_dags/example_branch_operator.py for tasks to queue
[2025-08-20T20:23:57.810+0000] {logging_mixin.py:190} INFO - [2025-08-20T20:23:57.809+0000] {dagbag.py:587} INFO - Filling up the DagBag from /home/airflow/.local/lib/python3.12/site-packages/airflow/example_dags/example_branch_operator.py
[2025-08-20T20:23:57.838+0000] {processor.py:925} INFO - DAG(s) 'example_branch_operator' retrieved from /home/airflow/.local/lib/python3.12/site-packages/airflow/example_dags/example_branch_operator.py
[2025-08-20T20:23:57.940+0000] {logging_mixin.py:190} INFO - [2025-08-20T20:23:57.939+0000] {dag.py:3229} INFO - Sync 1 DAGs
[2025-08-20T20:23:57.973+0000] {logging_mixin.py:190} INFO - [2025-08-20T20:23:57.973+0000] {dag.py:4156} INFO - Setting next_dagrun for example_branch_operator to 2025-08-19 00:00:00+00:00, run_after=2025-08-20 00:00:00+00:00
[2025-08-20T20:23:57.987+0000] {processor.py:208} INFO - Processing /home/airflow/.local/lib/python3.12/site-packages/airflow/example_dags/example_branch_operator.py took 0.200 seconds
[2025-08-20T20:24:28.355+0000] {processor.py:186} INFO - Started process (PID=782) to work on /home/airflow/.local/lib/python3.12/site-packages/airflow/example_dags/example_branch_operator.py
[2025-08-20T20:24:28.357+0000] {processor.py:914} INFO - Processing file /home/airflow/.local/lib/python3.12/site-packages/airflow/example_dags/example_branch_operator.py for tasks to queue
[2025-08-20T20:24:28.359+0000] {logging_mixin.py:190} INFO - [2025-08-20T20:24:28.359+0000] {dagbag.py:587} INFO - Filling up the DagBag from /home/airflow/.local/lib/python3.12/site-packages/airflow/example_dags/example_branch_operator.py
[2025-08-20T20:24:28.373+0000] {processor.py:925} INFO - DAG(s) 'example_branch_operator' retrieved from /home/airflow/.local/lib/python3.12/site-packages/airflow/example_dags/example_branch_operator.py
[2025-08-20T20:24:28.393+0000] {logging_mixin.py:190} INFO - [2025-08-20T20:24:28.393+0000] {dag.py:3229} INFO - Sync 1 DAGs
[2025-08-20T20:24:28.406+0000] {logging_mixin.py:190} INFO - [2025-08-20T20:24:28.406+0000] {dag.py:4156} INFO - Setting next_dagrun for example_branch_operator to 2025-08-19 00:00:00+00:00, run_after=2025-08-20 00:00:00+00:00
[2025-08-20T20:24:28.414+0000] {processor.py:208} INFO - Processing /home/airflow/.local/lib/python3.12/site-packages/airflow/example_dags/example_branch_operator.py took 0.066 seconds
[2025-08-20T20:24:59.375+0000] {processor.py:186} INFO - Started process (PID=843) to work on /home/airflow/.local/lib/python3.12/site-packages/airflow/example_dags/example_branch_operator.py
[2025-08-20T20:24:59.376+0000] {processor.py:914} INFO - Processing file /home/airflow/.local/lib/python3.12/site-packages/airflow/example_dags/example_branch_operator.py for tasks to queue
[2025-08-20T20:24:59.378+0000] {logging_mixin.py:190} INFO - [2025-08-20T20:24:59.377+0000] {dagbag.py:587} INFO - Filling up the DagBag from /home/airflow/.local/lib/python3.12/site-packages/airflow/example_dags/example_branch_operator.py
[2025-08-20T20:24:59.404+0000] {processor.py:925} INFO - DAG(s) 'example_branch_operator' retrieved from /home/airflow/.local/lib/python3.12/site-packages/airflow/example_dags/example_branch_operator.py
[2025-08-20T20:24:59.464+0000] {logging_mixin.py:190} INFO - [2025-08-20T20:24:59.464+0000] {dag.py:3229} INFO - Sync 1 DAGs
[2025-08-20T20:24:59.488+0000] {logging_mixin.py:190} INFO - [2025-08-20T20:24:59.488+0000] {dag.py:4156} INFO - Setting next_dagrun for example_branch_operator to 2025-08-19 00:00:00+00:00, run_after=2025-08-20 00:00:00+00:00
[2025-08-20T20:24:59.523+0000] {processor.py:208} INFO - Processing /home/airflow/.local/lib/python3.12/site-packages/airflow/example_dags/example_branch_operator.py took 0.153 seconds
[2025-08-20T20:25:30.400+0000] {processor.py:186} INFO - Started process (PID=906) to work on /home/airflow/.local/lib/python3.12/site-packages/airflow/example_dags/example_branch_operator.py
[2025-08-20T20:25:30.401+0000] {processor.py:914} INFO - Processing file /home/airflow/.local/lib/python3.12/site-packages/airflow/example_dags/example_branch_operator.py for tasks to queue
[2025-08-20T20:25:30.402+0000] {logging_mixin.py:190} INFO - [2025-08-20T20:25:30.402+0000] {dagbag.py:587} INFO - Filling up the DagBag from /home/airflow/.local/lib/python3.12/site-packages/airflow/example_dags/example_branch_operator.py
[2025-08-20T20:25:30.416+0000] {processor.py:925} INFO - DAG(s) 'example_branch_operator' retrieved from /home/airflow/.local/lib/python3.12/site-packages/airflow/example_dags/example_branch_operator.py
[2025-08-20T20:25:30.437+0000] {logging_mixin.py:190} INFO - [2025-08-20T20:25:30.437+0000] {dag.py:3229} INFO - Sync 1 DAGs
[2025-08-20T20:25:30.453+0000] {logging_mixin.py:190} INFO - [2025-08-20T20:25:30.453+0000] {dag.py:4156} INFO - Setting next_dagrun for example_branch_operator to 2025-08-19 00:00:00+00:00, run_after=2025-08-20 00:00:00+00:00
[2025-08-20T20:25:30.463+0000] {processor.py:208} INFO - Processing /home/airflow/.local/lib/python3.12/site-packages/airflow/example_dags/example_branch_operator.py took 0.067 seconds
[2025-08-20T20:26:01.984+0000] {processor.py:186} INFO - Started process (PID=968) to work on /home/airflow/.local/lib/python3.12/site-packages/airflow/example_dags/example_branch_operator.py
[2025-08-20T20:26:01.987+0000] {processor.py:914} INFO - Processing file /home/airflow/.local/lib/python3.12/site-packages/airflow/example_dags/example_branch_operator.py for tasks to queue
[2025-08-20T20:26:01.992+0000] {logging_mixin.py:190} INFO - [2025-08-20T20:26:01.991+0000] {dagbag.py:587} INFO - Filling up the DagBag from /home/airflow/.local/lib/python3.12/site-packages/airflow/example_dags/example_branch_operator.py
[2025-08-20T20:26:02.039+0000] {processor.py:925} INFO - DAG(s) 'example_branch_operator' retrieved from /home/airflow/.local/lib/python3.12/site-packages/airflow/example_dags/example_branch_operator.py
[2025-08-20T20:26:02.094+0000] {logging_mixin.py:190} INFO - [2025-08-20T20:26:02.094+0000] {dag.py:3229} INFO - Sync 1 DAGs
[2025-08-20T20:26:02.142+0000] {logging_mixin.py:190} INFO - [2025-08-20T20:26:02.142+0000] {dag.py:4156} INFO - Setting next_dagrun for example_branch_operator to 2025-08-19 00:00:00+00:00, run_after=2025-08-20 00:00:00+00:00
[2025-08-20T20:26:02.181+0000] {processor.py:208} INFO - Processing /home/airflow/.local/lib/python3.12/site-packages/airflow/example_dags/example_branch_operator.py took 0.206 seconds
[2025-08-20T20:26:33.042+0000] {processor.py:186} INFO - Started process (PID=1030) to work on /home/airflow/.local/lib/python3.12/site-packages/airflow/example_dags/example_branch_operator.py
[2025-08-20T20:26:33.045+0000] {processor.py:914} INFO - Processing file /home/airflow/.local/lib/python3.12/site-packages/airflow/example_dags/example_branch_operator.py for tasks to queue
[2025-08-20T20:26:33.051+0000] {logging_mixin.py:190} INFO - [2025-08-20T20:26:33.050+0000] {dagbag.py:587} INFO - Filling up the DagBag from /home/airflow/.local/lib/python3.12/site-packages/airflow/example_dags/example_branch_operator.py
[2025-08-20T20:26:33.095+0000] {processor.py:925} INFO - DAG(s) 'example_branch_operator' retrieved from /home/airflow/.local/lib/python3.12/site-packages/airflow/example_dags/example_branch_operator.py
[2025-08-20T20:26:33.168+0000] {logging_mixin.py:190} INFO - [2025-08-20T20:26:33.168+0000] {dag.py:3229} INFO - Sync 1 DAGs
[2025-08-20T20:26:33.192+0000] {logging_mixin.py:190} INFO - [2025-08-20T20:26:33.192+0000] {dag.py:4156} INFO - Setting next_dagrun for example_branch_operator to 2025-08-19 00:00:00+00:00, run_after=2025-08-20 00:00:00+00:00
[2025-08-20T20:26:33.202+0000] {processor.py:208} INFO - Processing /home/airflow/.local/lib/python3.12/site-packages/airflow/example_dags/example_branch_operator.py took 0.173 seconds
[2025-08-20T20:27:06.446+0000] {processor.py:186} INFO - Started process (PID=1096) to work on /home/airflow/.local/lib/python3.12/site-packages/airflow/example_dags/example_branch_operator.py
[2025-08-20T20:27:06.463+0000] {processor.py:914} INFO - Processing file /home/airflow/.local/lib/python3.12/site-packages/airflow/example_dags/example_branch_operator.py for tasks to queue
[2025-08-20T20:27:06.506+0000] {logging_mixin.py:190} INFO - [2025-08-20T20:27:06.502+0000] {dagbag.py:587} INFO - Filling up the DagBag from /home/airflow/.local/lib/python3.12/site-packages/airflow/example_dags/example_branch_operator.py
[2025-08-20T20:27:06.666+0000] {processor.py:925} INFO - DAG(s) 'example_branch_operator' retrieved from /home/airflow/.local/lib/python3.12/site-packages/airflow/example_dags/example_branch_operator.py
[2025-08-20T20:27:06.918+0000] {logging_mixin.py:190} INFO - [2025-08-20T20:27:06.916+0000] {dag.py:3229} INFO - Sync 1 DAGs
[2025-08-20T20:27:07.363+0000] {logging_mixin.py:190} INFO - [2025-08-20T20:27:07.352+0000] {dag.py:4156} INFO - Setting next_dagrun for example_branch_operator to 2025-08-19 00:00:00+00:00, run_after=2025-08-20 00:00:00+00:00
[2025-08-20T20:27:07.608+0000] {processor.py:208} INFO - Processing /home/airflow/.local/lib/python3.12/site-packages/airflow/example_dags/example_branch_operator.py took 1.234 seconds
