[2025-08-20T20:18:30.806+0000] {processor.py:186} INFO - Started process (PID=102) to work on /home/airflow/.local/lib/python3.12/site-packages/airflow/example_dags/example_nested_branch_dag.py
[2025-08-20T20:18:30.810+0000] {processor.py:914} INFO - Processing file /home/airflow/.local/lib/python3.12/site-packages/airflow/example_dags/example_nested_branch_dag.py for tasks to queue
[2025-08-20T20:18:30.839+0000] {logging_mixin.py:190} INFO - [2025-08-20T20:18:30.822+0000] {dagbag.py:587} INFO - Filling up the DagBag from /home/airflow/.local/lib/python3.12/site-packages/airflow/example_dags/example_nested_branch_dag.py
[2025-08-20T20:18:30.959+0000] {processor.py:925} INFO - DAG(s) 'example_nested_branch_dag' retrieved from /home/airflow/.local/lib/python3.12/site-packages/airflow/example_dags/example_nested_branch_dag.py
[2025-08-20T20:18:32.061+0000] {logging_mixin.py:190} INFO - [2025-08-20T20:18:32.045+0000] {override.py:1900} INFO - Created Permission View: can read on DAG:example_nested_branch_dag
[2025-08-20T20:18:32.090+0000] {logging_mixin.py:190} INFO - [2025-08-20T20:18:32.090+0000] {override.py:1900} INFO - Created Permission View: can delete on DAG:example_nested_branch_dag
[2025-08-20T20:18:32.105+0000] {logging_mixin.py:190} INFO - [2025-08-20T20:18:32.104+0000] {override.py:1900} INFO - Created Permission View: can edit on DAG:example_nested_branch_dag
[2025-08-20T20:18:32.129+0000] {logging_mixin.py:190} INFO - [2025-08-20T20:18:32.128+0000] {override.py:1900} INFO - Created Permission View: can read on DAG Run:example_nested_branch_dag
[2025-08-20T20:18:32.141+0000] {logging_mixin.py:190} INFO - [2025-08-20T20:18:32.141+0000] {override.py:1900} INFO - Created Permission View: menu access on DAG Run:example_nested_branch_dag
[2025-08-20T20:18:32.150+0000] {logging_mixin.py:190} INFO - [2025-08-20T20:18:32.150+0000] {override.py:1900} INFO - Created Permission View: can delete on DAG Run:example_nested_branch_dag
[2025-08-20T20:18:32.163+0000] {logging_mixin.py:190} INFO - [2025-08-20T20:18:32.163+0000] {override.py:1900} INFO - Created Permission View: can create on DAG Run:example_nested_branch_dag
[2025-08-20T20:18:32.167+0000] {logging_mixin.py:190} INFO - [2025-08-20T20:18:32.167+0000] {dag.py:3229} INFO - Sync 1 DAGs
[2025-08-20T20:18:32.255+0000] {logging_mixin.py:190} INFO - [2025-08-20T20:18:32.254+0000] {dag.py:3252} INFO - Creating ORM DAG for example_nested_branch_dag
[2025-08-20T20:18:32.322+0000] {logging_mixin.py:190} INFO - [2025-08-20T20:18:32.321+0000] {dag.py:4156} INFO - Setting next_dagrun for example_nested_branch_dag to 2025-08-19 00:00:00+00:00, run_after=2025-08-20 00:00:00+00:00
[2025-08-20T20:18:32.388+0000] {processor.py:208} INFO - Processing /home/airflow/.local/lib/python3.12/site-packages/airflow/example_dags/example_nested_branch_dag.py took 1.626 seconds
[2025-08-20T20:19:03.010+0000] {processor.py:186} INFO - Started process (PID=164) to work on /home/airflow/.local/lib/python3.12/site-packages/airflow/example_dags/example_nested_branch_dag.py
[2025-08-20T20:19:03.012+0000] {processor.py:914} INFO - Processing file /home/airflow/.local/lib/python3.12/site-packages/airflow/example_dags/example_nested_branch_dag.py for tasks to queue
[2025-08-20T20:19:03.030+0000] {logging_mixin.py:190} INFO - [2025-08-20T20:19:03.029+0000] {dagbag.py:587} INFO - Filling up the DagBag from /home/airflow/.local/lib/python3.12/site-packages/airflow/example_dags/example_nested_branch_dag.py
[2025-08-20T20:19:03.102+0000] {processor.py:925} INFO - DAG(s) 'example_nested_branch_dag' retrieved from /home/airflow/.local/lib/python3.12/site-packages/airflow/example_dags/example_nested_branch_dag.py
[2025-08-20T20:19:03.142+0000] {logging_mixin.py:190} INFO - [2025-08-20T20:19:03.142+0000] {dag.py:3229} INFO - Sync 1 DAGs
[2025-08-20T20:19:03.181+0000] {logging_mixin.py:190} INFO - [2025-08-20T20:19:03.181+0000] {dag.py:4156} INFO - Setting next_dagrun for example_nested_branch_dag to 2025-08-19 00:00:00+00:00, run_after=2025-08-20 00:00:00+00:00
[2025-08-20T20:19:03.200+0000] {processor.py:208} INFO - Processing /home/airflow/.local/lib/python3.12/site-packages/airflow/example_dags/example_nested_branch_dag.py took 0.246 seconds
[2025-08-20T20:19:34.349+0000] {processor.py:186} INFO - Started process (PID=226) to work on /home/airflow/.local/lib/python3.12/site-packages/airflow/example_dags/example_nested_branch_dag.py
[2025-08-20T20:19:34.385+0000] {processor.py:914} INFO - Processing file /home/airflow/.local/lib/python3.12/site-packages/airflow/example_dags/example_nested_branch_dag.py for tasks to queue
[2025-08-20T20:19:34.420+0000] {logging_mixin.py:190} INFO - [2025-08-20T20:19:34.417+0000] {dagbag.py:587} INFO - Filling up the DagBag from /home/airflow/.local/lib/python3.12/site-packages/airflow/example_dags/example_nested_branch_dag.py
[2025-08-20T20:19:34.528+0000] {processor.py:925} INFO - DAG(s) 'example_nested_branch_dag' retrieved from /home/airflow/.local/lib/python3.12/site-packages/airflow/example_dags/example_nested_branch_dag.py
[2025-08-20T20:19:34.637+0000] {logging_mixin.py:190} INFO - [2025-08-20T20:19:34.636+0000] {dag.py:3229} INFO - Sync 1 DAGs
[2025-08-20T20:19:34.673+0000] {logging_mixin.py:190} INFO - [2025-08-20T20:19:34.673+0000] {dag.py:4156} INFO - Setting next_dagrun for example_nested_branch_dag to 2025-08-19 00:00:00+00:00, run_after=2025-08-20 00:00:00+00:00
[2025-08-20T20:19:34.704+0000] {processor.py:208} INFO - Processing /home/airflow/.local/lib/python3.12/site-packages/airflow/example_dags/example_nested_branch_dag.py took 0.414 seconds
[2025-08-20T20:20:06.655+0000] {processor.py:186} INFO - Started process (PID=288) to work on /home/airflow/.local/lib/python3.12/site-packages/airflow/example_dags/example_nested_branch_dag.py
[2025-08-20T20:20:06.984+0000] {processor.py:914} INFO - Processing file /home/airflow/.local/lib/python3.12/site-packages/airflow/example_dags/example_nested_branch_dag.py for tasks to queue
[2025-08-20T20:20:07.143+0000] {logging_mixin.py:190} INFO - [2025-08-20T20:20:07.135+0000] {dagbag.py:587} INFO - Filling up the DagBag from /home/airflow/.local/lib/python3.12/site-packages/airflow/example_dags/example_nested_branch_dag.py
[2025-08-20T20:20:07.559+0000] {processor.py:925} INFO - DAG(s) 'example_nested_branch_dag' retrieved from /home/airflow/.local/lib/python3.12/site-packages/airflow/example_dags/example_nested_branch_dag.py
[2025-08-20T20:20:07.892+0000] {logging_mixin.py:190} INFO - [2025-08-20T20:20:07.892+0000] {dag.py:3229} INFO - Sync 1 DAGs
[2025-08-20T20:20:08.089+0000] {logging_mixin.py:190} INFO - [2025-08-20T20:20:08.088+0000] {dag.py:4156} INFO - Setting next_dagrun for example_nested_branch_dag to 2025-08-19 00:00:00+00:00, run_after=2025-08-20 00:00:00+00:00
[2025-08-20T20:20:08.148+0000] {processor.py:208} INFO - Processing /home/airflow/.local/lib/python3.12/site-packages/airflow/example_dags/example_nested_branch_dag.py took 2.018 seconds
[2025-08-20T20:20:41.425+0000] {processor.py:186} INFO - Started process (PID=349) to work on /home/airflow/.local/lib/python3.12/site-packages/airflow/example_dags/example_nested_branch_dag.py
[2025-08-20T20:20:41.428+0000] {processor.py:914} INFO - Processing file /home/airflow/.local/lib/python3.12/site-packages/airflow/example_dags/example_nested_branch_dag.py for tasks to queue
[2025-08-20T20:20:41.430+0000] {logging_mixin.py:190} INFO - [2025-08-20T20:20:41.430+0000] {dagbag.py:587} INFO - Filling up the DagBag from /home/airflow/.local/lib/python3.12/site-packages/airflow/example_dags/example_nested_branch_dag.py
[2025-08-20T20:20:41.449+0000] {processor.py:925} INFO - DAG(s) 'example_nested_branch_dag' retrieved from /home/airflow/.local/lib/python3.12/site-packages/airflow/example_dags/example_nested_branch_dag.py
[2025-08-20T20:20:41.469+0000] {logging_mixin.py:190} INFO - [2025-08-20T20:20:41.469+0000] {dag.py:3229} INFO - Sync 1 DAGs
[2025-08-20T20:20:41.492+0000] {logging_mixin.py:190} INFO - [2025-08-20T20:20:41.492+0000] {dag.py:4156} INFO - Setting next_dagrun for example_nested_branch_dag to 2025-08-19 00:00:00+00:00, run_after=2025-08-20 00:00:00+00:00
[2025-08-20T20:20:41.506+0000] {processor.py:208} INFO - Processing /home/airflow/.local/lib/python3.12/site-packages/airflow/example_dags/example_nested_branch_dag.py took 0.087 seconds
[2025-08-20T20:21:15.998+0000] {processor.py:186} INFO - Started process (PID=412) to work on /home/airflow/.local/lib/python3.12/site-packages/airflow/example_dags/example_nested_branch_dag.py
[2025-08-20T20:21:16.003+0000] {processor.py:914} INFO - Processing file /home/airflow/.local/lib/python3.12/site-packages/airflow/example_dags/example_nested_branch_dag.py for tasks to queue
[2025-08-20T20:21:16.013+0000] {logging_mixin.py:190} INFO - [2025-08-20T20:21:16.013+0000] {dagbag.py:587} INFO - Filling up the DagBag from /home/airflow/.local/lib/python3.12/site-packages/airflow/example_dags/example_nested_branch_dag.py
[2025-08-20T20:21:16.038+0000] {processor.py:925} INFO - DAG(s) 'example_nested_branch_dag' retrieved from /home/airflow/.local/lib/python3.12/site-packages/airflow/example_dags/example_nested_branch_dag.py
[2025-08-20T20:21:16.080+0000] {logging_mixin.py:190} INFO - [2025-08-20T20:21:16.080+0000] {dag.py:3229} INFO - Sync 1 DAGs
[2025-08-20T20:21:16.114+0000] {logging_mixin.py:190} INFO - [2025-08-20T20:21:16.113+0000] {dag.py:4156} INFO - Setting next_dagrun for example_nested_branch_dag to 2025-08-19 00:00:00+00:00, run_after=2025-08-20 00:00:00+00:00
[2025-08-20T20:21:16.141+0000] {processor.py:208} INFO - Processing /home/airflow/.local/lib/python3.12/site-packages/airflow/example_dags/example_nested_branch_dag.py took 0.150 seconds
[2025-08-20T20:21:49.526+0000] {processor.py:186} INFO - Started process (PID=474) to work on /home/airflow/.local/lib/python3.12/site-packages/airflow/example_dags/example_nested_branch_dag.py
[2025-08-20T20:21:49.527+0000] {processor.py:914} INFO - Processing file /home/airflow/.local/lib/python3.12/site-packages/airflow/example_dags/example_nested_branch_dag.py for tasks to queue
[2025-08-20T20:21:49.534+0000] {logging_mixin.py:190} INFO - [2025-08-20T20:21:49.534+0000] {dagbag.py:587} INFO - Filling up the DagBag from /home/airflow/.local/lib/python3.12/site-packages/airflow/example_dags/example_nested_branch_dag.py
[2025-08-20T20:21:49.590+0000] {processor.py:925} INFO - DAG(s) 'example_nested_branch_dag' retrieved from /home/airflow/.local/lib/python3.12/site-packages/airflow/example_dags/example_nested_branch_dag.py
[2025-08-20T20:21:49.647+0000] {logging_mixin.py:190} INFO - [2025-08-20T20:21:49.647+0000] {dag.py:3229} INFO - Sync 1 DAGs
[2025-08-20T20:21:49.689+0000] {logging_mixin.py:190} INFO - [2025-08-20T20:21:49.689+0000] {dag.py:4156} INFO - Setting next_dagrun for example_nested_branch_dag to 2025-08-19 00:00:00+00:00, run_after=2025-08-20 00:00:00+00:00
[2025-08-20T20:21:49.706+0000] {processor.py:208} INFO - Processing /home/airflow/.local/lib/python3.12/site-packages/airflow/example_dags/example_nested_branch_dag.py took 0.197 seconds
[2025-08-20T20:22:21.706+0000] {processor.py:186} INFO - Started process (PID=536) to work on /home/airflow/.local/lib/python3.12/site-packages/airflow/example_dags/example_nested_branch_dag.py
[2025-08-20T20:22:21.708+0000] {processor.py:914} INFO - Processing file /home/airflow/.local/lib/python3.12/site-packages/airflow/example_dags/example_nested_branch_dag.py for tasks to queue
[2025-08-20T20:22:21.709+0000] {logging_mixin.py:190} INFO - [2025-08-20T20:22:21.709+0000] {dagbag.py:587} INFO - Filling up the DagBag from /home/airflow/.local/lib/python3.12/site-packages/airflow/example_dags/example_nested_branch_dag.py
[2025-08-20T20:22:21.725+0000] {processor.py:925} INFO - DAG(s) 'example_nested_branch_dag' retrieved from /home/airflow/.local/lib/python3.12/site-packages/airflow/example_dags/example_nested_branch_dag.py
[2025-08-20T20:22:21.755+0000] {logging_mixin.py:190} INFO - [2025-08-20T20:22:21.755+0000] {dag.py:3229} INFO - Sync 1 DAGs
[2025-08-20T20:22:21.772+0000] {logging_mixin.py:190} INFO - [2025-08-20T20:22:21.772+0000] {dag.py:4156} INFO - Setting next_dagrun for example_nested_branch_dag to 2025-08-19 00:00:00+00:00, run_after=2025-08-20 00:00:00+00:00
[2025-08-20T20:22:21.794+0000] {processor.py:208} INFO - Processing /home/airflow/.local/lib/python3.12/site-packages/airflow/example_dags/example_nested_branch_dag.py took 0.091 seconds
[2025-08-20T20:22:53.266+0000] {processor.py:186} INFO - Started process (PID=598) to work on /home/airflow/.local/lib/python3.12/site-packages/airflow/example_dags/example_nested_branch_dag.py
[2025-08-20T20:22:53.267+0000] {processor.py:914} INFO - Processing file /home/airflow/.local/lib/python3.12/site-packages/airflow/example_dags/example_nested_branch_dag.py for tasks to queue
[2025-08-20T20:22:53.269+0000] {logging_mixin.py:190} INFO - [2025-08-20T20:22:53.269+0000] {dagbag.py:587} INFO - Filling up the DagBag from /home/airflow/.local/lib/python3.12/site-packages/airflow/example_dags/example_nested_branch_dag.py
[2025-08-20T20:22:53.282+0000] {processor.py:925} INFO - DAG(s) 'example_nested_branch_dag' retrieved from /home/airflow/.local/lib/python3.12/site-packages/airflow/example_dags/example_nested_branch_dag.py
[2025-08-20T20:22:53.312+0000] {logging_mixin.py:190} INFO - [2025-08-20T20:22:53.311+0000] {dag.py:3229} INFO - Sync 1 DAGs
[2025-08-20T20:22:53.341+0000] {logging_mixin.py:190} INFO - [2025-08-20T20:22:53.341+0000] {dag.py:4156} INFO - Setting next_dagrun for example_nested_branch_dag to 2025-08-19 00:00:00+00:00, run_after=2025-08-20 00:00:00+00:00
[2025-08-20T20:22:53.362+0000] {processor.py:208} INFO - Processing /home/airflow/.local/lib/python3.12/site-packages/airflow/example_dags/example_nested_branch_dag.py took 0.104 seconds
[2025-08-20T20:23:27.155+0000] {processor.py:186} INFO - Started process (PID=660) to work on /home/airflow/.local/lib/python3.12/site-packages/airflow/example_dags/example_nested_branch_dag.py
[2025-08-20T20:23:27.162+0000] {processor.py:914} INFO - Processing file /home/airflow/.local/lib/python3.12/site-packages/airflow/example_dags/example_nested_branch_dag.py for tasks to queue
[2025-08-20T20:23:27.174+0000] {logging_mixin.py:190} INFO - [2025-08-20T20:23:27.173+0000] {dagbag.py:587} INFO - Filling up the DagBag from /home/airflow/.local/lib/python3.12/site-packages/airflow/example_dags/example_nested_branch_dag.py
[2025-08-20T20:23:27.229+0000] {processor.py:925} INFO - DAG(s) 'example_nested_branch_dag' retrieved from /home/airflow/.local/lib/python3.12/site-packages/airflow/example_dags/example_nested_branch_dag.py
[2025-08-20T20:23:27.382+0000] {logging_mixin.py:190} INFO - [2025-08-20T20:23:27.382+0000] {dag.py:3229} INFO - Sync 1 DAGs
[2025-08-20T20:23:27.425+0000] {logging_mixin.py:190} INFO - [2025-08-20T20:23:27.425+0000] {dag.py:4156} INFO - Setting next_dagrun for example_nested_branch_dag to 2025-08-19 00:00:00+00:00, run_after=2025-08-20 00:00:00+00:00
[2025-08-20T20:23:27.451+0000] {processor.py:208} INFO - Processing /home/airflow/.local/lib/python3.12/site-packages/airflow/example_dags/example_nested_branch_dag.py took 0.321 seconds
[2025-08-20T20:23:58.054+0000] {processor.py:186} INFO - Started process (PID=722) to work on /home/airflow/.local/lib/python3.12/site-packages/airflow/example_dags/example_nested_branch_dag.py
[2025-08-20T20:23:58.057+0000] {processor.py:914} INFO - Processing file /home/airflow/.local/lib/python3.12/site-packages/airflow/example_dags/example_nested_branch_dag.py for tasks to queue
[2025-08-20T20:23:58.059+0000] {logging_mixin.py:190} INFO - [2025-08-20T20:23:58.058+0000] {dagbag.py:587} INFO - Filling up the DagBag from /home/airflow/.local/lib/python3.12/site-packages/airflow/example_dags/example_nested_branch_dag.py
[2025-08-20T20:23:58.078+0000] {processor.py:925} INFO - DAG(s) 'example_nested_branch_dag' retrieved from /home/airflow/.local/lib/python3.12/site-packages/airflow/example_dags/example_nested_branch_dag.py
[2025-08-20T20:23:58.120+0000] {logging_mixin.py:190} INFO - [2025-08-20T20:23:58.120+0000] {dag.py:3229} INFO - Sync 1 DAGs
[2025-08-20T20:23:58.141+0000] {logging_mixin.py:190} INFO - [2025-08-20T20:23:58.141+0000] {dag.py:4156} INFO - Setting next_dagrun for example_nested_branch_dag to 2025-08-19 00:00:00+00:00, run_after=2025-08-20 00:00:00+00:00
[2025-08-20T20:23:58.164+0000] {processor.py:208} INFO - Processing /home/airflow/.local/lib/python3.12/site-packages/airflow/example_dags/example_nested_branch_dag.py took 0.114 seconds
[2025-08-20T20:24:28.444+0000] {processor.py:186} INFO - Started process (PID=784) to work on /home/airflow/.local/lib/python3.12/site-packages/airflow/example_dags/example_nested_branch_dag.py
[2025-08-20T20:24:28.449+0000] {processor.py:914} INFO - Processing file /home/airflow/.local/lib/python3.12/site-packages/airflow/example_dags/example_nested_branch_dag.py for tasks to queue
[2025-08-20T20:24:28.451+0000] {logging_mixin.py:190} INFO - [2025-08-20T20:24:28.451+0000] {dagbag.py:587} INFO - Filling up the DagBag from /home/airflow/.local/lib/python3.12/site-packages/airflow/example_dags/example_nested_branch_dag.py
[2025-08-20T20:24:28.469+0000] {processor.py:925} INFO - DAG(s) 'example_nested_branch_dag' retrieved from /home/airflow/.local/lib/python3.12/site-packages/airflow/example_dags/example_nested_branch_dag.py
[2025-08-20T20:24:28.491+0000] {logging_mixin.py:190} INFO - [2025-08-20T20:24:28.490+0000] {dag.py:3229} INFO - Sync 1 DAGs
[2025-08-20T20:24:28.507+0000] {logging_mixin.py:190} INFO - [2025-08-20T20:24:28.507+0000] {dag.py:4156} INFO - Setting next_dagrun for example_nested_branch_dag to 2025-08-19 00:00:00+00:00, run_after=2025-08-20 00:00:00+00:00
[2025-08-20T20:24:28.528+0000] {processor.py:208} INFO - Processing /home/airflow/.local/lib/python3.12/site-packages/airflow/example_dags/example_nested_branch_dag.py took 0.088 seconds
[2025-08-20T20:24:59.571+0000] {processor.py:186} INFO - Started process (PID=845) to work on /home/airflow/.local/lib/python3.12/site-packages/airflow/example_dags/example_nested_branch_dag.py
[2025-08-20T20:24:59.573+0000] {processor.py:914} INFO - Processing file /home/airflow/.local/lib/python3.12/site-packages/airflow/example_dags/example_nested_branch_dag.py for tasks to queue
[2025-08-20T20:24:59.577+0000] {logging_mixin.py:190} INFO - [2025-08-20T20:24:59.576+0000] {dagbag.py:587} INFO - Filling up the DagBag from /home/airflow/.local/lib/python3.12/site-packages/airflow/example_dags/example_nested_branch_dag.py
[2025-08-20T20:24:59.600+0000] {processor.py:925} INFO - DAG(s) 'example_nested_branch_dag' retrieved from /home/airflow/.local/lib/python3.12/site-packages/airflow/example_dags/example_nested_branch_dag.py
[2025-08-20T20:24:59.647+0000] {logging_mixin.py:190} INFO - [2025-08-20T20:24:59.646+0000] {dag.py:3229} INFO - Sync 1 DAGs
[2025-08-20T20:24:59.696+0000] {logging_mixin.py:190} INFO - [2025-08-20T20:24:59.696+0000] {dag.py:4156} INFO - Setting next_dagrun for example_nested_branch_dag to 2025-08-19 00:00:00+00:00, run_after=2025-08-20 00:00:00+00:00
[2025-08-20T20:24:59.731+0000] {processor.py:208} INFO - Processing /home/airflow/.local/lib/python3.12/site-packages/airflow/example_dags/example_nested_branch_dag.py took 0.171 seconds
[2025-08-20T20:25:30.481+0000] {processor.py:186} INFO - Started process (PID=908) to work on /home/airflow/.local/lib/python3.12/site-packages/airflow/example_dags/example_nested_branch_dag.py
[2025-08-20T20:25:30.483+0000] {processor.py:914} INFO - Processing file /home/airflow/.local/lib/python3.12/site-packages/airflow/example_dags/example_nested_branch_dag.py for tasks to queue
[2025-08-20T20:25:30.484+0000] {logging_mixin.py:190} INFO - [2025-08-20T20:25:30.484+0000] {dagbag.py:587} INFO - Filling up the DagBag from /home/airflow/.local/lib/python3.12/site-packages/airflow/example_dags/example_nested_branch_dag.py
[2025-08-20T20:25:30.492+0000] {processor.py:925} INFO - DAG(s) 'example_nested_branch_dag' retrieved from /home/airflow/.local/lib/python3.12/site-packages/airflow/example_dags/example_nested_branch_dag.py
[2025-08-20T20:25:30.507+0000] {logging_mixin.py:190} INFO - [2025-08-20T20:25:30.507+0000] {dag.py:3229} INFO - Sync 1 DAGs
[2025-08-20T20:25:30.519+0000] {logging_mixin.py:190} INFO - [2025-08-20T20:25:30.519+0000] {dag.py:4156} INFO - Setting next_dagrun for example_nested_branch_dag to 2025-08-19 00:00:00+00:00, run_after=2025-08-20 00:00:00+00:00
[2025-08-20T20:25:30.531+0000] {processor.py:208} INFO - Processing /home/airflow/.local/lib/python3.12/site-packages/airflow/example_dags/example_nested_branch_dag.py took 0.053 seconds
[2025-08-20T20:26:02.342+0000] {processor.py:186} INFO - Started process (PID=970) to work on /home/airflow/.local/lib/python3.12/site-packages/airflow/example_dags/example_nested_branch_dag.py
[2025-08-20T20:26:02.344+0000] {processor.py:914} INFO - Processing file /home/airflow/.local/lib/python3.12/site-packages/airflow/example_dags/example_nested_branch_dag.py for tasks to queue
[2025-08-20T20:26:02.354+0000] {logging_mixin.py:190} INFO - [2025-08-20T20:26:02.353+0000] {dagbag.py:587} INFO - Filling up the DagBag from /home/airflow/.local/lib/python3.12/site-packages/airflow/example_dags/example_nested_branch_dag.py
[2025-08-20T20:26:02.391+0000] {processor.py:925} INFO - DAG(s) 'example_nested_branch_dag' retrieved from /home/airflow/.local/lib/python3.12/site-packages/airflow/example_dags/example_nested_branch_dag.py
[2025-08-20T20:26:02.502+0000] {logging_mixin.py:190} INFO - [2025-08-20T20:26:02.501+0000] {dag.py:3229} INFO - Sync 1 DAGs
[2025-08-20T20:26:02.575+0000] {logging_mixin.py:190} INFO - [2025-08-20T20:26:02.575+0000] {dag.py:4156} INFO - Setting next_dagrun for example_nested_branch_dag to 2025-08-19 00:00:00+00:00, run_after=2025-08-20 00:00:00+00:00
[2025-08-20T20:26:02.704+0000] {processor.py:208} INFO - Processing /home/airflow/.local/lib/python3.12/site-packages/airflow/example_dags/example_nested_branch_dag.py took 0.374 seconds
[2025-08-20T20:26:33.598+0000] {processor.py:186} INFO - Started process (PID=1036) to work on /home/airflow/.local/lib/python3.12/site-packages/airflow/example_dags/example_nested_branch_dag.py
[2025-08-20T20:26:33.599+0000] {processor.py:914} INFO - Processing file /home/airflow/.local/lib/python3.12/site-packages/airflow/example_dags/example_nested_branch_dag.py for tasks to queue
[2025-08-20T20:26:33.604+0000] {logging_mixin.py:190} INFO - [2025-08-20T20:26:33.603+0000] {dagbag.py:587} INFO - Filling up the DagBag from /home/airflow/.local/lib/python3.12/site-packages/airflow/example_dags/example_nested_branch_dag.py
[2025-08-20T20:26:33.624+0000] {processor.py:925} INFO - DAG(s) 'example_nested_branch_dag' retrieved from /home/airflow/.local/lib/python3.12/site-packages/airflow/example_dags/example_nested_branch_dag.py
[2025-08-20T20:26:33.652+0000] {logging_mixin.py:190} INFO - [2025-08-20T20:26:33.651+0000] {dag.py:3229} INFO - Sync 1 DAGs
[2025-08-20T20:26:33.694+0000] {logging_mixin.py:190} INFO - [2025-08-20T20:26:33.694+0000] {dag.py:4156} INFO - Setting next_dagrun for example_nested_branch_dag to 2025-08-19 00:00:00+00:00, run_after=2025-08-20 00:00:00+00:00
[2025-08-20T20:26:33.719+0000] {processor.py:208} INFO - Processing /home/airflow/.local/lib/python3.12/site-packages/airflow/example_dags/example_nested_branch_dag.py took 0.137 seconds
