[2025-08-20T20:18:19.014+0000] {processor.py:186} INFO - Started process (PID=78) to work on /home/airflow/.local/lib/python3.12/site-packages/airflow/example_dags/tutorial_taskflow_api.py
[2025-08-20T20:18:19.019+0000] {processor.py:914} INFO - Processing file /home/airflow/.local/lib/python3.12/site-packages/airflow/example_dags/tutorial_taskflow_api.py for tasks to queue
[2025-08-20T20:18:19.022+0000] {logging_mixin.py:190} INFO - [2025-08-20T20:18:19.022+0000] {dagbag.py:587} INFO - Filling up the DagBag from /home/airflow/.local/lib/python3.12/site-packages/airflow/example_dags/tutorial_taskflow_api.py
[2025-08-20T20:18:19.038+0000] {processor.py:925} INFO - DAG(s) 'tutorial_taskflow_api' retrieved from /home/airflow/.local/lib/python3.12/site-packages/airflow/example_dags/tutorial_taskflow_api.py
[2025-08-20T20:18:19.248+0000] {logging_mixin.py:190} INFO - [2025-08-20T20:18:19.246+0000] {override.py:1900} INFO - Created Permission View: can read on DAG:tutorial_taskflow_api
[2025-08-20T20:18:19.257+0000] {logging_mixin.py:190} INFO - [2025-08-20T20:18:19.256+0000] {override.py:1900} INFO - Created Permission View: can delete on DAG:tutorial_taskflow_api
[2025-08-20T20:18:19.263+0000] {logging_mixin.py:190} INFO - [2025-08-20T20:18:19.262+0000] {override.py:1900} INFO - Created Permission View: can edit on DAG:tutorial_taskflow_api
[2025-08-20T20:18:19.270+0000] {logging_mixin.py:190} INFO - [2025-08-20T20:18:19.270+0000] {override.py:1900} INFO - Created Permission View: can read on DAG Run:tutorial_taskflow_api
[2025-08-20T20:18:19.275+0000] {logging_mixin.py:190} INFO - [2025-08-20T20:18:19.274+0000] {override.py:1900} INFO - Created Permission View: menu access on DAG Run:tutorial_taskflow_api
[2025-08-20T20:18:19.286+0000] {logging_mixin.py:190} INFO - [2025-08-20T20:18:19.286+0000] {override.py:1900} INFO - Created Permission View: can delete on DAG Run:tutorial_taskflow_api
[2025-08-20T20:18:19.290+0000] {logging_mixin.py:190} INFO - [2025-08-20T20:18:19.290+0000] {override.py:1900} INFO - Created Permission View: can create on DAG Run:tutorial_taskflow_api
[2025-08-20T20:18:19.291+0000] {logging_mixin.py:190} INFO - [2025-08-20T20:18:19.291+0000] {dag.py:3229} INFO - Sync 1 DAGs
[2025-08-20T20:18:19.310+0000] {logging_mixin.py:190} INFO - [2025-08-20T20:18:19.310+0000] {dag.py:3252} INFO - Creating ORM DAG for tutorial_taskflow_api
[2025-08-20T20:18:19.312+0000] {logging_mixin.py:190} INFO - [2025-08-20T20:18:19.311+0000] {dag.py:4156} INFO - Setting next_dagrun for tutorial_taskflow_api to None, run_after=None
[2025-08-20T20:18:19.334+0000] {processor.py:208} INFO - Processing /home/airflow/.local/lib/python3.12/site-packages/airflow/example_dags/tutorial_taskflow_api.py took 0.343 seconds
[2025-08-20T20:18:49.813+0000] {processor.py:186} INFO - Started process (PID=140) to work on /home/airflow/.local/lib/python3.12/site-packages/airflow/example_dags/tutorial_taskflow_api.py
[2025-08-20T20:18:49.818+0000] {processor.py:914} INFO - Processing file /home/airflow/.local/lib/python3.12/site-packages/airflow/example_dags/tutorial_taskflow_api.py for tasks to queue
[2025-08-20T20:18:49.828+0000] {logging_mixin.py:190} INFO - [2025-08-20T20:18:49.827+0000] {dagbag.py:587} INFO - Filling up the DagBag from /home/airflow/.local/lib/python3.12/site-packages/airflow/example_dags/tutorial_taskflow_api.py
[2025-08-20T20:18:49.854+0000] {processor.py:925} INFO - DAG(s) 'tutorial_taskflow_api' retrieved from /home/airflow/.local/lib/python3.12/site-packages/airflow/example_dags/tutorial_taskflow_api.py
[2025-08-20T20:18:49.910+0000] {logging_mixin.py:190} INFO - [2025-08-20T20:18:49.909+0000] {dag.py:3229} INFO - Sync 1 DAGs
[2025-08-20T20:18:49.943+0000] {logging_mixin.py:190} INFO - [2025-08-20T20:18:49.943+0000] {dag.py:4156} INFO - Setting next_dagrun for tutorial_taskflow_api to None, run_after=None
[2025-08-20T20:18:49.987+0000] {processor.py:208} INFO - Processing /home/airflow/.local/lib/python3.12/site-packages/airflow/example_dags/tutorial_taskflow_api.py took 0.192 seconds
[2025-08-20T20:19:20.454+0000] {processor.py:186} INFO - Started process (PID=202) to work on /home/airflow/.local/lib/python3.12/site-packages/airflow/example_dags/tutorial_taskflow_api.py
[2025-08-20T20:19:20.458+0000] {processor.py:914} INFO - Processing file /home/airflow/.local/lib/python3.12/site-packages/airflow/example_dags/tutorial_taskflow_api.py for tasks to queue
[2025-08-20T20:19:20.463+0000] {logging_mixin.py:190} INFO - [2025-08-20T20:19:20.462+0000] {dagbag.py:587} INFO - Filling up the DagBag from /home/airflow/.local/lib/python3.12/site-packages/airflow/example_dags/tutorial_taskflow_api.py
[2025-08-20T20:19:20.482+0000] {processor.py:925} INFO - DAG(s) 'tutorial_taskflow_api' retrieved from /home/airflow/.local/lib/python3.12/site-packages/airflow/example_dags/tutorial_taskflow_api.py
[2025-08-20T20:19:20.524+0000] {logging_mixin.py:190} INFO - [2025-08-20T20:19:20.524+0000] {dag.py:3229} INFO - Sync 1 DAGs
[2025-08-20T20:19:20.547+0000] {logging_mixin.py:190} INFO - [2025-08-20T20:19:20.547+0000] {dag.py:4156} INFO - Setting next_dagrun for tutorial_taskflow_api to None, run_after=None
[2025-08-20T20:19:20.570+0000] {processor.py:208} INFO - Processing /home/airflow/.local/lib/python3.12/site-packages/airflow/example_dags/tutorial_taskflow_api.py took 0.131 seconds
[2025-08-20T20:19:52.137+0000] {processor.py:186} INFO - Started process (PID=264) to work on /home/airflow/.local/lib/python3.12/site-packages/airflow/example_dags/tutorial_taskflow_api.py
[2025-08-20T20:19:52.140+0000] {processor.py:914} INFO - Processing file /home/airflow/.local/lib/python3.12/site-packages/airflow/example_dags/tutorial_taskflow_api.py for tasks to queue
[2025-08-20T20:19:52.144+0000] {logging_mixin.py:190} INFO - [2025-08-20T20:19:52.143+0000] {dagbag.py:587} INFO - Filling up the DagBag from /home/airflow/.local/lib/python3.12/site-packages/airflow/example_dags/tutorial_taskflow_api.py
[2025-08-20T20:19:52.151+0000] {processor.py:925} INFO - DAG(s) 'tutorial_taskflow_api' retrieved from /home/airflow/.local/lib/python3.12/site-packages/airflow/example_dags/tutorial_taskflow_api.py
[2025-08-20T20:19:52.194+0000] {logging_mixin.py:190} INFO - [2025-08-20T20:19:52.193+0000] {dag.py:3229} INFO - Sync 1 DAGs
[2025-08-20T20:19:52.215+0000] {logging_mixin.py:190} INFO - [2025-08-20T20:19:52.214+0000] {dag.py:4156} INFO - Setting next_dagrun for tutorial_taskflow_api to None, run_after=None
[2025-08-20T20:19:52.279+0000] {processor.py:208} INFO - Processing /home/airflow/.local/lib/python3.12/site-packages/airflow/example_dags/tutorial_taskflow_api.py took 0.164 seconds
[2025-08-20T20:20:23.694+0000] {processor.py:186} INFO - Started process (PID=319) to work on /home/airflow/.local/lib/python3.12/site-packages/airflow/example_dags/tutorial_taskflow_api.py
[2025-08-20T20:20:23.700+0000] {processor.py:914} INFO - Processing file /home/airflow/.local/lib/python3.12/site-packages/airflow/example_dags/tutorial_taskflow_api.py for tasks to queue
[2025-08-20T20:20:23.735+0000] {logging_mixin.py:190} INFO - [2025-08-20T20:20:23.728+0000] {dagbag.py:587} INFO - Filling up the DagBag from /home/airflow/.local/lib/python3.12/site-packages/airflow/example_dags/tutorial_taskflow_api.py
[2025-08-20T20:20:23.760+0000] {processor.py:925} INFO - DAG(s) 'tutorial_taskflow_api' retrieved from /home/airflow/.local/lib/python3.12/site-packages/airflow/example_dags/tutorial_taskflow_api.py
[2025-08-20T20:20:23.821+0000] {logging_mixin.py:190} INFO - [2025-08-20T20:20:23.820+0000] {dag.py:3229} INFO - Sync 1 DAGs
[2025-08-20T20:20:23.852+0000] {logging_mixin.py:190} INFO - [2025-08-20T20:20:23.851+0000] {dag.py:4156} INFO - Setting next_dagrun for tutorial_taskflow_api to None, run_after=None
[2025-08-20T20:20:23.886+0000] {processor.py:208} INFO - Processing /home/airflow/.local/lib/python3.12/site-packages/airflow/example_dags/tutorial_taskflow_api.py took 0.250 seconds
[2025-08-20T20:20:56.676+0000] {processor.py:186} INFO - Started process (PID=381) to work on /home/airflow/.local/lib/python3.12/site-packages/airflow/example_dags/tutorial_taskflow_api.py
[2025-08-20T20:20:56.678+0000] {processor.py:914} INFO - Processing file /home/airflow/.local/lib/python3.12/site-packages/airflow/example_dags/tutorial_taskflow_api.py for tasks to queue
[2025-08-20T20:20:56.681+0000] {logging_mixin.py:190} INFO - [2025-08-20T20:20:56.680+0000] {dagbag.py:587} INFO - Filling up the DagBag from /home/airflow/.local/lib/python3.12/site-packages/airflow/example_dags/tutorial_taskflow_api.py
[2025-08-20T20:20:56.688+0000] {processor.py:925} INFO - DAG(s) 'tutorial_taskflow_api' retrieved from /home/airflow/.local/lib/python3.12/site-packages/airflow/example_dags/tutorial_taskflow_api.py
[2025-08-20T20:20:56.704+0000] {logging_mixin.py:190} INFO - [2025-08-20T20:20:56.703+0000] {dag.py:3229} INFO - Sync 1 DAGs
[2025-08-20T20:20:56.719+0000] {logging_mixin.py:190} INFO - [2025-08-20T20:20:56.719+0000] {dag.py:4156} INFO - Setting next_dagrun for tutorial_taskflow_api to None, run_after=None
[2025-08-20T20:20:56.756+0000] {processor.py:208} INFO - Processing /home/airflow/.local/lib/python3.12/site-packages/airflow/example_dags/tutorial_taskflow_api.py took 0.088 seconds
[2025-08-20T20:21:27.366+0000] {processor.py:186} INFO - Started process (PID=443) to work on /home/airflow/.local/lib/python3.12/site-packages/airflow/example_dags/tutorial_taskflow_api.py
[2025-08-20T20:21:27.369+0000] {processor.py:914} INFO - Processing file /home/airflow/.local/lib/python3.12/site-packages/airflow/example_dags/tutorial_taskflow_api.py for tasks to queue
[2025-08-20T20:21:27.371+0000] {logging_mixin.py:190} INFO - [2025-08-20T20:21:27.371+0000] {dagbag.py:587} INFO - Filling up the DagBag from /home/airflow/.local/lib/python3.12/site-packages/airflow/example_dags/tutorial_taskflow_api.py
[2025-08-20T20:21:27.391+0000] {processor.py:925} INFO - DAG(s) 'tutorial_taskflow_api' retrieved from /home/airflow/.local/lib/python3.12/site-packages/airflow/example_dags/tutorial_taskflow_api.py
[2025-08-20T20:21:27.415+0000] {logging_mixin.py:190} INFO - [2025-08-20T20:21:27.414+0000] {dag.py:3229} INFO - Sync 1 DAGs
[2025-08-20T20:21:27.425+0000] {logging_mixin.py:190} INFO - [2025-08-20T20:21:27.424+0000] {dag.py:4156} INFO - Setting next_dagrun for tutorial_taskflow_api to None, run_after=None
[2025-08-20T20:21:27.437+0000] {processor.py:208} INFO - Processing /home/airflow/.local/lib/python3.12/site-packages/airflow/example_dags/tutorial_taskflow_api.py took 0.080 seconds
[2025-08-20T20:21:57.764+0000] {processor.py:186} INFO - Started process (PID=505) to work on /home/airflow/.local/lib/python3.12/site-packages/airflow/example_dags/tutorial_taskflow_api.py
[2025-08-20T20:21:57.767+0000] {processor.py:914} INFO - Processing file /home/airflow/.local/lib/python3.12/site-packages/airflow/example_dags/tutorial_taskflow_api.py for tasks to queue
[2025-08-20T20:21:57.770+0000] {logging_mixin.py:190} INFO - [2025-08-20T20:21:57.769+0000] {dagbag.py:587} INFO - Filling up the DagBag from /home/airflow/.local/lib/python3.12/site-packages/airflow/example_dags/tutorial_taskflow_api.py
[2025-08-20T20:21:57.812+0000] {processor.py:925} INFO - DAG(s) 'tutorial_taskflow_api' retrieved from /home/airflow/.local/lib/python3.12/site-packages/airflow/example_dags/tutorial_taskflow_api.py
[2025-08-20T20:21:57.839+0000] {logging_mixin.py:190} INFO - [2025-08-20T20:21:57.839+0000] {dag.py:3229} INFO - Sync 1 DAGs
[2025-08-20T20:21:57.852+0000] {logging_mixin.py:190} INFO - [2025-08-20T20:21:57.851+0000] {dag.py:4156} INFO - Setting next_dagrun for tutorial_taskflow_api to None, run_after=None
[2025-08-20T20:21:57.871+0000] {processor.py:208} INFO - Processing /home/airflow/.local/lib/python3.12/site-packages/airflow/example_dags/tutorial_taskflow_api.py took 0.120 seconds
[2025-08-20T20:22:28.905+0000] {processor.py:186} INFO - Started process (PID=567) to work on /home/airflow/.local/lib/python3.12/site-packages/airflow/example_dags/tutorial_taskflow_api.py
[2025-08-20T20:22:28.906+0000] {processor.py:914} INFO - Processing file /home/airflow/.local/lib/python3.12/site-packages/airflow/example_dags/tutorial_taskflow_api.py for tasks to queue
[2025-08-20T20:22:28.908+0000] {logging_mixin.py:190} INFO - [2025-08-20T20:22:28.908+0000] {dagbag.py:587} INFO - Filling up the DagBag from /home/airflow/.local/lib/python3.12/site-packages/airflow/example_dags/tutorial_taskflow_api.py
[2025-08-20T20:22:28.914+0000] {processor.py:925} INFO - DAG(s) 'tutorial_taskflow_api' retrieved from /home/airflow/.local/lib/python3.12/site-packages/airflow/example_dags/tutorial_taskflow_api.py
[2025-08-20T20:22:28.935+0000] {logging_mixin.py:190} INFO - [2025-08-20T20:22:28.935+0000] {dag.py:3229} INFO - Sync 1 DAGs
[2025-08-20T20:22:28.951+0000] {logging_mixin.py:190} INFO - [2025-08-20T20:22:28.951+0000] {dag.py:4156} INFO - Setting next_dagrun for tutorial_taskflow_api to None, run_after=None
[2025-08-20T20:22:28.968+0000] {processor.py:208} INFO - Processing /home/airflow/.local/lib/python3.12/site-packages/airflow/example_dags/tutorial_taskflow_api.py took 0.094 seconds
[2025-08-20T20:22:59.404+0000] {processor.py:186} INFO - Started process (PID=629) to work on /home/airflow/.local/lib/python3.12/site-packages/airflow/example_dags/tutorial_taskflow_api.py
[2025-08-20T20:22:59.409+0000] {processor.py:914} INFO - Processing file /home/airflow/.local/lib/python3.12/site-packages/airflow/example_dags/tutorial_taskflow_api.py for tasks to queue
[2025-08-20T20:22:59.411+0000] {logging_mixin.py:190} INFO - [2025-08-20T20:22:59.411+0000] {dagbag.py:587} INFO - Filling up the DagBag from /home/airflow/.local/lib/python3.12/site-packages/airflow/example_dags/tutorial_taskflow_api.py
[2025-08-20T20:22:59.419+0000] {processor.py:925} INFO - DAG(s) 'tutorial_taskflow_api' retrieved from /home/airflow/.local/lib/python3.12/site-packages/airflow/example_dags/tutorial_taskflow_api.py
[2025-08-20T20:22:59.441+0000] {logging_mixin.py:190} INFO - [2025-08-20T20:22:59.441+0000] {dag.py:3229} INFO - Sync 1 DAGs
[2025-08-20T20:22:59.457+0000] {logging_mixin.py:190} INFO - [2025-08-20T20:22:59.457+0000] {dag.py:4156} INFO - Setting next_dagrun for tutorial_taskflow_api to None, run_after=None
[2025-08-20T20:22:59.480+0000] {processor.py:208} INFO - Processing /home/airflow/.local/lib/python3.12/site-packages/airflow/example_dags/tutorial_taskflow_api.py took 0.117 seconds
[2025-08-20T20:23:30.501+0000] {processor.py:186} INFO - Started process (PID=688) to work on /home/airflow/.local/lib/python3.12/site-packages/airflow/example_dags/tutorial_taskflow_api.py
[2025-08-20T20:23:30.502+0000] {processor.py:914} INFO - Processing file /home/airflow/.local/lib/python3.12/site-packages/airflow/example_dags/tutorial_taskflow_api.py for tasks to queue
[2025-08-20T20:23:30.505+0000] {logging_mixin.py:190} INFO - [2025-08-20T20:23:30.505+0000] {dagbag.py:587} INFO - Filling up the DagBag from /home/airflow/.local/lib/python3.12/site-packages/airflow/example_dags/tutorial_taskflow_api.py
[2025-08-20T20:23:30.512+0000] {processor.py:925} INFO - DAG(s) 'tutorial_taskflow_api' retrieved from /home/airflow/.local/lib/python3.12/site-packages/airflow/example_dags/tutorial_taskflow_api.py
[2025-08-20T20:23:30.530+0000] {logging_mixin.py:190} INFO - [2025-08-20T20:23:30.530+0000] {dag.py:3229} INFO - Sync 1 DAGs
[2025-08-20T20:23:30.546+0000] {logging_mixin.py:190} INFO - [2025-08-20T20:23:30.546+0000] {dag.py:4156} INFO - Setting next_dagrun for tutorial_taskflow_api to None, run_after=None
[2025-08-20T20:23:30.570+0000] {processor.py:208} INFO - Processing /home/airflow/.local/lib/python3.12/site-packages/airflow/example_dags/tutorial_taskflow_api.py took 0.075 seconds
[2025-08-20T20:24:01.550+0000] {processor.py:186} INFO - Started process (PID=750) to work on /home/airflow/.local/lib/python3.12/site-packages/airflow/example_dags/tutorial_taskflow_api.py
[2025-08-20T20:24:01.553+0000] {processor.py:914} INFO - Processing file /home/airflow/.local/lib/python3.12/site-packages/airflow/example_dags/tutorial_taskflow_api.py for tasks to queue
[2025-08-20T20:24:01.556+0000] {logging_mixin.py:190} INFO - [2025-08-20T20:24:01.556+0000] {dagbag.py:587} INFO - Filling up the DagBag from /home/airflow/.local/lib/python3.12/site-packages/airflow/example_dags/tutorial_taskflow_api.py
[2025-08-20T20:24:01.568+0000] {processor.py:925} INFO - DAG(s) 'tutorial_taskflow_api' retrieved from /home/airflow/.local/lib/python3.12/site-packages/airflow/example_dags/tutorial_taskflow_api.py
[2025-08-20T20:24:01.638+0000] {logging_mixin.py:190} INFO - [2025-08-20T20:24:01.638+0000] {dag.py:3229} INFO - Sync 1 DAGs
[2025-08-20T20:24:01.670+0000] {logging_mixin.py:190} INFO - [2025-08-20T20:24:01.670+0000] {dag.py:4156} INFO - Setting next_dagrun for tutorial_taskflow_api to None, run_after=None
[2025-08-20T20:24:01.695+0000] {processor.py:208} INFO - Processing /home/airflow/.local/lib/python3.12/site-packages/airflow/example_dags/tutorial_taskflow_api.py took 0.156 seconds
[2025-08-20T20:24:32.349+0000] {processor.py:186} INFO - Started process (PID=812) to work on /home/airflow/.local/lib/python3.12/site-packages/airflow/example_dags/tutorial_taskflow_api.py
[2025-08-20T20:24:32.350+0000] {processor.py:914} INFO - Processing file /home/airflow/.local/lib/python3.12/site-packages/airflow/example_dags/tutorial_taskflow_api.py for tasks to queue
[2025-08-20T20:24:32.352+0000] {logging_mixin.py:190} INFO - [2025-08-20T20:24:32.351+0000] {dagbag.py:587} INFO - Filling up the DagBag from /home/airflow/.local/lib/python3.12/site-packages/airflow/example_dags/tutorial_taskflow_api.py
[2025-08-20T20:24:32.357+0000] {processor.py:925} INFO - DAG(s) 'tutorial_taskflow_api' retrieved from /home/airflow/.local/lib/python3.12/site-packages/airflow/example_dags/tutorial_taskflow_api.py
[2025-08-20T20:24:32.367+0000] {logging_mixin.py:190} INFO - [2025-08-20T20:24:32.367+0000] {dag.py:3229} INFO - Sync 1 DAGs
[2025-08-20T20:24:32.374+0000] {logging_mixin.py:190} INFO - [2025-08-20T20:24:32.374+0000] {dag.py:4156} INFO - Setting next_dagrun for tutorial_taskflow_api to None, run_after=None
[2025-08-20T20:24:32.383+0000] {processor.py:208} INFO - Processing /home/airflow/.local/lib/python3.12/site-packages/airflow/example_dags/tutorial_taskflow_api.py took 0.038 seconds
[2025-08-20T20:25:03.367+0000] {processor.py:186} INFO - Started process (PID=866) to work on /home/airflow/.local/lib/python3.12/site-packages/airflow/example_dags/tutorial_taskflow_api.py
[2025-08-20T20:25:03.370+0000] {processor.py:914} INFO - Processing file /home/airflow/.local/lib/python3.12/site-packages/airflow/example_dags/tutorial_taskflow_api.py for tasks to queue
[2025-08-20T20:25:03.372+0000] {logging_mixin.py:190} INFO - [2025-08-20T20:25:03.372+0000] {dagbag.py:587} INFO - Filling up the DagBag from /home/airflow/.local/lib/python3.12/site-packages/airflow/example_dags/tutorial_taskflow_api.py
[2025-08-20T20:25:03.389+0000] {processor.py:925} INFO - DAG(s) 'tutorial_taskflow_api' retrieved from /home/airflow/.local/lib/python3.12/site-packages/airflow/example_dags/tutorial_taskflow_api.py
[2025-08-20T20:25:03.406+0000] {logging_mixin.py:190} INFO - [2025-08-20T20:25:03.406+0000] {dag.py:3229} INFO - Sync 1 DAGs
[2025-08-20T20:25:03.421+0000] {logging_mixin.py:190} INFO - [2025-08-20T20:25:03.421+0000] {dag.py:4156} INFO - Setting next_dagrun for tutorial_taskflow_api to None, run_after=None
[2025-08-20T20:25:03.441+0000] {processor.py:208} INFO - Processing /home/airflow/.local/lib/python3.12/site-packages/airflow/example_dags/tutorial_taskflow_api.py took 0.081 seconds
[2025-08-20T20:25:34.000+0000] {processor.py:186} INFO - Started process (PID=928) to work on /home/airflow/.local/lib/python3.12/site-packages/airflow/example_dags/tutorial_taskflow_api.py
[2025-08-20T20:25:34.002+0000] {processor.py:914} INFO - Processing file /home/airflow/.local/lib/python3.12/site-packages/airflow/example_dags/tutorial_taskflow_api.py for tasks to queue
[2025-08-20T20:25:34.006+0000] {logging_mixin.py:190} INFO - [2025-08-20T20:25:34.005+0000] {dagbag.py:587} INFO - Filling up the DagBag from /home/airflow/.local/lib/python3.12/site-packages/airflow/example_dags/tutorial_taskflow_api.py
[2025-08-20T20:25:34.020+0000] {processor.py:925} INFO - DAG(s) 'tutorial_taskflow_api' retrieved from /home/airflow/.local/lib/python3.12/site-packages/airflow/example_dags/tutorial_taskflow_api.py
[2025-08-20T20:25:34.043+0000] {logging_mixin.py:190} INFO - [2025-08-20T20:25:34.043+0000] {dag.py:3229} INFO - Sync 1 DAGs
[2025-08-20T20:25:34.062+0000] {logging_mixin.py:190} INFO - [2025-08-20T20:25:34.062+0000] {dag.py:4156} INFO - Setting next_dagrun for tutorial_taskflow_api to None, run_after=None
[2025-08-20T20:25:34.080+0000] {processor.py:208} INFO - Processing /home/airflow/.local/lib/python3.12/site-packages/airflow/example_dags/tutorial_taskflow_api.py took 0.085 seconds
[2025-08-20T20:26:04.370+0000] {processor.py:186} INFO - Started process (PID=985) to work on /home/airflow/.local/lib/python3.12/site-packages/airflow/example_dags/tutorial_taskflow_api.py
[2025-08-20T20:26:04.371+0000] {processor.py:914} INFO - Processing file /home/airflow/.local/lib/python3.12/site-packages/airflow/example_dags/tutorial_taskflow_api.py for tasks to queue
[2025-08-20T20:26:04.373+0000] {logging_mixin.py:190} INFO - [2025-08-20T20:26:04.373+0000] {dagbag.py:587} INFO - Filling up the DagBag from /home/airflow/.local/lib/python3.12/site-packages/airflow/example_dags/tutorial_taskflow_api.py
[2025-08-20T20:26:04.384+0000] {processor.py:925} INFO - DAG(s) 'tutorial_taskflow_api' retrieved from /home/airflow/.local/lib/python3.12/site-packages/airflow/example_dags/tutorial_taskflow_api.py
[2025-08-20T20:26:04.410+0000] {logging_mixin.py:190} INFO - [2025-08-20T20:26:04.410+0000] {dag.py:3229} INFO - Sync 1 DAGs
[2025-08-20T20:26:04.425+0000] {logging_mixin.py:190} INFO - [2025-08-20T20:26:04.425+0000] {dag.py:4156} INFO - Setting next_dagrun for tutorial_taskflow_api to None, run_after=None
[2025-08-20T20:26:04.440+0000] {processor.py:208} INFO - Processing /home/airflow/.local/lib/python3.12/site-packages/airflow/example_dags/tutorial_taskflow_api.py took 0.075 seconds
[2025-08-20T20:26:35.833+0000] {processor.py:186} INFO - Started process (PID=1047) to work on /home/airflow/.local/lib/python3.12/site-packages/airflow/example_dags/tutorial_taskflow_api.py
[2025-08-20T20:26:35.838+0000] {processor.py:914} INFO - Processing file /home/airflow/.local/lib/python3.12/site-packages/airflow/example_dags/tutorial_taskflow_api.py for tasks to queue
[2025-08-20T20:26:35.843+0000] {logging_mixin.py:190} INFO - [2025-08-20T20:26:35.843+0000] {dagbag.py:587} INFO - Filling up the DagBag from /home/airflow/.local/lib/python3.12/site-packages/airflow/example_dags/tutorial_taskflow_api.py
[2025-08-20T20:26:35.854+0000] {processor.py:925} INFO - DAG(s) 'tutorial_taskflow_api' retrieved from /home/airflow/.local/lib/python3.12/site-packages/airflow/example_dags/tutorial_taskflow_api.py
[2025-08-20T20:26:35.878+0000] {logging_mixin.py:190} INFO - [2025-08-20T20:26:35.878+0000] {dag.py:3229} INFO - Sync 1 DAGs
[2025-08-20T20:26:35.898+0000] {logging_mixin.py:190} INFO - [2025-08-20T20:26:35.898+0000] {dag.py:4156} INFO - Setting next_dagrun for tutorial_taskflow_api to None, run_after=None
[2025-08-20T20:26:35.920+0000] {processor.py:208} INFO - Processing /home/airflow/.local/lib/python3.12/site-packages/airflow/example_dags/tutorial_taskflow_api.py took 0.100 seconds
