[2025-08-20T20:18:37.321+0000] {processor.py:186} INFO - Started process (PID=111) to work on /home/airflow/.local/lib/python3.12/site-packages/airflow/example_dags/tutorial_objectstorage.py
[2025-08-20T20:18:37.324+0000] {processor.py:914} INFO - Processing file /home/airflow/.local/lib/python3.12/site-packages/airflow/example_dags/tutorial_objectstorage.py for tasks to queue
[2025-08-20T20:18:37.352+0000] {logging_mixin.py:190} INFO - [2025-08-20T20:18:37.349+0000] {dagbag.py:587} INFO - Filling up the DagBag from /home/airflow/.local/lib/python3.12/site-packages/airflow/example_dags/tutorial_objectstorage.py
[2025-08-20T20:18:37.433+0000] {processor.py:925} INFO - DAG(s) 'tutorial_objectstorage' retrieved from /home/airflow/.local/lib/python3.12/site-packages/airflow/example_dags/tutorial_objectstorage.py
[2025-08-20T20:18:38.068+0000] {logging_mixin.py:190} INFO - [2025-08-20T20:18:38.055+0000] {override.py:1900} INFO - Created Permission View: can read on DAG:tutorial_objectstorage
[2025-08-20T20:18:38.084+0000] {logging_mixin.py:190} INFO - [2025-08-20T20:18:38.083+0000] {override.py:1900} INFO - Created Permission View: can delete on DAG:tutorial_objectstorage
[2025-08-20T20:18:38.090+0000] {logging_mixin.py:190} INFO - [2025-08-20T20:18:38.090+0000] {override.py:1900} INFO - Created Permission View: can edit on DAG:tutorial_objectstorage
[2025-08-20T20:18:38.096+0000] {logging_mixin.py:190} INFO - [2025-08-20T20:18:38.095+0000] {override.py:1900} INFO - Created Permission View: can read on DAG Run:tutorial_objectstorage
[2025-08-20T20:18:38.101+0000] {logging_mixin.py:190} INFO - [2025-08-20T20:18:38.101+0000] {override.py:1900} INFO - Created Permission View: menu access on DAG Run:tutorial_objectstorage
[2025-08-20T20:18:38.106+0000] {logging_mixin.py:190} INFO - [2025-08-20T20:18:38.106+0000] {override.py:1900} INFO - Created Permission View: can delete on DAG Run:tutorial_objectstorage
[2025-08-20T20:18:38.111+0000] {logging_mixin.py:190} INFO - [2025-08-20T20:18:38.111+0000] {override.py:1900} INFO - Created Permission View: can create on DAG Run:tutorial_objectstorage
[2025-08-20T20:18:38.111+0000] {logging_mixin.py:190} INFO - [2025-08-20T20:18:38.111+0000] {dag.py:3229} INFO - Sync 1 DAGs
[2025-08-20T20:18:38.139+0000] {logging_mixin.py:190} INFO - [2025-08-20T20:18:38.139+0000] {dag.py:3252} INFO - Creating ORM DAG for tutorial_objectstorage
[2025-08-20T20:18:38.140+0000] {logging_mixin.py:190} INFO - [2025-08-20T20:18:38.140+0000] {dag.py:4156} INFO - Setting next_dagrun for tutorial_objectstorage to None, run_after=None
[2025-08-20T20:18:38.239+0000] {processor.py:208} INFO - Processing /home/airflow/.local/lib/python3.12/site-packages/airflow/example_dags/tutorial_objectstorage.py took 0.961 seconds
[2025-08-20T20:19:08.564+0000] {processor.py:186} INFO - Started process (PID=173) to work on /home/airflow/.local/lib/python3.12/site-packages/airflow/example_dags/tutorial_objectstorage.py
[2025-08-20T20:19:08.582+0000] {processor.py:914} INFO - Processing file /home/airflow/.local/lib/python3.12/site-packages/airflow/example_dags/tutorial_objectstorage.py for tasks to queue
[2025-08-20T20:19:08.593+0000] {logging_mixin.py:190} INFO - [2025-08-20T20:19:08.593+0000] {dagbag.py:587} INFO - Filling up the DagBag from /home/airflow/.local/lib/python3.12/site-packages/airflow/example_dags/tutorial_objectstorage.py
[2025-08-20T20:19:08.653+0000] {processor.py:925} INFO - DAG(s) 'tutorial_objectstorage' retrieved from /home/airflow/.local/lib/python3.12/site-packages/airflow/example_dags/tutorial_objectstorage.py
[2025-08-20T20:19:08.690+0000] {logging_mixin.py:190} INFO - [2025-08-20T20:19:08.690+0000] {dag.py:3229} INFO - Sync 1 DAGs
[2025-08-20T20:19:08.715+0000] {logging_mixin.py:190} INFO - [2025-08-20T20:19:08.715+0000] {dag.py:4156} INFO - Setting next_dagrun for tutorial_objectstorage to None, run_after=None
[2025-08-20T20:19:08.740+0000] {processor.py:208} INFO - Processing /home/airflow/.local/lib/python3.12/site-packages/airflow/example_dags/tutorial_objectstorage.py took 0.247 seconds
[2025-08-20T20:19:38.998+0000] {processor.py:186} INFO - Started process (PID=235) to work on /home/airflow/.local/lib/python3.12/site-packages/airflow/example_dags/tutorial_objectstorage.py
[2025-08-20T20:19:39.015+0000] {processor.py:914} INFO - Processing file /home/airflow/.local/lib/python3.12/site-packages/airflow/example_dags/tutorial_objectstorage.py for tasks to queue
[2025-08-20T20:19:39.045+0000] {logging_mixin.py:190} INFO - [2025-08-20T20:19:39.044+0000] {dagbag.py:587} INFO - Filling up the DagBag from /home/airflow/.local/lib/python3.12/site-packages/airflow/example_dags/tutorial_objectstorage.py
[2025-08-20T20:19:39.360+0000] {processor.py:925} INFO - DAG(s) 'tutorial_objectstorage' retrieved from /home/airflow/.local/lib/python3.12/site-packages/airflow/example_dags/tutorial_objectstorage.py
[2025-08-20T20:19:39.604+0000] {logging_mixin.py:190} INFO - [2025-08-20T20:19:39.603+0000] {dag.py:3229} INFO - Sync 1 DAGs
[2025-08-20T20:19:39.656+0000] {logging_mixin.py:190} INFO - [2025-08-20T20:19:39.656+0000] {dag.py:4156} INFO - Setting next_dagrun for tutorial_objectstorage to None, run_after=None
[2025-08-20T20:19:39.738+0000] {processor.py:208} INFO - Processing /home/airflow/.local/lib/python3.12/site-packages/airflow/example_dags/tutorial_objectstorage.py took 0.796 seconds
[2025-08-20T20:20:10.235+0000] {processor.py:186} INFO - Started process (PID=297) to work on /home/airflow/.local/lib/python3.12/site-packages/airflow/example_dags/tutorial_objectstorage.py
[2025-08-20T20:20:10.241+0000] {processor.py:914} INFO - Processing file /home/airflow/.local/lib/python3.12/site-packages/airflow/example_dags/tutorial_objectstorage.py for tasks to queue
[2025-08-20T20:20:10.255+0000] {logging_mixin.py:190} INFO - [2025-08-20T20:20:10.254+0000] {dagbag.py:587} INFO - Filling up the DagBag from /home/airflow/.local/lib/python3.12/site-packages/airflow/example_dags/tutorial_objectstorage.py
[2025-08-20T20:20:10.327+0000] {processor.py:925} INFO - DAG(s) 'tutorial_objectstorage' retrieved from /home/airflow/.local/lib/python3.12/site-packages/airflow/example_dags/tutorial_objectstorage.py
[2025-08-20T20:20:10.416+0000] {logging_mixin.py:190} INFO - [2025-08-20T20:20:10.416+0000] {dag.py:3229} INFO - Sync 1 DAGs
[2025-08-20T20:20:10.444+0000] {logging_mixin.py:190} INFO - [2025-08-20T20:20:10.443+0000] {dag.py:4156} INFO - Setting next_dagrun for tutorial_objectstorage to None, run_after=None
[2025-08-20T20:20:10.475+0000] {processor.py:208} INFO - Processing /home/airflow/.local/lib/python3.12/site-packages/airflow/example_dags/tutorial_objectstorage.py took 0.279 seconds
[2025-08-20T20:20:42.490+0000] {processor.py:186} INFO - Started process (PID=359) to work on /home/airflow/.local/lib/python3.12/site-packages/airflow/example_dags/tutorial_objectstorage.py
[2025-08-20T20:20:42.493+0000] {processor.py:914} INFO - Processing file /home/airflow/.local/lib/python3.12/site-packages/airflow/example_dags/tutorial_objectstorage.py for tasks to queue
[2025-08-20T20:20:42.495+0000] {logging_mixin.py:190} INFO - [2025-08-20T20:20:42.495+0000] {dagbag.py:587} INFO - Filling up the DagBag from /home/airflow/.local/lib/python3.12/site-packages/airflow/example_dags/tutorial_objectstorage.py
[2025-08-20T20:20:42.513+0000] {processor.py:925} INFO - DAG(s) 'tutorial_objectstorage' retrieved from /home/airflow/.local/lib/python3.12/site-packages/airflow/example_dags/tutorial_objectstorage.py
[2025-08-20T20:20:42.529+0000] {logging_mixin.py:190} INFO - [2025-08-20T20:20:42.529+0000] {dag.py:3229} INFO - Sync 1 DAGs
[2025-08-20T20:20:42.551+0000] {logging_mixin.py:190} INFO - [2025-08-20T20:20:42.551+0000] {dag.py:4156} INFO - Setting next_dagrun for tutorial_objectstorage to None, run_after=None
[2025-08-20T20:20:42.569+0000] {processor.py:208} INFO - Processing /home/airflow/.local/lib/python3.12/site-packages/airflow/example_dags/tutorial_objectstorage.py took 0.085 seconds
[2025-08-20T20:21:17.331+0000] {processor.py:186} INFO - Started process (PID=421) to work on /home/airflow/.local/lib/python3.12/site-packages/airflow/example_dags/tutorial_objectstorage.py
[2025-08-20T20:21:17.335+0000] {processor.py:914} INFO - Processing file /home/airflow/.local/lib/python3.12/site-packages/airflow/example_dags/tutorial_objectstorage.py for tasks to queue
[2025-08-20T20:21:17.339+0000] {logging_mixin.py:190} INFO - [2025-08-20T20:21:17.338+0000] {dagbag.py:587} INFO - Filling up the DagBag from /home/airflow/.local/lib/python3.12/site-packages/airflow/example_dags/tutorial_objectstorage.py
[2025-08-20T20:21:17.383+0000] {processor.py:925} INFO - DAG(s) 'tutorial_objectstorage' retrieved from /home/airflow/.local/lib/python3.12/site-packages/airflow/example_dags/tutorial_objectstorage.py
[2025-08-20T20:21:17.408+0000] {logging_mixin.py:190} INFO - [2025-08-20T20:21:17.408+0000] {dag.py:3229} INFO - Sync 1 DAGs
[2025-08-20T20:21:17.420+0000] {logging_mixin.py:190} INFO - [2025-08-20T20:21:17.420+0000] {dag.py:4156} INFO - Setting next_dagrun for tutorial_objectstorage to None, run_after=None
[2025-08-20T20:21:17.434+0000] {processor.py:208} INFO - Processing /home/airflow/.local/lib/python3.12/site-packages/airflow/example_dags/tutorial_objectstorage.py took 0.122 seconds
[2025-08-20T20:21:50.640+0000] {processor.py:186} INFO - Started process (PID=483) to work on /home/airflow/.local/lib/python3.12/site-packages/airflow/example_dags/tutorial_objectstorage.py
[2025-08-20T20:21:50.641+0000] {processor.py:914} INFO - Processing file /home/airflow/.local/lib/python3.12/site-packages/airflow/example_dags/tutorial_objectstorage.py for tasks to queue
[2025-08-20T20:21:50.643+0000] {logging_mixin.py:190} INFO - [2025-08-20T20:21:50.643+0000] {dagbag.py:587} INFO - Filling up the DagBag from /home/airflow/.local/lib/python3.12/site-packages/airflow/example_dags/tutorial_objectstorage.py
[2025-08-20T20:21:50.662+0000] {processor.py:925} INFO - DAG(s) 'tutorial_objectstorage' retrieved from /home/airflow/.local/lib/python3.12/site-packages/airflow/example_dags/tutorial_objectstorage.py
[2025-08-20T20:21:50.699+0000] {logging_mixin.py:190} INFO - [2025-08-20T20:21:50.699+0000] {dag.py:3229} INFO - Sync 1 DAGs
[2025-08-20T20:21:50.718+0000] {logging_mixin.py:190} INFO - [2025-08-20T20:21:50.717+0000] {dag.py:4156} INFO - Setting next_dagrun for tutorial_objectstorage to None, run_after=None
[2025-08-20T20:21:50.735+0000] {processor.py:208} INFO - Processing /home/airflow/.local/lib/python3.12/site-packages/airflow/example_dags/tutorial_objectstorage.py took 0.101 seconds
[2025-08-20T20:22:22.656+0000] {processor.py:186} INFO - Started process (PID=545) to work on /home/airflow/.local/lib/python3.12/site-packages/airflow/example_dags/tutorial_objectstorage.py
[2025-08-20T20:22:22.658+0000] {processor.py:914} INFO - Processing file /home/airflow/.local/lib/python3.12/site-packages/airflow/example_dags/tutorial_objectstorage.py for tasks to queue
[2025-08-20T20:22:22.662+0000] {logging_mixin.py:190} INFO - [2025-08-20T20:22:22.661+0000] {dagbag.py:587} INFO - Filling up the DagBag from /home/airflow/.local/lib/python3.12/site-packages/airflow/example_dags/tutorial_objectstorage.py
[2025-08-20T20:22:22.683+0000] {processor.py:925} INFO - DAG(s) 'tutorial_objectstorage' retrieved from /home/airflow/.local/lib/python3.12/site-packages/airflow/example_dags/tutorial_objectstorage.py
[2025-08-20T20:22:22.722+0000] {logging_mixin.py:190} INFO - [2025-08-20T20:22:22.721+0000] {dag.py:3229} INFO - Sync 1 DAGs
[2025-08-20T20:22:22.757+0000] {logging_mixin.py:190} INFO - [2025-08-20T20:22:22.756+0000] {dag.py:4156} INFO - Setting next_dagrun for tutorial_objectstorage to None, run_after=None
[2025-08-20T20:22:22.794+0000] {processor.py:208} INFO - Processing /home/airflow/.local/lib/python3.12/site-packages/airflow/example_dags/tutorial_objectstorage.py took 0.150 seconds
[2025-08-20T20:22:54.326+0000] {processor.py:186} INFO - Started process (PID=607) to work on /home/airflow/.local/lib/python3.12/site-packages/airflow/example_dags/tutorial_objectstorage.py
[2025-08-20T20:22:54.329+0000] {processor.py:914} INFO - Processing file /home/airflow/.local/lib/python3.12/site-packages/airflow/example_dags/tutorial_objectstorage.py for tasks to queue
[2025-08-20T20:22:54.334+0000] {logging_mixin.py:190} INFO - [2025-08-20T20:22:54.333+0000] {dagbag.py:587} INFO - Filling up the DagBag from /home/airflow/.local/lib/python3.12/site-packages/airflow/example_dags/tutorial_objectstorage.py
[2025-08-20T20:22:54.381+0000] {processor.py:925} INFO - DAG(s) 'tutorial_objectstorage' retrieved from /home/airflow/.local/lib/python3.12/site-packages/airflow/example_dags/tutorial_objectstorage.py
[2025-08-20T20:22:54.408+0000] {logging_mixin.py:190} INFO - [2025-08-20T20:22:54.407+0000] {dag.py:3229} INFO - Sync 1 DAGs
[2025-08-20T20:22:54.419+0000] {logging_mixin.py:190} INFO - [2025-08-20T20:22:54.419+0000] {dag.py:4156} INFO - Setting next_dagrun for tutorial_objectstorage to None, run_after=None
[2025-08-20T20:22:54.432+0000] {processor.py:208} INFO - Processing /home/airflow/.local/lib/python3.12/site-packages/airflow/example_dags/tutorial_objectstorage.py took 0.111 seconds
[2025-08-20T20:23:29.622+0000] {processor.py:186} INFO - Started process (PID=674) to work on /home/airflow/.local/lib/python3.12/site-packages/airflow/example_dags/tutorial_objectstorage.py
[2025-08-20T20:23:29.628+0000] {processor.py:914} INFO - Processing file /home/airflow/.local/lib/python3.12/site-packages/airflow/example_dags/tutorial_objectstorage.py for tasks to queue
[2025-08-20T20:23:29.632+0000] {logging_mixin.py:190} INFO - [2025-08-20T20:23:29.632+0000] {dagbag.py:587} INFO - Filling up the DagBag from /home/airflow/.local/lib/python3.12/site-packages/airflow/example_dags/tutorial_objectstorage.py
[2025-08-20T20:23:29.647+0000] {processor.py:925} INFO - DAG(s) 'tutorial_objectstorage' retrieved from /home/airflow/.local/lib/python3.12/site-packages/airflow/example_dags/tutorial_objectstorage.py
[2025-08-20T20:23:29.667+0000] {logging_mixin.py:190} INFO - [2025-08-20T20:23:29.666+0000] {dag.py:3229} INFO - Sync 1 DAGs
[2025-08-20T20:23:29.678+0000] {logging_mixin.py:190} INFO - [2025-08-20T20:23:29.678+0000] {dag.py:4156} INFO - Setting next_dagrun for tutorial_objectstorage to None, run_after=None
[2025-08-20T20:23:29.690+0000] {processor.py:208} INFO - Processing /home/airflow/.local/lib/python3.12/site-packages/airflow/example_dags/tutorial_objectstorage.py took 0.074 seconds
[2025-08-20T20:24:00.144+0000] {processor.py:186} INFO - Started process (PID=736) to work on /home/airflow/.local/lib/python3.12/site-packages/airflow/example_dags/tutorial_objectstorage.py
[2025-08-20T20:24:00.145+0000] {processor.py:914} INFO - Processing file /home/airflow/.local/lib/python3.12/site-packages/airflow/example_dags/tutorial_objectstorage.py for tasks to queue
[2025-08-20T20:24:00.151+0000] {logging_mixin.py:190} INFO - [2025-08-20T20:24:00.150+0000] {dagbag.py:587} INFO - Filling up the DagBag from /home/airflow/.local/lib/python3.12/site-packages/airflow/example_dags/tutorial_objectstorage.py
[2025-08-20T20:24:00.176+0000] {processor.py:925} INFO - DAG(s) 'tutorial_objectstorage' retrieved from /home/airflow/.local/lib/python3.12/site-packages/airflow/example_dags/tutorial_objectstorage.py
[2025-08-20T20:24:00.198+0000] {logging_mixin.py:190} INFO - [2025-08-20T20:24:00.198+0000] {dag.py:3229} INFO - Sync 1 DAGs
[2025-08-20T20:24:00.218+0000] {logging_mixin.py:190} INFO - [2025-08-20T20:24:00.218+0000] {dag.py:4156} INFO - Setting next_dagrun for tutorial_objectstorage to None, run_after=None
[2025-08-20T20:24:00.245+0000] {processor.py:208} INFO - Processing /home/airflow/.local/lib/python3.12/site-packages/airflow/example_dags/tutorial_objectstorage.py took 0.106 seconds
[2025-08-20T20:24:30.429+0000] {processor.py:186} INFO - Started process (PID=798) to work on /home/airflow/.local/lib/python3.12/site-packages/airflow/example_dags/tutorial_objectstorage.py
[2025-08-20T20:24:30.431+0000] {processor.py:914} INFO - Processing file /home/airflow/.local/lib/python3.12/site-packages/airflow/example_dags/tutorial_objectstorage.py for tasks to queue
[2025-08-20T20:24:30.434+0000] {logging_mixin.py:190} INFO - [2025-08-20T20:24:30.434+0000] {dagbag.py:587} INFO - Filling up the DagBag from /home/airflow/.local/lib/python3.12/site-packages/airflow/example_dags/tutorial_objectstorage.py
[2025-08-20T20:24:30.452+0000] {processor.py:925} INFO - DAG(s) 'tutorial_objectstorage' retrieved from /home/airflow/.local/lib/python3.12/site-packages/airflow/example_dags/tutorial_objectstorage.py
[2025-08-20T20:24:30.473+0000] {logging_mixin.py:190} INFO - [2025-08-20T20:24:30.473+0000] {dag.py:3229} INFO - Sync 1 DAGs
[2025-08-20T20:24:30.484+0000] {logging_mixin.py:190} INFO - [2025-08-20T20:24:30.484+0000] {dag.py:4156} INFO - Setting next_dagrun for tutorial_objectstorage to None, run_after=None
[2025-08-20T20:24:30.502+0000] {processor.py:208} INFO - Processing /home/airflow/.local/lib/python3.12/site-packages/airflow/example_dags/tutorial_objectstorage.py took 0.079 seconds
[2025-08-20T20:25:02.501+0000] {processor.py:186} INFO - Started process (PID=859) to work on /home/airflow/.local/lib/python3.12/site-packages/airflow/example_dags/tutorial_objectstorage.py
[2025-08-20T20:25:02.504+0000] {processor.py:914} INFO - Processing file /home/airflow/.local/lib/python3.12/site-packages/airflow/example_dags/tutorial_objectstorage.py for tasks to queue
[2025-08-20T20:25:02.514+0000] {logging_mixin.py:190} INFO - [2025-08-20T20:25:02.513+0000] {dagbag.py:587} INFO - Filling up the DagBag from /home/airflow/.local/lib/python3.12/site-packages/airflow/example_dags/tutorial_objectstorage.py
[2025-08-20T20:25:02.540+0000] {processor.py:925} INFO - DAG(s) 'tutorial_objectstorage' retrieved from /home/airflow/.local/lib/python3.12/site-packages/airflow/example_dags/tutorial_objectstorage.py
[2025-08-20T20:25:02.587+0000] {logging_mixin.py:190} INFO - [2025-08-20T20:25:02.587+0000] {dag.py:3229} INFO - Sync 1 DAGs
[2025-08-20T20:25:02.626+0000] {logging_mixin.py:190} INFO - [2025-08-20T20:25:02.626+0000] {dag.py:4156} INFO - Setting next_dagrun for tutorial_objectstorage to None, run_after=None
[2025-08-20T20:25:02.666+0000] {processor.py:208} INFO - Processing /home/airflow/.local/lib/python3.12/site-packages/airflow/example_dags/tutorial_objectstorage.py took 0.181 seconds
[2025-08-20T20:25:33.591+0000] {processor.py:186} INFO - Started process (PID=922) to work on /home/airflow/.local/lib/python3.12/site-packages/airflow/example_dags/tutorial_objectstorage.py
[2025-08-20T20:25:33.592+0000] {processor.py:914} INFO - Processing file /home/airflow/.local/lib/python3.12/site-packages/airflow/example_dags/tutorial_objectstorage.py for tasks to queue
[2025-08-20T20:25:33.595+0000] {logging_mixin.py:190} INFO - [2025-08-20T20:25:33.595+0000] {dagbag.py:587} INFO - Filling up the DagBag from /home/airflow/.local/lib/python3.12/site-packages/airflow/example_dags/tutorial_objectstorage.py
[2025-08-20T20:25:33.601+0000] {processor.py:925} INFO - DAG(s) 'tutorial_objectstorage' retrieved from /home/airflow/.local/lib/python3.12/site-packages/airflow/example_dags/tutorial_objectstorage.py
[2025-08-20T20:25:33.634+0000] {logging_mixin.py:190} INFO - [2025-08-20T20:25:33.634+0000] {dag.py:3229} INFO - Sync 1 DAGs
[2025-08-20T20:25:33.650+0000] {logging_mixin.py:190} INFO - [2025-08-20T20:25:33.650+0000] {dag.py:4156} INFO - Setting next_dagrun for tutorial_objectstorage to None, run_after=None
[2025-08-20T20:25:33.666+0000] {processor.py:208} INFO - Processing /home/airflow/.local/lib/python3.12/site-packages/airflow/example_dags/tutorial_objectstorage.py took 0.083 seconds
[2025-08-20T20:26:04.698+0000] {processor.py:186} INFO - Started process (PID=989) to work on /home/airflow/.local/lib/python3.12/site-packages/airflow/example_dags/tutorial_objectstorage.py
[2025-08-20T20:26:04.699+0000] {processor.py:914} INFO - Processing file /home/airflow/.local/lib/python3.12/site-packages/airflow/example_dags/tutorial_objectstorage.py for tasks to queue
[2025-08-20T20:26:04.701+0000] {logging_mixin.py:190} INFO - [2025-08-20T20:26:04.701+0000] {dagbag.py:587} INFO - Filling up the DagBag from /home/airflow/.local/lib/python3.12/site-packages/airflow/example_dags/tutorial_objectstorage.py
[2025-08-20T20:26:04.712+0000] {processor.py:925} INFO - DAG(s) 'tutorial_objectstorage' retrieved from /home/airflow/.local/lib/python3.12/site-packages/airflow/example_dags/tutorial_objectstorage.py
[2025-08-20T20:26:04.738+0000] {logging_mixin.py:190} INFO - [2025-08-20T20:26:04.737+0000] {dag.py:3229} INFO - Sync 1 DAGs
[2025-08-20T20:26:04.758+0000] {logging_mixin.py:190} INFO - [2025-08-20T20:26:04.757+0000] {dag.py:4156} INFO - Setting next_dagrun for tutorial_objectstorage to None, run_after=None
[2025-08-20T20:26:04.775+0000] {processor.py:208} INFO - Processing /home/airflow/.local/lib/python3.12/site-packages/airflow/example_dags/tutorial_objectstorage.py took 0.084 seconds
[2025-08-20T20:26:36.131+0000] {processor.py:186} INFO - Started process (PID=1052) to work on /home/airflow/.local/lib/python3.12/site-packages/airflow/example_dags/tutorial_objectstorage.py
[2025-08-20T20:26:36.133+0000] {processor.py:914} INFO - Processing file /home/airflow/.local/lib/python3.12/site-packages/airflow/example_dags/tutorial_objectstorage.py for tasks to queue
[2025-08-20T20:26:36.139+0000] {logging_mixin.py:190} INFO - [2025-08-20T20:26:36.138+0000] {dagbag.py:587} INFO - Filling up the DagBag from /home/airflow/.local/lib/python3.12/site-packages/airflow/example_dags/tutorial_objectstorage.py
[2025-08-20T20:26:36.158+0000] {processor.py:925} INFO - DAG(s) 'tutorial_objectstorage' retrieved from /home/airflow/.local/lib/python3.12/site-packages/airflow/example_dags/tutorial_objectstorage.py
[2025-08-20T20:26:36.181+0000] {logging_mixin.py:190} INFO - [2025-08-20T20:26:36.181+0000] {dag.py:3229} INFO - Sync 1 DAGs
[2025-08-20T20:26:36.193+0000] {logging_mixin.py:190} INFO - [2025-08-20T20:26:36.192+0000] {dag.py:4156} INFO - Setting next_dagrun for tutorial_objectstorage to None, run_after=None
[2025-08-20T20:26:36.222+0000] {processor.py:208} INFO - Processing /home/airflow/.local/lib/python3.12/site-packages/airflow/example_dags/tutorial_objectstorage.py took 0.098 seconds
