[2025-08-20T20:18:21.966+0000] {processor.py:186} INFO - Started process (PID=84) to work on /home/airflow/.local/lib/python3.12/site-packages/airflow/example_dags/tutorial_dag.py
[2025-08-20T20:18:21.967+0000] {processor.py:914} INFO - Processing file /home/airflow/.local/lib/python3.12/site-packages/airflow/example_dags/tutorial_dag.py for tasks to queue
[2025-08-20T20:18:21.973+0000] {logging_mixin.py:190} INFO - [2025-08-20T20:18:21.972+0000] {dagbag.py:587} INFO - Filling up the DagBag from /home/airflow/.local/lib/python3.12/site-packages/airflow/example_dags/tutorial_dag.py
[2025-08-20T20:18:21.986+0000] {processor.py:925} INFO - DAG(s) 'tutorial_dag' retrieved from /home/airflow/.local/lib/python3.12/site-packages/airflow/example_dags/tutorial_dag.py
[2025-08-20T20:18:22.094+0000] {logging_mixin.py:190} INFO - [2025-08-20T20:18:22.093+0000] {override.py:1900} INFO - Created Permission View: can read on DAG:tutorial_dag
[2025-08-20T20:18:22.110+0000] {logging_mixin.py:190} INFO - [2025-08-20T20:18:22.109+0000] {override.py:1900} INFO - Created Permission View: can delete on DAG:tutorial_dag
[2025-08-20T20:18:22.124+0000] {logging_mixin.py:190} INFO - [2025-08-20T20:18:22.123+0000] {override.py:1900} INFO - Created Permission View: can edit on DAG:tutorial_dag
[2025-08-20T20:18:22.136+0000] {logging_mixin.py:190} INFO - [2025-08-20T20:18:22.136+0000] {override.py:1900} INFO - Created Permission View: can read on DAG Run:tutorial_dag
[2025-08-20T20:18:22.149+0000] {logging_mixin.py:190} INFO - [2025-08-20T20:18:22.149+0000] {override.py:1900} INFO - Created Permission View: menu access on DAG Run:tutorial_dag
[2025-08-20T20:18:22.164+0000] {logging_mixin.py:190} INFO - [2025-08-20T20:18:22.164+0000] {override.py:1900} INFO - Created Permission View: can delete on DAG Run:tutorial_dag
[2025-08-20T20:18:22.171+0000] {logging_mixin.py:190} INFO - [2025-08-20T20:18:22.170+0000] {override.py:1900} INFO - Created Permission View: can create on DAG Run:tutorial_dag
[2025-08-20T20:18:22.172+0000] {logging_mixin.py:190} INFO - [2025-08-20T20:18:22.172+0000] {dag.py:3229} INFO - Sync 1 DAGs
[2025-08-20T20:18:22.202+0000] {logging_mixin.py:190} INFO - [2025-08-20T20:18:22.202+0000] {dag.py:3252} INFO - Creating ORM DAG for tutorial_dag
[2025-08-20T20:18:22.202+0000] {logging_mixin.py:190} INFO - [2025-08-20T20:18:22.202+0000] {dag.py:4156} INFO - Setting next_dagrun for tutorial_dag to None, run_after=None
[2025-08-20T20:18:22.224+0000] {processor.py:208} INFO - Processing /home/airflow/.local/lib/python3.12/site-packages/airflow/example_dags/tutorial_dag.py took 0.264 seconds
[2025-08-20T20:18:54.008+0000] {processor.py:186} INFO - Started process (PID=146) to work on /home/airflow/.local/lib/python3.12/site-packages/airflow/example_dags/tutorial_dag.py
[2025-08-20T20:18:54.011+0000] {processor.py:914} INFO - Processing file /home/airflow/.local/lib/python3.12/site-packages/airflow/example_dags/tutorial_dag.py for tasks to queue
[2025-08-20T20:18:54.041+0000] {logging_mixin.py:190} INFO - [2025-08-20T20:18:54.038+0000] {dagbag.py:587} INFO - Filling up the DagBag from /home/airflow/.local/lib/python3.12/site-packages/airflow/example_dags/tutorial_dag.py
[2025-08-20T20:18:54.071+0000] {processor.py:925} INFO - DAG(s) 'tutorial_dag' retrieved from /home/airflow/.local/lib/python3.12/site-packages/airflow/example_dags/tutorial_dag.py
[2025-08-20T20:18:54.225+0000] {logging_mixin.py:190} INFO - [2025-08-20T20:18:54.225+0000] {dag.py:3229} INFO - Sync 1 DAGs
[2025-08-20T20:18:54.300+0000] {logging_mixin.py:190} INFO - [2025-08-20T20:18:54.299+0000] {dag.py:4156} INFO - Setting next_dagrun for tutorial_dag to None, run_after=None
[2025-08-20T20:18:54.366+0000] {processor.py:208} INFO - Processing /home/airflow/.local/lib/python3.12/site-packages/airflow/example_dags/tutorial_dag.py took 0.363 seconds
[2025-08-20T20:19:26.411+0000] {processor.py:186} INFO - Started process (PID=208) to work on /home/airflow/.local/lib/python3.12/site-packages/airflow/example_dags/tutorial_dag.py
[2025-08-20T20:19:26.416+0000] {processor.py:914} INFO - Processing file /home/airflow/.local/lib/python3.12/site-packages/airflow/example_dags/tutorial_dag.py for tasks to queue
[2025-08-20T20:19:26.438+0000] {logging_mixin.py:190} INFO - [2025-08-20T20:19:26.434+0000] {dagbag.py:587} INFO - Filling up the DagBag from /home/airflow/.local/lib/python3.12/site-packages/airflow/example_dags/tutorial_dag.py
[2025-08-20T20:19:26.516+0000] {processor.py:925} INFO - DAG(s) 'tutorial_dag' retrieved from /home/airflow/.local/lib/python3.12/site-packages/airflow/example_dags/tutorial_dag.py
[2025-08-20T20:19:26.649+0000] {logging_mixin.py:190} INFO - [2025-08-20T20:19:26.648+0000] {dag.py:3229} INFO - Sync 1 DAGs
[2025-08-20T20:19:26.696+0000] {logging_mixin.py:190} INFO - [2025-08-20T20:19:26.696+0000] {dag.py:4156} INFO - Setting next_dagrun for tutorial_dag to None, run_after=None
[2025-08-20T20:19:26.731+0000] {processor.py:208} INFO - Processing /home/airflow/.local/lib/python3.12/site-packages/airflow/example_dags/tutorial_dag.py took 0.370 seconds
[2025-08-20T20:19:59.264+0000] {processor.py:186} INFO - Started process (PID=270) to work on /home/airflow/.local/lib/python3.12/site-packages/airflow/example_dags/tutorial_dag.py
[2025-08-20T20:19:59.268+0000] {processor.py:914} INFO - Processing file /home/airflow/.local/lib/python3.12/site-packages/airflow/example_dags/tutorial_dag.py for tasks to queue
[2025-08-20T20:19:59.272+0000] {logging_mixin.py:190} INFO - [2025-08-20T20:19:59.271+0000] {dagbag.py:587} INFO - Filling up the DagBag from /home/airflow/.local/lib/python3.12/site-packages/airflow/example_dags/tutorial_dag.py
[2025-08-20T20:19:59.288+0000] {processor.py:925} INFO - DAG(s) 'tutorial_dag' retrieved from /home/airflow/.local/lib/python3.12/site-packages/airflow/example_dags/tutorial_dag.py
[2025-08-20T20:19:59.323+0000] {logging_mixin.py:190} INFO - [2025-08-20T20:19:59.322+0000] {dag.py:3229} INFO - Sync 1 DAGs
[2025-08-20T20:19:59.338+0000] {logging_mixin.py:190} INFO - [2025-08-20T20:19:59.338+0000] {dag.py:4156} INFO - Setting next_dagrun for tutorial_dag to None, run_after=None
[2025-08-20T20:19:59.348+0000] {processor.py:208} INFO - Processing /home/airflow/.local/lib/python3.12/site-packages/airflow/example_dags/tutorial_dag.py took 0.106 seconds
[2025-08-20T20:20:35.137+0000] {processor.py:186} INFO - Started process (PID=338) to work on /home/airflow/.local/lib/python3.12/site-packages/airflow/example_dags/tutorial_dag.py
[2025-08-20T20:20:35.151+0000] {processor.py:914} INFO - Processing file /home/airflow/.local/lib/python3.12/site-packages/airflow/example_dags/tutorial_dag.py for tasks to queue
[2025-08-20T20:20:35.209+0000] {logging_mixin.py:190} INFO - [2025-08-20T20:20:35.201+0000] {dagbag.py:587} INFO - Filling up the DagBag from /home/airflow/.local/lib/python3.12/site-packages/airflow/example_dags/tutorial_dag.py
[2025-08-20T20:20:35.472+0000] {processor.py:925} INFO - DAG(s) 'tutorial_dag' retrieved from /home/airflow/.local/lib/python3.12/site-packages/airflow/example_dags/tutorial_dag.py
[2025-08-20T20:20:36.190+0000] {logging_mixin.py:190} INFO - [2025-08-20T20:20:36.181+0000] {dag.py:3229} INFO - Sync 1 DAGs
[2025-08-20T20:20:36.576+0000] {logging_mixin.py:190} INFO - [2025-08-20T20:20:36.575+0000] {dag.py:4156} INFO - Setting next_dagrun for tutorial_dag to None, run_after=None
[2025-08-20T20:20:36.778+0000] {processor.py:208} INFO - Processing /home/airflow/.local/lib/python3.12/site-packages/airflow/example_dags/tutorial_dag.py took 1.740 seconds
[2025-08-20T20:21:08.044+0000] {processor.py:186} INFO - Started process (PID=400) to work on /home/airflow/.local/lib/python3.12/site-packages/airflow/example_dags/tutorial_dag.py
[2025-08-20T20:21:08.056+0000] {processor.py:914} INFO - Processing file /home/airflow/.local/lib/python3.12/site-packages/airflow/example_dags/tutorial_dag.py for tasks to queue
[2025-08-20T20:21:08.073+0000] {logging_mixin.py:190} INFO - [2025-08-20T20:21:08.073+0000] {dagbag.py:587} INFO - Filling up the DagBag from /home/airflow/.local/lib/python3.12/site-packages/airflow/example_dags/tutorial_dag.py
[2025-08-20T20:21:08.155+0000] {processor.py:925} INFO - DAG(s) 'tutorial_dag' retrieved from /home/airflow/.local/lib/python3.12/site-packages/airflow/example_dags/tutorial_dag.py
[2025-08-20T20:21:08.248+0000] {logging_mixin.py:190} INFO - [2025-08-20T20:21:08.247+0000] {dag.py:3229} INFO - Sync 1 DAGs
[2025-08-20T20:21:08.310+0000] {logging_mixin.py:190} INFO - [2025-08-20T20:21:08.309+0000] {dag.py:4156} INFO - Setting next_dagrun for tutorial_dag to None, run_after=None
[2025-08-20T20:21:08.360+0000] {processor.py:208} INFO - Processing /home/airflow/.local/lib/python3.12/site-packages/airflow/example_dags/tutorial_dag.py took 0.413 seconds
[2025-08-20T20:21:39.317+0000] {processor.py:186} INFO - Started process (PID=462) to work on /home/airflow/.local/lib/python3.12/site-packages/airflow/example_dags/tutorial_dag.py
[2025-08-20T20:21:39.326+0000] {processor.py:914} INFO - Processing file /home/airflow/.local/lib/python3.12/site-packages/airflow/example_dags/tutorial_dag.py for tasks to queue
[2025-08-20T20:21:39.336+0000] {logging_mixin.py:190} INFO - [2025-08-20T20:21:39.334+0000] {dagbag.py:587} INFO - Filling up the DagBag from /home/airflow/.local/lib/python3.12/site-packages/airflow/example_dags/tutorial_dag.py
[2025-08-20T20:21:39.375+0000] {processor.py:925} INFO - DAG(s) 'tutorial_dag' retrieved from /home/airflow/.local/lib/python3.12/site-packages/airflow/example_dags/tutorial_dag.py
[2025-08-20T20:21:39.442+0000] {logging_mixin.py:190} INFO - [2025-08-20T20:21:39.442+0000] {dag.py:3229} INFO - Sync 1 DAGs
[2025-08-20T20:21:39.481+0000] {logging_mixin.py:190} INFO - [2025-08-20T20:21:39.481+0000] {dag.py:4156} INFO - Setting next_dagrun for tutorial_dag to None, run_after=None
[2025-08-20T20:21:39.518+0000] {processor.py:208} INFO - Processing /home/airflow/.local/lib/python3.12/site-packages/airflow/example_dags/tutorial_dag.py took 0.228 seconds
[2025-08-20T20:22:12.414+0000] {processor.py:186} INFO - Started process (PID=524) to work on /home/airflow/.local/lib/python3.12/site-packages/airflow/example_dags/tutorial_dag.py
[2025-08-20T20:22:12.419+0000] {processor.py:914} INFO - Processing file /home/airflow/.local/lib/python3.12/site-packages/airflow/example_dags/tutorial_dag.py for tasks to queue
[2025-08-20T20:22:12.428+0000] {logging_mixin.py:190} INFO - [2025-08-20T20:22:12.427+0000] {dagbag.py:587} INFO - Filling up the DagBag from /home/airflow/.local/lib/python3.12/site-packages/airflow/example_dags/tutorial_dag.py
[2025-08-20T20:22:12.458+0000] {processor.py:925} INFO - DAG(s) 'tutorial_dag' retrieved from /home/airflow/.local/lib/python3.12/site-packages/airflow/example_dags/tutorial_dag.py
[2025-08-20T20:22:12.506+0000] {logging_mixin.py:190} INFO - [2025-08-20T20:22:12.506+0000] {dag.py:3229} INFO - Sync 1 DAGs
[2025-08-20T20:22:12.527+0000] {logging_mixin.py:190} INFO - [2025-08-20T20:22:12.527+0000] {dag.py:4156} INFO - Setting next_dagrun for tutorial_dag to None, run_after=None
[2025-08-20T20:22:12.543+0000] {processor.py:208} INFO - Processing /home/airflow/.local/lib/python3.12/site-packages/airflow/example_dags/tutorial_dag.py took 0.154 seconds
[2025-08-20T20:22:46.599+0000] {processor.py:186} INFO - Started process (PID=586) to work on /home/airflow/.local/lib/python3.12/site-packages/airflow/example_dags/tutorial_dag.py
[2025-08-20T20:22:46.601+0000] {processor.py:914} INFO - Processing file /home/airflow/.local/lib/python3.12/site-packages/airflow/example_dags/tutorial_dag.py for tasks to queue
[2025-08-20T20:22:46.609+0000] {logging_mixin.py:190} INFO - [2025-08-20T20:22:46.608+0000] {dagbag.py:587} INFO - Filling up the DagBag from /home/airflow/.local/lib/python3.12/site-packages/airflow/example_dags/tutorial_dag.py
[2025-08-20T20:22:46.624+0000] {processor.py:925} INFO - DAG(s) 'tutorial_dag' retrieved from /home/airflow/.local/lib/python3.12/site-packages/airflow/example_dags/tutorial_dag.py
[2025-08-20T20:22:46.649+0000] {logging_mixin.py:190} INFO - [2025-08-20T20:22:46.649+0000] {dag.py:3229} INFO - Sync 1 DAGs
[2025-08-20T20:22:46.663+0000] {logging_mixin.py:190} INFO - [2025-08-20T20:22:46.663+0000] {dag.py:4156} INFO - Setting next_dagrun for tutorial_dag to None, run_after=None
[2025-08-20T20:22:46.676+0000] {processor.py:208} INFO - Processing /home/airflow/.local/lib/python3.12/site-packages/airflow/example_dags/tutorial_dag.py took 0.098 seconds
[2025-08-20T20:23:18.978+0000] {processor.py:186} INFO - Started process (PID=648) to work on /home/airflow/.local/lib/python3.12/site-packages/airflow/example_dags/tutorial_dag.py
[2025-08-20T20:23:18.982+0000] {processor.py:914} INFO - Processing file /home/airflow/.local/lib/python3.12/site-packages/airflow/example_dags/tutorial_dag.py for tasks to queue
[2025-08-20T20:23:18.988+0000] {logging_mixin.py:190} INFO - [2025-08-20T20:23:18.987+0000] {dagbag.py:587} INFO - Filling up the DagBag from /home/airflow/.local/lib/python3.12/site-packages/airflow/example_dags/tutorial_dag.py
[2025-08-20T20:23:19.031+0000] {processor.py:925} INFO - DAG(s) 'tutorial_dag' retrieved from /home/airflow/.local/lib/python3.12/site-packages/airflow/example_dags/tutorial_dag.py
[2025-08-20T20:23:19.090+0000] {logging_mixin.py:190} INFO - [2025-08-20T20:23:19.090+0000] {dag.py:3229} INFO - Sync 1 DAGs
[2025-08-20T20:23:19.128+0000] {logging_mixin.py:190} INFO - [2025-08-20T20:23:19.127+0000] {dag.py:4156} INFO - Setting next_dagrun for tutorial_dag to None, run_after=None
[2025-08-20T20:23:19.145+0000] {processor.py:208} INFO - Processing /home/airflow/.local/lib/python3.12/site-packages/airflow/example_dags/tutorial_dag.py took 0.186 seconds
[2025-08-20T20:23:50.836+0000] {processor.py:186} INFO - Started process (PID=710) to work on /home/airflow/.local/lib/python3.12/site-packages/airflow/example_dags/tutorial_dag.py
[2025-08-20T20:23:50.838+0000] {processor.py:914} INFO - Processing file /home/airflow/.local/lib/python3.12/site-packages/airflow/example_dags/tutorial_dag.py for tasks to queue
[2025-08-20T20:23:50.842+0000] {logging_mixin.py:190} INFO - [2025-08-20T20:23:50.841+0000] {dagbag.py:587} INFO - Filling up the DagBag from /home/airflow/.local/lib/python3.12/site-packages/airflow/example_dags/tutorial_dag.py
[2025-08-20T20:23:50.868+0000] {processor.py:925} INFO - DAG(s) 'tutorial_dag' retrieved from /home/airflow/.local/lib/python3.12/site-packages/airflow/example_dags/tutorial_dag.py
[2025-08-20T20:23:50.964+0000] {logging_mixin.py:190} INFO - [2025-08-20T20:23:50.963+0000] {dag.py:3229} INFO - Sync 1 DAGs
[2025-08-20T20:23:50.992+0000] {logging_mixin.py:190} INFO - [2025-08-20T20:23:50.992+0000] {dag.py:4156} INFO - Setting next_dagrun for tutorial_dag to None, run_after=None
[2025-08-20T20:23:51.011+0000] {processor.py:208} INFO - Processing /home/airflow/.local/lib/python3.12/site-packages/airflow/example_dags/tutorial_dag.py took 0.233 seconds
[2025-08-20T20:24:23.172+0000] {processor.py:186} INFO - Started process (PID=772) to work on /home/airflow/.local/lib/python3.12/site-packages/airflow/example_dags/tutorial_dag.py
[2025-08-20T20:24:23.173+0000] {processor.py:914} INFO - Processing file /home/airflow/.local/lib/python3.12/site-packages/airflow/example_dags/tutorial_dag.py for tasks to queue
[2025-08-20T20:24:23.175+0000] {logging_mixin.py:190} INFO - [2025-08-20T20:24:23.175+0000] {dagbag.py:587} INFO - Filling up the DagBag from /home/airflow/.local/lib/python3.12/site-packages/airflow/example_dags/tutorial_dag.py
[2025-08-20T20:24:23.181+0000] {processor.py:925} INFO - DAG(s) 'tutorial_dag' retrieved from /home/airflow/.local/lib/python3.12/site-packages/airflow/example_dags/tutorial_dag.py
[2025-08-20T20:24:23.198+0000] {logging_mixin.py:190} INFO - [2025-08-20T20:24:23.198+0000] {dag.py:3229} INFO - Sync 1 DAGs
[2025-08-20T20:24:23.209+0000] {logging_mixin.py:190} INFO - [2025-08-20T20:24:23.209+0000] {dag.py:4156} INFO - Setting next_dagrun for tutorial_dag to None, run_after=None
[2025-08-20T20:24:23.219+0000] {processor.py:208} INFO - Processing /home/airflow/.local/lib/python3.12/site-packages/airflow/example_dags/tutorial_dag.py took 0.052 seconds
[2025-08-20T20:24:53.946+0000] {processor.py:186} INFO - Started process (PID=833) to work on /home/airflow/.local/lib/python3.12/site-packages/airflow/example_dags/tutorial_dag.py
[2025-08-20T20:24:53.947+0000] {processor.py:914} INFO - Processing file /home/airflow/.local/lib/python3.12/site-packages/airflow/example_dags/tutorial_dag.py for tasks to queue
[2025-08-20T20:24:53.948+0000] {logging_mixin.py:190} INFO - [2025-08-20T20:24:53.948+0000] {dagbag.py:587} INFO - Filling up the DagBag from /home/airflow/.local/lib/python3.12/site-packages/airflow/example_dags/tutorial_dag.py
[2025-08-20T20:24:53.953+0000] {processor.py:925} INFO - DAG(s) 'tutorial_dag' retrieved from /home/airflow/.local/lib/python3.12/site-packages/airflow/example_dags/tutorial_dag.py
[2025-08-20T20:24:53.968+0000] {logging_mixin.py:190} INFO - [2025-08-20T20:24:53.968+0000] {dag.py:3229} INFO - Sync 1 DAGs
[2025-08-20T20:24:53.982+0000] {logging_mixin.py:190} INFO - [2025-08-20T20:24:53.981+0000] {dag.py:4156} INFO - Setting next_dagrun for tutorial_dag to None, run_after=None
[2025-08-20T20:24:54.003+0000] {processor.py:208} INFO - Processing /home/airflow/.local/lib/python3.12/site-packages/airflow/example_dags/tutorial_dag.py took 0.060 seconds
[2025-08-20T20:25:24.588+0000] {processor.py:186} INFO - Started process (PID=895) to work on /home/airflow/.local/lib/python3.12/site-packages/airflow/example_dags/tutorial_dag.py
[2025-08-20T20:25:24.589+0000] {processor.py:914} INFO - Processing file /home/airflow/.local/lib/python3.12/site-packages/airflow/example_dags/tutorial_dag.py for tasks to queue
[2025-08-20T20:25:24.590+0000] {logging_mixin.py:190} INFO - [2025-08-20T20:25:24.590+0000] {dagbag.py:587} INFO - Filling up the DagBag from /home/airflow/.local/lib/python3.12/site-packages/airflow/example_dags/tutorial_dag.py
[2025-08-20T20:25:24.597+0000] {processor.py:925} INFO - DAG(s) 'tutorial_dag' retrieved from /home/airflow/.local/lib/python3.12/site-packages/airflow/example_dags/tutorial_dag.py
[2025-08-20T20:25:24.613+0000] {logging_mixin.py:190} INFO - [2025-08-20T20:25:24.613+0000] {dag.py:3229} INFO - Sync 1 DAGs
[2025-08-20T20:25:24.625+0000] {logging_mixin.py:190} INFO - [2025-08-20T20:25:24.625+0000] {dag.py:4156} INFO - Setting next_dagrun for tutorial_dag to None, run_after=None
[2025-08-20T20:25:24.644+0000] {processor.py:208} INFO - Processing /home/airflow/.local/lib/python3.12/site-packages/airflow/example_dags/tutorial_dag.py took 0.062 seconds
[2025-08-20T20:25:55.145+0000] {processor.py:186} INFO - Started process (PID=957) to work on /home/airflow/.local/lib/python3.12/site-packages/airflow/example_dags/tutorial_dag.py
[2025-08-20T20:25:55.146+0000] {processor.py:914} INFO - Processing file /home/airflow/.local/lib/python3.12/site-packages/airflow/example_dags/tutorial_dag.py for tasks to queue
[2025-08-20T20:25:55.148+0000] {logging_mixin.py:190} INFO - [2025-08-20T20:25:55.148+0000] {dagbag.py:587} INFO - Filling up the DagBag from /home/airflow/.local/lib/python3.12/site-packages/airflow/example_dags/tutorial_dag.py
[2025-08-20T20:25:55.153+0000] {processor.py:925} INFO - DAG(s) 'tutorial_dag' retrieved from /home/airflow/.local/lib/python3.12/site-packages/airflow/example_dags/tutorial_dag.py
[2025-08-20T20:25:55.171+0000] {logging_mixin.py:190} INFO - [2025-08-20T20:25:55.170+0000] {dag.py:3229} INFO - Sync 1 DAGs
[2025-08-20T20:25:55.179+0000] {logging_mixin.py:190} INFO - [2025-08-20T20:25:55.178+0000] {dag.py:4156} INFO - Setting next_dagrun for tutorial_dag to None, run_after=None
[2025-08-20T20:25:55.187+0000] {processor.py:208} INFO - Processing /home/airflow/.local/lib/python3.12/site-packages/airflow/example_dags/tutorial_dag.py took 0.048 seconds
[2025-08-20T20:26:25.867+0000] {processor.py:186} INFO - Started process (PID=1019) to work on /home/airflow/.local/lib/python3.12/site-packages/airflow/example_dags/tutorial_dag.py
[2025-08-20T20:26:25.868+0000] {processor.py:914} INFO - Processing file /home/airflow/.local/lib/python3.12/site-packages/airflow/example_dags/tutorial_dag.py for tasks to queue
[2025-08-20T20:26:25.870+0000] {logging_mixin.py:190} INFO - [2025-08-20T20:26:25.869+0000] {dagbag.py:587} INFO - Filling up the DagBag from /home/airflow/.local/lib/python3.12/site-packages/airflow/example_dags/tutorial_dag.py
[2025-08-20T20:26:25.874+0000] {processor.py:925} INFO - DAG(s) 'tutorial_dag' retrieved from /home/airflow/.local/lib/python3.12/site-packages/airflow/example_dags/tutorial_dag.py
[2025-08-20T20:26:25.887+0000] {logging_mixin.py:190} INFO - [2025-08-20T20:26:25.887+0000] {dag.py:3229} INFO - Sync 1 DAGs
[2025-08-20T20:26:25.895+0000] {logging_mixin.py:190} INFO - [2025-08-20T20:26:25.895+0000] {dag.py:4156} INFO - Setting next_dagrun for tutorial_dag to None, run_after=None
[2025-08-20T20:26:25.910+0000] {processor.py:208} INFO - Processing /home/airflow/.local/lib/python3.12/site-packages/airflow/example_dags/tutorial_dag.py took 0.047 seconds
[2025-08-20T20:26:57.001+0000] {processor.py:186} INFO - Started process (PID=1081) to work on /home/airflow/.local/lib/python3.12/site-packages/airflow/example_dags/tutorial_dag.py
[2025-08-20T20:26:57.002+0000] {processor.py:914} INFO - Processing file /home/airflow/.local/lib/python3.12/site-packages/airflow/example_dags/tutorial_dag.py for tasks to queue
[2025-08-20T20:26:57.004+0000] {logging_mixin.py:190} INFO - [2025-08-20T20:26:57.004+0000] {dagbag.py:587} INFO - Filling up the DagBag from /home/airflow/.local/lib/python3.12/site-packages/airflow/example_dags/tutorial_dag.py
[2025-08-20T20:26:57.009+0000] {processor.py:925} INFO - DAG(s) 'tutorial_dag' retrieved from /home/airflow/.local/lib/python3.12/site-packages/airflow/example_dags/tutorial_dag.py
[2025-08-20T20:26:57.024+0000] {logging_mixin.py:190} INFO - [2025-08-20T20:26:57.024+0000] {dag.py:3229} INFO - Sync 1 DAGs
[2025-08-20T20:26:57.033+0000] {logging_mixin.py:190} INFO - [2025-08-20T20:26:57.033+0000] {dag.py:4156} INFO - Setting next_dagrun for tutorial_dag to None, run_after=None
[2025-08-20T20:26:57.045+0000] {processor.py:208} INFO - Processing /home/airflow/.local/lib/python3.12/site-packages/airflow/example_dags/tutorial_dag.py took 0.048 seconds
