[2025-08-20T20:18:19.367+0000] {processor.py:186} INFO - Started process (PID=80) to work on /home/airflow/.local/lib/python3.12/site-packages/airflow/example_dags/tutorial.py
[2025-08-20T20:18:19.368+0000] {processor.py:914} INFO - Processing file /home/airflow/.local/lib/python3.12/site-packages/airflow/example_dags/tutorial.py for tasks to queue
[2025-08-20T20:18:19.369+0000] {logging_mixin.py:190} INFO - [2025-08-20T20:18:19.369+0000] {dagbag.py:587} INFO - Filling up the DagBag from /home/airflow/.local/lib/python3.12/site-packages/airflow/example_dags/tutorial.py
[2025-08-20T20:18:19.381+0000] {processor.py:925} INFO - DAG(s) 'tutorial' retrieved from /home/airflow/.local/lib/python3.12/site-packages/airflow/example_dags/tutorial.py
[2025-08-20T20:18:19.667+0000] {logging_mixin.py:190} INFO - [2025-08-20T20:18:19.662+0000] {override.py:1900} INFO - Created Permission View: can read on DAG:tutorial
[2025-08-20T20:18:19.678+0000] {logging_mixin.py:190} INFO - [2025-08-20T20:18:19.678+0000] {override.py:1900} INFO - Created Permission View: can delete on DAG:tutorial
[2025-08-20T20:18:19.681+0000] {logging_mixin.py:190} INFO - [2025-08-20T20:18:19.681+0000] {override.py:1900} INFO - Created Permission View: can edit on DAG:tutorial
[2025-08-20T20:18:19.688+0000] {logging_mixin.py:190} INFO - [2025-08-20T20:18:19.687+0000] {override.py:1900} INFO - Created Permission View: can read on DAG Run:tutorial
[2025-08-20T20:18:19.697+0000] {logging_mixin.py:190} INFO - [2025-08-20T20:18:19.697+0000] {override.py:1900} INFO - Created Permission View: menu access on DAG Run:tutorial
[2025-08-20T20:18:19.703+0000] {logging_mixin.py:190} INFO - [2025-08-20T20:18:19.703+0000] {override.py:1900} INFO - Created Permission View: can delete on DAG Run:tutorial
[2025-08-20T20:18:19.713+0000] {logging_mixin.py:190} INFO - [2025-08-20T20:18:19.713+0000] {override.py:1900} INFO - Created Permission View: can create on DAG Run:tutorial
[2025-08-20T20:18:19.714+0000] {logging_mixin.py:190} INFO - [2025-08-20T20:18:19.714+0000] {dag.py:3229} INFO - Sync 1 DAGs
[2025-08-20T20:18:19.773+0000] {logging_mixin.py:190} INFO - [2025-08-20T20:18:19.772+0000] {dag.py:3252} INFO - Creating ORM DAG for tutorial
[2025-08-20T20:18:19.841+0000] {logging_mixin.py:190} INFO - [2025-08-20T20:18:19.840+0000] {dag.py:4156} INFO - Setting next_dagrun for tutorial to 2025-08-19 00:00:00+00:00, run_after=2025-08-20 00:00:00+00:00
[2025-08-20T20:18:19.901+0000] {processor.py:208} INFO - Processing /home/airflow/.local/lib/python3.12/site-packages/airflow/example_dags/tutorial.py took 0.540 seconds
[2025-08-20T20:18:50.011+0000] {processor.py:186} INFO - Started process (PID=141) to work on /home/airflow/.local/lib/python3.12/site-packages/airflow/example_dags/tutorial.py
[2025-08-20T20:18:50.013+0000] {processor.py:914} INFO - Processing file /home/airflow/.local/lib/python3.12/site-packages/airflow/example_dags/tutorial.py for tasks to queue
[2025-08-20T20:18:50.017+0000] {logging_mixin.py:190} INFO - [2025-08-20T20:18:50.016+0000] {dagbag.py:587} INFO - Filling up the DagBag from /home/airflow/.local/lib/python3.12/site-packages/airflow/example_dags/tutorial.py
[2025-08-20T20:18:50.028+0000] {processor.py:925} INFO - DAG(s) 'tutorial' retrieved from /home/airflow/.local/lib/python3.12/site-packages/airflow/example_dags/tutorial.py
[2025-08-20T20:18:50.047+0000] {logging_mixin.py:190} INFO - [2025-08-20T20:18:50.047+0000] {dag.py:3229} INFO - Sync 1 DAGs
[2025-08-20T20:18:50.099+0000] {logging_mixin.py:190} INFO - [2025-08-20T20:18:50.099+0000] {dag.py:4156} INFO - Setting next_dagrun for tutorial to 2025-08-19 00:00:00+00:00, run_after=2025-08-20 00:00:00+00:00
[2025-08-20T20:18:50.112+0000] {processor.py:208} INFO - Processing /home/airflow/.local/lib/python3.12/site-packages/airflow/example_dags/tutorial.py took 0.106 seconds
[2025-08-20T20:19:20.600+0000] {processor.py:186} INFO - Started process (PID=203) to work on /home/airflow/.local/lib/python3.12/site-packages/airflow/example_dags/tutorial.py
[2025-08-20T20:19:20.601+0000] {processor.py:914} INFO - Processing file /home/airflow/.local/lib/python3.12/site-packages/airflow/example_dags/tutorial.py for tasks to queue
[2025-08-20T20:19:20.603+0000] {logging_mixin.py:190} INFO - [2025-08-20T20:19:20.603+0000] {dagbag.py:587} INFO - Filling up the DagBag from /home/airflow/.local/lib/python3.12/site-packages/airflow/example_dags/tutorial.py
[2025-08-20T20:19:20.609+0000] {processor.py:925} INFO - DAG(s) 'tutorial' retrieved from /home/airflow/.local/lib/python3.12/site-packages/airflow/example_dags/tutorial.py
[2025-08-20T20:19:20.633+0000] {logging_mixin.py:190} INFO - [2025-08-20T20:19:20.632+0000] {dag.py:3229} INFO - Sync 1 DAGs
[2025-08-20T20:19:20.655+0000] {logging_mixin.py:190} INFO - [2025-08-20T20:19:20.655+0000] {dag.py:4156} INFO - Setting next_dagrun for tutorial to 2025-08-19 00:00:00+00:00, run_after=2025-08-20 00:00:00+00:00
[2025-08-20T20:19:20.665+0000] {processor.py:208} INFO - Processing /home/airflow/.local/lib/python3.12/site-packages/airflow/example_dags/tutorial.py took 0.072 seconds
[2025-08-20T20:19:52.181+0000] {processor.py:186} INFO - Started process (PID=265) to work on /home/airflow/.local/lib/python3.12/site-packages/airflow/example_dags/tutorial.py
[2025-08-20T20:19:52.182+0000] {processor.py:914} INFO - Processing file /home/airflow/.local/lib/python3.12/site-packages/airflow/example_dags/tutorial.py for tasks to queue
[2025-08-20T20:19:52.186+0000] {logging_mixin.py:190} INFO - [2025-08-20T20:19:52.185+0000] {dagbag.py:587} INFO - Filling up the DagBag from /home/airflow/.local/lib/python3.12/site-packages/airflow/example_dags/tutorial.py
[2025-08-20T20:19:52.202+0000] {processor.py:925} INFO - DAG(s) 'tutorial' retrieved from /home/airflow/.local/lib/python3.12/site-packages/airflow/example_dags/tutorial.py
[2025-08-20T20:19:52.314+0000] {logging_mixin.py:190} INFO - [2025-08-20T20:19:52.313+0000] {dag.py:3229} INFO - Sync 1 DAGs
[2025-08-20T20:19:52.340+0000] {logging_mixin.py:190} INFO - [2025-08-20T20:19:52.340+0000] {dag.py:4156} INFO - Setting next_dagrun for tutorial to 2025-08-19 00:00:00+00:00, run_after=2025-08-20 00:00:00+00:00
[2025-08-20T20:19:52.357+0000] {processor.py:208} INFO - Processing /home/airflow/.local/lib/python3.12/site-packages/airflow/example_dags/tutorial.py took 0.183 seconds
[2025-08-20T20:20:23.815+0000] {processor.py:186} INFO - Started process (PID=320) to work on /home/airflow/.local/lib/python3.12/site-packages/airflow/example_dags/tutorial.py
[2025-08-20T20:20:23.819+0000] {processor.py:914} INFO - Processing file /home/airflow/.local/lib/python3.12/site-packages/airflow/example_dags/tutorial.py for tasks to queue
[2025-08-20T20:20:23.829+0000] {logging_mixin.py:190} INFO - [2025-08-20T20:20:23.828+0000] {dagbag.py:587} INFO - Filling up the DagBag from /home/airflow/.local/lib/python3.12/site-packages/airflow/example_dags/tutorial.py
[2025-08-20T20:20:23.855+0000] {processor.py:925} INFO - DAG(s) 'tutorial' retrieved from /home/airflow/.local/lib/python3.12/site-packages/airflow/example_dags/tutorial.py
[2025-08-20T20:20:24.082+0000] {logging_mixin.py:190} INFO - [2025-08-20T20:20:24.076+0000] {dag.py:3229} INFO - Sync 1 DAGs
[2025-08-20T20:20:24.421+0000] {logging_mixin.py:190} INFO - [2025-08-20T20:20:24.420+0000] {dag.py:4156} INFO - Setting next_dagrun for tutorial to 2025-08-19 00:00:00+00:00, run_after=2025-08-20 00:00:00+00:00
[2025-08-20T20:20:24.567+0000] {processor.py:208} INFO - Processing /home/airflow/.local/lib/python3.12/site-packages/airflow/example_dags/tutorial.py took 0.783 seconds
[2025-08-20T20:20:56.705+0000] {processor.py:186} INFO - Started process (PID=382) to work on /home/airflow/.local/lib/python3.12/site-packages/airflow/example_dags/tutorial.py
[2025-08-20T20:20:56.708+0000] {processor.py:914} INFO - Processing file /home/airflow/.local/lib/python3.12/site-packages/airflow/example_dags/tutorial.py for tasks to queue
[2025-08-20T20:20:56.711+0000] {logging_mixin.py:190} INFO - [2025-08-20T20:20:56.711+0000] {dagbag.py:587} INFO - Filling up the DagBag from /home/airflow/.local/lib/python3.12/site-packages/airflow/example_dags/tutorial.py
[2025-08-20T20:20:56.721+0000] {processor.py:925} INFO - DAG(s) 'tutorial' retrieved from /home/airflow/.local/lib/python3.12/site-packages/airflow/example_dags/tutorial.py
[2025-08-20T20:20:56.765+0000] {logging_mixin.py:190} INFO - [2025-08-20T20:20:56.764+0000] {dag.py:3229} INFO - Sync 1 DAGs
[2025-08-20T20:20:56.806+0000] {logging_mixin.py:190} INFO - [2025-08-20T20:20:56.806+0000] {dag.py:4156} INFO - Setting next_dagrun for tutorial to 2025-08-19 00:00:00+00:00, run_after=2025-08-20 00:00:00+00:00
[2025-08-20T20:20:56.829+0000] {processor.py:208} INFO - Processing /home/airflow/.local/lib/python3.12/site-packages/airflow/example_dags/tutorial.py took 0.136 seconds
[2025-08-20T20:21:27.428+0000] {processor.py:186} INFO - Started process (PID=444) to work on /home/airflow/.local/lib/python3.12/site-packages/airflow/example_dags/tutorial.py
[2025-08-20T20:21:27.431+0000] {processor.py:914} INFO - Processing file /home/airflow/.local/lib/python3.12/site-packages/airflow/example_dags/tutorial.py for tasks to queue
[2025-08-20T20:21:27.433+0000] {logging_mixin.py:190} INFO - [2025-08-20T20:21:27.433+0000] {dagbag.py:587} INFO - Filling up the DagBag from /home/airflow/.local/lib/python3.12/site-packages/airflow/example_dags/tutorial.py
[2025-08-20T20:21:27.446+0000] {processor.py:925} INFO - DAG(s) 'tutorial' retrieved from /home/airflow/.local/lib/python3.12/site-packages/airflow/example_dags/tutorial.py
[2025-08-20T20:21:27.479+0000] {logging_mixin.py:190} INFO - [2025-08-20T20:21:27.479+0000] {dag.py:3229} INFO - Sync 1 DAGs
[2025-08-20T20:21:27.502+0000] {logging_mixin.py:190} INFO - [2025-08-20T20:21:27.502+0000] {dag.py:4156} INFO - Setting next_dagrun for tutorial to 2025-08-19 00:00:00+00:00, run_after=2025-08-20 00:00:00+00:00
[2025-08-20T20:21:27.577+0000] {processor.py:208} INFO - Processing /home/airflow/.local/lib/python3.12/site-packages/airflow/example_dags/tutorial.py took 0.154 seconds
[2025-08-20T20:21:57.818+0000] {processor.py:186} INFO - Started process (PID=506) to work on /home/airflow/.local/lib/python3.12/site-packages/airflow/example_dags/tutorial.py
[2025-08-20T20:21:57.819+0000] {processor.py:914} INFO - Processing file /home/airflow/.local/lib/python3.12/site-packages/airflow/example_dags/tutorial.py for tasks to queue
[2025-08-20T20:21:57.823+0000] {logging_mixin.py:190} INFO - [2025-08-20T20:21:57.822+0000] {dagbag.py:587} INFO - Filling up the DagBag from /home/airflow/.local/lib/python3.12/site-packages/airflow/example_dags/tutorial.py
[2025-08-20T20:21:57.840+0000] {processor.py:925} INFO - DAG(s) 'tutorial' retrieved from /home/airflow/.local/lib/python3.12/site-packages/airflow/example_dags/tutorial.py
[2025-08-20T20:21:57.876+0000] {logging_mixin.py:190} INFO - [2025-08-20T20:21:57.875+0000] {dag.py:3229} INFO - Sync 1 DAGs
[2025-08-20T20:21:57.904+0000] {logging_mixin.py:190} INFO - [2025-08-20T20:21:57.903+0000] {dag.py:4156} INFO - Setting next_dagrun for tutorial to 2025-08-19 00:00:00+00:00, run_after=2025-08-20 00:00:00+00:00
[2025-08-20T20:21:57.934+0000] {processor.py:208} INFO - Processing /home/airflow/.local/lib/python3.12/site-packages/airflow/example_dags/tutorial.py took 0.132 seconds
[2025-08-20T20:22:28.933+0000] {processor.py:186} INFO - Started process (PID=568) to work on /home/airflow/.local/lib/python3.12/site-packages/airflow/example_dags/tutorial.py
[2025-08-20T20:22:28.935+0000] {processor.py:914} INFO - Processing file /home/airflow/.local/lib/python3.12/site-packages/airflow/example_dags/tutorial.py for tasks to queue
[2025-08-20T20:22:28.940+0000] {logging_mixin.py:190} INFO - [2025-08-20T20:22:28.940+0000] {dagbag.py:587} INFO - Filling up the DagBag from /home/airflow/.local/lib/python3.12/site-packages/airflow/example_dags/tutorial.py
[2025-08-20T20:22:28.947+0000] {processor.py:925} INFO - DAG(s) 'tutorial' retrieved from /home/airflow/.local/lib/python3.12/site-packages/airflow/example_dags/tutorial.py
[2025-08-20T20:22:28.981+0000] {logging_mixin.py:190} INFO - [2025-08-20T20:22:28.981+0000] {dag.py:3229} INFO - Sync 1 DAGs
[2025-08-20T20:22:29.022+0000] {logging_mixin.py:190} INFO - [2025-08-20T20:22:29.021+0000] {dag.py:4156} INFO - Setting next_dagrun for tutorial to 2025-08-19 00:00:00+00:00, run_after=2025-08-20 00:00:00+00:00
[2025-08-20T20:22:29.036+0000] {processor.py:208} INFO - Processing /home/airflow/.local/lib/python3.12/site-packages/airflow/example_dags/tutorial.py took 0.108 seconds
[2025-08-20T20:22:59.424+0000] {processor.py:186} INFO - Started process (PID=630) to work on /home/airflow/.local/lib/python3.12/site-packages/airflow/example_dags/tutorial.py
[2025-08-20T20:22:59.427+0000] {processor.py:914} INFO - Processing file /home/airflow/.local/lib/python3.12/site-packages/airflow/example_dags/tutorial.py for tasks to queue
[2025-08-20T20:22:59.429+0000] {logging_mixin.py:190} INFO - [2025-08-20T20:22:59.428+0000] {dagbag.py:587} INFO - Filling up the DagBag from /home/airflow/.local/lib/python3.12/site-packages/airflow/example_dags/tutorial.py
[2025-08-20T20:22:59.473+0000] {processor.py:925} INFO - DAG(s) 'tutorial' retrieved from /home/airflow/.local/lib/python3.12/site-packages/airflow/example_dags/tutorial.py
[2025-08-20T20:22:59.524+0000] {logging_mixin.py:190} INFO - [2025-08-20T20:22:59.524+0000] {dag.py:3229} INFO - Sync 1 DAGs
[2025-08-20T20:22:59.582+0000] {logging_mixin.py:190} INFO - [2025-08-20T20:22:59.581+0000] {dag.py:4156} INFO - Setting next_dagrun for tutorial to 2025-08-19 00:00:00+00:00, run_after=2025-08-20 00:00:00+00:00
[2025-08-20T20:22:59.604+0000] {processor.py:208} INFO - Processing /home/airflow/.local/lib/python3.12/site-packages/airflow/example_dags/tutorial.py took 0.189 seconds
[2025-08-20T20:23:30.541+0000] {processor.py:186} INFO - Started process (PID=689) to work on /home/airflow/.local/lib/python3.12/site-packages/airflow/example_dags/tutorial.py
[2025-08-20T20:23:30.543+0000] {processor.py:914} INFO - Processing file /home/airflow/.local/lib/python3.12/site-packages/airflow/example_dags/tutorial.py for tasks to queue
[2025-08-20T20:23:30.545+0000] {logging_mixin.py:190} INFO - [2025-08-20T20:23:30.545+0000] {dagbag.py:587} INFO - Filling up the DagBag from /home/airflow/.local/lib/python3.12/site-packages/airflow/example_dags/tutorial.py
[2025-08-20T20:23:30.557+0000] {processor.py:925} INFO - DAG(s) 'tutorial' retrieved from /home/airflow/.local/lib/python3.12/site-packages/airflow/example_dags/tutorial.py
[2025-08-20T20:23:30.588+0000] {logging_mixin.py:190} INFO - [2025-08-20T20:23:30.587+0000] {dag.py:3229} INFO - Sync 1 DAGs
[2025-08-20T20:23:30.629+0000] {logging_mixin.py:190} INFO - [2025-08-20T20:23:30.628+0000] {dag.py:4156} INFO - Setting next_dagrun for tutorial to 2025-08-19 00:00:00+00:00, run_after=2025-08-20 00:00:00+00:00
[2025-08-20T20:23:30.650+0000] {processor.py:208} INFO - Processing /home/airflow/.local/lib/python3.12/site-packages/airflow/example_dags/tutorial.py took 0.118 seconds
[2025-08-20T20:24:01.668+0000] {processor.py:186} INFO - Started process (PID=751) to work on /home/airflow/.local/lib/python3.12/site-packages/airflow/example_dags/tutorial.py
[2025-08-20T20:24:01.673+0000] {processor.py:914} INFO - Processing file /home/airflow/.local/lib/python3.12/site-packages/airflow/example_dags/tutorial.py for tasks to queue
[2025-08-20T20:24:01.677+0000] {logging_mixin.py:190} INFO - [2025-08-20T20:24:01.676+0000] {dagbag.py:587} INFO - Filling up the DagBag from /home/airflow/.local/lib/python3.12/site-packages/airflow/example_dags/tutorial.py
[2025-08-20T20:24:01.700+0000] {processor.py:925} INFO - DAG(s) 'tutorial' retrieved from /home/airflow/.local/lib/python3.12/site-packages/airflow/example_dags/tutorial.py
[2025-08-20T20:24:01.736+0000] {logging_mixin.py:190} INFO - [2025-08-20T20:24:01.735+0000] {dag.py:3229} INFO - Sync 1 DAGs
[2025-08-20T20:24:01.785+0000] {logging_mixin.py:190} INFO - [2025-08-20T20:24:01.784+0000] {dag.py:4156} INFO - Setting next_dagrun for tutorial to 2025-08-19 00:00:00+00:00, run_after=2025-08-20 00:00:00+00:00
[2025-08-20T20:24:01.815+0000] {processor.py:208} INFO - Processing /home/airflow/.local/lib/python3.12/site-packages/airflow/example_dags/tutorial.py took 0.156 seconds
[2025-08-20T20:24:32.375+0000] {processor.py:186} INFO - Started process (PID=813) to work on /home/airflow/.local/lib/python3.12/site-packages/airflow/example_dags/tutorial.py
[2025-08-20T20:24:32.376+0000] {processor.py:914} INFO - Processing file /home/airflow/.local/lib/python3.12/site-packages/airflow/example_dags/tutorial.py for tasks to queue
[2025-08-20T20:24:32.377+0000] {logging_mixin.py:190} INFO - [2025-08-20T20:24:32.377+0000] {dagbag.py:587} INFO - Filling up the DagBag from /home/airflow/.local/lib/python3.12/site-packages/airflow/example_dags/tutorial.py
[2025-08-20T20:24:32.382+0000] {processor.py:925} INFO - DAG(s) 'tutorial' retrieved from /home/airflow/.local/lib/python3.12/site-packages/airflow/example_dags/tutorial.py
[2025-08-20T20:24:32.393+0000] {logging_mixin.py:190} INFO - [2025-08-20T20:24:32.393+0000] {dag.py:3229} INFO - Sync 1 DAGs
[2025-08-20T20:24:32.408+0000] {logging_mixin.py:190} INFO - [2025-08-20T20:24:32.408+0000] {dag.py:4156} INFO - Setting next_dagrun for tutorial to 2025-08-19 00:00:00+00:00, run_after=2025-08-20 00:00:00+00:00
[2025-08-20T20:24:32.420+0000] {processor.py:208} INFO - Processing /home/airflow/.local/lib/python3.12/site-packages/airflow/example_dags/tutorial.py took 0.049 seconds
[2025-08-20T20:25:03.410+0000] {processor.py:186} INFO - Started process (PID=867) to work on /home/airflow/.local/lib/python3.12/site-packages/airflow/example_dags/tutorial.py
[2025-08-20T20:25:03.413+0000] {processor.py:914} INFO - Processing file /home/airflow/.local/lib/python3.12/site-packages/airflow/example_dags/tutorial.py for tasks to queue
[2025-08-20T20:25:03.417+0000] {logging_mixin.py:190} INFO - [2025-08-20T20:25:03.417+0000] {dagbag.py:587} INFO - Filling up the DagBag from /home/airflow/.local/lib/python3.12/site-packages/airflow/example_dags/tutorial.py
[2025-08-20T20:25:03.425+0000] {processor.py:925} INFO - DAG(s) 'tutorial' retrieved from /home/airflow/.local/lib/python3.12/site-packages/airflow/example_dags/tutorial.py
[2025-08-20T20:25:03.453+0000] {logging_mixin.py:190} INFO - [2025-08-20T20:25:03.453+0000] {dag.py:3229} INFO - Sync 1 DAGs
[2025-08-20T20:25:03.481+0000] {logging_mixin.py:190} INFO - [2025-08-20T20:25:03.481+0000] {dag.py:4156} INFO - Setting next_dagrun for tutorial to 2025-08-19 00:00:00+00:00, run_after=2025-08-20 00:00:00+00:00
[2025-08-20T20:25:03.497+0000] {processor.py:208} INFO - Processing /home/airflow/.local/lib/python3.12/site-packages/airflow/example_dags/tutorial.py took 0.099 seconds
[2025-08-20T20:25:34.064+0000] {processor.py:186} INFO - Started process (PID=929) to work on /home/airflow/.local/lib/python3.12/site-packages/airflow/example_dags/tutorial.py
[2025-08-20T20:25:34.066+0000] {processor.py:914} INFO - Processing file /home/airflow/.local/lib/python3.12/site-packages/airflow/example_dags/tutorial.py for tasks to queue
[2025-08-20T20:25:34.068+0000] {logging_mixin.py:190} INFO - [2025-08-20T20:25:34.068+0000] {dagbag.py:587} INFO - Filling up the DagBag from /home/airflow/.local/lib/python3.12/site-packages/airflow/example_dags/tutorial.py
[2025-08-20T20:25:34.075+0000] {processor.py:925} INFO - DAG(s) 'tutorial' retrieved from /home/airflow/.local/lib/python3.12/site-packages/airflow/example_dags/tutorial.py
[2025-08-20T20:25:34.101+0000] {logging_mixin.py:190} INFO - [2025-08-20T20:25:34.101+0000] {dag.py:3229} INFO - Sync 1 DAGs
[2025-08-20T20:25:34.144+0000] {logging_mixin.py:190} INFO - [2025-08-20T20:25:34.143+0000] {dag.py:4156} INFO - Setting next_dagrun for tutorial to 2025-08-19 00:00:00+00:00, run_after=2025-08-20 00:00:00+00:00
[2025-08-20T20:25:34.164+0000] {processor.py:208} INFO - Processing /home/airflow/.local/lib/python3.12/site-packages/airflow/example_dags/tutorial.py took 0.106 seconds
[2025-08-20T20:26:04.793+0000] {processor.py:186} INFO - Started process (PID=991) to work on /home/airflow/.local/lib/python3.12/site-packages/airflow/example_dags/tutorial.py
[2025-08-20T20:26:04.794+0000] {processor.py:914} INFO - Processing file /home/airflow/.local/lib/python3.12/site-packages/airflow/example_dags/tutorial.py for tasks to queue
[2025-08-20T20:26:04.795+0000] {logging_mixin.py:190} INFO - [2025-08-20T20:26:04.795+0000] {dagbag.py:587} INFO - Filling up the DagBag from /home/airflow/.local/lib/python3.12/site-packages/airflow/example_dags/tutorial.py
[2025-08-20T20:26:04.799+0000] {processor.py:925} INFO - DAG(s) 'tutorial' retrieved from /home/airflow/.local/lib/python3.12/site-packages/airflow/example_dags/tutorial.py
[2025-08-20T20:26:04.812+0000] {logging_mixin.py:190} INFO - [2025-08-20T20:26:04.812+0000] {dag.py:3229} INFO - Sync 1 DAGs
[2025-08-20T20:26:04.827+0000] {logging_mixin.py:190} INFO - [2025-08-20T20:26:04.827+0000] {dag.py:4156} INFO - Setting next_dagrun for tutorial to 2025-08-19 00:00:00+00:00, run_after=2025-08-20 00:00:00+00:00
[2025-08-20T20:26:04.845+0000] {processor.py:208} INFO - Processing /home/airflow/.local/lib/python3.12/site-packages/airflow/example_dags/tutorial.py took 0.056 seconds
[2025-08-20T20:26:35.837+0000] {processor.py:186} INFO - Started process (PID=1048) to work on /home/airflow/.local/lib/python3.12/site-packages/airflow/example_dags/tutorial.py
[2025-08-20T20:26:35.839+0000] {processor.py:914} INFO - Processing file /home/airflow/.local/lib/python3.12/site-packages/airflow/example_dags/tutorial.py for tasks to queue
[2025-08-20T20:26:35.842+0000] {logging_mixin.py:190} INFO - [2025-08-20T20:26:35.842+0000] {dagbag.py:587} INFO - Filling up the DagBag from /home/airflow/.local/lib/python3.12/site-packages/airflow/example_dags/tutorial.py
[2025-08-20T20:26:35.854+0000] {processor.py:925} INFO - DAG(s) 'tutorial' retrieved from /home/airflow/.local/lib/python3.12/site-packages/airflow/example_dags/tutorial.py
[2025-08-20T20:26:35.877+0000] {logging_mixin.py:190} INFO - [2025-08-20T20:26:35.877+0000] {dag.py:3229} INFO - Sync 1 DAGs
[2025-08-20T20:26:35.907+0000] {logging_mixin.py:190} INFO - [2025-08-20T20:26:35.906+0000] {dag.py:4156} INFO - Setting next_dagrun for tutorial to 2025-08-19 00:00:00+00:00, run_after=2025-08-20 00:00:00+00:00
[2025-08-20T20:26:35.927+0000] {processor.py:208} INFO - Processing /home/airflow/.local/lib/python3.12/site-packages/airflow/example_dags/tutorial.py took 0.100 seconds
