[2025-08-21T08:43:11.185+0000] {processor.py:186} INFO - Started process (PID=83) to work on /home/airflow/.local/lib/python3.12/site-packages/airflow/example_dags/example_subdag_operator.py
[2025-08-21T08:43:11.198+0000] {processor.py:914} INFO - Processing file /home/airflow/.local/lib/python3.12/site-packages/airflow/example_dags/example_subdag_operator.py for tasks to queue
[2025-08-21T08:43:11.208+0000] {logging_mixin.py:190} INFO - [2025-08-21T08:43:11.207+0000] {dagbag.py:587} INFO - Filling up the DagBag from /home/airflow/.local/lib/python3.12/site-packages/airflow/example_dags/example_subdag_operator.py
[2025-08-21T08:43:11.369+0000] {processor.py:925} INFO - DAG(s) 'example_subdag_operator.section-1', 'example_subdag_operator.section-2', 'example_subdag_operator' retrieved from /home/airflow/.local/lib/python3.12/site-packages/airflow/example_dags/example_subdag_operator.py
[2025-08-21T08:43:11.488+0000] {logging_mixin.py:190} INFO - [2025-08-21T08:43:11.487+0000] {dag.py:3229} INFO - Sync 3 DAGs
[2025-08-21T08:43:11.663+0000] {logging_mixin.py:190} INFO - [2025-08-21T08:43:11.661+0000] {dag.py:4156} INFO - Setting next_dagrun for example_subdag_operator to 2022-01-01 00:00:00+00:00, run_after=2022-01-01 00:00:00+00:00
[2025-08-21T08:43:11.674+0000] {logging_mixin.py:190} INFO - [2025-08-21T08:43:11.673+0000] {dag.py:4156} INFO - Setting next_dagrun for example_subdag_operator.section-1 to None, run_after=None
[2025-08-21T08:43:11.676+0000] {logging_mixin.py:190} INFO - [2025-08-21T08:43:11.675+0000] {dag.py:4156} INFO - Setting next_dagrun for example_subdag_operator.section-2 to None, run_after=None
[2025-08-21T08:43:11.690+0000] {logging_mixin.py:190} INFO - [2025-08-21T08:43:11.689+0000] {dag.py:3229} INFO - Sync 2 DAGs
[2025-08-21T08:43:11.712+0000] {logging_mixin.py:190} INFO - [2025-08-21T08:43:11.711+0000] {dag.py:4156} INFO - Setting next_dagrun for example_subdag_operator.section-1 to None, run_after=None
[2025-08-21T08:43:11.717+0000] {logging_mixin.py:190} INFO - [2025-08-21T08:43:11.715+0000] {dag.py:4156} INFO - Setting next_dagrun for example_subdag_operator.section-2 to None, run_after=None
[2025-08-21T08:43:11.759+0000] {processor.py:208} INFO - Processing /home/airflow/.local/lib/python3.12/site-packages/airflow/example_dags/example_subdag_operator.py took 0.671 seconds
[2025-08-21T08:43:43.156+0000] {processor.py:186} INFO - Started process (PID=145) to work on /home/airflow/.local/lib/python3.12/site-packages/airflow/example_dags/example_subdag_operator.py
[2025-08-21T08:43:43.185+0000] {processor.py:914} INFO - Processing file /home/airflow/.local/lib/python3.12/site-packages/airflow/example_dags/example_subdag_operator.py for tasks to queue
[2025-08-21T08:43:43.266+0000] {logging_mixin.py:190} INFO - [2025-08-21T08:43:43.260+0000] {dagbag.py:587} INFO - Filling up the DagBag from /home/airflow/.local/lib/python3.12/site-packages/airflow/example_dags/example_subdag_operator.py
[2025-08-21T08:43:43.457+0000] {processor.py:925} INFO - DAG(s) 'example_subdag_operator.section-1', 'example_subdag_operator.section-2', 'example_subdag_operator' retrieved from /home/airflow/.local/lib/python3.12/site-packages/airflow/example_dags/example_subdag_operator.py
[2025-08-21T08:43:43.535+0000] {logging_mixin.py:190} INFO - [2025-08-21T08:43:43.533+0000] {dag.py:3229} INFO - Sync 3 DAGs
[2025-08-21T08:43:43.679+0000] {logging_mixin.py:190} INFO - [2025-08-21T08:43:43.678+0000] {dag.py:4156} INFO - Setting next_dagrun for example_subdag_operator to 2022-01-01 00:00:00+00:00, run_after=2022-01-01 00:00:00+00:00
[2025-08-21T08:43:43.692+0000] {logging_mixin.py:190} INFO - [2025-08-21T08:43:43.692+0000] {dag.py:4156} INFO - Setting next_dagrun for example_subdag_operator.section-1 to None, run_after=None
[2025-08-21T08:43:43.693+0000] {logging_mixin.py:190} INFO - [2025-08-21T08:43:43.693+0000] {dag.py:4156} INFO - Setting next_dagrun for example_subdag_operator.section-2 to None, run_after=None
[2025-08-21T08:43:43.706+0000] {logging_mixin.py:190} INFO - [2025-08-21T08:43:43.706+0000] {dag.py:3229} INFO - Sync 2 DAGs
[2025-08-21T08:43:43.728+0000] {logging_mixin.py:190} INFO - [2025-08-21T08:43:43.727+0000] {dag.py:4156} INFO - Setting next_dagrun for example_subdag_operator.section-1 to None, run_after=None
[2025-08-21T08:43:43.728+0000] {logging_mixin.py:190} INFO - [2025-08-21T08:43:43.728+0000] {dag.py:4156} INFO - Setting next_dagrun for example_subdag_operator.section-2 to None, run_after=None
[2025-08-21T08:43:43.743+0000] {processor.py:208} INFO - Processing /home/airflow/.local/lib/python3.12/site-packages/airflow/example_dags/example_subdag_operator.py took 0.728 seconds
[2025-08-21T08:44:17.589+0000] {processor.py:186} INFO - Started process (PID=206) to work on /home/airflow/.local/lib/python3.12/site-packages/airflow/example_dags/example_subdag_operator.py
[2025-08-21T08:44:17.649+0000] {processor.py:914} INFO - Processing file /home/airflow/.local/lib/python3.12/site-packages/airflow/example_dags/example_subdag_operator.py for tasks to queue
[2025-08-21T08:44:17.652+0000] {logging_mixin.py:190} INFO - [2025-08-21T08:44:17.652+0000] {dagbag.py:587} INFO - Filling up the DagBag from /home/airflow/.local/lib/python3.12/site-packages/airflow/example_dags/example_subdag_operator.py
[2025-08-21T08:44:17.730+0000] {processor.py:925} INFO - DAG(s) 'example_subdag_operator.section-1', 'example_subdag_operator.section-2', 'example_subdag_operator' retrieved from /home/airflow/.local/lib/python3.12/site-packages/airflow/example_dags/example_subdag_operator.py
[2025-08-21T08:44:17.772+0000] {logging_mixin.py:190} INFO - [2025-08-21T08:44:17.771+0000] {dag.py:3229} INFO - Sync 3 DAGs
[2025-08-21T08:44:17.880+0000] {logging_mixin.py:190} INFO - [2025-08-21T08:44:17.880+0000] {dag.py:4156} INFO - Setting next_dagrun for example_subdag_operator to 2022-01-01 00:00:00+00:00, run_after=2022-01-01 00:00:00+00:00
[2025-08-21T08:44:17.893+0000] {logging_mixin.py:190} INFO - [2025-08-21T08:44:17.892+0000] {dag.py:4156} INFO - Setting next_dagrun for example_subdag_operator.section-1 to None, run_after=None
[2025-08-21T08:44:17.903+0000] {logging_mixin.py:190} INFO - [2025-08-21T08:44:17.902+0000] {dag.py:4156} INFO - Setting next_dagrun for example_subdag_operator.section-2 to None, run_after=None
[2025-08-21T08:44:17.944+0000] {logging_mixin.py:190} INFO - [2025-08-21T08:44:17.943+0000] {dag.py:3229} INFO - Sync 2 DAGs
[2025-08-21T08:44:17.967+0000] {logging_mixin.py:190} INFO - [2025-08-21T08:44:17.967+0000] {dag.py:4156} INFO - Setting next_dagrun for example_subdag_operator.section-1 to None, run_after=None
[2025-08-21T08:44:17.969+0000] {logging_mixin.py:190} INFO - [2025-08-21T08:44:17.968+0000] {dag.py:4156} INFO - Setting next_dagrun for example_subdag_operator.section-2 to None, run_after=None
[2025-08-21T08:44:18.018+0000] {processor.py:208} INFO - Processing /home/airflow/.local/lib/python3.12/site-packages/airflow/example_dags/example_subdag_operator.py took 0.442 seconds
[2025-08-21T08:44:51.183+0000] {processor.py:186} INFO - Started process (PID=268) to work on /home/airflow/.local/lib/python3.12/site-packages/airflow/example_dags/example_subdag_operator.py
[2025-08-21T08:44:51.210+0000] {processor.py:914} INFO - Processing file /home/airflow/.local/lib/python3.12/site-packages/airflow/example_dags/example_subdag_operator.py for tasks to queue
[2025-08-21T08:44:51.194+0000] {logging_mixin.py:190} INFO - [2025-08-21T08:44:51.188+0000] {dagbag.py:587} INFO - Filling up the DagBag from /home/airflow/.local/lib/python3.12/site-packages/airflow/example_dags/example_subdag_operator.py
[2025-08-21T08:44:51.722+0000] {processor.py:925} INFO - DAG(s) 'example_subdag_operator.section-1', 'example_subdag_operator.section-2', 'example_subdag_operator' retrieved from /home/airflow/.local/lib/python3.12/site-packages/airflow/example_dags/example_subdag_operator.py
[2025-08-21T08:44:51.778+0000] {logging_mixin.py:190} INFO - [2025-08-21T08:44:51.777+0000] {dag.py:3229} INFO - Sync 3 DAGs
[2025-08-21T08:44:52.029+0000] {logging_mixin.py:190} INFO - [2025-08-21T08:44:52.024+0000] {dag.py:4156} INFO - Setting next_dagrun for example_subdag_operator to 2022-01-01 00:00:00+00:00, run_after=2022-01-01 00:00:00+00:00
[2025-08-21T08:44:52.059+0000] {logging_mixin.py:190} INFO - [2025-08-21T08:44:52.055+0000] {dag.py:4156} INFO - Setting next_dagrun for example_subdag_operator.section-1 to None, run_after=None
[2025-08-21T08:44:52.072+0000] {logging_mixin.py:190} INFO - [2025-08-21T08:44:52.068+0000] {dag.py:4156} INFO - Setting next_dagrun for example_subdag_operator.section-2 to None, run_after=None
[2025-08-21T08:44:52.136+0000] {logging_mixin.py:190} INFO - [2025-08-21T08:44:52.135+0000] {dag.py:3229} INFO - Sync 2 DAGs
[2025-08-21T08:44:52.166+0000] {logging_mixin.py:190} INFO - [2025-08-21T08:44:52.165+0000] {dag.py:4156} INFO - Setting next_dagrun for example_subdag_operator.section-1 to None, run_after=None
[2025-08-21T08:44:52.169+0000] {logging_mixin.py:190} INFO - [2025-08-21T08:44:52.169+0000] {dag.py:4156} INFO - Setting next_dagrun for example_subdag_operator.section-2 to None, run_after=None
[2025-08-21T08:44:52.267+0000] {processor.py:208} INFO - Processing /home/airflow/.local/lib/python3.12/site-packages/airflow/example_dags/example_subdag_operator.py took 1.235 seconds
[2025-08-21T08:45:27.627+0000] {processor.py:186} INFO - Started process (PID=336) to work on /home/airflow/.local/lib/python3.12/site-packages/airflow/example_dags/example_subdag_operator.py
[2025-08-21T08:45:27.657+0000] {processor.py:914} INFO - Processing file /home/airflow/.local/lib/python3.12/site-packages/airflow/example_dags/example_subdag_operator.py for tasks to queue
[2025-08-21T08:45:27.683+0000] {logging_mixin.py:190} INFO - [2025-08-21T08:45:27.682+0000] {dagbag.py:587} INFO - Filling up the DagBag from /home/airflow/.local/lib/python3.12/site-packages/airflow/example_dags/example_subdag_operator.py
[2025-08-21T08:45:27.927+0000] {processor.py:925} INFO - DAG(s) 'example_subdag_operator.section-1', 'example_subdag_operator.section-2', 'example_subdag_operator' retrieved from /home/airflow/.local/lib/python3.12/site-packages/airflow/example_dags/example_subdag_operator.py
[2025-08-21T08:45:27.961+0000] {logging_mixin.py:190} INFO - [2025-08-21T08:45:27.961+0000] {dag.py:3229} INFO - Sync 3 DAGs
[2025-08-21T08:45:28.100+0000] {logging_mixin.py:190} INFO - [2025-08-21T08:45:28.100+0000] {dag.py:4156} INFO - Setting next_dagrun for example_subdag_operator to 2022-01-01 00:00:00+00:00, run_after=2022-01-01 00:00:00+00:00
[2025-08-21T08:45:28.109+0000] {logging_mixin.py:190} INFO - [2025-08-21T08:45:28.109+0000] {dag.py:4156} INFO - Setting next_dagrun for example_subdag_operator.section-1 to None, run_after=None
[2025-08-21T08:45:28.118+0000] {logging_mixin.py:190} INFO - [2025-08-21T08:45:28.117+0000] {dag.py:4156} INFO - Setting next_dagrun for example_subdag_operator.section-2 to None, run_after=None
[2025-08-21T08:45:28.157+0000] {logging_mixin.py:190} INFO - [2025-08-21T08:45:28.156+0000] {dag.py:3229} INFO - Sync 2 DAGs
[2025-08-21T08:45:28.177+0000] {logging_mixin.py:190} INFO - [2025-08-21T08:45:28.176+0000] {dag.py:4156} INFO - Setting next_dagrun for example_subdag_operator.section-1 to None, run_after=None
[2025-08-21T08:45:28.178+0000] {logging_mixin.py:190} INFO - [2025-08-21T08:45:28.177+0000] {dag.py:4156} INFO - Setting next_dagrun for example_subdag_operator.section-2 to None, run_after=None
[2025-08-21T08:45:28.206+0000] {processor.py:208} INFO - Processing /home/airflow/.local/lib/python3.12/site-packages/airflow/example_dags/example_subdag_operator.py took 0.663 seconds
[2025-08-21T08:45:58.984+0000] {processor.py:186} INFO - Started process (PID=398) to work on /home/airflow/.local/lib/python3.12/site-packages/airflow/example_dags/example_subdag_operator.py
[2025-08-21T08:45:58.992+0000] {processor.py:914} INFO - Processing file /home/airflow/.local/lib/python3.12/site-packages/airflow/example_dags/example_subdag_operator.py for tasks to queue
[2025-08-21T08:45:58.998+0000] {logging_mixin.py:190} INFO - [2025-08-21T08:45:58.998+0000] {dagbag.py:587} INFO - Filling up the DagBag from /home/airflow/.local/lib/python3.12/site-packages/airflow/example_dags/example_subdag_operator.py
[2025-08-21T08:45:59.100+0000] {processor.py:925} INFO - DAG(s) 'example_subdag_operator.section-1', 'example_subdag_operator.section-2', 'example_subdag_operator' retrieved from /home/airflow/.local/lib/python3.12/site-packages/airflow/example_dags/example_subdag_operator.py
[2025-08-21T08:45:59.133+0000] {logging_mixin.py:190} INFO - [2025-08-21T08:45:59.132+0000] {dag.py:3229} INFO - Sync 3 DAGs
[2025-08-21T08:45:59.174+0000] {logging_mixin.py:190} INFO - [2025-08-21T08:45:59.174+0000] {dag.py:4156} INFO - Setting next_dagrun for example_subdag_operator to 2022-01-01 00:00:00+00:00, run_after=2022-01-01 00:00:00+00:00
[2025-08-21T08:45:59.178+0000] {logging_mixin.py:190} INFO - [2025-08-21T08:45:59.177+0000] {dag.py:4156} INFO - Setting next_dagrun for example_subdag_operator.section-1 to None, run_after=None
[2025-08-21T08:45:59.179+0000] {logging_mixin.py:190} INFO - [2025-08-21T08:45:59.179+0000] {dag.py:4156} INFO - Setting next_dagrun for example_subdag_operator.section-2 to None, run_after=None
[2025-08-21T08:45:59.187+0000] {logging_mixin.py:190} INFO - [2025-08-21T08:45:59.186+0000] {dag.py:3229} INFO - Sync 2 DAGs
[2025-08-21T08:45:59.198+0000] {logging_mixin.py:190} INFO - [2025-08-21T08:45:59.198+0000] {dag.py:4156} INFO - Setting next_dagrun for example_subdag_operator.section-1 to None, run_after=None
[2025-08-21T08:45:59.198+0000] {logging_mixin.py:190} INFO - [2025-08-21T08:45:59.198+0000] {dag.py:4156} INFO - Setting next_dagrun for example_subdag_operator.section-2 to None, run_after=None
[2025-08-21T08:45:59.219+0000] {processor.py:208} INFO - Processing /home/airflow/.local/lib/python3.12/site-packages/airflow/example_dags/example_subdag_operator.py took 0.250 seconds
[2025-08-21T08:46:31.710+0000] {processor.py:186} INFO - Started process (PID=460) to work on /home/airflow/.local/lib/python3.12/site-packages/airflow/example_dags/example_subdag_operator.py
[2025-08-21T08:46:31.716+0000] {processor.py:914} INFO - Processing file /home/airflow/.local/lib/python3.12/site-packages/airflow/example_dags/example_subdag_operator.py for tasks to queue
[2025-08-21T08:46:31.723+0000] {logging_mixin.py:190} INFO - [2025-08-21T08:46:31.722+0000] {dagbag.py:587} INFO - Filling up the DagBag from /home/airflow/.local/lib/python3.12/site-packages/airflow/example_dags/example_subdag_operator.py
[2025-08-21T08:46:31.865+0000] {processor.py:925} INFO - DAG(s) 'example_subdag_operator.section-1', 'example_subdag_operator.section-2', 'example_subdag_operator' retrieved from /home/airflow/.local/lib/python3.12/site-packages/airflow/example_dags/example_subdag_operator.py
[2025-08-21T08:46:32.016+0000] {logging_mixin.py:190} INFO - [2025-08-21T08:46:32.013+0000] {dag.py:3229} INFO - Sync 3 DAGs
[2025-08-21T08:46:32.133+0000] {logging_mixin.py:190} INFO - [2025-08-21T08:46:32.131+0000] {dag.py:4156} INFO - Setting next_dagrun for example_subdag_operator to 2022-01-01 00:00:00+00:00, run_after=2022-01-01 00:00:00+00:00
[2025-08-21T08:46:32.155+0000] {logging_mixin.py:190} INFO - [2025-08-21T08:46:32.154+0000] {dag.py:4156} INFO - Setting next_dagrun for example_subdag_operator.section-1 to None, run_after=None
[2025-08-21T08:46:32.170+0000] {logging_mixin.py:190} INFO - [2025-08-21T08:46:32.169+0000] {dag.py:4156} INFO - Setting next_dagrun for example_subdag_operator.section-2 to None, run_after=None
[2025-08-21T08:46:32.202+0000] {logging_mixin.py:190} INFO - [2025-08-21T08:46:32.201+0000] {dag.py:3229} INFO - Sync 2 DAGs
[2025-08-21T08:46:32.208+0000] {logging_mixin.py:190} INFO - [2025-08-21T08:46:32.208+0000] {dag.py:4156} INFO - Setting next_dagrun for example_subdag_operator.section-1 to None, run_after=None
[2025-08-21T08:46:32.208+0000] {logging_mixin.py:190} INFO - [2025-08-21T08:46:32.208+0000] {dag.py:4156} INFO - Setting next_dagrun for example_subdag_operator.section-2 to None, run_after=None
[2025-08-21T08:46:32.300+0000] {processor.py:208} INFO - Processing /home/airflow/.local/lib/python3.12/site-packages/airflow/example_dags/example_subdag_operator.py took 0.607 seconds
