[2025-08-21T08:43:13.154+0000] {processor.py:186} INFO - Started process (PID=88) to work on /home/airflow/.local/lib/python3.12/site-packages/airflow/example_dags/example_local_kubernetes_executor.py
[2025-08-21T08:43:13.187+0000] {processor.py:914} INFO - Processing file /home/airflow/.local/lib/python3.12/site-packages/airflow/example_dags/example_local_kubernetes_executor.py for tasks to queue
[2025-08-21T08:43:13.191+0000] {logging_mixin.py:190} INFO - [2025-08-21T08:43:13.191+0000] {dagbag.py:587} INFO - Filling up the DagBag from /home/airflow/.local/lib/python3.12/site-packages/airflow/example_dags/example_local_kubernetes_executor.py
[2025-08-21T08:43:13.244+0000] {processor.py:925} INFO - DAG(s) 'example_local_kubernetes_executor' retrieved from /home/airflow/.local/lib/python3.12/site-packages/airflow/example_dags/example_local_kubernetes_executor.py
[2025-08-21T08:43:14.024+0000] {logging_mixin.py:190} INFO - [2025-08-21T08:43:14.023+0000] {dag.py:3229} INFO - Sync 1 DAGs
[2025-08-21T08:43:14.135+0000] {logging_mixin.py:190} INFO - [2025-08-21T08:43:14.134+0000] {dag.py:4156} INFO - Setting next_dagrun for example_local_kubernetes_executor to None, run_after=None
[2025-08-21T08:43:14.245+0000] {processor.py:208} INFO - Processing /home/airflow/.local/lib/python3.12/site-packages/airflow/example_dags/example_local_kubernetes_executor.py took 1.287 seconds
[2025-08-21T08:43:45.559+0000] {processor.py:186} INFO - Started process (PID=150) to work on /home/airflow/.local/lib/python3.12/site-packages/airflow/example_dags/example_local_kubernetes_executor.py
[2025-08-21T08:43:45.571+0000] {processor.py:914} INFO - Processing file /home/airflow/.local/lib/python3.12/site-packages/airflow/example_dags/example_local_kubernetes_executor.py for tasks to queue
[2025-08-21T08:43:45.586+0000] {logging_mixin.py:190} INFO - [2025-08-21T08:43:45.582+0000] {dagbag.py:587} INFO - Filling up the DagBag from /home/airflow/.local/lib/python3.12/site-packages/airflow/example_dags/example_local_kubernetes_executor.py
[2025-08-21T08:43:45.751+0000] {processor.py:925} INFO - DAG(s) 'example_local_kubernetes_executor' retrieved from /home/airflow/.local/lib/python3.12/site-packages/airflow/example_dags/example_local_kubernetes_executor.py
[2025-08-21T08:43:46.150+0000] {logging_mixin.py:190} INFO - [2025-08-21T08:43:46.146+0000] {dag.py:3229} INFO - Sync 1 DAGs
[2025-08-21T08:43:46.307+0000] {logging_mixin.py:190} INFO - [2025-08-21T08:43:46.306+0000] {dag.py:4156} INFO - Setting next_dagrun for example_local_kubernetes_executor to None, run_after=None
[2025-08-21T08:43:46.525+0000] {processor.py:208} INFO - Processing /home/airflow/.local/lib/python3.12/site-packages/airflow/example_dags/example_local_kubernetes_executor.py took 1.006 seconds
[2025-08-21T08:44:19.474+0000] {processor.py:186} INFO - Started process (PID=210) to work on /home/airflow/.local/lib/python3.12/site-packages/airflow/example_dags/example_local_kubernetes_executor.py
[2025-08-21T08:44:19.488+0000] {processor.py:914} INFO - Processing file /home/airflow/.local/lib/python3.12/site-packages/airflow/example_dags/example_local_kubernetes_executor.py for tasks to queue
[2025-08-21T08:44:19.506+0000] {logging_mixin.py:190} INFO - [2025-08-21T08:44:19.503+0000] {dagbag.py:587} INFO - Filling up the DagBag from /home/airflow/.local/lib/python3.12/site-packages/airflow/example_dags/example_local_kubernetes_executor.py
[2025-08-21T08:44:19.703+0000] {processor.py:925} INFO - DAG(s) 'example_local_kubernetes_executor' retrieved from /home/airflow/.local/lib/python3.12/site-packages/airflow/example_dags/example_local_kubernetes_executor.py
[2025-08-21T08:44:20.485+0000] {logging_mixin.py:190} INFO - [2025-08-21T08:44:20.474+0000] {dag.py:3229} INFO - Sync 1 DAGs
[2025-08-21T08:44:20.757+0000] {logging_mixin.py:190} INFO - [2025-08-21T08:44:20.753+0000] {dag.py:4156} INFO - Setting next_dagrun for example_local_kubernetes_executor to None, run_after=None
[2025-08-21T08:44:20.941+0000] {processor.py:208} INFO - Processing /home/airflow/.local/lib/python3.12/site-packages/airflow/example_dags/example_local_kubernetes_executor.py took 1.561 seconds
[2025-08-21T08:44:55.429+0000] {processor.py:186} INFO - Started process (PID=279) to work on /home/airflow/.local/lib/python3.12/site-packages/airflow/example_dags/example_local_kubernetes_executor.py
[2025-08-21T08:44:55.440+0000] {processor.py:914} INFO - Processing file /home/airflow/.local/lib/python3.12/site-packages/airflow/example_dags/example_local_kubernetes_executor.py for tasks to queue
[2025-08-21T08:44:55.457+0000] {logging_mixin.py:190} INFO - [2025-08-21T08:44:55.456+0000] {dagbag.py:587} INFO - Filling up the DagBag from /home/airflow/.local/lib/python3.12/site-packages/airflow/example_dags/example_local_kubernetes_executor.py
[2025-08-21T08:44:55.626+0000] {processor.py:925} INFO - DAG(s) 'example_local_kubernetes_executor' retrieved from /home/airflow/.local/lib/python3.12/site-packages/airflow/example_dags/example_local_kubernetes_executor.py
[2025-08-21T08:44:56.125+0000] {logging_mixin.py:190} INFO - [2025-08-21T08:44:56.124+0000] {dag.py:3229} INFO - Sync 1 DAGs
[2025-08-21T08:44:56.302+0000] {logging_mixin.py:190} INFO - [2025-08-21T08:44:56.301+0000] {dag.py:4156} INFO - Setting next_dagrun for example_local_kubernetes_executor to None, run_after=None
[2025-08-21T08:44:56.480+0000] {processor.py:208} INFO - Processing /home/airflow/.local/lib/python3.12/site-packages/airflow/example_dags/example_local_kubernetes_executor.py took 1.150 seconds
[2025-08-21T08:45:29.570+0000] {processor.py:186} INFO - Started process (PID=340) to work on /home/airflow/.local/lib/python3.12/site-packages/airflow/example_dags/example_local_kubernetes_executor.py
[2025-08-21T08:45:29.575+0000] {processor.py:914} INFO - Processing file /home/airflow/.local/lib/python3.12/site-packages/airflow/example_dags/example_local_kubernetes_executor.py for tasks to queue
[2025-08-21T08:45:29.592+0000] {logging_mixin.py:190} INFO - [2025-08-21T08:45:29.592+0000] {dagbag.py:587} INFO - Filling up the DagBag from /home/airflow/.local/lib/python3.12/site-packages/airflow/example_dags/example_local_kubernetes_executor.py
[2025-08-21T08:45:29.732+0000] {processor.py:925} INFO - DAG(s) 'example_local_kubernetes_executor' retrieved from /home/airflow/.local/lib/python3.12/site-packages/airflow/example_dags/example_local_kubernetes_executor.py
[2025-08-21T08:45:29.912+0000] {logging_mixin.py:190} INFO - [2025-08-21T08:45:29.911+0000] {dag.py:3229} INFO - Sync 1 DAGs
[2025-08-21T08:45:29.959+0000] {logging_mixin.py:190} INFO - [2025-08-21T08:45:29.958+0000] {dag.py:4156} INFO - Setting next_dagrun for example_local_kubernetes_executor to None, run_after=None
[2025-08-21T08:45:29.998+0000] {processor.py:208} INFO - Processing /home/airflow/.local/lib/python3.12/site-packages/airflow/example_dags/example_local_kubernetes_executor.py took 0.443 seconds
[2025-08-21T08:46:00.943+0000] {processor.py:186} INFO - Started process (PID=402) to work on /home/airflow/.local/lib/python3.12/site-packages/airflow/example_dags/example_local_kubernetes_executor.py
[2025-08-21T08:46:00.944+0000] {processor.py:914} INFO - Processing file /home/airflow/.local/lib/python3.12/site-packages/airflow/example_dags/example_local_kubernetes_executor.py for tasks to queue
[2025-08-21T08:46:00.946+0000] {logging_mixin.py:190} INFO - [2025-08-21T08:46:00.946+0000] {dagbag.py:587} INFO - Filling up the DagBag from /home/airflow/.local/lib/python3.12/site-packages/airflow/example_dags/example_local_kubernetes_executor.py
[2025-08-21T08:46:00.977+0000] {processor.py:925} INFO - DAG(s) 'example_local_kubernetes_executor' retrieved from /home/airflow/.local/lib/python3.12/site-packages/airflow/example_dags/example_local_kubernetes_executor.py
[2025-08-21T08:46:01.062+0000] {logging_mixin.py:190} INFO - [2025-08-21T08:46:01.062+0000] {dag.py:3229} INFO - Sync 1 DAGs
[2025-08-21T08:46:01.092+0000] {logging_mixin.py:190} INFO - [2025-08-21T08:46:01.092+0000] {dag.py:4156} INFO - Setting next_dagrun for example_local_kubernetes_executor to None, run_after=None
[2025-08-21T08:46:01.130+0000] {processor.py:208} INFO - Processing /home/airflow/.local/lib/python3.12/site-packages/airflow/example_dags/example_local_kubernetes_executor.py took 0.211 seconds
[2025-08-21T08:46:33.025+0000] {processor.py:186} INFO - Started process (PID=464) to work on /home/airflow/.local/lib/python3.12/site-packages/airflow/example_dags/example_local_kubernetes_executor.py
[2025-08-21T08:46:33.033+0000] {processor.py:914} INFO - Processing file /home/airflow/.local/lib/python3.12/site-packages/airflow/example_dags/example_local_kubernetes_executor.py for tasks to queue
[2025-08-21T08:46:33.035+0000] {logging_mixin.py:190} INFO - [2025-08-21T08:46:33.035+0000] {dagbag.py:587} INFO - Filling up the DagBag from /home/airflow/.local/lib/python3.12/site-packages/airflow/example_dags/example_local_kubernetes_executor.py
[2025-08-21T08:46:33.137+0000] {processor.py:925} INFO - DAG(s) 'example_local_kubernetes_executor' retrieved from /home/airflow/.local/lib/python3.12/site-packages/airflow/example_dags/example_local_kubernetes_executor.py
[2025-08-21T08:46:33.287+0000] {logging_mixin.py:190} INFO - [2025-08-21T08:46:33.287+0000] {dag.py:3229} INFO - Sync 1 DAGs
[2025-08-21T08:46:33.309+0000] {logging_mixin.py:190} INFO - [2025-08-21T08:46:33.309+0000] {dag.py:4156} INFO - Setting next_dagrun for example_local_kubernetes_executor to None, run_after=None
[2025-08-21T08:46:33.326+0000] {processor.py:208} INFO - Processing /home/airflow/.local/lib/python3.12/site-packages/airflow/example_dags/example_local_kubernetes_executor.py took 0.316 seconds
