[2025-08-21T08:43:22.949+0000] {processor.py:186} INFO - Started process (PID=113) to work on /home/airflow/.local/lib/python3.12/site-packages/airflow/example_dags/example_bash_decorator.py
[2025-08-21T08:43:23.396+0000] {processor.py:914} INFO - Processing file /home/airflow/.local/lib/python3.12/site-packages/airflow/example_dags/example_bash_decorator.py for tasks to queue
[2025-08-21T08:43:23.478+0000] {logging_mixin.py:190} INFO - [2025-08-21T08:43:23.469+0000] {dagbag.py:587} INFO - Filling up the DagBag from /home/airflow/.local/lib/python3.12/site-packages/airflow/example_dags/example_bash_decorator.py
[2025-08-21T08:43:23.869+0000] {processor.py:925} INFO - DAG(s) 'example_bash_decorator' retrieved from /home/airflow/.local/lib/python3.12/site-packages/airflow/example_dags/example_bash_decorator.py
[2025-08-21T08:43:25.359+0000] {logging_mixin.py:190} INFO - [2025-08-21T08:43:25.328+0000] {dag.py:3229} INFO - Sync 1 DAGs
[2025-08-21T08:43:25.700+0000] {logging_mixin.py:190} INFO - [2025-08-21T08:43:25.688+0000] {dag.py:4156} INFO - Setting next_dagrun for example_bash_decorator to None, run_after=None
[2025-08-21T08:43:26.461+0000] {processor.py:208} INFO - Processing /home/airflow/.local/lib/python3.12/site-packages/airflow/example_dags/example_bash_decorator.py took 3.610 seconds
[2025-08-21T08:44:00.930+0000] {processor.py:186} INFO - Started process (PID=174) to work on /home/airflow/.local/lib/python3.12/site-packages/airflow/example_dags/example_bash_decorator.py
[2025-08-21T08:44:00.961+0000] {processor.py:914} INFO - Processing file /home/airflow/.local/lib/python3.12/site-packages/airflow/example_dags/example_bash_decorator.py for tasks to queue
[2025-08-21T08:44:01.311+0000] {logging_mixin.py:190} INFO - [2025-08-21T08:44:01.307+0000] {dagbag.py:587} INFO - Filling up the DagBag from /home/airflow/.local/lib/python3.12/site-packages/airflow/example_dags/example_bash_decorator.py
[2025-08-21T08:44:01.436+0000] {processor.py:925} INFO - DAG(s) 'example_bash_decorator' retrieved from /home/airflow/.local/lib/python3.12/site-packages/airflow/example_dags/example_bash_decorator.py
[2025-08-21T08:44:01.507+0000] {logging_mixin.py:190} INFO - [2025-08-21T08:44:01.505+0000] {dag.py:3229} INFO - Sync 1 DAGs
[2025-08-21T08:44:01.556+0000] {logging_mixin.py:190} INFO - [2025-08-21T08:44:01.556+0000] {dag.py:4156} INFO - Setting next_dagrun for example_bash_decorator to None, run_after=None
[2025-08-21T08:44:01.580+0000] {processor.py:208} INFO - Processing /home/airflow/.local/lib/python3.12/site-packages/airflow/example_dags/example_bash_decorator.py took 0.778 seconds
[2025-08-21T08:44:33.326+0000] {processor.py:186} INFO - Started process (PID=236) to work on /home/airflow/.local/lib/python3.12/site-packages/airflow/example_dags/example_bash_decorator.py
[2025-08-21T08:44:33.329+0000] {processor.py:914} INFO - Processing file /home/airflow/.local/lib/python3.12/site-packages/airflow/example_dags/example_bash_decorator.py for tasks to queue
[2025-08-21T08:44:33.337+0000] {logging_mixin.py:190} INFO - [2025-08-21T08:44:33.336+0000] {dagbag.py:587} INFO - Filling up the DagBag from /home/airflow/.local/lib/python3.12/site-packages/airflow/example_dags/example_bash_decorator.py
[2025-08-21T08:44:33.384+0000] {processor.py:925} INFO - DAG(s) 'example_bash_decorator' retrieved from /home/airflow/.local/lib/python3.12/site-packages/airflow/example_dags/example_bash_decorator.py
[2025-08-21T08:44:33.454+0000] {logging_mixin.py:190} INFO - [2025-08-21T08:44:33.454+0000] {dag.py:3229} INFO - Sync 1 DAGs
[2025-08-21T08:44:33.474+0000] {logging_mixin.py:190} INFO - [2025-08-21T08:44:33.473+0000] {dag.py:4156} INFO - Setting next_dagrun for example_bash_decorator to None, run_after=None
[2025-08-21T08:44:33.506+0000] {processor.py:208} INFO - Processing /home/airflow/.local/lib/python3.12/site-packages/airflow/example_dags/example_bash_decorator.py took 0.214 seconds
[2025-08-21T08:45:04.955+0000] {processor.py:186} INFO - Started process (PID=298) to work on /home/airflow/.local/lib/python3.12/site-packages/airflow/example_dags/example_bash_decorator.py
[2025-08-21T08:45:04.958+0000] {processor.py:914} INFO - Processing file /home/airflow/.local/lib/python3.12/site-packages/airflow/example_dags/example_bash_decorator.py for tasks to queue
[2025-08-21T08:45:04.964+0000] {logging_mixin.py:190} INFO - [2025-08-21T08:45:04.963+0000] {dagbag.py:587} INFO - Filling up the DagBag from /home/airflow/.local/lib/python3.12/site-packages/airflow/example_dags/example_bash_decorator.py
[2025-08-21T08:45:04.986+0000] {processor.py:925} INFO - DAG(s) 'example_bash_decorator' retrieved from /home/airflow/.local/lib/python3.12/site-packages/airflow/example_dags/example_bash_decorator.py
[2025-08-21T08:45:05.011+0000] {logging_mixin.py:190} INFO - [2025-08-21T08:45:05.011+0000] {dag.py:3229} INFO - Sync 1 DAGs
[2025-08-21T08:45:05.020+0000] {logging_mixin.py:190} INFO - [2025-08-21T08:45:05.019+0000] {dag.py:4156} INFO - Setting next_dagrun for example_bash_decorator to None, run_after=None
[2025-08-21T08:45:05.034+0000] {processor.py:208} INFO - Processing /home/airflow/.local/lib/python3.12/site-packages/airflow/example_dags/example_bash_decorator.py took 0.129 seconds
[2025-08-21T08:45:39.507+0000] {processor.py:186} INFO - Started process (PID=360) to work on /home/airflow/.local/lib/python3.12/site-packages/airflow/example_dags/example_bash_decorator.py
[2025-08-21T08:45:39.510+0000] {processor.py:914} INFO - Processing file /home/airflow/.local/lib/python3.12/site-packages/airflow/example_dags/example_bash_decorator.py for tasks to queue
[2025-08-21T08:45:39.513+0000] {logging_mixin.py:190} INFO - [2025-08-21T08:45:39.513+0000] {dagbag.py:587} INFO - Filling up the DagBag from /home/airflow/.local/lib/python3.12/site-packages/airflow/example_dags/example_bash_decorator.py
[2025-08-21T08:45:39.537+0000] {processor.py:925} INFO - DAG(s) 'example_bash_decorator' retrieved from /home/airflow/.local/lib/python3.12/site-packages/airflow/example_dags/example_bash_decorator.py
[2025-08-21T08:45:39.584+0000] {logging_mixin.py:190} INFO - [2025-08-21T08:45:39.584+0000] {dag.py:3229} INFO - Sync 1 DAGs
[2025-08-21T08:45:39.605+0000] {logging_mixin.py:190} INFO - [2025-08-21T08:45:39.604+0000] {dag.py:4156} INFO - Setting next_dagrun for example_bash_decorator to None, run_after=None
[2025-08-21T08:45:39.634+0000] {processor.py:208} INFO - Processing /home/airflow/.local/lib/python3.12/site-packages/airflow/example_dags/example_bash_decorator.py took 0.133 seconds
[2025-08-21T08:46:12.163+0000] {processor.py:186} INFO - Started process (PID=422) to work on /home/airflow/.local/lib/python3.12/site-packages/airflow/example_dags/example_bash_decorator.py
[2025-08-21T08:46:12.205+0000] {processor.py:914} INFO - Processing file /home/airflow/.local/lib/python3.12/site-packages/airflow/example_dags/example_bash_decorator.py for tasks to queue
[2025-08-21T08:46:12.208+0000] {logging_mixin.py:190} INFO - [2025-08-21T08:46:12.207+0000] {dagbag.py:587} INFO - Filling up the DagBag from /home/airflow/.local/lib/python3.12/site-packages/airflow/example_dags/example_bash_decorator.py
[2025-08-21T08:46:12.219+0000] {processor.py:925} INFO - DAG(s) 'example_bash_decorator' retrieved from /home/airflow/.local/lib/python3.12/site-packages/airflow/example_dags/example_bash_decorator.py
[2025-08-21T08:46:12.259+0000] {logging_mixin.py:190} INFO - [2025-08-21T08:46:12.259+0000] {dag.py:3229} INFO - Sync 1 DAGs
[2025-08-21T08:46:12.278+0000] {logging_mixin.py:190} INFO - [2025-08-21T08:46:12.277+0000] {dag.py:4156} INFO - Setting next_dagrun for example_bash_decorator to None, run_after=None
[2025-08-21T08:46:12.302+0000] {processor.py:208} INFO - Processing /home/airflow/.local/lib/python3.12/site-packages/airflow/example_dags/example_bash_decorator.py took 0.145 seconds
[2025-08-21T08:46:45.293+0000] {processor.py:186} INFO - Started process (PID=488) to work on /home/airflow/.local/lib/python3.12/site-packages/airflow/example_dags/example_bash_decorator.py
[2025-08-21T08:46:45.300+0000] {processor.py:914} INFO - Processing file /home/airflow/.local/lib/python3.12/site-packages/airflow/example_dags/example_bash_decorator.py for tasks to queue
[2025-08-21T08:46:45.303+0000] {logging_mixin.py:190} INFO - [2025-08-21T08:46:45.302+0000] {dagbag.py:587} INFO - Filling up the DagBag from /home/airflow/.local/lib/python3.12/site-packages/airflow/example_dags/example_bash_decorator.py
[2025-08-21T08:46:45.319+0000] {processor.py:925} INFO - DAG(s) 'example_bash_decorator' retrieved from /home/airflow/.local/lib/python3.12/site-packages/airflow/example_dags/example_bash_decorator.py
[2025-08-21T08:46:45.344+0000] {logging_mixin.py:190} INFO - [2025-08-21T08:46:45.344+0000] {dag.py:3229} INFO - Sync 1 DAGs
[2025-08-21T08:46:45.356+0000] {logging_mixin.py:190} INFO - [2025-08-21T08:46:45.356+0000] {dag.py:4156} INFO - Setting next_dagrun for example_bash_decorator to None, run_after=None
[2025-08-21T08:46:45.448+0000] {processor.py:208} INFO - Processing /home/airflow/.local/lib/python3.12/site-packages/airflow/example_dags/example_bash_decorator.py took 0.168 seconds
