[2025-08-21T08:43:08.273+0000] {processor.py:186} INFO - Started process (PID=77) to work on /home/airflow/.local/lib/python3.12/site-packages/airflow/example_dags/example_dataset_alias_with_no_taskflow.py
[2025-08-21T08:43:08.284+0000] {processor.py:914} INFO - Processing file /home/airflow/.local/lib/python3.12/site-packages/airflow/example_dags/example_dataset_alias_with_no_taskflow.py for tasks to queue
[2025-08-21T08:43:08.290+0000] {logging_mixin.py:190} INFO - [2025-08-21T08:43:08.289+0000] {dagbag.py:587} INFO - Filling up the DagBag from /home/airflow/.local/lib/python3.12/site-packages/airflow/example_dags/example_dataset_alias_with_no_taskflow.py
[2025-08-21T08:43:10.153+0000] {processor.py:925} INFO - DAG(s) 'dataset_s3_bucket_producer_with_no_taskflow', 'dataset_alias_example_alias_producer_with_no_taskflow', 'dataset_alias_example_alias_consumer_with_no_taskflow', 'dataset_s3_bucket_consumer_with_no_taskflow' retrieved from /home/airflow/.local/lib/python3.12/site-packages/airflow/example_dags/example_dataset_alias_with_no_taskflow.py
[2025-08-21T08:43:10.255+0000] {logging_mixin.py:190} INFO - [2025-08-21T08:43:10.254+0000] {dag.py:3229} INFO - Sync 4 DAGs
[2025-08-21T08:43:10.368+0000] {logging_mixin.py:190} INFO - [2025-08-21T08:43:10.368+0000] {dag.py:4156} INFO - Setting next_dagrun for dataset_alias_example_alias_consumer_with_no_taskflow to None, run_after=None
[2025-08-21T08:43:10.374+0000] {logging_mixin.py:190} INFO - [2025-08-21T08:43:10.374+0000] {dag.py:4156} INFO - Setting next_dagrun for dataset_alias_example_alias_producer_with_no_taskflow to None, run_after=None
[2025-08-21T08:43:10.376+0000] {logging_mixin.py:190} INFO - [2025-08-21T08:43:10.376+0000] {dag.py:4156} INFO - Setting next_dagrun for dataset_s3_bucket_consumer_with_no_taskflow to None, run_after=None
[2025-08-21T08:43:10.378+0000] {logging_mixin.py:190} INFO - [2025-08-21T08:43:10.378+0000] {dag.py:4156} INFO - Setting next_dagrun for dataset_s3_bucket_producer_with_no_taskflow to None, run_after=None
[2025-08-21T08:43:10.471+0000] {processor.py:208} INFO - Processing /home/airflow/.local/lib/python3.12/site-packages/airflow/example_dags/example_dataset_alias_with_no_taskflow.py took 2.282 seconds
[2025-08-21T08:43:40.765+0000] {processor.py:186} INFO - Started process (PID=142) to work on /home/airflow/.local/lib/python3.12/site-packages/airflow/example_dags/example_dataset_alias_with_no_taskflow.py
[2025-08-21T08:43:40.769+0000] {processor.py:914} INFO - Processing file /home/airflow/.local/lib/python3.12/site-packages/airflow/example_dags/example_dataset_alias_with_no_taskflow.py for tasks to queue
[2025-08-21T08:43:40.781+0000] {logging_mixin.py:190} INFO - [2025-08-21T08:43:40.780+0000] {dagbag.py:587} INFO - Filling up the DagBag from /home/airflow/.local/lib/python3.12/site-packages/airflow/example_dags/example_dataset_alias_with_no_taskflow.py
[2025-08-21T08:43:41.980+0000] {processor.py:925} INFO - DAG(s) 'dataset_alias_example_alias_consumer_with_no_taskflow', 'dataset_s3_bucket_consumer_with_no_taskflow', 'dataset_alias_example_alias_producer_with_no_taskflow', 'dataset_s3_bucket_producer_with_no_taskflow' retrieved from /home/airflow/.local/lib/python3.12/site-packages/airflow/example_dags/example_dataset_alias_with_no_taskflow.py
[2025-08-21T08:43:42.030+0000] {logging_mixin.py:190} INFO - [2025-08-21T08:43:42.029+0000] {dag.py:3229} INFO - Sync 4 DAGs
[2025-08-21T08:43:42.099+0000] {logging_mixin.py:190} INFO - [2025-08-21T08:43:42.098+0000] {dag.py:4156} INFO - Setting next_dagrun for dataset_alias_example_alias_consumer_with_no_taskflow to None, run_after=None
[2025-08-21T08:43:42.106+0000] {logging_mixin.py:190} INFO - [2025-08-21T08:43:42.105+0000] {dag.py:4156} INFO - Setting next_dagrun for dataset_alias_example_alias_producer_with_no_taskflow to None, run_after=None
[2025-08-21T08:43:42.108+0000] {logging_mixin.py:190} INFO - [2025-08-21T08:43:42.108+0000] {dag.py:4156} INFO - Setting next_dagrun for dataset_s3_bucket_consumer_with_no_taskflow to None, run_after=None
[2025-08-21T08:43:42.113+0000] {logging_mixin.py:190} INFO - [2025-08-21T08:43:42.113+0000] {dag.py:4156} INFO - Setting next_dagrun for dataset_s3_bucket_producer_with_no_taskflow to None, run_after=None
[2025-08-21T08:43:42.179+0000] {processor.py:208} INFO - Processing /home/airflow/.local/lib/python3.12/site-packages/airflow/example_dags/example_dataset_alias_with_no_taskflow.py took 1.434 seconds
[2025-08-21T08:44:13.281+0000] {processor.py:186} INFO - Started process (PID=203) to work on /home/airflow/.local/lib/python3.12/site-packages/airflow/example_dags/example_dataset_alias_with_no_taskflow.py
[2025-08-21T08:44:13.288+0000] {processor.py:914} INFO - Processing file /home/airflow/.local/lib/python3.12/site-packages/airflow/example_dags/example_dataset_alias_with_no_taskflow.py for tasks to queue
[2025-08-21T08:44:13.310+0000] {logging_mixin.py:190} INFO - [2025-08-21T08:44:13.309+0000] {dagbag.py:587} INFO - Filling up the DagBag from /home/airflow/.local/lib/python3.12/site-packages/airflow/example_dags/example_dataset_alias_with_no_taskflow.py
[2025-08-21T08:44:16.365+0000] {processor.py:925} INFO - DAG(s) 'dataset_alias_example_alias_producer_with_no_taskflow', 'dataset_s3_bucket_producer_with_no_taskflow', 'dataset_s3_bucket_consumer_with_no_taskflow', 'dataset_alias_example_alias_consumer_with_no_taskflow' retrieved from /home/airflow/.local/lib/python3.12/site-packages/airflow/example_dags/example_dataset_alias_with_no_taskflow.py
[2025-08-21T08:44:16.446+0000] {logging_mixin.py:190} INFO - [2025-08-21T08:44:16.444+0000] {dag.py:3229} INFO - Sync 4 DAGs
[2025-08-21T08:44:16.539+0000] {logging_mixin.py:190} INFO - [2025-08-21T08:44:16.538+0000] {dag.py:4156} INFO - Setting next_dagrun for dataset_alias_example_alias_consumer_with_no_taskflow to None, run_after=None
[2025-08-21T08:44:16.547+0000] {logging_mixin.py:190} INFO - [2025-08-21T08:44:16.547+0000] {dag.py:4156} INFO - Setting next_dagrun for dataset_alias_example_alias_producer_with_no_taskflow to None, run_after=None
[2025-08-21T08:44:16.549+0000] {logging_mixin.py:190} INFO - [2025-08-21T08:44:16.549+0000] {dag.py:4156} INFO - Setting next_dagrun for dataset_s3_bucket_consumer_with_no_taskflow to None, run_after=None
[2025-08-21T08:44:16.550+0000] {logging_mixin.py:190} INFO - [2025-08-21T08:44:16.550+0000] {dag.py:4156} INFO - Setting next_dagrun for dataset_s3_bucket_producer_with_no_taskflow to None, run_after=None
[2025-08-21T08:44:16.936+0000] {processor.py:208} INFO - Processing /home/airflow/.local/lib/python3.12/site-packages/airflow/example_dags/example_dataset_alias_with_no_taskflow.py took 3.667 seconds
[2025-08-21T08:44:47.970+0000] {processor.py:186} INFO - Started process (PID=265) to work on /home/airflow/.local/lib/python3.12/site-packages/airflow/example_dags/example_dataset_alias_with_no_taskflow.py
[2025-08-21T08:44:48.013+0000] {processor.py:914} INFO - Processing file /home/airflow/.local/lib/python3.12/site-packages/airflow/example_dags/example_dataset_alias_with_no_taskflow.py for tasks to queue
[2025-08-21T08:44:48.090+0000] {logging_mixin.py:190} INFO - [2025-08-21T08:44:48.078+0000] {dagbag.py:587} INFO - Filling up the DagBag from /home/airflow/.local/lib/python3.12/site-packages/airflow/example_dags/example_dataset_alias_with_no_taskflow.py
[2025-08-21T08:44:50.239+0000] {processor.py:925} INFO - DAG(s) 'dataset_s3_bucket_consumer_with_no_taskflow', 'dataset_alias_example_alias_producer_with_no_taskflow', 'dataset_alias_example_alias_consumer_with_no_taskflow', 'dataset_s3_bucket_producer_with_no_taskflow' retrieved from /home/airflow/.local/lib/python3.12/site-packages/airflow/example_dags/example_dataset_alias_with_no_taskflow.py
[2025-08-21T08:44:50.364+0000] {logging_mixin.py:190} INFO - [2025-08-21T08:44:50.364+0000] {dag.py:3229} INFO - Sync 4 DAGs
[2025-08-21T08:44:50.546+0000] {logging_mixin.py:190} INFO - [2025-08-21T08:44:50.544+0000] {dag.py:4156} INFO - Setting next_dagrun for dataset_alias_example_alias_consumer_with_no_taskflow to None, run_after=None
[2025-08-21T08:44:50.562+0000] {logging_mixin.py:190} INFO - [2025-08-21T08:44:50.561+0000] {dag.py:4156} INFO - Setting next_dagrun for dataset_alias_example_alias_producer_with_no_taskflow to None, run_after=None
[2025-08-21T08:44:50.570+0000] {logging_mixin.py:190} INFO - [2025-08-21T08:44:50.569+0000] {dag.py:4156} INFO - Setting next_dagrun for dataset_s3_bucket_consumer_with_no_taskflow to None, run_after=None
[2025-08-21T08:44:50.571+0000] {logging_mixin.py:190} INFO - [2025-08-21T08:44:50.571+0000] {dag.py:4156} INFO - Setting next_dagrun for dataset_s3_bucket_producer_with_no_taskflow to None, run_after=None
[2025-08-21T08:44:50.740+0000] {processor.py:208} INFO - Processing /home/airflow/.local/lib/python3.12/site-packages/airflow/example_dags/example_dataset_alias_with_no_taskflow.py took 2.932 seconds
[2025-08-21T08:45:22.745+0000] {processor.py:186} INFO - Started process (PID=327) to work on /home/airflow/.local/lib/python3.12/site-packages/airflow/example_dags/example_dataset_alias_with_no_taskflow.py
[2025-08-21T08:45:22.841+0000] {processor.py:914} INFO - Processing file /home/airflow/.local/lib/python3.12/site-packages/airflow/example_dags/example_dataset_alias_with_no_taskflow.py for tasks to queue
[2025-08-21T08:45:23.029+0000] {logging_mixin.py:190} INFO - [2025-08-21T08:45:23.011+0000] {dagbag.py:587} INFO - Filling up the DagBag from /home/airflow/.local/lib/python3.12/site-packages/airflow/example_dags/example_dataset_alias_with_no_taskflow.py
[2025-08-21T08:45:25.419+0000] {processor.py:925} INFO - DAG(s) 'dataset_s3_bucket_producer_with_no_taskflow', 'dataset_alias_example_alias_consumer_with_no_taskflow', 'dataset_alias_example_alias_producer_with_no_taskflow', 'dataset_s3_bucket_consumer_with_no_taskflow' retrieved from /home/airflow/.local/lib/python3.12/site-packages/airflow/example_dags/example_dataset_alias_with_no_taskflow.py
[2025-08-21T08:45:25.566+0000] {logging_mixin.py:190} INFO - [2025-08-21T08:45:25.561+0000] {dag.py:3229} INFO - Sync 4 DAGs
[2025-08-21T08:45:25.791+0000] {logging_mixin.py:190} INFO - [2025-08-21T08:45:25.790+0000] {dag.py:4156} INFO - Setting next_dagrun for dataset_alias_example_alias_consumer_with_no_taskflow to None, run_after=None
[2025-08-21T08:45:25.811+0000] {logging_mixin.py:190} INFO - [2025-08-21T08:45:25.809+0000] {dag.py:4156} INFO - Setting next_dagrun for dataset_alias_example_alias_producer_with_no_taskflow to None, run_after=None
[2025-08-21T08:45:25.815+0000] {logging_mixin.py:190} INFO - [2025-08-21T08:45:25.815+0000] {dag.py:4156} INFO - Setting next_dagrun for dataset_s3_bucket_consumer_with_no_taskflow to None, run_after=None
[2025-08-21T08:45:25.820+0000] {logging_mixin.py:190} INFO - [2025-08-21T08:45:25.820+0000] {dag.py:4156} INFO - Setting next_dagrun for dataset_s3_bucket_producer_with_no_taskflow to None, run_after=None
[2025-08-21T08:45:26.079+0000] {processor.py:208} INFO - Processing /home/airflow/.local/lib/python3.12/site-packages/airflow/example_dags/example_dataset_alias_with_no_taskflow.py took 3.929 seconds
[2025-08-21T08:45:56.941+0000] {processor.py:186} INFO - Started process (PID=395) to work on /home/airflow/.local/lib/python3.12/site-packages/airflow/example_dags/example_dataset_alias_with_no_taskflow.py
[2025-08-21T08:45:56.961+0000] {processor.py:914} INFO - Processing file /home/airflow/.local/lib/python3.12/site-packages/airflow/example_dags/example_dataset_alias_with_no_taskflow.py for tasks to queue
[2025-08-21T08:45:57.022+0000] {logging_mixin.py:190} INFO - [2025-08-21T08:45:57.018+0000] {dagbag.py:587} INFO - Filling up the DagBag from /home/airflow/.local/lib/python3.12/site-packages/airflow/example_dags/example_dataset_alias_with_no_taskflow.py
[2025-08-21T08:45:58.500+0000] {processor.py:925} INFO - DAG(s) 'dataset_s3_bucket_consumer_with_no_taskflow', 'dataset_alias_example_alias_producer_with_no_taskflow', 'dataset_s3_bucket_producer_with_no_taskflow', 'dataset_alias_example_alias_consumer_with_no_taskflow' retrieved from /home/airflow/.local/lib/python3.12/site-packages/airflow/example_dags/example_dataset_alias_with_no_taskflow.py
[2025-08-21T08:45:58.564+0000] {logging_mixin.py:190} INFO - [2025-08-21T08:45:58.562+0000] {dag.py:3229} INFO - Sync 4 DAGs
[2025-08-21T08:45:58.683+0000] {logging_mixin.py:190} INFO - [2025-08-21T08:45:58.683+0000] {dag.py:4156} INFO - Setting next_dagrun for dataset_alias_example_alias_consumer_with_no_taskflow to None, run_after=None
[2025-08-21T08:45:58.692+0000] {logging_mixin.py:190} INFO - [2025-08-21T08:45:58.691+0000] {dag.py:4156} INFO - Setting next_dagrun for dataset_alias_example_alias_producer_with_no_taskflow to None, run_after=None
[2025-08-21T08:45:58.693+0000] {logging_mixin.py:190} INFO - [2025-08-21T08:45:58.693+0000] {dag.py:4156} INFO - Setting next_dagrun for dataset_s3_bucket_consumer_with_no_taskflow to None, run_after=None
[2025-08-21T08:45:58.694+0000] {logging_mixin.py:190} INFO - [2025-08-21T08:45:58.694+0000] {dag.py:4156} INFO - Setting next_dagrun for dataset_s3_bucket_producer_with_no_taskflow to None, run_after=None
[2025-08-21T08:45:58.793+0000] {processor.py:208} INFO - Processing /home/airflow/.local/lib/python3.12/site-packages/airflow/example_dags/example_dataset_alias_with_no_taskflow.py took 1.952 seconds
[2025-08-21T08:46:29.662+0000] {processor.py:186} INFO - Started process (PID=457) to work on /home/airflow/.local/lib/python3.12/site-packages/airflow/example_dags/example_dataset_alias_with_no_taskflow.py
[2025-08-21T08:46:29.676+0000] {processor.py:914} INFO - Processing file /home/airflow/.local/lib/python3.12/site-packages/airflow/example_dags/example_dataset_alias_with_no_taskflow.py for tasks to queue
[2025-08-21T08:46:29.709+0000] {logging_mixin.py:190} INFO - [2025-08-21T08:46:29.706+0000] {dagbag.py:587} INFO - Filling up the DagBag from /home/airflow/.local/lib/python3.12/site-packages/airflow/example_dags/example_dataset_alias_with_no_taskflow.py
[2025-08-21T08:46:31.009+0000] {processor.py:925} INFO - DAG(s) 'dataset_s3_bucket_producer_with_no_taskflow', 'dataset_alias_example_alias_producer_with_no_taskflow', 'dataset_alias_example_alias_consumer_with_no_taskflow', 'dataset_s3_bucket_consumer_with_no_taskflow' retrieved from /home/airflow/.local/lib/python3.12/site-packages/airflow/example_dags/example_dataset_alias_with_no_taskflow.py
[2025-08-21T08:46:31.087+0000] {logging_mixin.py:190} INFO - [2025-08-21T08:46:31.087+0000] {dag.py:3229} INFO - Sync 4 DAGs
[2025-08-21T08:46:31.314+0000] {logging_mixin.py:190} INFO - [2025-08-21T08:46:31.312+0000] {dag.py:4156} INFO - Setting next_dagrun for dataset_alias_example_alias_consumer_with_no_taskflow to None, run_after=None
[2025-08-21T08:46:31.320+0000] {logging_mixin.py:190} INFO - [2025-08-21T08:46:31.319+0000] {dag.py:4156} INFO - Setting next_dagrun for dataset_alias_example_alias_producer_with_no_taskflow to None, run_after=None
[2025-08-21T08:46:31.321+0000] {logging_mixin.py:190} INFO - [2025-08-21T08:46:31.320+0000] {dag.py:4156} INFO - Setting next_dagrun for dataset_s3_bucket_consumer_with_no_taskflow to None, run_after=None
[2025-08-21T08:46:31.324+0000] {logging_mixin.py:190} INFO - [2025-08-21T08:46:31.324+0000] {dag.py:4156} INFO - Setting next_dagrun for dataset_s3_bucket_producer_with_no_taskflow to None, run_after=None
[2025-08-21T08:46:31.402+0000] {processor.py:208} INFO - Processing /home/airflow/.local/lib/python3.12/site-packages/airflow/example_dags/example_dataset_alias_with_no_taskflow.py took 1.844 seconds
[2025-08-21T08:47:10.194+0000] {processor.py:186} INFO - Started process (PID=519) to work on /home/airflow/.local/lib/python3.12/site-packages/airflow/example_dags/example_dataset_alias_with_no_taskflow.py
[2025-08-21T08:47:10.196+0000] {processor.py:914} INFO - Processing file /home/airflow/.local/lib/python3.12/site-packages/airflow/example_dags/example_dataset_alias_with_no_taskflow.py for tasks to queue
[2025-08-21T08:47:10.198+0000] {logging_mixin.py:190} INFO - [2025-08-21T08:47:10.198+0000] {dagbag.py:587} INFO - Filling up the DagBag from /home/airflow/.local/lib/python3.12/site-packages/airflow/example_dags/example_dataset_alias_with_no_taskflow.py
