[2025-08-21T08:43:24.301+0000] {processor.py:186} INFO - Started process (PID=114) to work on /home/airflow/.local/lib/python3.12/site-packages/airflow/example_dags/example_outlet_event_extra.py
[2025-08-21T08:43:24.316+0000] {processor.py:914} INFO - Processing file /home/airflow/.local/lib/python3.12/site-packages/airflow/example_dags/example_outlet_event_extra.py for tasks to queue
[2025-08-21T08:43:24.398+0000] {logging_mixin.py:190} INFO - [2025-08-21T08:43:24.390+0000] {dagbag.py:587} INFO - Filling up the DagBag from /home/airflow/.local/lib/python3.12/site-packages/airflow/example_dags/example_outlet_event_extra.py
[2025-08-21T08:43:27.598+0000] {processor.py:925} INFO - DAG(s) 'dataset_with_extra_by_context', 'dataset_with_extra_by_yield', 'dataset_with_extra_from_classic_operator' retrieved from /home/airflow/.local/lib/python3.12/site-packages/airflow/example_dags/example_outlet_event_extra.py
[2025-08-21T08:43:27.836+0000] {logging_mixin.py:190} INFO - [2025-08-21T08:43:27.835+0000] {dag.py:3229} INFO - Sync 3 DAGs
[2025-08-21T08:43:28.344+0000] {logging_mixin.py:190} INFO - [2025-08-21T08:43:28.342+0000] {dag.py:4156} INFO - Setting next_dagrun for dataset_with_extra_by_context to 2025-08-20 00:00:00+00:00, run_after=2025-08-21 00:00:00+00:00
[2025-08-21T08:43:28.378+0000] {logging_mixin.py:190} INFO - [2025-08-21T08:43:28.378+0000] {dag.py:4156} INFO - Setting next_dagrun for dataset_with_extra_by_yield to 2025-08-20 00:00:00+00:00, run_after=2025-08-21 00:00:00+00:00
[2025-08-21T08:43:28.396+0000] {logging_mixin.py:190} INFO - [2025-08-21T08:43:28.395+0000] {dag.py:4156} INFO - Setting next_dagrun for dataset_with_extra_from_classic_operator to 2025-08-20 00:00:00+00:00, run_after=2025-08-21 00:00:00+00:00
[2025-08-21T08:43:28.629+0000] {processor.py:208} INFO - Processing /home/airflow/.local/lib/python3.12/site-packages/airflow/example_dags/example_outlet_event_extra.py took 4.441 seconds
[2025-08-21T08:44:01.597+0000] {processor.py:186} INFO - Started process (PID=175) to work on /home/airflow/.local/lib/python3.12/site-packages/airflow/example_dags/example_outlet_event_extra.py
[2025-08-21T08:44:01.600+0000] {processor.py:914} INFO - Processing file /home/airflow/.local/lib/python3.12/site-packages/airflow/example_dags/example_outlet_event_extra.py for tasks to queue
[2025-08-21T08:44:01.605+0000] {logging_mixin.py:190} INFO - [2025-08-21T08:44:01.604+0000] {dagbag.py:587} INFO - Filling up the DagBag from /home/airflow/.local/lib/python3.12/site-packages/airflow/example_dags/example_outlet_event_extra.py
[2025-08-21T08:44:03.480+0000] {processor.py:925} INFO - DAG(s) 'dataset_with_extra_by_yield', 'dataset_with_extra_from_classic_operator', 'dataset_with_extra_by_context' retrieved from /home/airflow/.local/lib/python3.12/site-packages/airflow/example_dags/example_outlet_event_extra.py
[2025-08-21T08:44:03.983+0000] {logging_mixin.py:190} INFO - [2025-08-21T08:44:03.981+0000] {dag.py:3229} INFO - Sync 3 DAGs
[2025-08-21T08:44:04.263+0000] {logging_mixin.py:190} INFO - [2025-08-21T08:44:04.262+0000] {dag.py:4156} INFO - Setting next_dagrun for dataset_with_extra_by_context to 2025-08-20 00:00:00+00:00, run_after=2025-08-21 00:00:00+00:00
[2025-08-21T08:44:04.266+0000] {logging_mixin.py:190} INFO - [2025-08-21T08:44:04.266+0000] {dag.py:4156} INFO - Setting next_dagrun for dataset_with_extra_by_yield to 2025-08-20 00:00:00+00:00, run_after=2025-08-21 00:00:00+00:00
[2025-08-21T08:44:04.268+0000] {logging_mixin.py:190} INFO - [2025-08-21T08:44:04.268+0000] {dag.py:4156} INFO - Setting next_dagrun for dataset_with_extra_from_classic_operator to 2025-08-20 00:00:00+00:00, run_after=2025-08-21 00:00:00+00:00
[2025-08-21T08:44:04.333+0000] {processor.py:208} INFO - Processing /home/airflow/.local/lib/python3.12/site-packages/airflow/example_dags/example_outlet_event_extra.py took 2.743 seconds
[2025-08-21T08:44:34.769+0000] {processor.py:186} INFO - Started process (PID=237) to work on /home/airflow/.local/lib/python3.12/site-packages/airflow/example_dags/example_outlet_event_extra.py
[2025-08-21T08:44:34.783+0000] {processor.py:914} INFO - Processing file /home/airflow/.local/lib/python3.12/site-packages/airflow/example_dags/example_outlet_event_extra.py for tasks to queue
[2025-08-21T08:44:34.815+0000] {logging_mixin.py:190} INFO - [2025-08-21T08:44:34.815+0000] {dagbag.py:587} INFO - Filling up the DagBag from /home/airflow/.local/lib/python3.12/site-packages/airflow/example_dags/example_outlet_event_extra.py
[2025-08-21T08:44:35.952+0000] {processor.py:925} INFO - DAG(s) 'dataset_with_extra_by_yield', 'dataset_with_extra_by_context', 'dataset_with_extra_from_classic_operator' retrieved from /home/airflow/.local/lib/python3.12/site-packages/airflow/example_dags/example_outlet_event_extra.py
[2025-08-21T08:44:36.215+0000] {logging_mixin.py:190} INFO - [2025-08-21T08:44:36.214+0000] {dag.py:3229} INFO - Sync 3 DAGs
[2025-08-21T08:44:36.457+0000] {logging_mixin.py:190} INFO - [2025-08-21T08:44:36.456+0000] {dag.py:4156} INFO - Setting next_dagrun for dataset_with_extra_by_context to 2025-08-20 00:00:00+00:00, run_after=2025-08-21 00:00:00+00:00
[2025-08-21T08:44:36.490+0000] {logging_mixin.py:190} INFO - [2025-08-21T08:44:36.489+0000] {dag.py:4156} INFO - Setting next_dagrun for dataset_with_extra_by_yield to 2025-08-20 00:00:00+00:00, run_after=2025-08-21 00:00:00+00:00
[2025-08-21T08:44:36.495+0000] {logging_mixin.py:190} INFO - [2025-08-21T08:44:36.494+0000] {dag.py:4156} INFO - Setting next_dagrun for dataset_with_extra_from_classic_operator to 2025-08-20 00:00:00+00:00, run_after=2025-08-21 00:00:00+00:00
[2025-08-21T08:44:36.738+0000] {processor.py:208} INFO - Processing /home/airflow/.local/lib/python3.12/site-packages/airflow/example_dags/example_outlet_event_extra.py took 2.045 seconds
[2025-08-21T08:45:07.081+0000] {processor.py:186} INFO - Started process (PID=299) to work on /home/airflow/.local/lib/python3.12/site-packages/airflow/example_dags/example_outlet_event_extra.py
[2025-08-21T08:45:07.085+0000] {processor.py:914} INFO - Processing file /home/airflow/.local/lib/python3.12/site-packages/airflow/example_dags/example_outlet_event_extra.py for tasks to queue
[2025-08-21T08:45:07.098+0000] {logging_mixin.py:190} INFO - [2025-08-21T08:45:07.098+0000] {dagbag.py:587} INFO - Filling up the DagBag from /home/airflow/.local/lib/python3.12/site-packages/airflow/example_dags/example_outlet_event_extra.py
[2025-08-21T08:45:07.602+0000] {processor.py:925} INFO - DAG(s) 'dataset_with_extra_by_context', 'dataset_with_extra_from_classic_operator', 'dataset_with_extra_by_yield' retrieved from /home/airflow/.local/lib/python3.12/site-packages/airflow/example_dags/example_outlet_event_extra.py
[2025-08-21T08:45:07.754+0000] {logging_mixin.py:190} INFO - [2025-08-21T08:45:07.753+0000] {dag.py:3229} INFO - Sync 3 DAGs
[2025-08-21T08:45:07.810+0000] {logging_mixin.py:190} INFO - [2025-08-21T08:45:07.810+0000] {dag.py:4156} INFO - Setting next_dagrun for dataset_with_extra_by_context to 2025-08-20 00:00:00+00:00, run_after=2025-08-21 00:00:00+00:00
[2025-08-21T08:45:07.823+0000] {logging_mixin.py:190} INFO - [2025-08-21T08:45:07.822+0000] {dag.py:4156} INFO - Setting next_dagrun for dataset_with_extra_by_yield to 2025-08-20 00:00:00+00:00, run_after=2025-08-21 00:00:00+00:00
[2025-08-21T08:45:07.825+0000] {logging_mixin.py:190} INFO - [2025-08-21T08:45:07.825+0000] {dag.py:4156} INFO - Setting next_dagrun for dataset_with_extra_from_classic_operator to 2025-08-20 00:00:00+00:00, run_after=2025-08-21 00:00:00+00:00
[2025-08-21T08:45:07.859+0000] {processor.py:208} INFO - Processing /home/airflow/.local/lib/python3.12/site-packages/airflow/example_dags/example_outlet_event_extra.py took 0.803 seconds
[2025-08-21T08:45:39.709+0000] {processor.py:186} INFO - Started process (PID=361) to work on /home/airflow/.local/lib/python3.12/site-packages/airflow/example_dags/example_outlet_event_extra.py
[2025-08-21T08:45:39.711+0000] {processor.py:914} INFO - Processing file /home/airflow/.local/lib/python3.12/site-packages/airflow/example_dags/example_outlet_event_extra.py for tasks to queue
[2025-08-21T08:45:39.713+0000] {logging_mixin.py:190} INFO - [2025-08-21T08:45:39.713+0000] {dagbag.py:587} INFO - Filling up the DagBag from /home/airflow/.local/lib/python3.12/site-packages/airflow/example_dags/example_outlet_event_extra.py
[2025-08-21T08:45:40.432+0000] {processor.py:925} INFO - DAG(s) 'dataset_with_extra_from_classic_operator', 'dataset_with_extra_by_context', 'dataset_with_extra_by_yield' retrieved from /home/airflow/.local/lib/python3.12/site-packages/airflow/example_dags/example_outlet_event_extra.py
[2025-08-21T08:45:40.562+0000] {logging_mixin.py:190} INFO - [2025-08-21T08:45:40.557+0000] {dag.py:3229} INFO - Sync 3 DAGs
[2025-08-21T08:45:40.678+0000] {logging_mixin.py:190} INFO - [2025-08-21T08:45:40.677+0000] {dag.py:4156} INFO - Setting next_dagrun for dataset_with_extra_by_context to 2025-08-20 00:00:00+00:00, run_after=2025-08-21 00:00:00+00:00
[2025-08-21T08:45:40.702+0000] {logging_mixin.py:190} INFO - [2025-08-21T08:45:40.701+0000] {dag.py:4156} INFO - Setting next_dagrun for dataset_with_extra_by_yield to 2025-08-20 00:00:00+00:00, run_after=2025-08-21 00:00:00+00:00
[2025-08-21T08:45:40.711+0000] {logging_mixin.py:190} INFO - [2025-08-21T08:45:40.710+0000] {dag.py:4156} INFO - Setting next_dagrun for dataset_with_extra_from_classic_operator to 2025-08-20 00:00:00+00:00, run_after=2025-08-21 00:00:00+00:00
[2025-08-21T08:45:40.881+0000] {processor.py:208} INFO - Processing /home/airflow/.local/lib/python3.12/site-packages/airflow/example_dags/example_outlet_event_extra.py took 1.176 seconds
[2025-08-21T08:46:12.542+0000] {processor.py:186} INFO - Started process (PID=426) to work on /home/airflow/.local/lib/python3.12/site-packages/airflow/example_dags/example_outlet_event_extra.py
[2025-08-21T08:46:12.544+0000] {processor.py:914} INFO - Processing file /home/airflow/.local/lib/python3.12/site-packages/airflow/example_dags/example_outlet_event_extra.py for tasks to queue
[2025-08-21T08:46:12.545+0000] {logging_mixin.py:190} INFO - [2025-08-21T08:46:12.545+0000] {dagbag.py:587} INFO - Filling up the DagBag from /home/airflow/.local/lib/python3.12/site-packages/airflow/example_dags/example_outlet_event_extra.py
[2025-08-21T08:46:12.776+0000] {processor.py:925} INFO - DAG(s) 'dataset_with_extra_by_yield', 'dataset_with_extra_by_context', 'dataset_with_extra_from_classic_operator' retrieved from /home/airflow/.local/lib/python3.12/site-packages/airflow/example_dags/example_outlet_event_extra.py
[2025-08-21T08:46:12.802+0000] {logging_mixin.py:190} INFO - [2025-08-21T08:46:12.802+0000] {dag.py:3229} INFO - Sync 3 DAGs
[2025-08-21T08:46:12.821+0000] {logging_mixin.py:190} INFO - [2025-08-21T08:46:12.821+0000] {dag.py:4156} INFO - Setting next_dagrun for dataset_with_extra_by_context to 2025-08-20 00:00:00+00:00, run_after=2025-08-21 00:00:00+00:00
[2025-08-21T08:46:12.824+0000] {logging_mixin.py:190} INFO - [2025-08-21T08:46:12.824+0000] {dag.py:4156} INFO - Setting next_dagrun for dataset_with_extra_by_yield to 2025-08-20 00:00:00+00:00, run_after=2025-08-21 00:00:00+00:00
[2025-08-21T08:46:12.825+0000] {logging_mixin.py:190} INFO - [2025-08-21T08:46:12.825+0000] {dag.py:4156} INFO - Setting next_dagrun for dataset_with_extra_from_classic_operator to 2025-08-20 00:00:00+00:00, run_after=2025-08-21 00:00:00+00:00
[2025-08-21T08:46:12.845+0000] {processor.py:208} INFO - Processing /home/airflow/.local/lib/python3.12/site-packages/airflow/example_dags/example_outlet_event_extra.py took 0.307 seconds
[2025-08-21T08:46:45.459+0000] {processor.py:186} INFO - Started process (PID=489) to work on /home/airflow/.local/lib/python3.12/site-packages/airflow/example_dags/example_outlet_event_extra.py
[2025-08-21T08:46:45.470+0000] {processor.py:914} INFO - Processing file /home/airflow/.local/lib/python3.12/site-packages/airflow/example_dags/example_outlet_event_extra.py for tasks to queue
[2025-08-21T08:46:45.477+0000] {logging_mixin.py:190} INFO - [2025-08-21T08:46:45.477+0000] {dagbag.py:587} INFO - Filling up the DagBag from /home/airflow/.local/lib/python3.12/site-packages/airflow/example_dags/example_outlet_event_extra.py
[2025-08-21T08:46:45.947+0000] {processor.py:925} INFO - DAG(s) 'dataset_with_extra_by_context', 'dataset_with_extra_from_classic_operator', 'dataset_with_extra_by_yield' retrieved from /home/airflow/.local/lib/python3.12/site-packages/airflow/example_dags/example_outlet_event_extra.py
[2025-08-21T08:46:46.320+0000] {logging_mixin.py:190} INFO - [2025-08-21T08:46:46.319+0000] {dag.py:3229} INFO - Sync 3 DAGs
[2025-08-21T08:46:47.501+0000] {logging_mixin.py:190} INFO - [2025-08-21T08:46:47.483+0000] {dag.py:4156} INFO - Setting next_dagrun for dataset_with_extra_by_context to 2025-08-20 00:00:00+00:00, run_after=2025-08-21 00:00:00+00:00
[2025-08-21T08:46:47.694+0000] {logging_mixin.py:190} INFO - [2025-08-21T08:46:47.694+0000] {dag.py:4156} INFO - Setting next_dagrun for dataset_with_extra_by_yield to 2025-08-20 00:00:00+00:00, run_after=2025-08-21 00:00:00+00:00
[2025-08-21T08:46:47.732+0000] {logging_mixin.py:190} INFO - [2025-08-21T08:46:47.732+0000] {dag.py:4156} INFO - Setting next_dagrun for dataset_with_extra_from_classic_operator to 2025-08-20 00:00:00+00:00, run_after=2025-08-21 00:00:00+00:00
[2025-08-21T08:46:48.518+0000] {processor.py:208} INFO - Processing /home/airflow/.local/lib/python3.12/site-packages/airflow/example_dags/example_outlet_event_extra.py took 3.066 seconds
