[2025-08-21T08:43:15.051+0000] {processor.py:186} INFO - Started process (PID=91) to work on /home/airflow/.local/lib/python3.12/site-packages/airflow/example_dags/example_datasets.py
[2025-08-21T08:43:15.066+0000] {processor.py:914} INFO - Processing file /home/airflow/.local/lib/python3.12/site-packages/airflow/example_dags/example_datasets.py for tasks to queue
[2025-08-21T08:43:15.077+0000] {logging_mixin.py:190} INFO - [2025-08-21T08:43:15.076+0000] {dagbag.py:587} INFO - Filling up the DagBag from /home/airflow/.local/lib/python3.12/site-packages/airflow/example_dags/example_datasets.py
[2025-08-21T08:43:16.573+0000] {processor.py:925} INFO - DAG(s) 'consume_1_and_2_with_dataset_expressions', 'dataset_produces_1', 'dataset_consumes_unknown_never_scheduled', 'dataset_consumes_1', 'dataset_consumes_1_never_scheduled', 'dataset_produces_2', 'dataset_consumes_1_and_2', 'consume_1_or_2_with_dataset_expressions', 'conditional_dataset_and_time_based_timetable', 'consume_1_or_both_2_and_3_with_dataset_expressions' retrieved from /home/airflow/.local/lib/python3.12/site-packages/airflow/example_dags/example_datasets.py
[2025-08-21T08:43:17.106+0000] {logging_mixin.py:190} INFO - [2025-08-21T08:43:17.104+0000] {dag.py:3229} INFO - Sync 10 DAGs
[2025-08-21T08:43:17.276+0000] {logging_mixin.py:190} INFO - [2025-08-21T08:43:17.275+0000] {dag.py:4156} INFO - Setting next_dagrun for conditional_dataset_and_time_based_timetable to 2025-08-20 01:00:00+00:00, run_after=2025-08-20 01:00:00+00:00
[2025-08-21T08:43:17.291+0000] {logging_mixin.py:190} INFO - [2025-08-21T08:43:17.290+0000] {dag.py:4156} INFO - Setting next_dagrun for consume_1_and_2_with_dataset_expressions to None, run_after=None
[2025-08-21T08:43:17.297+0000] {logging_mixin.py:190} INFO - [2025-08-21T08:43:17.296+0000] {dag.py:4156} INFO - Setting next_dagrun for consume_1_or_2_with_dataset_expressions to None, run_after=None
[2025-08-21T08:43:17.300+0000] {logging_mixin.py:190} INFO - [2025-08-21T08:43:17.300+0000] {dag.py:4156} INFO - Setting next_dagrun for consume_1_or_both_2_and_3_with_dataset_expressions to None, run_after=None
[2025-08-21T08:43:17.303+0000] {logging_mixin.py:190} INFO - [2025-08-21T08:43:17.303+0000] {dag.py:4156} INFO - Setting next_dagrun for dataset_consumes_1 to None, run_after=None
[2025-08-21T08:43:17.306+0000] {logging_mixin.py:190} INFO - [2025-08-21T08:43:17.306+0000] {dag.py:4156} INFO - Setting next_dagrun for dataset_consumes_1_and_2 to None, run_after=None
[2025-08-21T08:43:17.313+0000] {logging_mixin.py:190} INFO - [2025-08-21T08:43:17.312+0000] {dag.py:4156} INFO - Setting next_dagrun for dataset_consumes_1_never_scheduled to None, run_after=None
[2025-08-21T08:43:17.316+0000] {logging_mixin.py:190} INFO - [2025-08-21T08:43:17.316+0000] {dag.py:4156} INFO - Setting next_dagrun for dataset_consumes_unknown_never_scheduled to None, run_after=None
[2025-08-21T08:43:17.327+0000] {logging_mixin.py:190} INFO - [2025-08-21T08:43:17.326+0000] {dag.py:4156} INFO - Setting next_dagrun for dataset_produces_1 to 2025-08-20 00:00:00+00:00, run_after=2025-08-21 00:00:00+00:00
[2025-08-21T08:43:17.330+0000] {logging_mixin.py:190} INFO - [2025-08-21T08:43:17.330+0000] {dag.py:4156} INFO - Setting next_dagrun for dataset_produces_2 to None, run_after=None
[2025-08-21T08:43:17.448+0000] {processor.py:208} INFO - Processing /home/airflow/.local/lib/python3.12/site-packages/airflow/example_dags/example_datasets.py took 2.471 seconds
[2025-08-21T08:43:50.998+0000] {processor.py:186} INFO - Started process (PID=158) to work on /home/airflow/.local/lib/python3.12/site-packages/airflow/example_dags/example_datasets.py
[2025-08-21T08:43:51.012+0000] {processor.py:914} INFO - Processing file /home/airflow/.local/lib/python3.12/site-packages/airflow/example_dags/example_datasets.py for tasks to queue
[2025-08-21T08:43:51.020+0000] {logging_mixin.py:190} INFO - [2025-08-21T08:43:51.019+0000] {dagbag.py:587} INFO - Filling up the DagBag from /home/airflow/.local/lib/python3.12/site-packages/airflow/example_dags/example_datasets.py
[2025-08-21T08:43:52.318+0000] {processor.py:925} INFO - DAG(s) 'dataset_consumes_1', 'consume_1_or_2_with_dataset_expressions', 'dataset_produces_1', 'dataset_consumes_1_and_2', 'consume_1_and_2_with_dataset_expressions', 'consume_1_or_both_2_and_3_with_dataset_expressions', 'dataset_produces_2', 'conditional_dataset_and_time_based_timetable', 'dataset_consumes_1_never_scheduled', 'dataset_consumes_unknown_never_scheduled' retrieved from /home/airflow/.local/lib/python3.12/site-packages/airflow/example_dags/example_datasets.py
[2025-08-21T08:43:52.607+0000] {logging_mixin.py:190} INFO - [2025-08-21T08:43:52.595+0000] {dag.py:3229} INFO - Sync 10 DAGs
[2025-08-21T08:43:52.848+0000] {logging_mixin.py:190} INFO - [2025-08-21T08:43:52.846+0000] {dag.py:4156} INFO - Setting next_dagrun for conditional_dataset_and_time_based_timetable to 2025-08-20 01:00:00+00:00, run_after=2025-08-20 01:00:00+00:00
[2025-08-21T08:43:52.862+0000] {logging_mixin.py:190} INFO - [2025-08-21T08:43:52.861+0000] {dag.py:4156} INFO - Setting next_dagrun for consume_1_and_2_with_dataset_expressions to None, run_after=None
[2025-08-21T08:43:52.869+0000] {logging_mixin.py:190} INFO - [2025-08-21T08:43:52.868+0000] {dag.py:4156} INFO - Setting next_dagrun for consume_1_or_2_with_dataset_expressions to None, run_after=None
[2025-08-21T08:43:52.876+0000] {logging_mixin.py:190} INFO - [2025-08-21T08:43:52.876+0000] {dag.py:4156} INFO - Setting next_dagrun for consume_1_or_both_2_and_3_with_dataset_expressions to None, run_after=None
[2025-08-21T08:43:52.882+0000] {logging_mixin.py:190} INFO - [2025-08-21T08:43:52.881+0000] {dag.py:4156} INFO - Setting next_dagrun for dataset_consumes_1 to None, run_after=None
[2025-08-21T08:43:52.889+0000] {logging_mixin.py:190} INFO - [2025-08-21T08:43:52.888+0000] {dag.py:4156} INFO - Setting next_dagrun for dataset_consumes_1_and_2 to None, run_after=None
[2025-08-21T08:43:52.897+0000] {logging_mixin.py:190} INFO - [2025-08-21T08:43:52.896+0000] {dag.py:4156} INFO - Setting next_dagrun for dataset_consumes_1_never_scheduled to None, run_after=None
[2025-08-21T08:43:52.901+0000] {logging_mixin.py:190} INFO - [2025-08-21T08:43:52.901+0000] {dag.py:4156} INFO - Setting next_dagrun for dataset_consumes_unknown_never_scheduled to None, run_after=None
[2025-08-21T08:43:52.910+0000] {logging_mixin.py:190} INFO - [2025-08-21T08:43:52.909+0000] {dag.py:4156} INFO - Setting next_dagrun for dataset_produces_1 to 2025-08-20 00:00:00+00:00, run_after=2025-08-21 00:00:00+00:00
[2025-08-21T08:43:52.914+0000] {logging_mixin.py:190} INFO - [2025-08-21T08:43:52.913+0000] {dag.py:4156} INFO - Setting next_dagrun for dataset_produces_2 to None, run_after=None
[2025-08-21T08:43:53.231+0000] {processor.py:208} INFO - Processing /home/airflow/.local/lib/python3.12/site-packages/airflow/example_dags/example_datasets.py took 2.272 seconds
[2025-08-21T08:44:23.486+0000] {processor.py:186} INFO - Started process (PID=221) to work on /home/airflow/.local/lib/python3.12/site-packages/airflow/example_dags/example_datasets.py
[2025-08-21T08:44:23.490+0000] {processor.py:914} INFO - Processing file /home/airflow/.local/lib/python3.12/site-packages/airflow/example_dags/example_datasets.py for tasks to queue
[2025-08-21T08:44:23.500+0000] {logging_mixin.py:190} INFO - [2025-08-21T08:44:23.499+0000] {dagbag.py:587} INFO - Filling up the DagBag from /home/airflow/.local/lib/python3.12/site-packages/airflow/example_dags/example_datasets.py
[2025-08-21T08:44:24.483+0000] {processor.py:925} INFO - DAG(s) 'dataset_produces_2', 'consume_1_and_2_with_dataset_expressions', 'dataset_consumes_unknown_never_scheduled', 'dataset_produces_1', 'dataset_consumes_1', 'consume_1_or_2_with_dataset_expressions', 'consume_1_or_both_2_and_3_with_dataset_expressions', 'conditional_dataset_and_time_based_timetable', 'dataset_consumes_1_and_2', 'dataset_consumes_1_never_scheduled' retrieved from /home/airflow/.local/lib/python3.12/site-packages/airflow/example_dags/example_datasets.py
[2025-08-21T08:44:24.938+0000] {logging_mixin.py:190} INFO - [2025-08-21T08:44:24.934+0000] {dag.py:3229} INFO - Sync 10 DAGs
[2025-08-21T08:44:25.084+0000] {logging_mixin.py:190} INFO - [2025-08-21T08:44:25.083+0000] {dag.py:4156} INFO - Setting next_dagrun for conditional_dataset_and_time_based_timetable to 2025-08-20 01:00:00+00:00, run_after=2025-08-20 01:00:00+00:00
[2025-08-21T08:44:25.098+0000] {logging_mixin.py:190} INFO - [2025-08-21T08:44:25.098+0000] {dag.py:4156} INFO - Setting next_dagrun for consume_1_and_2_with_dataset_expressions to None, run_after=None
[2025-08-21T08:44:25.101+0000] {logging_mixin.py:190} INFO - [2025-08-21T08:44:25.101+0000] {dag.py:4156} INFO - Setting next_dagrun for consume_1_or_2_with_dataset_expressions to None, run_after=None
[2025-08-21T08:44:25.109+0000] {logging_mixin.py:190} INFO - [2025-08-21T08:44:25.108+0000] {dag.py:4156} INFO - Setting next_dagrun for consume_1_or_both_2_and_3_with_dataset_expressions to None, run_after=None
[2025-08-21T08:44:25.111+0000] {logging_mixin.py:190} INFO - [2025-08-21T08:44:25.111+0000] {dag.py:4156} INFO - Setting next_dagrun for dataset_consumes_1 to None, run_after=None
[2025-08-21T08:44:25.117+0000] {logging_mixin.py:190} INFO - [2025-08-21T08:44:25.116+0000] {dag.py:4156} INFO - Setting next_dagrun for dataset_consumes_1_and_2 to None, run_after=None
[2025-08-21T08:44:25.122+0000] {logging_mixin.py:190} INFO - [2025-08-21T08:44:25.121+0000] {dag.py:4156} INFO - Setting next_dagrun for dataset_consumes_1_never_scheduled to None, run_after=None
[2025-08-21T08:44:25.125+0000] {logging_mixin.py:190} INFO - [2025-08-21T08:44:25.125+0000] {dag.py:4156} INFO - Setting next_dagrun for dataset_consumes_unknown_never_scheduled to None, run_after=None
[2025-08-21T08:44:25.136+0000] {logging_mixin.py:190} INFO - [2025-08-21T08:44:25.135+0000] {dag.py:4156} INFO - Setting next_dagrun for dataset_produces_1 to 2025-08-20 00:00:00+00:00, run_after=2025-08-21 00:00:00+00:00
[2025-08-21T08:44:25.144+0000] {logging_mixin.py:190} INFO - [2025-08-21T08:44:25.143+0000] {dag.py:4156} INFO - Setting next_dagrun for dataset_produces_2 to None, run_after=None
[2025-08-21T08:44:25.310+0000] {processor.py:208} INFO - Processing /home/airflow/.local/lib/python3.12/site-packages/airflow/example_dags/example_datasets.py took 1.846 seconds
[2025-08-21T08:44:58.115+0000] {processor.py:186} INFO - Started process (PID=283) to work on /home/airflow/.local/lib/python3.12/site-packages/airflow/example_dags/example_datasets.py
[2025-08-21T08:44:58.118+0000] {processor.py:914} INFO - Processing file /home/airflow/.local/lib/python3.12/site-packages/airflow/example_dags/example_datasets.py for tasks to queue
[2025-08-21T08:44:58.122+0000] {logging_mixin.py:190} INFO - [2025-08-21T08:44:58.122+0000] {dagbag.py:587} INFO - Filling up the DagBag from /home/airflow/.local/lib/python3.12/site-packages/airflow/example_dags/example_datasets.py
[2025-08-21T08:44:59.030+0000] {processor.py:925} INFO - DAG(s) 'dataset_consumes_1', 'dataset_produces_2', 'consume_1_and_2_with_dataset_expressions', 'dataset_consumes_1_never_scheduled', 'consume_1_or_both_2_and_3_with_dataset_expressions', 'dataset_produces_1', 'conditional_dataset_and_time_based_timetable', 'consume_1_or_2_with_dataset_expressions', 'dataset_consumes_1_and_2', 'dataset_consumes_unknown_never_scheduled' retrieved from /home/airflow/.local/lib/python3.12/site-packages/airflow/example_dags/example_datasets.py
[2025-08-21T08:44:59.193+0000] {logging_mixin.py:190} INFO - [2025-08-21T08:44:59.192+0000] {dag.py:3229} INFO - Sync 10 DAGs
[2025-08-21T08:44:59.455+0000] {logging_mixin.py:190} INFO - [2025-08-21T08:44:59.455+0000] {dag.py:4156} INFO - Setting next_dagrun for conditional_dataset_and_time_based_timetable to 2025-08-20 01:00:00+00:00, run_after=2025-08-20 01:00:00+00:00
[2025-08-21T08:44:59.465+0000] {logging_mixin.py:190} INFO - [2025-08-21T08:44:59.464+0000] {dag.py:4156} INFO - Setting next_dagrun for consume_1_and_2_with_dataset_expressions to None, run_after=None
[2025-08-21T08:44:59.469+0000] {logging_mixin.py:190} INFO - [2025-08-21T08:44:59.468+0000] {dag.py:4156} INFO - Setting next_dagrun for consume_1_or_2_with_dataset_expressions to None, run_after=None
[2025-08-21T08:44:59.479+0000] {logging_mixin.py:190} INFO - [2025-08-21T08:44:59.477+0000] {dag.py:4156} INFO - Setting next_dagrun for consume_1_or_both_2_and_3_with_dataset_expressions to None, run_after=None
[2025-08-21T08:44:59.485+0000] {logging_mixin.py:190} INFO - [2025-08-21T08:44:59.485+0000] {dag.py:4156} INFO - Setting next_dagrun for dataset_consumes_1 to None, run_after=None
[2025-08-21T08:44:59.486+0000] {logging_mixin.py:190} INFO - [2025-08-21T08:44:59.486+0000] {dag.py:4156} INFO - Setting next_dagrun for dataset_consumes_1_and_2 to None, run_after=None
[2025-08-21T08:44:59.487+0000] {logging_mixin.py:190} INFO - [2025-08-21T08:44:59.487+0000] {dag.py:4156} INFO - Setting next_dagrun for dataset_consumes_1_never_scheduled to None, run_after=None
[2025-08-21T08:44:59.488+0000] {logging_mixin.py:190} INFO - [2025-08-21T08:44:59.488+0000] {dag.py:4156} INFO - Setting next_dagrun for dataset_consumes_unknown_never_scheduled to None, run_after=None
[2025-08-21T08:44:59.492+0000] {logging_mixin.py:190} INFO - [2025-08-21T08:44:59.491+0000] {dag.py:4156} INFO - Setting next_dagrun for dataset_produces_1 to 2025-08-20 00:00:00+00:00, run_after=2025-08-21 00:00:00+00:00
[2025-08-21T08:44:59.496+0000] {logging_mixin.py:190} INFO - [2025-08-21T08:44:59.495+0000] {dag.py:4156} INFO - Setting next_dagrun for dataset_produces_2 to None, run_after=None
[2025-08-21T08:44:59.586+0000] {processor.py:208} INFO - Processing /home/airflow/.local/lib/python3.12/site-packages/airflow/example_dags/example_datasets.py took 1.479 seconds
[2025-08-21T08:45:33.753+0000] {processor.py:186} INFO - Started process (PID=344) to work on /home/airflow/.local/lib/python3.12/site-packages/airflow/example_dags/example_datasets.py
[2025-08-21T08:45:33.789+0000] {processor.py:914} INFO - Processing file /home/airflow/.local/lib/python3.12/site-packages/airflow/example_dags/example_datasets.py for tasks to queue
[2025-08-21T08:45:33.819+0000] {logging_mixin.py:190} INFO - [2025-08-21T08:45:33.812+0000] {dagbag.py:587} INFO - Filling up the DagBag from /home/airflow/.local/lib/python3.12/site-packages/airflow/example_dags/example_datasets.py
[2025-08-21T08:45:34.471+0000] {processor.py:925} INFO - DAG(s) 'consume_1_or_2_with_dataset_expressions', 'conditional_dataset_and_time_based_timetable', 'dataset_consumes_1_never_scheduled', 'consume_1_or_both_2_and_3_with_dataset_expressions', 'dataset_produces_1', 'dataset_consumes_1', 'dataset_consumes_1_and_2', 'consume_1_and_2_with_dataset_expressions', 'dataset_consumes_unknown_never_scheduled', 'dataset_produces_2' retrieved from /home/airflow/.local/lib/python3.12/site-packages/airflow/example_dags/example_datasets.py
[2025-08-21T08:45:34.708+0000] {logging_mixin.py:190} INFO - [2025-08-21T08:45:34.707+0000] {dag.py:3229} INFO - Sync 10 DAGs
[2025-08-21T08:45:35.037+0000] {logging_mixin.py:190} INFO - [2025-08-21T08:45:35.036+0000] {dag.py:4156} INFO - Setting next_dagrun for conditional_dataset_and_time_based_timetable to 2025-08-20 01:00:00+00:00, run_after=2025-08-20 01:00:00+00:00
[2025-08-21T08:45:35.077+0000] {logging_mixin.py:190} INFO - [2025-08-21T08:45:35.076+0000] {dag.py:4156} INFO - Setting next_dagrun for consume_1_and_2_with_dataset_expressions to None, run_after=None
[2025-08-21T08:45:35.080+0000] {logging_mixin.py:190} INFO - [2025-08-21T08:45:35.079+0000] {dag.py:4156} INFO - Setting next_dagrun for consume_1_or_2_with_dataset_expressions to None, run_after=None
[2025-08-21T08:45:35.083+0000] {logging_mixin.py:190} INFO - [2025-08-21T08:45:35.083+0000] {dag.py:4156} INFO - Setting next_dagrun for consume_1_or_both_2_and_3_with_dataset_expressions to None, run_after=None
[2025-08-21T08:45:35.084+0000] {logging_mixin.py:190} INFO - [2025-08-21T08:45:35.084+0000] {dag.py:4156} INFO - Setting next_dagrun for dataset_consumes_1 to None, run_after=None
[2025-08-21T08:45:35.088+0000] {logging_mixin.py:190} INFO - [2025-08-21T08:45:35.087+0000] {dag.py:4156} INFO - Setting next_dagrun for dataset_consumes_1_and_2 to None, run_after=None
[2025-08-21T08:45:35.092+0000] {logging_mixin.py:190} INFO - [2025-08-21T08:45:35.092+0000] {dag.py:4156} INFO - Setting next_dagrun for dataset_consumes_1_never_scheduled to None, run_after=None
[2025-08-21T08:45:35.094+0000] {logging_mixin.py:190} INFO - [2025-08-21T08:45:35.094+0000] {dag.py:4156} INFO - Setting next_dagrun for dataset_consumes_unknown_never_scheduled to None, run_after=None
[2025-08-21T08:45:35.100+0000] {logging_mixin.py:190} INFO - [2025-08-21T08:45:35.099+0000] {dag.py:4156} INFO - Setting next_dagrun for dataset_produces_1 to 2025-08-20 00:00:00+00:00, run_after=2025-08-21 00:00:00+00:00
[2025-08-21T08:45:35.115+0000] {logging_mixin.py:190} INFO - [2025-08-21T08:45:35.115+0000] {dag.py:4156} INFO - Setting next_dagrun for dataset_produces_2 to None, run_after=None
[2025-08-21T08:45:35.492+0000] {processor.py:208} INFO - Processing /home/airflow/.local/lib/python3.12/site-packages/airflow/example_dags/example_datasets.py took 1.810 seconds
[2025-08-21T08:46:06.552+0000] {processor.py:186} INFO - Started process (PID=407) to work on /home/airflow/.local/lib/python3.12/site-packages/airflow/example_dags/example_datasets.py
[2025-08-21T08:46:06.555+0000] {processor.py:914} INFO - Processing file /home/airflow/.local/lib/python3.12/site-packages/airflow/example_dags/example_datasets.py for tasks to queue
[2025-08-21T08:46:06.558+0000] {logging_mixin.py:190} INFO - [2025-08-21T08:46:06.557+0000] {dagbag.py:587} INFO - Filling up the DagBag from /home/airflow/.local/lib/python3.12/site-packages/airflow/example_dags/example_datasets.py
[2025-08-21T08:46:07.963+0000] {processor.py:925} INFO - DAG(s) 'consume_1_or_both_2_and_3_with_dataset_expressions', 'consume_1_and_2_with_dataset_expressions', 'dataset_consumes_unknown_never_scheduled', 'dataset_produces_1', 'dataset_consumes_1_and_2', 'dataset_produces_2', 'dataset_consumes_1_never_scheduled', 'conditional_dataset_and_time_based_timetable', 'consume_1_or_2_with_dataset_expressions', 'dataset_consumes_1' retrieved from /home/airflow/.local/lib/python3.12/site-packages/airflow/example_dags/example_datasets.py
[2025-08-21T08:46:09.332+0000] {logging_mixin.py:190} INFO - [2025-08-21T08:46:09.322+0000] {dag.py:3229} INFO - Sync 10 DAGs
[2025-08-21T08:46:09.576+0000] {logging_mixin.py:190} INFO - [2025-08-21T08:46:09.572+0000] {dag.py:4156} INFO - Setting next_dagrun for conditional_dataset_and_time_based_timetable to 2025-08-20 01:00:00+00:00, run_after=2025-08-20 01:00:00+00:00
[2025-08-21T08:46:09.606+0000] {logging_mixin.py:190} INFO - [2025-08-21T08:46:09.605+0000] {dag.py:4156} INFO - Setting next_dagrun for consume_1_and_2_with_dataset_expressions to None, run_after=None
[2025-08-21T08:46:09.614+0000] {logging_mixin.py:190} INFO - [2025-08-21T08:46:09.614+0000] {dag.py:4156} INFO - Setting next_dagrun for consume_1_or_2_with_dataset_expressions to None, run_after=None
[2025-08-21T08:46:09.624+0000] {logging_mixin.py:190} INFO - [2025-08-21T08:46:09.624+0000] {dag.py:4156} INFO - Setting next_dagrun for consume_1_or_both_2_and_3_with_dataset_expressions to None, run_after=None
[2025-08-21T08:46:09.629+0000] {logging_mixin.py:190} INFO - [2025-08-21T08:46:09.628+0000] {dag.py:4156} INFO - Setting next_dagrun for dataset_consumes_1 to None, run_after=None
[2025-08-21T08:46:09.650+0000] {logging_mixin.py:190} INFO - [2025-08-21T08:46:09.648+0000] {dag.py:4156} INFO - Setting next_dagrun for dataset_consumes_1_and_2 to None, run_after=None
[2025-08-21T08:46:09.657+0000] {logging_mixin.py:190} INFO - [2025-08-21T08:46:09.656+0000] {dag.py:4156} INFO - Setting next_dagrun for dataset_consumes_1_never_scheduled to None, run_after=None
[2025-08-21T08:46:09.662+0000] {logging_mixin.py:190} INFO - [2025-08-21T08:46:09.661+0000] {dag.py:4156} INFO - Setting next_dagrun for dataset_consumes_unknown_never_scheduled to None, run_after=None
[2025-08-21T08:46:09.670+0000] {logging_mixin.py:190} INFO - [2025-08-21T08:46:09.670+0000] {dag.py:4156} INFO - Setting next_dagrun for dataset_produces_1 to 2025-08-20 00:00:00+00:00, run_after=2025-08-21 00:00:00+00:00
[2025-08-21T08:46:09.674+0000] {logging_mixin.py:190} INFO - [2025-08-21T08:46:09.673+0000] {dag.py:4156} INFO - Setting next_dagrun for dataset_produces_2 to None, run_after=None
[2025-08-21T08:46:09.863+0000] {processor.py:208} INFO - Processing /home/airflow/.local/lib/python3.12/site-packages/airflow/example_dags/example_datasets.py took 3.323 seconds
[2025-08-21T08:46:40.505+0000] {processor.py:186} INFO - Started process (PID=469) to work on /home/airflow/.local/lib/python3.12/site-packages/airflow/example_dags/example_datasets.py
[2025-08-21T08:46:40.522+0000] {processor.py:914} INFO - Processing file /home/airflow/.local/lib/python3.12/site-packages/airflow/example_dags/example_datasets.py for tasks to queue
[2025-08-21T08:46:40.542+0000] {logging_mixin.py:190} INFO - [2025-08-21T08:46:40.539+0000] {dagbag.py:587} INFO - Filling up the DagBag from /home/airflow/.local/lib/python3.12/site-packages/airflow/example_dags/example_datasets.py
[2025-08-21T08:46:41.254+0000] {processor.py:925} INFO - DAG(s) 'dataset_produces_2', 'consume_1_or_both_2_and_3_with_dataset_expressions', 'conditional_dataset_and_time_based_timetable', 'dataset_produces_1', 'dataset_consumes_unknown_never_scheduled', 'consume_1_or_2_with_dataset_expressions', 'consume_1_and_2_with_dataset_expressions', 'dataset_consumes_1', 'dataset_consumes_1_never_scheduled', 'dataset_consumes_1_and_2' retrieved from /home/airflow/.local/lib/python3.12/site-packages/airflow/example_dags/example_datasets.py
[2025-08-21T08:46:41.338+0000] {logging_mixin.py:190} INFO - [2025-08-21T08:46:41.337+0000] {dag.py:3229} INFO - Sync 10 DAGs
[2025-08-21T08:46:41.391+0000] {logging_mixin.py:190} INFO - [2025-08-21T08:46:41.391+0000] {dag.py:4156} INFO - Setting next_dagrun for conditional_dataset_and_time_based_timetable to 2025-08-20 01:00:00+00:00, run_after=2025-08-20 01:00:00+00:00
[2025-08-21T08:46:41.394+0000] {logging_mixin.py:190} INFO - [2025-08-21T08:46:41.393+0000] {dag.py:4156} INFO - Setting next_dagrun for consume_1_and_2_with_dataset_expressions to None, run_after=None
[2025-08-21T08:46:41.396+0000] {logging_mixin.py:190} INFO - [2025-08-21T08:46:41.396+0000] {dag.py:4156} INFO - Setting next_dagrun for consume_1_or_2_with_dataset_expressions to None, run_after=None
[2025-08-21T08:46:41.398+0000] {logging_mixin.py:190} INFO - [2025-08-21T08:46:41.398+0000] {dag.py:4156} INFO - Setting next_dagrun for consume_1_or_both_2_and_3_with_dataset_expressions to None, run_after=None
[2025-08-21T08:46:41.400+0000] {logging_mixin.py:190} INFO - [2025-08-21T08:46:41.399+0000] {dag.py:4156} INFO - Setting next_dagrun for dataset_consumes_1 to None, run_after=None
[2025-08-21T08:46:41.401+0000] {logging_mixin.py:190} INFO - [2025-08-21T08:46:41.401+0000] {dag.py:4156} INFO - Setting next_dagrun for dataset_consumes_1_and_2 to None, run_after=None
[2025-08-21T08:46:41.402+0000] {logging_mixin.py:190} INFO - [2025-08-21T08:46:41.402+0000] {dag.py:4156} INFO - Setting next_dagrun for dataset_consumes_1_never_scheduled to None, run_after=None
[2025-08-21T08:46:41.403+0000] {logging_mixin.py:190} INFO - [2025-08-21T08:46:41.403+0000] {dag.py:4156} INFO - Setting next_dagrun for dataset_consumes_unknown_never_scheduled to None, run_after=None
[2025-08-21T08:46:41.404+0000] {logging_mixin.py:190} INFO - [2025-08-21T08:46:41.404+0000] {dag.py:4156} INFO - Setting next_dagrun for dataset_produces_1 to 2025-08-20 00:00:00+00:00, run_after=2025-08-21 00:00:00+00:00
[2025-08-21T08:46:41.405+0000] {logging_mixin.py:190} INFO - [2025-08-21T08:46:41.405+0000] {dag.py:4156} INFO - Setting next_dagrun for dataset_produces_2 to None, run_after=None
[2025-08-21T08:46:41.479+0000] {processor.py:208} INFO - Processing /home/airflow/.local/lib/python3.12/site-packages/airflow/example_dags/example_datasets.py took 1.053 seconds
