[2025-08-21T08:43:15.155+0000] {processor.py:186} INFO - Started process (PID=92) to work on /home/airflow/.local/lib/python3.12/site-packages/airflow/example_dags/example_branch_operator.py
[2025-08-21T08:43:15.156+0000] {processor.py:914} INFO - Processing file /home/airflow/.local/lib/python3.12/site-packages/airflow/example_dags/example_branch_operator.py for tasks to queue
[2025-08-21T08:43:15.159+0000] {logging_mixin.py:190} INFO - [2025-08-21T08:43:15.159+0000] {dagbag.py:587} INFO - Filling up the DagBag from /home/airflow/.local/lib/python3.12/site-packages/airflow/example_dags/example_branch_operator.py
[2025-08-21T08:43:15.213+0000] {processor.py:925} INFO - DAG(s) 'example_branch_operator' retrieved from /home/airflow/.local/lib/python3.12/site-packages/airflow/example_dags/example_branch_operator.py
[2025-08-21T08:43:16.078+0000] {logging_mixin.py:190} INFO - [2025-08-21T08:43:16.069+0000] {dag.py:3229} INFO - Sync 1 DAGs
[2025-08-21T08:43:16.279+0000] {logging_mixin.py:190} INFO - [2025-08-21T08:43:16.279+0000] {dag.py:4156} INFO - Setting next_dagrun for example_branch_operator to 2025-08-20 00:00:00+00:00, run_after=2025-08-21 00:00:00+00:00
[2025-08-21T08:43:16.409+0000] {processor.py:208} INFO - Processing /home/airflow/.local/lib/python3.12/site-packages/airflow/example_dags/example_branch_operator.py took 1.263 seconds
[2025-08-21T08:43:51.394+0000] {processor.py:186} INFO - Started process (PID=159) to work on /home/airflow/.local/lib/python3.12/site-packages/airflow/example_dags/example_branch_operator.py
[2025-08-21T08:43:51.403+0000] {processor.py:914} INFO - Processing file /home/airflow/.local/lib/python3.12/site-packages/airflow/example_dags/example_branch_operator.py for tasks to queue
[2025-08-21T08:43:51.424+0000] {logging_mixin.py:190} INFO - [2025-08-21T08:43:51.423+0000] {dagbag.py:587} INFO - Filling up the DagBag from /home/airflow/.local/lib/python3.12/site-packages/airflow/example_dags/example_branch_operator.py
[2025-08-21T08:43:51.553+0000] {processor.py:925} INFO - DAG(s) 'example_branch_operator' retrieved from /home/airflow/.local/lib/python3.12/site-packages/airflow/example_dags/example_branch_operator.py
[2025-08-21T08:43:51.977+0000] {logging_mixin.py:190} INFO - [2025-08-21T08:43:51.969+0000] {dag.py:3229} INFO - Sync 1 DAGs
[2025-08-21T08:43:52.209+0000] {logging_mixin.py:190} INFO - [2025-08-21T08:43:52.209+0000] {dag.py:4156} INFO - Setting next_dagrun for example_branch_operator to 2025-08-20 00:00:00+00:00, run_after=2025-08-21 00:00:00+00:00
[2025-08-21T08:43:52.469+0000] {processor.py:208} INFO - Processing /home/airflow/.local/lib/python3.12/site-packages/airflow/example_dags/example_branch_operator.py took 1.112 seconds
[2025-08-21T08:44:23.395+0000] {processor.py:186} INFO - Started process (PID=220) to work on /home/airflow/.local/lib/python3.12/site-packages/airflow/example_dags/example_branch_operator.py
[2025-08-21T08:44:23.402+0000] {processor.py:914} INFO - Processing file /home/airflow/.local/lib/python3.12/site-packages/airflow/example_dags/example_branch_operator.py for tasks to queue
[2025-08-21T08:44:23.411+0000] {logging_mixin.py:190} INFO - [2025-08-21T08:44:23.411+0000] {dagbag.py:587} INFO - Filling up the DagBag from /home/airflow/.local/lib/python3.12/site-packages/airflow/example_dags/example_branch_operator.py
[2025-08-21T08:44:23.497+0000] {processor.py:925} INFO - DAG(s) 'example_branch_operator' retrieved from /home/airflow/.local/lib/python3.12/site-packages/airflow/example_dags/example_branch_operator.py
[2025-08-21T08:44:23.670+0000] {logging_mixin.py:190} INFO - [2025-08-21T08:44:23.669+0000] {dag.py:3229} INFO - Sync 1 DAGs
[2025-08-21T08:44:23.820+0000] {logging_mixin.py:190} INFO - [2025-08-21T08:44:23.817+0000] {dag.py:4156} INFO - Setting next_dagrun for example_branch_operator to 2025-08-20 00:00:00+00:00, run_after=2025-08-21 00:00:00+00:00
[2025-08-21T08:44:23.953+0000] {processor.py:208} INFO - Processing /home/airflow/.local/lib/python3.12/site-packages/airflow/example_dags/example_branch_operator.py took 0.598 seconds
[2025-08-21T08:44:57.641+0000] {processor.py:186} INFO - Started process (PID=282) to work on /home/airflow/.local/lib/python3.12/site-packages/airflow/example_dags/example_branch_operator.py
[2025-08-21T08:44:57.646+0000] {processor.py:914} INFO - Processing file /home/airflow/.local/lib/python3.12/site-packages/airflow/example_dags/example_branch_operator.py for tasks to queue
[2025-08-21T08:44:57.666+0000] {logging_mixin.py:190} INFO - [2025-08-21T08:44:57.665+0000] {dagbag.py:587} INFO - Filling up the DagBag from /home/airflow/.local/lib/python3.12/site-packages/airflow/example_dags/example_branch_operator.py
[2025-08-21T08:44:57.851+0000] {processor.py:925} INFO - DAG(s) 'example_branch_operator' retrieved from /home/airflow/.local/lib/python3.12/site-packages/airflow/example_dags/example_branch_operator.py
[2025-08-21T08:44:58.009+0000] {logging_mixin.py:190} INFO - [2025-08-21T08:44:58.008+0000] {dag.py:3229} INFO - Sync 1 DAGs
[2025-08-21T08:44:58.046+0000] {logging_mixin.py:190} INFO - [2025-08-21T08:44:58.045+0000] {dag.py:4156} INFO - Setting next_dagrun for example_branch_operator to 2025-08-20 00:00:00+00:00, run_after=2025-08-21 00:00:00+00:00
[2025-08-21T08:44:58.072+0000] {processor.py:208} INFO - Processing /home/airflow/.local/lib/python3.12/site-packages/airflow/example_dags/example_branch_operator.py took 0.471 seconds
[2025-08-21T08:45:33.867+0000] {processor.py:186} INFO - Started process (PID=345) to work on /home/airflow/.local/lib/python3.12/site-packages/airflow/example_dags/example_branch_operator.py
[2025-08-21T08:45:33.886+0000] {processor.py:914} INFO - Processing file /home/airflow/.local/lib/python3.12/site-packages/airflow/example_dags/example_branch_operator.py for tasks to queue
[2025-08-21T08:45:33.894+0000] {logging_mixin.py:190} INFO - [2025-08-21T08:45:33.893+0000] {dagbag.py:587} INFO - Filling up the DagBag from /home/airflow/.local/lib/python3.12/site-packages/airflow/example_dags/example_branch_operator.py
[2025-08-21T08:45:33.982+0000] {processor.py:925} INFO - DAG(s) 'example_branch_operator' retrieved from /home/airflow/.local/lib/python3.12/site-packages/airflow/example_dags/example_branch_operator.py
[2025-08-21T08:45:34.190+0000] {logging_mixin.py:190} INFO - [2025-08-21T08:45:34.189+0000] {dag.py:3229} INFO - Sync 1 DAGs
[2025-08-21T08:45:34.257+0000] {logging_mixin.py:190} INFO - [2025-08-21T08:45:34.257+0000] {dag.py:4156} INFO - Setting next_dagrun for example_branch_operator to 2025-08-20 00:00:00+00:00, run_after=2025-08-21 00:00:00+00:00
[2025-08-21T08:45:34.304+0000] {processor.py:208} INFO - Processing /home/airflow/.local/lib/python3.12/site-packages/airflow/example_dags/example_branch_operator.py took 0.457 seconds
[2025-08-21T08:46:06.096+0000] {processor.py:186} INFO - Started process (PID=406) to work on /home/airflow/.local/lib/python3.12/site-packages/airflow/example_dags/example_branch_operator.py
[2025-08-21T08:46:06.106+0000] {processor.py:914} INFO - Processing file /home/airflow/.local/lib/python3.12/site-packages/airflow/example_dags/example_branch_operator.py for tasks to queue
[2025-08-21T08:46:06.122+0000] {logging_mixin.py:190} INFO - [2025-08-21T08:46:06.121+0000] {dagbag.py:587} INFO - Filling up the DagBag from /home/airflow/.local/lib/python3.12/site-packages/airflow/example_dags/example_branch_operator.py
[2025-08-21T08:46:06.209+0000] {processor.py:925} INFO - DAG(s) 'example_branch_operator' retrieved from /home/airflow/.local/lib/python3.12/site-packages/airflow/example_dags/example_branch_operator.py
[2025-08-21T08:46:06.469+0000] {logging_mixin.py:190} INFO - [2025-08-21T08:46:06.469+0000] {dag.py:3229} INFO - Sync 1 DAGs
[2025-08-21T08:46:06.538+0000] {logging_mixin.py:190} INFO - [2025-08-21T08:46:06.538+0000] {dag.py:4156} INFO - Setting next_dagrun for example_branch_operator to 2025-08-20 00:00:00+00:00, run_after=2025-08-21 00:00:00+00:00
[2025-08-21T08:46:06.560+0000] {processor.py:208} INFO - Processing /home/airflow/.local/lib/python3.12/site-packages/airflow/example_dags/example_branch_operator.py took 0.499 seconds
[2025-08-21T08:46:37.108+0000] {processor.py:186} INFO - Started process (PID=468) to work on /home/airflow/.local/lib/python3.12/site-packages/airflow/example_dags/example_branch_operator.py
[2025-08-21T08:46:37.121+0000] {processor.py:914} INFO - Processing file /home/airflow/.local/lib/python3.12/site-packages/airflow/example_dags/example_branch_operator.py for tasks to queue
[2025-08-21T08:46:37.123+0000] {logging_mixin.py:190} INFO - [2025-08-21T08:46:37.122+0000] {dagbag.py:587} INFO - Filling up the DagBag from /home/airflow/.local/lib/python3.12/site-packages/airflow/example_dags/example_branch_operator.py
[2025-08-21T08:46:37.144+0000] {processor.py:925} INFO - DAG(s) 'example_branch_operator' retrieved from /home/airflow/.local/lib/python3.12/site-packages/airflow/example_dags/example_branch_operator.py
[2025-08-21T08:46:37.187+0000] {logging_mixin.py:190} INFO - [2025-08-21T08:46:37.187+0000] {dag.py:3229} INFO - Sync 1 DAGs
[2025-08-21T08:46:37.207+0000] {logging_mixin.py:190} INFO - [2025-08-21T08:46:37.206+0000] {dag.py:4156} INFO - Setting next_dagrun for example_branch_operator to 2025-08-20 00:00:00+00:00, run_after=2025-08-21 00:00:00+00:00
[2025-08-21T08:46:37.225+0000] {processor.py:208} INFO - Processing /home/airflow/.local/lib/python3.12/site-packages/airflow/example_dags/example_branch_operator.py took 0.133 seconds
