[2025-08-21T08:43:29.123+0000] {processor.py:186} INFO - Started process (PID=117) to work on /home/airflow/.local/lib/python3.12/site-packages/airflow/example_dags/example_python_decorator.py
[2025-08-21T08:43:29.128+0000] {processor.py:914} INFO - Processing file /home/airflow/.local/lib/python3.12/site-packages/airflow/example_dags/example_python_decorator.py for tasks to queue
[2025-08-21T08:43:29.132+0000] {logging_mixin.py:190} INFO - [2025-08-21T08:43:29.131+0000] {dagbag.py:587} INFO - Filling up the DagBag from /home/airflow/.local/lib/python3.12/site-packages/airflow/example_dags/example_python_decorator.py
[2025-08-21T08:43:29.316+0000] {processor.py:925} INFO - DAG(s) 'example_python_decorator' retrieved from /home/airflow/.local/lib/python3.12/site-packages/airflow/example_dags/example_python_decorator.py
[2025-08-21T08:43:29.830+0000] {logging_mixin.py:190} INFO - [2025-08-21T08:43:29.830+0000] {dag.py:3229} INFO - Sync 1 DAGs
[2025-08-21T08:43:29.887+0000] {logging_mixin.py:190} INFO - [2025-08-21T08:43:29.887+0000] {dag.py:4156} INFO - Setting next_dagrun for example_python_decorator to None, run_after=None
[2025-08-21T08:43:30.014+0000] {processor.py:208} INFO - Processing /home/airflow/.local/lib/python3.12/site-packages/airflow/example_dags/example_python_decorator.py took 0.906 seconds
[2025-08-21T08:44:04.452+0000] {processor.py:186} INFO - Started process (PID=178) to work on /home/airflow/.local/lib/python3.12/site-packages/airflow/example_dags/example_python_decorator.py
[2025-08-21T08:44:04.457+0000] {processor.py:914} INFO - Processing file /home/airflow/.local/lib/python3.12/site-packages/airflow/example_dags/example_python_decorator.py for tasks to queue
[2025-08-21T08:44:04.467+0000] {logging_mixin.py:190} INFO - [2025-08-21T08:44:04.465+0000] {dagbag.py:587} INFO - Filling up the DagBag from /home/airflow/.local/lib/python3.12/site-packages/airflow/example_dags/example_python_decorator.py
[2025-08-21T08:44:04.596+0000] {processor.py:925} INFO - DAG(s) 'example_python_decorator' retrieved from /home/airflow/.local/lib/python3.12/site-packages/airflow/example_dags/example_python_decorator.py
[2025-08-21T08:44:04.932+0000] {logging_mixin.py:190} INFO - [2025-08-21T08:44:04.931+0000] {dag.py:3229} INFO - Sync 1 DAGs
[2025-08-21T08:44:05.001+0000] {logging_mixin.py:190} INFO - [2025-08-21T08:44:05.001+0000] {dag.py:4156} INFO - Setting next_dagrun for example_python_decorator to None, run_after=None
[2025-08-21T08:44:05.144+0000] {processor.py:208} INFO - Processing /home/airflow/.local/lib/python3.12/site-packages/airflow/example_dags/example_python_decorator.py took 0.704 seconds
[2025-08-21T08:44:36.893+0000] {processor.py:186} INFO - Started process (PID=240) to work on /home/airflow/.local/lib/python3.12/site-packages/airflow/example_dags/example_python_decorator.py
[2025-08-21T08:44:36.908+0000] {processor.py:914} INFO - Processing file /home/airflow/.local/lib/python3.12/site-packages/airflow/example_dags/example_python_decorator.py for tasks to queue
[2025-08-21T08:44:36.917+0000] {logging_mixin.py:190} INFO - [2025-08-21T08:44:36.916+0000] {dagbag.py:587} INFO - Filling up the DagBag from /home/airflow/.local/lib/python3.12/site-packages/airflow/example_dags/example_python_decorator.py
[2025-08-21T08:44:37.121+0000] {processor.py:925} INFO - DAG(s) 'example_python_decorator' retrieved from /home/airflow/.local/lib/python3.12/site-packages/airflow/example_dags/example_python_decorator.py
[2025-08-21T08:44:37.190+0000] {logging_mixin.py:190} INFO - [2025-08-21T08:44:37.190+0000] {dag.py:3229} INFO - Sync 1 DAGs
[2025-08-21T08:44:37.213+0000] {logging_mixin.py:190} INFO - [2025-08-21T08:44:37.212+0000] {dag.py:4156} INFO - Setting next_dagrun for example_python_decorator to None, run_after=None
[2025-08-21T08:44:37.236+0000] {processor.py:208} INFO - Processing /home/airflow/.local/lib/python3.12/site-packages/airflow/example_dags/example_python_decorator.py took 0.377 seconds
[2025-08-21T08:45:08.235+0000] {processor.py:186} INFO - Started process (PID=302) to work on /home/airflow/.local/lib/python3.12/site-packages/airflow/example_dags/example_python_decorator.py
[2025-08-21T08:45:08.237+0000] {processor.py:914} INFO - Processing file /home/airflow/.local/lib/python3.12/site-packages/airflow/example_dags/example_python_decorator.py for tasks to queue
[2025-08-21T08:45:08.240+0000] {logging_mixin.py:190} INFO - [2025-08-21T08:45:08.239+0000] {dagbag.py:587} INFO - Filling up the DagBag from /home/airflow/.local/lib/python3.12/site-packages/airflow/example_dags/example_python_decorator.py
[2025-08-21T08:45:08.284+0000] {processor.py:925} INFO - DAG(s) 'example_python_decorator' retrieved from /home/airflow/.local/lib/python3.12/site-packages/airflow/example_dags/example_python_decorator.py
[2025-08-21T08:45:08.370+0000] {logging_mixin.py:190} INFO - [2025-08-21T08:45:08.370+0000] {dag.py:3229} INFO - Sync 1 DAGs
[2025-08-21T08:45:08.405+0000] {logging_mixin.py:190} INFO - [2025-08-21T08:45:08.404+0000] {dag.py:4156} INFO - Setting next_dagrun for example_python_decorator to None, run_after=None
[2025-08-21T08:45:08.443+0000] {processor.py:208} INFO - Processing /home/airflow/.local/lib/python3.12/site-packages/airflow/example_dags/example_python_decorator.py took 0.214 seconds
[2025-08-21T08:45:41.305+0000] {processor.py:186} INFO - Started process (PID=364) to work on /home/airflow/.local/lib/python3.12/site-packages/airflow/example_dags/example_python_decorator.py
[2025-08-21T08:45:41.316+0000] {processor.py:914} INFO - Processing file /home/airflow/.local/lib/python3.12/site-packages/airflow/example_dags/example_python_decorator.py for tasks to queue
[2025-08-21T08:45:41.320+0000] {logging_mixin.py:190} INFO - [2025-08-21T08:45:41.320+0000] {dagbag.py:587} INFO - Filling up the DagBag from /home/airflow/.local/lib/python3.12/site-packages/airflow/example_dags/example_python_decorator.py
[2025-08-21T08:45:41.361+0000] {processor.py:925} INFO - DAG(s) 'example_python_decorator' retrieved from /home/airflow/.local/lib/python3.12/site-packages/airflow/example_dags/example_python_decorator.py
[2025-08-21T08:45:41.429+0000] {logging_mixin.py:190} INFO - [2025-08-21T08:45:41.429+0000] {dag.py:3229} INFO - Sync 1 DAGs
[2025-08-21T08:45:41.482+0000] {logging_mixin.py:190} INFO - [2025-08-21T08:45:41.481+0000] {dag.py:4156} INFO - Setting next_dagrun for example_python_decorator to None, run_after=None
[2025-08-21T08:45:41.538+0000] {processor.py:208} INFO - Processing /home/airflow/.local/lib/python3.12/site-packages/airflow/example_dags/example_python_decorator.py took 0.264 seconds
[2025-08-21T08:46:13.088+0000] {processor.py:186} INFO - Started process (PID=429) to work on /home/airflow/.local/lib/python3.12/site-packages/airflow/example_dags/example_python_decorator.py
[2025-08-21T08:46:13.091+0000] {processor.py:914} INFO - Processing file /home/airflow/.local/lib/python3.12/site-packages/airflow/example_dags/example_python_decorator.py for tasks to queue
[2025-08-21T08:46:13.093+0000] {logging_mixin.py:190} INFO - [2025-08-21T08:46:13.092+0000] {dagbag.py:587} INFO - Filling up the DagBag from /home/airflow/.local/lib/python3.12/site-packages/airflow/example_dags/example_python_decorator.py
[2025-08-21T08:46:13.114+0000] {processor.py:925} INFO - DAG(s) 'example_python_decorator' retrieved from /home/airflow/.local/lib/python3.12/site-packages/airflow/example_dags/example_python_decorator.py
[2025-08-21T08:46:13.169+0000] {logging_mixin.py:190} INFO - [2025-08-21T08:46:13.168+0000] {dag.py:3229} INFO - Sync 1 DAGs
[2025-08-21T08:46:13.198+0000] {logging_mixin.py:190} INFO - [2025-08-21T08:46:13.198+0000] {dag.py:4156} INFO - Setting next_dagrun for example_python_decorator to None, run_after=None
[2025-08-21T08:46:13.225+0000] {processor.py:208} INFO - Processing /home/airflow/.local/lib/python3.12/site-packages/airflow/example_dags/example_python_decorator.py took 0.175 seconds
[2025-08-21T08:46:49.749+0000] {processor.py:186} INFO - Started process (PID=492) to work on /home/airflow/.local/lib/python3.12/site-packages/airflow/example_dags/example_python_decorator.py
[2025-08-21T08:46:49.752+0000] {processor.py:914} INFO - Processing file /home/airflow/.local/lib/python3.12/site-packages/airflow/example_dags/example_python_decorator.py for tasks to queue
[2025-08-21T08:46:49.756+0000] {logging_mixin.py:190} INFO - [2025-08-21T08:46:49.755+0000] {dagbag.py:587} INFO - Filling up the DagBag from /home/airflow/.local/lib/python3.12/site-packages/airflow/example_dags/example_python_decorator.py
[2025-08-21T08:46:49.810+0000] {processor.py:925} INFO - DAG(s) 'example_python_decorator' retrieved from /home/airflow/.local/lib/python3.12/site-packages/airflow/example_dags/example_python_decorator.py
[2025-08-21T08:46:49.902+0000] {logging_mixin.py:190} INFO - [2025-08-21T08:46:49.902+0000] {dag.py:3229} INFO - Sync 1 DAGs
[2025-08-21T08:46:49.958+0000] {logging_mixin.py:190} INFO - [2025-08-21T08:46:49.958+0000] {dag.py:4156} INFO - Setting next_dagrun for example_python_decorator to None, run_after=None
[2025-08-21T08:46:49.989+0000] {processor.py:208} INFO - Processing /home/airflow/.local/lib/python3.12/site-packages/airflow/example_dags/example_python_decorator.py took 0.252 seconds
