[2025-08-21T08:43:18.276+0000] {processor.py:186} INFO - Started process (PID=97) to work on /home/airflow/.local/lib/python3.12/site-packages/airflow/example_dags/example_branch_python_dop_operator_3.py
[2025-08-21T08:43:18.279+0000] {processor.py:914} INFO - Processing file /home/airflow/.local/lib/python3.12/site-packages/airflow/example_dags/example_branch_python_dop_operator_3.py for tasks to queue
[2025-08-21T08:43:18.289+0000] {logging_mixin.py:190} INFO - [2025-08-21T08:43:18.288+0000] {dagbag.py:587} INFO - Filling up the DagBag from /home/airflow/.local/lib/python3.12/site-packages/airflow/example_dags/example_branch_python_dop_operator_3.py
[2025-08-21T08:43:18.307+0000] {processor.py:925} INFO - DAG(s) 'example_branch_dop_operator_v3' retrieved from /home/airflow/.local/lib/python3.12/site-packages/airflow/example_dags/example_branch_python_dop_operator_3.py
[2025-08-21T08:43:18.494+0000] {logging_mixin.py:190} INFO - [2025-08-21T08:43:18.492+0000] {dag.py:3229} INFO - Sync 1 DAGs
[2025-08-21T08:43:18.728+0000] {logging_mixin.py:190} INFO - [2025-08-21T08:43:18.727+0000] {dag.py:4156} INFO - Setting next_dagrun for example_branch_dop_operator_v3 to 2025-08-21 08:42:00+00:00, run_after=2025-08-21 08:43:00+00:00
[2025-08-21T08:43:18.825+0000] {processor.py:208} INFO - Processing /home/airflow/.local/lib/python3.12/site-packages/airflow/example_dags/example_branch_python_dop_operator_3.py took 0.571 seconds
[2025-08-21T08:43:56.208+0000] {processor.py:186} INFO - Started process (PID=164) to work on /home/airflow/.local/lib/python3.12/site-packages/airflow/example_dags/example_branch_python_dop_operator_3.py
[2025-08-21T08:43:56.214+0000] {processor.py:914} INFO - Processing file /home/airflow/.local/lib/python3.12/site-packages/airflow/example_dags/example_branch_python_dop_operator_3.py for tasks to queue
[2025-08-21T08:43:56.259+0000] {logging_mixin.py:190} INFO - [2025-08-21T08:43:56.251+0000] {dagbag.py:587} INFO - Filling up the DagBag from /home/airflow/.local/lib/python3.12/site-packages/airflow/example_dags/example_branch_python_dop_operator_3.py
[2025-08-21T08:43:56.406+0000] {processor.py:925} INFO - DAG(s) 'example_branch_dop_operator_v3' retrieved from /home/airflow/.local/lib/python3.12/site-packages/airflow/example_dags/example_branch_python_dop_operator_3.py
[2025-08-21T08:43:56.617+0000] {logging_mixin.py:190} INFO - [2025-08-21T08:43:56.616+0000] {dag.py:3229} INFO - Sync 1 DAGs
[2025-08-21T08:43:56.959+0000] {logging_mixin.py:190} INFO - [2025-08-21T08:43:56.954+0000] {dag.py:4156} INFO - Setting next_dagrun for example_branch_dop_operator_v3 to 2025-08-21 08:42:00+00:00, run_after=2025-08-21 08:43:00+00:00
[2025-08-21T08:43:57.160+0000] {processor.py:208} INFO - Processing /home/airflow/.local/lib/python3.12/site-packages/airflow/example_dags/example_branch_python_dop_operator_3.py took 1.011 seconds
[2025-08-21T08:44:27.547+0000] {processor.py:186} INFO - Started process (PID=226) to work on /home/airflow/.local/lib/python3.12/site-packages/airflow/example_dags/example_branch_python_dop_operator_3.py
[2025-08-21T08:44:27.570+0000] {processor.py:914} INFO - Processing file /home/airflow/.local/lib/python3.12/site-packages/airflow/example_dags/example_branch_python_dop_operator_3.py for tasks to queue
[2025-08-21T08:44:27.602+0000] {logging_mixin.py:190} INFO - [2025-08-21T08:44:27.598+0000] {dagbag.py:587} INFO - Filling up the DagBag from /home/airflow/.local/lib/python3.12/site-packages/airflow/example_dags/example_branch_python_dop_operator_3.py
[2025-08-21T08:44:27.722+0000] {processor.py:925} INFO - DAG(s) 'example_branch_dop_operator_v3' retrieved from /home/airflow/.local/lib/python3.12/site-packages/airflow/example_dags/example_branch_python_dop_operator_3.py
[2025-08-21T08:44:27.864+0000] {logging_mixin.py:190} INFO - [2025-08-21T08:44:27.864+0000] {dag.py:3229} INFO - Sync 1 DAGs
[2025-08-21T08:44:27.958+0000] {logging_mixin.py:190} INFO - [2025-08-21T08:44:27.958+0000] {dag.py:4156} INFO - Setting next_dagrun for example_branch_dop_operator_v3 to 2025-08-21 08:43:00+00:00, run_after=2025-08-21 08:44:00+00:00
[2025-08-21T08:44:28.000+0000] {processor.py:208} INFO - Processing /home/airflow/.local/lib/python3.12/site-packages/airflow/example_dags/example_branch_python_dop_operator_3.py took 0.512 seconds
[2025-08-21T08:45:00.152+0000] {processor.py:186} INFO - Started process (PID=288) to work on /home/airflow/.local/lib/python3.12/site-packages/airflow/example_dags/example_branch_python_dop_operator_3.py
[2025-08-21T08:45:00.154+0000] {processor.py:914} INFO - Processing file /home/airflow/.local/lib/python3.12/site-packages/airflow/example_dags/example_branch_python_dop_operator_3.py for tasks to queue
[2025-08-21T08:45:00.157+0000] {logging_mixin.py:190} INFO - [2025-08-21T08:45:00.157+0000] {dagbag.py:587} INFO - Filling up the DagBag from /home/airflow/.local/lib/python3.12/site-packages/airflow/example_dags/example_branch_python_dop_operator_3.py
[2025-08-21T08:45:00.179+0000] {processor.py:925} INFO - DAG(s) 'example_branch_dop_operator_v3' retrieved from /home/airflow/.local/lib/python3.12/site-packages/airflow/example_dags/example_branch_python_dop_operator_3.py
[2025-08-21T08:45:00.209+0000] {logging_mixin.py:190} INFO - [2025-08-21T08:45:00.208+0000] {dag.py:3229} INFO - Sync 1 DAGs
[2025-08-21T08:45:00.247+0000] {logging_mixin.py:190} INFO - [2025-08-21T08:45:00.247+0000] {dag.py:4156} INFO - Setting next_dagrun for example_branch_dop_operator_v3 to 2025-08-21 08:44:00+00:00, run_after=2025-08-21 08:45:00+00:00
[2025-08-21T08:45:00.274+0000] {processor.py:208} INFO - Processing /home/airflow/.local/lib/python3.12/site-packages/airflow/example_dags/example_branch_python_dop_operator_3.py took 0.130 seconds
[2025-08-21T08:45:36.204+0000] {processor.py:186} INFO - Started process (PID=350) to work on /home/airflow/.local/lib/python3.12/site-packages/airflow/example_dags/example_branch_python_dop_operator_3.py
[2025-08-21T08:45:36.211+0000] {processor.py:914} INFO - Processing file /home/airflow/.local/lib/python3.12/site-packages/airflow/example_dags/example_branch_python_dop_operator_3.py for tasks to queue
[2025-08-21T08:45:36.213+0000] {logging_mixin.py:190} INFO - [2025-08-21T08:45:36.213+0000] {dagbag.py:587} INFO - Filling up the DagBag from /home/airflow/.local/lib/python3.12/site-packages/airflow/example_dags/example_branch_python_dop_operator_3.py
[2025-08-21T08:45:36.225+0000] {processor.py:925} INFO - DAG(s) 'example_branch_dop_operator_v3' retrieved from /home/airflow/.local/lib/python3.12/site-packages/airflow/example_dags/example_branch_python_dop_operator_3.py
[2025-08-21T08:45:36.264+0000] {logging_mixin.py:190} INFO - [2025-08-21T08:45:36.264+0000] {dag.py:3229} INFO - Sync 1 DAGs
[2025-08-21T08:45:36.286+0000] {logging_mixin.py:190} INFO - [2025-08-21T08:45:36.286+0000] {dag.py:4156} INFO - Setting next_dagrun for example_branch_dop_operator_v3 to 2025-08-21 08:44:00+00:00, run_after=2025-08-21 08:45:00+00:00
[2025-08-21T08:45:36.304+0000] {processor.py:208} INFO - Processing /home/airflow/.local/lib/python3.12/site-packages/airflow/example_dags/example_branch_python_dop_operator_3.py took 0.110 seconds
[2025-08-21T08:46:10.488+0000] {processor.py:186} INFO - Started process (PID=412) to work on /home/airflow/.local/lib/python3.12/site-packages/airflow/example_dags/example_branch_python_dop_operator_3.py
[2025-08-21T08:46:10.496+0000] {processor.py:914} INFO - Processing file /home/airflow/.local/lib/python3.12/site-packages/airflow/example_dags/example_branch_python_dop_operator_3.py for tasks to queue
[2025-08-21T08:46:10.509+0000] {logging_mixin.py:190} INFO - [2025-08-21T08:46:10.508+0000] {dagbag.py:587} INFO - Filling up the DagBag from /home/airflow/.local/lib/python3.12/site-packages/airflow/example_dags/example_branch_python_dop_operator_3.py
[2025-08-21T08:46:10.522+0000] {processor.py:925} INFO - DAG(s) 'example_branch_dop_operator_v3' retrieved from /home/airflow/.local/lib/python3.12/site-packages/airflow/example_dags/example_branch_python_dop_operator_3.py
[2025-08-21T08:46:10.557+0000] {logging_mixin.py:190} INFO - [2025-08-21T08:46:10.556+0000] {dag.py:3229} INFO - Sync 1 DAGs
[2025-08-21T08:46:10.615+0000] {logging_mixin.py:190} INFO - [2025-08-21T08:46:10.614+0000] {dag.py:4156} INFO - Setting next_dagrun for example_branch_dop_operator_v3 to 2025-08-21 08:45:00+00:00, run_after=2025-08-21 08:46:00+00:00
[2025-08-21T08:46:10.645+0000] {processor.py:208} INFO - Processing /home/airflow/.local/lib/python3.12/site-packages/airflow/example_dags/example_branch_python_dop_operator_3.py took 0.170 seconds
[2025-08-21T08:46:41.700+0000] {processor.py:186} INFO - Started process (PID=474) to work on /home/airflow/.local/lib/python3.12/site-packages/airflow/example_dags/example_branch_python_dop_operator_3.py
[2025-08-21T08:46:41.703+0000] {processor.py:914} INFO - Processing file /home/airflow/.local/lib/python3.12/site-packages/airflow/example_dags/example_branch_python_dop_operator_3.py for tasks to queue
[2025-08-21T08:46:41.708+0000] {logging_mixin.py:190} INFO - [2025-08-21T08:46:41.708+0000] {dagbag.py:587} INFO - Filling up the DagBag from /home/airflow/.local/lib/python3.12/site-packages/airflow/example_dags/example_branch_python_dop_operator_3.py
[2025-08-21T08:46:41.737+0000] {processor.py:925} INFO - DAG(s) 'example_branch_dop_operator_v3' retrieved from /home/airflow/.local/lib/python3.12/site-packages/airflow/example_dags/example_branch_python_dop_operator_3.py
[2025-08-21T08:46:41.787+0000] {logging_mixin.py:190} INFO - [2025-08-21T08:46:41.786+0000] {dag.py:3229} INFO - Sync 1 DAGs
[2025-08-21T08:46:41.852+0000] {logging_mixin.py:190} INFO - [2025-08-21T08:46:41.851+0000] {dag.py:4156} INFO - Setting next_dagrun for example_branch_dop_operator_v3 to 2025-08-21 08:45:00+00:00, run_after=2025-08-21 08:46:00+00:00
[2025-08-21T08:46:41.900+0000] {processor.py:208} INFO - Processing /home/airflow/.local/lib/python3.12/site-packages/airflow/example_dags/example_branch_python_dop_operator_3.py took 0.211 seconds
