[2025-08-21T08:43:31.423+0000] {processor.py:186} INFO - Started process (PID=122) to work on /home/airflow/.local/lib/python3.12/site-packages/airflow/example_dags/example_branch_datetime_operator.py
[2025-08-21T08:43:31.438+0000] {processor.py:914} INFO - Processing file /home/airflow/.local/lib/python3.12/site-packages/airflow/example_dags/example_branch_datetime_operator.py for tasks to queue
[2025-08-21T08:43:31.469+0000] {logging_mixin.py:190} INFO - [2025-08-21T08:43:31.465+0000] {dagbag.py:587} INFO - Filling up the DagBag from /home/airflow/.local/lib/python3.12/site-packages/airflow/example_dags/example_branch_datetime_operator.py
[2025-08-21T08:43:31.620+0000] {processor.py:925} INFO - DAG(s) 'example_branch_datetime_operator_3', 'example_branch_datetime_operator_2', 'example_branch_datetime_operator' retrieved from /home/airflow/.local/lib/python3.12/site-packages/airflow/example_dags/example_branch_datetime_operator.py
[2025-08-21T08:43:32.085+0000] {logging_mixin.py:190} INFO - [2025-08-21T08:43:32.081+0000] {dag.py:3229} INFO - Sync 3 DAGs
[2025-08-21T08:43:32.293+0000] {logging_mixin.py:190} INFO - [2025-08-21T08:43:32.293+0000] {dag.py:4156} INFO - Setting next_dagrun for example_branch_datetime_operator to 2025-08-20 00:00:00+00:00, run_after=2025-08-21 00:00:00+00:00
[2025-08-21T08:43:32.315+0000] {logging_mixin.py:190} INFO - [2025-08-21T08:43:32.314+0000] {dag.py:4156} INFO - Setting next_dagrun for example_branch_datetime_operator_2 to 2025-08-20 00:00:00+00:00, run_after=2025-08-21 00:00:00+00:00
[2025-08-21T08:43:32.326+0000] {logging_mixin.py:190} INFO - [2025-08-21T08:43:32.324+0000] {dag.py:4156} INFO - Setting next_dagrun for example_branch_datetime_operator_3 to 2025-08-20 00:00:00+00:00, run_after=2025-08-21 00:00:00+00:00
[2025-08-21T08:43:32.388+0000] {processor.py:208} INFO - Processing /home/airflow/.local/lib/python3.12/site-packages/airflow/example_dags/example_branch_datetime_operator.py took 1.010 seconds
[2025-08-21T08:44:08.910+0000] {processor.py:186} INFO - Started process (PID=183) to work on /home/airflow/.local/lib/python3.12/site-packages/airflow/example_dags/example_branch_datetime_operator.py
[2025-08-21T08:44:08.915+0000] {processor.py:914} INFO - Processing file /home/airflow/.local/lib/python3.12/site-packages/airflow/example_dags/example_branch_datetime_operator.py for tasks to queue
[2025-08-21T08:44:08.933+0000] {logging_mixin.py:190} INFO - [2025-08-21T08:44:08.932+0000] {dagbag.py:587} INFO - Filling up the DagBag from /home/airflow/.local/lib/python3.12/site-packages/airflow/example_dags/example_branch_datetime_operator.py
[2025-08-21T08:44:09.023+0000] {processor.py:925} INFO - DAG(s) 'example_branch_datetime_operator_2', 'example_branch_datetime_operator_3', 'example_branch_datetime_operator' retrieved from /home/airflow/.local/lib/python3.12/site-packages/airflow/example_dags/example_branch_datetime_operator.py
[2025-08-21T08:44:09.154+0000] {logging_mixin.py:190} INFO - [2025-08-21T08:44:09.154+0000] {dag.py:3229} INFO - Sync 3 DAGs
[2025-08-21T08:44:09.229+0000] {logging_mixin.py:190} INFO - [2025-08-21T08:44:09.228+0000] {dag.py:4156} INFO - Setting next_dagrun for example_branch_datetime_operator to 2025-08-20 00:00:00+00:00, run_after=2025-08-21 00:00:00+00:00
[2025-08-21T08:44:09.236+0000] {logging_mixin.py:190} INFO - [2025-08-21T08:44:09.236+0000] {dag.py:4156} INFO - Setting next_dagrun for example_branch_datetime_operator_2 to 2025-08-20 00:00:00+00:00, run_after=2025-08-21 00:00:00+00:00
[2025-08-21T08:44:09.238+0000] {logging_mixin.py:190} INFO - [2025-08-21T08:44:09.238+0000] {dag.py:4156} INFO - Setting next_dagrun for example_branch_datetime_operator_3 to 2025-08-20 00:00:00+00:00, run_after=2025-08-21 00:00:00+00:00
[2025-08-21T08:44:09.267+0000] {processor.py:208} INFO - Processing /home/airflow/.local/lib/python3.12/site-packages/airflow/example_dags/example_branch_datetime_operator.py took 0.390 seconds
[2025-08-21T08:44:39.914+0000] {processor.py:186} INFO - Started process (PID=245) to work on /home/airflow/.local/lib/python3.12/site-packages/airflow/example_dags/example_branch_datetime_operator.py
[2025-08-21T08:44:39.916+0000] {processor.py:914} INFO - Processing file /home/airflow/.local/lib/python3.12/site-packages/airflow/example_dags/example_branch_datetime_operator.py for tasks to queue
[2025-08-21T08:44:39.922+0000] {logging_mixin.py:190} INFO - [2025-08-21T08:44:39.921+0000] {dagbag.py:587} INFO - Filling up the DagBag from /home/airflow/.local/lib/python3.12/site-packages/airflow/example_dags/example_branch_datetime_operator.py
[2025-08-21T08:44:39.943+0000] {processor.py:925} INFO - DAG(s) 'example_branch_datetime_operator', 'example_branch_datetime_operator_3', 'example_branch_datetime_operator_2' retrieved from /home/airflow/.local/lib/python3.12/site-packages/airflow/example_dags/example_branch_datetime_operator.py
[2025-08-21T08:44:39.997+0000] {logging_mixin.py:190} INFO - [2025-08-21T08:44:39.996+0000] {dag.py:3229} INFO - Sync 3 DAGs
[2025-08-21T08:44:40.039+0000] {logging_mixin.py:190} INFO - [2025-08-21T08:44:40.038+0000] {dag.py:4156} INFO - Setting next_dagrun for example_branch_datetime_operator to 2025-08-20 00:00:00+00:00, run_after=2025-08-21 00:00:00+00:00
[2025-08-21T08:44:40.046+0000] {logging_mixin.py:190} INFO - [2025-08-21T08:44:40.045+0000] {dag.py:4156} INFO - Setting next_dagrun for example_branch_datetime_operator_2 to 2025-08-20 00:00:00+00:00, run_after=2025-08-21 00:00:00+00:00
[2025-08-21T08:44:40.047+0000] {logging_mixin.py:190} INFO - [2025-08-21T08:44:40.047+0000] {dag.py:4156} INFO - Setting next_dagrun for example_branch_datetime_operator_3 to 2025-08-20 00:00:00+00:00, run_after=2025-08-21 00:00:00+00:00
[2025-08-21T08:44:40.073+0000] {processor.py:208} INFO - Processing /home/airflow/.local/lib/python3.12/site-packages/airflow/example_dags/example_branch_datetime_operator.py took 0.169 seconds
[2025-08-21T08:45:11.330+0000] {processor.py:186} INFO - Started process (PID=308) to work on /home/airflow/.local/lib/python3.12/site-packages/airflow/example_dags/example_branch_datetime_operator.py
[2025-08-21T08:45:11.332+0000] {processor.py:914} INFO - Processing file /home/airflow/.local/lib/python3.12/site-packages/airflow/example_dags/example_branch_datetime_operator.py for tasks to queue
[2025-08-21T08:45:11.338+0000] {logging_mixin.py:190} INFO - [2025-08-21T08:45:11.337+0000] {dagbag.py:587} INFO - Filling up the DagBag from /home/airflow/.local/lib/python3.12/site-packages/airflow/example_dags/example_branch_datetime_operator.py
[2025-08-21T08:45:11.353+0000] {processor.py:925} INFO - DAG(s) 'example_branch_datetime_operator_2', 'example_branch_datetime_operator_3', 'example_branch_datetime_operator' retrieved from /home/airflow/.local/lib/python3.12/site-packages/airflow/example_dags/example_branch_datetime_operator.py
[2025-08-21T08:45:11.398+0000] {logging_mixin.py:190} INFO - [2025-08-21T08:45:11.397+0000] {dag.py:3229} INFO - Sync 3 DAGs
[2025-08-21T08:45:11.428+0000] {logging_mixin.py:190} INFO - [2025-08-21T08:45:11.428+0000] {dag.py:4156} INFO - Setting next_dagrun for example_branch_datetime_operator to 2025-08-20 00:00:00+00:00, run_after=2025-08-21 00:00:00+00:00
[2025-08-21T08:45:11.432+0000] {logging_mixin.py:190} INFO - [2025-08-21T08:45:11.432+0000] {dag.py:4156} INFO - Setting next_dagrun for example_branch_datetime_operator_2 to 2025-08-20 00:00:00+00:00, run_after=2025-08-21 00:00:00+00:00
[2025-08-21T08:45:11.433+0000] {logging_mixin.py:190} INFO - [2025-08-21T08:45:11.433+0000] {dag.py:4156} INFO - Setting next_dagrun for example_branch_datetime_operator_3 to 2025-08-20 00:00:00+00:00, run_after=2025-08-21 00:00:00+00:00
[2025-08-21T08:45:11.446+0000] {processor.py:208} INFO - Processing /home/airflow/.local/lib/python3.12/site-packages/airflow/example_dags/example_branch_datetime_operator.py took 0.119 seconds
[2025-08-21T08:45:42.458+0000] {processor.py:186} INFO - Started process (PID=372) to work on /home/airflow/.local/lib/python3.12/site-packages/airflow/example_dags/example_branch_datetime_operator.py
[2025-08-21T08:45:42.463+0000] {processor.py:914} INFO - Processing file /home/airflow/.local/lib/python3.12/site-packages/airflow/example_dags/example_branch_datetime_operator.py for tasks to queue
[2025-08-21T08:45:42.466+0000] {logging_mixin.py:190} INFO - [2025-08-21T08:45:42.466+0000] {dagbag.py:587} INFO - Filling up the DagBag from /home/airflow/.local/lib/python3.12/site-packages/airflow/example_dags/example_branch_datetime_operator.py
[2025-08-21T08:45:42.478+0000] {processor.py:925} INFO - DAG(s) 'example_branch_datetime_operator', 'example_branch_datetime_operator_3', 'example_branch_datetime_operator_2' retrieved from /home/airflow/.local/lib/python3.12/site-packages/airflow/example_dags/example_branch_datetime_operator.py
[2025-08-21T08:45:42.566+0000] {logging_mixin.py:190} INFO - [2025-08-21T08:45:42.565+0000] {dag.py:3229} INFO - Sync 3 DAGs
[2025-08-21T08:45:42.605+0000] {logging_mixin.py:190} INFO - [2025-08-21T08:45:42.605+0000] {dag.py:4156} INFO - Setting next_dagrun for example_branch_datetime_operator to 2025-08-20 00:00:00+00:00, run_after=2025-08-21 00:00:00+00:00
[2025-08-21T08:45:42.610+0000] {logging_mixin.py:190} INFO - [2025-08-21T08:45:42.609+0000] {dag.py:4156} INFO - Setting next_dagrun for example_branch_datetime_operator_2 to 2025-08-20 00:00:00+00:00, run_after=2025-08-21 00:00:00+00:00
[2025-08-21T08:45:42.613+0000] {logging_mixin.py:190} INFO - [2025-08-21T08:45:42.613+0000] {dag.py:4156} INFO - Setting next_dagrun for example_branch_datetime_operator_3 to 2025-08-20 00:00:00+00:00, run_after=2025-08-21 00:00:00+00:00
[2025-08-21T08:45:42.635+0000] {processor.py:208} INFO - Processing /home/airflow/.local/lib/python3.12/site-packages/airflow/example_dags/example_branch_datetime_operator.py took 0.196 seconds
[2025-08-21T08:46:14.016+0000] {processor.py:186} INFO - Started process (PID=435) to work on /home/airflow/.local/lib/python3.12/site-packages/airflow/example_dags/example_branch_datetime_operator.py
[2025-08-21T08:46:14.018+0000] {processor.py:914} INFO - Processing file /home/airflow/.local/lib/python3.12/site-packages/airflow/example_dags/example_branch_datetime_operator.py for tasks to queue
[2025-08-21T08:46:14.027+0000] {logging_mixin.py:190} INFO - [2025-08-21T08:46:14.027+0000] {dagbag.py:587} INFO - Filling up the DagBag from /home/airflow/.local/lib/python3.12/site-packages/airflow/example_dags/example_branch_datetime_operator.py
[2025-08-21T08:46:14.036+0000] {processor.py:925} INFO - DAG(s) 'example_branch_datetime_operator', 'example_branch_datetime_operator_2', 'example_branch_datetime_operator_3' retrieved from /home/airflow/.local/lib/python3.12/site-packages/airflow/example_dags/example_branch_datetime_operator.py
[2025-08-21T08:46:14.058+0000] {logging_mixin.py:190} INFO - [2025-08-21T08:46:14.058+0000] {dag.py:3229} INFO - Sync 3 DAGs
[2025-08-21T08:46:14.077+0000] {logging_mixin.py:190} INFO - [2025-08-21T08:46:14.077+0000] {dag.py:4156} INFO - Setting next_dagrun for example_branch_datetime_operator to 2025-08-20 00:00:00+00:00, run_after=2025-08-21 00:00:00+00:00
[2025-08-21T08:46:14.084+0000] {logging_mixin.py:190} INFO - [2025-08-21T08:46:14.084+0000] {dag.py:4156} INFO - Setting next_dagrun for example_branch_datetime_operator_2 to 2025-08-20 00:00:00+00:00, run_after=2025-08-21 00:00:00+00:00
[2025-08-21T08:46:14.086+0000] {logging_mixin.py:190} INFO - [2025-08-21T08:46:14.086+0000] {dag.py:4156} INFO - Setting next_dagrun for example_branch_datetime_operator_3 to 2025-08-20 00:00:00+00:00, run_after=2025-08-21 00:00:00+00:00
[2025-08-21T08:46:14.099+0000] {processor.py:208} INFO - Processing /home/airflow/.local/lib/python3.12/site-packages/airflow/example_dags/example_branch_datetime_operator.py took 0.090 seconds
[2025-08-21T08:46:50.809+0000] {processor.py:186} INFO - Started process (PID=497) to work on /home/airflow/.local/lib/python3.12/site-packages/airflow/example_dags/example_branch_datetime_operator.py
[2025-08-21T08:46:50.815+0000] {processor.py:914} INFO - Processing file /home/airflow/.local/lib/python3.12/site-packages/airflow/example_dags/example_branch_datetime_operator.py for tasks to queue
[2025-08-21T08:46:50.826+0000] {logging_mixin.py:190} INFO - [2025-08-21T08:46:50.825+0000] {dagbag.py:587} INFO - Filling up the DagBag from /home/airflow/.local/lib/python3.12/site-packages/airflow/example_dags/example_branch_datetime_operator.py
[2025-08-21T08:46:50.878+0000] {processor.py:925} INFO - DAG(s) 'example_branch_datetime_operator_3', 'example_branch_datetime_operator', 'example_branch_datetime_operator_2' retrieved from /home/airflow/.local/lib/python3.12/site-packages/airflow/example_dags/example_branch_datetime_operator.py
[2025-08-21T08:46:51.054+0000] {logging_mixin.py:190} INFO - [2025-08-21T08:46:51.053+0000] {dag.py:3229} INFO - Sync 3 DAGs
[2025-08-21T08:46:51.269+0000] {logging_mixin.py:190} INFO - [2025-08-21T08:46:51.267+0000] {dag.py:4156} INFO - Setting next_dagrun for example_branch_datetime_operator to 2025-08-20 00:00:00+00:00, run_after=2025-08-21 00:00:00+00:00
[2025-08-21T08:46:51.281+0000] {logging_mixin.py:190} INFO - [2025-08-21T08:46:51.281+0000] {dag.py:4156} INFO - Setting next_dagrun for example_branch_datetime_operator_2 to 2025-08-20 00:00:00+00:00, run_after=2025-08-21 00:00:00+00:00
[2025-08-21T08:46:51.287+0000] {logging_mixin.py:190} INFO - [2025-08-21T08:46:51.286+0000] {dag.py:4156} INFO - Setting next_dagrun for example_branch_datetime_operator_3 to 2025-08-20 00:00:00+00:00, run_after=2025-08-21 00:00:00+00:00
[2025-08-21T08:46:51.443+0000] {processor.py:208} INFO - Processing /home/airflow/.local/lib/python3.12/site-packages/airflow/example_dags/example_branch_datetime_operator.py took 0.644 seconds
