[2025-08-21T08:43:16.959+0000] {processor.py:186} INFO - Started process (PID=93) to work on /home/airflow/.local/lib/python3.12/site-packages/airflow/example_dags/example_task_group.py
[2025-08-21T08:43:16.966+0000] {processor.py:914} INFO - Processing file /home/airflow/.local/lib/python3.12/site-packages/airflow/example_dags/example_task_group.py for tasks to queue
[2025-08-21T08:43:17.027+0000] {logging_mixin.py:190} INFO - [2025-08-21T08:43:17.025+0000] {dagbag.py:587} INFO - Filling up the DagBag from /home/airflow/.local/lib/python3.12/site-packages/airflow/example_dags/example_task_group.py
[2025-08-21T08:43:17.096+0000] {processor.py:925} INFO - DAG(s) 'example_task_group' retrieved from /home/airflow/.local/lib/python3.12/site-packages/airflow/example_dags/example_task_group.py
[2025-08-21T08:43:17.217+0000] {logging_mixin.py:190} INFO - [2025-08-21T08:43:17.213+0000] {dag.py:3229} INFO - Sync 1 DAGs
[2025-08-21T08:43:17.270+0000] {logging_mixin.py:190} INFO - [2025-08-21T08:43:17.269+0000] {dag.py:4156} INFO - Setting next_dagrun for example_task_group to None, run_after=None
[2025-08-21T08:43:17.350+0000] {processor.py:208} INFO - Processing /home/airflow/.local/lib/python3.12/site-packages/airflow/example_dags/example_task_group.py took 0.658 seconds
[2025-08-21T08:43:52.847+0000] {processor.py:186} INFO - Started process (PID=160) to work on /home/airflow/.local/lib/python3.12/site-packages/airflow/example_dags/example_task_group.py
[2025-08-21T08:43:52.855+0000] {processor.py:914} INFO - Processing file /home/airflow/.local/lib/python3.12/site-packages/airflow/example_dags/example_task_group.py for tasks to queue
[2025-08-21T08:43:52.874+0000] {logging_mixin.py:190} INFO - [2025-08-21T08:43:52.870+0000] {dagbag.py:587} INFO - Filling up the DagBag from /home/airflow/.local/lib/python3.12/site-packages/airflow/example_dags/example_task_group.py
[2025-08-21T08:43:53.009+0000] {processor.py:925} INFO - DAG(s) 'example_task_group' retrieved from /home/airflow/.local/lib/python3.12/site-packages/airflow/example_dags/example_task_group.py
[2025-08-21T08:43:53.420+0000] {logging_mixin.py:190} INFO - [2025-08-21T08:43:53.416+0000] {dag.py:3229} INFO - Sync 1 DAGs
[2025-08-21T08:43:53.879+0000] {logging_mixin.py:190} INFO - [2025-08-21T08:43:53.873+0000] {dag.py:4156} INFO - Setting next_dagrun for example_task_group to None, run_after=None
[2025-08-21T08:43:54.010+0000] {processor.py:208} INFO - Processing /home/airflow/.local/lib/python3.12/site-packages/airflow/example_dags/example_task_group.py took 1.218 seconds
[2025-08-21T08:44:24.682+0000] {processor.py:186} INFO - Started process (PID=222) to work on /home/airflow/.local/lib/python3.12/site-packages/airflow/example_dags/example_task_group.py
[2025-08-21T08:44:24.695+0000] {processor.py:914} INFO - Processing file /home/airflow/.local/lib/python3.12/site-packages/airflow/example_dags/example_task_group.py for tasks to queue
[2025-08-21T08:44:24.739+0000] {logging_mixin.py:190} INFO - [2025-08-21T08:44:24.734+0000] {dagbag.py:587} INFO - Filling up the DagBag from /home/airflow/.local/lib/python3.12/site-packages/airflow/example_dags/example_task_group.py
[2025-08-21T08:44:24.823+0000] {processor.py:925} INFO - DAG(s) 'example_task_group' retrieved from /home/airflow/.local/lib/python3.12/site-packages/airflow/example_dags/example_task_group.py
[2025-08-21T08:44:24.959+0000] {logging_mixin.py:190} INFO - [2025-08-21T08:44:24.959+0000] {dag.py:3229} INFO - Sync 1 DAGs
[2025-08-21T08:44:25.036+0000] {logging_mixin.py:190} INFO - [2025-08-21T08:44:25.035+0000] {dag.py:4156} INFO - Setting next_dagrun for example_task_group to None, run_after=None
[2025-08-21T08:44:25.123+0000] {processor.py:208} INFO - Processing /home/airflow/.local/lib/python3.12/site-packages/airflow/example_dags/example_task_group.py took 0.539 seconds
[2025-08-21T08:44:58.204+0000] {processor.py:186} INFO - Started process (PID=284) to work on /home/airflow/.local/lib/python3.12/site-packages/airflow/example_dags/example_task_group.py
[2025-08-21T08:44:58.206+0000] {processor.py:914} INFO - Processing file /home/airflow/.local/lib/python3.12/site-packages/airflow/example_dags/example_task_group.py for tasks to queue
[2025-08-21T08:44:58.211+0000] {logging_mixin.py:190} INFO - [2025-08-21T08:44:58.210+0000] {dagbag.py:587} INFO - Filling up the DagBag from /home/airflow/.local/lib/python3.12/site-packages/airflow/example_dags/example_task_group.py
[2025-08-21T08:44:58.254+0000] {processor.py:925} INFO - DAG(s) 'example_task_group' retrieved from /home/airflow/.local/lib/python3.12/site-packages/airflow/example_dags/example_task_group.py
[2025-08-21T08:44:58.320+0000] {logging_mixin.py:190} INFO - [2025-08-21T08:44:58.320+0000] {dag.py:3229} INFO - Sync 1 DAGs
[2025-08-21T08:44:58.356+0000] {logging_mixin.py:190} INFO - [2025-08-21T08:44:58.355+0000] {dag.py:4156} INFO - Setting next_dagrun for example_task_group to None, run_after=None
[2025-08-21T08:44:58.387+0000] {processor.py:208} INFO - Processing /home/airflow/.local/lib/python3.12/site-packages/airflow/example_dags/example_task_group.py took 0.195 seconds
[2025-08-21T08:45:34.459+0000] {processor.py:186} INFO - Started process (PID=346) to work on /home/airflow/.local/lib/python3.12/site-packages/airflow/example_dags/example_task_group.py
[2025-08-21T08:45:34.462+0000] {processor.py:914} INFO - Processing file /home/airflow/.local/lib/python3.12/site-packages/airflow/example_dags/example_task_group.py for tasks to queue
[2025-08-21T08:45:34.471+0000] {logging_mixin.py:190} INFO - [2025-08-21T08:45:34.470+0000] {dagbag.py:587} INFO - Filling up the DagBag from /home/airflow/.local/lib/python3.12/site-packages/airflow/example_dags/example_task_group.py
[2025-08-21T08:45:34.495+0000] {processor.py:925} INFO - DAG(s) 'example_task_group' retrieved from /home/airflow/.local/lib/python3.12/site-packages/airflow/example_dags/example_task_group.py
[2025-08-21T08:45:34.604+0000] {logging_mixin.py:190} INFO - [2025-08-21T08:45:34.603+0000] {dag.py:3229} INFO - Sync 1 DAGs
[2025-08-21T08:45:34.926+0000] {logging_mixin.py:190} INFO - [2025-08-21T08:45:34.919+0000] {dag.py:4156} INFO - Setting next_dagrun for example_task_group to None, run_after=None
[2025-08-21T08:45:35.290+0000] {processor.py:208} INFO - Processing /home/airflow/.local/lib/python3.12/site-packages/airflow/example_dags/example_task_group.py took 0.868 seconds
[2025-08-21T08:46:06.608+0000] {processor.py:186} INFO - Started process (PID=408) to work on /home/airflow/.local/lib/python3.12/site-packages/airflow/example_dags/example_task_group.py
[2025-08-21T08:46:06.610+0000] {processor.py:914} INFO - Processing file /home/airflow/.local/lib/python3.12/site-packages/airflow/example_dags/example_task_group.py for tasks to queue
[2025-08-21T08:46:06.612+0000] {logging_mixin.py:190} INFO - [2025-08-21T08:46:06.612+0000] {dagbag.py:587} INFO - Filling up the DagBag from /home/airflow/.local/lib/python3.12/site-packages/airflow/example_dags/example_task_group.py
[2025-08-21T08:46:06.626+0000] {processor.py:925} INFO - DAG(s) 'example_task_group' retrieved from /home/airflow/.local/lib/python3.12/site-packages/airflow/example_dags/example_task_group.py
[2025-08-21T08:46:09.227+0000] {logging_mixin.py:190} INFO - [2025-08-21T08:46:09.220+0000] {dag.py:3229} INFO - Sync 1 DAGs
[2025-08-21T08:46:09.429+0000] {logging_mixin.py:190} INFO - [2025-08-21T08:46:09.428+0000] {dag.py:4156} INFO - Setting next_dagrun for example_task_group to None, run_after=None
[2025-08-21T08:46:09.563+0000] {processor.py:208} INFO - Processing /home/airflow/.local/lib/python3.12/site-packages/airflow/example_dags/example_task_group.py took 2.965 seconds
[2025-08-21T08:46:40.507+0000] {processor.py:186} INFO - Started process (PID=470) to work on /home/airflow/.local/lib/python3.12/site-packages/airflow/example_dags/example_task_group.py
[2025-08-21T08:46:40.520+0000] {processor.py:914} INFO - Processing file /home/airflow/.local/lib/python3.12/site-packages/airflow/example_dags/example_task_group.py for tasks to queue
[2025-08-21T08:46:40.534+0000] {logging_mixin.py:190} INFO - [2025-08-21T08:46:40.531+0000] {dagbag.py:587} INFO - Filling up the DagBag from /home/airflow/.local/lib/python3.12/site-packages/airflow/example_dags/example_task_group.py
[2025-08-21T08:46:40.619+0000] {processor.py:925} INFO - DAG(s) 'example_task_group' retrieved from /home/airflow/.local/lib/python3.12/site-packages/airflow/example_dags/example_task_group.py
[2025-08-21T08:46:40.741+0000] {logging_mixin.py:190} INFO - [2025-08-21T08:46:40.741+0000] {dag.py:3229} INFO - Sync 1 DAGs
[2025-08-21T08:46:40.814+0000] {logging_mixin.py:190} INFO - [2025-08-21T08:46:40.812+0000] {dag.py:4156} INFO - Setting next_dagrun for example_task_group to None, run_after=None
[2025-08-21T08:46:40.908+0000] {processor.py:208} INFO - Processing /home/airflow/.local/lib/python3.12/site-packages/airflow/example_dags/example_task_group.py took 0.433 seconds
