[2025-08-21T08:43:14.480+0000] {processor.py:186} INFO - Started process (PID=89) to work on /home/airflow/.local/lib/python3.12/site-packages/airflow/example_dags/example_complex.py
[2025-08-21T08:43:14.481+0000] {processor.py:914} INFO - Processing file /home/airflow/.local/lib/python3.12/site-packages/airflow/example_dags/example_complex.py for tasks to queue
[2025-08-21T08:43:14.491+0000] {logging_mixin.py:190} INFO - [2025-08-21T08:43:14.490+0000] {dagbag.py:587} INFO - Filling up the DagBag from /home/airflow/.local/lib/python3.12/site-packages/airflow/example_dags/example_complex.py
[2025-08-21T08:43:14.527+0000] {processor.py:925} INFO - DAG(s) 'example_complex' retrieved from /home/airflow/.local/lib/python3.12/site-packages/airflow/example_dags/example_complex.py
[2025-08-21T08:43:14.730+0000] {logging_mixin.py:190} INFO - [2025-08-21T08:43:14.729+0000] {dag.py:3229} INFO - Sync 1 DAGs
[2025-08-21T08:43:14.797+0000] {logging_mixin.py:190} INFO - [2025-08-21T08:43:14.797+0000] {dag.py:4156} INFO - Setting next_dagrun for example_complex to None, run_after=None
[2025-08-21T08:43:14.840+0000] {processor.py:208} INFO - Processing /home/airflow/.local/lib/python3.12/site-packages/airflow/example_dags/example_complex.py took 0.427 seconds
[2025-08-21T08:43:48.410+0000] {processor.py:186} INFO - Started process (PID=151) to work on /home/airflow/.local/lib/python3.12/site-packages/airflow/example_dags/example_complex.py
[2025-08-21T08:43:48.446+0000] {processor.py:914} INFO - Processing file /home/airflow/.local/lib/python3.12/site-packages/airflow/example_dags/example_complex.py for tasks to queue
[2025-08-21T08:43:48.925+0000] {logging_mixin.py:190} INFO - [2025-08-21T08:43:48.916+0000] {dagbag.py:587} INFO - Filling up the DagBag from /home/airflow/.local/lib/python3.12/site-packages/airflow/example_dags/example_complex.py
[2025-08-21T08:43:49.482+0000] {processor.py:925} INFO - DAG(s) 'example_complex' retrieved from /home/airflow/.local/lib/python3.12/site-packages/airflow/example_dags/example_complex.py
[2025-08-21T08:43:50.092+0000] {logging_mixin.py:190} INFO - [2025-08-21T08:43:50.090+0000] {dag.py:3229} INFO - Sync 1 DAGs
[2025-08-21T08:43:50.244+0000] {logging_mixin.py:190} INFO - [2025-08-21T08:43:50.244+0000] {dag.py:4156} INFO - Setting next_dagrun for example_complex to None, run_after=None
[2025-08-21T08:43:50.355+0000] {processor.py:208} INFO - Processing /home/airflow/.local/lib/python3.12/site-packages/airflow/example_dags/example_complex.py took 2.264 seconds
[2025-08-21T08:44:21.512+0000] {processor.py:186} INFO - Started process (PID=218) to work on /home/airflow/.local/lib/python3.12/site-packages/airflow/example_dags/example_complex.py
[2025-08-21T08:44:21.521+0000] {processor.py:914} INFO - Processing file /home/airflow/.local/lib/python3.12/site-packages/airflow/example_dags/example_complex.py for tasks to queue
[2025-08-21T08:44:21.551+0000] {logging_mixin.py:190} INFO - [2025-08-21T08:44:21.549+0000] {dagbag.py:587} INFO - Filling up the DagBag from /home/airflow/.local/lib/python3.12/site-packages/airflow/example_dags/example_complex.py
[2025-08-21T08:44:21.721+0000] {processor.py:925} INFO - DAG(s) 'example_complex' retrieved from /home/airflow/.local/lib/python3.12/site-packages/airflow/example_dags/example_complex.py
[2025-08-21T08:44:22.070+0000] {logging_mixin.py:190} INFO - [2025-08-21T08:44:22.063+0000] {dag.py:3229} INFO - Sync 1 DAGs
[2025-08-21T08:44:22.210+0000] {logging_mixin.py:190} INFO - [2025-08-21T08:44:22.210+0000] {dag.py:4156} INFO - Setting next_dagrun for example_complex to None, run_after=None
[2025-08-21T08:44:22.560+0000] {processor.py:208} INFO - Processing /home/airflow/.local/lib/python3.12/site-packages/airflow/example_dags/example_complex.py took 1.236 seconds
[2025-08-21T08:44:56.936+0000] {processor.py:186} INFO - Started process (PID=280) to work on /home/airflow/.local/lib/python3.12/site-packages/airflow/example_dags/example_complex.py
[2025-08-21T08:44:56.953+0000] {processor.py:914} INFO - Processing file /home/airflow/.local/lib/python3.12/site-packages/airflow/example_dags/example_complex.py for tasks to queue
[2025-08-21T08:44:56.989+0000] {logging_mixin.py:190} INFO - [2025-08-21T08:44:56.985+0000] {dagbag.py:587} INFO - Filling up the DagBag from /home/airflow/.local/lib/python3.12/site-packages/airflow/example_dags/example_complex.py
[2025-08-21T08:44:57.121+0000] {processor.py:925} INFO - DAG(s) 'example_complex' retrieved from /home/airflow/.local/lib/python3.12/site-packages/airflow/example_dags/example_complex.py
[2025-08-21T08:44:57.328+0000] {logging_mixin.py:190} INFO - [2025-08-21T08:44:57.327+0000] {dag.py:3229} INFO - Sync 1 DAGs
[2025-08-21T08:44:57.381+0000] {logging_mixin.py:190} INFO - [2025-08-21T08:44:57.379+0000] {dag.py:4156} INFO - Setting next_dagrun for example_complex to None, run_after=None
[2025-08-21T08:44:57.432+0000] {processor.py:208} INFO - Processing /home/airflow/.local/lib/python3.12/site-packages/airflow/example_dags/example_complex.py took 0.602 seconds
[2025-08-21T08:45:30.068+0000] {processor.py:186} INFO - Started process (PID=342) to work on /home/airflow/.local/lib/python3.12/site-packages/airflow/example_dags/example_complex.py
[2025-08-21T08:45:30.076+0000] {processor.py:914} INFO - Processing file /home/airflow/.local/lib/python3.12/site-packages/airflow/example_dags/example_complex.py for tasks to queue
[2025-08-21T08:45:30.084+0000] {logging_mixin.py:190} INFO - [2025-08-21T08:45:30.083+0000] {dagbag.py:587} INFO - Filling up the DagBag from /home/airflow/.local/lib/python3.12/site-packages/airflow/example_dags/example_complex.py
[2025-08-21T08:45:30.333+0000] {processor.py:925} INFO - DAG(s) 'example_complex' retrieved from /home/airflow/.local/lib/python3.12/site-packages/airflow/example_dags/example_complex.py
[2025-08-21T08:45:30.545+0000] {logging_mixin.py:190} INFO - [2025-08-21T08:45:30.544+0000] {dag.py:3229} INFO - Sync 1 DAGs
[2025-08-21T08:45:30.662+0000] {logging_mixin.py:190} INFO - [2025-08-21T08:45:30.661+0000] {dag.py:4156} INFO - Setting next_dagrun for example_complex to None, run_after=None
[2025-08-21T08:45:30.765+0000] {processor.py:208} INFO - Processing /home/airflow/.local/lib/python3.12/site-packages/airflow/example_dags/example_complex.py took 0.719 seconds
[2025-08-21T08:46:00.979+0000] {processor.py:186} INFO - Started process (PID=403) to work on /home/airflow/.local/lib/python3.12/site-packages/airflow/example_dags/example_complex.py
[2025-08-21T08:46:00.981+0000] {processor.py:914} INFO - Processing file /home/airflow/.local/lib/python3.12/site-packages/airflow/example_dags/example_complex.py for tasks to queue
[2025-08-21T08:46:00.983+0000] {logging_mixin.py:190} INFO - [2025-08-21T08:46:00.983+0000] {dagbag.py:587} INFO - Filling up the DagBag from /home/airflow/.local/lib/python3.12/site-packages/airflow/example_dags/example_complex.py
[2025-08-21T08:46:01.001+0000] {processor.py:925} INFO - DAG(s) 'example_complex' retrieved from /home/airflow/.local/lib/python3.12/site-packages/airflow/example_dags/example_complex.py
[2025-08-21T08:46:01.110+0000] {logging_mixin.py:190} INFO - [2025-08-21T08:46:01.110+0000] {dag.py:3229} INFO - Sync 1 DAGs
[2025-08-21T08:46:01.145+0000] {logging_mixin.py:190} INFO - [2025-08-21T08:46:01.144+0000] {dag.py:4156} INFO - Setting next_dagrun for example_complex to None, run_after=None
[2025-08-21T08:46:01.170+0000] {processor.py:208} INFO - Processing /home/airflow/.local/lib/python3.12/site-packages/airflow/example_dags/example_complex.py took 0.196 seconds
[2025-08-21T08:46:33.392+0000] {processor.py:186} INFO - Started process (PID=465) to work on /home/airflow/.local/lib/python3.12/site-packages/airflow/example_dags/example_complex.py
[2025-08-21T08:46:33.395+0000] {processor.py:914} INFO - Processing file /home/airflow/.local/lib/python3.12/site-packages/airflow/example_dags/example_complex.py for tasks to queue
[2025-08-21T08:46:33.399+0000] {logging_mixin.py:190} INFO - [2025-08-21T08:46:33.398+0000] {dagbag.py:587} INFO - Filling up the DagBag from /home/airflow/.local/lib/python3.12/site-packages/airflow/example_dags/example_complex.py
[2025-08-21T08:46:33.435+0000] {processor.py:925} INFO - DAG(s) 'example_complex' retrieved from /home/airflow/.local/lib/python3.12/site-packages/airflow/example_dags/example_complex.py
[2025-08-21T08:46:33.467+0000] {logging_mixin.py:190} INFO - [2025-08-21T08:46:33.466+0000] {dag.py:3229} INFO - Sync 1 DAGs
[2025-08-21T08:46:33.480+0000] {logging_mixin.py:190} INFO - [2025-08-21T08:46:33.480+0000] {dag.py:4156} INFO - Setting next_dagrun for example_complex to None, run_after=None
[2025-08-21T08:46:33.498+0000] {processor.py:208} INFO - Processing /home/airflow/.local/lib/python3.12/site-packages/airflow/example_dags/example_complex.py took 0.123 seconds
