[2025-08-21T08:43:20.195+0000] {processor.py:186} INFO - Started process (PID=107) to work on /home/airflow/.local/lib/python3.12/site-packages/airflow/example_dags/example_kubernetes_executor.py
[2025-08-21T08:43:20.197+0000] {processor.py:914} INFO - Processing file /home/airflow/.local/lib/python3.12/site-packages/airflow/example_dags/example_kubernetes_executor.py for tasks to queue
[2025-08-21T08:43:20.205+0000] {logging_mixin.py:190} INFO - [2025-08-21T08:43:20.204+0000] {dagbag.py:587} INFO - Filling up the DagBag from /home/airflow/.local/lib/python3.12/site-packages/airflow/example_dags/example_kubernetes_executor.py
[2025-08-21T08:43:20.383+0000] {processor.py:925} INFO - DAG(s) 'example_kubernetes_executor' retrieved from /home/airflow/.local/lib/python3.12/site-packages/airflow/example_dags/example_kubernetes_executor.py
[2025-08-21T08:43:20.787+0000] {logging_mixin.py:190} INFO - [2025-08-21T08:43:20.786+0000] {dag.py:3229} INFO - Sync 1 DAGs
[2025-08-21T08:43:20.812+0000] {logging_mixin.py:190} INFO - [2025-08-21T08:43:20.812+0000] {dag.py:4156} INFO - Setting next_dagrun for example_kubernetes_executor to None, run_after=None
[2025-08-21T08:43:20.832+0000] {processor.py:208} INFO - Processing /home/airflow/.local/lib/python3.12/site-packages/airflow/example_dags/example_kubernetes_executor.py took 0.742 seconds
[2025-08-21T08:43:58.611+0000] {processor.py:186} INFO - Started process (PID=168) to work on /home/airflow/.local/lib/python3.12/site-packages/airflow/example_dags/example_kubernetes_executor.py
[2025-08-21T08:43:58.621+0000] {processor.py:914} INFO - Processing file /home/airflow/.local/lib/python3.12/site-packages/airflow/example_dags/example_kubernetes_executor.py for tasks to queue
[2025-08-21T08:43:58.639+0000] {logging_mixin.py:190} INFO - [2025-08-21T08:43:58.637+0000] {dagbag.py:587} INFO - Filling up the DagBag from /home/airflow/.local/lib/python3.12/site-packages/airflow/example_dags/example_kubernetes_executor.py
[2025-08-21T08:43:58.840+0000] {processor.py:925} INFO - DAG(s) 'example_kubernetes_executor' retrieved from /home/airflow/.local/lib/python3.12/site-packages/airflow/example_dags/example_kubernetes_executor.py
[2025-08-21T08:43:59.256+0000] {logging_mixin.py:190} INFO - [2025-08-21T08:43:59.251+0000] {dag.py:3229} INFO - Sync 1 DAGs
[2025-08-21T08:43:59.361+0000] {logging_mixin.py:190} INFO - [2025-08-21T08:43:59.361+0000] {dag.py:4156} INFO - Setting next_dagrun for example_kubernetes_executor to None, run_after=None
[2025-08-21T08:43:59.480+0000] {processor.py:208} INFO - Processing /home/airflow/.local/lib/python3.12/site-packages/airflow/example_dags/example_kubernetes_executor.py took 0.892 seconds
[2025-08-21T08:44:31.341+0000] {processor.py:186} INFO - Started process (PID=230) to work on /home/airflow/.local/lib/python3.12/site-packages/airflow/example_dags/example_kubernetes_executor.py
[2025-08-21T08:44:31.346+0000] {processor.py:914} INFO - Processing file /home/airflow/.local/lib/python3.12/site-packages/airflow/example_dags/example_kubernetes_executor.py for tasks to queue
[2025-08-21T08:44:31.362+0000] {logging_mixin.py:190} INFO - [2025-08-21T08:44:31.361+0000] {dagbag.py:587} INFO - Filling up the DagBag from /home/airflow/.local/lib/python3.12/site-packages/airflow/example_dags/example_kubernetes_executor.py
[2025-08-21T08:44:31.509+0000] {processor.py:925} INFO - DAG(s) 'example_kubernetes_executor' retrieved from /home/airflow/.local/lib/python3.12/site-packages/airflow/example_dags/example_kubernetes_executor.py
[2025-08-21T08:44:31.798+0000] {logging_mixin.py:190} INFO - [2025-08-21T08:44:31.797+0000] {dag.py:3229} INFO - Sync 1 DAGs
[2025-08-21T08:44:31.872+0000] {logging_mixin.py:190} INFO - [2025-08-21T08:44:31.871+0000] {dag.py:4156} INFO - Setting next_dagrun for example_kubernetes_executor to None, run_after=None
[2025-08-21T08:44:31.977+0000] {processor.py:208} INFO - Processing /home/airflow/.local/lib/python3.12/site-packages/airflow/example_dags/example_kubernetes_executor.py took 0.678 seconds
[2025-08-21T08:45:02.773+0000] {processor.py:186} INFO - Started process (PID=292) to work on /home/airflow/.local/lib/python3.12/site-packages/airflow/example_dags/example_kubernetes_executor.py
[2025-08-21T08:45:02.787+0000] {processor.py:914} INFO - Processing file /home/airflow/.local/lib/python3.12/site-packages/airflow/example_dags/example_kubernetes_executor.py for tasks to queue
[2025-08-21T08:45:02.812+0000] {logging_mixin.py:190} INFO - [2025-08-21T08:45:02.808+0000] {dagbag.py:587} INFO - Filling up the DagBag from /home/airflow/.local/lib/python3.12/site-packages/airflow/example_dags/example_kubernetes_executor.py
[2025-08-21T08:45:02.922+0000] {processor.py:925} INFO - DAG(s) 'example_kubernetes_executor' retrieved from /home/airflow/.local/lib/python3.12/site-packages/airflow/example_dags/example_kubernetes_executor.py
[2025-08-21T08:45:03.097+0000] {logging_mixin.py:190} INFO - [2025-08-21T08:45:03.097+0000] {dag.py:3229} INFO - Sync 1 DAGs
[2025-08-21T08:45:03.217+0000] {logging_mixin.py:190} INFO - [2025-08-21T08:45:03.212+0000] {dag.py:4156} INFO - Setting next_dagrun for example_kubernetes_executor to None, run_after=None
[2025-08-21T08:45:03.372+0000] {processor.py:208} INFO - Processing /home/airflow/.local/lib/python3.12/site-packages/airflow/example_dags/example_kubernetes_executor.py took 0.629 seconds
[2025-08-21T08:45:36.980+0000] {processor.py:186} INFO - Started process (PID=354) to work on /home/airflow/.local/lib/python3.12/site-packages/airflow/example_dags/example_kubernetes_executor.py
[2025-08-21T08:45:37.046+0000] {processor.py:914} INFO - Processing file /home/airflow/.local/lib/python3.12/site-packages/airflow/example_dags/example_kubernetes_executor.py for tasks to queue
[2025-08-21T08:45:37.147+0000] {logging_mixin.py:190} INFO - [2025-08-21T08:45:37.143+0000] {dagbag.py:587} INFO - Filling up the DagBag from /home/airflow/.local/lib/python3.12/site-packages/airflow/example_dags/example_kubernetes_executor.py
[2025-08-21T08:45:37.701+0000] {processor.py:925} INFO - DAG(s) 'example_kubernetes_executor' retrieved from /home/airflow/.local/lib/python3.12/site-packages/airflow/example_dags/example_kubernetes_executor.py
[2025-08-21T08:45:38.720+0000] {logging_mixin.py:190} INFO - [2025-08-21T08:45:38.718+0000] {dag.py:3229} INFO - Sync 1 DAGs
[2025-08-21T08:45:38.816+0000] {logging_mixin.py:190} INFO - [2025-08-21T08:45:38.816+0000] {dag.py:4156} INFO - Setting next_dagrun for example_kubernetes_executor to None, run_after=None
[2025-08-21T08:45:38.889+0000] {processor.py:208} INFO - Processing /home/airflow/.local/lib/python3.12/site-packages/airflow/example_dags/example_kubernetes_executor.py took 2.173 seconds
[2025-08-21T08:46:11.400+0000] {processor.py:186} INFO - Started process (PID=416) to work on /home/airflow/.local/lib/python3.12/site-packages/airflow/example_dags/example_kubernetes_executor.py
[2025-08-21T08:46:11.406+0000] {processor.py:914} INFO - Processing file /home/airflow/.local/lib/python3.12/site-packages/airflow/example_dags/example_kubernetes_executor.py for tasks to queue
[2025-08-21T08:46:11.411+0000] {logging_mixin.py:190} INFO - [2025-08-21T08:46:11.410+0000] {dagbag.py:587} INFO - Filling up the DagBag from /home/airflow/.local/lib/python3.12/site-packages/airflow/example_dags/example_kubernetes_executor.py
[2025-08-21T08:46:11.477+0000] {processor.py:925} INFO - DAG(s) 'example_kubernetes_executor' retrieved from /home/airflow/.local/lib/python3.12/site-packages/airflow/example_dags/example_kubernetes_executor.py
[2025-08-21T08:46:11.654+0000] {logging_mixin.py:190} INFO - [2025-08-21T08:46:11.653+0000] {dag.py:3229} INFO - Sync 1 DAGs
[2025-08-21T08:46:11.688+0000] {logging_mixin.py:190} INFO - [2025-08-21T08:46:11.688+0000] {dag.py:4156} INFO - Setting next_dagrun for example_kubernetes_executor to None, run_after=None
[2025-08-21T08:46:11.727+0000] {processor.py:208} INFO - Processing /home/airflow/.local/lib/python3.12/site-packages/airflow/example_dags/example_kubernetes_executor.py took 0.338 seconds
[2025-08-21T08:46:42.438+0000] {processor.py:186} INFO - Started process (PID=478) to work on /home/airflow/.local/lib/python3.12/site-packages/airflow/example_dags/example_kubernetes_executor.py
[2025-08-21T08:46:42.440+0000] {processor.py:914} INFO - Processing file /home/airflow/.local/lib/python3.12/site-packages/airflow/example_dags/example_kubernetes_executor.py for tasks to queue
[2025-08-21T08:46:42.443+0000] {logging_mixin.py:190} INFO - [2025-08-21T08:46:42.443+0000] {dagbag.py:587} INFO - Filling up the DagBag from /home/airflow/.local/lib/python3.12/site-packages/airflow/example_dags/example_kubernetes_executor.py
[2025-08-21T08:46:42.503+0000] {processor.py:925} INFO - DAG(s) 'example_kubernetes_executor' retrieved from /home/airflow/.local/lib/python3.12/site-packages/airflow/example_dags/example_kubernetes_executor.py
[2025-08-21T08:46:42.592+0000] {logging_mixin.py:190} INFO - [2025-08-21T08:46:42.592+0000] {dag.py:3229} INFO - Sync 1 DAGs
[2025-08-21T08:46:42.682+0000] {logging_mixin.py:190} INFO - [2025-08-21T08:46:42.682+0000] {dag.py:4156} INFO - Setting next_dagrun for example_kubernetes_executor to None, run_after=None
[2025-08-21T08:46:43.008+0000] {processor.py:208} INFO - Processing /home/airflow/.local/lib/python3.12/site-packages/airflow/example_dags/example_kubernetes_executor.py took 0.578 seconds
