[2025-08-21T08:43:11.664+0000] {processor.py:186} INFO - Started process (PID=85) to work on /home/airflow/.local/lib/python3.12/site-packages/airflow/example_dags/example_python_operator.py
[2025-08-21T08:43:11.668+0000] {processor.py:914} INFO - Processing file /home/airflow/.local/lib/python3.12/site-packages/airflow/example_dags/example_python_operator.py for tasks to queue
[2025-08-21T08:43:11.693+0000] {logging_mixin.py:190} INFO - [2025-08-21T08:43:11.692+0000] {dagbag.py:587} INFO - Filling up the DagBag from /home/airflow/.local/lib/python3.12/site-packages/airflow/example_dags/example_python_operator.py
[2025-08-21T08:43:11.759+0000] {processor.py:925} INFO - DAG(s) 'example_python_operator' retrieved from /home/airflow/.local/lib/python3.12/site-packages/airflow/example_dags/example_python_operator.py
[2025-08-21T08:43:12.095+0000] {logging_mixin.py:190} INFO - [2025-08-21T08:43:12.095+0000] {dag.py:3229} INFO - Sync 1 DAGs
[2025-08-21T08:43:12.119+0000] {logging_mixin.py:190} INFO - [2025-08-21T08:43:12.119+0000] {dag.py:4156} INFO - Setting next_dagrun for example_python_operator to None, run_after=None
[2025-08-21T08:43:12.207+0000] {processor.py:208} INFO - Processing /home/airflow/.local/lib/python3.12/site-packages/airflow/example_dags/example_python_operator.py took 0.559 seconds
[2025-08-21T08:43:43.878+0000] {processor.py:186} INFO - Started process (PID=147) to work on /home/airflow/.local/lib/python3.12/site-packages/airflow/example_dags/example_python_operator.py
[2025-08-21T08:43:43.891+0000] {processor.py:914} INFO - Processing file /home/airflow/.local/lib/python3.12/site-packages/airflow/example_dags/example_python_operator.py for tasks to queue
[2025-08-21T08:43:43.917+0000] {logging_mixin.py:190} INFO - [2025-08-21T08:43:43.910+0000] {dagbag.py:587} INFO - Filling up the DagBag from /home/airflow/.local/lib/python3.12/site-packages/airflow/example_dags/example_python_operator.py
[2025-08-21T08:43:43.946+0000] {processor.py:925} INFO - DAG(s) 'example_python_operator' retrieved from /home/airflow/.local/lib/python3.12/site-packages/airflow/example_dags/example_python_operator.py
[2025-08-21T08:43:43.998+0000] {logging_mixin.py:190} INFO - [2025-08-21T08:43:43.997+0000] {dag.py:3229} INFO - Sync 1 DAGs
[2025-08-21T08:43:44.014+0000] {logging_mixin.py:190} INFO - [2025-08-21T08:43:44.013+0000] {dag.py:4156} INFO - Setting next_dagrun for example_python_operator to None, run_after=None
[2025-08-21T08:43:44.033+0000] {processor.py:208} INFO - Processing /home/airflow/.local/lib/python3.12/site-packages/airflow/example_dags/example_python_operator.py took 0.215 seconds
[2025-08-21T08:44:18.193+0000] {processor.py:186} INFO - Started process (PID=208) to work on /home/airflow/.local/lib/python3.12/site-packages/airflow/example_dags/example_python_operator.py
[2025-08-21T08:44:18.202+0000] {processor.py:914} INFO - Processing file /home/airflow/.local/lib/python3.12/site-packages/airflow/example_dags/example_python_operator.py for tasks to queue
[2025-08-21T08:44:18.244+0000] {logging_mixin.py:190} INFO - [2025-08-21T08:44:18.243+0000] {dagbag.py:587} INFO - Filling up the DagBag from /home/airflow/.local/lib/python3.12/site-packages/airflow/example_dags/example_python_operator.py
[2025-08-21T08:44:18.375+0000] {processor.py:925} INFO - DAG(s) 'example_python_operator' retrieved from /home/airflow/.local/lib/python3.12/site-packages/airflow/example_dags/example_python_operator.py
[2025-08-21T08:44:18.569+0000] {logging_mixin.py:190} INFO - [2025-08-21T08:44:18.568+0000] {dag.py:3229} INFO - Sync 1 DAGs
[2025-08-21T08:44:18.933+0000] {logging_mixin.py:190} INFO - [2025-08-21T08:44:18.929+0000] {dag.py:4156} INFO - Setting next_dagrun for example_python_operator to None, run_after=None
[2025-08-21T08:44:19.128+0000] {processor.py:208} INFO - Processing /home/airflow/.local/lib/python3.12/site-packages/airflow/example_dags/example_python_operator.py took 0.956 seconds
[2025-08-21T08:44:53.295+0000] {processor.py:186} INFO - Started process (PID=276) to work on /home/airflow/.local/lib/python3.12/site-packages/airflow/example_dags/example_python_operator.py
[2025-08-21T08:44:53.319+0000] {processor.py:914} INFO - Processing file /home/airflow/.local/lib/python3.12/site-packages/airflow/example_dags/example_python_operator.py for tasks to queue
[2025-08-21T08:44:53.357+0000] {logging_mixin.py:190} INFO - [2025-08-21T08:44:53.353+0000] {dagbag.py:587} INFO - Filling up the DagBag from /home/airflow/.local/lib/python3.12/site-packages/airflow/example_dags/example_python_operator.py
[2025-08-21T08:44:53.617+0000] {processor.py:925} INFO - DAG(s) 'example_python_operator' retrieved from /home/airflow/.local/lib/python3.12/site-packages/airflow/example_dags/example_python_operator.py
[2025-08-21T08:44:53.861+0000] {logging_mixin.py:190} INFO - [2025-08-21T08:44:53.856+0000] {dag.py:3229} INFO - Sync 1 DAGs
[2025-08-21T08:44:53.996+0000] {logging_mixin.py:190} INFO - [2025-08-21T08:44:53.995+0000] {dag.py:4156} INFO - Setting next_dagrun for example_python_operator to None, run_after=None
[2025-08-21T08:44:54.280+0000] {processor.py:208} INFO - Processing /home/airflow/.local/lib/python3.12/site-packages/airflow/example_dags/example_python_operator.py took 1.018 seconds
[2025-08-21T08:45:28.617+0000] {processor.py:186} INFO - Started process (PID=338) to work on /home/airflow/.local/lib/python3.12/site-packages/airflow/example_dags/example_python_operator.py
[2025-08-21T08:45:28.626+0000] {processor.py:914} INFO - Processing file /home/airflow/.local/lib/python3.12/site-packages/airflow/example_dags/example_python_operator.py for tasks to queue
[2025-08-21T08:45:28.646+0000] {logging_mixin.py:190} INFO - [2025-08-21T08:45:28.645+0000] {dagbag.py:587} INFO - Filling up the DagBag from /home/airflow/.local/lib/python3.12/site-packages/airflow/example_dags/example_python_operator.py
[2025-08-21T08:45:28.959+0000] {processor.py:925} INFO - DAG(s) 'example_python_operator' retrieved from /home/airflow/.local/lib/python3.12/site-packages/airflow/example_dags/example_python_operator.py
[2025-08-21T08:45:29.296+0000] {logging_mixin.py:190} INFO - [2025-08-21T08:45:29.294+0000] {dag.py:3229} INFO - Sync 1 DAGs
[2025-08-21T08:45:29.375+0000] {logging_mixin.py:190} INFO - [2025-08-21T08:45:29.375+0000] {dag.py:4156} INFO - Setting next_dagrun for example_python_operator to None, run_after=None
[2025-08-21T08:45:29.428+0000] {processor.py:208} INFO - Processing /home/airflow/.local/lib/python3.12/site-packages/airflow/example_dags/example_python_operator.py took 0.856 seconds
[2025-08-21T08:46:00.474+0000] {processor.py:186} INFO - Started process (PID=400) to work on /home/airflow/.local/lib/python3.12/site-packages/airflow/example_dags/example_python_operator.py
[2025-08-21T08:46:00.483+0000] {processor.py:914} INFO - Processing file /home/airflow/.local/lib/python3.12/site-packages/airflow/example_dags/example_python_operator.py for tasks to queue
[2025-08-21T08:46:00.522+0000] {logging_mixin.py:190} INFO - [2025-08-21T08:46:00.520+0000] {dagbag.py:587} INFO - Filling up the DagBag from /home/airflow/.local/lib/python3.12/site-packages/airflow/example_dags/example_python_operator.py
[2025-08-21T08:46:00.679+0000] {processor.py:925} INFO - DAG(s) 'example_python_operator' retrieved from /home/airflow/.local/lib/python3.12/site-packages/airflow/example_dags/example_python_operator.py
[2025-08-21T08:46:00.815+0000] {logging_mixin.py:190} INFO - [2025-08-21T08:46:00.813+0000] {dag.py:3229} INFO - Sync 1 DAGs
[2025-08-21T08:46:00.841+0000] {logging_mixin.py:190} INFO - [2025-08-21T08:46:00.841+0000] {dag.py:4156} INFO - Setting next_dagrun for example_python_operator to None, run_after=None
[2025-08-21T08:46:00.909+0000] {processor.py:208} INFO - Processing /home/airflow/.local/lib/python3.12/site-packages/airflow/example_dags/example_python_operator.py took 0.496 seconds
[2025-08-21T08:46:32.434+0000] {processor.py:186} INFO - Started process (PID=462) to work on /home/airflow/.local/lib/python3.12/site-packages/airflow/example_dags/example_python_operator.py
[2025-08-21T08:46:32.437+0000] {processor.py:914} INFO - Processing file /home/airflow/.local/lib/python3.12/site-packages/airflow/example_dags/example_python_operator.py for tasks to queue
[2025-08-21T08:46:32.439+0000] {logging_mixin.py:190} INFO - [2025-08-21T08:46:32.439+0000] {dagbag.py:587} INFO - Filling up the DagBag from /home/airflow/.local/lib/python3.12/site-packages/airflow/example_dags/example_python_operator.py
[2025-08-21T08:46:32.557+0000] {processor.py:925} INFO - DAG(s) 'example_python_operator' retrieved from /home/airflow/.local/lib/python3.12/site-packages/airflow/example_dags/example_python_operator.py
[2025-08-21T08:46:32.743+0000] {logging_mixin.py:190} INFO - [2025-08-21T08:46:32.743+0000] {dag.py:3229} INFO - Sync 1 DAGs
[2025-08-21T08:46:32.819+0000] {logging_mixin.py:190} INFO - [2025-08-21T08:46:32.818+0000] {dag.py:4156} INFO - Setting next_dagrun for example_python_operator to None, run_after=None
[2025-08-21T08:46:32.904+0000] {processor.py:208} INFO - Processing /home/airflow/.local/lib/python3.12/site-packages/airflow/example_dags/example_python_operator.py took 0.488 seconds
