[2025-08-21T08:43:06.376+0000] {processor.py:186} INFO - Started process (PID=70) to work on /home/airflow/.local/lib/python3.12/site-packages/airflow/example_dags/example_external_task_marker_dag.py
[2025-08-21T08:43:06.388+0000] {processor.py:914} INFO - Processing file /home/airflow/.local/lib/python3.12/site-packages/airflow/example_dags/example_external_task_marker_dag.py for tasks to queue
[2025-08-21T08:43:06.427+0000] {logging_mixin.py:190} INFO - [2025-08-21T08:43:06.424+0000] {dagbag.py:587} INFO - Filling up the DagBag from /home/airflow/.local/lib/python3.12/site-packages/airflow/example_dags/example_external_task_marker_dag.py
[2025-08-21T08:43:06.544+0000] {processor.py:925} INFO - DAG(s) 'example_external_task_marker_parent', 'example_external_task_marker_child' retrieved from /home/airflow/.local/lib/python3.12/site-packages/airflow/example_dags/example_external_task_marker_dag.py
[2025-08-21T08:43:06.830+0000] {logging_mixin.py:190} INFO - [2025-08-21T08:43:06.828+0000] {dag.py:3229} INFO - Sync 2 DAGs
[2025-08-21T08:43:06.979+0000] {logging_mixin.py:190} INFO - [2025-08-21T08:43:06.978+0000] {dag.py:4156} INFO - Setting next_dagrun for example_external_task_marker_child to None, run_after=None
[2025-08-21T08:43:06.998+0000] {logging_mixin.py:190} INFO - [2025-08-21T08:43:06.998+0000] {dag.py:4156} INFO - Setting next_dagrun for example_external_task_marker_parent to None, run_after=None
[2025-08-21T08:43:07.060+0000] {processor.py:208} INFO - Processing /home/airflow/.local/lib/python3.12/site-packages/airflow/example_dags/example_external_task_marker_dag.py took 0.777 seconds
[2025-08-21T08:43:38.681+0000] {processor.py:186} INFO - Started process (PID=132) to work on /home/airflow/.local/lib/python3.12/site-packages/airflow/example_dags/example_external_task_marker_dag.py
[2025-08-21T08:43:38.687+0000] {processor.py:914} INFO - Processing file /home/airflow/.local/lib/python3.12/site-packages/airflow/example_dags/example_external_task_marker_dag.py for tasks to queue
[2025-08-21T08:43:38.703+0000] {logging_mixin.py:190} INFO - [2025-08-21T08:43:38.700+0000] {dagbag.py:587} INFO - Filling up the DagBag from /home/airflow/.local/lib/python3.12/site-packages/airflow/example_dags/example_external_task_marker_dag.py
[2025-08-21T08:43:38.770+0000] {processor.py:925} INFO - DAG(s) 'example_external_task_marker_child', 'example_external_task_marker_parent' retrieved from /home/airflow/.local/lib/python3.12/site-packages/airflow/example_dags/example_external_task_marker_dag.py
[2025-08-21T08:43:38.895+0000] {logging_mixin.py:190} INFO - [2025-08-21T08:43:38.893+0000] {dag.py:3229} INFO - Sync 2 DAGs
[2025-08-21T08:43:38.946+0000] {logging_mixin.py:190} INFO - [2025-08-21T08:43:38.945+0000] {dag.py:4156} INFO - Setting next_dagrun for example_external_task_marker_child to None, run_after=None
[2025-08-21T08:43:38.968+0000] {logging_mixin.py:190} INFO - [2025-08-21T08:43:38.968+0000] {dag.py:4156} INFO - Setting next_dagrun for example_external_task_marker_parent to None, run_after=None
[2025-08-21T08:43:39.027+0000] {processor.py:208} INFO - Processing /home/airflow/.local/lib/python3.12/site-packages/airflow/example_dags/example_external_task_marker_dag.py took 0.402 seconds
[2025-08-21T08:44:10.600+0000] {processor.py:186} INFO - Started process (PID=188) to work on /home/airflow/.local/lib/python3.12/site-packages/airflow/example_dags/example_external_task_marker_dag.py
[2025-08-21T08:44:10.621+0000] {processor.py:914} INFO - Processing file /home/airflow/.local/lib/python3.12/site-packages/airflow/example_dags/example_external_task_marker_dag.py for tasks to queue
[2025-08-21T08:44:10.625+0000] {logging_mixin.py:190} INFO - [2025-08-21T08:44:10.625+0000] {dagbag.py:587} INFO - Filling up the DagBag from /home/airflow/.local/lib/python3.12/site-packages/airflow/example_dags/example_external_task_marker_dag.py
[2025-08-21T08:44:10.658+0000] {processor.py:925} INFO - DAG(s) 'example_external_task_marker_child', 'example_external_task_marker_parent' retrieved from /home/airflow/.local/lib/python3.12/site-packages/airflow/example_dags/example_external_task_marker_dag.py
[2025-08-21T08:44:10.867+0000] {logging_mixin.py:190} INFO - [2025-08-21T08:44:10.866+0000] {dag.py:3229} INFO - Sync 2 DAGs
[2025-08-21T08:44:11.050+0000] {logging_mixin.py:190} INFO - [2025-08-21T08:44:11.050+0000] {dag.py:4156} INFO - Setting next_dagrun for example_external_task_marker_child to None, run_after=None
[2025-08-21T08:44:11.067+0000] {logging_mixin.py:190} INFO - [2025-08-21T08:44:11.067+0000] {dag.py:4156} INFO - Setting next_dagrun for example_external_task_marker_parent to None, run_after=None
[2025-08-21T08:44:11.256+0000] {processor.py:208} INFO - Processing /home/airflow/.local/lib/python3.12/site-packages/airflow/example_dags/example_external_task_marker_dag.py took 0.693 seconds
[2025-08-21T08:44:41.691+0000] {processor.py:186} INFO - Started process (PID=250) to work on /home/airflow/.local/lib/python3.12/site-packages/airflow/example_dags/example_external_task_marker_dag.py
[2025-08-21T08:44:41.698+0000] {processor.py:914} INFO - Processing file /home/airflow/.local/lib/python3.12/site-packages/airflow/example_dags/example_external_task_marker_dag.py for tasks to queue
[2025-08-21T08:44:41.723+0000] {logging_mixin.py:190} INFO - [2025-08-21T08:44:41.720+0000] {dagbag.py:587} INFO - Filling up the DagBag from /home/airflow/.local/lib/python3.12/site-packages/airflow/example_dags/example_external_task_marker_dag.py
[2025-08-21T08:44:41.765+0000] {processor.py:925} INFO - DAG(s) 'example_external_task_marker_child', 'example_external_task_marker_parent' retrieved from /home/airflow/.local/lib/python3.12/site-packages/airflow/example_dags/example_external_task_marker_dag.py
[2025-08-21T08:44:41.934+0000] {logging_mixin.py:190} INFO - [2025-08-21T08:44:41.933+0000] {dag.py:3229} INFO - Sync 2 DAGs
[2025-08-21T08:44:42.077+0000] {logging_mixin.py:190} INFO - [2025-08-21T08:44:42.074+0000] {dag.py:4156} INFO - Setting next_dagrun for example_external_task_marker_child to None, run_after=None
[2025-08-21T08:44:42.097+0000] {logging_mixin.py:190} INFO - [2025-08-21T08:44:42.096+0000] {dag.py:4156} INFO - Setting next_dagrun for example_external_task_marker_parent to None, run_after=None
[2025-08-21T08:44:42.193+0000] {processor.py:208} INFO - Processing /home/airflow/.local/lib/python3.12/site-packages/airflow/example_dags/example_external_task_marker_dag.py took 0.577 seconds
[2025-08-21T08:45:12.939+0000] {processor.py:186} INFO - Started process (PID=312) to work on /home/airflow/.local/lib/python3.12/site-packages/airflow/example_dags/example_external_task_marker_dag.py
[2025-08-21T08:45:12.948+0000] {processor.py:914} INFO - Processing file /home/airflow/.local/lib/python3.12/site-packages/airflow/example_dags/example_external_task_marker_dag.py for tasks to queue
[2025-08-21T08:45:12.966+0000] {logging_mixin.py:190} INFO - [2025-08-21T08:45:12.964+0000] {dagbag.py:587} INFO - Filling up the DagBag from /home/airflow/.local/lib/python3.12/site-packages/airflow/example_dags/example_external_task_marker_dag.py
[2025-08-21T08:45:13.020+0000] {processor.py:925} INFO - DAG(s) 'example_external_task_marker_parent', 'example_external_task_marker_child' retrieved from /home/airflow/.local/lib/python3.12/site-packages/airflow/example_dags/example_external_task_marker_dag.py
[2025-08-21T08:45:13.172+0000] {logging_mixin.py:190} INFO - [2025-08-21T08:45:13.171+0000] {dag.py:3229} INFO - Sync 2 DAGs
[2025-08-21T08:45:13.240+0000] {logging_mixin.py:190} INFO - [2025-08-21T08:45:13.240+0000] {dag.py:4156} INFO - Setting next_dagrun for example_external_task_marker_child to None, run_after=None
[2025-08-21T08:45:13.252+0000] {logging_mixin.py:190} INFO - [2025-08-21T08:45:13.252+0000] {dag.py:4156} INFO - Setting next_dagrun for example_external_task_marker_parent to None, run_after=None
[2025-08-21T08:45:13.332+0000] {processor.py:208} INFO - Processing /home/airflow/.local/lib/python3.12/site-packages/airflow/example_dags/example_external_task_marker_dag.py took 0.450 seconds
[2025-08-21T08:45:43.863+0000] {processor.py:186} INFO - Started process (PID=374) to work on /home/airflow/.local/lib/python3.12/site-packages/airflow/example_dags/example_external_task_marker_dag.py
[2025-08-21T08:45:43.887+0000] {processor.py:914} INFO - Processing file /home/airflow/.local/lib/python3.12/site-packages/airflow/example_dags/example_external_task_marker_dag.py for tasks to queue
[2025-08-21T08:45:43.916+0000] {logging_mixin.py:190} INFO - [2025-08-21T08:45:43.915+0000] {dagbag.py:587} INFO - Filling up the DagBag from /home/airflow/.local/lib/python3.12/site-packages/airflow/example_dags/example_external_task_marker_dag.py
[2025-08-21T08:45:43.995+0000] {processor.py:925} INFO - DAG(s) 'example_external_task_marker_child', 'example_external_task_marker_parent' retrieved from /home/airflow/.local/lib/python3.12/site-packages/airflow/example_dags/example_external_task_marker_dag.py
[2025-08-21T08:45:44.148+0000] {logging_mixin.py:190} INFO - [2025-08-21T08:45:44.148+0000] {dag.py:3229} INFO - Sync 2 DAGs
[2025-08-21T08:45:44.205+0000] {logging_mixin.py:190} INFO - [2025-08-21T08:45:44.204+0000] {dag.py:4156} INFO - Setting next_dagrun for example_external_task_marker_child to None, run_after=None
[2025-08-21T08:45:44.215+0000] {logging_mixin.py:190} INFO - [2025-08-21T08:45:44.214+0000] {dag.py:4156} INFO - Setting next_dagrun for example_external_task_marker_parent to None, run_after=None
[2025-08-21T08:45:44.270+0000] {processor.py:208} INFO - Processing /home/airflow/.local/lib/python3.12/site-packages/airflow/example_dags/example_external_task_marker_dag.py took 0.455 seconds
[2025-08-21T08:46:15.097+0000] {processor.py:186} INFO - Started process (PID=436) to work on /home/airflow/.local/lib/python3.12/site-packages/airflow/example_dags/example_external_task_marker_dag.py
[2025-08-21T08:46:15.101+0000] {processor.py:914} INFO - Processing file /home/airflow/.local/lib/python3.12/site-packages/airflow/example_dags/example_external_task_marker_dag.py for tasks to queue
[2025-08-21T08:46:15.108+0000] {logging_mixin.py:190} INFO - [2025-08-21T08:46:15.108+0000] {dagbag.py:587} INFO - Filling up the DagBag from /home/airflow/.local/lib/python3.12/site-packages/airflow/example_dags/example_external_task_marker_dag.py
[2025-08-21T08:46:15.142+0000] {processor.py:925} INFO - DAG(s) 'example_external_task_marker_parent', 'example_external_task_marker_child' retrieved from /home/airflow/.local/lib/python3.12/site-packages/airflow/example_dags/example_external_task_marker_dag.py
[2025-08-21T08:46:15.203+0000] {logging_mixin.py:190} INFO - [2025-08-21T08:46:15.202+0000] {dag.py:3229} INFO - Sync 2 DAGs
[2025-08-21T08:46:15.238+0000] {logging_mixin.py:190} INFO - [2025-08-21T08:46:15.238+0000] {dag.py:4156} INFO - Setting next_dagrun for example_external_task_marker_child to None, run_after=None
[2025-08-21T08:46:15.246+0000] {logging_mixin.py:190} INFO - [2025-08-21T08:46:15.246+0000] {dag.py:4156} INFO - Setting next_dagrun for example_external_task_marker_parent to None, run_after=None
[2025-08-21T08:46:15.267+0000] {processor.py:208} INFO - Processing /home/airflow/.local/lib/python3.12/site-packages/airflow/example_dags/example_external_task_marker_dag.py took 0.183 seconds
[2025-08-21T08:46:51.919+0000] {processor.py:186} INFO - Started process (PID=498) to work on /home/airflow/.local/lib/python3.12/site-packages/airflow/example_dags/example_external_task_marker_dag.py
[2025-08-21T08:46:51.962+0000] {processor.py:914} INFO - Processing file /home/airflow/.local/lib/python3.12/site-packages/airflow/example_dags/example_external_task_marker_dag.py for tasks to queue
[2025-08-21T08:46:52.145+0000] {logging_mixin.py:190} INFO - [2025-08-21T08:46:52.093+0000] {dagbag.py:587} INFO - Filling up the DagBag from /home/airflow/.local/lib/python3.12/site-packages/airflow/example_dags/example_external_task_marker_dag.py
[2025-08-21T08:46:52.318+0000] {processor.py:925} INFO - DAG(s) 'example_external_task_marker_parent', 'example_external_task_marker_child' retrieved from /home/airflow/.local/lib/python3.12/site-packages/airflow/example_dags/example_external_task_marker_dag.py
[2025-08-21T08:46:53.345+0000] {logging_mixin.py:190} INFO - [2025-08-21T08:46:53.334+0000] {dag.py:3229} INFO - Sync 2 DAGs
[2025-08-21T08:46:53.933+0000] {logging_mixin.py:190} INFO - [2025-08-21T08:46:53.927+0000] {dag.py:4156} INFO - Setting next_dagrun for example_external_task_marker_child to None, run_after=None
[2025-08-21T08:46:54.059+0000] {logging_mixin.py:190} INFO - [2025-08-21T08:46:54.058+0000] {dag.py:4156} INFO - Setting next_dagrun for example_external_task_marker_parent to None, run_after=None
[2025-08-21T08:46:54.249+0000] {processor.py:208} INFO - Processing /home/airflow/.local/lib/python3.12/site-packages/airflow/example_dags/example_external_task_marker_dag.py took 2.630 seconds
