[2025-08-21T08:43:00.748+0000] {processor.py:186} INFO - Started process (PID=66) to work on /home/airflow/.local/lib/python3.12/site-packages/airflow/example_dags/example_short_circuit_operator.py
[2025-08-21T08:43:00.773+0000] {processor.py:914} INFO - Processing file /home/airflow/.local/lib/python3.12/site-packages/airflow/example_dags/example_short_circuit_operator.py for tasks to queue
[2025-08-21T08:43:00.866+0000] {logging_mixin.py:190} INFO - [2025-08-21T08:43:00.851+0000] {dagbag.py:587} INFO - Filling up the DagBag from /home/airflow/.local/lib/python3.12/site-packages/airflow/example_dags/example_short_circuit_operator.py
[2025-08-21T08:43:01.216+0000] {processor.py:925} INFO - DAG(s) 'example_short_circuit_operator' retrieved from /home/airflow/.local/lib/python3.12/site-packages/airflow/example_dags/example_short_circuit_operator.py
[2025-08-21T08:43:04.171+0000] {logging_mixin.py:190} INFO - [2025-08-21T08:43:04.163+0000] {dag.py:3229} INFO - Sync 1 DAGs
[2025-08-21T08:43:04.394+0000] {logging_mixin.py:190} INFO - [2025-08-21T08:43:04.393+0000] {dag.py:4156} INFO - Setting next_dagrun for example_short_circuit_operator to None, run_after=None
[2025-08-21T08:43:04.519+0000] {processor.py:208} INFO - Processing /home/airflow/.local/lib/python3.12/site-packages/airflow/example_dags/example_short_circuit_operator.py took 3.911 seconds
[2025-08-21T08:43:36.267+0000] {processor.py:186} INFO - Started process (PID=128) to work on /home/airflow/.local/lib/python3.12/site-packages/airflow/example_dags/example_short_circuit_operator.py
[2025-08-21T08:43:36.343+0000] {processor.py:914} INFO - Processing file /home/airflow/.local/lib/python3.12/site-packages/airflow/example_dags/example_short_circuit_operator.py for tasks to queue
[2025-08-21T08:43:36.439+0000] {logging_mixin.py:190} INFO - [2025-08-21T08:43:36.433+0000] {dagbag.py:587} INFO - Filling up the DagBag from /home/airflow/.local/lib/python3.12/site-packages/airflow/example_dags/example_short_circuit_operator.py
[2025-08-21T08:43:36.781+0000] {processor.py:925} INFO - DAG(s) 'example_short_circuit_operator' retrieved from /home/airflow/.local/lib/python3.12/site-packages/airflow/example_dags/example_short_circuit_operator.py
[2025-08-21T08:43:37.497+0000] {logging_mixin.py:190} INFO - [2025-08-21T08:43:37.460+0000] {dag.py:3229} INFO - Sync 1 DAGs
[2025-08-21T08:43:37.720+0000] {logging_mixin.py:190} INFO - [2025-08-21T08:43:37.718+0000] {dag.py:4156} INFO - Setting next_dagrun for example_short_circuit_operator to None, run_after=None
[2025-08-21T08:43:37.908+0000] {processor.py:208} INFO - Processing /home/airflow/.local/lib/python3.12/site-packages/airflow/example_dags/example_short_circuit_operator.py took 2.000 seconds
[2025-08-21T08:44:09.382+0000] {processor.py:186} INFO - Started process (PID=184) to work on /home/airflow/.local/lib/python3.12/site-packages/airflow/example_dags/example_short_circuit_operator.py
[2025-08-21T08:44:09.386+0000] {processor.py:914} INFO - Processing file /home/airflow/.local/lib/python3.12/site-packages/airflow/example_dags/example_short_circuit_operator.py for tasks to queue
[2025-08-21T08:44:09.400+0000] {logging_mixin.py:190} INFO - [2025-08-21T08:44:09.398+0000] {dagbag.py:587} INFO - Filling up the DagBag from /home/airflow/.local/lib/python3.12/site-packages/airflow/example_dags/example_short_circuit_operator.py
[2025-08-21T08:44:09.418+0000] {processor.py:925} INFO - DAG(s) 'example_short_circuit_operator' retrieved from /home/airflow/.local/lib/python3.12/site-packages/airflow/example_dags/example_short_circuit_operator.py
[2025-08-21T08:44:09.492+0000] {logging_mixin.py:190} INFO - [2025-08-21T08:44:09.492+0000] {dag.py:3229} INFO - Sync 1 DAGs
[2025-08-21T08:44:09.593+0000] {logging_mixin.py:190} INFO - [2025-08-21T08:44:09.591+0000] {dag.py:4156} INFO - Setting next_dagrun for example_short_circuit_operator to None, run_after=None
[2025-08-21T08:44:09.725+0000] {processor.py:208} INFO - Processing /home/airflow/.local/lib/python3.12/site-packages/airflow/example_dags/example_short_circuit_operator.py took 0.353 seconds
[2025-08-21T08:44:40.130+0000] {processor.py:186} INFO - Started process (PID=246) to work on /home/airflow/.local/lib/python3.12/site-packages/airflow/example_dags/example_short_circuit_operator.py
[2025-08-21T08:44:40.132+0000] {processor.py:914} INFO - Processing file /home/airflow/.local/lib/python3.12/site-packages/airflow/example_dags/example_short_circuit_operator.py for tasks to queue
[2025-08-21T08:44:40.136+0000] {logging_mixin.py:190} INFO - [2025-08-21T08:44:40.135+0000] {dagbag.py:587} INFO - Filling up the DagBag from /home/airflow/.local/lib/python3.12/site-packages/airflow/example_dags/example_short_circuit_operator.py
[2025-08-21T08:44:40.152+0000] {processor.py:925} INFO - DAG(s) 'example_short_circuit_operator' retrieved from /home/airflow/.local/lib/python3.12/site-packages/airflow/example_dags/example_short_circuit_operator.py
[2025-08-21T08:44:40.195+0000] {logging_mixin.py:190} INFO - [2025-08-21T08:44:40.195+0000] {dag.py:3229} INFO - Sync 1 DAGs
[2025-08-21T08:44:40.230+0000] {logging_mixin.py:190} INFO - [2025-08-21T08:44:40.229+0000] {dag.py:4156} INFO - Setting next_dagrun for example_short_circuit_operator to None, run_after=None
[2025-08-21T08:44:40.322+0000] {processor.py:208} INFO - Processing /home/airflow/.local/lib/python3.12/site-packages/airflow/example_dags/example_short_circuit_operator.py took 0.200 seconds
[2025-08-21T08:45:10.717+0000] {processor.py:186} INFO - Started process (PID=305) to work on /home/airflow/.local/lib/python3.12/site-packages/airflow/example_dags/example_short_circuit_operator.py
[2025-08-21T08:45:10.726+0000] {processor.py:914} INFO - Processing file /home/airflow/.local/lib/python3.12/site-packages/airflow/example_dags/example_short_circuit_operator.py for tasks to queue
[2025-08-21T08:45:10.776+0000] {logging_mixin.py:190} INFO - [2025-08-21T08:45:10.774+0000] {dagbag.py:587} INFO - Filling up the DagBag from /home/airflow/.local/lib/python3.12/site-packages/airflow/example_dags/example_short_circuit_operator.py
[2025-08-21T08:45:10.872+0000] {processor.py:925} INFO - DAG(s) 'example_short_circuit_operator' retrieved from /home/airflow/.local/lib/python3.12/site-packages/airflow/example_dags/example_short_circuit_operator.py
[2025-08-21T08:45:11.067+0000] {logging_mixin.py:190} INFO - [2025-08-21T08:45:11.067+0000] {dag.py:3229} INFO - Sync 1 DAGs
[2025-08-21T08:45:11.115+0000] {logging_mixin.py:190} INFO - [2025-08-21T08:45:11.115+0000] {dag.py:4156} INFO - Setting next_dagrun for example_short_circuit_operator to None, run_after=None
[2025-08-21T08:45:11.151+0000] {processor.py:208} INFO - Processing /home/airflow/.local/lib/python3.12/site-packages/airflow/example_dags/example_short_circuit_operator.py took 0.502 seconds
[2025-08-21T08:45:41.853+0000] {processor.py:186} INFO - Started process (PID=367) to work on /home/airflow/.local/lib/python3.12/site-packages/airflow/example_dags/example_short_circuit_operator.py
[2025-08-21T08:45:41.856+0000] {processor.py:914} INFO - Processing file /home/airflow/.local/lib/python3.12/site-packages/airflow/example_dags/example_short_circuit_operator.py for tasks to queue
[2025-08-21T08:45:41.858+0000] {logging_mixin.py:190} INFO - [2025-08-21T08:45:41.858+0000] {dagbag.py:587} INFO - Filling up the DagBag from /home/airflow/.local/lib/python3.12/site-packages/airflow/example_dags/example_short_circuit_operator.py
[2025-08-21T08:45:41.880+0000] {processor.py:925} INFO - DAG(s) 'example_short_circuit_operator' retrieved from /home/airflow/.local/lib/python3.12/site-packages/airflow/example_dags/example_short_circuit_operator.py
[2025-08-21T08:45:41.919+0000] {logging_mixin.py:190} INFO - [2025-08-21T08:45:41.918+0000] {dag.py:3229} INFO - Sync 1 DAGs
[2025-08-21T08:45:41.938+0000] {logging_mixin.py:190} INFO - [2025-08-21T08:45:41.938+0000] {dag.py:4156} INFO - Setting next_dagrun for example_short_circuit_operator to None, run_after=None
[2025-08-21T08:45:41.971+0000] {processor.py:208} INFO - Processing /home/airflow/.local/lib/python3.12/site-packages/airflow/example_dags/example_short_circuit_operator.py took 0.129 seconds
[2025-08-21T08:46:12.343+0000] {processor.py:186} INFO - Started process (PID=423) to work on /home/airflow/.local/lib/python3.12/site-packages/airflow/example_dags/example_short_circuit_operator.py
[2025-08-21T08:46:12.345+0000] {processor.py:914} INFO - Processing file /home/airflow/.local/lib/python3.12/site-packages/airflow/example_dags/example_short_circuit_operator.py for tasks to queue
[2025-08-21T08:46:12.347+0000] {logging_mixin.py:190} INFO - [2025-08-21T08:46:12.347+0000] {dagbag.py:587} INFO - Filling up the DagBag from /home/airflow/.local/lib/python3.12/site-packages/airflow/example_dags/example_short_circuit_operator.py
[2025-08-21T08:46:12.355+0000] {processor.py:925} INFO - DAG(s) 'example_short_circuit_operator' retrieved from /home/airflow/.local/lib/python3.12/site-packages/airflow/example_dags/example_short_circuit_operator.py
[2025-08-21T08:46:12.384+0000] {logging_mixin.py:190} INFO - [2025-08-21T08:46:12.384+0000] {dag.py:3229} INFO - Sync 1 DAGs
[2025-08-21T08:46:12.396+0000] {logging_mixin.py:190} INFO - [2025-08-21T08:46:12.396+0000] {dag.py:4156} INFO - Setting next_dagrun for example_short_circuit_operator to None, run_after=None
[2025-08-21T08:46:12.408+0000] {processor.py:208} INFO - Processing /home/airflow/.local/lib/python3.12/site-packages/airflow/example_dags/example_short_circuit_operator.py took 0.071 seconds
[2025-08-21T08:46:44.668+0000] {processor.py:186} INFO - Started process (PID=483) to work on /home/airflow/.local/lib/python3.12/site-packages/airflow/example_dags/example_short_circuit_operator.py
[2025-08-21T08:46:44.672+0000] {processor.py:914} INFO - Processing file /home/airflow/.local/lib/python3.12/site-packages/airflow/example_dags/example_short_circuit_operator.py for tasks to queue
[2025-08-21T08:46:44.679+0000] {logging_mixin.py:190} INFO - [2025-08-21T08:46:44.678+0000] {dagbag.py:587} INFO - Filling up the DagBag from /home/airflow/.local/lib/python3.12/site-packages/airflow/example_dags/example_short_circuit_operator.py
[2025-08-21T08:46:44.718+0000] {processor.py:925} INFO - DAG(s) 'example_short_circuit_operator' retrieved from /home/airflow/.local/lib/python3.12/site-packages/airflow/example_dags/example_short_circuit_operator.py
[2025-08-21T08:46:44.778+0000] {logging_mixin.py:190} INFO - [2025-08-21T08:46:44.777+0000] {dag.py:3229} INFO - Sync 1 DAGs
[2025-08-21T08:46:44.805+0000] {logging_mixin.py:190} INFO - [2025-08-21T08:46:44.805+0000] {dag.py:4156} INFO - Setting next_dagrun for example_short_circuit_operator to None, run_after=None
[2025-08-21T08:46:44.831+0000] {processor.py:208} INFO - Processing /home/airflow/.local/lib/python3.12/site-packages/airflow/example_dags/example_short_circuit_operator.py took 0.171 seconds
