[2025-08-21T08:43:30.135+0000] {processor.py:186} INFO - Started process (PID=119) to work on /home/airflow/.local/lib/python3.12/site-packages/airflow/example_dags/example_latest_only.py
[2025-08-21T08:43:30.140+0000] {processor.py:914} INFO - Processing file /home/airflow/.local/lib/python3.12/site-packages/airflow/example_dags/example_latest_only.py for tasks to queue
[2025-08-21T08:43:30.146+0000] {logging_mixin.py:190} INFO - [2025-08-21T08:43:30.145+0000] {dagbag.py:587} INFO - Filling up the DagBag from /home/airflow/.local/lib/python3.12/site-packages/airflow/example_dags/example_latest_only.py
[2025-08-21T08:43:30.172+0000] {processor.py:925} INFO - DAG(s) 'latest_only' retrieved from /home/airflow/.local/lib/python3.12/site-packages/airflow/example_dags/example_latest_only.py
[2025-08-21T08:43:30.231+0000] {logging_mixin.py:190} INFO - [2025-08-21T08:43:30.230+0000] {dag.py:3229} INFO - Sync 1 DAGs
[2025-08-21T08:43:30.300+0000] {logging_mixin.py:190} INFO - [2025-08-21T08:43:30.300+0000] {dag.py:4156} INFO - Setting next_dagrun for latest_only to 2025-08-21 04:00:00+00:00, run_after=2025-08-21 08:00:00+00:00
[2025-08-21T08:43:30.377+0000] {processor.py:208} INFO - Processing /home/airflow/.local/lib/python3.12/site-packages/airflow/example_dags/example_latest_only.py took 0.277 seconds
[2025-08-21T08:44:05.991+0000] {processor.py:186} INFO - Started process (PID=180) to work on /home/airflow/.local/lib/python3.12/site-packages/airflow/example_dags/example_latest_only.py
[2025-08-21T08:44:06.003+0000] {processor.py:914} INFO - Processing file /home/airflow/.local/lib/python3.12/site-packages/airflow/example_dags/example_latest_only.py for tasks to queue
[2025-08-21T08:44:06.036+0000] {logging_mixin.py:190} INFO - [2025-08-21T08:44:06.033+0000] {dagbag.py:587} INFO - Filling up the DagBag from /home/airflow/.local/lib/python3.12/site-packages/airflow/example_dags/example_latest_only.py
[2025-08-21T08:44:06.232+0000] {processor.py:925} INFO - DAG(s) 'latest_only' retrieved from /home/airflow/.local/lib/python3.12/site-packages/airflow/example_dags/example_latest_only.py
[2025-08-21T08:44:06.569+0000] {logging_mixin.py:190} INFO - [2025-08-21T08:44:06.568+0000] {dag.py:3229} INFO - Sync 1 DAGs
[2025-08-21T08:44:07.147+0000] {logging_mixin.py:190} INFO - [2025-08-21T08:44:07.145+0000] {dag.py:4156} INFO - Setting next_dagrun for latest_only to 2025-08-21 04:00:00+00:00, run_after=2025-08-21 08:00:00+00:00
[2025-08-21T08:44:07.352+0000] {processor.py:208} INFO - Processing /home/airflow/.local/lib/python3.12/site-packages/airflow/example_dags/example_latest_only.py took 1.765 seconds
[2025-08-21T08:44:38.061+0000] {processor.py:186} INFO - Started process (PID=242) to work on /home/airflow/.local/lib/python3.12/site-packages/airflow/example_dags/example_latest_only.py
[2025-08-21T08:44:38.062+0000] {processor.py:914} INFO - Processing file /home/airflow/.local/lib/python3.12/site-packages/airflow/example_dags/example_latest_only.py for tasks to queue
[2025-08-21T08:44:38.065+0000] {logging_mixin.py:190} INFO - [2025-08-21T08:44:38.065+0000] {dagbag.py:587} INFO - Filling up the DagBag from /home/airflow/.local/lib/python3.12/site-packages/airflow/example_dags/example_latest_only.py
[2025-08-21T08:44:38.079+0000] {processor.py:925} INFO - DAG(s) 'latest_only' retrieved from /home/airflow/.local/lib/python3.12/site-packages/airflow/example_dags/example_latest_only.py
[2025-08-21T08:44:38.114+0000] {logging_mixin.py:190} INFO - [2025-08-21T08:44:38.114+0000] {dag.py:3229} INFO - Sync 1 DAGs
[2025-08-21T08:44:38.143+0000] {logging_mixin.py:190} INFO - [2025-08-21T08:44:38.143+0000] {dag.py:4156} INFO - Setting next_dagrun for latest_only to 2025-08-21 04:00:00+00:00, run_after=2025-08-21 08:00:00+00:00
[2025-08-21T08:44:38.157+0000] {processor.py:208} INFO - Processing /home/airflow/.local/lib/python3.12/site-packages/airflow/example_dags/example_latest_only.py took 0.102 seconds
[2025-08-21T08:45:08.510+0000] {processor.py:186} INFO - Started process (PID=304) to work on /home/airflow/.local/lib/python3.12/site-packages/airflow/example_dags/example_latest_only.py
[2025-08-21T08:45:08.513+0000] {processor.py:914} INFO - Processing file /home/airflow/.local/lib/python3.12/site-packages/airflow/example_dags/example_latest_only.py for tasks to queue
[2025-08-21T08:45:08.516+0000] {logging_mixin.py:190} INFO - [2025-08-21T08:45:08.515+0000] {dagbag.py:587} INFO - Filling up the DagBag from /home/airflow/.local/lib/python3.12/site-packages/airflow/example_dags/example_latest_only.py
[2025-08-21T08:45:08.525+0000] {processor.py:925} INFO - DAG(s) 'latest_only' retrieved from /home/airflow/.local/lib/python3.12/site-packages/airflow/example_dags/example_latest_only.py
[2025-08-21T08:45:08.551+0000] {logging_mixin.py:190} INFO - [2025-08-21T08:45:08.550+0000] {dag.py:3229} INFO - Sync 1 DAGs
[2025-08-21T08:45:08.580+0000] {logging_mixin.py:190} INFO - [2025-08-21T08:45:08.579+0000] {dag.py:4156} INFO - Setting next_dagrun for latest_only to 2025-08-21 04:00:00+00:00, run_after=2025-08-21 08:00:00+00:00
[2025-08-21T08:45:08.620+0000] {processor.py:208} INFO - Processing /home/airflow/.local/lib/python3.12/site-packages/airflow/example_dags/example_latest_only.py took 0.142 seconds
[2025-08-21T08:45:41.602+0000] {processor.py:186} INFO - Started process (PID=366) to work on /home/airflow/.local/lib/python3.12/site-packages/airflow/example_dags/example_latest_only.py
[2025-08-21T08:45:41.604+0000] {processor.py:914} INFO - Processing file /home/airflow/.local/lib/python3.12/site-packages/airflow/example_dags/example_latest_only.py for tasks to queue
[2025-08-21T08:45:41.609+0000] {logging_mixin.py:190} INFO - [2025-08-21T08:45:41.608+0000] {dagbag.py:587} INFO - Filling up the DagBag from /home/airflow/.local/lib/python3.12/site-packages/airflow/example_dags/example_latest_only.py
[2025-08-21T08:45:41.627+0000] {processor.py:925} INFO - DAG(s) 'latest_only' retrieved from /home/airflow/.local/lib/python3.12/site-packages/airflow/example_dags/example_latest_only.py
[2025-08-21T08:45:41.676+0000] {logging_mixin.py:190} INFO - [2025-08-21T08:45:41.676+0000] {dag.py:3229} INFO - Sync 1 DAGs
[2025-08-21T08:45:41.733+0000] {logging_mixin.py:190} INFO - [2025-08-21T08:45:41.732+0000] {dag.py:4156} INFO - Setting next_dagrun for latest_only to 2025-08-21 04:00:00+00:00, run_after=2025-08-21 08:00:00+00:00
[2025-08-21T08:45:41.804+0000] {processor.py:208} INFO - Processing /home/airflow/.local/lib/python3.12/site-packages/airflow/example_dags/example_latest_only.py took 0.210 seconds
[2025-08-21T08:46:13.395+0000] {processor.py:186} INFO - Started process (PID=431) to work on /home/airflow/.local/lib/python3.12/site-packages/airflow/example_dags/example_latest_only.py
[2025-08-21T08:46:13.400+0000] {processor.py:914} INFO - Processing file /home/airflow/.local/lib/python3.12/site-packages/airflow/example_dags/example_latest_only.py for tasks to queue
[2025-08-21T08:46:13.406+0000] {logging_mixin.py:190} INFO - [2025-08-21T08:46:13.405+0000] {dagbag.py:587} INFO - Filling up the DagBag from /home/airflow/.local/lib/python3.12/site-packages/airflow/example_dags/example_latest_only.py
[2025-08-21T08:46:13.420+0000] {processor.py:925} INFO - DAG(s) 'latest_only' retrieved from /home/airflow/.local/lib/python3.12/site-packages/airflow/example_dags/example_latest_only.py
[2025-08-21T08:46:13.456+0000] {logging_mixin.py:190} INFO - [2025-08-21T08:46:13.456+0000] {dag.py:3229} INFO - Sync 1 DAGs
[2025-08-21T08:46:13.493+0000] {logging_mixin.py:190} INFO - [2025-08-21T08:46:13.493+0000] {dag.py:4156} INFO - Setting next_dagrun for latest_only to 2025-08-21 04:00:00+00:00, run_after=2025-08-21 08:00:00+00:00
[2025-08-21T08:46:13.530+0000] {processor.py:208} INFO - Processing /home/airflow/.local/lib/python3.12/site-packages/airflow/example_dags/example_latest_only.py took 0.149 seconds
[2025-08-21T08:46:50.050+0000] {processor.py:186} INFO - Started process (PID=494) to work on /home/airflow/.local/lib/python3.12/site-packages/airflow/example_dags/example_latest_only.py
[2025-08-21T08:46:50.054+0000] {processor.py:914} INFO - Processing file /home/airflow/.local/lib/python3.12/site-packages/airflow/example_dags/example_latest_only.py for tasks to queue
[2025-08-21T08:46:50.058+0000] {logging_mixin.py:190} INFO - [2025-08-21T08:46:50.057+0000] {dagbag.py:587} INFO - Filling up the DagBag from /home/airflow/.local/lib/python3.12/site-packages/airflow/example_dags/example_latest_only.py
[2025-08-21T08:46:50.072+0000] {processor.py:925} INFO - DAG(s) 'latest_only' retrieved from /home/airflow/.local/lib/python3.12/site-packages/airflow/example_dags/example_latest_only.py
[2025-08-21T08:46:50.131+0000] {logging_mixin.py:190} INFO - [2025-08-21T08:46:50.130+0000] {dag.py:3229} INFO - Sync 1 DAGs
[2025-08-21T08:46:50.188+0000] {logging_mixin.py:190} INFO - [2025-08-21T08:46:50.188+0000] {dag.py:4156} INFO - Setting next_dagrun for latest_only to 2025-08-21 04:00:00+00:00, run_after=2025-08-21 08:00:00+00:00
[2025-08-21T08:46:50.237+0000] {processor.py:208} INFO - Processing /home/airflow/.local/lib/python3.12/site-packages/airflow/example_dags/example_latest_only.py took 0.202 seconds
