[2025-08-21T08:43:17.501+0000] {processor.py:186} INFO - Started process (PID=94) to work on /home/airflow/.local/lib/python3.12/site-packages/airflow/example_dags/example_nested_branch_dag.py
[2025-08-21T08:43:17.508+0000] {processor.py:914} INFO - Processing file /home/airflow/.local/lib/python3.12/site-packages/airflow/example_dags/example_nested_branch_dag.py for tasks to queue
[2025-08-21T08:43:17.513+0000] {logging_mixin.py:190} INFO - [2025-08-21T08:43:17.513+0000] {dagbag.py:587} INFO - Filling up the DagBag from /home/airflow/.local/lib/python3.12/site-packages/airflow/example_dags/example_nested_branch_dag.py
[2025-08-21T08:43:17.569+0000] {processor.py:925} INFO - DAG(s) 'example_nested_branch_dag' retrieved from /home/airflow/.local/lib/python3.12/site-packages/airflow/example_dags/example_nested_branch_dag.py
[2025-08-21T08:43:17.657+0000] {logging_mixin.py:190} INFO - [2025-08-21T08:43:17.656+0000] {dag.py:3229} INFO - Sync 1 DAGs
[2025-08-21T08:43:17.735+0000] {logging_mixin.py:190} INFO - [2025-08-21T08:43:17.735+0000] {dag.py:4156} INFO - Setting next_dagrun for example_nested_branch_dag to 2025-08-20 00:00:00+00:00, run_after=2025-08-21 00:00:00+00:00
[2025-08-21T08:43:17.793+0000] {processor.py:208} INFO - Processing /home/airflow/.local/lib/python3.12/site-packages/airflow/example_dags/example_nested_branch_dag.py took 0.325 seconds
[2025-08-21T08:43:53.795+0000] {processor.py:186} INFO - Started process (PID=161) to work on /home/airflow/.local/lib/python3.12/site-packages/airflow/example_dags/example_nested_branch_dag.py
[2025-08-21T08:43:53.841+0000] {processor.py:914} INFO - Processing file /home/airflow/.local/lib/python3.12/site-packages/airflow/example_dags/example_nested_branch_dag.py for tasks to queue
[2025-08-21T08:43:53.894+0000] {logging_mixin.py:190} INFO - [2025-08-21T08:43:53.890+0000] {dagbag.py:587} INFO - Filling up the DagBag from /home/airflow/.local/lib/python3.12/site-packages/airflow/example_dags/example_nested_branch_dag.py
[2025-08-21T08:43:54.091+0000] {processor.py:925} INFO - DAG(s) 'example_nested_branch_dag' retrieved from /home/airflow/.local/lib/python3.12/site-packages/airflow/example_dags/example_nested_branch_dag.py
[2025-08-21T08:43:54.712+0000] {logging_mixin.py:190} INFO - [2025-08-21T08:43:54.709+0000] {dag.py:3229} INFO - Sync 1 DAGs
[2025-08-21T08:43:55.047+0000] {logging_mixin.py:190} INFO - [2025-08-21T08:43:55.046+0000] {dag.py:4156} INFO - Setting next_dagrun for example_nested_branch_dag to 2025-08-20 00:00:00+00:00, run_after=2025-08-21 00:00:00+00:00
[2025-08-21T08:43:55.156+0000] {processor.py:208} INFO - Processing /home/airflow/.local/lib/python3.12/site-packages/airflow/example_dags/example_nested_branch_dag.py took 1.439 seconds
[2025-08-21T08:44:25.557+0000] {processor.py:186} INFO - Started process (PID=223) to work on /home/airflow/.local/lib/python3.12/site-packages/airflow/example_dags/example_nested_branch_dag.py
[2025-08-21T08:44:25.570+0000] {processor.py:914} INFO - Processing file /home/airflow/.local/lib/python3.12/site-packages/airflow/example_dags/example_nested_branch_dag.py for tasks to queue
[2025-08-21T08:44:25.604+0000] {logging_mixin.py:190} INFO - [2025-08-21T08:44:25.602+0000] {dagbag.py:587} INFO - Filling up the DagBag from /home/airflow/.local/lib/python3.12/site-packages/airflow/example_dags/example_nested_branch_dag.py
[2025-08-21T08:44:25.805+0000] {processor.py:925} INFO - DAG(s) 'example_nested_branch_dag' retrieved from /home/airflow/.local/lib/python3.12/site-packages/airflow/example_dags/example_nested_branch_dag.py
[2025-08-21T08:44:25.992+0000] {logging_mixin.py:190} INFO - [2025-08-21T08:44:25.989+0000] {dag.py:3229} INFO - Sync 1 DAGs
[2025-08-21T08:44:26.151+0000] {logging_mixin.py:190} INFO - [2025-08-21T08:44:26.150+0000] {dag.py:4156} INFO - Setting next_dagrun for example_nested_branch_dag to 2025-08-20 00:00:00+00:00, run_after=2025-08-21 00:00:00+00:00
[2025-08-21T08:44:26.243+0000] {processor.py:208} INFO - Processing /home/airflow/.local/lib/python3.12/site-packages/airflow/example_dags/example_nested_branch_dag.py took 0.736 seconds
[2025-08-21T08:44:58.577+0000] {processor.py:186} INFO - Started process (PID=285) to work on /home/airflow/.local/lib/python3.12/site-packages/airflow/example_dags/example_nested_branch_dag.py
[2025-08-21T08:44:58.581+0000] {processor.py:914} INFO - Processing file /home/airflow/.local/lib/python3.12/site-packages/airflow/example_dags/example_nested_branch_dag.py for tasks to queue
[2025-08-21T08:44:58.592+0000] {logging_mixin.py:190} INFO - [2025-08-21T08:44:58.591+0000] {dagbag.py:587} INFO - Filling up the DagBag from /home/airflow/.local/lib/python3.12/site-packages/airflow/example_dags/example_nested_branch_dag.py
[2025-08-21T08:44:58.642+0000] {processor.py:925} INFO - DAG(s) 'example_nested_branch_dag' retrieved from /home/airflow/.local/lib/python3.12/site-packages/airflow/example_dags/example_nested_branch_dag.py
[2025-08-21T08:44:58.917+0000] {logging_mixin.py:190} INFO - [2025-08-21T08:44:58.915+0000] {dag.py:3229} INFO - Sync 1 DAGs
[2025-08-21T08:44:59.103+0000] {logging_mixin.py:190} INFO - [2025-08-21T08:44:59.102+0000] {dag.py:4156} INFO - Setting next_dagrun for example_nested_branch_dag to 2025-08-20 00:00:00+00:00, run_after=2025-08-21 00:00:00+00:00
[2025-08-21T08:44:59.210+0000] {processor.py:208} INFO - Processing /home/airflow/.local/lib/python3.12/site-packages/airflow/example_dags/example_nested_branch_dag.py took 0.708 seconds
[2025-08-21T08:45:35.668+0000] {processor.py:186} INFO - Started process (PID=347) to work on /home/airflow/.local/lib/python3.12/site-packages/airflow/example_dags/example_nested_branch_dag.py
[2025-08-21T08:45:35.676+0000] {processor.py:914} INFO - Processing file /home/airflow/.local/lib/python3.12/site-packages/airflow/example_dags/example_nested_branch_dag.py for tasks to queue
[2025-08-21T08:45:35.772+0000] {logging_mixin.py:190} INFO - [2025-08-21T08:45:35.737+0000] {dagbag.py:587} INFO - Filling up the DagBag from /home/airflow/.local/lib/python3.12/site-packages/airflow/example_dags/example_nested_branch_dag.py
[2025-08-21T08:45:35.901+0000] {processor.py:925} INFO - DAG(s) 'example_nested_branch_dag' retrieved from /home/airflow/.local/lib/python3.12/site-packages/airflow/example_dags/example_nested_branch_dag.py
[2025-08-21T08:45:36.014+0000] {logging_mixin.py:190} INFO - [2025-08-21T08:45:36.013+0000] {dag.py:3229} INFO - Sync 1 DAGs
[2025-08-21T08:45:36.067+0000] {logging_mixin.py:190} INFO - [2025-08-21T08:45:36.067+0000] {dag.py:4156} INFO - Setting next_dagrun for example_nested_branch_dag to 2025-08-20 00:00:00+00:00, run_after=2025-08-21 00:00:00+00:00
[2025-08-21T08:45:36.111+0000] {processor.py:208} INFO - Processing /home/airflow/.local/lib/python3.12/site-packages/airflow/example_dags/example_nested_branch_dag.py took 0.522 seconds
[2025-08-21T08:46:09.836+0000] {processor.py:186} INFO - Started process (PID=409) to work on /home/airflow/.local/lib/python3.12/site-packages/airflow/example_dags/example_nested_branch_dag.py
[2025-08-21T08:46:09.841+0000] {processor.py:914} INFO - Processing file /home/airflow/.local/lib/python3.12/site-packages/airflow/example_dags/example_nested_branch_dag.py for tasks to queue
[2025-08-21T08:46:09.863+0000] {logging_mixin.py:190} INFO - [2025-08-21T08:46:09.859+0000] {dagbag.py:587} INFO - Filling up the DagBag from /home/airflow/.local/lib/python3.12/site-packages/airflow/example_dags/example_nested_branch_dag.py
[2025-08-21T08:46:09.966+0000] {processor.py:925} INFO - DAG(s) 'example_nested_branch_dag' retrieved from /home/airflow/.local/lib/python3.12/site-packages/airflow/example_dags/example_nested_branch_dag.py
[2025-08-21T08:46:10.093+0000] {logging_mixin.py:190} INFO - [2025-08-21T08:46:10.093+0000] {dag.py:3229} INFO - Sync 1 DAGs
[2025-08-21T08:46:10.204+0000] {logging_mixin.py:190} INFO - [2025-08-21T08:46:10.203+0000] {dag.py:4156} INFO - Setting next_dagrun for example_nested_branch_dag to 2025-08-20 00:00:00+00:00, run_after=2025-08-21 00:00:00+00:00
[2025-08-21T08:46:10.228+0000] {processor.py:208} INFO - Processing /home/airflow/.local/lib/python3.12/site-packages/airflow/example_dags/example_nested_branch_dag.py took 0.423 seconds
[2025-08-21T08:46:40.983+0000] {processor.py:186} INFO - Started process (PID=471) to work on /home/airflow/.local/lib/python3.12/site-packages/airflow/example_dags/example_nested_branch_dag.py
[2025-08-21T08:46:40.986+0000] {processor.py:914} INFO - Processing file /home/airflow/.local/lib/python3.12/site-packages/airflow/example_dags/example_nested_branch_dag.py for tasks to queue
[2025-08-21T08:46:40.988+0000] {logging_mixin.py:190} INFO - [2025-08-21T08:46:40.988+0000] {dagbag.py:587} INFO - Filling up the DagBag from /home/airflow/.local/lib/python3.12/site-packages/airflow/example_dags/example_nested_branch_dag.py
[2025-08-21T08:46:41.011+0000] {processor.py:925} INFO - DAG(s) 'example_nested_branch_dag' retrieved from /home/airflow/.local/lib/python3.12/site-packages/airflow/example_dags/example_nested_branch_dag.py
[2025-08-21T08:46:41.035+0000] {logging_mixin.py:190} INFO - [2025-08-21T08:46:41.035+0000] {dag.py:3229} INFO - Sync 1 DAGs
[2025-08-21T08:46:41.150+0000] {logging_mixin.py:190} INFO - [2025-08-21T08:46:41.150+0000] {dag.py:4156} INFO - Setting next_dagrun for example_nested_branch_dag to 2025-08-20 00:00:00+00:00, run_after=2025-08-21 00:00:00+00:00
[2025-08-21T08:46:41.195+0000] {processor.py:208} INFO - Processing /home/airflow/.local/lib/python3.12/site-packages/airflow/example_dags/example_nested_branch_dag.py took 0.249 seconds
