[2025-08-21T08:43:09.010+0000] {processor.py:186} INFO - Started process (PID=80) to work on /home/airflow/.local/lib/python3.12/site-packages/airflow/example_dags/example_display_name.py
[2025-08-21T08:43:09.012+0000] {processor.py:914} INFO - Processing file /home/airflow/.local/lib/python3.12/site-packages/airflow/example_dags/example_display_name.py for tasks to queue
[2025-08-21T08:43:09.016+0000] {logging_mixin.py:190} INFO - [2025-08-21T08:43:09.016+0000] {dagbag.py:587} INFO - Filling up the DagBag from /home/airflow/.local/lib/python3.12/site-packages/airflow/example_dags/example_display_name.py
[2025-08-21T08:43:09.033+0000] {processor.py:925} INFO - DAG(s) 'example_display_name' retrieved from /home/airflow/.local/lib/python3.12/site-packages/airflow/example_dags/example_display_name.py
[2025-08-21T08:43:09.114+0000] {logging_mixin.py:190} INFO - [2025-08-21T08:43:09.114+0000] {dag.py:3229} INFO - Sync 1 DAGs
[2025-08-21T08:43:09.142+0000] {logging_mixin.py:190} INFO - [2025-08-21T08:43:09.141+0000] {dag.py:4156} INFO - Setting next_dagrun for example_display_name to None, run_after=None
[2025-08-21T08:43:09.155+0000] {processor.py:208} INFO - Processing /home/airflow/.local/lib/python3.12/site-packages/airflow/example_dags/example_display_name.py took 0.154 seconds
[2025-08-21T08:43:40.439+0000] {processor.py:186} INFO - Started process (PID=141) to work on /home/airflow/.local/lib/python3.12/site-packages/airflow/example_dags/example_display_name.py
[2025-08-21T08:43:40.446+0000] {processor.py:914} INFO - Processing file /home/airflow/.local/lib/python3.12/site-packages/airflow/example_dags/example_display_name.py for tasks to queue
[2025-08-21T08:43:40.453+0000] {logging_mixin.py:190} INFO - [2025-08-21T08:43:40.451+0000] {dagbag.py:587} INFO - Filling up the DagBag from /home/airflow/.local/lib/python3.12/site-packages/airflow/example_dags/example_display_name.py
[2025-08-21T08:43:40.475+0000] {processor.py:925} INFO - DAG(s) 'example_display_name' retrieved from /home/airflow/.local/lib/python3.12/site-packages/airflow/example_dags/example_display_name.py
[2025-08-21T08:43:40.582+0000] {logging_mixin.py:190} INFO - [2025-08-21T08:43:40.581+0000] {dag.py:3229} INFO - Sync 1 DAGs
[2025-08-21T08:43:40.631+0000] {logging_mixin.py:190} INFO - [2025-08-21T08:43:40.630+0000] {dag.py:4156} INFO - Setting next_dagrun for example_display_name to None, run_after=None
[2025-08-21T08:43:40.671+0000] {processor.py:208} INFO - Processing /home/airflow/.local/lib/python3.12/site-packages/airflow/example_dags/example_display_name.py took 0.260 seconds
[2025-08-21T08:44:13.247+0000] {processor.py:186} INFO - Started process (PID=202) to work on /home/airflow/.local/lib/python3.12/site-packages/airflow/example_dags/example_display_name.py
[2025-08-21T08:44:13.252+0000] {processor.py:914} INFO - Processing file /home/airflow/.local/lib/python3.12/site-packages/airflow/example_dags/example_display_name.py for tasks to queue
[2025-08-21T08:44:13.260+0000] {logging_mixin.py:190} INFO - [2025-08-21T08:44:13.259+0000] {dagbag.py:587} INFO - Filling up the DagBag from /home/airflow/.local/lib/python3.12/site-packages/airflow/example_dags/example_display_name.py
[2025-08-21T08:44:13.314+0000] {processor.py:925} INFO - DAG(s) 'example_display_name' retrieved from /home/airflow/.local/lib/python3.12/site-packages/airflow/example_dags/example_display_name.py
[2025-08-21T08:44:13.740+0000] {logging_mixin.py:190} INFO - [2025-08-21T08:44:13.735+0000] {dag.py:3229} INFO - Sync 1 DAGs
[2025-08-21T08:44:13.897+0000] {logging_mixin.py:190} INFO - [2025-08-21T08:44:13.896+0000] {dag.py:4156} INFO - Setting next_dagrun for example_display_name to None, run_after=None
[2025-08-21T08:44:14.033+0000] {processor.py:208} INFO - Processing /home/airflow/.local/lib/python3.12/site-packages/airflow/example_dags/example_display_name.py took 0.818 seconds
[2025-08-21T08:44:44.342+0000] {processor.py:186} INFO - Started process (PID=264) to work on /home/airflow/.local/lib/python3.12/site-packages/airflow/example_dags/example_display_name.py
[2025-08-21T08:44:44.347+0000] {processor.py:914} INFO - Processing file /home/airflow/.local/lib/python3.12/site-packages/airflow/example_dags/example_display_name.py for tasks to queue
[2025-08-21T08:44:44.374+0000] {logging_mixin.py:190} INFO - [2025-08-21T08:44:44.366+0000] {dagbag.py:587} INFO - Filling up the DagBag from /home/airflow/.local/lib/python3.12/site-packages/airflow/example_dags/example_display_name.py
[2025-08-21T08:44:44.412+0000] {processor.py:925} INFO - DAG(s) 'example_display_name' retrieved from /home/airflow/.local/lib/python3.12/site-packages/airflow/example_dags/example_display_name.py
[2025-08-21T08:44:44.466+0000] {logging_mixin.py:190} INFO - [2025-08-21T08:44:44.466+0000] {dag.py:3229} INFO - Sync 1 DAGs
[2025-08-21T08:44:44.484+0000] {logging_mixin.py:190} INFO - [2025-08-21T08:44:44.484+0000] {dag.py:4156} INFO - Setting next_dagrun for example_display_name to None, run_after=None
[2025-08-21T08:44:44.499+0000] {processor.py:208} INFO - Processing /home/airflow/.local/lib/python3.12/site-packages/airflow/example_dags/example_display_name.py took 0.167 seconds
[2025-08-21T08:45:15.495+0000] {processor.py:186} INFO - Started process (PID=326) to work on /home/airflow/.local/lib/python3.12/site-packages/airflow/example_dags/example_display_name.py
[2025-08-21T08:45:15.499+0000] {processor.py:914} INFO - Processing file /home/airflow/.local/lib/python3.12/site-packages/airflow/example_dags/example_display_name.py for tasks to queue
[2025-08-21T08:45:15.503+0000] {logging_mixin.py:190} INFO - [2025-08-21T08:45:15.502+0000] {dagbag.py:587} INFO - Filling up the DagBag from /home/airflow/.local/lib/python3.12/site-packages/airflow/example_dags/example_display_name.py
[2025-08-21T08:45:15.532+0000] {processor.py:925} INFO - DAG(s) 'example_display_name' retrieved from /home/airflow/.local/lib/python3.12/site-packages/airflow/example_dags/example_display_name.py
[2025-08-21T08:45:15.597+0000] {logging_mixin.py:190} INFO - [2025-08-21T08:45:15.597+0000] {dag.py:3229} INFO - Sync 1 DAGs
[2025-08-21T08:45:15.649+0000] {logging_mixin.py:190} INFO - [2025-08-21T08:45:15.649+0000] {dag.py:4156} INFO - Setting next_dagrun for example_display_name to None, run_after=None
[2025-08-21T08:45:15.684+0000] {processor.py:208} INFO - Processing /home/airflow/.local/lib/python3.12/site-packages/airflow/example_dags/example_display_name.py took 0.217 seconds
[2025-08-21T08:45:46.492+0000] {processor.py:186} INFO - Started process (PID=388) to work on /home/airflow/.local/lib/python3.12/site-packages/airflow/example_dags/example_display_name.py
[2025-08-21T08:45:46.500+0000] {processor.py:914} INFO - Processing file /home/airflow/.local/lib/python3.12/site-packages/airflow/example_dags/example_display_name.py for tasks to queue
[2025-08-21T08:45:46.516+0000] {logging_mixin.py:190} INFO - [2025-08-21T08:45:46.510+0000] {dagbag.py:587} INFO - Filling up the DagBag from /home/airflow/.local/lib/python3.12/site-packages/airflow/example_dags/example_display_name.py
[2025-08-21T08:45:46.624+0000] {processor.py:925} INFO - DAG(s) 'example_display_name' retrieved from /home/airflow/.local/lib/python3.12/site-packages/airflow/example_dags/example_display_name.py
[2025-08-21T08:45:46.912+0000] {logging_mixin.py:190} INFO - [2025-08-21T08:45:46.911+0000] {dag.py:3229} INFO - Sync 1 DAGs
[2025-08-21T08:45:47.053+0000] {logging_mixin.py:190} INFO - [2025-08-21T08:45:47.053+0000] {dag.py:4156} INFO - Setting next_dagrun for example_display_name to None, run_after=None
[2025-08-21T08:45:47.128+0000] {processor.py:208} INFO - Processing /home/airflow/.local/lib/python3.12/site-packages/airflow/example_dags/example_display_name.py took 0.684 seconds
[2025-08-21T08:46:17.871+0000] {processor.py:186} INFO - Started process (PID=450) to work on /home/airflow/.local/lib/python3.12/site-packages/airflow/example_dags/example_display_name.py
[2025-08-21T08:46:17.877+0000] {processor.py:914} INFO - Processing file /home/airflow/.local/lib/python3.12/site-packages/airflow/example_dags/example_display_name.py for tasks to queue
[2025-08-21T08:46:17.879+0000] {logging_mixin.py:190} INFO - [2025-08-21T08:46:17.879+0000] {dagbag.py:587} INFO - Filling up the DagBag from /home/airflow/.local/lib/python3.12/site-packages/airflow/example_dags/example_display_name.py
[2025-08-21T08:46:17.891+0000] {processor.py:925} INFO - DAG(s) 'example_display_name' retrieved from /home/airflow/.local/lib/python3.12/site-packages/airflow/example_dags/example_display_name.py
[2025-08-21T08:46:17.915+0000] {logging_mixin.py:190} INFO - [2025-08-21T08:46:17.914+0000] {dag.py:3229} INFO - Sync 1 DAGs
[2025-08-21T08:46:17.928+0000] {logging_mixin.py:190} INFO - [2025-08-21T08:46:17.928+0000] {dag.py:4156} INFO - Setting next_dagrun for example_display_name to None, run_after=None
[2025-08-21T08:46:17.948+0000] {processor.py:208} INFO - Processing /home/airflow/.local/lib/python3.12/site-packages/airflow/example_dags/example_display_name.py took 0.089 seconds
[2025-08-21T08:47:07.156+0000] {processor.py:186} INFO - Started process (PID=513) to work on /home/airflow/.local/lib/python3.12/site-packages/airflow/example_dags/example_display_name.py
[2025-08-21T08:47:07.168+0000] {processor.py:914} INFO - Processing file /home/airflow/.local/lib/python3.12/site-packages/airflow/example_dags/example_display_name.py for tasks to queue
[2025-08-21T08:47:07.179+0000] {logging_mixin.py:190} INFO - [2025-08-21T08:47:07.179+0000] {dagbag.py:587} INFO - Filling up the DagBag from /home/airflow/.local/lib/python3.12/site-packages/airflow/example_dags/example_display_name.py
[2025-08-21T08:47:07.218+0000] {processor.py:925} INFO - DAG(s) 'example_display_name' retrieved from /home/airflow/.local/lib/python3.12/site-packages/airflow/example_dags/example_display_name.py
[2025-08-21T08:47:07.357+0000] {logging_mixin.py:190} INFO - [2025-08-21T08:47:07.356+0000] {dag.py:3229} INFO - Sync 1 DAGs
[2025-08-21T08:47:07.412+0000] {logging_mixin.py:190} INFO - [2025-08-21T08:47:07.412+0000] {dag.py:4156} INFO - Setting next_dagrun for example_display_name to None, run_after=None
[2025-08-21T08:47:07.490+0000] {processor.py:208} INFO - Processing /home/airflow/.local/lib/python3.12/site-packages/airflow/example_dags/example_display_name.py took 0.345 seconds
