[2025-08-21T08:43:19.439+0000] {processor.py:186} INFO - Started process (PID=105) to work on /home/airflow/.local/lib/python3.12/site-packages/airflow/example_dags/example_short_circuit_decorator.py
[2025-08-21T08:43:19.446+0000] {processor.py:914} INFO - Processing file /home/airflow/.local/lib/python3.12/site-packages/airflow/example_dags/example_short_circuit_decorator.py for tasks to queue
[2025-08-21T08:43:19.458+0000] {logging_mixin.py:190} INFO - [2025-08-21T08:43:19.457+0000] {dagbag.py:587} INFO - Filling up the DagBag from /home/airflow/.local/lib/python3.12/site-packages/airflow/example_dags/example_short_circuit_decorator.py
[2025-08-21T08:43:19.603+0000] {processor.py:925} INFO - DAG(s) 'example_short_circuit_decorator' retrieved from /home/airflow/.local/lib/python3.12/site-packages/airflow/example_dags/example_short_circuit_decorator.py
[2025-08-21T08:43:19.844+0000] {logging_mixin.py:190} INFO - [2025-08-21T08:43:19.842+0000] {dag.py:3229} INFO - Sync 1 DAGs
[2025-08-21T08:43:19.956+0000] {logging_mixin.py:190} INFO - [2025-08-21T08:43:19.955+0000] {dag.py:4156} INFO - Setting next_dagrun for example_short_circuit_decorator to None, run_after=None
[2025-08-21T08:43:20.071+0000] {processor.py:208} INFO - Processing /home/airflow/.local/lib/python3.12/site-packages/airflow/example_dags/example_short_circuit_decorator.py took 0.666 seconds
[2025-08-21T08:43:57.491+0000] {processor.py:186} INFO - Started process (PID=166) to work on /home/airflow/.local/lib/python3.12/site-packages/airflow/example_dags/example_short_circuit_decorator.py
[2025-08-21T08:43:57.521+0000] {processor.py:914} INFO - Processing file /home/airflow/.local/lib/python3.12/site-packages/airflow/example_dags/example_short_circuit_decorator.py for tasks to queue
[2025-08-21T08:43:57.561+0000] {logging_mixin.py:190} INFO - [2025-08-21T08:43:57.553+0000] {dagbag.py:587} INFO - Filling up the DagBag from /home/airflow/.local/lib/python3.12/site-packages/airflow/example_dags/example_short_circuit_decorator.py
[2025-08-21T08:43:57.696+0000] {processor.py:925} INFO - DAG(s) 'example_short_circuit_decorator' retrieved from /home/airflow/.local/lib/python3.12/site-packages/airflow/example_dags/example_short_circuit_decorator.py
[2025-08-21T08:43:57.919+0000] {logging_mixin.py:190} INFO - [2025-08-21T08:43:57.919+0000] {dag.py:3229} INFO - Sync 1 DAGs
[2025-08-21T08:43:58.022+0000] {logging_mixin.py:190} INFO - [2025-08-21T08:43:58.021+0000] {dag.py:4156} INFO - Setting next_dagrun for example_short_circuit_decorator to None, run_after=None
[2025-08-21T08:43:58.110+0000] {processor.py:208} INFO - Processing /home/airflow/.local/lib/python3.12/site-packages/airflow/example_dags/example_short_circuit_decorator.py took 0.654 seconds
[2025-08-21T08:44:29.167+0000] {processor.py:186} INFO - Started process (PID=228) to work on /home/airflow/.local/lib/python3.12/site-packages/airflow/example_dags/example_short_circuit_decorator.py
[2025-08-21T08:44:29.172+0000] {processor.py:914} INFO - Processing file /home/airflow/.local/lib/python3.12/site-packages/airflow/example_dags/example_short_circuit_decorator.py for tasks to queue
[2025-08-21T08:44:29.203+0000] {logging_mixin.py:190} INFO - [2025-08-21T08:44:29.200+0000] {dagbag.py:587} INFO - Filling up the DagBag from /home/airflow/.local/lib/python3.12/site-packages/airflow/example_dags/example_short_circuit_decorator.py
[2025-08-21T08:44:29.302+0000] {processor.py:925} INFO - DAG(s) 'example_short_circuit_decorator' retrieved from /home/airflow/.local/lib/python3.12/site-packages/airflow/example_dags/example_short_circuit_decorator.py
[2025-08-21T08:44:30.084+0000] {logging_mixin.py:190} INFO - [2025-08-21T08:44:30.054+0000] {dag.py:3229} INFO - Sync 1 DAGs
[2025-08-21T08:44:30.235+0000] {logging_mixin.py:190} INFO - [2025-08-21T08:44:30.234+0000] {dag.py:4156} INFO - Setting next_dagrun for example_short_circuit_decorator to None, run_after=None
[2025-08-21T08:44:30.367+0000] {processor.py:208} INFO - Processing /home/airflow/.local/lib/python3.12/site-packages/airflow/example_dags/example_short_circuit_decorator.py took 1.226 seconds
[2025-08-21T08:45:01.474+0000] {processor.py:186} INFO - Started process (PID=289) to work on /home/airflow/.local/lib/python3.12/site-packages/airflow/example_dags/example_short_circuit_decorator.py
[2025-08-21T08:45:01.489+0000] {processor.py:914} INFO - Processing file /home/airflow/.local/lib/python3.12/site-packages/airflow/example_dags/example_short_circuit_decorator.py for tasks to queue
[2025-08-21T08:45:01.540+0000] {logging_mixin.py:190} INFO - [2025-08-21T08:45:01.537+0000] {dagbag.py:587} INFO - Filling up the DagBag from /home/airflow/.local/lib/python3.12/site-packages/airflow/example_dags/example_short_circuit_decorator.py
[2025-08-21T08:45:01.675+0000] {processor.py:925} INFO - DAG(s) 'example_short_circuit_decorator' retrieved from /home/airflow/.local/lib/python3.12/site-packages/airflow/example_dags/example_short_circuit_decorator.py
[2025-08-21T08:45:01.879+0000] {logging_mixin.py:190} INFO - [2025-08-21T08:45:01.879+0000] {dag.py:3229} INFO - Sync 1 DAGs
[2025-08-21T08:45:01.967+0000] {logging_mixin.py:190} INFO - [2025-08-21T08:45:01.966+0000] {dag.py:4156} INFO - Setting next_dagrun for example_short_circuit_decorator to None, run_after=None
[2025-08-21T08:45:02.038+0000] {processor.py:208} INFO - Processing /home/airflow/.local/lib/python3.12/site-packages/airflow/example_dags/example_short_circuit_decorator.py took 0.690 seconds
[2025-08-21T08:45:36.386+0000] {processor.py:186} INFO - Started process (PID=352) to work on /home/airflow/.local/lib/python3.12/site-packages/airflow/example_dags/example_short_circuit_decorator.py
[2025-08-21T08:45:36.391+0000] {processor.py:914} INFO - Processing file /home/airflow/.local/lib/python3.12/site-packages/airflow/example_dags/example_short_circuit_decorator.py for tasks to queue
[2025-08-21T08:45:36.393+0000] {logging_mixin.py:190} INFO - [2025-08-21T08:45:36.393+0000] {dagbag.py:587} INFO - Filling up the DagBag from /home/airflow/.local/lib/python3.12/site-packages/airflow/example_dags/example_short_circuit_decorator.py
[2025-08-21T08:45:36.411+0000] {processor.py:925} INFO - DAG(s) 'example_short_circuit_decorator' retrieved from /home/airflow/.local/lib/python3.12/site-packages/airflow/example_dags/example_short_circuit_decorator.py
[2025-08-21T08:45:36.439+0000] {logging_mixin.py:190} INFO - [2025-08-21T08:45:36.439+0000] {dag.py:3229} INFO - Sync 1 DAGs
[2025-08-21T08:45:36.454+0000] {logging_mixin.py:190} INFO - [2025-08-21T08:45:36.454+0000] {dag.py:4156} INFO - Setting next_dagrun for example_short_circuit_decorator to None, run_after=None
[2025-08-21T08:45:36.467+0000] {processor.py:208} INFO - Processing /home/airflow/.local/lib/python3.12/site-packages/airflow/example_dags/example_short_circuit_decorator.py took 0.091 seconds
[2025-08-21T08:46:10.505+0000] {processor.py:186} INFO - Started process (PID=413) to work on /home/airflow/.local/lib/python3.12/site-packages/airflow/example_dags/example_short_circuit_decorator.py
[2025-08-21T08:46:10.508+0000] {processor.py:914} INFO - Processing file /home/airflow/.local/lib/python3.12/site-packages/airflow/example_dags/example_short_circuit_decorator.py for tasks to queue
[2025-08-21T08:46:10.512+0000] {logging_mixin.py:190} INFO - [2025-08-21T08:46:10.511+0000] {dagbag.py:587} INFO - Filling up the DagBag from /home/airflow/.local/lib/python3.12/site-packages/airflow/example_dags/example_short_circuit_decorator.py
[2025-08-21T08:46:10.525+0000] {processor.py:925} INFO - DAG(s) 'example_short_circuit_decorator' retrieved from /home/airflow/.local/lib/python3.12/site-packages/airflow/example_dags/example_short_circuit_decorator.py
[2025-08-21T08:46:10.615+0000] {logging_mixin.py:190} INFO - [2025-08-21T08:46:10.615+0000] {dag.py:3229} INFO - Sync 1 DAGs
[2025-08-21T08:46:10.658+0000] {logging_mixin.py:190} INFO - [2025-08-21T08:46:10.655+0000] {dag.py:4156} INFO - Setting next_dagrun for example_short_circuit_decorator to None, run_after=None
[2025-08-21T08:46:10.695+0000] {processor.py:208} INFO - Processing /home/airflow/.local/lib/python3.12/site-packages/airflow/example_dags/example_short_circuit_decorator.py took 0.198 seconds
[2025-08-21T08:46:42.000+0000] {processor.py:186} INFO - Started process (PID=476) to work on /home/airflow/.local/lib/python3.12/site-packages/airflow/example_dags/example_short_circuit_decorator.py
[2025-08-21T08:46:42.003+0000] {processor.py:914} INFO - Processing file /home/airflow/.local/lib/python3.12/site-packages/airflow/example_dags/example_short_circuit_decorator.py for tasks to queue
[2025-08-21T08:46:42.010+0000] {logging_mixin.py:190} INFO - [2025-08-21T08:46:42.008+0000] {dagbag.py:587} INFO - Filling up the DagBag from /home/airflow/.local/lib/python3.12/site-packages/airflow/example_dags/example_short_circuit_decorator.py
[2025-08-21T08:46:42.021+0000] {processor.py:925} INFO - DAG(s) 'example_short_circuit_decorator' retrieved from /home/airflow/.local/lib/python3.12/site-packages/airflow/example_dags/example_short_circuit_decorator.py
[2025-08-21T08:46:42.090+0000] {logging_mixin.py:190} INFO - [2025-08-21T08:46:42.090+0000] {dag.py:3229} INFO - Sync 1 DAGs
[2025-08-21T08:46:42.114+0000] {logging_mixin.py:190} INFO - [2025-08-21T08:46:42.113+0000] {dag.py:4156} INFO - Setting next_dagrun for example_short_circuit_decorator to None, run_after=None
[2025-08-21T08:46:42.251+0000] {processor.py:208} INFO - Processing /home/airflow/.local/lib/python3.12/site-packages/airflow/example_dags/example_short_circuit_decorator.py took 0.258 seconds
