[2025-08-21T08:43:07.263+0000] {processor.py:186} INFO - Started process (PID=72) to work on /home/airflow/.local/lib/python3.12/site-packages/airflow/example_dags/example_branch_day_of_week_operator.py
[2025-08-21T08:43:07.278+0000] {processor.py:914} INFO - Processing file /home/airflow/.local/lib/python3.12/site-packages/airflow/example_dags/example_branch_day_of_week_operator.py for tasks to queue
[2025-08-21T08:43:07.289+0000] {logging_mixin.py:190} INFO - [2025-08-21T08:43:07.287+0000] {dagbag.py:587} INFO - Filling up the DagBag from /home/airflow/.local/lib/python3.12/site-packages/airflow/example_dags/example_branch_day_of_week_operator.py
[2025-08-21T08:43:07.417+0000] {processor.py:925} INFO - DAG(s) 'example_weekday_branch_operator' retrieved from /home/airflow/.local/lib/python3.12/site-packages/airflow/example_dags/example_branch_day_of_week_operator.py
[2025-08-21T08:43:07.465+0000] {logging_mixin.py:190} INFO - [2025-08-21T08:43:07.465+0000] {dag.py:3229} INFO - Sync 1 DAGs
[2025-08-21T08:43:07.567+0000] {logging_mixin.py:190} INFO - [2025-08-21T08:43:07.566+0000] {dag.py:4156} INFO - Setting next_dagrun for example_weekday_branch_operator to 2025-08-20 00:00:00+00:00, run_after=2025-08-21 00:00:00+00:00
[2025-08-21T08:43:07.618+0000] {processor.py:208} INFO - Processing /home/airflow/.local/lib/python3.12/site-packages/airflow/example_dags/example_branch_day_of_week_operator.py took 0.378 seconds
[2025-08-21T08:43:39.168+0000] {processor.py:186} INFO - Started process (PID=134) to work on /home/airflow/.local/lib/python3.12/site-packages/airflow/example_dags/example_branch_day_of_week_operator.py
[2025-08-21T08:43:39.172+0000] {processor.py:914} INFO - Processing file /home/airflow/.local/lib/python3.12/site-packages/airflow/example_dags/example_branch_day_of_week_operator.py for tasks to queue
[2025-08-21T08:43:39.183+0000] {logging_mixin.py:190} INFO - [2025-08-21T08:43:39.181+0000] {dagbag.py:587} INFO - Filling up the DagBag from /home/airflow/.local/lib/python3.12/site-packages/airflow/example_dags/example_branch_day_of_week_operator.py
[2025-08-21T08:43:39.205+0000] {processor.py:925} INFO - DAG(s) 'example_weekday_branch_operator' retrieved from /home/airflow/.local/lib/python3.12/site-packages/airflow/example_dags/example_branch_day_of_week_operator.py
[2025-08-21T08:43:39.248+0000] {logging_mixin.py:190} INFO - [2025-08-21T08:43:39.248+0000] {dag.py:3229} INFO - Sync 1 DAGs
[2025-08-21T08:43:39.287+0000] {logging_mixin.py:190} INFO - [2025-08-21T08:43:39.287+0000] {dag.py:4156} INFO - Setting next_dagrun for example_weekday_branch_operator to 2025-08-20 00:00:00+00:00, run_after=2025-08-21 00:00:00+00:00
[2025-08-21T08:43:39.333+0000] {processor.py:208} INFO - Processing /home/airflow/.local/lib/python3.12/site-packages/airflow/example_dags/example_branch_day_of_week_operator.py took 0.190 seconds
[2025-08-21T08:44:11.814+0000] {processor.py:186} INFO - Started process (PID=195) to work on /home/airflow/.local/lib/python3.12/site-packages/airflow/example_dags/example_branch_day_of_week_operator.py
[2025-08-21T08:44:11.816+0000] {processor.py:914} INFO - Processing file /home/airflow/.local/lib/python3.12/site-packages/airflow/example_dags/example_branch_day_of_week_operator.py for tasks to queue
[2025-08-21T08:44:11.817+0000] {logging_mixin.py:190} INFO - [2025-08-21T08:44:11.817+0000] {dagbag.py:587} INFO - Filling up the DagBag from /home/airflow/.local/lib/python3.12/site-packages/airflow/example_dags/example_branch_day_of_week_operator.py
[2025-08-21T08:44:11.853+0000] {processor.py:925} INFO - DAG(s) 'example_weekday_branch_operator' retrieved from /home/airflow/.local/lib/python3.12/site-packages/airflow/example_dags/example_branch_day_of_week_operator.py
[2025-08-21T08:44:11.895+0000] {logging_mixin.py:190} INFO - [2025-08-21T08:44:11.895+0000] {dag.py:3229} INFO - Sync 1 DAGs
[2025-08-21T08:44:12.089+0000] {logging_mixin.py:190} INFO - [2025-08-21T08:44:12.085+0000] {dag.py:4156} INFO - Setting next_dagrun for example_weekday_branch_operator to 2025-08-20 00:00:00+00:00, run_after=2025-08-21 00:00:00+00:00
[2025-08-21T08:44:12.202+0000] {processor.py:208} INFO - Processing /home/airflow/.local/lib/python3.12/site-packages/airflow/example_dags/example_branch_day_of_week_operator.py took 0.405 seconds
[2025-08-21T08:44:43.071+0000] {processor.py:186} INFO - Started process (PID=257) to work on /home/airflow/.local/lib/python3.12/site-packages/airflow/example_dags/example_branch_day_of_week_operator.py
[2025-08-21T08:44:43.085+0000] {processor.py:914} INFO - Processing file /home/airflow/.local/lib/python3.12/site-packages/airflow/example_dags/example_branch_day_of_week_operator.py for tasks to queue
[2025-08-21T08:44:43.095+0000] {logging_mixin.py:190} INFO - [2025-08-21T08:44:43.093+0000] {dagbag.py:587} INFO - Filling up the DagBag from /home/airflow/.local/lib/python3.12/site-packages/airflow/example_dags/example_branch_day_of_week_operator.py
[2025-08-21T08:44:43.143+0000] {processor.py:925} INFO - DAG(s) 'example_weekday_branch_operator' retrieved from /home/airflow/.local/lib/python3.12/site-packages/airflow/example_dags/example_branch_day_of_week_operator.py
[2025-08-21T08:44:43.204+0000] {logging_mixin.py:190} INFO - [2025-08-21T08:44:43.203+0000] {dag.py:3229} INFO - Sync 1 DAGs
[2025-08-21T08:44:43.295+0000] {logging_mixin.py:190} INFO - [2025-08-21T08:44:43.294+0000] {dag.py:4156} INFO - Setting next_dagrun for example_weekday_branch_operator to 2025-08-20 00:00:00+00:00, run_after=2025-08-21 00:00:00+00:00
[2025-08-21T08:44:43.343+0000] {processor.py:208} INFO - Processing /home/airflow/.local/lib/python3.12/site-packages/airflow/example_dags/example_branch_day_of_week_operator.py took 0.312 seconds
[2025-08-21T08:45:13.596+0000] {processor.py:186} INFO - Started process (PID=315) to work on /home/airflow/.local/lib/python3.12/site-packages/airflow/example_dags/example_branch_day_of_week_operator.py
[2025-08-21T08:45:13.597+0000] {processor.py:914} INFO - Processing file /home/airflow/.local/lib/python3.12/site-packages/airflow/example_dags/example_branch_day_of_week_operator.py for tasks to queue
[2025-08-21T08:45:13.599+0000] {logging_mixin.py:190} INFO - [2025-08-21T08:45:13.599+0000] {dagbag.py:587} INFO - Filling up the DagBag from /home/airflow/.local/lib/python3.12/site-packages/airflow/example_dags/example_branch_day_of_week_operator.py
[2025-08-21T08:45:13.626+0000] {processor.py:925} INFO - DAG(s) 'example_weekday_branch_operator' retrieved from /home/airflow/.local/lib/python3.12/site-packages/airflow/example_dags/example_branch_day_of_week_operator.py
[2025-08-21T08:45:13.713+0000] {logging_mixin.py:190} INFO - [2025-08-21T08:45:13.712+0000] {dag.py:3229} INFO - Sync 1 DAGs
[2025-08-21T08:45:13.765+0000] {logging_mixin.py:190} INFO - [2025-08-21T08:45:13.765+0000] {dag.py:4156} INFO - Setting next_dagrun for example_weekday_branch_operator to 2025-08-20 00:00:00+00:00, run_after=2025-08-21 00:00:00+00:00
[2025-08-21T08:45:13.807+0000] {processor.py:208} INFO - Processing /home/airflow/.local/lib/python3.12/site-packages/airflow/example_dags/example_branch_day_of_week_operator.py took 0.217 seconds
[2025-08-21T08:45:44.520+0000] {processor.py:186} INFO - Started process (PID=377) to work on /home/airflow/.local/lib/python3.12/site-packages/airflow/example_dags/example_branch_day_of_week_operator.py
[2025-08-21T08:45:44.522+0000] {processor.py:914} INFO - Processing file /home/airflow/.local/lib/python3.12/site-packages/airflow/example_dags/example_branch_day_of_week_operator.py for tasks to queue
[2025-08-21T08:45:44.528+0000] {logging_mixin.py:190} INFO - [2025-08-21T08:45:44.527+0000] {dagbag.py:587} INFO - Filling up the DagBag from /home/airflow/.local/lib/python3.12/site-packages/airflow/example_dags/example_branch_day_of_week_operator.py
[2025-08-21T08:45:44.554+0000] {processor.py:925} INFO - DAG(s) 'example_weekday_branch_operator' retrieved from /home/airflow/.local/lib/python3.12/site-packages/airflow/example_dags/example_branch_day_of_week_operator.py
[2025-08-21T08:45:44.586+0000] {logging_mixin.py:190} INFO - [2025-08-21T08:45:44.586+0000] {dag.py:3229} INFO - Sync 1 DAGs
[2025-08-21T08:45:44.616+0000] {logging_mixin.py:190} INFO - [2025-08-21T08:45:44.616+0000] {dag.py:4156} INFO - Setting next_dagrun for example_weekday_branch_operator to 2025-08-20 00:00:00+00:00, run_after=2025-08-21 00:00:00+00:00
[2025-08-21T08:45:44.650+0000] {processor.py:208} INFO - Processing /home/airflow/.local/lib/python3.12/site-packages/airflow/example_dags/example_branch_day_of_week_operator.py took 0.140 seconds
[2025-08-21T08:46:15.313+0000] {processor.py:186} INFO - Started process (PID=438) to work on /home/airflow/.local/lib/python3.12/site-packages/airflow/example_dags/example_branch_day_of_week_operator.py
[2025-08-21T08:46:15.316+0000] {processor.py:914} INFO - Processing file /home/airflow/.local/lib/python3.12/site-packages/airflow/example_dags/example_branch_day_of_week_operator.py for tasks to queue
[2025-08-21T08:46:15.320+0000] {logging_mixin.py:190} INFO - [2025-08-21T08:46:15.319+0000] {dagbag.py:587} INFO - Filling up the DagBag from /home/airflow/.local/lib/python3.12/site-packages/airflow/example_dags/example_branch_day_of_week_operator.py
[2025-08-21T08:46:15.332+0000] {processor.py:925} INFO - DAG(s) 'example_weekday_branch_operator' retrieved from /home/airflow/.local/lib/python3.12/site-packages/airflow/example_dags/example_branch_day_of_week_operator.py
[2025-08-21T08:46:15.360+0000] {logging_mixin.py:190} INFO - [2025-08-21T08:46:15.360+0000] {dag.py:3229} INFO - Sync 1 DAGs
[2025-08-21T08:46:15.385+0000] {logging_mixin.py:190} INFO - [2025-08-21T08:46:15.385+0000] {dag.py:4156} INFO - Setting next_dagrun for example_weekday_branch_operator to 2025-08-20 00:00:00+00:00, run_after=2025-08-21 00:00:00+00:00
[2025-08-21T08:46:15.407+0000] {processor.py:208} INFO - Processing /home/airflow/.local/lib/python3.12/site-packages/airflow/example_dags/example_branch_day_of_week_operator.py took 0.099 seconds
[2025-08-21T08:46:55.091+0000] {processor.py:186} INFO - Started process (PID=500) to work on /home/airflow/.local/lib/python3.12/site-packages/airflow/example_dags/example_branch_day_of_week_operator.py
[2025-08-21T08:46:55.189+0000] {processor.py:914} INFO - Processing file /home/airflow/.local/lib/python3.12/site-packages/airflow/example_dags/example_branch_day_of_week_operator.py for tasks to queue
[2025-08-21T08:46:55.366+0000] {logging_mixin.py:190} INFO - [2025-08-21T08:46:55.360+0000] {dagbag.py:587} INFO - Filling up the DagBag from /home/airflow/.local/lib/python3.12/site-packages/airflow/example_dags/example_branch_day_of_week_operator.py
[2025-08-21T08:46:55.796+0000] {processor.py:925} INFO - DAG(s) 'example_weekday_branch_operator' retrieved from /home/airflow/.local/lib/python3.12/site-packages/airflow/example_dags/example_branch_day_of_week_operator.py
[2025-08-21T08:46:57.167+0000] {logging_mixin.py:190} INFO - [2025-08-21T08:46:57.064+0000] {dag.py:3229} INFO - Sync 1 DAGs
[2025-08-21T08:46:58.465+0000] {logging_mixin.py:190} INFO - [2025-08-21T08:46:58.441+0000] {dag.py:4156} INFO - Setting next_dagrun for example_weekday_branch_operator to 2025-08-20 00:00:00+00:00, run_after=2025-08-21 00:00:00+00:00
[2025-08-21T08:46:58.838+0000] {processor.py:208} INFO - Processing /home/airflow/.local/lib/python3.12/site-packages/airflow/example_dags/example_branch_day_of_week_operator.py took 4.054 seconds
