[2025-08-21T08:43:27.187+0000] {processor.py:186} INFO - Started process (PID=115) to work on /home/airflow/.local/lib/python3.12/site-packages/airflow/example_dags/example_workday_timetable.py
[2025-08-21T08:43:27.202+0000] {processor.py:914} INFO - Processing file /home/airflow/.local/lib/python3.12/site-packages/airflow/example_dags/example_workday_timetable.py for tasks to queue
[2025-08-21T08:43:27.312+0000] {logging_mixin.py:190} INFO - [2025-08-21T08:43:27.303+0000] {dagbag.py:587} INFO - Filling up the DagBag from /home/airflow/.local/lib/python3.12/site-packages/airflow/example_dags/example_workday_timetable.py
[2025-08-21T08:43:27.409+0000] {processor.py:925} INFO - DAG(s) 'example_workday_timetable' retrieved from /home/airflow/.local/lib/python3.12/site-packages/airflow/example_dags/example_workday_timetable.py
[2025-08-21T08:43:27.652+0000] {logging_mixin.py:190} INFO - [2025-08-21T08:43:27.649+0000] {dag.py:3229} INFO - Sync 1 DAGs
[2025-08-21T08:43:28.933+0000] {logging_mixin.py:190} INFO - [2025-08-21T08:43:28.924+0000] {dag.py:4156} INFO - Setting next_dagrun for example_workday_timetable to 2021-01-04 00:00:00+00:00, run_after=2021-01-05 00:00:00+00:00
[2025-08-21T08:43:29.023+0000] {processor.py:208} INFO - Processing /home/airflow/.local/lib/python3.12/site-packages/airflow/example_dags/example_workday_timetable.py took 1.971 seconds
[2025-08-21T08:44:01.689+0000] {processor.py:186} INFO - Started process (PID=176) to work on /home/airflow/.local/lib/python3.12/site-packages/airflow/example_dags/example_workday_timetable.py
[2025-08-21T08:44:01.713+0000] {processor.py:914} INFO - Processing file /home/airflow/.local/lib/python3.12/site-packages/airflow/example_dags/example_workday_timetable.py for tasks to queue
[2025-08-21T08:44:01.748+0000] {logging_mixin.py:190} INFO - [2025-08-21T08:44:01.747+0000] {dagbag.py:587} INFO - Filling up the DagBag from /home/airflow/.local/lib/python3.12/site-packages/airflow/example_dags/example_workday_timetable.py
[2025-08-21T08:44:01.770+0000] {processor.py:925} INFO - DAG(s) 'example_workday_timetable' retrieved from /home/airflow/.local/lib/python3.12/site-packages/airflow/example_dags/example_workday_timetable.py
[2025-08-21T08:44:01.865+0000] {logging_mixin.py:190} INFO - [2025-08-21T08:44:01.864+0000] {dag.py:3229} INFO - Sync 1 DAGs
[2025-08-21T08:44:03.734+0000] {logging_mixin.py:190} INFO - [2025-08-21T08:44:03.729+0000] {dag.py:4156} INFO - Setting next_dagrun for example_workday_timetable to 2021-01-04 00:00:00+00:00, run_after=2021-01-05 00:00:00+00:00
[2025-08-21T08:44:03.992+0000] {processor.py:208} INFO - Processing /home/airflow/.local/lib/python3.12/site-packages/airflow/example_dags/example_workday_timetable.py took 2.320 seconds
[2025-08-21T08:44:34.769+0000] {processor.py:186} INFO - Started process (PID=238) to work on /home/airflow/.local/lib/python3.12/site-packages/airflow/example_dags/example_workday_timetable.py
[2025-08-21T08:44:34.783+0000] {processor.py:914} INFO - Processing file /home/airflow/.local/lib/python3.12/site-packages/airflow/example_dags/example_workday_timetable.py for tasks to queue
[2025-08-21T08:44:34.814+0000] {logging_mixin.py:190} INFO - [2025-08-21T08:44:34.810+0000] {dagbag.py:587} INFO - Filling up the DagBag from /home/airflow/.local/lib/python3.12/site-packages/airflow/example_dags/example_workday_timetable.py
[2025-08-21T08:44:34.875+0000] {processor.py:925} INFO - DAG(s) 'example_workday_timetable' retrieved from /home/airflow/.local/lib/python3.12/site-packages/airflow/example_dags/example_workday_timetable.py
[2025-08-21T08:44:35.106+0000] {logging_mixin.py:190} INFO - [2025-08-21T08:44:35.103+0000] {dag.py:3229} INFO - Sync 1 DAGs
[2025-08-21T08:44:35.806+0000] {logging_mixin.py:190} INFO - [2025-08-21T08:44:35.799+0000] {dag.py:4156} INFO - Setting next_dagrun for example_workday_timetable to 2021-01-04 00:00:00+00:00, run_after=2021-01-05 00:00:00+00:00
[2025-08-21T08:44:36.029+0000] {processor.py:208} INFO - Processing /home/airflow/.local/lib/python3.12/site-packages/airflow/example_dags/example_workday_timetable.py took 1.318 seconds
[2025-08-21T08:45:07.082+0000] {processor.py:186} INFO - Started process (PID=300) to work on /home/airflow/.local/lib/python3.12/site-packages/airflow/example_dags/example_workday_timetable.py
[2025-08-21T08:45:07.085+0000] {processor.py:914} INFO - Processing file /home/airflow/.local/lib/python3.12/site-packages/airflow/example_dags/example_workday_timetable.py for tasks to queue
[2025-08-21T08:45:07.113+0000] {logging_mixin.py:190} INFO - [2025-08-21T08:45:07.113+0000] {dagbag.py:587} INFO - Filling up the DagBag from /home/airflow/.local/lib/python3.12/site-packages/airflow/example_dags/example_workday_timetable.py
[2025-08-21T08:45:07.147+0000] {processor.py:925} INFO - DAG(s) 'example_workday_timetable' retrieved from /home/airflow/.local/lib/python3.12/site-packages/airflow/example_dags/example_workday_timetable.py
[2025-08-21T08:45:07.277+0000] {logging_mixin.py:190} INFO - [2025-08-21T08:45:07.276+0000] {dag.py:3229} INFO - Sync 1 DAGs
[2025-08-21T08:45:08.046+0000] {logging_mixin.py:190} INFO - [2025-08-21T08:45:08.043+0000] {dag.py:4156} INFO - Setting next_dagrun for example_workday_timetable to 2021-01-04 00:00:00+00:00, run_after=2021-01-05 00:00:00+00:00
[2025-08-21T08:45:08.173+0000] {processor.py:208} INFO - Processing /home/airflow/.local/lib/python3.12/site-packages/airflow/example_dags/example_workday_timetable.py took 1.100 seconds
[2025-08-21T08:45:40.650+0000] {processor.py:186} INFO - Started process (PID=362) to work on /home/airflow/.local/lib/python3.12/site-packages/airflow/example_dags/example_workday_timetable.py
[2025-08-21T08:45:40.659+0000] {processor.py:914} INFO - Processing file /home/airflow/.local/lib/python3.12/site-packages/airflow/example_dags/example_workday_timetable.py for tasks to queue
[2025-08-21T08:45:40.677+0000] {logging_mixin.py:190} INFO - [2025-08-21T08:45:40.676+0000] {dagbag.py:587} INFO - Filling up the DagBag from /home/airflow/.local/lib/python3.12/site-packages/airflow/example_dags/example_workday_timetable.py
[2025-08-21T08:45:40.754+0000] {processor.py:925} INFO - DAG(s) 'example_workday_timetable' retrieved from /home/airflow/.local/lib/python3.12/site-packages/airflow/example_dags/example_workday_timetable.py
[2025-08-21T08:45:40.910+0000] {logging_mixin.py:190} INFO - [2025-08-21T08:45:40.909+0000] {dag.py:3229} INFO - Sync 1 DAGs
[2025-08-21T08:45:41.337+0000] {logging_mixin.py:190} INFO - [2025-08-21T08:45:41.336+0000] {dag.py:4156} INFO - Setting next_dagrun for example_workday_timetable to 2021-01-04 00:00:00+00:00, run_after=2021-01-05 00:00:00+00:00
[2025-08-21T08:45:41.402+0000] {processor.py:208} INFO - Processing /home/airflow/.local/lib/python3.12/site-packages/airflow/example_dags/example_workday_timetable.py took 0.815 seconds
[2025-08-21T08:46:12.881+0000] {processor.py:186} INFO - Started process (PID=427) to work on /home/airflow/.local/lib/python3.12/site-packages/airflow/example_dags/example_workday_timetable.py
[2025-08-21T08:46:12.883+0000] {processor.py:914} INFO - Processing file /home/airflow/.local/lib/python3.12/site-packages/airflow/example_dags/example_workday_timetable.py for tasks to queue
[2025-08-21T08:46:12.886+0000] {logging_mixin.py:190} INFO - [2025-08-21T08:46:12.886+0000] {dagbag.py:587} INFO - Filling up the DagBag from /home/airflow/.local/lib/python3.12/site-packages/airflow/example_dags/example_workday_timetable.py
[2025-08-21T08:46:12.894+0000] {processor.py:925} INFO - DAG(s) 'example_workday_timetable' retrieved from /home/airflow/.local/lib/python3.12/site-packages/airflow/example_dags/example_workday_timetable.py
[2025-08-21T08:46:12.928+0000] {logging_mixin.py:190} INFO - [2025-08-21T08:46:12.927+0000] {dag.py:3229} INFO - Sync 1 DAGs
[2025-08-21T08:46:13.287+0000] {logging_mixin.py:190} INFO - [2025-08-21T08:46:13.287+0000] {dag.py:4156} INFO - Setting next_dagrun for example_workday_timetable to 2021-01-04 00:00:00+00:00, run_after=2021-01-05 00:00:00+00:00
[2025-08-21T08:46:13.316+0000] {processor.py:208} INFO - Processing /home/airflow/.local/lib/python3.12/site-packages/airflow/example_dags/example_workday_timetable.py took 0.442 seconds
[2025-08-21T08:46:45.508+0000] {processor.py:186} INFO - Started process (PID=490) to work on /home/airflow/.local/lib/python3.12/site-packages/airflow/example_dags/example_workday_timetable.py
[2025-08-21T08:46:45.758+0000] {processor.py:914} INFO - Processing file /home/airflow/.local/lib/python3.12/site-packages/airflow/example_dags/example_workday_timetable.py for tasks to queue
[2025-08-21T08:46:46.166+0000] {logging_mixin.py:190} INFO - [2025-08-21T08:46:46.158+0000] {dagbag.py:587} INFO - Filling up the DagBag from /home/airflow/.local/lib/python3.12/site-packages/airflow/example_dags/example_workday_timetable.py
[2025-08-21T08:46:47.033+0000] {processor.py:925} INFO - DAG(s) 'example_workday_timetable' retrieved from /home/airflow/.local/lib/python3.12/site-packages/airflow/example_dags/example_workday_timetable.py
[2025-08-21T08:46:49.111+0000] {logging_mixin.py:190} INFO - [2025-08-21T08:46:49.110+0000] {dag.py:3229} INFO - Sync 1 DAGs
[2025-08-21T08:46:49.788+0000] {logging_mixin.py:190} INFO - [2025-08-21T08:46:49.788+0000] {dag.py:4156} INFO - Setting next_dagrun for example_workday_timetable to 2021-01-04 00:00:00+00:00, run_after=2021-01-05 00:00:00+00:00
[2025-08-21T08:46:49.869+0000] {processor.py:208} INFO - Processing /home/airflow/.local/lib/python3.12/site-packages/airflow/example_dags/example_workday_timetable.py took 4.375 seconds
