[2025-08-21T08:43:04.831+0000] {processor.py:186} INFO - Started process (PID=69) to work on /home/airflow/.local/lib/python3.12/site-packages/airflow/example_dags/example_task_group_decorator.py
[2025-08-21T08:43:04.846+0000] {processor.py:914} INFO - Processing file /home/airflow/.local/lib/python3.12/site-packages/airflow/example_dags/example_task_group_decorator.py for tasks to queue
[2025-08-21T08:43:04.907+0000] {logging_mixin.py:190} INFO - [2025-08-21T08:43:04.900+0000] {dagbag.py:587} INFO - Filling up the DagBag from /home/airflow/.local/lib/python3.12/site-packages/airflow/example_dags/example_task_group_decorator.py
[2025-08-21T08:43:05.238+0000] {processor.py:925} INFO - DAG(s) 'example_task_group_decorator' retrieved from /home/airflow/.local/lib/python3.12/site-packages/airflow/example_dags/example_task_group_decorator.py
[2025-08-21T08:43:05.701+0000] {logging_mixin.py:190} INFO - [2025-08-21T08:43:05.700+0000] {dag.py:3229} INFO - Sync 1 DAGs
[2025-08-21T08:43:05.938+0000] {logging_mixin.py:190} INFO - [2025-08-21T08:43:05.937+0000] {dag.py:4156} INFO - Setting next_dagrun for example_task_group_decorator to None, run_after=None
[2025-08-21T08:43:06.069+0000] {processor.py:208} INFO - Processing /home/airflow/.local/lib/python3.12/site-packages/airflow/example_dags/example_task_group_decorator.py took 1.338 seconds
[2025-08-21T08:43:38.330+0000] {processor.py:186} INFO - Started process (PID=131) to work on /home/airflow/.local/lib/python3.12/site-packages/airflow/example_dags/example_task_group_decorator.py
[2025-08-21T08:43:38.333+0000] {processor.py:914} INFO - Processing file /home/airflow/.local/lib/python3.12/site-packages/airflow/example_dags/example_task_group_decorator.py for tasks to queue
[2025-08-21T08:43:38.345+0000] {logging_mixin.py:190} INFO - [2025-08-21T08:43:38.344+0000] {dagbag.py:587} INFO - Filling up the DagBag from /home/airflow/.local/lib/python3.12/site-packages/airflow/example_dags/example_task_group_decorator.py
[2025-08-21T08:43:38.434+0000] {processor.py:925} INFO - DAG(s) 'example_task_group_decorator' retrieved from /home/airflow/.local/lib/python3.12/site-packages/airflow/example_dags/example_task_group_decorator.py
[2025-08-21T08:43:38.552+0000] {logging_mixin.py:190} INFO - [2025-08-21T08:43:38.550+0000] {dag.py:3229} INFO - Sync 1 DAGs
[2025-08-21T08:43:38.590+0000] {logging_mixin.py:190} INFO - [2025-08-21T08:43:38.590+0000] {dag.py:4156} INFO - Setting next_dagrun for example_task_group_decorator to None, run_after=None
[2025-08-21T08:43:38.639+0000] {processor.py:208} INFO - Processing /home/airflow/.local/lib/python3.12/site-packages/airflow/example_dags/example_task_group_decorator.py took 0.334 seconds
[2025-08-21T08:44:10.184+0000] {processor.py:186} INFO - Started process (PID=187) to work on /home/airflow/.local/lib/python3.12/site-packages/airflow/example_dags/example_task_group_decorator.py
[2025-08-21T08:44:10.189+0000] {processor.py:914} INFO - Processing file /home/airflow/.local/lib/python3.12/site-packages/airflow/example_dags/example_task_group_decorator.py for tasks to queue
[2025-08-21T08:44:10.229+0000] {logging_mixin.py:190} INFO - [2025-08-21T08:44:10.228+0000] {dagbag.py:587} INFO - Filling up the DagBag from /home/airflow/.local/lib/python3.12/site-packages/airflow/example_dags/example_task_group_decorator.py
[2025-08-21T08:44:10.447+0000] {processor.py:925} INFO - DAG(s) 'example_task_group_decorator' retrieved from /home/airflow/.local/lib/python3.12/site-packages/airflow/example_dags/example_task_group_decorator.py
[2025-08-21T08:44:10.612+0000] {logging_mixin.py:190} INFO - [2025-08-21T08:44:10.611+0000] {dag.py:3229} INFO - Sync 1 DAGs
[2025-08-21T08:44:10.774+0000] {logging_mixin.py:190} INFO - [2025-08-21T08:44:10.773+0000] {dag.py:4156} INFO - Setting next_dagrun for example_task_group_decorator to None, run_after=None
[2025-08-21T08:44:10.986+0000] {processor.py:208} INFO - Processing /home/airflow/.local/lib/python3.12/site-packages/airflow/example_dags/example_task_group_decorator.py took 0.811 seconds
[2025-08-21T08:44:41.284+0000] {processor.py:186} INFO - Started process (PID=249) to work on /home/airflow/.local/lib/python3.12/site-packages/airflow/example_dags/example_task_group_decorator.py
[2025-08-21T08:44:41.288+0000] {processor.py:914} INFO - Processing file /home/airflow/.local/lib/python3.12/site-packages/airflow/example_dags/example_task_group_decorator.py for tasks to queue
[2025-08-21T08:44:41.292+0000] {logging_mixin.py:190} INFO - [2025-08-21T08:44:41.291+0000] {dagbag.py:587} INFO - Filling up the DagBag from /home/airflow/.local/lib/python3.12/site-packages/airflow/example_dags/example_task_group_decorator.py
[2025-08-21T08:44:41.345+0000] {processor.py:925} INFO - DAG(s) 'example_task_group_decorator' retrieved from /home/airflow/.local/lib/python3.12/site-packages/airflow/example_dags/example_task_group_decorator.py
[2025-08-21T08:44:41.440+0000] {logging_mixin.py:190} INFO - [2025-08-21T08:44:41.440+0000] {dag.py:3229} INFO - Sync 1 DAGs
[2025-08-21T08:44:41.471+0000] {logging_mixin.py:190} INFO - [2025-08-21T08:44:41.471+0000] {dag.py:4156} INFO - Setting next_dagrun for example_task_group_decorator to None, run_after=None
[2025-08-21T08:44:41.498+0000] {processor.py:208} INFO - Processing /home/airflow/.local/lib/python3.12/site-packages/airflow/example_dags/example_task_group_decorator.py took 0.237 seconds
[2025-08-21T08:45:11.722+0000] {processor.py:186} INFO - Started process (PID=311) to work on /home/airflow/.local/lib/python3.12/site-packages/airflow/example_dags/example_task_group_decorator.py
[2025-08-21T08:45:11.725+0000] {processor.py:914} INFO - Processing file /home/airflow/.local/lib/python3.12/site-packages/airflow/example_dags/example_task_group_decorator.py for tasks to queue
[2025-08-21T08:45:11.727+0000] {logging_mixin.py:190} INFO - [2025-08-21T08:45:11.726+0000] {dagbag.py:587} INFO - Filling up the DagBag from /home/airflow/.local/lib/python3.12/site-packages/airflow/example_dags/example_task_group_decorator.py
[2025-08-21T08:45:11.759+0000] {processor.py:925} INFO - DAG(s) 'example_task_group_decorator' retrieved from /home/airflow/.local/lib/python3.12/site-packages/airflow/example_dags/example_task_group_decorator.py
[2025-08-21T08:45:11.790+0000] {logging_mixin.py:190} INFO - [2025-08-21T08:45:11.789+0000] {dag.py:3229} INFO - Sync 1 DAGs
[2025-08-21T08:45:11.802+0000] {logging_mixin.py:190} INFO - [2025-08-21T08:45:11.802+0000] {dag.py:4156} INFO - Setting next_dagrun for example_task_group_decorator to None, run_after=None
[2025-08-21T08:45:11.834+0000] {processor.py:208} INFO - Processing /home/airflow/.local/lib/python3.12/site-packages/airflow/example_dags/example_task_group_decorator.py took 0.118 seconds
[2025-08-21T08:45:42.590+0000] {processor.py:186} INFO - Started process (PID=373) to work on /home/airflow/.local/lib/python3.12/site-packages/airflow/example_dags/example_task_group_decorator.py
[2025-08-21T08:45:42.594+0000] {processor.py:914} INFO - Processing file /home/airflow/.local/lib/python3.12/site-packages/airflow/example_dags/example_task_group_decorator.py for tasks to queue
[2025-08-21T08:45:42.610+0000] {logging_mixin.py:190} INFO - [2025-08-21T08:45:42.608+0000] {dagbag.py:587} INFO - Filling up the DagBag from /home/airflow/.local/lib/python3.12/site-packages/airflow/example_dags/example_task_group_decorator.py
[2025-08-21T08:45:42.652+0000] {processor.py:925} INFO - DAG(s) 'example_task_group_decorator' retrieved from /home/airflow/.local/lib/python3.12/site-packages/airflow/example_dags/example_task_group_decorator.py
[2025-08-21T08:45:42.689+0000] {logging_mixin.py:190} INFO - [2025-08-21T08:45:42.689+0000] {dag.py:3229} INFO - Sync 1 DAGs
[2025-08-21T08:45:42.707+0000] {logging_mixin.py:190} INFO - [2025-08-21T08:45:42.707+0000] {dag.py:4156} INFO - Setting next_dagrun for example_task_group_decorator to None, run_after=None
[2025-08-21T08:45:42.723+0000] {processor.py:208} INFO - Processing /home/airflow/.local/lib/python3.12/site-packages/airflow/example_dags/example_task_group_decorator.py took 0.139 seconds
[2025-08-21T08:46:13.648+0000] {processor.py:186} INFO - Started process (PID=432) to work on /home/airflow/.local/lib/python3.12/site-packages/airflow/example_dags/example_task_group_decorator.py
[2025-08-21T08:46:13.699+0000] {processor.py:914} INFO - Processing file /home/airflow/.local/lib/python3.12/site-packages/airflow/example_dags/example_task_group_decorator.py for tasks to queue
[2025-08-21T08:46:13.736+0000] {logging_mixin.py:190} INFO - [2025-08-21T08:46:13.736+0000] {dagbag.py:587} INFO - Filling up the DagBag from /home/airflow/.local/lib/python3.12/site-packages/airflow/example_dags/example_task_group_decorator.py
[2025-08-21T08:46:13.767+0000] {processor.py:925} INFO - DAG(s) 'example_task_group_decorator' retrieved from /home/airflow/.local/lib/python3.12/site-packages/airflow/example_dags/example_task_group_decorator.py
[2025-08-21T08:46:13.831+0000] {logging_mixin.py:190} INFO - [2025-08-21T08:46:13.831+0000] {dag.py:3229} INFO - Sync 1 DAGs
[2025-08-21T08:46:13.848+0000] {logging_mixin.py:190} INFO - [2025-08-21T08:46:13.848+0000] {dag.py:4156} INFO - Setting next_dagrun for example_task_group_decorator to None, run_after=None
[2025-08-21T08:46:13.862+0000] {processor.py:208} INFO - Processing /home/airflow/.local/lib/python3.12/site-packages/airflow/example_dags/example_task_group_decorator.py took 0.230 seconds
[2025-08-21T08:46:45.057+0000] {processor.py:186} INFO - Started process (PID=486) to work on /home/airflow/.local/lib/python3.12/site-packages/airflow/example_dags/example_task_group_decorator.py
[2025-08-21T08:46:45.058+0000] {processor.py:914} INFO - Processing file /home/airflow/.local/lib/python3.12/site-packages/airflow/example_dags/example_task_group_decorator.py for tasks to queue
[2025-08-21T08:46:45.061+0000] {logging_mixin.py:190} INFO - [2025-08-21T08:46:45.061+0000] {dagbag.py:587} INFO - Filling up the DagBag from /home/airflow/.local/lib/python3.12/site-packages/airflow/example_dags/example_task_group_decorator.py
[2025-08-21T08:46:45.096+0000] {processor.py:925} INFO - DAG(s) 'example_task_group_decorator' retrieved from /home/airflow/.local/lib/python3.12/site-packages/airflow/example_dags/example_task_group_decorator.py
[2025-08-21T08:46:45.155+0000] {logging_mixin.py:190} INFO - [2025-08-21T08:46:45.154+0000] {dag.py:3229} INFO - Sync 1 DAGs
[2025-08-21T08:46:45.184+0000] {logging_mixin.py:190} INFO - [2025-08-21T08:46:45.183+0000] {dag.py:4156} INFO - Setting next_dagrun for example_task_group_decorator to None, run_after=None
[2025-08-21T08:46:45.238+0000] {processor.py:208} INFO - Processing /home/airflow/.local/lib/python3.12/site-packages/airflow/example_dags/example_task_group_decorator.py took 0.195 seconds
