[2025-08-21T08:43:09.214+0000] {processor.py:186} INFO - Started process (PID=81) to work on /home/airflow/.local/lib/python3.12/site-packages/airflow/example_dags/example_inlet_event_extra.py
[2025-08-21T08:43:09.214+0000] {processor.py:914} INFO - Processing file /home/airflow/.local/lib/python3.12/site-packages/airflow/example_dags/example_inlet_event_extra.py for tasks to queue
[2025-08-21T08:43:09.216+0000] {logging_mixin.py:190} INFO - [2025-08-21T08:43:09.216+0000] {dagbag.py:587} INFO - Filling up the DagBag from /home/airflow/.local/lib/python3.12/site-packages/airflow/example_dags/example_inlet_event_extra.py
[2025-08-21T08:43:10.040+0000] {processor.py:925} INFO - DAG(s) 'read_dataset_event_from_classic', 'read_dataset_event' retrieved from /home/airflow/.local/lib/python3.12/site-packages/airflow/example_dags/example_inlet_event_extra.py
[2025-08-21T08:43:10.169+0000] {logging_mixin.py:190} INFO - [2025-08-21T08:43:10.169+0000] {dag.py:3229} INFO - Sync 2 DAGs
[2025-08-21T08:43:10.320+0000] {logging_mixin.py:190} INFO - [2025-08-21T08:43:10.319+0000] {dag.py:4156} INFO - Setting next_dagrun for read_dataset_event to 2025-08-20 00:00:00+00:00, run_after=2025-08-21 00:00:00+00:00
[2025-08-21T08:43:10.334+0000] {logging_mixin.py:190} INFO - [2025-08-21T08:43:10.334+0000] {dag.py:4156} INFO - Setting next_dagrun for read_dataset_event_from_classic to 2025-08-20 00:00:00+00:00, run_after=2025-08-21 00:00:00+00:00
[2025-08-21T08:43:10.402+0000] {processor.py:208} INFO - Processing /home/airflow/.local/lib/python3.12/site-packages/airflow/example_dags/example_inlet_event_extra.py took 1.200 seconds
[2025-08-21T08:43:40.818+0000] {processor.py:186} INFO - Started process (PID=143) to work on /home/airflow/.local/lib/python3.12/site-packages/airflow/example_dags/example_inlet_event_extra.py
[2025-08-21T08:43:40.828+0000] {processor.py:914} INFO - Processing file /home/airflow/.local/lib/python3.12/site-packages/airflow/example_dags/example_inlet_event_extra.py for tasks to queue
[2025-08-21T08:43:40.840+0000] {logging_mixin.py:190} INFO - [2025-08-21T08:43:40.839+0000] {dagbag.py:587} INFO - Filling up the DagBag from /home/airflow/.local/lib/python3.12/site-packages/airflow/example_dags/example_inlet_event_extra.py
[2025-08-21T08:43:41.761+0000] {processor.py:925} INFO - DAG(s) 'read_dataset_event', 'read_dataset_event_from_classic' retrieved from /home/airflow/.local/lib/python3.12/site-packages/airflow/example_dags/example_inlet_event_extra.py
[2025-08-21T08:43:41.947+0000] {logging_mixin.py:190} INFO - [2025-08-21T08:43:41.945+0000] {dag.py:3229} INFO - Sync 2 DAGs
[2025-08-21T08:43:42.107+0000] {logging_mixin.py:190} INFO - [2025-08-21T08:43:42.107+0000] {dag.py:4156} INFO - Setting next_dagrun for read_dataset_event to 2025-08-20 00:00:00+00:00, run_after=2025-08-21 00:00:00+00:00
[2025-08-21T08:43:42.121+0000] {logging_mixin.py:190} INFO - [2025-08-21T08:43:42.120+0000] {dag.py:4156} INFO - Setting next_dagrun for read_dataset_event_from_classic to 2025-08-20 00:00:00+00:00, run_after=2025-08-21 00:00:00+00:00
[2025-08-21T08:43:42.187+0000] {processor.py:208} INFO - Processing /home/airflow/.local/lib/python3.12/site-packages/airflow/example_dags/example_inlet_event_extra.py took 1.388 seconds
[2025-08-21T08:44:14.544+0000] {processor.py:186} INFO - Started process (PID=204) to work on /home/airflow/.local/lib/python3.12/site-packages/airflow/example_dags/example_inlet_event_extra.py
[2025-08-21T08:44:14.560+0000] {processor.py:914} INFO - Processing file /home/airflow/.local/lib/python3.12/site-packages/airflow/example_dags/example_inlet_event_extra.py for tasks to queue
[2025-08-21T08:44:14.626+0000] {logging_mixin.py:190} INFO - [2025-08-21T08:44:14.614+0000] {dagbag.py:587} INFO - Filling up the DagBag from /home/airflow/.local/lib/python3.12/site-packages/airflow/example_dags/example_inlet_event_extra.py
[2025-08-21T08:44:16.141+0000] {processor.py:925} INFO - DAG(s) 'read_dataset_event', 'read_dataset_event_from_classic' retrieved from /home/airflow/.local/lib/python3.12/site-packages/airflow/example_dags/example_inlet_event_extra.py
[2025-08-21T08:44:16.367+0000] {logging_mixin.py:190} INFO - [2025-08-21T08:44:16.366+0000] {dag.py:3229} INFO - Sync 2 DAGs
[2025-08-21T08:44:16.552+0000] {logging_mixin.py:190} INFO - [2025-08-21T08:44:16.551+0000] {dag.py:4156} INFO - Setting next_dagrun for read_dataset_event to 2025-08-20 00:00:00+00:00, run_after=2025-08-21 00:00:00+00:00
[2025-08-21T08:44:16.573+0000] {logging_mixin.py:190} INFO - [2025-08-21T08:44:16.573+0000] {dag.py:4156} INFO - Setting next_dagrun for read_dataset_event_from_classic to 2025-08-20 00:00:00+00:00, run_after=2025-08-21 00:00:00+00:00
[2025-08-21T08:44:16.925+0000] {processor.py:208} INFO - Processing /home/airflow/.local/lib/python3.12/site-packages/airflow/example_dags/example_inlet_event_extra.py took 2.467 seconds
[2025-08-21T08:44:47.971+0000] {processor.py:186} INFO - Started process (PID=266) to work on /home/airflow/.local/lib/python3.12/site-packages/airflow/example_dags/example_inlet_event_extra.py
[2025-08-21T08:44:48.015+0000] {processor.py:914} INFO - Processing file /home/airflow/.local/lib/python3.12/site-packages/airflow/example_dags/example_inlet_event_extra.py for tasks to queue
[2025-08-21T08:44:48.094+0000] {logging_mixin.py:190} INFO - [2025-08-21T08:44:48.092+0000] {dagbag.py:587} INFO - Filling up the DagBag from /home/airflow/.local/lib/python3.12/site-packages/airflow/example_dags/example_inlet_event_extra.py
[2025-08-21T08:44:50.092+0000] {processor.py:925} INFO - DAG(s) 'read_dataset_event_from_classic', 'read_dataset_event' retrieved from /home/airflow/.local/lib/python3.12/site-packages/airflow/example_dags/example_inlet_event_extra.py
[2025-08-21T08:44:50.351+0000] {logging_mixin.py:190} INFO - [2025-08-21T08:44:50.348+0000] {dag.py:3229} INFO - Sync 2 DAGs
[2025-08-21T08:44:50.564+0000] {logging_mixin.py:190} INFO - [2025-08-21T08:44:50.564+0000] {dag.py:4156} INFO - Setting next_dagrun for read_dataset_event to 2025-08-20 00:00:00+00:00, run_after=2025-08-21 00:00:00+00:00
[2025-08-21T08:44:50.592+0000] {logging_mixin.py:190} INFO - [2025-08-21T08:44:50.592+0000] {dag.py:4156} INFO - Setting next_dagrun for read_dataset_event_from_classic to 2025-08-20 00:00:00+00:00, run_after=2025-08-21 00:00:00+00:00
[2025-08-21T08:44:50.739+0000] {processor.py:208} INFO - Processing /home/airflow/.local/lib/python3.12/site-packages/airflow/example_dags/example_inlet_event_extra.py took 2.933 seconds
[2025-08-21T08:45:22.926+0000] {processor.py:186} INFO - Started process (PID=328) to work on /home/airflow/.local/lib/python3.12/site-packages/airflow/example_dags/example_inlet_event_extra.py
[2025-08-21T08:45:22.971+0000] {processor.py:914} INFO - Processing file /home/airflow/.local/lib/python3.12/site-packages/airflow/example_dags/example_inlet_event_extra.py for tasks to queue
[2025-08-21T08:45:23.031+0000] {logging_mixin.py:190} INFO - [2025-08-21T08:45:23.019+0000] {dagbag.py:587} INFO - Filling up the DagBag from /home/airflow/.local/lib/python3.12/site-packages/airflow/example_dags/example_inlet_event_extra.py
[2025-08-21T08:45:25.023+0000] {processor.py:925} INFO - DAG(s) 'read_dataset_event_from_classic', 'read_dataset_event' retrieved from /home/airflow/.local/lib/python3.12/site-packages/airflow/example_dags/example_inlet_event_extra.py
[2025-08-21T08:45:25.471+0000] {logging_mixin.py:190} INFO - [2025-08-21T08:45:25.460+0000] {dag.py:3229} INFO - Sync 2 DAGs
[2025-08-21T08:45:25.823+0000] {logging_mixin.py:190} INFO - [2025-08-21T08:45:25.822+0000] {dag.py:4156} INFO - Setting next_dagrun for read_dataset_event to 2025-08-20 00:00:00+00:00, run_after=2025-08-21 00:00:00+00:00
[2025-08-21T08:45:25.842+0000] {logging_mixin.py:190} INFO - [2025-08-21T08:45:25.841+0000] {dag.py:4156} INFO - Setting next_dagrun for read_dataset_event_from_classic to 2025-08-20 00:00:00+00:00, run_after=2025-08-21 00:00:00+00:00
[2025-08-21T08:45:26.086+0000] {processor.py:208} INFO - Processing /home/airflow/.local/lib/python3.12/site-packages/airflow/example_dags/example_inlet_event_extra.py took 3.607 seconds
[2025-08-21T08:45:56.948+0000] {processor.py:186} INFO - Started process (PID=396) to work on /home/airflow/.local/lib/python3.12/site-packages/airflow/example_dags/example_inlet_event_extra.py
[2025-08-21T08:45:56.960+0000] {processor.py:914} INFO - Processing file /home/airflow/.local/lib/python3.12/site-packages/airflow/example_dags/example_inlet_event_extra.py for tasks to queue
[2025-08-21T08:45:57.021+0000] {logging_mixin.py:190} INFO - [2025-08-21T08:45:57.016+0000] {dagbag.py:587} INFO - Filling up the DagBag from /home/airflow/.local/lib/python3.12/site-packages/airflow/example_dags/example_inlet_event_extra.py
[2025-08-21T08:45:58.306+0000] {processor.py:925} INFO - DAG(s) 'read_dataset_event_from_classic', 'read_dataset_event' retrieved from /home/airflow/.local/lib/python3.12/site-packages/airflow/example_dags/example_inlet_event_extra.py
[2025-08-21T08:45:58.503+0000] {logging_mixin.py:190} INFO - [2025-08-21T08:45:58.503+0000] {dag.py:3229} INFO - Sync 2 DAGs
[2025-08-21T08:45:58.631+0000] {logging_mixin.py:190} INFO - [2025-08-21T08:45:58.631+0000] {dag.py:4156} INFO - Setting next_dagrun for read_dataset_event to 2025-08-20 00:00:00+00:00, run_after=2025-08-21 00:00:00+00:00
[2025-08-21T08:45:58.646+0000] {logging_mixin.py:190} INFO - [2025-08-21T08:45:58.645+0000] {dag.py:4156} INFO - Setting next_dagrun for read_dataset_event_from_classic to 2025-08-20 00:00:00+00:00, run_after=2025-08-21 00:00:00+00:00
[2025-08-21T08:45:58.767+0000] {processor.py:208} INFO - Processing /home/airflow/.local/lib/python3.12/site-packages/airflow/example_dags/example_inlet_event_extra.py took 1.925 seconds
[2025-08-21T08:46:29.662+0000] {processor.py:186} INFO - Started process (PID=458) to work on /home/airflow/.local/lib/python3.12/site-packages/airflow/example_dags/example_inlet_event_extra.py
[2025-08-21T08:46:29.676+0000] {processor.py:914} INFO - Processing file /home/airflow/.local/lib/python3.12/site-packages/airflow/example_dags/example_inlet_event_extra.py for tasks to queue
[2025-08-21T08:46:29.709+0000] {logging_mixin.py:190} INFO - [2025-08-21T08:46:29.706+0000] {dagbag.py:587} INFO - Filling up the DagBag from /home/airflow/.local/lib/python3.12/site-packages/airflow/example_dags/example_inlet_event_extra.py
[2025-08-21T08:46:30.859+0000] {processor.py:925} INFO - DAG(s) 'read_dataset_event_from_classic', 'read_dataset_event' retrieved from /home/airflow/.local/lib/python3.12/site-packages/airflow/example_dags/example_inlet_event_extra.py
[2025-08-21T08:46:31.072+0000] {logging_mixin.py:190} INFO - [2025-08-21T08:46:31.071+0000] {dag.py:3229} INFO - Sync 2 DAGs
[2025-08-21T08:46:31.252+0000] {logging_mixin.py:190} INFO - [2025-08-21T08:46:31.252+0000] {dag.py:4156} INFO - Setting next_dagrun for read_dataset_event to 2025-08-20 00:00:00+00:00, run_after=2025-08-21 00:00:00+00:00
[2025-08-21T08:46:31.264+0000] {logging_mixin.py:190} INFO - [2025-08-21T08:46:31.264+0000] {dag.py:4156} INFO - Setting next_dagrun for read_dataset_event_from_classic to 2025-08-20 00:00:00+00:00, run_after=2025-08-21 00:00:00+00:00
[2025-08-21T08:46:31.361+0000] {processor.py:208} INFO - Processing /home/airflow/.local/lib/python3.12/site-packages/airflow/example_dags/example_inlet_event_extra.py took 1.768 seconds
[2025-08-21T08:47:10.216+0000] {processor.py:186} INFO - Started process (PID=520) to work on /home/airflow/.local/lib/python3.12/site-packages/airflow/example_dags/example_inlet_event_extra.py
[2025-08-21T08:47:10.218+0000] {processor.py:914} INFO - Processing file /home/airflow/.local/lib/python3.12/site-packages/airflow/example_dags/example_inlet_event_extra.py for tasks to queue
[2025-08-21T08:47:10.230+0000] {logging_mixin.py:190} INFO - [2025-08-21T08:47:10.227+0000] {dagbag.py:587} INFO - Filling up the DagBag from /home/airflow/.local/lib/python3.12/site-packages/airflow/example_dags/example_inlet_event_extra.py
