[2025-08-21T08:43:22.055+0000] {processor.py:186} INFO - Started process (PID=112) to work on /home/airflow/.local/lib/python3.12/site-packages/airflow/example_dags/example_branch_operator_decorator.py
[2025-08-21T08:43:22.058+0000] {processor.py:914} INFO - Processing file /home/airflow/.local/lib/python3.12/site-packages/airflow/example_dags/example_branch_operator_decorator.py for tasks to queue
[2025-08-21T08:43:22.083+0000] {logging_mixin.py:190} INFO - [2025-08-21T08:43:22.082+0000] {dagbag.py:587} INFO - Filling up the DagBag from /home/airflow/.local/lib/python3.12/site-packages/airflow/example_dags/example_branch_operator_decorator.py
[2025-08-21T08:43:22.395+0000] {processor.py:925} INFO - DAG(s) 'example_branch_python_operator_decorator' retrieved from /home/airflow/.local/lib/python3.12/site-packages/airflow/example_dags/example_branch_operator_decorator.py
[2025-08-21T08:43:23.534+0000] {logging_mixin.py:190} INFO - [2025-08-21T08:43:23.528+0000] {dag.py:3229} INFO - Sync 1 DAGs
[2025-08-21T08:43:23.860+0000] {logging_mixin.py:190} INFO - [2025-08-21T08:43:23.859+0000] {dag.py:4156} INFO - Setting next_dagrun for example_branch_python_operator_decorator to 2025-08-20 00:00:00+00:00, run_after=2025-08-21 00:00:00+00:00
[2025-08-21T08:43:23.992+0000] {processor.py:208} INFO - Processing /home/airflow/.local/lib/python3.12/site-packages/airflow/example_dags/example_branch_operator_decorator.py took 1.978 seconds
[2025-08-21T08:44:00.651+0000] {processor.py:186} INFO - Started process (PID=173) to work on /home/airflow/.local/lib/python3.12/site-packages/airflow/example_dags/example_branch_operator_decorator.py
[2025-08-21T08:44:00.656+0000] {processor.py:914} INFO - Processing file /home/airflow/.local/lib/python3.12/site-packages/airflow/example_dags/example_branch_operator_decorator.py for tasks to queue
[2025-08-21T08:44:00.659+0000] {logging_mixin.py:190} INFO - [2025-08-21T08:44:00.658+0000] {dagbag.py:587} INFO - Filling up the DagBag from /home/airflow/.local/lib/python3.12/site-packages/airflow/example_dags/example_branch_operator_decorator.py
[2025-08-21T08:44:00.772+0000] {processor.py:925} INFO - DAG(s) 'example_branch_python_operator_decorator' retrieved from /home/airflow/.local/lib/python3.12/site-packages/airflow/example_dags/example_branch_operator_decorator.py
[2025-08-21T08:44:00.861+0000] {logging_mixin.py:190} INFO - [2025-08-21T08:44:00.861+0000] {dag.py:3229} INFO - Sync 1 DAGs
[2025-08-21T08:44:01.217+0000] {logging_mixin.py:190} INFO - [2025-08-21T08:44:01.215+0000] {dag.py:4156} INFO - Setting next_dagrun for example_branch_python_operator_decorator to 2025-08-20 00:00:00+00:00, run_after=2025-08-21 00:00:00+00:00
[2025-08-21T08:44:01.390+0000] {processor.py:208} INFO - Processing /home/airflow/.local/lib/python3.12/site-packages/airflow/example_dags/example_branch_operator_decorator.py took 0.824 seconds
[2025-08-21T08:44:32.682+0000] {processor.py:186} INFO - Started process (PID=235) to work on /home/airflow/.local/lib/python3.12/site-packages/airflow/example_dags/example_branch_operator_decorator.py
[2025-08-21T08:44:32.685+0000] {processor.py:914} INFO - Processing file /home/airflow/.local/lib/python3.12/site-packages/airflow/example_dags/example_branch_operator_decorator.py for tasks to queue
[2025-08-21T08:44:32.694+0000] {logging_mixin.py:190} INFO - [2025-08-21T08:44:32.692+0000] {dagbag.py:587} INFO - Filling up the DagBag from /home/airflow/.local/lib/python3.12/site-packages/airflow/example_dags/example_branch_operator_decorator.py
[2025-08-21T08:44:32.754+0000] {processor.py:925} INFO - DAG(s) 'example_branch_python_operator_decorator' retrieved from /home/airflow/.local/lib/python3.12/site-packages/airflow/example_dags/example_branch_operator_decorator.py
[2025-08-21T08:44:33.002+0000] {logging_mixin.py:190} INFO - [2025-08-21T08:44:33.001+0000] {dag.py:3229} INFO - Sync 1 DAGs
[2025-08-21T08:44:33.040+0000] {logging_mixin.py:190} INFO - [2025-08-21T08:44:33.040+0000] {dag.py:4156} INFO - Setting next_dagrun for example_branch_python_operator_decorator to 2025-08-20 00:00:00+00:00, run_after=2025-08-21 00:00:00+00:00
[2025-08-21T08:44:33.085+0000] {processor.py:208} INFO - Processing /home/airflow/.local/lib/python3.12/site-packages/airflow/example_dags/example_branch_operator_decorator.py took 0.410 seconds
[2025-08-21T08:45:04.768+0000] {processor.py:186} INFO - Started process (PID=297) to work on /home/airflow/.local/lib/python3.12/site-packages/airflow/example_dags/example_branch_operator_decorator.py
[2025-08-21T08:45:04.775+0000] {processor.py:914} INFO - Processing file /home/airflow/.local/lib/python3.12/site-packages/airflow/example_dags/example_branch_operator_decorator.py for tasks to queue
[2025-08-21T08:45:04.779+0000] {logging_mixin.py:190} INFO - [2025-08-21T08:45:04.779+0000] {dagbag.py:587} INFO - Filling up the DagBag from /home/airflow/.local/lib/python3.12/site-packages/airflow/example_dags/example_branch_operator_decorator.py
[2025-08-21T08:45:04.841+0000] {processor.py:925} INFO - DAG(s) 'example_branch_python_operator_decorator' retrieved from /home/airflow/.local/lib/python3.12/site-packages/airflow/example_dags/example_branch_operator_decorator.py
[2025-08-21T08:45:04.874+0000] {logging_mixin.py:190} INFO - [2025-08-21T08:45:04.874+0000] {dag.py:3229} INFO - Sync 1 DAGs
[2025-08-21T08:45:04.910+0000] {logging_mixin.py:190} INFO - [2025-08-21T08:45:04.910+0000] {dag.py:4156} INFO - Setting next_dagrun for example_branch_python_operator_decorator to 2025-08-20 00:00:00+00:00, run_after=2025-08-21 00:00:00+00:00
[2025-08-21T08:45:04.940+0000] {processor.py:208} INFO - Processing /home/airflow/.local/lib/python3.12/site-packages/airflow/example_dags/example_branch_operator_decorator.py took 0.178 seconds
[2025-08-21T08:45:39.458+0000] {processor.py:186} INFO - Started process (PID=359) to work on /home/airflow/.local/lib/python3.12/site-packages/airflow/example_dags/example_branch_operator_decorator.py
[2025-08-21T08:45:39.461+0000] {processor.py:914} INFO - Processing file /home/airflow/.local/lib/python3.12/site-packages/airflow/example_dags/example_branch_operator_decorator.py for tasks to queue
[2025-08-21T08:45:39.469+0000] {logging_mixin.py:190} INFO - [2025-08-21T08:45:39.468+0000] {dagbag.py:587} INFO - Filling up the DagBag from /home/airflow/.local/lib/python3.12/site-packages/airflow/example_dags/example_branch_operator_decorator.py
[2025-08-21T08:45:39.533+0000] {processor.py:925} INFO - DAG(s) 'example_branch_python_operator_decorator' retrieved from /home/airflow/.local/lib/python3.12/site-packages/airflow/example_dags/example_branch_operator_decorator.py
[2025-08-21T08:45:39.612+0000] {logging_mixin.py:190} INFO - [2025-08-21T08:45:39.612+0000] {dag.py:3229} INFO - Sync 1 DAGs
[2025-08-21T08:45:39.649+0000] {logging_mixin.py:190} INFO - [2025-08-21T08:45:39.649+0000] {dag.py:4156} INFO - Setting next_dagrun for example_branch_python_operator_decorator to 2025-08-20 00:00:00+00:00, run_after=2025-08-21 00:00:00+00:00
[2025-08-21T08:45:39.663+0000] {processor.py:208} INFO - Processing /home/airflow/.local/lib/python3.12/site-packages/airflow/example_dags/example_branch_operator_decorator.py took 0.217 seconds
[2025-08-21T08:46:12.119+0000] {processor.py:186} INFO - Started process (PID=421) to work on /home/airflow/.local/lib/python3.12/site-packages/airflow/example_dags/example_branch_operator_decorator.py
[2025-08-21T08:46:12.123+0000] {processor.py:914} INFO - Processing file /home/airflow/.local/lib/python3.12/site-packages/airflow/example_dags/example_branch_operator_decorator.py for tasks to queue
[2025-08-21T08:46:12.125+0000] {logging_mixin.py:190} INFO - [2025-08-21T08:46:12.125+0000] {dagbag.py:587} INFO - Filling up the DagBag from /home/airflow/.local/lib/python3.12/site-packages/airflow/example_dags/example_branch_operator_decorator.py
[2025-08-21T08:46:12.161+0000] {processor.py:925} INFO - DAG(s) 'example_branch_python_operator_decorator' retrieved from /home/airflow/.local/lib/python3.12/site-packages/airflow/example_dags/example_branch_operator_decorator.py
[2025-08-21T08:46:12.231+0000] {logging_mixin.py:190} INFO - [2025-08-21T08:46:12.230+0000] {dag.py:3229} INFO - Sync 1 DAGs
[2025-08-21T08:46:12.258+0000] {logging_mixin.py:190} INFO - [2025-08-21T08:46:12.258+0000] {dag.py:4156} INFO - Setting next_dagrun for example_branch_python_operator_decorator to 2025-08-20 00:00:00+00:00, run_after=2025-08-21 00:00:00+00:00
[2025-08-21T08:46:12.288+0000] {processor.py:208} INFO - Processing /home/airflow/.local/lib/python3.12/site-packages/airflow/example_dags/example_branch_operator_decorator.py took 0.175 seconds
[2025-08-21T08:46:45.105+0000] {processor.py:186} INFO - Started process (PID=487) to work on /home/airflow/.local/lib/python3.12/site-packages/airflow/example_dags/example_branch_operator_decorator.py
[2025-08-21T08:46:45.109+0000] {processor.py:914} INFO - Processing file /home/airflow/.local/lib/python3.12/site-packages/airflow/example_dags/example_branch_operator_decorator.py for tasks to queue
[2025-08-21T08:46:45.112+0000] {logging_mixin.py:190} INFO - [2025-08-21T08:46:45.111+0000] {dagbag.py:587} INFO - Filling up the DagBag from /home/airflow/.local/lib/python3.12/site-packages/airflow/example_dags/example_branch_operator_decorator.py
[2025-08-21T08:46:45.174+0000] {processor.py:925} INFO - DAG(s) 'example_branch_python_operator_decorator' retrieved from /home/airflow/.local/lib/python3.12/site-packages/airflow/example_dags/example_branch_operator_decorator.py
[2025-08-21T08:46:45.258+0000] {logging_mixin.py:190} INFO - [2025-08-21T08:46:45.257+0000] {dag.py:3229} INFO - Sync 1 DAGs
[2025-08-21T08:46:45.294+0000] {logging_mixin.py:190} INFO - [2025-08-21T08:46:45.293+0000] {dag.py:4156} INFO - Setting next_dagrun for example_branch_python_operator_decorator to 2025-08-20 00:00:00+00:00, run_after=2025-08-21 00:00:00+00:00
[2025-08-21T08:46:45.417+0000] {processor.py:208} INFO - Processing /home/airflow/.local/lib/python3.12/site-packages/airflow/example_dags/example_branch_operator_decorator.py took 0.322 seconds
