[2025-08-21T08:43:28.948+0000] {processor.py:186} INFO - Started process (PID=116) to work on /home/airflow/.local/lib/python3.12/site-packages/airflow/example_dags/example_params_trigger_ui.py
[2025-08-21T08:43:28.953+0000] {processor.py:914} INFO - Processing file /home/airflow/.local/lib/python3.12/site-packages/airflow/example_dags/example_params_trigger_ui.py for tasks to queue
[2025-08-21T08:43:28.972+0000] {logging_mixin.py:190} INFO - [2025-08-21T08:43:28.967+0000] {dagbag.py:587} INFO - Filling up the DagBag from /home/airflow/.local/lib/python3.12/site-packages/airflow/example_dags/example_params_trigger_ui.py
[2025-08-21T08:43:29.053+0000] {processor.py:925} INFO - DAG(s) 'example_params_trigger_ui' retrieved from /home/airflow/.local/lib/python3.12/site-packages/airflow/example_dags/example_params_trigger_ui.py
[2025-08-21T08:43:29.321+0000] {logging_mixin.py:190} INFO - [2025-08-21T08:43:29.320+0000] {dag.py:3229} INFO - Sync 1 DAGs
[2025-08-21T08:43:29.417+0000] {logging_mixin.py:190} INFO - [2025-08-21T08:43:29.416+0000] {dag.py:4156} INFO - Setting next_dagrun for example_params_trigger_ui to None, run_after=None
[2025-08-21T08:43:29.500+0000] {processor.py:208} INFO - Processing /home/airflow/.local/lib/python3.12/site-packages/airflow/example_dags/example_params_trigger_ui.py took 0.586 seconds
[2025-08-21T08:44:04.250+0000] {processor.py:186} INFO - Started process (PID=177) to work on /home/airflow/.local/lib/python3.12/site-packages/airflow/example_dags/example_params_trigger_ui.py
[2025-08-21T08:44:04.260+0000] {processor.py:914} INFO - Processing file /home/airflow/.local/lib/python3.12/site-packages/airflow/example_dags/example_params_trigger_ui.py for tasks to queue
[2025-08-21T08:44:04.294+0000] {logging_mixin.py:190} INFO - [2025-08-21T08:44:04.293+0000] {dagbag.py:587} INFO - Filling up the DagBag from /home/airflow/.local/lib/python3.12/site-packages/airflow/example_dags/example_params_trigger_ui.py
[2025-08-21T08:44:04.423+0000] {processor.py:925} INFO - DAG(s) 'example_params_trigger_ui' retrieved from /home/airflow/.local/lib/python3.12/site-packages/airflow/example_dags/example_params_trigger_ui.py
[2025-08-21T08:44:04.691+0000] {logging_mixin.py:190} INFO - [2025-08-21T08:44:04.689+0000] {dag.py:3229} INFO - Sync 1 DAGs
[2025-08-21T08:44:04.831+0000] {logging_mixin.py:190} INFO - [2025-08-21T08:44:04.830+0000] {dag.py:4156} INFO - Setting next_dagrun for example_params_trigger_ui to None, run_after=None
[2025-08-21T08:44:04.931+0000] {processor.py:208} INFO - Processing /home/airflow/.local/lib/python3.12/site-packages/airflow/example_dags/example_params_trigger_ui.py took 0.727 seconds
[2025-08-21T08:44:36.299+0000] {processor.py:186} INFO - Started process (PID=239) to work on /home/airflow/.local/lib/python3.12/site-packages/airflow/example_dags/example_params_trigger_ui.py
[2025-08-21T08:44:36.303+0000] {processor.py:914} INFO - Processing file /home/airflow/.local/lib/python3.12/site-packages/airflow/example_dags/example_params_trigger_ui.py for tasks to queue
[2025-08-21T08:44:36.315+0000] {logging_mixin.py:190} INFO - [2025-08-21T08:44:36.315+0000] {dagbag.py:587} INFO - Filling up the DagBag from /home/airflow/.local/lib/python3.12/site-packages/airflow/example_dags/example_params_trigger_ui.py
[2025-08-21T08:44:36.473+0000] {processor.py:925} INFO - DAG(s) 'example_params_trigger_ui' retrieved from /home/airflow/.local/lib/python3.12/site-packages/airflow/example_dags/example_params_trigger_ui.py
[2025-08-21T08:44:36.876+0000] {logging_mixin.py:190} INFO - [2025-08-21T08:44:36.875+0000] {dag.py:3229} INFO - Sync 1 DAGs
[2025-08-21T08:44:36.974+0000] {logging_mixin.py:190} INFO - [2025-08-21T08:44:36.974+0000] {dag.py:4156} INFO - Setting next_dagrun for example_params_trigger_ui to None, run_after=None
[2025-08-21T08:44:37.090+0000] {processor.py:208} INFO - Processing /home/airflow/.local/lib/python3.12/site-packages/airflow/example_dags/example_params_trigger_ui.py took 0.862 seconds
[2025-08-21T08:45:07.980+0000] {processor.py:186} INFO - Started process (PID=301) to work on /home/airflow/.local/lib/python3.12/site-packages/airflow/example_dags/example_params_trigger_ui.py
[2025-08-21T08:45:07.983+0000] {processor.py:914} INFO - Processing file /home/airflow/.local/lib/python3.12/site-packages/airflow/example_dags/example_params_trigger_ui.py for tasks to queue
[2025-08-21T08:45:07.987+0000] {logging_mixin.py:190} INFO - [2025-08-21T08:45:07.987+0000] {dagbag.py:587} INFO - Filling up the DagBag from /home/airflow/.local/lib/python3.12/site-packages/airflow/example_dags/example_params_trigger_ui.py
[2025-08-21T08:45:08.022+0000] {processor.py:925} INFO - DAG(s) 'example_params_trigger_ui' retrieved from /home/airflow/.local/lib/python3.12/site-packages/airflow/example_dags/example_params_trigger_ui.py
[2025-08-21T08:45:08.205+0000] {logging_mixin.py:190} INFO - [2025-08-21T08:45:08.204+0000] {dag.py:3229} INFO - Sync 1 DAGs
[2025-08-21T08:45:08.287+0000] {logging_mixin.py:190} INFO - [2025-08-21T08:45:08.286+0000] {dag.py:4156} INFO - Setting next_dagrun for example_params_trigger_ui to None, run_after=None
[2025-08-21T08:45:08.312+0000] {processor.py:208} INFO - Processing /home/airflow/.local/lib/python3.12/site-packages/airflow/example_dags/example_params_trigger_ui.py took 0.342 seconds
[2025-08-21T08:45:40.994+0000] {processor.py:186} INFO - Started process (PID=363) to work on /home/airflow/.local/lib/python3.12/site-packages/airflow/example_dags/example_params_trigger_ui.py
[2025-08-21T08:45:40.999+0000] {processor.py:914} INFO - Processing file /home/airflow/.local/lib/python3.12/site-packages/airflow/example_dags/example_params_trigger_ui.py for tasks to queue
[2025-08-21T08:45:41.007+0000] {logging_mixin.py:190} INFO - [2025-08-21T08:45:41.007+0000] {dagbag.py:587} INFO - Filling up the DagBag from /home/airflow/.local/lib/python3.12/site-packages/airflow/example_dags/example_params_trigger_ui.py
[2025-08-21T08:45:41.043+0000] {processor.py:925} INFO - DAG(s) 'example_params_trigger_ui' retrieved from /home/airflow/.local/lib/python3.12/site-packages/airflow/example_dags/example_params_trigger_ui.py
[2025-08-21T08:45:41.157+0000] {logging_mixin.py:190} INFO - [2025-08-21T08:45:41.157+0000] {dag.py:3229} INFO - Sync 1 DAGs
[2025-08-21T08:45:41.186+0000] {logging_mixin.py:190} INFO - [2025-08-21T08:45:41.185+0000] {dag.py:4156} INFO - Setting next_dagrun for example_params_trigger_ui to None, run_after=None
[2025-08-21T08:45:41.235+0000] {processor.py:208} INFO - Processing /home/airflow/.local/lib/python3.12/site-packages/airflow/example_dags/example_params_trigger_ui.py took 0.257 seconds
[2025-08-21T08:46:12.891+0000] {processor.py:186} INFO - Started process (PID=428) to work on /home/airflow/.local/lib/python3.12/site-packages/airflow/example_dags/example_params_trigger_ui.py
[2025-08-21T08:46:12.894+0000] {processor.py:914} INFO - Processing file /home/airflow/.local/lib/python3.12/site-packages/airflow/example_dags/example_params_trigger_ui.py for tasks to queue
[2025-08-21T08:46:12.896+0000] {logging_mixin.py:190} INFO - [2025-08-21T08:46:12.895+0000] {dagbag.py:587} INFO - Filling up the DagBag from /home/airflow/.local/lib/python3.12/site-packages/airflow/example_dags/example_params_trigger_ui.py
[2025-08-21T08:46:12.907+0000] {processor.py:925} INFO - DAG(s) 'example_params_trigger_ui' retrieved from /home/airflow/.local/lib/python3.12/site-packages/airflow/example_dags/example_params_trigger_ui.py
[2025-08-21T08:46:12.977+0000] {logging_mixin.py:190} INFO - [2025-08-21T08:46:12.977+0000] {dag.py:3229} INFO - Sync 1 DAGs
[2025-08-21T08:46:12.989+0000] {logging_mixin.py:190} INFO - [2025-08-21T08:46:12.989+0000] {dag.py:4156} INFO - Setting next_dagrun for example_params_trigger_ui to None, run_after=None
[2025-08-21T08:46:13.008+0000] {processor.py:208} INFO - Processing /home/airflow/.local/lib/python3.12/site-packages/airflow/example_dags/example_params_trigger_ui.py took 0.125 seconds
[2025-08-21T08:46:49.100+0000] {processor.py:186} INFO - Started process (PID=491) to work on /home/airflow/.local/lib/python3.12/site-packages/airflow/example_dags/example_params_trigger_ui.py
[2025-08-21T08:46:49.138+0000] {processor.py:914} INFO - Processing file /home/airflow/.local/lib/python3.12/site-packages/airflow/example_dags/example_params_trigger_ui.py for tasks to queue
[2025-08-21T08:46:49.189+0000] {logging_mixin.py:190} INFO - [2025-08-21T08:46:49.182+0000] {dagbag.py:587} INFO - Filling up the DagBag from /home/airflow/.local/lib/python3.12/site-packages/airflow/example_dags/example_params_trigger_ui.py
[2025-08-21T08:46:49.325+0000] {processor.py:925} INFO - DAG(s) 'example_params_trigger_ui' retrieved from /home/airflow/.local/lib/python3.12/site-packages/airflow/example_dags/example_params_trigger_ui.py
[2025-08-21T08:46:49.580+0000] {logging_mixin.py:190} INFO - [2025-08-21T08:46:49.579+0000] {dag.py:3229} INFO - Sync 1 DAGs
[2025-08-21T08:46:49.608+0000] {logging_mixin.py:190} INFO - [2025-08-21T08:46:49.608+0000] {dag.py:4156} INFO - Setting next_dagrun for example_params_trigger_ui to None, run_after=None
[2025-08-21T08:46:49.675+0000] {processor.py:208} INFO - Processing /home/airflow/.local/lib/python3.12/site-packages/airflow/example_dags/example_params_trigger_ui.py took 0.674 seconds
