[2025-08-21T08:43:08.044+0000] {processor.py:186} INFO - Started process (PID=76) to work on /home/airflow/.local/lib/python3.12/site-packages/airflow/example_dags/tutorial_taskflow_api.py
[2025-08-21T08:43:08.048+0000] {processor.py:914} INFO - Processing file /home/airflow/.local/lib/python3.12/site-packages/airflow/example_dags/tutorial_taskflow_api.py for tasks to queue
[2025-08-21T08:43:08.057+0000] {logging_mixin.py:190} INFO - [2025-08-21T08:43:08.056+0000] {dagbag.py:587} INFO - Filling up the DagBag from /home/airflow/.local/lib/python3.12/site-packages/airflow/example_dags/tutorial_taskflow_api.py
[2025-08-21T08:43:08.078+0000] {processor.py:925} INFO - DAG(s) 'tutorial_taskflow_api' retrieved from /home/airflow/.local/lib/python3.12/site-packages/airflow/example_dags/tutorial_taskflow_api.py
[2025-08-21T08:43:08.126+0000] {logging_mixin.py:190} INFO - [2025-08-21T08:43:08.125+0000] {dag.py:3229} INFO - Sync 1 DAGs
[2025-08-21T08:43:08.153+0000] {logging_mixin.py:190} INFO - [2025-08-21T08:43:08.152+0000] {dag.py:4156} INFO - Setting next_dagrun for tutorial_taskflow_api to None, run_after=None
[2025-08-21T08:43:08.217+0000] {processor.py:208} INFO - Processing /home/airflow/.local/lib/python3.12/site-packages/airflow/example_dags/tutorial_taskflow_api.py took 0.190 seconds
[2025-08-21T08:43:39.718+0000] {processor.py:186} INFO - Started process (PID=138) to work on /home/airflow/.local/lib/python3.12/site-packages/airflow/example_dags/tutorial_taskflow_api.py
[2025-08-21T08:43:39.720+0000] {processor.py:914} INFO - Processing file /home/airflow/.local/lib/python3.12/site-packages/airflow/example_dags/tutorial_taskflow_api.py for tasks to queue
[2025-08-21T08:43:39.726+0000] {logging_mixin.py:190} INFO - [2025-08-21T08:43:39.726+0000] {dagbag.py:587} INFO - Filling up the DagBag from /home/airflow/.local/lib/python3.12/site-packages/airflow/example_dags/tutorial_taskflow_api.py
[2025-08-21T08:43:39.749+0000] {processor.py:925} INFO - DAG(s) 'tutorial_taskflow_api' retrieved from /home/airflow/.local/lib/python3.12/site-packages/airflow/example_dags/tutorial_taskflow_api.py
[2025-08-21T08:43:39.833+0000] {logging_mixin.py:190} INFO - [2025-08-21T08:43:39.832+0000] {dag.py:3229} INFO - Sync 1 DAGs
[2025-08-21T08:43:39.863+0000] {logging_mixin.py:190} INFO - [2025-08-21T08:43:39.862+0000] {dag.py:4156} INFO - Setting next_dagrun for tutorial_taskflow_api to None, run_after=None
[2025-08-21T08:43:39.882+0000] {processor.py:208} INFO - Processing /home/airflow/.local/lib/python3.12/site-packages/airflow/example_dags/tutorial_taskflow_api.py took 0.179 seconds
[2025-08-21T08:44:12.585+0000] {processor.py:186} INFO - Started process (PID=199) to work on /home/airflow/.local/lib/python3.12/site-packages/airflow/example_dags/tutorial_taskflow_api.py
[2025-08-21T08:44:12.591+0000] {processor.py:914} INFO - Processing file /home/airflow/.local/lib/python3.12/site-packages/airflow/example_dags/tutorial_taskflow_api.py for tasks to queue
[2025-08-21T08:44:12.597+0000] {logging_mixin.py:190} INFO - [2025-08-21T08:44:12.595+0000] {dagbag.py:587} INFO - Filling up the DagBag from /home/airflow/.local/lib/python3.12/site-packages/airflow/example_dags/tutorial_taskflow_api.py
[2025-08-21T08:44:12.626+0000] {processor.py:925} INFO - DAG(s) 'tutorial_taskflow_api' retrieved from /home/airflow/.local/lib/python3.12/site-packages/airflow/example_dags/tutorial_taskflow_api.py
[2025-08-21T08:44:12.680+0000] {logging_mixin.py:190} INFO - [2025-08-21T08:44:12.679+0000] {dag.py:3229} INFO - Sync 1 DAGs
[2025-08-21T08:44:12.708+0000] {logging_mixin.py:190} INFO - [2025-08-21T08:44:12.707+0000] {dag.py:4156} INFO - Setting next_dagrun for tutorial_taskflow_api to None, run_after=None
[2025-08-21T08:44:12.753+0000] {processor.py:208} INFO - Processing /home/airflow/.local/lib/python3.12/site-packages/airflow/example_dags/tutorial_taskflow_api.py took 0.179 seconds
[2025-08-21T08:44:43.933+0000] {processor.py:186} INFO - Started process (PID=261) to work on /home/airflow/.local/lib/python3.12/site-packages/airflow/example_dags/tutorial_taskflow_api.py
[2025-08-21T08:44:43.939+0000] {processor.py:914} INFO - Processing file /home/airflow/.local/lib/python3.12/site-packages/airflow/example_dags/tutorial_taskflow_api.py for tasks to queue
[2025-08-21T08:44:43.944+0000] {logging_mixin.py:190} INFO - [2025-08-21T08:44:43.943+0000] {dagbag.py:587} INFO - Filling up the DagBag from /home/airflow/.local/lib/python3.12/site-packages/airflow/example_dags/tutorial_taskflow_api.py
[2025-08-21T08:44:43.965+0000] {processor.py:925} INFO - DAG(s) 'tutorial_taskflow_api' retrieved from /home/airflow/.local/lib/python3.12/site-packages/airflow/example_dags/tutorial_taskflow_api.py
[2025-08-21T08:44:43.997+0000] {logging_mixin.py:190} INFO - [2025-08-21T08:44:43.996+0000] {dag.py:3229} INFO - Sync 1 DAGs
[2025-08-21T08:44:44.093+0000] {logging_mixin.py:190} INFO - [2025-08-21T08:44:44.092+0000] {dag.py:4156} INFO - Setting next_dagrun for tutorial_taskflow_api to None, run_after=None
[2025-08-21T08:44:44.128+0000] {processor.py:208} INFO - Processing /home/airflow/.local/lib/python3.12/site-packages/airflow/example_dags/tutorial_taskflow_api.py took 0.208 seconds
[2025-08-21T08:45:14.710+0000] {processor.py:186} INFO - Started process (PID=323) to work on /home/airflow/.local/lib/python3.12/site-packages/airflow/example_dags/tutorial_taskflow_api.py
[2025-08-21T08:45:14.712+0000] {processor.py:914} INFO - Processing file /home/airflow/.local/lib/python3.12/site-packages/airflow/example_dags/tutorial_taskflow_api.py for tasks to queue
[2025-08-21T08:45:14.715+0000] {logging_mixin.py:190} INFO - [2025-08-21T08:45:14.715+0000] {dagbag.py:587} INFO - Filling up the DagBag from /home/airflow/.local/lib/python3.12/site-packages/airflow/example_dags/tutorial_taskflow_api.py
[2025-08-21T08:45:14.728+0000] {processor.py:925} INFO - DAG(s) 'tutorial_taskflow_api' retrieved from /home/airflow/.local/lib/python3.12/site-packages/airflow/example_dags/tutorial_taskflow_api.py
[2025-08-21T08:45:14.795+0000] {logging_mixin.py:190} INFO - [2025-08-21T08:45:14.794+0000] {dag.py:3229} INFO - Sync 1 DAGs
[2025-08-21T08:45:14.834+0000] {logging_mixin.py:190} INFO - [2025-08-21T08:45:14.833+0000] {dag.py:4156} INFO - Setting next_dagrun for tutorial_taskflow_api to None, run_after=None
[2025-08-21T08:45:14.889+0000] {processor.py:208} INFO - Processing /home/airflow/.local/lib/python3.12/site-packages/airflow/example_dags/tutorial_taskflow_api.py took 0.196 seconds
[2025-08-21T08:45:45.578+0000] {processor.py:186} INFO - Started process (PID=385) to work on /home/airflow/.local/lib/python3.12/site-packages/airflow/example_dags/tutorial_taskflow_api.py
[2025-08-21T08:45:45.588+0000] {processor.py:914} INFO - Processing file /home/airflow/.local/lib/python3.12/site-packages/airflow/example_dags/tutorial_taskflow_api.py for tasks to queue
[2025-08-21T08:45:45.599+0000] {logging_mixin.py:190} INFO - [2025-08-21T08:45:45.596+0000] {dagbag.py:587} INFO - Filling up the DagBag from /home/airflow/.local/lib/python3.12/site-packages/airflow/example_dags/tutorial_taskflow_api.py
[2025-08-21T08:45:45.634+0000] {processor.py:925} INFO - DAG(s) 'tutorial_taskflow_api' retrieved from /home/airflow/.local/lib/python3.12/site-packages/airflow/example_dags/tutorial_taskflow_api.py
[2025-08-21T08:45:45.732+0000] {logging_mixin.py:190} INFO - [2025-08-21T08:45:45.731+0000] {dag.py:3229} INFO - Sync 1 DAGs
[2025-08-21T08:45:45.826+0000] {logging_mixin.py:190} INFO - [2025-08-21T08:45:45.825+0000] {dag.py:4156} INFO - Setting next_dagrun for tutorial_taskflow_api to None, run_after=None
[2025-08-21T08:45:45.947+0000] {processor.py:208} INFO - Processing /home/airflow/.local/lib/python3.12/site-packages/airflow/example_dags/tutorial_taskflow_api.py took 0.478 seconds
[2025-08-21T08:46:16.784+0000] {processor.py:186} INFO - Started process (PID=447) to work on /home/airflow/.local/lib/python3.12/site-packages/airflow/example_dags/tutorial_taskflow_api.py
[2025-08-21T08:46:16.793+0000] {processor.py:914} INFO - Processing file /home/airflow/.local/lib/python3.12/site-packages/airflow/example_dags/tutorial_taskflow_api.py for tasks to queue
[2025-08-21T08:46:16.801+0000] {logging_mixin.py:190} INFO - [2025-08-21T08:46:16.800+0000] {dagbag.py:587} INFO - Filling up the DagBag from /home/airflow/.local/lib/python3.12/site-packages/airflow/example_dags/tutorial_taskflow_api.py
[2025-08-21T08:46:16.846+0000] {processor.py:925} INFO - DAG(s) 'tutorial_taskflow_api' retrieved from /home/airflow/.local/lib/python3.12/site-packages/airflow/example_dags/tutorial_taskflow_api.py
[2025-08-21T08:46:16.904+0000] {logging_mixin.py:190} INFO - [2025-08-21T08:46:16.903+0000] {dag.py:3229} INFO - Sync 1 DAGs
[2025-08-21T08:46:16.929+0000] {logging_mixin.py:190} INFO - [2025-08-21T08:46:16.929+0000] {dag.py:4156} INFO - Setting next_dagrun for tutorial_taskflow_api to None, run_after=None
[2025-08-21T08:46:16.970+0000] {processor.py:208} INFO - Processing /home/airflow/.local/lib/python3.12/site-packages/airflow/example_dags/tutorial_taskflow_api.py took 0.210 seconds
[2025-08-21T08:47:05.582+0000] {processor.py:186} INFO - Started process (PID=510) to work on /home/airflow/.local/lib/python3.12/site-packages/airflow/example_dags/tutorial_taskflow_api.py
[2025-08-21T08:47:05.593+0000] {processor.py:914} INFO - Processing file /home/airflow/.local/lib/python3.12/site-packages/airflow/example_dags/tutorial_taskflow_api.py for tasks to queue
[2025-08-21T08:47:05.623+0000] {logging_mixin.py:190} INFO - [2025-08-21T08:47:05.618+0000] {dagbag.py:587} INFO - Filling up the DagBag from /home/airflow/.local/lib/python3.12/site-packages/airflow/example_dags/tutorial_taskflow_api.py
[2025-08-21T08:47:05.828+0000] {processor.py:925} INFO - DAG(s) 'tutorial_taskflow_api' retrieved from /home/airflow/.local/lib/python3.12/site-packages/airflow/example_dags/tutorial_taskflow_api.py
[2025-08-21T08:47:06.519+0000] {logging_mixin.py:190} INFO - [2025-08-21T08:47:06.518+0000] {dag.py:3229} INFO - Sync 1 DAGs
[2025-08-21T08:47:06.723+0000] {logging_mixin.py:190} INFO - [2025-08-21T08:47:06.723+0000] {dag.py:4156} INFO - Setting next_dagrun for tutorial_taskflow_api to None, run_after=None
[2025-08-21T08:47:06.834+0000] {processor.py:208} INFO - Processing /home/airflow/.local/lib/python3.12/site-packages/airflow/example_dags/tutorial_taskflow_api.py took 1.316 seconds
